>0
ENSPNAT00000027627: ['no event', 66, 0]
ENSDART00000155267: ['no event', 66, 0]
ENSDCDT00000008839: [['internal gap < 30', 26, 9], 57, 0]
ENSGACT00000015013: ['exon skipping', 0, 0]
ENSGACT00000015015: ['exon skipping', 0, 0]
ENSTNIT00000019566: ['3event', 61, 0]
>1
ENSPNAT00000027627: ['5event', ['internal gap < 30', 179, 15], 321, 0]
ENSDART00000155267: [['internal gap < 30', 182, 12], 324, 1]
ENSDCDT00000008839: [['internal gap < 30', 179, 15], 321, 1]
ENSGACT00000015013: ['exon skipping', 0, 0]
ENSGACT00000015015: ['exon skipping', 0, 0]
ENSTNIT00000019566: ['5event', ['internal gap < 30', 187, 7], 329, 1]
>2
ENSPNAT00000027627: ['5event', 305, 0]
ENSDART00000155267: ['no event', 308, 1]
ENSDCDT00000008839: ['no event', 308, 1]
ENSGACT00000015013: ['exon skipping', 0, 0]
ENSGACT00000015015: ['exon skipping', 0, 0]
ENSTNIT00000019566: ['no event', 308, 1]
>3
ENSPNAT00000027627: [['internal gap < 30', 28, 7], 286, 0]
ENSDART00000155267: [['internal gap < 30', 31, 4], 289, 1]
ENSDCDT00000008839: [['internal gap < 30', 140, 22], 271, 1]
ENSGACT00000015013: ['5event', ['internal gap >= 30', 97, 41], 252, 0]
ENSGACT00000015015: ['exon skipping', 0, 0]
ENSTNIT00000019566: [['internal gap < 30', 128, 10], 283, 1]
>4
ENSPNAT00000027627: ['5event', ['internal gap >= 30', 35, 33], 129, 0]
ENSDART00000155267: [['internal gap < 30', 1, 15], 147, 1]
ENSDCDT00000008839: [['internal gap < 30', 44, 21], 141, 1]
ENSGACT00000015013: [['internal gap < 30', 38, 27], 135, 1]
ENSGACT00000015015: ['exon skipping', 0, 0]
ENSTNIT00000019566: [['internal gap < 30', 59, 6], 156, 1]
>5
ENSPNAT00000027627: ['3event', '5event', 171, 0]
ENSDART00000155267: ['3event', 172, 2]
ENSDCDT00000008839: ['3event', 160, 2]
ENSGACT00000015013: [['internal gap < 30', 2, 2], 174, 2]
ENSGACT00000015015: ['3event', '5event', 10, 0]
ENSTNIT00000019566: ['3event', 83, 2]
>6
ENSPNAT00000027627: ['3event', '5event', 282, 0]
ENSDART00000155267: ['5event', 287, 1]
ENSDCDT00000008839: ['5event', 281, 1]
ENSGACT00000015013: ['exon skipping', 0, 0]
ENSGACT00000015015: ['5event', 281, 1]
ENSTNIT00000019566: ['5event', ['internal gap < 30', 74, 15], 310, 2]
>7
ENSPNAT00000027627: ['5event', 314, 0]
ENSDART00000155267: [['internal gap < 30', 157, 6], 311, 1]
ENSDCDT00000008839: [['internal gap < 30', 148, 15], 302, 1]
ENSGACT00000015013: ['exon skipping', 0, 0]
ENSGACT00000015015: [['internal gap < 30', 142, 21], 296, 1]
ENSTNIT00000019566: [['internal gap < 30', 286, 21], 296, 1]
>8
ENSPNAT00000027627: [['internal gap < 30', 1, 3], 287, 0]
ENSDART00000155267: [['internal gap < 30', 116, 3], 287, 1]
ENSDCDT00000008839: [['internal gap < 30', 161, 15], 275, 1]
ENSGACT00000015013: ['exon skipping', 0, 0]
ENSGACT00000015015: ['3event', 145, 1]
ENSTNIT00000019566: [['internal gap < 30', 260, 9], 281, 1]
>9
ENSPNAT00000027627: [['internal gap < 30', 75, 5], 159, 0]
ENSDART00000155267: [['internal gap < 30', 63, 8], 156, 1]
ENSDCDT00000008839: [['internal gap < 30', 69, 11], 153, 1]
ENSGACT00000015013: ['exon skipping', 0, 0]
ENSGACT00000015015: ['exon skipping', 0, 0]
ENSTNIT00000019566: [['internal gap < 30', 78, 2], 162, 1]
>10
ENSPNAT00000027627: [['internal gap < 30', 2, 3], 158, 0]
ENSDART00000155267: ['3event', 160, 2]
ENSDCDT00000008839: ['3event', 160, 2]
ENSGACT00000015013: ['exon skipping', 0, 0]
ENSGACT00000015015: ['exon skipping', 0, 0]
ENSTNIT00000019566: ['3event', 160, 2]
>11
ENSPNAT00000027627: [['internal gap < 30', 3, 4], 71, 0]
ENSDART00000155267: ['no event', 75, 1]
ENSDCDT00000008839: ['no event', 75, 1]
ENSGACT00000015013: ['exon skipping', 0, 0]
ENSGACT00000015015: ['exon skipping', 0, 0]
ENSTNIT00000019566: ['no event', 75, 1]
>12
ENSPNAT00000027627: ['exon skipping', 0, 0]
ENSDART00000155267: [['internal gap < 30', 6, 7], 37, 2]
ENSDCDT00000008839: [['internal gap < 30', 25, 11], 33, 2]
ENSGACT00000015013: ['exon skipping', 0, 0]
ENSGACT00000015015: ['exon skipping', 0, 0]
ENSTNIT00000019566: [['internal gap < 30', 23, 13], 31, 2]
>13
ENSPNAT00000027627: ['exon skipping', 0, 0]
ENSDART00000155267: ['5event', ['internal gap < 30', 87, 25], 143, 0]
ENSDCDT00000008839: ['no event', 168, 0]
ENSGACT00000015013: ['exon skipping', 0, 0]
ENSGACT00000015015: ['exon skipping', 0, 0]
ENSTNIT00000019566: [['internal gap < 30', 82, 19], 149, 0]
