>0
C08F11.3.1: ['3event', 133, 0]
M04D5.3.1: [['internal gap < 30', 108, 13], 153, 0]
C08F11.13a.1: ['3event', 109, 0]
C08F11.13a.2: ['3event', 109, 0]
C08F11.13b.1: ['3event', 109, 0]
C08F11.13c.1: ['3event', 109, 0]
C08F11.13c.2: ['3event', 109, 0]
>1
C08F11.3.1: ['3event', '5event', 262, 1]
M04D5.3.1: ['3event', 242, 1]
C08F11.13a.1: ['3event', '5event', 283, 1]
C08F11.13a.2: ['3event', '5event', 283, 1]
C08F11.13b.1: ['5event', ['internal gap < 30', 104, 4], 286, 1]
C08F11.13c.1: ['3event', '5event', 283, 1]
C08F11.13c.2: ['3event', '5event', 283, 1]
>2
C08F11.3.1: ['5event', ['internal gap < 30', 148, 23], 163, 2]
M04D5.3.1: ['5event', ['internal gap < 30', 142, 29], 157, 2]
C08F11.13a.1: ['5event', ['internal gap < 30', 30, 26], 160, 2]
C08F11.13a.2: ['5event', ['internal gap < 30', 30, 26], 160, 2]
C08F11.13b.1: ['exon skipping', 0, 0]
C08F11.13c.1: ['5event', ['internal gap < 30', 30, 26], 160, 2]
C08F11.13c.2: ['5event', ['internal gap < 30', 30, 26], 160, 2]
>3
C08F11.3.1: ['3event', 236, 1]
M04D5.3.1: ['3event', 245, 1]
C08F11.13a.1: ['3event', 263, 1]
C08F11.13a.2: ['3event', 263, 1]
C08F11.13b.1: ['exon skipping', 0, 0]
C08F11.13c.1: [['internal gap < 30', 189, 10], 265, 1]
C08F11.13c.2: [['internal gap < 30', 189, 10], 265, 1]
>4
C08F11.3.1: ['5event', ['internal gap >= 30', 38, 63], 258, 2]
M04D5.3.1: ['3event', '5event', 199, 2]
C08F11.13a.1: ['3event', '5event', 213, 2]
C08F11.13a.2: ['3event', '5event', 213, 2]
C08F11.13b.1: ['exon skipping', 0, 0]
C08F11.13c.1: ['exon skipping', 0, 0]
C08F11.13c.2: ['exon skipping', 0, 0]
>5
C08F11.3.1: ['exon skipping', 0, 0]
M04D5.3.1: ['exon skipping', 0, 0]
C08F11.13a.1: ['5event', 186, 2]
C08F11.13a.2: ['5event', 186, 2]
C08F11.13b.1: ['exon skipping', 0, 0]
C08F11.13c.1: ['exon skipping', 0, 0]
C08F11.13c.2: ['exon skipping', 0, 0]
