>0
T04C10.2a.1: ['exon skipping', 0, 0]
T04C10.2b.1: ['exon skipping', 0, 0]
FBtr0076797: ['exon skipping', 0, 0]
FBtr0076794: ['exon skipping', 0, 0]
FBtr0331837: ['exon skipping', 0, 0]
FBtr0331833: ['exon skipping', 0, 0]
FBtr0076798: ['exon skipping', 0, 0]
FBtr0331834: ['exon skipping', 0, 0]
FBtr0112941: ['exon skipping', 0, 0]
FBtr0076796: ['exon skipping', 0, 0]
FBtr0331838: ['exon skipping', 0, 0]
FBtr0331835: ['exon skipping', 0, 0]
FBtr0331836: ['exon skipping', 0, 0]
FBtr0076795: ['exon skipping', 0, 0]
YDL161W_mRNA: ['exon skipping', 0, 0]
YLR206W_mRNA: ['exon skipping', 0, 0]
>1
T04C10.2a.1: ['3event', '5event', 693, 0]
T04C10.2b.1: ['3event', '5event', 693, 0]
FBtr0076797: ['3event', '5event', 728, 0]
FBtr0076794: ['3event', '5event', 728, 0]
FBtr0331837: ['3event', '5event', 728, 0]
FBtr0331833: ['3event', '5event', 728, 0]
FBtr0076798: ['3event', 749, 1]
FBtr0331834: ['3event', '5event', 728, 0]
FBtr0112941: ['3event', '5event', 728, 0]
FBtr0076796: ['3event', '5event', 728, 0]
FBtr0331838: ['3event', '5event', 728, 0]
FBtr0331835: ['3event', 749, 1]
FBtr0331836: ['3event', 749, 1]
FBtr0076795: ['3event', 749, 1]
YDL161W_mRNA: ['5event', ['internal gap >= 30', 1351, 651], 1364, 0]
YLR206W_mRNA: ['5event', ['internal gap >= 30', 1196, 174], 1841, 0]
>2
T04C10.2a.1: ['exon skipping', 0, 0]
T04C10.2b.1: ['exon skipping', 0, 0]
FBtr0076797: ['5event', 669, 2]
FBtr0076794: ['5event', 669, 2]
FBtr0331837: ['5event', 669, 2]
FBtr0331833: ['5event', 669, 2]
FBtr0076798: ['5event', 669, 2]
FBtr0331834: ['5event', 669, 2]
FBtr0112941: ['5event', 669, 2]
FBtr0076796: ['5event', 669, 2]
FBtr0331838: ['5event', 669, 2]
FBtr0331835: ['5event', 669, 2]
FBtr0331836: ['5event', 669, 2]
FBtr0076795: ['5event', 669, 2]
YDL161W_mRNA: ['exon skipping', 0, 0]
YLR206W_mRNA: ['exon skipping', 0, 0]
>3
T04C10.2a.1: ['5event', 380, 0]
T04C10.2b.1: ['5event', 386, 0]
FBtr0076797: ['exon skipping', 0, 0]
FBtr0076794: ['exon skipping', 0, 0]
FBtr0331837: ['exon skipping', 0, 0]
FBtr0331833: ['exon skipping', 0, 0]
FBtr0076798: ['exon skipping', 0, 0]
FBtr0331834: ['exon skipping', 0, 0]
FBtr0112941: ['exon skipping', 0, 0]
FBtr0076796: ['exon skipping', 0, 0]
FBtr0331838: ['exon skipping', 0, 0]
FBtr0331835: ['exon skipping', 0, 0]
FBtr0331836: ['exon skipping', 0, 0]
FBtr0076795: ['exon skipping', 0, 0]
YDL161W_mRNA: ['exon skipping', 0, 0]
YLR206W_mRNA: ['exon skipping', 0, 0]
>4
T04C10.2a.1: ['exon skipping', 0, 0]
T04C10.2b.1: ['exon skipping', 0, 0]
FBtr0076797: ['5event', 90, 0]
FBtr0076794: ['5event', 90, 0]
FBtr0331837: ['5event', 90, 0]
FBtr0331833: ['5event', 90, 0]
FBtr0076798: ['5event', 90, 0]
FBtr0331834: ['5event', 90, 0]
FBtr0112941: ['5event', 90, 0]
FBtr0076796: ['5event', 90, 0]
FBtr0331838: ['5event', 90, 0]
FBtr0331835: ['5event', 90, 0]
FBtr0331836: ['5event', 90, 0]
FBtr0076795: ['5event', 90, 0]
YDL161W_mRNA: ['exon skipping', 0, 0]
YLR206W_mRNA: ['exon skipping', 0, 0]
>5
T04C10.2a.1: ['5event', 150, 0]
T04C10.2b.1: ['5event', 150, 0]
FBtr0076797: ['exon skipping', 0, 0]
FBtr0076794: ['exon skipping', 0, 0]
FBtr0331837: ['exon skipping', 0, 0]
FBtr0331833: ['exon skipping', 0, 0]
FBtr0076798: ['exon skipping', 0, 0]
FBtr0331834: ['exon skipping', 0, 0]
FBtr0112941: ['exon skipping', 0, 0]
FBtr0076796: ['exon skipping', 0, 0]
FBtr0331838: ['exon skipping', 0, 0]
FBtr0331835: ['exon skipping', 0, 0]
FBtr0331836: ['exon skipping', 0, 0]
FBtr0076795: ['exon skipping', 0, 0]
YDL161W_mRNA: ['exon skipping', 0, 0]
YLR206W_mRNA: ['exon skipping', 0, 0]
>6
T04C10.2a.1: ['exon skipping', 0, 0]
T04C10.2b.1: ['exon skipping', 0, 0]
FBtr0076797: ['5event', 271, 1]
FBtr0076794: ['5event', 271, 1]
FBtr0331837: ['5event', 271, 1]
FBtr0331833: ['5event', 271, 1]
FBtr0076798: ['5event', 271, 1]
FBtr0331834: ['5event', 271, 1]
FBtr0112941: ['5event', 271, 1]
FBtr0076796: ['5event', 271, 1]
FBtr0331838: ['5event', 271, 1]
FBtr0331835: ['5event', 271, 1]
FBtr0331836: ['5event', 271, 1]
FBtr0076795: ['5event', 271, 1]
YDL161W_mRNA: ['exon skipping', 0, 0]
YLR206W_mRNA: ['exon skipping', 0, 0]
>7
T04C10.2a.1: ['5event', 178, 1]
T04C10.2b.1: ['5event', 178, 1]
FBtr0076797: ['exon skipping', 0, 0]
FBtr0076794: ['exon skipping', 0, 0]
FBtr0331837: ['exon skipping', 0, 0]
FBtr0331833: ['exon skipping', 0, 0]
FBtr0076798: ['exon skipping', 0, 0]
FBtr0331834: ['exon skipping', 0, 0]
FBtr0112941: ['exon skipping', 0, 0]
FBtr0076796: ['exon skipping', 0, 0]
FBtr0331838: ['exon skipping', 0, 0]
FBtr0331835: ['exon skipping', 0, 0]
FBtr0331836: ['exon skipping', 0, 0]
FBtr0076795: ['exon skipping', 0, 0]
YDL161W_mRNA: ['exon skipping', 0, 0]
YLR206W_mRNA: ['exon skipping', 0, 0]
>8
T04C10.2a.1: ['exon skipping', 0, 0]
T04C10.2b.1: ['exon skipping', 0, 0]
FBtr0076797: ['5event', 101, 0]
FBtr0076794: ['5event', 101, 0]
FBtr0331837: ['5event', 101, 0]
FBtr0331833: ['5event', 101, 0]
FBtr0076798: ['5event', 101, 0]
FBtr0331834: ['5event', 101, 0]
FBtr0112941: ['5event', 101, 0]
FBtr0076796: ['5event', 101, 0]
FBtr0331838: ['5event', 101, 0]
FBtr0331835: ['5event', 101, 0]
FBtr0331836: ['5event', 101, 0]
FBtr0076795: ['5event', 101, 0]
YDL161W_mRNA: ['exon skipping', 0, 0]
YLR206W_mRNA: ['exon skipping', 0, 0]
>9
T04C10.2a.1: ['exon skipping', 0, 0]
T04C10.2b.1: ['exon skipping', 0, 0]
FBtr0076797: [['internal gap >= 30', 1, 120], 431, 0]
FBtr0076794: ['no event', 551, 0]
FBtr0331837: [['internal gap >= 30', 1, 120], 431, 0]
FBtr0331833: ['exon skipping', 0, 0]
FBtr0076798: ['no event', 551, 0]
FBtr0331834: [['internal gap >= 30', 1, 120], 431, 0]
FBtr0112941: ['exon skipping', 0, 0]
FBtr0076796: ['no event', 551, 0]
FBtr0331838: ['exon skipping', 0, 0]
FBtr0331835: ['exon skipping', 0, 0]
FBtr0331836: [['internal gap >= 30', 1, 120], 431, 0]
FBtr0076795: ['no event', 551, 0]
YDL161W_mRNA: ['exon skipping', 0, 0]
YLR206W_mRNA: ['exon skipping', 0, 0]
>10
T04C10.2a.1: ['exon skipping', 0, 0]
T04C10.2b.1: ['exon skipping', 0, 0]
FBtr0076797: ['exon skipping', 0, 0]
FBtr0076794: ['exon skipping', 0, 0]
FBtr0331837: ['exon skipping', 0, 0]
FBtr0331833: ['5event', 26, 0]
FBtr0076798: ['exon skipping', 0, 0]
FBtr0331834: ['exon skipping', 0, 0]
FBtr0112941: ['exon skipping', 0, 0]
FBtr0076796: ['exon skipping', 0, 0]
FBtr0331838: ['5event', 26, 0]
FBtr0331835: ['5event', 26, 0]
FBtr0331836: ['exon skipping', 0, 0]
FBtr0076795: ['exon skipping', 0, 0]
YDL161W_mRNA: ['exon skipping', 0, 0]
YLR206W_mRNA: ['exon skipping', 0, 0]
>11
T04C10.2a.1: ['exon skipping', 0, 0]
T04C10.2b.1: ['exon skipping', 0, 0]
FBtr0076797: ['5event', 56, 0]
FBtr0076794: ['5event', 56, 0]
FBtr0331837: ['5event', 56, 0]
FBtr0331833: ['exon skipping', 0, 0]
FBtr0076798: ['5event', 56, 0]
FBtr0331834: ['5event', 56, 0]
FBtr0112941: ['5event', 56, 0]
FBtr0076796: ['5event', 56, 0]
FBtr0331838: ['exon skipping', 0, 0]
FBtr0331835: ['exon skipping', 0, 0]
FBtr0331836: ['5event', 56, 0]
FBtr0076795: ['5event', 56, 0]
YDL161W_mRNA: ['exon skipping', 0, 0]
YLR206W_mRNA: ['exon skipping', 0, 0]
