>0
FBtr0346075: ['exon skipping', 0, 0]
FBtr0073008: ['exon skipping', 0, 0]
FBtr0071773: ['exon skipping', 0, 0]
FBtr0347063: ['no event', 96, 0]
FBtr0075162: ['no event', 96, 0]
FBtr0073007: ['exon skipping', 0, 0]
FBtr0075161: ['exon skipping', 0, 0]
C45E5.1.1: ['exon skipping', 0, 0]
C45E5.1.2: ['exon skipping', 0, 0]
ENSCSAVT00000009658: ['exon skipping', 0, 0]
>1
FBtr0346075: ['5event', ['internal gap >= 30', 633, 118], 742, 0]
FBtr0073008: ['5event', ['internal gap >= 30', 633, 118], 742, 0]
FBtr0071773: ['5event', ['internal gap >= 30', 657, 118], 742, 0]
FBtr0347063: [['internal gap >= 30', 603, 172], 688, 1]
FBtr0075162: [['internal gap >= 30', 603, 172], 688, 1]
FBtr0073007: ['5event', ['internal gap >= 30', 684, 91], 769, 0]
FBtr0075161: ['exon skipping', 0, 0]
C45E5.1.1: ['3event', '5event', 197, 0]
C45E5.1.2: ['3event', '5event', 197, 0]
ENSCSAVT00000009658: ['3event', '5event', 110, 0]
>2
FBtr0346075: ['exon skipping', 0, 0]
FBtr0073008: ['exon skipping', 0, 0]
FBtr0071773: ['exon skipping', 0, 0]
FBtr0347063: ['exon skipping', 0, 0]
FBtr0075162: ['exon skipping', 0, 0]
FBtr0073007: ['exon skipping', 0, 0]
FBtr0075161: ['5event', 141, 0]
C45E5.1.1: ['exon skipping', 0, 0]
C45E5.1.2: ['exon skipping', 0, 0]
ENSCSAVT00000009658: ['exon skipping', 0, 0]
>3
FBtr0346075: ['exon skipping', 0, 0]
FBtr0073008: ['exon skipping', 0, 0]
FBtr0071773: ['exon skipping', 0, 0]
FBtr0347063: ['exon skipping', 0, 0]
FBtr0075162: ['exon skipping', 0, 0]
FBtr0073007: ['exon skipping', 0, 0]
FBtr0075161: ['exon skipping', 0, 0]
C45E5.1.1: ['exon skipping', 0, 0]
C45E5.1.2: ['exon skipping', 0, 0]
ENSCSAVT00000009658: ['5event', 189, 2]
>4
FBtr0346075: ['exon skipping', 0, 0]
FBtr0073008: ['exon skipping', 0, 0]
FBtr0071773: ['exon skipping', 0, 0]
FBtr0347063: ['exon skipping', 0, 0]
FBtr0075162: ['exon skipping', 0, 0]
FBtr0073007: ['exon skipping', 0, 0]
FBtr0075161: ['exon skipping', 0, 0]
C45E5.1.1: ['5event', ['internal gap < 30', 52, 8], 293, 2]
C45E5.1.2: ['5event', ['internal gap < 30', 52, 8], 293, 2]
ENSCSAVT00000009658: ['3event', 129, 0]
>5
FBtr0346075: ['exon skipping', 0, 0]
FBtr0073008: ['exon skipping', 0, 0]
FBtr0071773: ['exon skipping', 0, 0]
FBtr0347063: ['exon skipping', 0, 0]
FBtr0075162: ['exon skipping', 0, 0]
FBtr0073007: ['exon skipping', 0, 0]
FBtr0075161: ['5event', ['internal gap >= 30', 811, 1514], 847, 1]
C45E5.1.1: ['3event', 304, 2]
C45E5.1.2: ['3event', 304, 2]
ENSCSAVT00000009658: ['3event', '5event', 493, 2]
>6
FBtr0346075: ['3event', '5event', 178, 2]
FBtr0073008: ['3event', '5event', 178, 2]
FBtr0071773: ['3event', '5event', 181, 2]
FBtr0347063: ['3event', '5event', 160, 2]
FBtr0075162: ['3event', '5event', 160, 2]
FBtr0073007: ['5event', ['internal gap < 30', 77, 4], 189, 2]
FBtr0075161: ['exon skipping', 0, 0]
C45E5.1.1: ['3event', '5event', 118, 2]
C45E5.1.2: ['3event', '5event', 118, 2]
ENSCSAVT00000009658: ['exon skipping', 0, 0]
