>0
FBtr0078962: ['exon skipping', 0, 0]
FBtr0078961: ['exon skipping', 0, 0]
FBtr0335032: ['no event', 214, 0]
FBtr0335030: ['no event', 214, 0]
FBtr0300769: ['no event', 214, 0]
FBtr0335028: ['no event', 214, 0]
FBtr0335033: ['no event', 214, 0]
FBtr0335029: ['no event', 214, 0]
FBtr0335031: ['no event', 214, 0]
FBtr0310613: ['no event', 214, 0]
R148.5a.1: ['exon skipping', 0, 0]
R148.5b.1: ['exon skipping', 0, 0]
>1
FBtr0078962: ['exon skipping', 0, 0]
FBtr0078961: ['exon skipping', 0, 0]
FBtr0335032: ['exon skipping', 0, 0]
FBtr0335030: ['exon skipping', 0, 0]
FBtr0300769: ['exon skipping', 0, 0]
FBtr0335028: ['exon skipping', 0, 0]
FBtr0335033: ['exon skipping', 0, 0]
FBtr0335029: ['exon skipping', 0, 0]
FBtr0335031: ['exon skipping', 0, 0]
FBtr0310613: ['exon skipping', 0, 0]
R148.5a.1: ['5event', 148, 0]
R148.5b.1: ['5event', 148, 0]
>2
FBtr0078962: ['3event', '5event', 799, 0]
FBtr0078961: ['3event', '5event', 799, 0]
FBtr0335032: ['5event', ['internal gap >= 30', 1284, 217], 1445, 2]
FBtr0335030: ['5event', ['internal gap >= 30', 1284, 217], 1445, 2]
FBtr0300769: ['5event', ['internal gap >= 30', 1284, 217], 1445, 2]
FBtr0335028: ['5event', ['internal gap >= 30', 1284, 217], 1445, 2]
FBtr0335033: ['5event', ['internal gap >= 30', 1284, 217], 1445, 2]
FBtr0335029: ['5event', ['internal gap >= 30', 1284, 217], 1445, 2]
FBtr0335031: ['5event', ['internal gap >= 30', 1284, 217], 1445, 2]
FBtr0310613: ['5event', ['internal gap >= 30', 1284, 217], 1445, 2]
R148.5a.1: ['3event', 366, 2]
R148.5b.1: ['3event', 366, 2]
>3
FBtr0078962: ['exon skipping', 0, 0]
FBtr0078961: ['exon skipping', 0, 0]
FBtr0335032: ['3event', 257, 2]
FBtr0335030: ['3event', 257, 2]
FBtr0300769: ['3event', 299, 2]
FBtr0335028: ['3event', 257, 2]
FBtr0335033: ['3event', 239, 2]
FBtr0335029: ['3event', 299, 2]
FBtr0335031: ['3event', 257, 2]
FBtr0310613: ['3event', 299, 2]
R148.5a.1: ['5event', ['internal gap >= 30', 81, 130], 212, 1]
R148.5b.1: ['5event', ['internal gap >= 30', 81, 130], 212, 1]
>4
FBtr0078962: ['exon skipping', 0, 0]
FBtr0078961: ['exon skipping', 0, 0]
FBtr0335032: ['5event', 304, 0]
FBtr0335030: ['3event', '5event', 287, 0]
FBtr0300769: ['3event', '5event', 287, 0]
FBtr0335028: ['3event', '5event', 287, 0]
FBtr0335033: ['3event', '5event', 284, 0]
FBtr0335029: ['3event', '5event', 287, 0]
FBtr0335031: ['3event', '5event', 287, 0]
FBtr0310613: ['3event', '5event', 287, 0]
R148.5a.1: ['exon skipping', 0, 0]
R148.5b.1: ['exon skipping', 0, 0]
>5
FBtr0078962: ['3event', '5event', 866, 1]
FBtr0078961: ['3event', '5event', 866, 1]
FBtr0335032: [['internal gap >= 30', 679, 153], 973, 2]
FBtr0335030: ['5event', ['internal gap >= 30', 678, 154], 972, 2]
FBtr0300769: ['5event', ['internal gap >= 30', 678, 154], 972, 2]
FBtr0335028: ['5event', ['internal gap >= 30', 678, 154], 972, 2]
FBtr0335033: ['5event', ['internal gap >= 30', 678, 154], 972, 2]
FBtr0335029: ['5event', ['internal gap >= 30', 678, 154], 972, 2]
FBtr0335031: ['5event', ['internal gap >= 30', 678, 154], 972, 2]
FBtr0310613: ['5event', ['internal gap >= 30', 678, 154], 972, 2]
R148.5a.1: ['3event', '5event', 679, 1]
R148.5b.1: ['3event', '5event', 679, 1]
>6
FBtr0078962: ['5event', 329, 0]
FBtr0078961: ['5event', 329, 0]
FBtr0335032: ['exon skipping', 0, 0]
FBtr0335030: ['exon skipping', 0, 0]
FBtr0300769: ['exon skipping', 0, 0]
FBtr0335028: ['exon skipping', 0, 0]
FBtr0335033: ['exon skipping', 0, 0]
FBtr0335029: ['exon skipping', 0, 0]
FBtr0335031: ['exon skipping', 0, 0]
FBtr0310613: ['exon skipping', 0, 0]
R148.5a.1: ['exon skipping', 0, 0]
R148.5b.1: ['exon skipping', 0, 0]
>7
FBtr0078962: ['exon skipping', 0, 0]
FBtr0078961: ['exon skipping', 0, 0]
FBtr0335032: ['exon skipping', 0, 0]
FBtr0335030: ['exon skipping', 0, 0]
FBtr0300769: ['exon skipping', 0, 0]
FBtr0335028: ['exon skipping', 0, 0]
FBtr0335033: ['exon skipping', 0, 0]
FBtr0335029: ['exon skipping', 0, 0]
FBtr0335031: ['exon skipping', 0, 0]
FBtr0310613: ['exon skipping', 0, 0]
R148.5a.1: ['3event', '5event', 85, 2]
R148.5b.1: ['5event', 111, 2]
>8
FBtr0078962: ['exon skipping', 0, 0]
FBtr0078961: ['exon skipping', 0, 0]
FBtr0335032: ['exon skipping', 0, 0]
FBtr0335030: ['exon skipping', 0, 0]
FBtr0300769: ['exon skipping', 0, 0]
FBtr0335028: ['exon skipping', 0, 0]
FBtr0335033: ['exon skipping', 0, 0]
FBtr0335029: ['exon skipping', 0, 0]
FBtr0335031: ['exon skipping', 0, 0]
FBtr0310613: ['exon skipping', 0, 0]
R148.5a.1: ['5event', 95, 0]
R148.5b.1: ['exon skipping', 0, 0]
