drosophila_melanogaster FBgn0030085
drosophila_melanogaster FBgn0052706
drosophila_melanogaster FBgn0052708
drosophila_melanogaster FBgn0085521
drosophila_melanogaster FBgn0085693
drosophila_melanogaster FBgn0030524
caenorhabditis_elegans_strain_n2 WBGene00019005
eptatretus_burgeri ENSEBUG00000016622
petromyzon_marinus ENSPMAG00000000226
astyanax_mexicanus ENSAMXG00000043918
pygocentrus_nattereri ENSPNAG00000005087
ictalurus_punctatus ENSIPUG00000012026
danio_rerio ENSDARG00000043666
esox_lucius ENSELUG00000007974
paramormyrops_kingsleyae ENSPKIG00000023588
scleropages_formosus ENSSFOG00015002318
xiphophorus_couchianus ENSXCOG00000016415
xiphophorus_maculatus ENSXMAG00000003341
gambusia_affinis ENSGAFG00000000477
poecilia_formosa ENSPFOG00000011510
poecilia_mexicana ENSPMEG00000016350
poecilia_latipinna ENSPLAG00000016669
poecilia_reticulata ENSPREG00000013063
cyprinodon_variegatus ENSCVAG00000001828
fundulus_heteroclitus ENSFHEG00000022211
kryptolebias_marmoratus ENSKMAG00000014675
oryzias_latipes ENSORLG00000024030
oryzias_latipes_asm223469v1 ENSORLG00015017194
oryzias_latipes ENSORLG00020003002
oryzias_melastigma ENSOMEG00000011593
cynoglossus_semilaevis ENSCSEG00000016929
labrus_bergylta ENSLBEG00000016780
labrus_bergylta ENSLBEG00000017161
gasterosteus_aculeatus ENSGACG00000000295
seriola_lalandi_dorsalis ENSSLDG00000005513
seriola_dumerili ENSSDUG00000019357
scophthalmus_maximus ENSSMAG00000012980
mastacembelus_armatus ENSMAMG00000011460
monopterus_albus ENSMALG00000014568
anabas_testudineus ENSATEG00000018998
maylandia_zebra ENSMZEG00005026748
astatotilapia_calliptera ENSACLG00000014378
pundamilia_nyererei ENSPNYG00000019939
haplochromis_burtoni ENSHBUG00000021041
oreochromis_niloticus ENSONIG00000000750
amphilophus_citrinellus ENSACIG00000004935
amphiprion_ocellaris ENSAOCG00000011314
amphiprion_ocellaris ENSAOCG00000015817
amphiprion_percula ENSAPEG00000023617
acanthochromis_polyacanthus ENSAPOG00000020914
stegastes_partitus ENSSPAG00000008031
periophthalmus_magnuspinnatus ENSPMGG00000002894
tetraodon_nigroviridis ENSTNIG00000014961
takifugu_rubripes ENSTRUG00000002298
mola_mola ENSMMOG00000009760
hippocampus_comes ENSHCOG00000003610
gadus_morhua ENSGMOG00000007167
lepisosteus_oculatus ENSLOCG00000014561
chrysemys_picta_bellii ENSCPBG00000003311
gopherus_agassizii ENSGAGG00000019474
pelodiscus_sinensis ENSPSIG00000010152
sphenodon_punctatus ENSSPUG00000015711
chelonoidis_abingdonii ENSCABG00000016396
lepidothrix_coronata ENSLCOG00000002999
sarcophilus_harrisii ENSSHAG00000003493
sarcophilus_harrisii ENSSHAG00000000427
phascolarctos_cinereus ENSPCIG00000027936
monodelphis_domestica ENSMODG00000010429
pteropus_vampyrus ENSPVAG00000006751
myotis_lucifugus ENSMLUG00000000110
sus_scrofa ENSSSCG00000038191
vicugna_pacos ENSVPAG00000008600
ovis_aries ENSOARG00000018649
capra_hircus ENSCHIG00000012988
bos_mutus ENSBMUG00000024362
bos_taurus ENSBTAG00000010784
bison_bison_bison ENSBBBG00000021978
tursiops_truncatus ENSTTRG00000002176
equus_caballus ENSECAG00000006910
equus_asinus_asinus ENSEASG00005007263
erinaceus_europaeus ENSEEUG00000014690
ursus_americanus ENSUAMG00000021258
ursus_maritimus ENSUMAG00000000260
ailuropoda_melanoleuca ENSAMEG00000011586
mustela_putorius_furo ENSMPUG00000008607
neovison_vison ENSNVIG00000005862
canis_lupus_familiaris ENSCAFG00000029249
canis_lupus_dingo ENSCAFG00020002500
vulpes_vulpes ENSVVUG00000000198
panthera_pardus ENSPPRG00000005955
panthera_tigris_altaica ENSPTIG00000019779
felis_catus ENSFCAG00000042818
mus_spretus_strain_spret/eij MGP_SPRETEiJ_G0019181
mus_musculus ENSMUSG00000036376
mus_spicilegus ENSMSIG00000002096
mus_caroli_strain_caroli_eij MGP_CAROLIEiJ_G0018313
mus_pahari MGP_PahariEiJ_G0019376
rattus_norvegicus ENSRNOG00000017585
meriones_unguiculatus ENSMUGG00000000453
microtus_ochrogaster ENSMOCG00000017169
peromyscus_maniculatus_bairdii ENSPEMG00000000185
cricetulus_griseus_crigri-picr ENSCGRG00015007564
cricetulus_griseus_crigri ENSCGRG00000011848
cricetulus_griseus_chok1gshd ENSCGRG00001002467
mesocricetus_auratus ENSMAUG00000009396
nannospalax_galili ENSNGAG00000011004
jaculus_jaculus ENSJJAG00000012693
heterocephalus_glaber_male ENSHGLG00100013842
heterocephalus_glaber_female ENSHGLG00000003901
fukomys_damarensis ENSFDAG00000015429
chinchilla_lanigera ENSCLAG00000002238
octodon_degus ENSODEG00000014676
cavia_aperea ENSCAPG00000001897
cavia_porcellus ENSCPOG00000035744
castor_canadensis ENSCCNG00000019496
dipodomys_ordii ENSDORG00000000454
oryctolagus_cuniculus ENSOCUG00000016429
ochotona_princeps ENSOPRG00000003058
urocitellus_parryii ENSUPAG00010005543
ictidomys_tridecemlineatus ENSSTOG00000024481
spermophilus_dauricus ENSSDAG00000011125
marmota_marmota_marmota ENSMMMG00000002382
tupaia_belangeri ENSTBEG00000012478
prolemur_simus ENSPSMG00000008726
propithecus_coquereli ENSPCOG00000027375
microcebus_murinus ENSMICG00000042383
otolemur_garnettii ENSOGAG00000026316
carlito_syrichta ENSTSYG00000013131
saimiri_boliviensis_boliviensis ENSSBOG00000021897
callithrix_jacchus ENSCJAG00000011174
cebus_capucinus ENSCCAG00000037454
aotus_nancymaae ENSANAG00000012526
gorilla_gorilla ENSGGOG00000039437
gorilla_gorilla ENSGGOG00000040084
homo_sapiens ENSG00000146109
pan_troglodytes ENSPTRG00000017836
pan_paniscus ENSPPAG00000044022
gorilla_gorilla ENSGGOG00000038033
pongo_abelii ENSPPYG00000016335
nomascus_leucogenys ENSNLEG00000035630
theropithecus_gelada ENSTGEG00000002486
cercocebus_atys ENSCATG00000004696
papio_anubis ENSPANG00000024973
mandrillus_leucophaeus ENSMLEG00000026442
macaca_fascicularis ENSMFAG00000038140
macaca_mulatta ENSMMUG00000006914
macaca_nemestrina ENSMNEG00000034972
chlorocebus_sabaeus ENSCSAG00000007944
rhinopithecus_bieti ENSRBIG00000034314
rhinopithecus_roxellana ENSRROG00000033227
piliocolobus_tephrosceles ENSPTEG00000036832
piliocolobus_tephrosceles ENSPTEG00000037400
colobus_angolensis_palliatus ENSCANG00000029292
rhinopithecus_roxellana ENSRROG00000029247
rhinopithecus_bieti ENSRBIG00000022043
colobus_angolensis_palliatus ENSCANG00000030037
piliocolobus_tephrosceles ENSPTEG00000032263
loxodonta_africana ENSLAFG00000007568
procavia_capensis ENSPCAG00000001305
choloepus_hoffmanni ENSCHOG00000005188
dasypus_novemcinctus ENSDNOG00000043158
ornithorhynchus_anatinus ENSOANG00000014590
anolis_carolinensis ENSACAG00000006636
pogona_vitticeps ENSPVIG00000002206
notechis_scutatus ENSNSUG00000001065
salvator_merianae ENSSMRG00000019377
xenopus_tropicalis ENSXETG00000005684
latimeria_chalumnae ENSLACG00000000633
ciona_savignyi ENSCSAVG00000003960
ciona_intestinalis ENSCING00000004346
saccharomyces_cerevisiae YNR054C
