petromyzon_marinus ENSPMAG00000007920
eptatretus_burgeri ENSEBUG00000012672
pygocentrus_nattereri ENSPNAG00000017783
astyanax_mexicanus ENSAMXG00000016979
ictalurus_punctatus ENSIPUG00000009459
danio_rerio ENSDARG00000031100
labrus_bergylta ENSLBEG00000020606
gasterosteus_aculeatus ENSGACG00000007288
scophthalmus_maximus ENSSMAG00000020763
amphiprion_ocellaris ENSAOCG00000013901
amphiprion_percula ENSAPEG00000009551
acanthochromis_polyacanthus ENSAPOG00000014964
stegastes_partitus ENSSPAG00000000958
xiphophorus_maculatus ENSXMAG00000002313
xiphophorus_couchianus ENSXCOG00000008732
poecilia_latipinna ENSPLAG00000022180
poecilia_latipinna ENSPLAG00000022894
poecilia_formosa ENSPFOG00000011017
poecilia_mexicana ENSPMEG00000006926
poecilia_reticulata ENSPREG00000009477
gambusia_affinis ENSGAFG00000007778
fundulus_heteroclitus ENSFHEG00000014003
cyprinodon_variegatus ENSCVAG00000011079
kryptolebias_marmoratus ENSKMAG00000012562
oryzias_latipes ENSORLG00020011757
oryzias_latipes ENSORLG00000009672
oryzias_latipes_asm223469v1 ENSORLG00015007778
oryzias_melastigma ENSOMEG00000006581
takifugu_rubripes ENSTRUG00000006013
tetraodon_nigroviridis ENSTNIG00000018119
mola_mola ENSMMOG00000006588
haplochromis_burtoni ENSHBUG00000006167
pundamilia_nyererei ENSPNYG00000012969
astatotilapia_calliptera ENSACLG00000009768
maylandia_zebra ENSMZEG00005018495
neolamprologus_brichardi ENSNBRG00000020511
oreochromis_niloticus ENSONIG00000009995
amphilophus_citrinellus ENSACIG00000013417
seriola_dumerili ENSSDUG00000012273
seriola_lalandi_dorsalis ENSSLDG00000003871
cynoglossus_semilaevis ENSCSEG00000017339
mastacembelus_armatus ENSMAMG00000008599
monopterus_albus ENSMALG00000019338
anabas_testudineus ENSATEG00000018892
hippocampus_comes ENSHCOG00000016970
periophthalmus_magnuspinnatus ENSPMGG00000004163
gadus_morhua ENSGMOG00000004931
esox_lucius ENSELUG00000020540
astyanax_mexicanus ENSAMXG00000005578
pygocentrus_nattereri ENSPNAG00000004658
danio_rerio ENSDARG00000013946
esox_lucius ENSELUG00000012365
paramormyrops_kingsleyae ENSPKIG00000016869
scleropages_formosus ENSSFOG00015005279
scleropages_formosus ENSSFOG00015004910
paramormyrops_kingsleyae ENSPKIG00000006021
lepisosteus_oculatus ENSLOCG00000001731
anas_platyrhynchos_platyrhynchos ENSAPLG00000008747
anser_brachyrhynchus ENSABRG00000003761
gallus_gallus ENSGALG00000045555
meleagris_gallopavo ENSMGAG00000000980
coturnix_japonica ENSCJPG00005021499
numida_meleagris ENSNMEG00000017362
zonotrichia_albicollis ENSZALG00000014846
junco_hyemalis ENSJHYG00000015803
serinus_canaria ENSSCAG00000011050
lonchura_striata_domestica ENSLSDG00000010401
taeniopygia_guttata ENSTGUG00000003698
ficedula_albicollis ENSFALG00000003218
parus_major ENSPMJG00000019203
cyanistes_caeruleus ENSCCEG00000007904
manacus_vitellinus ENSMVIG00005011094
manacus_vitellinus ENSMVIG00005003784
lepidothrix_coronata ENSLCOG00000004597
melopsittacus_undulatus ENSMUNG00000011061
calidris_pygmaea ENSCPGG00000002187
calidris_pygmaea ENSCPGG00000002196
calidris_pugnax ENSCPUG00000010326
apteryx_owenii ENSAOWG00000017191
apteryx_haastii ENSAHAG00000003528
apteryx_rowi ENSARWG00000001745
dromaius_novaehollandiae ENSDNVG00000014273
nothoprocta_perdicaria ENSNPEG00000005110
crocodylus_porosus ENSCPRG00005013139
gopherus_agassizii ENSGAGG00000025047
chelonoidis_abingdonii ENSCABG00000002543
chrysemys_picta_bellii ENSCPBG00000015688
pelodiscus_sinensis ENSPSIG00000008720
pogona_vitticeps ENSPVIG00000019935
anolis_carolinensis ENSACAG00000002224
notechis_scutatus ENSNSUG00000014670
salvator_merianae ENSSMRG00000012492
sphenodon_punctatus ENSSPUG00000003886
phascolarctos_cinereus ENSPCIG00000002510
notamacropus_eugenii ENSMEUG00000002995
sarcophilus_harrisii ENSSHAG00000010210
monodelphis_domestica ENSMODG00000007568
pteropus_vampyrus ENSPVAG00000005969
myotis_lucifugus ENSMLUG00000014652
equus_caballus ENSECAG00000018870
equus_asinus_asinus ENSEASG00005005527
vicugna_pacos ENSVPAG00000011857
sus_scrofa ENSSSCG00000015570
ovis_aries ENSOARG00000004429
capra_hircus ENSCHIG00000025228
bos_mutus ENSBMUG00000021849
bos_taurus ENSBTAG00000014249
bison_bison_bison ENSBBBG00000023274
tursiops_truncatus ENSTTRG00000005929
ursus_maritimus ENSUMAG00000021917
ursus_americanus ENSUAMG00000020944
ailuropoda_melanoleuca ENSAMEG00000013618
canis_lupus_dingo ENSCAFG00020015690
canis_lupus_familiaris ENSCAFG00000013589
vulpes_vulpes ENSVVUG00000009199
mustela_putorius_furo ENSMPUG00000011924
neovison_vison ENSNVIG00000009844
panthera_tigris_altaica ENSPTIG00000002496
panthera_pardus ENSPPRG00000023525
felis_catus ENSFCAG00000011288
pan_paniscus ENSPPAG00000033318
pan_troglodytes ENSPTRG00000001779
homo_sapiens ENSG00000116679
gorilla_gorilla ENSGGOG00000003025
pongo_abelii ENSPPYG00000000414
nomascus_leucogenys ENSNLEG00000018032
rhinopithecus_roxellana ENSRROG00000041863
rhinopithecus_bieti ENSRBIG00000017544
piliocolobus_tephrosceles ENSPTEG00000039646
colobus_angolensis_palliatus ENSCANG00000043143
papio_anubis ENSPANG00000016770
theropithecus_gelada ENSTGEG00000025291
mandrillus_leucophaeus ENSMLEG00000038792
macaca_fascicularis ENSMFAG00000039625
macaca_mulatta ENSMMUG00000013884
macaca_nemestrina ENSMNEG00000032537
cercocebus_atys ENSCATG00000039810
chlorocebus_sabaeus ENSCSAG00000012909
cebus_capucinus ENSCCAG00000022697
saimiri_boliviensis_boliviensis ENSSBOG00000006104
callithrix_jacchus ENSCJAG00000005584
aotus_nancymaae ENSANAG00000027603
carlito_syrichta ENSTSYG00000010278
carlito_syrichta ENSTSYG00000033771
microcebus_murinus ENSMICG00000029941
prolemur_simus ENSPSMG00000013493
propithecus_coquereli ENSPCOG00000022690
otolemur_garnettii ENSOGAG00000016199
castor_canadensis ENSCCNG00000004191
dipodomys_ordii ENSDORG00000010533
mus_musculus ENSMUSG00000023150
mus_spretus_strain_spret/eij MGP_SPRETEiJ_G0015498
mus_spicilegus ENSMSIG00000009330
mus_caroli_strain_caroli_eij MGP_CAROLIEiJ_G0014691
mus_pahari MGP_PahariEiJ_G0027927
rattus_norvegicus ENSRNOG00000002618
meriones_unguiculatus ENSMUGG00000019307
cricetulus_griseus_crigri ENSCGRG00000015993
cricetulus_griseus_chok1gshd ENSCGRG00001010161
cricetulus_griseus_crigri-picr ENSCGRG00015019084
mesocricetus_auratus ENSMAUG00000008792
peromyscus_maniculatus_bairdii ENSPEMG00000012016
microtus_ochrogaster ENSMOCG00000004933
nannospalax_galili ENSNGAG00000005926
jaculus_jaculus ENSJJAG00000020317
ictidomys_tridecemlineatus ENSSTOG00000010371
marmota_marmota_marmota ENSMMMG00000014075
urocitellus_parryii ENSUPAG00010003977
spermophilus_dauricus ENSSDAG00000002574
cavia_porcellus ENSCPOG00000014260
cavia_aperea ENSCAPG00000017500
octodon_degus ENSODEG00000000651
chinchilla_lanigera ENSCLAG00000010322
heterocephalus_glaber_male ENSHGLG00100001845
heterocephalus_glaber_female ENSHGLG00000001666
heterocephalus_glaber_male ENSHGLG00100002978
heterocephalus_glaber_female ENSHGLG00000000208
heterocephalus_glaber_female ENSHGLG00000003305
heterocephalus_glaber_male ENSHGLG00100008542
fukomys_damarensis ENSFDAG00000012735
tupaia_belangeri ENSTBEG00000017069
oryctolagus_cuniculus ENSOCUG00000011491
ochotona_princeps ENSOPRG00000007600
erinaceus_europaeus ENSEEUG00000003768
propithecus_coquereli ENSPCOG00000017405
dasypus_novemcinctus ENSDNOG00000001053
dasypus_novemcinctus ENSDNOG00000038885
choloepus_hoffmanni ENSCHOG00000007754
loxodonta_africana ENSLAFG00000008301
procavia_capensis ENSPCAG00000008491
echinops_telfairi ENSETEG00000015904
ornithorhynchus_anatinus ENSOANG00000001014
xenopus_tropicalis ENSXETG00000004535
latimeria_chalumnae ENSLACG00000010793
petromyzon_marinus ENSPMAG00000009149
ciona_savignyi ENSCSAVG00000003615
ciona_intestinalis ENSCING00000009621
