anas_platyrhynchos ENSAPLG00000022400
anas_platyrhynchos ENSAPLG00000030385
anas_platyrhynchos ENSAPLG00000026809
anas_platyrhynchos ENSAPLG00000024823
anas_platyrhynchos ENSAPLG00000019262
anas_platyrhynchos ENSAPLG00000028916
anas_platyrhynchos ENSAPLG00000023797
anas_platyrhynchos ENSAPLG00000020600
anas_platyrhynchos ENSAPLG00000028321
anas_platyrhynchos ENSAPLG00000018519
anas_platyrhynchos ENSAPLG00000022145
anser_brachyrhynchus ENSABRG00000000841
anser_brachyrhynchus ENSABRG00000007471
anas_platyrhynchos ENSAPLG00000016872
apteryx_rowi ENSARWG00000009123
apteryx_rowi ENSARWG00000004565
apteryx_owenii ENSAOWG00000006686
apteryx_owenii ENSAOWG00000017461
apteryx_haastii ENSAHAG00000006232
apteryx_owenii ENSAOWG00000002538
apteryx_haastii ENSAHAG00000008944
apteryx_rowi ENSARWG00000008781
