oryzias_latipes ENSORLG00020013780
oryzias_latipes ENSORLG00000001470
oryzias_latipes_asm223469v1 ENSORLG00015006805
oryzias_melastigma ENSOMEG00000017560
cynoglossus_semilaevis ENSCSEG00000020556
seriola_dumerili ENSSDUG00000021612
seriola_lalandi_dorsalis ENSSLDG00000016479
labrus_bergylta ENSLBEG00000004376
mastacembelus_armatus ENSMAMG00000020741
monopterus_albus ENSMALG00000005460
anabas_testudineus ENSATEG00000021992
astatotilapia_calliptera ENSACLG00000022545
maylandia_zebra ENSMZEG00005001504
pundamilia_nyererei ENSPNYG00000016408
haplochromis_burtoni ENSHBUG00000010694
neolamprologus_brichardi ENSNBRG00000006926
oreochromis_niloticus ENSONIG00000009730
amphilophus_citrinellus ENSACIG00000010828
kryptolebias_marmoratus ENSKMAG00000007253
amphiprion_percula ENSAPEG00000020490
amphiprion_ocellaris ENSAOCG00000022587
acanthochromis_polyacanthus ENSAPOG00000019827
acanthochromis_polyacanthus ENSAPOG00000011893
stegastes_partitus ENSSPAG00000010509
tetraodon_nigroviridis ENSTNIG00000011266
takifugu_rubripes ENSTRUG00000000144
mola_mola ENSMMOG00000012638
gasterosteus_aculeatus ENSGACG00000014559
poecilia_formosa ENSPFOG00000010104
poecilia_mexicana ENSPMEG00000007708
poecilia_latipinna ENSPLAG00000014335
poecilia_reticulata ENSPREG00000011570
xiphophorus_maculatus ENSXMAG00000014001
xiphophorus_couchianus ENSXCOG00000018145
gambusia_affinis ENSGAFG00000010760
scophthalmus_maximus ENSSMAG00000014028
cyprinodon_variegatus ENSCVAG00000015102
hippocampus_comes ENSHCOG00000007852
periophthalmus_magnuspinnatus ENSPMGG00000009405
esox_lucius ENSELUG00000018807
gadus_morhua ENSGMOG00000009136
astyanax_mexicanus ENSAMXG00000032155
pygocentrus_nattereri ENSPNAG00000029759
ictalurus_punctatus ENSIPUG00000010685
danio_rerio ENSDARG00000003599
paramormyrops_kingsleyae ENSPKIG00000007622
scleropages_formosus ENSSFOG00015008083
lepisosteus_oculatus ENSLOCG00000011210
sarcophilus_harrisii ENSSHAG00000003212
phascolarctos_cinereus ENSPCIG00000012360
monodelphis_domestica ENSMODG00000009539
notamacropus_eugenii ENSMEUG00000009789
ornithorhynchus_anatinus ENSOANG00000013665
lonchura_striata_domestica ENSLSDG00000005950
taeniopygia_guttata ENSTGUG00000010248
serinus_canaria ENSSCAG00000005062
ficedula_albicollis ENSFALG00000012365
junco_hyemalis ENSJHYG00000004280
zonotrichia_albicollis ENSZALG00000006681
parus_major ENSPMJG00000007738
cyanistes_caeruleus ENSCCEG00000005813
lepidothrix_coronata ENSLCOG00000012830
manacus_vitellinus ENSMVIG00005018131
melopsittacus_undulatus ENSMUNG00000015331
calidris_pygmaea ENSCPGG00000018767
calidris_pugnax ENSCPUG00000015503
meleagris_gallopavo ENSMGAG00000012376
coturnix_japonica ENSCJPG00005013323
gallus_gallus ENSGALG00000012172
numida_meleagris ENSNMEG00000011764
anser_brachyrhynchus ENSABRG00000000816
anas_platyrhynchos_platyrhynchos ENSAPLG00000014599
apteryx_haastii ENSAHAG00000011726
apteryx_owenii ENSAOWG00000011264
apteryx_rowi ENSARWG00000016349
dromaius_novaehollandiae ENSDNVG00000006646
nothoprocta_perdicaria ENSNPEG00000011169
crocodylus_porosus ENSCPRG00005019029
gopherus_agassizii ENSGAGG00000005088
chelonoidis_abingdonii ENSCABG00000011248
chrysemys_picta_bellii ENSCPBG00000022975
pelodiscus_sinensis ENSPSIG00000011501
anolis_carolinensis ENSACAG00000007688
pogona_vitticeps ENSPVIG00000018556
notechis_scutatus ENSNSUG00000004910
salvator_merianae ENSSMRG00000015655
sphenodon_punctatus ENSSPUG00000010477
vicugna_pacos ENSVPAG00000009706
capra_hircus ENSCHIG00000016449
mandrillus_leucophaeus ENSMLEG00000043955
piliocolobus_tephrosceles ENSPTEG00000038074
pan_paniscus ENSPPAG00000033502
rhinopithecus_roxellana ENSRROG00000013960
phascolarctos_cinereus ENSPCIG00000031811
papio_anubis ENSPANG00000024807
papio_anubis ENSPANG00000032323
rhinopithecus_roxellana ENSRROG00000038642
callithrix_jacchus ENSCJAG00000041009
mus_spicilegus ENSMSIG00000006699
mus_spicilegus ENSMSIG00000021907
peromyscus_maniculatus_bairdii ENSPEMG00000025781
bos_mutus ENSBMUG00000006754
bos_taurus ENSBTAG00000026861
bison_bison_bison ENSBBBG00000015970
bos_mutus ENSBMUG00000005089
capra_hircus ENSCHIG00000010410
apteryx_owenii ENSAOWG00000011280
gopherus_agassizii ENSGAGG00000008611
callithrix_jacchus ENSCJAG00000015309
callithrix_jacchus ENSCJAG00000012574
pongo_abelii ENSPPYG00000029764
carlito_syrichta ENSTSYG00000031401
tupaia_belangeri ENSTBEG00000005989
erinaceus_europaeus ENSEEUG00000014661
sorex_araneus ENSSARG00000009040
canis_lupus_dingo ENSCAFG00020017193
canis_lupus_familiaris ENSCAFG00000003564
ursus_maritimus ENSUMAG00000014413
ursus_americanus ENSUAMG00000004402
vulpes_vulpes ENSVVUG00000014575
neovison_vison ENSNVIG00000001342
mustela_putorius_furo ENSMPUG00000013271
canis_lupus_familiaris ENSCAFG00000001346
canis_lupus_dingo ENSCAFG00020002524
ailuropoda_melanoleuca ENSAMEG00000010853
myotis_lucifugus ENSMLUG00000023711
pteropus_vampyrus ENSPVAG00000003204
otolemur_garnettii ENSOGAG00000000032
mus_caroli_strain_caroli_eij MGP_CAROLIEiJ_G0020032
meriones_unguiculatus ENSMUGG00000025628
ochotona_princeps ENSOPRG00000013088
equus_asinus_asinus ENSEASG00005009140
echinops_telfairi ENSETEG00000011380
panthera_pardus ENSPPRG00000002759
panthera_tigris_altaica ENSPTIG00000014930
felis_catus ENSFCAG00000005820
dasypus_novemcinctus ENSDNOG00000041620
capra_hircus ENSCHIG00000025454
ovis_aries ENSOARG00000016495
bos_taurus ENSBTAG00000003228
bos_mutus ENSBMUG00000000471
bison_bison_bison ENSBBBG00000008662
tursiops_truncatus ENSTTRG00000010880
sus_scrofa ENSSSCG00000040494
equus_caballus ENSECAG00000020665
aotus_nancymaae ENSANAG00000035812
cebus_capucinus ENSCCAG00000036652
gorilla_gorilla ENSGGOG00000026121
pan_paniscus ENSPPAG00000029204
nomascus_leucogenys ENSNLEG00000029273
otolemur_garnettii ENSOGAG00000030427
chlorocebus_sabaeus ENSCSAG00000007257
jaculus_jaculus ENSJJAG00000019298
cricetulus_griseus_crigri ENSCGRG00000010877
jaculus_jaculus ENSJJAG00000014374
jaculus_jaculus ENSJJAG00000010650
octodon_degus ENSODEG00000010561
octodon_degus ENSODEG00000001166
nannospalax_galili ENSNGAG00000000201
oryctolagus_cuniculus ENSOCUG00000024127
carlito_syrichta ENSTSYG00000032444
otolemur_garnettii ENSOGAG00000032618
ovis_aries ENSOARG00000004343
capra_hircus ENSCHIG00000018394
dasypus_novemcinctus ENSDNOG00000047590
macaca_mulatta ENSMMUG00000002880
macaca_fascicularis ENSMFAG00000041939
macaca_nemestrina ENSMNEG00000029508
papio_anubis ENSPANG00000021593
cercocebus_atys ENSCATG00000037583
mandrillus_leucophaeus ENSMLEG00000030469
saimiri_boliviensis_boliviensis ENSSBOG00000021078
sarcophilus_harrisii ENSSHAG00000013663
jaculus_jaculus ENSJJAG00000015596
meriones_unguiculatus ENSMUGG00000019426
heterocephalus_glaber_female ENSHGLG00000010440
heterocephalus_glaber_male ENSHGLG00100003777
fukomys_damarensis ENSFDAG00000017255
cavia_porcellus ENSCPOG00000010038
cavia_aperea ENSCAPG00000005872
octodon_degus ENSODEG00000018750
octodon_degus ENSODEG00000013672
chinchilla_lanigera ENSCLAG00000016387
cricetulus_griseus_crigri-picr ENSCGRG00015003861
mesocricetus_auratus ENSMAUG00000021888
peromyscus_maniculatus_bairdii ENSPEMG00000012563
microtus_ochrogaster ENSMOCG00000007442
microtus_ochrogaster ENSMOCG00000022731
microtus_ochrogaster ENSMOCG00000000700
mus_spicilegus ENSMSIG00000028900
mus_spicilegus ENSMSIG00000027782
mus_spretus_strain_spret/eij MGP_SPRETEiJ_G0020930
mus_musculus ENSMUSG00000060036
mus_pahari MGP_PahariEiJ_G0020034
rattus_norvegicus ENSRNOG00000016896
nannospalax_galili ENSNGAG00000011936
castor_canadensis ENSCCNG00000001863
cricetulus_griseus_chok1gshd ENSCGRG00001021342
cricetulus_griseus_crigri ENSCGRG00000004967
ictidomys_tridecemlineatus ENSSTOG00000014559
dipodomys_ordii ENSDORG00000012849
marmota_marmota_marmota ENSMMMG00000005001
spermophilus_dauricus ENSSDAG00000024275
urocitellus_parryii ENSUPAG00010022280
prolemur_simus ENSPSMG00000004038
microcebus_murinus ENSMICG00000015832
nomascus_leucogenys ENSNLEG00000009882
piliocolobus_tephrosceles ENSPTEG00000029262
piliocolobus_tephrosceles ENSPTEG00000022992
colobus_angolensis_palliatus ENSCANG00000003267
rhinopithecus_bieti ENSRBIG00000019687
aotus_nancymaae ENSANAG00000031094
rhinopithecus_roxellana ENSRROG00000019042
piliocolobus_tephrosceles ENSPTEG00000022575
cebus_capucinus ENSCCAG00000031374
gorilla_gorilla ENSGGOG00000026319
pan_troglodytes ENSPTRG00000049504
cebus_capucinus ENSCCAG00000036498
mandrillus_leucophaeus ENSMLEG00000027655
macaca_mulatta ENSMMUG00000010029
theropithecus_gelada ENSTGEG00000010201
piliocolobus_tephrosceles ENSPTEG00000034332
macaca_mulatta ENSMMUG00000019335
macaca_nemestrina ENSMNEG00000045077
papio_anubis ENSPANG00000008986
chlorocebus_sabaeus ENSCSAG00000018658
macaca_nemestrina ENSMNEG00000031936
mandrillus_leucophaeus ENSMLEG00000021125
pan_troglodytes ENSPTRG00000042351
saimiri_boliviensis_boliviensis ENSSBOG00000030473
pan_paniscus ENSPPAG00000037466
pan_troglodytes ENSPTRG00000049360
gorilla_gorilla ENSGGOG00000002326
nomascus_leucogenys ENSNLEG00000030755
saimiri_boliviensis_boliviensis ENSSBOG00000025838
rhinopithecus_roxellana ENSRROG00000008432
rhinopithecus_roxellana ENSRROG00000044143
rhinopithecus_bieti ENSRBIG00000044575
colobus_angolensis_palliatus ENSCANG00000032697
cercocebus_atys ENSCATG00000044047
papio_anubis ENSPANG00000006976
macaca_fascicularis ENSMFAG00000031439
macaca_nemestrina ENSMNEG00000027367
homo_sapiens ENSG00000100316
pongo_abelii ENSPPYG00000011837
piliocolobus_tephrosceles ENSPTEG00000032449
rhinopithecus_roxellana ENSRROG00000038860
rhinopithecus_roxellana ENSRROG00000014709
colobus_angolensis_palliatus ENSCANG00000010770
colobus_angolensis_palliatus ENSCANG00000036471
colobus_angolensis_palliatus ENSCANG00000041070
pan_troglodytes ENSPTRG00000045605
pan_paniscus ENSPPAG00000024927
aotus_nancymaae ENSANAG00000019434
macaca_fascicularis ENSMFAG00000034604
macaca_mulatta ENSMMUG00000000347
cercocebus_atys ENSCATG00000034106
theropithecus_gelada ENSTGEG00000021780
rhinopithecus_roxellana ENSRROG00000036333
gorilla_gorilla ENSGGOG00000024302
aotus_nancymaae ENSANAG00000010664
cebus_capucinus ENSCCAG00000024011
chlorocebus_sabaeus ENSCSAG00000019608
cercocebus_atys ENSCATG00000015015
macaca_mulatta ENSMMUG00000001411
theropithecus_gelada ENSTGEG00000023187
papio_anubis ENSPANG00000005788
pan_paniscus ENSPPAG00000016433
gorilla_gorilla ENSGGOG00000025246
rhinopithecus_bieti ENSRBIG00000039069
colobus_angolensis_palliatus ENSCANG00000028822
cebus_capucinus ENSCCAG00000023109
papio_anubis ENSPANG00000021395
theropithecus_gelada ENSTGEG00000019018
cercocebus_atys ENSCATG00000034387
macaca_mulatta ENSMMUG00000030339
propithecus_coquereli ENSPCOG00000027786
pan_troglodytes ENSPTRG00000047294
pan_paniscus ENSPPAG00000043250
mandrillus_leucophaeus ENSMLEG00000042006
prolemur_simus ENSPSMG00000006815
nomascus_leucogenys ENSNLEG00000015234
callithrix_jacchus ENSCJAG00000010191
cebus_capucinus ENSCCAG00000022724
urocitellus_parryii ENSUPAG00010018264
spermophilus_dauricus ENSSDAG00000022828
saimiri_boliviensis_boliviensis ENSSBOG00000035093
propithecus_coquereli ENSPCOG00000026343
mesocricetus_auratus ENSMAUG00000021441
cricetulus_griseus_crigri ENSCGRG00000007192
colobus_angolensis_palliatus ENSCANG00000004773
saimiri_boliviensis_boliviensis ENSSBOG00000020724
aotus_nancymaae ENSANAG00000022748
nomascus_leucogenys ENSNLEG00000033559
sus_scrofa ENSSSCG00000034775
loxodonta_africana ENSLAFG00000007806
procavia_capensis ENSPCAG00000010642
oryctolagus_cuniculus ENSOCUG00000024544
oryctolagus_cuniculus ENSOCUG00000025196
oryctolagus_cuniculus ENSOCUG00000027712
chelonoidis_abingdonii ENSCABG00000015241
meriones_unguiculatus ENSMUGG00000023699
rattus_norvegicus ENSRNOG00000050424
nomascus_leucogenys ENSNLEG00000036263
anas_platyrhynchos_platyrhynchos ENSAPLG00000022882
xenopus_tropicalis ENSXETG00000006914
latimeria_chalumnae ENSLACG00000006276
oryzias_latipes ENSORLG00020017808
oryzias_latipes ENSORLG00000024405
fundulus_heteroclitus ENSFHEG00000006596
eptatretus_burgeri ENSEBUG00000008831
cavia_porcellus ENSCPOG00000011631
cavia_aperea ENSCAPG00000017395
chinchilla_lanigera ENSCLAG00000015614
octodon_degus ENSODEG00000015166
heterocephalus_glaber_male ENSHGLG00100018199
heterocephalus_glaber_female ENSHGLG00000003329
fukomys_damarensis ENSFDAG00000010752
ictidomys_tridecemlineatus ENSSTOG00000012921
spermophilus_dauricus ENSSDAG00000014349
marmota_marmota_marmota ENSMMMG00000011010
urocitellus_parryii ENSUPAG00010016544
papio_anubis ENSPANG00000011106
theropithecus_gelada ENSTGEG00000003995
cercocebus_atys ENSCATG00000043808
mandrillus_leucophaeus ENSMLEG00000032414
macaca_nemestrina ENSMNEG00000029185
macaca_mulatta ENSMMUG00000007937
macaca_fascicularis ENSMFAG00000039775
chlorocebus_sabaeus ENSCSAG00000011232
rhinopithecus_roxellana ENSRROG00000033620
rhinopithecus_bieti ENSRBIG00000028920
colobus_angolensis_palliatus ENSCANG00000040884
piliocolobus_tephrosceles ENSPTEG00000034518
pan_paniscus ENSPPAG00000039317
pan_troglodytes ENSPTRG00000007617
homo_sapiens ENSG00000140986
gorilla_gorilla ENSGGOG00000009364
pongo_abelii ENSPPYG00000006973
nomascus_leucogenys ENSNLEG00000008850
cebus_capucinus ENSCCAG00000028194
callithrix_jacchus ENSCJAG00000031300
saimiri_boliviensis_boliviensis ENSSBOG00000026845
aotus_nancymaae ENSANAG00000019116
pteropus_vampyrus ENSPVAG00000016699
procavia_capensis ENSPCAG00000002019
oryctolagus_cuniculus ENSOCUG00000016283
ochotona_princeps ENSOPRG00000007029
dipodomys_ordii ENSDORG00000007373
otolemur_garnettii ENSOGAG00000010087
sus_scrofa ENSSSCG00000032657
loxodonta_africana ENSLAFG00000016587
mus_spicilegus ENSMSIG00000008247
mus_spretus_strain_spret/eij MGP_SPRETEiJ_G0022117
mus_musculus ENSMUSG00000002500
mus_caroli_strain_caroli_eij MGP_CAROLIEiJ_G0021203
mus_pahari MGP_PahariEiJ_G0023520
rattus_norvegicus ENSRNOG00000014641
meriones_unguiculatus ENSMUGG00000025567
cricetulus_griseus_crigri-picr ENSCGRG00015014182
cricetulus_griseus_crigri ENSCGRG00000014302
cricetulus_griseus_chok1gshd ENSCGRG00001016900
mesocricetus_auratus ENSMAUG00000008094
microtus_ochrogaster ENSMOCG00000020012
peromyscus_maniculatus_bairdii ENSPEMG00000010667
nannospalax_galili ENSNGAG00000023163
jaculus_jaculus ENSJJAG00000011979
castor_canadensis ENSCCNG00000031453
bison_bison_bison ENSBBBG00000019535
ailuropoda_melanoleuca ENSAMEG00000008489
ursus_americanus ENSUAMG00000019320
neovison_vison ENSNVIG00000022110
mustela_putorius_furo ENSMPUG00000015565
panthera_pardus ENSPPRG00000005785
panthera_tigris_altaica ENSPTIG00000009722
felis_catus ENSFCAG00000011737
tursiops_truncatus ENSTTRG00000011391
equus_asinus_asinus ENSEASG00005004621
equus_caballus ENSECAG00000020632
propithecus_coquereli ENSPCOG00000014695
microcebus_murinus ENSMICG00000012746
prolemur_simus ENSPSMG00000024237
carlito_syrichta ENSTSYG00000036590
dasypus_novemcinctus ENSDNOG00000018455
canis_lupus_dingo ENSCAFG00020000233
vulpes_vulpes ENSVVUG00000009805
ursus_maritimus ENSUMAG00000022104
erinaceus_europaeus ENSEEUG00000005554
myotis_lucifugus ENSMLUG00000011638
bos_taurus ENSBTAG00000009533
bos_mutus ENSBMUG00000017984
ovis_aries ENSOARG00000016799
capra_hircus ENSCHIG00000020352
echinops_telfairi ENSETEG00000016228
phascolarctos_cinereus ENSPCIG00000021801
notamacropus_eugenii ENSMEUG00000004476
monodelphis_domestica ENSMODG00000016100
ornithorhynchus_anatinus ENSOANG00000001892
apteryx_owenii ENSAOWG00000004029
apteryx_haastii ENSAHAG00000013191
apteryx_rowi ENSARWG00000003014
nothoprocta_perdicaria ENSNPEG00000014308
dromaius_novaehollandiae ENSDNVG00000013471
anser_brachyrhynchus ENSABRG00000014104
anas_platyrhynchos_platyrhynchos ENSAPLG00000008390
meleagris_gallopavo ENSMGAG00000005601
coturnix_japonica ENSCJPG00005005610
gallus_gallus ENSGALG00000005458
numida_meleagris ENSNMEG00000012079
calidris_pygmaea ENSCPGG00000014707
calidris_pugnax ENSCPUG00000012193
manacus_vitellinus ENSMVIG00005006955
lepidothrix_coronata ENSLCOG00000012663
cyanistes_caeruleus ENSCCEG00000023147
parus_major ENSPMJG00000017648
ficedula_albicollis ENSFALG00000003326
lonchura_striata_domestica ENSLSDG00000010451
taeniopygia_guttata ENSTGUG00000006708
serinus_canaria ENSSCAG00000005515
junco_hyemalis ENSJHYG00000004086
zonotrichia_albicollis ENSZALG00000003051
melopsittacus_undulatus ENSMUNG00000013972
crocodylus_porosus ENSCPRG00005014882
gopherus_agassizii ENSGAGG00000024019
chelonoidis_abingdonii ENSCABG00000020860
chrysemys_picta_bellii ENSCPBG00000021144
pelodiscus_sinensis ENSPSIG00000009158
pogona_vitticeps ENSPVIG00000017931
anolis_carolinensis ENSACAG00000008872
notechis_scutatus ENSNSUG00000015567
salvator_merianae ENSSMRG00000016947
sphenodon_punctatus ENSSPUG00000013119
latimeria_chalumnae ENSLACG00000012769
xiphophorus_maculatus ENSXMAG00000022110
takifugu_rubripes ENSTRUG00000006437
ictalurus_punctatus ENSIPUG00000005160
paramormyrops_kingsleyae ENSPKIG00000000072
scleropages_formosus ENSSFOG00015023504
periophthalmus_magnuspinnatus ENSPMGG00000020646
periophthalmus_magnuspinnatus ENSPMGG00000020572
monopterus_albus ENSMALG00000007134
labrus_bergylta ENSLBEG00000026651
seriola_dumerili ENSSDUG00000008246
seriola_lalandi_dorsalis ENSSLDG00000023683
scophthalmus_maximus ENSSMAG00000014525
mastacembelus_armatus ENSMAMG00000023497
cynoglossus_semilaevis ENSCSEG00000015711
mola_mola ENSMMOG00000007580
maylandia_zebra ENSMZEG00005025630
maylandia_zebra ENSMZEG00005002569
astatotilapia_calliptera ENSACLG00000027949
pundamilia_nyererei ENSPNYG00000017282
haplochromis_burtoni ENSHBUG00000012002
neolamprologus_brichardi ENSNBRG00000003037
oreochromis_niloticus ENSONIG00000017211
amphilophus_citrinellus ENSACIG00000007570
amphiprion_ocellaris ENSAOCG00000002259
amphiprion_percula ENSAPEG00000010399
acanthochromis_polyacanthus ENSAPOG00000021465
stegastes_partitus ENSSPAG00000010569
anabas_testudineus ENSATEG00000024557
poecilia_formosa ENSPFOG00000009581
poecilia_latipinna ENSPLAG00000016502
poecilia_mexicana ENSPMEG00000019649
poecilia_reticulata ENSPREG00000005722
gambusia_affinis ENSGAFG00000020181
cyprinodon_variegatus ENSCVAG00000002743
fundulus_heteroclitus ENSFHEG00000023135
oryzias_melastigma ENSOMEG00000012474
hippocampus_comes ENSHCOG00000016617
gasterosteus_aculeatus ENSGACG00000011890
tetraodon_nigroviridis ENSTNIG00000018007
gadus_morhua ENSGMOG00000011527
esox_lucius ENSELUG00000007541
pygocentrus_nattereri ENSPNAG00000003989
astyanax_mexicanus ENSAMXG00000001115
lepisosteus_oculatus ENSLOCG00000008905
xenopus_tropicalis ENSXETG00000007221
petromyzon_marinus ENSPMAG00000000172
macaca_nemestrina ENSMNEG00000035597
ciona_savignyi ENSCSAVG00000000643
ciona_intestinalis ENSCING00000006731
drosophila_melanogaster FBgn0020910
caenorhabditis_elegans_strain_n2 WBGene00004414
piliocolobus_tephrosceles ENSPTEG00000016380
seriola_lalandi_dorsalis ENSSLDG00000005527
saccharomyces_cerevisiae YOR063W
