apteryx_rowi ENSARWG00000008561
apteryx_haastii ENSAHAG00000018310
apteryx_owenii ENSAOWG00000008477
dromaius_novaehollandiae ENSDNVG00000005964
nothoprocta_perdicaria ENSNPEG00000001260
gallus_gallus ENSGALG00000033098
coturnix_japonica ENSCJPG00005010988
numida_meleagris ENSNMEG00000006132
anser_brachyrhynchus ENSABRG00000006314
anas_platyrhynchos ENSAPLG00000011429
calidris_pugnax ENSCPUG00000015183
calidris_pygmaea ENSCPGG00000001351
melopsittacus_undulatus ENSMUNG00000013616
taeniopygia_guttata ENSTGUG00000002256
lonchura_striata ENSLSDG00000009274
zonotrichia_albicollis ENSZALG00000008397
serinus_canaria ENSSCAG00000008550
ficedula_albicollis ENSFALG00000001921
cyanistes_caeruleus ENSCCEG00000004496
parus_major ENSPMJG00000015853
manacus_vitellinus ENSMVIG00005009672
lepidothrix_coronata ENSLCOG00000011392
crocodylus_porosus ENSCPRG00005016159
chelonoidis_abingdonii ENSCABG00000005072
gopherus_agassizii ENSGAGG00000005605
chrysemys_picta ENSCPBG00000007769
pelodiscus_sinensis ENSPSIG00000018000
anolis_carolinensis ENSACAG00000010599
notechis_scutatus ENSNSUG00000017065
salvator_merianae ENSSMRG00000018883
sphenodon_punctatus ENSSPUG00000015180
phascolarctos_cinereus ENSPCIG00000018212
vombatus_ursinus ENSVURG00010001150
notamacropus_eugenii ENSMEUG00000006983
monodelphis_domestica ENSMODG00000039581
bos_mutus ENSBMUG00000026260
bos_taurus ENSBTAG00000004929
bison_bison ENSBBBG00000012071
ovis_aries ENSOARG00000009848
ovis_aries ENSOARG00000008911
capra_hircus ENSCHIG00000000538
tursiops_truncatus ENSTTRG00000004327
sus_scrofa ENSSSCG00000040855
vicugna_pacos ENSVPAG00000002551
pteropus_vampyrus ENSPVAG00000006225
myotis_lucifugus ENSMLUG00000007915
sorex_araneus ENSSARG00000013332
ursus_americanus ENSUAMG00000000855
ursus_maritimus ENSUMAG00000007277
ailuropoda_melanoleuca ENSAMEG00000015856
neovison_vison ENSNVIG00000000336
mustela_putorius ENSMPUG00000014467
canis_lupus ENSCAFG00000029142
canis_lupus ENSCAFG00020011704
vulpes_vulpes ENSVVUG00000001803
panthera_tigris ENSPTIG00000011017
panthera_pardus ENSPPRG00000018326
erinaceus_europaeus ENSEEUG00000005631
equus_caballus ENSECAG00000016437
equus_asinus ENSEASG00005013553
castor_canadensis ENSCCNG00000011092
dipodomys_ordii ENSDORG00000016319
mus_spretus MGP_SPRETEiJ_G0020525
mus_spicilegus ENSMSIG00000025148
mus_musculus ENSMUSG00000041935
mus_caroli MGP_CAROLIEiJ_G0019628
mus_pahari MGP_PahariEiJ_G0016009
rattus_norvegicus ENSRNOG00000052775
meriones_unguiculatus ENSMUGG00000022295
cricetulus_griseus ENSCGRG00001020182
cricetulus_griseus ENSCGRG00000007303
cricetulus_griseus ENSCGRG00015019635
mesocricetus_auratus ENSMAUG00000013375
peromyscus_maniculatus ENSPEMG00000010011
microtus_ochrogaster ENSMOCG00000017689
nannospalax_galili ENSNGAG00000000034
jaculus_jaculus ENSJJAG00000022223
jaculus_jaculus ENSJJAG00000021693
ictidomys_tridecemlineatus ENSSTOG00000008291
marmota_marmota ENSMMMG00000017296
spermophilus_dauricus ENSSDAG00000006014
urocitellus_parryii ENSUPAG00010005274
octodon_degus ENSODEG00000002517
octodon_degus ENSODEG00000006751
cavia_porcellus ENSCPOG00000031496
cavia_aperea ENSCAPG00000000186
chinchilla_lanigera ENSCLAG00000009605
heterocephalus_glaber ENSHGLG00100008761
heterocephalus_glaber ENSHGLG00000004874
fukomys_damarensis ENSFDAG00000016077
oryctolagus_cuniculus ENSOCUG00000009242
ochotona_princeps ENSOPRG00000004662
pan_troglodytes ENSPTRG00000051599
pan_paniscus ENSPPAG00000027004
gorilla_gorilla ENSGGOG00000009157
homo_sapiens ENSG00000205765
pongo_abelii ENSPPYG00000015429
nomascus_leucogenys ENSNLEG00000029700
rhinopithecus_roxellana ENSRROG00000039657
rhinopithecus_bieti ENSRBIG00000039887
colobus_angolensis ENSCANG00000032716
piliocolobus_tephrosceles ENSPTEG00000021127
macaca_fascicularis ENSMFAG00000002268
macaca_nemestrina ENSMNEG00000012725
chlorocebus_sabaeus ENSCSAG00000016803
theropithecus_gelada ENSTGEG00000010261
papio_anubis ENSPANG00000003802
cercocebus_atys ENSCATG00000041882
mandrillus_leucophaeus ENSMLEG00000039711
cebus_capucinus ENSCCAG00000029253
saimiri_boliviensis ENSSBOG00000024152
callithrix_jacchus ENSCJAG00000056589
aotus_nancymaae ENSANAG00000018123
carlito_syrichta ENSTSYG00000005389
propithecus_coquereli ENSPCOG00000028826
prolemur_simus ENSPSMG00000007513
otolemur_garnettii ENSOGAG00000002037
tupaia_belangeri ENSTBEG00000010211
dasypus_novemcinctus ENSDNOG00000034451
choloepus_hoffmanni ENSCHOG00000011640
loxodonta_africana ENSLAFG00000000155
procavia_capensis ENSPCAG00000010471
echinops_telfairi ENSETEG00000018882
ornithorhynchus_anatinus ENSOANG00000004647
latimeria_chalumnae ENSLACG00000004146
scleropages_formosus ENSSFOG00015006683
paramormyrops_kingsleyae ENSPKIG00000011126
clupea_harengus ENSCHAG00000013163
denticeps_clupeoides ENSDCDG00000002521
danio_rerio ENSDARG00000054777
hucho_hucho ENSHHUG00000041046
hucho_hucho ENSHHUG00000019877
esox_lucius ENSELUG00000002695
fundulus_heteroclitus ENSFHEG00000018130
cyprinodon_variegatus ENSCVAG00000011182
xiphophorus_maculatus ENSXMAG00000015907
xiphophorus_couchianus ENSXCOG00000005303
gambusia_affinis ENSGAFG00000012272
poecilia_formosa ENSPFOG00000008664
poecilia_latipinna ENSPLAG00000013081
poecilia_mexicana ENSPMEG00000024311
poecilia_reticulata ENSPREG00000016345
kryptolebias_marmoratus ENSKMAG00000013406
oryzias_latipes ENSORLG00015010847
oryzias_latipes ENSORLG00020002411
oryzias_latipes ENSORLG00000004076
oryzias_melastigma ENSOMEG00000021368
astatotilapia_calliptera ENSACLG00000014689
maylandia_zebra ENSMZEG00005006858
pundamilia_nyererei ENSPNYG00000015614
haplochromis_burtoni ENSHBUG00000004021
neolamprologus_brichardi ENSNBRG00000014060
oreochromis_niloticus ENSONIG00000015178
amphilophus_citrinellus ENSACIG00000003580
tetraodon_nigroviridis ENSTNIG00000004130
takifugu_rubripes ENSTRUG00000015015
mola_mola ENSMMOG00000001333
seriola_lalandi ENSSLDG00000018894
seriola_dumerili ENSSDUG00000005721
scophthalmus_maximus ENSSMAG00000002762
lates_calcarifer ENSLCAG00010005679
monopterus_albus ENSMALG00000017442
anabas_testudineus ENSATEG00000017125
betta_splendens ENSBSLG00000020488
mastacembelus_armatus ENSMAMG00000020824
cynoglossus_semilaevis ENSCSEG00000017432
cynoglossus_semilaevis ENSCSEG00000009431
hippocampus_comes ENSHCOG00000013675
cottoperca_gobio ENSCGOG00000021691
gasterosteus_aculeatus ENSGACG00000006860
labrus_bergylta ENSLBEG00000003515
larimichthys_crocea ENSLCRG00005017886
amphiprion_percula ENSAPEG00000005958
amphiprion_ocellaris ENSAOCG00000019041
acanthochromis_polyacanthus ENSAPOG00000012025
stegastes_partitus ENSSPAG00000006253
parambassis_ranga ENSPRNG00000016022
gouania_willdenowi ENSGWIG00000009286
periophthalmus_magnuspinnatus ENSPMGG00000008400
gadus_morhua ENSGMOG00000007689
ictalurus_punctatus ENSIPUG00000018946
electrophorus_electricus ENSEEEG00000002603
astyanax_mexicanus ENSAMXG00005005126
astyanax_mexicanus ENSAMXG00000005903
pygocentrus_nattereri ENSPNAG00000007368
lepisosteus_oculatus ENSLOCG00000008022
erpetoichthys_calabaricus ENSECRG00000009986
