xiphophorus_maculatus ENSXMAG00000026511
gambusia_affinis ENSGAFG00000021477
fundulus_heteroclitus ENSFHEG00000004911
cyprinodon_variegatus ENSCVAG00000021255
cyprinodon_variegatus ENSCVAG00000021260
kryptolebias_marmoratus ENSKMAG00000003029
oryzias_latipes ENSORLG00000017706
oryzias_latipes_asm223469v1 ENSORLG00015006347
oryzias_latipes ENSORLG00020006627
oryzias_melastigma ENSOMEG00000009466
gambusia_affinis ENSGAFG00000013046
xiphophorus_maculatus ENSXMAG00000026660
poecilia_formosa ENSPFOG00000023041
poecilia_mexicana ENSPMEG00000000936
poecilia_latipinna ENSPLAG00000014931
cyprinodon_variegatus ENSCVAG00000014888
amphiprion_percula ENSAPEG00000024800
seriola_lalandi_dorsalis ENSSLDG00000021072
seriola_lalandi_dorsalis ENSSLDG00000021062
seriola_lalandi_dorsalis ENSSLDG00000021051
seriola_lalandi_dorsalis ENSSLDG00000021039
cynoglossus_semilaevis ENSCSEG00000011916
cynoglossus_semilaevis ENSCSEG00000011914
cynoglossus_semilaevis ENSCSEG00000011921
labrus_bergylta ENSLBEG00000017269
