pogona_vitticeps ENSPVIG00000004301
anolis_carolinensis ENSACAG00000014185
notechis_scutatus ENSNSUG00000003917
salvator_merianae ENSSMRG00000012496
sphenodon_punctatus ENSSPUG00000009255
apteryx_owenii ENSAOWG00000006142
apteryx_haastii ENSAHAG00000008153
apteryx_rowi ENSARWG00000010764
dromaius_novaehollandiae ENSDNVG00000007158
nothoprocta_perdicaria ENSNPEG00000002086
zonotrichia_albicollis ENSZALG00000005651
junco_hyemalis ENSJHYG00000017206
serinus_canaria ENSSCAG00000014718
taeniopygia_guttata ENSTGUG00000011924
lonchura_striata_domestica ENSLSDG00000001620
ficedula_albicollis ENSFALG00000011057
parus_major ENSPMJG00000014077
cyanistes_caeruleus ENSCCEG00000014907
lepidothrix_coronata ENSLCOG00000016200
manacus_vitellinus ENSMVIG00005017962
calidris_pugnax ENSCPUG00000009004
calidris_pygmaea ENSCPGG00000012192
melopsittacus_undulatus ENSMUNG00000012210
coturnix_japonica ENSCJPG00005009203
gallus_gallus ENSGALG00000014918
meleagris_gallopavo ENSMGAG00000013368
numida_meleagris ENSNMEG00000022151
anas_platyrhynchos_platyrhynchos ENSAPLG00000002929
anser_brachyrhynchus ENSABRG00000018204
crocodylus_porosus ENSCPRG00005004215
gopherus_agassizii ENSGAGG00000010192
chelonoidis_abingdonii ENSCABG00000008382
chrysemys_picta_bellii ENSCPBG00000018850
pelodiscus_sinensis ENSPSIG00000008368
bos_mutus ENSBMUG00000021385
bos_taurus ENSBTAG00000000264
bison_bison_bison ENSBBBG00000009832
ovis_aries ENSOARG00000008929
capra_hircus ENSCHIG00000021570
pteropus_vampyrus ENSPVAG00000000614
erinaceus_europaeus ENSEEUG00000001945
cebus_capucinus ENSCCAG00000019715
saimiri_boliviensis_boliviensis ENSSBOG00000029327
callithrix_jacchus ENSCJAG00000004349
aotus_nancymaae ENSANAG00000035610
pan_troglodytes ENSPTRG00000018540
pan_paniscus ENSPPAG00000010113
gorilla_gorilla ENSGGOG00000006982
homo_sapiens ENSG00000185002
pongo_abelii ENSPPYG00000016960
nomascus_leucogenys ENSNLEG00000013258
rhinopithecus_roxellana ENSRROG00000042517
rhinopithecus_bieti ENSRBIG00000044389
piliocolobus_tephrosceles ENSPTEG00000026739
colobus_angolensis_palliatus ENSCANG00000038783
theropithecus_gelada ENSTGEG00000004305
papio_anubis ENSPANG00000008240
macaca_fascicularis ENSMFAG00000000913
macaca_mulatta ENSMMUG00000017189
macaca_nemestrina ENSMNEG00000037412
mandrillus_leucophaeus ENSMLEG00000033029
chlorocebus_sabaeus ENSCSAG00000015856
cercocebus_atys ENSCATG00000034545
otolemur_garnettii ENSOGAG00000011937
jaculus_jaculus ENSJJAG00000020654
tupaia_belangeri ENSTBEG00000011557
dasypus_novemcinctus ENSDNOG00000019162
echinops_telfairi ENSETEG00000005677
equus_asinus_asinus ENSEASG00005009070
equus_caballus ENSECAG00000019804
sorex_araneus ENSSARG00000012002
tursiops_truncatus ENSTTRG00000011052
sus_scrofa ENSSSCG00000039333
vicugna_pacos ENSVPAG00000002198
myotis_lucifugus ENSMLUG00000006665
mustela_putorius_furo ENSMPUG00000014252
neovison_vison ENSNVIG00000019542
canis_lupus_familiaris ENSCAFG00000000915
canis_lupus_dingo ENSCAFG00020021362
vulpes_vulpes ENSVVUG00000016613
ursus_americanus ENSUAMG00000012607
ursus_maritimus ENSUMAG00000003019
ailuropoda_melanoleuca ENSAMEG00000005843
panthera_tigris_altaica ENSPTIG00000012468
panthera_pardus ENSPPRG00000003259
felis_catus ENSFCAG00000018903
loxodonta_africana ENSLAFG00000003465
heterocephalus_glaber_female ENSHGLG00000019573
heterocephalus_glaber_male ENSHGLG00100005985
fukomys_damarensis ENSFDAG00000020653
chinchilla_lanigera ENSCLAG00000008090
octodon_degus ENSODEG00000006706
cavia_porcellus ENSCPOG00000015023
cavia_aperea ENSCAPG00000017889
dipodomys_ordii ENSDORG00000013591
cricetulus_griseus_crigri ENSCGRG00000004774
cricetulus_griseus_chok1gshd ENSCGRG00001013519
cricetulus_griseus_crigri-picr ENSCGRG00015024908
mesocricetus_auratus ENSMAUG00000002997
microtus_ochrogaster ENSMOCG00000013788
peromyscus_maniculatus_bairdii ENSPEMG00000013570
mus_spicilegus ENSMSIG00000001975
mus_musculus ENSMUSG00000019900
mus_spretus_strain_spret/eij MGP_SPRETEiJ_G0016117
mus_caroli_strain_caroli_eij MGP_CAROLIEiJ_G0015308
mus_pahari MGP_PahariEiJ_G0030725
nannospalax_galili ENSNGAG00000011878
castor_canadensis ENSCCNG00000003429
rattus_norvegicus ENSRNOG00000027949
spermophilus_dauricus ENSSDAG00000007539
ictidomys_tridecemlineatus ENSSTOG00000012365
urocitellus_parryii ENSUPAG00010021936
marmota_marmota_marmota ENSMMMG00000015641
oryctolagus_cuniculus ENSOCUG00000013227
ochotona_princeps ENSOPRG00000004776
prolemur_simus ENSPSMG00000025293
microcebus_murinus ENSMICG00000044294
propithecus_coquereli ENSPCOG00000024904
carlito_syrichta ENSTSYG00000008237
procavia_capensis ENSPCAG00000007768
choloepus_hoffmanni ENSCHOG00000011210
phascolarctos_cinereus ENSPCIG00000023071
notamacropus_eugenii ENSMEUG00000010297
sarcophilus_harrisii ENSSHAG00000009393
monodelphis_domestica ENSMODG00000017815
ornithorhynchus_anatinus ENSOANG00000004002
xenopus_tropicalis ENSXETG00000033810
latimeria_chalumnae ENSLACG00000004044
ornithorhynchus_anatinus ENSOANG00000020392
ornithorhynchus_anatinus ENSOANG00000021890
tetraodon_nigroviridis ENSTNIG00000009728
takifugu_rubripes ENSTRUG00000008447
mola_mola ENSMMOG00000015699
oryzias_latipes_asm223469v1 ENSORLG00015018633
oryzias_latipes ENSORLG00000018626
oryzias_melastigma ENSOMEG00000001825
hippocampus_comes ENSHCOG00000011783
cynoglossus_semilaevis ENSCSEG00000004877
mastacembelus_armatus ENSMAMG00000018018
monopterus_albus ENSMALG00000003226
amphiprion_percula ENSAPEG00000011857
amphiprion_ocellaris ENSAOCG00000007271
acanthochromis_polyacanthus ENSAPOG00000005330
stegastes_partitus ENSSPAG00000002842
fundulus_heteroclitus ENSFHEG00000006110
cyprinodon_variegatus ENSCVAG00000016690
xiphophorus_maculatus ENSXMAG00000015726
xiphophorus_couchianus ENSXCOG00000019087
gambusia_affinis ENSGAFG00000005894
poecilia_formosa ENSPFOG00000003162
poecilia_latipinna ENSPLAG00000021674
poecilia_mexicana ENSPMEG00000010216
poecilia_reticulata ENSPREG00000017805
kryptolebias_marmoratus ENSKMAG00000017374
pundamilia_nyererei ENSPNYG00000008969
haplochromis_burtoni ENSHBUG00000014477
maylandia_zebra ENSMZEG00005021835
neolamprologus_brichardi ENSNBRG00000010719
oreochromis_niloticus ENSONIG00000015740
amphilophus_citrinellus ENSACIG00000002360
anabas_testudineus ENSATEG00000021995
seriola_dumerili ENSSDUG00000004278
seriola_lalandi_dorsalis ENSSLDG00000006539
scophthalmus_maximus ENSSMAG00000004620
labrus_bergylta ENSLBEG00000024170
gasterosteus_aculeatus ENSGACG00000005840
periophthalmus_magnuspinnatus ENSPMGG00000020223
gadus_morhua ENSGMOG00000018155
esox_lucius ENSELUG00000021428
pygocentrus_nattereri ENSPNAG00000012068
astyanax_mexicanus ENSAMXG00000017899
ictalurus_punctatus ENSIPUG00000020835
danio_rerio ENSDARG00000041702
paramormyrops_kingsleyae ENSPKIG00000014493
scleropages_formosus ENSSFOG00015016140
lepisosteus_oculatus ENSLOCG00000017133
ciona_intestinalis ENSCING00000007302
oryzias_latipes_asm223469v1 ENSORLG00015011923
oryzias_latipes ENSORLG00000011114
oryzias_latipes ENSORLG00020021445
oryzias_melastigma ENSOMEG00000010659
poecilia_formosa ENSPFOG00000016523
poecilia_mexicana ENSPMEG00000018459
poecilia_latipinna ENSPLAG00000014933
poecilia_reticulata ENSPREG00000017494
gambusia_affinis ENSGAFG00000007039
xiphophorus_maculatus ENSXMAG00000001638
xiphophorus_couchianus ENSXCOG00000020475
fundulus_heteroclitus ENSFHEG00000008165
cyprinodon_variegatus ENSCVAG00000006605
gasterosteus_aculeatus ENSGACG00000011830
seriola_dumerili ENSSDUG00000018807
seriola_lalandi_dorsalis ENSSLDG00000022943
scophthalmus_maximus ENSSMAG00000006619
labrus_bergylta ENSLBEG00000025844
labrus_bergylta ENSLBEG00000012707
mola_mola ENSMMOG00000017040
mastacembelus_armatus ENSMAMG00000006362
monopterus_albus ENSMALG00000004042
anabas_testudineus ENSATEG00000021775
amphiprion_ocellaris ENSAOCG00000010687
amphiprion_percula ENSAPEG00000006759
acanthochromis_polyacanthus ENSAPOG00000000986
stegastes_partitus ENSSPAG00000008860
kryptolebias_marmoratus ENSKMAG00000005194
astatotilapia_calliptera ENSACLG00000027213
maylandia_zebra ENSMZEG00005019016
pundamilia_nyererei ENSPNYG00000001519
haplochromis_burtoni ENSHBUG00000008937
neolamprologus_brichardi ENSNBRG00000003323
oreochromis_niloticus ENSONIG00000014750
amphilophus_citrinellus ENSACIG00000005854
takifugu_rubripes ENSTRUG00000008925
tetraodon_nigroviridis ENSTNIG00000012137
cynoglossus_semilaevis ENSCSEG00000005960
periophthalmus_magnuspinnatus ENSPMGG00000013664
hippocampus_comes ENSHCOG00000006872
gadus_morhua ENSGMOG00000004267
esox_lucius ENSELUG00000024054
pygocentrus_nattereri ENSPNAG00000019169
astyanax_mexicanus ENSAMXG00000020148
ictalurus_punctatus ENSIPUG00000016674
danio_rerio ENSDARG00000026395
scleropages_formosus ENSSFOG00015001604
paramormyrops_kingsleyae ENSPKIG00000024742
lepisosteus_oculatus ENSLOCG00000015258
myotis_lucifugus ENSMLUG00000016257
erinaceus_europaeus ENSEEUG00000011658
peromyscus_maniculatus_bairdii ENSPEMG00000019368
microtus_ochrogaster ENSMOCG00000000962
cricetulus_griseus_crigri ENSCGRG00000001333
cricetulus_griseus_chok1gshd ENSCGRG00001000120
cricetulus_griseus_crigri-picr ENSCGRG00015011963
mesocricetus_auratus ENSMAUG00000006367
mus_musculus ENSMUSG00000020037
mus_spicilegus ENSMSIG00000029858
mus_spretus_strain_spret/eij MGP_SPRETEiJ_G0016496
mus_caroli_strain_caroli_eij MGP_CAROLIEiJ_G0015678
mus_pahari MGP_PahariEiJ_G0031406
rattus_norvegicus ENSRNOG00000051536
nannospalax_galili ENSNGAG00000000351
jaculus_jaculus ENSJJAG00000021779
urocitellus_parryii ENSUPAG00010001950
ictidomys_tridecemlineatus ENSSTOG00000015740
marmota_marmota_marmota ENSMMMG00000017077
cavia_aperea ENSCAPG00000000323
cavia_porcellus ENSCPOG00000001750
chinchilla_lanigera ENSCLAG00000012301
octodon_degus ENSODEG00000011767
heterocephalus_glaber_female ENSHGLG00000008736
heterocephalus_glaber_male ENSHGLG00100012499
fukomys_damarensis ENSFDAG00000011329
castor_canadensis ENSCCNG00000026123
dipodomys_ordii ENSDORG00000003959
tursiops_truncatus ENSTTRG00000010688
vicugna_pacos ENSVPAG00000008521
equus_caballus ENSECAG00000005111
equus_asinus_asinus ENSEASG00005021198
ursus_americanus ENSUAMG00000024270
ursus_maritimus ENSUMAG00000017340
ailuropoda_melanoleuca ENSAMEG00000016059
canis_lupus_familiaris ENSCAFG00000001813
canis_lupus_dingo ENSCAFG00020005027
vulpes_vulpes ENSVVUG00000023150
panthera_pardus ENSPPRG00000011565
panthera_tigris_altaica ENSPTIG00000021816
felis_catus ENSFCAG00000015618
pteropus_vampyrus ENSPVAG00000005862
mustela_putorius_furo ENSMPUG00000012144
neovison_vison ENSNVIG00000011307
ovis_aries ENSOARG00000017616
capra_hircus ENSCHIG00000022571
bos_mutus ENSBMUG00000003646
bos_taurus ENSBTAG00000025837
bison_bison_bison ENSBBBG00000000732
pan_paniscus ENSPPAG00000037488
pan_troglodytes ENSPTRG00000005391
gorilla_gorilla ENSGGOG00000007759
homo_sapiens ENSG00000111783
pongo_abelii ENSPPYG00000004906
nomascus_leucogenys ENSNLEG00000006695
rhinopithecus_roxellana ENSRROG00000028914
rhinopithecus_bieti ENSRBIG00000039278
colobus_angolensis_palliatus ENSCANG00000005412
piliocolobus_tephrosceles ENSPTEG00000018004
macaca_nemestrina ENSMNEG00000030538
macaca_fascicularis ENSMFAG00000037762
macaca_mulatta ENSMMUG00000022118
chlorocebus_sabaeus ENSCSAG00000002952
theropithecus_gelada ENSTGEG00000011500
papio_anubis ENSPANG00000006357
cercocebus_atys ENSCATG00000034974
mandrillus_leucophaeus ENSMLEG00000040115
saimiri_boliviensis_boliviensis ENSSBOG00000031206
cebus_capucinus ENSCCAG00000020317
callithrix_jacchus ENSCJAG00000015034
aotus_nancymaae ENSANAG00000035419
carlito_syrichta ENSTSYG00000008562
propithecus_coquereli ENSPCOG00000014674
microcebus_murinus ENSMICG00000008937
prolemur_simus ENSPSMG00000010836
otolemur_garnettii ENSOGAG00000003546
choloepus_hoffmanni ENSCHOG00000004942
dasypus_novemcinctus ENSDNOG00000000799
meriones_unguiculatus ENSMUGG00000010477
oryctolagus_cuniculus ENSOCUG00000028228
ochotona_princeps ENSOPRG00000008616
meriones_unguiculatus ENSMUGG00000024850
tupaia_belangeri ENSTBEG00000014680
loxodonta_africana ENSLAFG00000014122
procavia_capensis ENSPCAG00000005023
echinops_telfairi ENSETEG00000007550
spermophilus_dauricus ENSSDAG00000015812
notamacropus_eugenii ENSMEUG00000007718
phascolarctos_cinereus ENSPCIG00000009503
monodelphis_domestica ENSMODG00000001661
sarcophilus_harrisii ENSSHAG00000013027
ornithorhynchus_anatinus ENSOANG00000005534
ornithorhynchus_anatinus ENSOANG00000021173
anolis_carolinensis ENSACAG00000015355
pogona_vitticeps ENSPVIG00000018788
notechis_scutatus ENSNSUG00000012867
salvator_merianae ENSSMRG00000015893
sphenodon_punctatus ENSSPUG00000004925
apteryx_haastii ENSAHAG00000004681
apteryx_owenii ENSAOWG00000013012
apteryx_rowi ENSARWG00000007559
dromaius_novaehollandiae ENSDNVG00000007275
nothoprocta_perdicaria ENSNPEG00000015785
lepidothrix_coronata ENSLCOG00000008838
manacus_vitellinus ENSMVIG00005017758
parus_major ENSPMJG00000008713
cyanistes_caeruleus ENSCCEG00000006902
ficedula_albicollis ENSFALG00000013407
lonchura_striata_domestica ENSLSDG00000014654
taeniopygia_guttata ENSTGUG00000011025
serinus_canaria ENSSCAG00000003296
junco_hyemalis ENSJHYG00000007633
zonotrichia_albicollis ENSZALG00000003368
melopsittacus_undulatus ENSMUNG00000001779
calidris_pygmaea ENSCPGG00000011577
calidris_pugnax ENSCPUG00000015268
anser_brachyrhynchus ENSABRG00000004518
anas_platyrhynchos_platyrhynchos ENSAPLG00000005849
gallus_gallus ENSGALG00000012647
meleagris_gallopavo ENSMGAG00000012867
coturnix_japonica ENSCJPG00005018283
numida_meleagris ENSNMEG00000011906
crocodylus_porosus ENSCPRG00005018485
gopherus_agassizii ENSGAGG00000014358
chelonoidis_abingdonii ENSCABG00000002864
chrysemys_picta_bellii ENSCPBG00000023197
pelodiscus_sinensis ENSPSIG00000015178
taeniopygia_guttata ENSTGUG00000013638
xenopus_tropicalis ENSXETG00000014145
latimeria_chalumnae ENSLACG00000017280
eptatretus_burgeri ENSEBUG00000013884
monodelphis_domestica ENSMODG00000025480
phascolarctos_cinereus ENSPCIG00000013097
loxodonta_africana ENSLAFG00000011754
echinops_telfairi ENSETEG00000002033
dasypus_novemcinctus ENSDNOG00000007529
choloepus_hoffmanni ENSCHOG00000009733
castor_canadensis ENSCCNG00000025105
dipodomys_ordii ENSDORG00000027680
cricetulus_griseus_chok1gshd ENSCGRG00001019751
cricetulus_griseus_crigri-picr ENSCGRG00015011465
cricetulus_griseus_crigri ENSCGRG00000002564
mesocricetus_auratus ENSMAUG00000022016
microtus_ochrogaster ENSMOCG00000020079
peromyscus_maniculatus_bairdii ENSPEMG00000000748
mus_spretus_strain_spret/eij MGP_SPRETEiJ_G0014878
mus_musculus ENSMUSG00000057173
mus_spicilegus ENSMSIG00000022417
mus_caroli_strain_caroli_eij MGP_CAROLIEiJ_G0014074
rattus_norvegicus ENSRNOG00000058243
meriones_unguiculatus ENSMUGG00000020161
nannospalax_galili ENSNGAG00000000946
urocitellus_parryii ENSUPAG00010009009
ictidomys_tridecemlineatus ENSSTOG00000005252
marmota_marmota_marmota ENSMMMG00000019489
chinchilla_lanigera ENSCLAG00000009461
octodon_degus ENSODEG00000008257
cavia_porcellus ENSCPOG00000002640
cavia_aperea ENSCAPG00000015501
heterocephalus_glaber_female ENSHGLG00000009282
heterocephalus_glaber_male ENSHGLG00100004983
fukomys_damarensis ENSFDAG00000005275
oryctolagus_cuniculus ENSOCUG00000017895
microcebus_murinus ENSMICG00000035914
prolemur_simus ENSPSMG00000019345
propithecus_coquereli ENSPCOG00000022314
otolemur_garnettii ENSOGAG00000033445
carlito_syrichta ENSTSYG00000029790
erinaceus_europaeus ENSEEUG00000007763
sorex_araneus ENSSARG00000005556
myotis_lucifugus ENSMLUG00000017785
ailuropoda_melanoleuca ENSAMEG00000015567
pan_troglodytes ENSPTRG00000012293
pan_paniscus ENSPPAG00000041329
homo_sapiens ENSG00000196460
gorilla_gorilla ENSGGOG00000011918
pongo_abelii ENSPPYG00000012106
nomascus_leucogenys ENSNLEG00000014506
papio_anubis ENSPANG00000008935
mandrillus_leucophaeus ENSMLEG00000035011
theropithecus_gelada ENSTGEG00000006644
macaca_fascicularis ENSMFAG00000034469
macaca_nemestrina ENSMNEG00000035104
macaca_mulatta ENSMMUG00000030702
chlorocebus_sabaeus ENSCSAG00000017155
cercocebus_atys ENSCATG00000034271
colobus_angolensis_palliatus ENSCANG00000024454
piliocolobus_tephrosceles ENSPTEG00000021365
rhinopithecus_roxellana ENSRROG00000039867
rhinopithecus_bieti ENSRBIG00000007111
cebus_capucinus ENSCCAG00000029305
saimiri_boliviensis_boliviensis ENSSBOG00000019961
ovis_aries ENSOARG00000013205
capra_hircus ENSCHIG00000011060
bos_taurus ENSBTAG00000033998
bos_mutus ENSBMUG00000006169
bison_bison_bison ENSBBBG00000008792
sus_scrofa ENSSSCG00000008165
equus_caballus ENSECAG00000008397
equus_asinus_asinus ENSEASG00005018305
neovison_vison ENSNVIG00000020529
mustela_putorius_furo ENSMPUG00000012220
ursus_maritimus ENSUMAG00000021968
canis_lupus_familiaris ENSCAFG00000002190
canis_lupus_dingo ENSCAFG00020024550
vulpes_vulpes ENSVVUG00000028648
panthera_pardus ENSPPRG00000021774
panthera_tigris_altaica ENSPTIG00000007179
felis_catus ENSFCAG00000027253
apteryx_haastii ENSAHAG00000014121
apteryx_rowi ENSARWG00000008227
apteryx_owenii ENSAOWG00000007228
dromaius_novaehollandiae ENSDNVG00000000296
nothoprocta_perdicaria ENSNPEG00000012192
anser_brachyrhynchus ENSABRG00000011370
anas_platyrhynchos_platyrhynchos ENSAPLG00000022405
gallus_gallus ENSGALG00000045388
coturnix_japonica ENSCJPG00005001327
meleagris_gallopavo ENSMGAG00000014805
numida_meleagris ENSNMEG00000017704
parus_major ENSPMJG00000015183
cyanistes_caeruleus ENSCCEG00000020924
zonotrichia_albicollis ENSZALG00000009681
manacus_vitellinus ENSMVIG00005017858
calidris_pugnax ENSCPUG00000004363
crocodylus_porosus ENSCPRG00005012592
chrysemys_picta_bellii ENSCPBG00000026713
chelonoidis_abingdonii ENSCABG00000005945
pelodiscus_sinensis ENSPSIG00000017366
latimeria_chalumnae ENSLACG00000022645
ciona_intestinalis ENSCING00000022532
scophthalmus_maximus ENSSMAG00000002591
cynoglossus_semilaevis ENSCSEG00000016846
gasterosteus_aculeatus ENSGACG00000016864
monopterus_albus ENSMALG00000012132
mastacembelus_armatus ENSMAMG00000011935
seriola_dumerili ENSSDUG00000005356
seriola_lalandi_dorsalis ENSSLDG00000011445
labrus_bergylta ENSLBEG00000018260
anabas_testudineus ENSATEG00000019466
mola_mola ENSMMOG00000009408
amphiprion_percula ENSAPEG00000012681
amphiprion_ocellaris ENSAOCG00000021007
acanthochromis_polyacanthus ENSAPOG00000010514
stegastes_partitus ENSSPAG00000004491
maylandia_zebra ENSMZEG00005018598
pundamilia_nyererei ENSPNYG00000008150
haplochromis_burtoni ENSHBUG00000021638
astatotilapia_calliptera ENSACLG00000014557
neolamprologus_brichardi ENSNBRG00000004632
oreochromis_niloticus ENSONIG00000014034
amphilophus_citrinellus ENSACIG00000018552
xiphophorus_maculatus ENSXMAG00000005015
xiphophorus_couchianus ENSXCOG00000003065
gambusia_affinis ENSGAFG00000009920
poecilia_formosa ENSPFOG00000019806
poecilia_latipinna ENSPLAG00000005171
poecilia_mexicana ENSPMEG00000013075
poecilia_reticulata ENSPREG00000013770
cyprinodon_variegatus ENSCVAG00000021772
fundulus_heteroclitus ENSFHEG00000020129
kryptolebias_marmoratus ENSKMAG00000009937
oryzias_latipes ENSORLG00020018320
oryzias_latipes_asm223469v1 ENSORLG00015005784
oryzias_latipes ENSORLG00000007747
oryzias_melastigma ENSOMEG00000003021
takifugu_rubripes ENSTRUG00000013889
tetraodon_nigroviridis ENSTNIG00000009051
periophthalmus_magnuspinnatus ENSPMGG00000010705
hippocampus_comes ENSHCOG00000018764
gadus_morhua ENSGMOG00000013997
esox_lucius ENSELUG00000023330
astyanax_mexicanus ENSAMXG00000019201
pygocentrus_nattereri ENSPNAG00000019929
ictalurus_punctatus ENSIPUG00000004967
danio_rerio ENSDARG00000014550
paramormyrops_kingsleyae ENSPKIG00000017641
scleropages_formosus ENSSFOG00015015884
lepisosteus_oculatus ENSLOCG00000012975
apteryx_haastii ENSAHAG00000012211
apteryx_owenii ENSAOWG00000010971
apteryx_rowi ENSARWG00000004130
nothoprocta_perdicaria ENSNPEG00000012728
dromaius_novaehollandiae ENSDNVG00000007932
calidris_pygmaea ENSCPGG00000010449
calidris_pugnax ENSCPUG00000013510
melopsittacus_undulatus ENSMUNG00000015906
lonchura_striata_domestica ENSLSDG00000013628
taeniopygia_guttata ENSTGUG00000005287
serinus_canaria ENSSCAG00000003133
zonotrichia_albicollis ENSZALG00000015336
cyanistes_caeruleus ENSCCEG00000016094
parus_major ENSPMJG00000016201
ficedula_albicollis ENSFALG00000010515
lepidothrix_coronata ENSLCOG00000003697
manacus_vitellinus ENSMVIG00005010386
anas_platyrhynchos_platyrhynchos ENSAPLG00000011096
anser_brachyrhynchus ENSABRG00000009271
gallus_gallus ENSGALG00000010179
meleagris_gallopavo ENSMGAG00000005240
coturnix_japonica ENSCJPG00005003180
numida_meleagris ENSNMEG00000009991
crocodylus_porosus ENSCPRG00005004493
gopherus_agassizii ENSGAGG00000010425
chelonoidis_abingdonii ENSCABG00000019365
chrysemys_picta_bellii ENSCPBG00000025473
pelodiscus_sinensis ENSPSIG00000005608
pogona_vitticeps ENSPVIG00000005369
anolis_carolinensis ENSACAG00000003262
notechis_scutatus ENSNSUG00000019919
salvator_merianae ENSSMRG00000012376
sphenodon_punctatus ENSSPUG00000001791
phascolarctos_cinereus ENSPCIG00000024087
notamacropus_eugenii ENSMEUG00000011061
sarcophilus_harrisii ENSSHAG00000003775
monodelphis_domestica ENSMODG00000015410
equus_caballus ENSECAG00000011075
equus_asinus_asinus ENSEASG00005010402
sorex_araneus ENSSARG00000013845
sus_scrofa ENSSSCG00000005225
tursiops_truncatus ENSTTRG00000003709
vicugna_pacos ENSVPAG00000005472
bison_bison_bison ENSBBBG00000003993
bos_mutus ENSBMUG00000013834
capra_hircus ENSCHIG00000011556
ovis_aries ENSOARG00000013361
pteropus_vampyrus ENSPVAG00000001088
myotis_lucifugus ENSMLUG00000013765
erinaceus_europaeus ENSEEUG00000013595
spermophilus_dauricus ENSSDAG00000020343
ictidomys_tridecemlineatus ENSSTOG00000006974
castor_canadensis ENSCCNG00000025773
chinchilla_lanigera ENSCLAG00000009044
octodon_degus ENSODEG00000003682
cavia_porcellus ENSCPOG00000000900
cavia_aperea ENSCAPG00000008666
heterocephalus_glaber_male ENSHGLG00100000494
heterocephalus_glaber_female ENSHGLG00000018913
fukomys_damarensis ENSFDAG00000017243
microcebus_murinus ENSMICG00000011871
propithecus_coquereli ENSPCOG00000022172
prolemur_simus ENSPSMG00000024938
otolemur_garnettii ENSOGAG00000007762
carlito_syrichta ENSTSYG00000006974
tupaia_belangeri ENSTBEG00000016009
cricetulus_griseus_chok1gshd ENSCGRG00001021745
cricetulus_griseus_crigri-picr ENSCGRG00015022517
cricetulus_griseus_crigri ENSCGRG00000001003
mesocricetus_auratus ENSMAUG00000009987
microtus_ochrogaster ENSMOCG00000018931
peromyscus_maniculatus_bairdii ENSPEMG00000019731
mus_spretus_strain_spret/eij MGP_SPRETEiJ_G0023764
mus_musculus ENSMUSG00000040929
mus_spicilegus ENSMSIG00000023245
mus_caroli_strain_caroli_eij MGP_CAROLIEiJ_G0022846
mus_pahari MGP_PahariEiJ_G0014339
rattus_norvegicus ENSRNOG00000014486
meriones_unguiculatus ENSMUGG00000009656
nannospalax_galili ENSNGAG00000016470
jaculus_jaculus ENSJJAG00000010280
dipodomys_ordii ENSDORG00000013906
oryctolagus_cuniculus ENSOCUG00000014086
ochotona_princeps ENSOPRG00000000862
ursus_maritimus ENSUMAG00000018101
ursus_americanus ENSUAMG00000019440
ailuropoda_melanoleuca ENSAMEG00000012132
mustela_putorius_furo ENSMPUG00000005101
neovison_vison ENSNVIG00000007796
canis_lupus_dingo ENSCAFG00020026868
canis_lupus_familiaris ENSCAFG00000002053
vulpes_vulpes ENSVVUG00000006609
panthera_pardus ENSPPRG00000000606
panthera_tigris_altaica ENSPTIG00000017617
felis_catus ENSFCAG00000012950
procavia_capensis ENSPCAG00000015591
echinops_telfairi ENSETEG00000002475
loxodonta_africana ENSLAFG00000021602
choloepus_hoffmanni ENSCHOG00000008113
cebus_capucinus ENSCCAG00000030352
saimiri_boliviensis_boliviensis ENSSBOG00000031103
aotus_nancymaae ENSANAG00000038145
pan_paniscus ENSPPAG00000039978
pan_troglodytes ENSPTRG00000048670
gorilla_gorilla ENSGGOG00000003805
homo_sapiens ENSG00000080298
pongo_abelii ENSPPYG00000019253
nomascus_leucogenys ENSNLEG00000008785
rhinopithecus_bieti ENSRBIG00000032625
rhinopithecus_roxellana ENSRROG00000033247
piliocolobus_tephrosceles ENSPTEG00000001285
colobus_angolensis_palliatus ENSCANG00000000755
macaca_nemestrina ENSMNEG00000038188
macaca_mulatta ENSMMUG00000000802
macaca_fascicularis ENSMFAG00000000237
cercocebus_atys ENSCATG00000034639
theropithecus_gelada ENSTGEG00000021536
mandrillus_leucophaeus ENSMLEG00000033860
chlorocebus_sabaeus ENSCSAG00000008704
papio_anubis ENSPANG00000025143
callithrix_jacchus ENSCJAG00000010996
dasypus_novemcinctus ENSDNOG00000018668
bos_taurus ENSBTAG00000000819
serinus_canaria ENSSCAG00000015568
anser_brachyrhynchus ENSABRG00000015419
ornithorhynchus_anatinus ENSOANG00000014996
xenopus_tropicalis ENSXETG00000011698
latimeria_chalumnae ENSLACG00000011846
hippocampus_comes ENSHCOG00000006936
periophthalmus_magnuspinnatus ENSPMGG00000006446
fundulus_heteroclitus ENSFHEG00000021635
cyprinodon_variegatus ENSCVAG00000017283
xiphophorus_maculatus ENSXMAG00000002530
xiphophorus_couchianus ENSXCOG00000008821
gambusia_affinis ENSGAFG00000007497
poecilia_mexicana ENSPMEG00000013665
poecilia_reticulata ENSPREG00000008815
poecilia_formosa ENSPFOG00000014343
poecilia_latipinna ENSPLAG00000022773
kryptolebias_marmoratus ENSKMAG00000013515
oryzias_latipes ENSORLG00000009257
oryzias_latipes_asm223469v1 ENSORLG00015008353
oryzias_latipes ENSORLG00020012546
oryzias_melastigma ENSOMEG00000005761
amphiprion_ocellaris ENSAOCG00000018851
amphiprion_percula ENSAPEG00000008251
acanthochromis_polyacanthus ENSAPOG00000018195
stegastes_partitus ENSSPAG00000015709
maylandia_zebra ENSMZEG00005019062
maylandia_zebra ENSMZEG00005018668
astatotilapia_calliptera ENSACLG00000010807
pundamilia_nyererei ENSPNYG00000013594
haplochromis_burtoni ENSHBUG00000005376
neolamprologus_brichardi ENSNBRG00000021013
oreochromis_niloticus ENSONIG00000010042
amphilophus_citrinellus ENSACIG00000012986
mola_mola ENSMMOG00000006865
gasterosteus_aculeatus ENSGACG00000007541
labrus_bergylta ENSLBEG00000026595
scophthalmus_maximus ENSSMAG00000020840
cynoglossus_semilaevis ENSCSEG00000016950
seriola_lalandi_dorsalis ENSSLDG00000005856
seriola_dumerili ENSSDUG00000011186
monopterus_albus ENSMALG00000019956
mastacembelus_armatus ENSMAMG00000007645
anabas_testudineus ENSATEG00000018206
tetraodon_nigroviridis ENSTNIG00000018128
takifugu_rubripes ENSTRUG00000008788
scleropages_formosus ENSSFOG00015016879
astyanax_mexicanus ENSAMXG00000042518
pygocentrus_nattereri ENSPNAG00000019313
ictalurus_punctatus ENSIPUG00000014815
danio_rerio ENSDARG00000013575
paramormyrops_kingsleyae ENSPKIG00000016844
gadus_morhua ENSGMOG00000010985
esox_lucius ENSELUG00000014877
paramormyrops_kingsleyae ENSPKIG00000014708
scleropages_formosus ENSSFOG00015001763
lepisosteus_oculatus ENSLOCG00000000921
notamacropus_eugenii ENSMEUG00000009870
phascolarctos_cinereus ENSPCIG00000008454
sarcophilus_harrisii ENSSHAG00000005810
monodelphis_domestica ENSMODG00000001398
loxodonta_africana ENSLAFG00000027235
loxodonta_africana ENSLAFG00000013350
procavia_capensis ENSPCAG00000005516
echinops_telfairi ENSETEG00000006652
pongo_abelii ENSPPYG00000009445
nomascus_leucogenys ENSNLEG00000015842
pan_paniscus ENSPPAG00000041867
pan_troglodytes ENSPTRG00000010352
homo_sapiens ENSG00000087903
gorilla_gorilla ENSGGOG00000009633
papio_anubis ENSPANG00000012105
theropithecus_gelada ENSTGEG00000019114
cercocebus_atys ENSCATG00000040945
chlorocebus_sabaeus ENSCSAG00000009771
mandrillus_leucophaeus ENSMLEG00000025063
macaca_mulatta ENSMMUG00000011967
macaca_fascicularis ENSMFAG00000036589
macaca_nemestrina ENSMNEG00000030375
colobus_angolensis_palliatus ENSCANG00000032660
piliocolobus_tephrosceles ENSPTEG00000022441
rhinopithecus_bieti ENSRBIG00000033776
rhinopithecus_roxellana ENSRROG00000028821
cebus_capucinus ENSCCAG00000028516
saimiri_boliviensis_boliviensis ENSSBOG00000017266
callithrix_jacchus ENSCJAG00000016750
aotus_nancymaae ENSANAG00000023324
carlito_syrichta ENSTSYG00000012982
prolemur_simus ENSPSMG00000001497
microcebus_murinus ENSMICG00000004022
propithecus_coquereli ENSPCOG00000027982
otolemur_garnettii ENSOGAG00000004261
myotis_lucifugus ENSMLUG00000017439
pteropus_vampyrus ENSPVAG00000003357
mustela_putorius_furo ENSMPUG00000006329
neovison_vison ENSNVIG00000015069
ursus_americanus ENSUAMG00000022718
ursus_maritimus ENSUMAG00000010908
ailuropoda_melanoleuca ENSAMEG00000007745
canis_lupus_familiaris ENSCAFG00000018728
canis_lupus_dingo ENSCAFG00020019038
vulpes_vulpes ENSVVUG00000026908
panthera_pardus ENSPPRG00000004939
panthera_tigris_altaica ENSPTIG00000013487
felis_catus ENSFCAG00000012504
equus_caballus ENSECAG00000020379
equus_asinus_asinus ENSEASG00005023101
sorex_araneus ENSSARG00000013605
ovis_aries ENSOARG00000006489
capra_hircus ENSCHIG00000023052
bos_mutus ENSBMUG00000026006
bos_taurus ENSBTAG00000017661
bison_bison_bison ENSBBBG00000007387
tursiops_truncatus ENSTTRG00000007531
sus_scrofa ENSSSCG00000035403
choloepus_hoffmanni ENSCHOG00000006667
dasypus_novemcinctus ENSDNOG00000033124
dipodomys_ordii ENSDORG00000008083
castor_canadensis ENSCCNG00000025845
ictidomys_tridecemlineatus ENSSTOG00000027723
urocitellus_parryii ENSUPAG00010023647
spermophilus_dauricus ENSSDAG00000009637
marmota_marmota_marmota ENSMMMG00000019107
mus_spicilegus ENSMSIG00000022188
mus_musculus ENSMUSG00000024206
mus_spretus_strain_spret/eij MGP_SPRETEiJ_G0022702
mus_caroli_strain_caroli_eij MGP_CAROLIEiJ_G0021791
mus_pahari MGP_PahariEiJ_G0020780
rattus_norvegicus ENSRNOG00000045846
meriones_unguiculatus ENSMUGG00000006201
cricetulus_griseus_crigri ENSCGRG00000005529
cricetulus_griseus_crigri-picr ENSCGRG00015001964
cricetulus_griseus_chok1gshd ENSCGRG00001008783
mesocricetus_auratus ENSMAUG00000018587
peromyscus_maniculatus_bairdii ENSPEMG00000021291
microtus_ochrogaster ENSMOCG00000012338
nannospalax_galili ENSNGAG00000018829
jaculus_jaculus ENSJJAG00000009362
heterocephalus_glaber_female ENSHGLG00000015258
heterocephalus_glaber_male ENSHGLG00100010472
fukomys_damarensis ENSFDAG00000002189
chinchilla_lanigera ENSCLAG00000008242
octodon_degus ENSODEG00000015368
cavia_porcellus ENSCPOG00000024260
cavia_aperea ENSCAPG00000012326
ochotona_princeps ENSOPRG00000001440
oryctolagus_cuniculus ENSOCUG00000005005
ornithorhynchus_anatinus ENSOANG00000003796
calidris_pygmaea ENSCPGG00000016620
calidris_pugnax ENSCPUG00000004869
manacus_vitellinus ENSMVIG00005010890
lepidothrix_coronata ENSLCOG00000008922
lonchura_striata_domestica ENSLSDG00000003729
taeniopygia_guttata ENSTGUG00000000369
serinus_canaria ENSSCAG00000002695
junco_hyemalis ENSJHYG00000010336
zonotrichia_albicollis ENSZALG00000008204
ficedula_albicollis ENSFALG00000013832
parus_major ENSPMJG00000010657
cyanistes_caeruleus ENSCCEG00000023317
anser_brachyrhynchus ENSABRG00000013316
anas_platyrhynchos_platyrhynchos ENSAPLG00000004369
gallus_gallus ENSGALG00000001773
meleagris_gallopavo ENSMGAG00000001572
coturnix_japonica ENSCJPG00005009826
numida_meleagris ENSNMEG00000008117
melopsittacus_undulatus ENSMUNG00000007085
apteryx_owenii ENSAOWG00000012814
apteryx_haastii ENSAHAG00000010986
apteryx_rowi ENSARWG00000008351
dromaius_novaehollandiae ENSDNVG00000016254
nothoprocta_perdicaria ENSNPEG00000012275
crocodylus_porosus ENSCPRG00005009653
chelonoidis_abingdonii ENSCABG00000000813
gopherus_agassizii ENSGAGG00000006245
chrysemys_picta_bellii ENSCPBG00000011147
pelodiscus_sinensis ENSPSIG00000005029
sphenodon_punctatus ENSSPUG00000011275
salvator_merianae ENSSMRG00000019530
pogona_vitticeps ENSPVIG00000012832
xenopus_tropicalis ENSXETG00000021877
latimeria_chalumnae ENSLACG00000012525
oryctolagus_cuniculus ENSOCUG00000023815
ornithorhynchus_anatinus ENSOANG00000015701
gallus_gallus ENSGALG00000051163
capra_hircus ENSCHIG00000025598
ovis_aries ENSOARG00000007055
bos_mutus ENSBMUG00000000093
bos_taurus ENSBTAG00000008854
equus_caballus ENSECAG00000016589
equus_asinus_asinus ENSEASG00005015303
felis_catus ENSFCAG00000003721
panthera_pardus ENSPPRG00000012284
pteropus_vampyrus ENSPVAG00000017549
microcebus_murinus ENSMICG00000012036
mus_musculus ENSMUSG00000031706
mus_spretus_strain_spret/eij MGP_SPRETEiJ_G0032409
mus_spicilegus ENSMSIG00000012789
mus_caroli_strain_caroli_eij MGP_CAROLIEiJ_G0031291
mus_pahari MGP_PahariEiJ_G0022897
rattus_norvegicus ENSRNOG00000006049
meriones_unguiculatus ENSMUGG00000014950
cricetulus_griseus_crigri ENSCGRG00000017713
cricetulus_griseus_crigri-picr ENSCGRG00015016396
cricetulus_griseus_chok1gshd ENSCGRG00001011068
mesocricetus_auratus ENSMAUG00000018885
microtus_ochrogaster ENSMOCG00000009461
peromyscus_maniculatus_bairdii ENSPEMG00000014245
nannospalax_galili ENSNGAG00000015296
jaculus_jaculus ENSJJAG00000007901
cavia_porcellus ENSCPOG00000010089
urocitellus_parryii ENSUPAG00010011748
ictidomys_tridecemlineatus ENSSTOG00000025432
marmota_marmota_marmota ENSMMMG00000021740
procavia_capensis ENSPCAG00000010006
dipodomys_ordii ENSDORG00000016506
heterocephalus_glaber_male ENSHGLG00100012079
ochotona_princeps ENSOPRG00000003641
tupaia_belangeri ENSTBEG00000014646
prolemur_simus ENSPSMG00000000677
otolemur_garnettii ENSOGAG00000007203
gorilla_gorilla ENSGGOG00000000385
homo_sapiens ENSG00000132005
nomascus_leucogenys ENSNLEG00000013294
macaca_fascicularis ENSMFAG00000031642
macaca_mulatta ENSMMUG00000018966
theropithecus_gelada ENSTGEG00000006729
rhinopithecus_bieti ENSRBIG00000039951
rhinopithecus_roxellana ENSRROG00000038209
cebus_capucinus ENSCCAG00000037933
saimiri_boliviensis_boliviensis ENSSBOG00000022420
aotus_nancymaae ENSANAG00000022687
pan_paniscus ENSPPAG00000029817
colobus_angolensis_palliatus ENSCANG00000035905
callithrix_jacchus ENSCJAG00000004970
chinchilla_lanigera ENSCLAG00000013348
octodon_degus ENSODEG00000011025
heterocephalus_glaber_female ENSHGLG00000013500
castor_canadensis ENSCCNG00000020409
canis_lupus_dingo ENSCAFG00020006758
canis_lupus_familiaris ENSCAFG00000016511
vulpes_vulpes ENSVVUG00000026765
mustela_putorius_furo ENSMPUG00000003132
sus_scrofa ENSSSCG00000013764
cercocebus_atys ENSCATG00000041901
macaca_nemestrina ENSMNEG00000038388
papio_anubis ENSPANG00000009789
mandrillus_leucophaeus ENSMLEG00000030212
piliocolobus_tephrosceles ENSPTEG00000037148
pan_troglodytes ENSPTRG00000010574
propithecus_coquereli ENSPCOG00000021114
fukomys_damarensis ENSFDAG00000020225
pongo_abelii ENSPPYG00000009631
carlito_syrichta ENSTSYG00000028449
cavia_aperea ENSCAPG00000017390
ursus_americanus ENSUAMG00000007187
ursus_maritimus ENSUMAG00000004593
neovison_vison ENSNVIG00000006441
ailuropoda_melanoleuca ENSAMEG00000013075
loxodonta_africana ENSLAFG00000010160
tursiops_truncatus ENSTTRG00000008377
bison_bison_bison ENSBBBG00000005338
myotis_lucifugus ENSMLUG00000013002
echinops_telfairi ENSETEG00000003677
apteryx_owenii ENSAOWG00000019337
xenopus_tropicalis ENSXETG00000005567
notamacropus_eugenii ENSMEUG00000009014
phascolarctos_cinereus ENSPCIG00000029769
sarcophilus_harrisii ENSSHAG00000009998
monodelphis_domestica ENSMODG00000012044
anolis_carolinensis ENSACAG00000015671
pogona_vitticeps ENSPVIG00000009125
notechis_scutatus ENSNSUG00000013312
salvator_merianae ENSSMRG00000017045
gopherus_agassizii ENSGAGG00000004334
chelonoidis_abingdonii ENSCABG00000004196
chrysemys_picta_bellii ENSCPBG00000023811
pelodiscus_sinensis ENSPSIG00000016113
sphenodon_punctatus ENSSPUG00000004197
latimeria_chalumnae ENSLACG00000022433
gasterosteus_aculeatus ENSGACG00000012429
periophthalmus_magnuspinnatus ENSPMGG00000022871
cynoglossus_semilaevis ENSCSEG00000012797
haplochromis_burtoni ENSHBUG00000014773
pundamilia_nyererei ENSPNYG00000013918
maylandia_zebra ENSMZEG00005023963
maylandia_zebra ENSMZEG00005011253
astatotilapia_calliptera ENSACLG00000001622
neolamprologus_brichardi ENSNBRG00000006011
oreochromis_niloticus ENSONIG00000002158
monopterus_albus ENSMALG00000004876
amphilophus_citrinellus ENSACIG00000007590
xiphophorus_couchianus ENSXCOG00000018415
xiphophorus_maculatus ENSXMAG00000014267
gambusia_affinis ENSGAFG00000018996
poecilia_latipinna ENSPLAG00000018708
poecilia_formosa ENSPFOG00000012660
poecilia_mexicana ENSPMEG00000005952
poecilia_reticulata ENSPREG00000001226
fundulus_heteroclitus ENSFHEG00000016377
cyprinodon_variegatus ENSCVAG00000002770
kryptolebias_marmoratus ENSKMAG00000021241
oryzias_latipes_asm223469v1 ENSORLG00015005567
oryzias_latipes ENSORLG00000010273
oryzias_latipes ENSORLG00020000425
oryzias_melastigma ENSOMEG00000014767
scophthalmus_maximus ENSSMAG00000012149
takifugu_rubripes ENSTRUG00000012387
tetraodon_nigroviridis ENSTNIG00000003294
mola_mola ENSMMOG00000005085
labrus_bergylta ENSLBEG00000009191
amphiprion_ocellaris ENSAOCG00000010235
amphiprion_percula ENSAPEG00000008546
acanthochromis_polyacanthus ENSAPOG00000013003
stegastes_partitus ENSSPAG00000008305
seriola_lalandi_dorsalis ENSSLDG00000025626
seriola_dumerili ENSSDUG00000002037
anabas_testudineus ENSATEG00000024750
mastacembelus_armatus ENSMAMG00000023645
hippocampus_comes ENSHCOG00000006033
gadus_morhua ENSGMOG00000008963
scleropages_formosus ENSSFOG00015010801
astyanax_mexicanus ENSAMXG00000021077
pygocentrus_nattereri ENSPNAG00000024242
ictalurus_punctatus ENSIPUG00000006017
danio_rerio ENSDARG00000005883
paramormyrops_kingsleyae ENSPKIG00000003056
paramormyrops_kingsleyae ENSPKIG00000005038
scleropages_formosus ENSSFOG00015018885
esox_lucius ENSELUG00000008531
scophthalmus_maximus ENSSMAG00000004130
labrus_bergylta ENSLBEG00000005257
fundulus_heteroclitus ENSFHEG00000009616
cyprinodon_variegatus ENSCVAG00000001888
xiphophorus_maculatus ENSXMAG00000012853
xiphophorus_couchianus ENSXCOG00000014451
gambusia_affinis ENSGAFG00000010448
poecilia_formosa ENSPFOG00000005148
poecilia_latipinna ENSPLAG00000010727
poecilia_mexicana ENSPMEG00000014036
poecilia_reticulata ENSPREG00000000417
kryptolebias_marmoratus ENSKMAG00000018514
oryzias_latipes ENSORLG00020005337
oryzias_latipes_asm223469v1 ENSORLG00015003879
oryzias_latipes ENSORLG00000011800
oryzias_melastigma ENSOMEG00000013316
periophthalmus_magnuspinnatus ENSPMGG00000016456
monopterus_albus ENSMALG00000006188
mastacembelus_armatus ENSMAMG00000011826
anabas_testudineus ENSATEG00000019287
hippocampus_comes ENSHCOG00000020466
takifugu_rubripes ENSTRUG00000010058
tetraodon_nigroviridis ENSTNIG00000014069
mola_mola ENSMMOG00000021388
gasterosteus_aculeatus ENSGACG00000018987
amphiprion_percula ENSAPEG00000013349
amphiprion_ocellaris ENSAOCG00000010080
acanthochromis_polyacanthus ENSAPOG00000009380
stegastes_partitus ENSSPAG00000008441
pundamilia_nyererei ENSPNYG00000001317
maylandia_zebra ENSMZEG00005007468
astatotilapia_calliptera ENSACLG00000020623
haplochromis_burtoni ENSHBUG00000001083
neolamprologus_brichardi ENSNBRG00000023821
amphilophus_citrinellus ENSACIG00000009456
seriola_dumerili ENSSDUG00000002511
seriola_lalandi_dorsalis ENSSLDG00000013063
gadus_morhua ENSGMOG00000014293
esox_lucius ENSELUG00000001108
pygocentrus_nattereri ENSPNAG00000004000
astyanax_mexicanus ENSAMXG00000010111
ictalurus_punctatus ENSIPUG00000005967
danio_rerio ENSDARG00000075904
gallus_gallus ENSGALG00000052844
lepisosteus_oculatus ENSLOCG00000006196
sorex_araneus ENSSARG00000004581
pongo_abelii ENSPPYG00000029588
petromyzon_marinus ENSPMAG00000002263
eptatretus_burgeri ENSEBUG00000001696
ciona_savignyi ENSCSAVG00000006455
ciona_intestinalis ENSCING00000009186
drosophila_melanogaster FBgn0020379
caenorhabditis_elegans_strain_n2 WBGene00000914
anas_platyrhynchos_platyrhynchos ENSAPLG00000030615
anas_platyrhynchos_platyrhynchos ENSAPLG00000023268
gallus_gallus ENSGALG00000041896
melopsittacus_undulatus ENSMUNG00000016643
melopsittacus_undulatus ENSMUNG00000016644
calidris_pygmaea ENSCPGG00000011755
cyanistes_caeruleus ENSCCEG00000019951
parus_major ENSPMJG00000018467
junco_hyemalis ENSJHYG00000016386
zonotrichia_albicollis ENSZALG00000002304
lonchura_striata_domestica ENSLSDG00000014328
taeniopygia_guttata ENSTGUG00000006356
serinus_canaria ENSSCAG00000000475
manacus_vitellinus ENSMVIG00005016279
manacus_vitellinus ENSMVIG00005016277
lepidothrix_coronata ENSLCOG00000005012
ficedula_albicollis ENSFALG00000012087
numida_meleagris ENSNMEG00000022309
numida_meleagris ENSNMEG00000022307
calidris_pugnax ENSCPUG00000016159
calidris_pugnax ENSCPUG00000016160
meleagris_gallopavo ENSMGAG00000005745
coturnix_japonica ENSCJPG00005016241
anser_brachyrhynchus ENSABRG00000020057
nothoprocta_perdicaria ENSNPEG00000015093
nothoprocta_perdicaria ENSNPEG00000015092
apteryx_haastii ENSAHAG00000013372
apteryx_owenii ENSAOWG00000007637
apteryx_rowi ENSARWG00000000271
dromaius_novaehollandiae ENSDNVG00000018620
crocodylus_porosus ENSCPRG00005011681
chelonoidis_abingdonii ENSCABG00000012221
gopherus_agassizii ENSGAGG00000010544
chrysemys_picta_bellii ENSCPBG00000004255
pelodiscus_sinensis ENSPSIG00000014731
sphenodon_punctatus ENSSPUG00000004410
sphenodon_punctatus ENSSPUG00000004455
anolis_carolinensis ENSACAG00000008482
pogona_vitticeps ENSPVIG00000019334
notechis_scutatus ENSNSUG00000013409
salvator_merianae ENSSMRG00000002021
bos_taurus ENSBTAG00000000565
bos_mutus ENSBMUG00000008646
bison_bison_bison ENSBBBG00000014720
capra_hircus ENSCHIG00000026500
sus_scrofa ENSSSCG00000004603
vicugna_pacos ENSVPAG00000012402
neovison_vison ENSNVIG00000001344
mustela_putorius_furo ENSMPUG00000002204
ursus_americanus ENSUAMG00000011628
ursus_maritimus ENSUMAG00000023577
ailuropoda_melanoleuca ENSAMEG00000018368
canis_lupus_familiaris ENSCAFG00000016029
canis_lupus_dingo ENSCAFG00020012426
vulpes_vulpes ENSVVUG00000000901
panthera_tigris_altaica ENSPTIG00000019680
panthera_pardus ENSPPRG00000002232
felis_catus ENSFCAG00000029408
equus_caballus ENSECAG00000002379
myotis_lucifugus ENSMLUG00000028676
pteropus_vampyrus ENSPVAG00000005381
ictidomys_tridecemlineatus ENSSTOG00000027249
urocitellus_parryii ENSUPAG00010002994
marmota_marmota_marmota ENSMMMG00000015149
spermophilus_dauricus ENSSDAG00000006808
ochotona_princeps ENSOPRG00000003155
pongo_abelii ENSPPYG00000006502
homo_sapiens ENSG00000181827
mandrillus_leucophaeus ENSMLEG00000015466
papio_anubis ENSPANG00000017297
cercocebus_atys ENSCATG00000041703
macaca_fascicularis ENSMFAG00000033176
macaca_nemestrina ENSMNEG00000034599
macaca_mulatta ENSMMUG00000017801
piliocolobus_tephrosceles ENSPTEG00000026847
pan_troglodytes ENSPTRG00000007104
pan_paniscus ENSPPAG00000039235
gorilla_gorilla ENSGGOG00000002118
nomascus_leucogenys ENSNLEG00000006658
theropithecus_gelada ENSTGEG00000017331
chlorocebus_sabaeus ENSCSAG00000011819
rhinopithecus_roxellana ENSRROG00000033577
rhinopithecus_bieti ENSRBIG00000034202
colobus_angolensis_palliatus ENSCANG00000008806
cebus_capucinus ENSCCAG00000021423
saimiri_boliviensis_boliviensis ENSSBOG00000027192
callithrix_jacchus ENSCJAG00000042053
aotus_nancymaae ENSANAG00000020314
carlito_syrichta ENSTSYG00000002441
propithecus_coquereli ENSPCOG00000018306
microcebus_murinus ENSMICG00000000614
prolemur_simus ENSPSMG00000014840
otolemur_garnettii ENSOGAG00000031795
tupaia_belangeri ENSTBEG00000014637
echinops_telfairi ENSETEG00000015037
castor_canadensis ENSCCNG00000027829
dipodomys_ordii ENSDORG00000024632
mus_spretus_strain_spret/eij MGP_SPRETEiJ_G0033557
mus_spicilegus ENSMSIG00000030032
mus_musculus ENSMUSG00000037674
mus_caroli_strain_caroli_eij MGP_CAROLIEiJ_G0032419
rattus_norvegicus ENSRNOG00000060367
meriones_unguiculatus ENSMUGG00000012747
cricetulus_griseus_crigri ENSCGRG00000014851
cricetulus_griseus_chok1gshd ENSCGRG00001011679
cricetulus_griseus_crigri-picr ENSCGRG00015016076
mesocricetus_auratus ENSMAUG00000016583
peromyscus_maniculatus_bairdii ENSPEMG00000011329
microtus_ochrogaster ENSMOCG00000002168
nannospalax_galili ENSNGAG00000021696
jaculus_jaculus ENSJJAG00000004499
chinchilla_lanigera ENSCLAG00000007236
octodon_degus ENSODEG00000005527
cavia_porcellus ENSCPOG00000034038
cavia_aperea ENSCAPG00000013618
heterocephalus_glaber_female ENSHGLG00000009904
heterocephalus_glaber_male ENSHGLG00100001014
fukomys_damarensis ENSFDAG00000015885
oryctolagus_cuniculus ENSOCUG00000013678
erinaceus_europaeus ENSEEUG00000013718
loxodonta_africana ENSLAFG00000018745
equus_asinus_asinus ENSEASG00005009773
equus_asinus_asinus ENSEASG00005009775
tursiops_truncatus ENSTTRG00000010051
ovis_aries ENSOARG00000020885
procavia_capensis ENSPCAG00000004974
mus_pahari MGP_PahariEiJ_G0015283
choloepus_hoffmanni ENSCHOG00000003451
dasypus_novemcinctus ENSDNOG00000044983
sorex_araneus ENSSARG00000010801
notamacropus_eugenii ENSMEUG00000007846
phascolarctos_cinereus ENSPCIG00000018497
sarcophilus_harrisii ENSSHAG00000003875
monodelphis_domestica ENSMODG00000008136
ornithorhynchus_anatinus ENSOANG00000008526
xenopus_tropicalis ENSXETG00000024544
latimeria_chalumnae ENSLACG00000015878
pteropus_vampyrus ENSPVAG00000002959
scleropages_formosus ENSSFOG00015024110
paramormyrops_kingsleyae ENSPKIG00000022174
scleropages_formosus ENSSFOG00015019016
paramormyrops_kingsleyae ENSPKIG00000017349
pygocentrus_nattereri ENSPNAG00000013106
astyanax_mexicanus ENSAMXG00000020093
ictalurus_punctatus ENSIPUG00000015097
danio_rerio ENSDARG00000077237
lepisosteus_oculatus ENSLOCG00000013505
poecilia_formosa ENSPFOG00000003977
poecilia_mexicana ENSPMEG00000017841
poecilia_latipinna ENSPLAG00000016655
poecilia_reticulata ENSPREG00000014867
xiphophorus_maculatus ENSXMAG00000006676
xiphophorus_couchianus ENSXCOG00000016521
gambusia_affinis ENSGAFG00000001143
cyprinodon_variegatus ENSCVAG00000000582
fundulus_heteroclitus ENSFHEG00000010971
oryzias_latipes ENSORLG00020011117
oryzias_latipes_asm223469v1 ENSORLG00015004013
oryzias_latipes ENSORLG00000028723
oryzias_melastigma ENSOMEG00000015971
takifugu_rubripes ENSTRUG00000008008
tetraodon_nigroviridis ENSTNIG00000013706
scophthalmus_maximus ENSSMAG00000011855
cynoglossus_semilaevis ENSCSEG00000012248
mastacembelus_armatus ENSMAMG00000002170
hippocampus_comes ENSHCOG00000018672
labrus_bergylta ENSLBEG00000015885
kryptolebias_marmoratus ENSKMAG00000021789
periophthalmus_magnuspinnatus ENSPMGG00000005960
monopterus_albus ENSMALG00000007307
anabas_testudineus ENSATEG00000013432
seriola_dumerili ENSSDUG00000020956
seriola_lalandi_dorsalis ENSSLDG00000016750
gasterosteus_aculeatus ENSGACG00000006090
mola_mola ENSMMOG00000012766
amphiprion_percula ENSAPEG00000023855
amphiprion_ocellaris ENSAOCG00000003279
acanthochromis_polyacanthus ENSAPOG00000012430
stegastes_partitus ENSSPAG00000023146
maylandia_zebra ENSMZEG00005027642
pundamilia_nyererei ENSPNYG00000020411
astatotilapia_calliptera ENSACLG00000008336
haplochromis_burtoni ENSHBUG00000011574
oreochromis_niloticus ENSONIG00000008334
neolamprologus_brichardi ENSNBRG00000012232
amphilophus_citrinellus ENSACIG00000015084
gadus_morhua ENSGMOG00000004164
esox_lucius ENSELUG00000004839
pygocentrus_nattereri ENSPNAG00000018928
astyanax_mexicanus ENSAMXG00000038850
ictalurus_punctatus ENSIPUG00000013355
danio_rerio ENSDARG00000103691
poecilia_formosa ENSPFOG00000002938
poecilia_latipinna ENSPLAG00000012941
poecilia_mexicana ENSPMEG00000022117
poecilia_reticulata ENSPREG00000023255
gambusia_affinis ENSGAFG00000017417
xiphophorus_maculatus ENSXMAG00000003651
fundulus_heteroclitus ENSFHEG00000018768
cyprinodon_variegatus ENSCVAG00000009150
oryzias_latipes ENSORLG00000008583
oryzias_latipes ENSORLG00020008152
oryzias_latipes_asm223469v1 ENSORLG00015005741
oryzias_melastigma ENSOMEG00000002248
takifugu_rubripes ENSTRUG00000017897
tetraodon_nigroviridis ENSTNIG00000009322
amphiprion_percula ENSAPEG00000012909
amphiprion_ocellaris ENSAOCG00000005116
acanthochromis_polyacanthus ENSAPOG00000019236
stegastes_partitus ENSSPAG00000010770
haplochromis_burtoni ENSHBUG00000011744
pundamilia_nyererei ENSPNYG00000014441
maylandia_zebra ENSMZEG00005013628
astatotilapia_calliptera ENSACLG00000003532
neolamprologus_brichardi ENSNBRG00000009602
oreochromis_niloticus ENSONIG00000005780
amphilophus_citrinellus ENSACIG00000002486
kryptolebias_marmoratus ENSKMAG00000008288
hippocampus_comes ENSHCOG00000004015
hippocampus_comes ENSHCOG00000004028
monopterus_albus ENSMALG00000000155
anabas_testudineus ENSATEG00000002665
cynoglossus_semilaevis ENSCSEG00000018971
periophthalmus_magnuspinnatus ENSPMGG00000002742
seriola_lalandi_dorsalis ENSSLDG00000013148
seriola_dumerili ENSSDUG00000018633
scophthalmus_maximus ENSSMAG00000000518
mastacembelus_armatus ENSMAMG00000020989
mola_mola ENSMMOG00000016283
labrus_bergylta ENSLBEG00000024856
gasterosteus_aculeatus ENSGACG00000015838
gadus_morhua ENSGMOG00000002477
esox_lucius ENSELUG00000012813
meleagris_gallopavo ENSMGAG00000001126
coturnix_japonica ENSCJPG00005015281
numida_meleagris ENSNMEG00000007239
anas_platyrhynchos_platyrhynchos ENSAPLG00000027459
calidris_pugnax ENSCPUG00000011448
calidris_pygmaea ENSCPGG00000014066
apteryx_owenii ENSAOWG00000010784
apteryx_haastii ENSAHAG00000007139
apteryx_rowi ENSARWG00000004739
dromaius_novaehollandiae ENSDNVG00000001868
gallus_gallus ENSGALG00000000836
anser_brachyrhynchus ENSABRG00000008833
serinus_canaria ENSSCAG00000015874
junco_hyemalis ENSJHYG00000002763
melopsittacus_undulatus ENSMUNG00000003686
nothoprocta_perdicaria ENSNPEG00000002773
crocodylus_porosus ENSCPRG00005008655
gopherus_agassizii ENSGAGG00000004638
chelonoidis_abingdonii ENSCABG00000010477
chrysemys_picta_bellii ENSCPBG00000008934
pogona_vitticeps ENSPVIG00000020639
anolis_carolinensis ENSACAG00000029645
notechis_scutatus ENSNSUG00000013976
salvator_merianae ENSSMRG00000021248
ficedula_albicollis ENSFALG00000010929
pelodiscus_sinensis ENSPSIG00000018073
phascolarctos_cinereus ENSPCIG00000021149
notamacropus_eugenii ENSMEUG00000011101
monodelphis_domestica ENSMODG00000018866
sarcophilus_harrisii ENSSHAG00000014366
microtus_ochrogaster ENSMOCG00000001232
mesocricetus_auratus ENSMAUG00000018172
dipodomys_ordii ENSDORG00000015967
cavia_aperea ENSCAPG00000006366
sorex_araneus ENSSARG00000000750
jaculus_jaculus ENSJJAG00000023680
oryctolagus_cuniculus ENSOCUG00000011564
tupaia_belangeri ENSTBEG00000006419
macaca_mulatta ENSMMUG00000013172
erinaceus_europaeus ENSEEUG00000010785
canis_lupus_familiaris ENSCAFG00000012661
canis_lupus_dingo ENSCAFG00020012884
vulpes_vulpes ENSVVUG00000012891
mustela_putorius_furo ENSMPUG00000003735
neovison_vison ENSNVIG00000015158
ursus_americanus ENSUAMG00000027442
ursus_maritimus ENSUMAG00000002497
ailuropoda_melanoleuca ENSAMEG00000000695
panthera_tigris_altaica ENSPTIG00000014291
panthera_pardus ENSPPRG00000001697
felis_catus ENSFCAG00000005568
ochotona_princeps ENSOPRG00000007250
dasypus_novemcinctus ENSDNOG00000035113
myotis_lucifugus ENSMLUG00000015218
pteropus_vampyrus ENSPVAG00000011680
equus_caballus ENSECAG00000024774
equus_asinus_asinus ENSEASG00005002160
ovis_aries ENSOARG00000020987
capra_hircus ENSCHIG00000020616
bos_mutus ENSBMUG00000024424
bos_taurus ENSBTAG00000017580
bison_bison_bison ENSBBBG00000013374
tursiops_truncatus ENSTTRG00000007023
sus_scrofa ENSSSCG00000006625
octodon_degus ENSODEG00000010014
chinchilla_lanigera ENSCLAG00000000373
cavia_porcellus ENSCPOG00000037830
heterocephalus_glaber_male ENSHGLG00100017124
heterocephalus_glaber_female ENSHGLG00000005034
fukomys_damarensis ENSFDAG00000002034
marmota_marmota_marmota ENSMMMG00000018801
urocitellus_parryii ENSUPAG00010004282
ictidomys_tridecemlineatus ENSSTOG00000013246
spermophilus_dauricus ENSSDAG00000022962
mus_spretus_strain_spret/eij MGP_SPRETEiJ_G0026265
mus_musculus ENSMUSG00000005774
mus_spicilegus ENSMSIG00000003915
mus_caroli_strain_caroli_eij MGP_CAROLIEiJ_G0025321
mus_pahari MGP_PahariEiJ_G0026765
rattus_norvegicus ENSRNOG00000021012
meriones_unguiculatus ENSMUGG00000013454
cricetulus_griseus_crigri-picr ENSCGRG00015017468
cricetulus_griseus_chok1gshd ENSCGRG00001010883
cricetulus_griseus_crigri ENSCGRG00000017138
peromyscus_maniculatus_bairdii ENSPEMG00000011280
nannospalax_galili ENSNGAG00000015930
castor_canadensis ENSCCNG00000016895
theropithecus_gelada ENSTGEG00000016056
papio_anubis ENSPANG00000005712
cercocebus_atys ENSCATG00000041659
piliocolobus_tephrosceles ENSPTEG00000028953
mandrillus_leucophaeus ENSMLEG00000029900
chlorocebus_sabaeus ENSCSAG00000001799
macaca_nemestrina ENSMNEG00000036465
macaca_fascicularis ENSMFAG00000033452
rhinopithecus_roxellana ENSRROG00000034529
rhinopithecus_bieti ENSRBIG00000033166
colobus_angolensis_palliatus ENSCANG00000011999
pan_paniscus ENSPPAG00000027460
pan_troglodytes ENSPTRG00000001286
homo_sapiens ENSG00000143390
gorilla_gorilla ENSGGOG00000016795
pongo_abelii ENSPPYG00000000867
nomascus_leucogenys ENSNLEG00000034533
saimiri_boliviensis_boliviensis ENSSBOG00000022929
cebus_capucinus ENSCCAG00000026282
callithrix_jacchus ENSCJAG00000040982
aotus_nancymaae ENSANAG00000029820
carlito_syrichta ENSTSYG00000027896
propithecus_coquereli ENSPCOG00000017800
prolemur_simus ENSPSMG00000013752
microcebus_murinus ENSMICG00000038126
otolemur_garnettii ENSOGAG00000008120
loxodonta_africana ENSLAFG00000030906
procavia_capensis ENSPCAG00000011056
echinops_telfairi ENSETEG00000013503
choloepus_hoffmanni ENSCHOG00000012900
xenopus_tropicalis ENSXETG00000027541
fundulus_heteroclitus ENSFHEG00000016255
cyprinodon_variegatus ENSCVAG00000002171
poecilia_formosa ENSPFOG00000010592
poecilia_mexicana ENSPMEG00000022825
poecilia_latipinna ENSPLAG00000020236
poecilia_reticulata ENSPREG00000016549
xiphophorus_maculatus ENSXMAG00000017295
xiphophorus_couchianus ENSXCOG00000019339
gambusia_affinis ENSGAFG00000013276
oryzias_latipes_asm223469v1 ENSORLG00015018738
oryzias_latipes ENSORLG00020011453
oryzias_latipes ENSORLG00000001269
oryzias_melastigma ENSOMEG00000010484
astatotilapia_calliptera ENSACLG00000009979
maylandia_zebra ENSMZEG00005019114
cynoglossus_semilaevis ENSCSEG00000019556
periophthalmus_magnuspinnatus ENSPMGG00000008916
seriola_dumerili ENSSDUG00000001810
seriola_lalandi_dorsalis ENSSLDG00000012437
scophthalmus_maximus ENSSMAG00000015778
mastacembelus_armatus ENSMAMG00000022117
monopterus_albus ENSMALG00000012562
anabas_testudineus ENSATEG00000012061
mola_mola ENSMMOG00000017508
tetraodon_nigroviridis ENSTNIG00000005388
amphiprion_ocellaris ENSAOCG00000020055
amphiprion_percula ENSAPEG00000003575
acanthochromis_polyacanthus ENSAPOG00000015296
stegastes_partitus ENSSPAG00000013180
pundamilia_nyererei ENSPNYG00000005973
astatotilapia_calliptera ENSACLG00000009985
haplochromis_burtoni ENSHBUG00000016570
neolamprologus_brichardi ENSNBRG00000022242
oreochromis_niloticus ENSONIG00000003955
amphilophus_citrinellus ENSACIG00000001274
kryptolebias_marmoratus ENSKMAG00000022050
esox_lucius ENSELUG00000016997
pygocentrus_nattereri ENSPNAG00000000659
astyanax_mexicanus ENSAMXG00000008359
danio_rerio ENSDARG00000063258
ictalurus_punctatus ENSIPUG00000011617
paramormyrops_kingsleyae ENSPKIG00000024836
scleropages_formosus ENSSFOG00015004993
lepisosteus_oculatus ENSLOCG00000008459
petromyzon_marinus ENSPMAG00000005066
eptatretus_burgeri ENSEBUG00000006812
drosophila_melanogaster FBgn0037445
saccharomyces_cerevisiae YLR176C
