parus_major ENSPMJG00000003290
cyanistes_caeruleus ENSCCEG00000017054
ficedula_albicollis ENSFALG00000002751
lonchura_striata_domestica ENSLSDG00000013679
taeniopygia_guttata ENSTGUG00000012515
serinus_canaria ENSSCAG00000003554
zonotrichia_albicollis ENSZALG00000016978
junco_hyemalis ENSJHYG00000015507
lepidothrix_coronata ENSLCOG00000016010
manacus_vitellinus ENSMVIG00005004019
melopsittacus_undulatus ENSMUNG00000008213
calidris_pugnax ENSCPUG00000009934
calidris_pygmaea ENSCPGG00000016574
anser_brachyrhynchus ENSABRG00000007921
anas_platyrhynchos_platyrhynchos ENSAPLG00000011840
coturnix_japonica ENSCJPG00005004299
meleagris_gallopavo ENSMGAG00000013724
gallus_gallus ENSGALG00000052460
numida_meleagris ENSNMEG00000011541
apteryx_haastii ENSAHAG00000007692
apteryx_owenii ENSAOWG00000018834
apteryx_rowi ENSARWG00000005203
dromaius_novaehollandiae ENSDNVG00000017743
crocodylus_porosus ENSCPRG00005016608
gopherus_agassizii ENSGAGG00000005604
pelodiscus_sinensis ENSPSIG00000013755
pogona_vitticeps ENSPVIG00000006301
anolis_carolinensis ENSACAG00000003963
salvator_merianae ENSSMRG00000017470
sphenodon_punctatus ENSSPUG00000005422
chrysemys_picta_bellii ENSCPBG00000007363
notechis_scutatus ENSNSUG00000001519
oryctolagus_cuniculus ENSOCUG00000007137
ochotona_princeps ENSOPRG00000006939
urocitellus_parryii ENSUPAG00010016579
ictidomys_tridecemlineatus ENSSTOG00000009367
spermophilus_dauricus ENSSDAG00000011727
marmota_marmota_marmota ENSMMMG00000008655
pan_paniscus ENSPPAG00000041199
pan_troglodytes ENSPTRG00000018385
homo_sapiens ENSG00000065615
gorilla_gorilla ENSGGOG00000002913
pongo_abelii ENSPPYG00000016811
nomascus_leucogenys ENSNLEG00000012756
colobus_angolensis_palliatus ENSCANG00000036477
piliocolobus_tephrosceles ENSPTEG00000019420
rhinopithecus_roxellana ENSRROG00000038851
rhinopithecus_bieti ENSRBIG00000027662
papio_anubis ENSPANG00000023290
chlorocebus_sabaeus ENSCSAG00000017380
mandrillus_leucophaeus ENSMLEG00000034850
macaca_mulatta ENSMMUG00000009585
macaca_fascicularis ENSMFAG00000036090
macaca_nemestrina ENSMNEG00000038845
theropithecus_gelada ENSTGEG00000017788
cercocebus_atys ENSCATG00000042723
saimiri_boliviensis_boliviensis ENSSBOG00000034068
cebus_capucinus ENSCCAG00000038092
callithrix_jacchus ENSCJAG00000015140
aotus_nancymaae ENSANAG00000020813
carlito_syrichta ENSTSYG00000010340
prolemur_simus ENSPSMG00000023965
propithecus_coquereli ENSPCOG00000023580
microcebus_murinus ENSMICG00000012777
mus_spicilegus ENSMSIG00000020010
mus_spicilegus ENSMSIG00000026587
mus_spretus_strain_spret/eij MGP_SPRETEiJ_G0033641
mus_musculus ENSMUSG00000032872
mus_caroli_strain_caroli_eij MGP_CAROLIEiJ_G0032502
mus_pahari MGP_PahariEiJ_G0015369
rattus_norvegicus ENSRNOG00000010024
meriones_unguiculatus ENSMUGG00000012826
cricetulus_griseus_crigri-picr ENSCGRG00015008756
cricetulus_griseus_chok1gshd ENSCGRG00001024358
cricetulus_griseus_crigri ENSCGRG00000006739
mesocricetus_auratus ENSMAUG00000019154
microtus_ochrogaster ENSMOCG00000014145
peromyscus_maniculatus_bairdii ENSPEMG00000021926
jaculus_jaculus ENSJJAG00000010025
dipodomys_ordii ENSDORG00000010582
chinchilla_lanigera ENSCLAG00000012246
octodon_degus ENSODEG00000008222
cavia_porcellus ENSCPOG00000000052
heterocephalus_glaber_male ENSHGLG00100017061
heterocephalus_glaber_female ENSHGLG00000018293
heterocephalus_glaber_female ENSHGLG00000010377
fukomys_damarensis ENSFDAG00000006980
aotus_nancymaae ENSANAG00000035247
tupaia_belangeri ENSTBEG00000010284
pteropus_vampyrus ENSPVAG00000003346
myotis_lucifugus ENSMLUG00000010379
ovis_aries ENSOARG00000009692
ovis_aries ENSOARG00000013436
capra_hircus ENSCHIG00000025247
bos_taurus ENSBTAG00000013591
bos_mutus ENSBMUG00000011063
bison_bison_bison ENSBBBG00000021936
tursiops_truncatus ENSTTRG00000010538
sus_scrofa ENSSSCG00000022994
vicugna_pacos ENSVPAG00000006216
ursus_maritimus ENSUMAG00000019913
ursus_americanus ENSUAMG00000014541
ailuropoda_melanoleuca ENSAMEG00000012041
neovison_vison ENSNVIG00000003510
mustela_putorius_furo ENSMPUG00000005391
canis_lupus_familiaris ENSCAFG00000002967
canis_lupus_dingo ENSCAFG00020015807
vulpes_vulpes ENSVVUG00000019579
panthera_tigris_altaica ENSPTIG00000019694
panthera_pardus ENSPPRG00000024949
felis_catus ENSFCAG00000024309
equus_caballus ENSECAG00000019841
equus_asinus_asinus ENSEASG00005005583
sorex_araneus ENSSARG00000013072
erinaceus_europaeus ENSEEUG00000014731
ailuropoda_melanoleuca ENSAMEG00000007140
otolemur_garnettii ENSOGAG00000012334
nannospalax_galili ENSNGAG00000000724
jaculus_jaculus ENSJJAG00000020065
heterocephalus_glaber_female ENSHGLG00000013172
heterocephalus_glaber_male ENSHGLG00100004739
cavia_aperea ENSCAPG00000010287
castor_canadensis ENSCCNG00000012978
loxodonta_africana ENSLAFG00000004964
procavia_capensis ENSPCAG00000003629
echinops_telfairi ENSETEG00000002999
dasypus_novemcinctus ENSDNOG00000015362
choloepus_hoffmanni ENSCHOG00000004268
dipodomys_ordii ENSDORG00000029135
notamacropus_eugenii ENSMEUG00000011515
phascolarctos_cinereus ENSPCIG00000021004
sarcophilus_harrisii ENSSHAG00000008236
monodelphis_domestica ENSMODG00000018366
ornithorhynchus_anatinus ENSOANG00000001266
xenopus_tropicalis ENSXETG00000022592
chelonoidis_abingdonii ENSCABG00000017295
nothoprocta_perdicaria ENSNPEG00000013813
latimeria_chalumnae ENSLACG00000011210
scleropages_formosus ENSSFOG00015010191
paramormyrops_kingsleyae ENSPKIG00000022300
amphiprion_percula ENSAPEG00000006400
amphiprion_ocellaris ENSAOCG00000017409
acanthochromis_polyacanthus ENSAPOG00000008369
stegastes_partitus ENSSPAG00000007591
haplochromis_burtoni ENSHBUG00000009672
pundamilia_nyererei ENSPNYG00000010733
maylandia_zebra ENSMZEG00005026574
maylandia_zebra ENSMZEG00005001367
astatotilapia_calliptera ENSACLG00000007584
oreochromis_niloticus ENSONIG00000016545
amphilophus_citrinellus ENSACIG00000004720
poecilia_reticulata ENSPREG00000017539
poecilia_formosa ENSPFOG00000001109
xiphophorus_maculatus ENSXMAG00000014504
gambusia_affinis ENSGAFG00000006371
fundulus_heteroclitus ENSFHEG00000019534
kryptolebias_marmoratus ENSKMAG00000003821
oryzias_latipes ENSORLG00000004179
oryzias_latipes_asm223469v1 ENSORLG00015009271
oryzias_latipes ENSORLG00020022594
periophthalmus_magnuspinnatus ENSPMGG00000018026
monopterus_albus ENSMALG00000015709
mastacembelus_armatus ENSMAMG00000005841
anabas_testudineus ENSATEG00000024935
anabas_testudineus ENSATEG00000024943
seriola_lalandi_dorsalis ENSSLDG00000021926
seriola_dumerili ENSSDUG00000010829
scophthalmus_maximus ENSSMAG00000012822
mola_mola ENSMMOG00000003184
tetraodon_nigroviridis ENSTNIG00000003049
tetraodon_nigroviridis ENSTNIG00000003050
takifugu_rubripes ENSTRUG00000010094
gasterosteus_aculeatus ENSGACG00000014157
labrus_bergylta ENSLBEG00000025027
cynoglossus_semilaevis ENSCSEG00000012790
hippocampus_comes ENSHCOG00000021131
neolamprologus_brichardi ENSNBRG00000022160
pundamilia_nyererei ENSPNYG00000019038
poecilia_latipinna ENSPLAG00000023449
poecilia_mexicana ENSPMEG00000016721
xiphophorus_couchianus ENSXCOG00000008242
gambusia_affinis ENSGAFG00000006369
cyprinodon_variegatus ENSCVAG00000012808
fundulus_heteroclitus ENSFHEG00000014584
oryzias_melastigma ENSOMEG00000005841
amphiprion_ocellaris ENSAOCG00000005158
acanthochromis_polyacanthus ENSAPOG00000021486
periophthalmus_magnuspinnatus ENSPMGG00000001553
gadus_morhua ENSGMOG00000016517
esox_lucius ENSELUG00000023618
pygocentrus_nattereri ENSPNAG00000007004
astyanax_mexicanus ENSAMXG00000029349
ictalurus_punctatus ENSIPUG00000013073
danio_rerio ENSDARG00000020898
lepisosteus_oculatus ENSLOCG00000016563
petromyzon_marinus ENSPMAG00000004638
petromyzon_marinus ENSPMAG00000005555
eptatretus_burgeri ENSEBUG00000009038
ciona_intestinalis ENSCING00000008625
ciona_savignyi ENSCSAVG00000003247
drosophila_melanogaster FBgn0034442
caenorhabditis_elegans_strain_n2 WBGene00013123
