mustela_putorius_furo ENSMPUG00000017835
mustela_putorius_furo ENSMPUG00000017837
mustela_putorius_furo ENSMPUG00000017836
myotis_lucifugus ENSMLUG00000005632
pteropus_vampyrus ENSPVAG00000010283
tursiops_truncatus ENSTTRG00000010868
sus_scrofa ENSSSCG00000007264
vicugna_pacos ENSVPAG00000009690
capra_hircus ENSCHIG00000026048
ovis_aries ENSOARG00000007566
bos_mutus ENSBMUG00000024744
bos_taurus ENSBTAG00000018535
bison_bison_bison ENSBBBG00000018377
equus_asinus_asinus ENSEASG00005008558
equus_caballus ENSECAG00000010370
sorex_araneus ENSSARG00000001599
ursus_maritimus ENSUMAG00000024117
ursus_americanus ENSUAMG00000025658
ailuropoda_melanoleuca ENSAMEG00000013021
neovison_vison ENSNVIG00000017990
canis_lupus_familiaris ENSCAFG00000007403
canis_lupus_dingo ENSCAFG00020004901
vulpes_vulpes ENSVVUG00000004885
panthera_pardus ENSPPRG00000007463
panthera_tigris_altaica ENSPTIG00000016645
felis_catus ENSFCAG00000015197
castor_canadensis ENSCCNG00000020607
dipodomys_ordii ENSDORG00000004622
mus_spicilegus ENSMSIG00000001010
mus_spretus_strain_spret/eij MGP_SPRETEiJ_G0025429
mus_musculus ENSMUSG00000027487
mus_caroli_strain_caroli_eij MGP_CAROLIEiJ_G0024507
mus_pahari MGP_PahariEiJ_G0025951
rattus_norvegicus ENSRNOG00000015696
meriones_unguiculatus ENSMUGG00000018304
cricetulus_griseus_crigri ENSCGRG00000010503
cricetulus_griseus_chok1gshd ENSCGRG00001020687
cricetulus_griseus_crigri-picr ENSCGRG00015000859
mesocricetus_auratus ENSMAUG00000000980
microtus_ochrogaster ENSMOCG00000002846
peromyscus_maniculatus_bairdii ENSPEMG00000017045
nannospalax_galili ENSNGAG00000016976
urocitellus_parryii ENSUPAG00010004922
ictidomys_tridecemlineatus ENSSTOG00000005492
spermophilus_dauricus ENSSDAG00000001128
marmota_marmota_marmota ENSMMMG00000023644
chinchilla_lanigera ENSCLAG00000015460
octodon_degus ENSODEG00000013190
cavia_porcellus ENSCPOG00000006663
cavia_aperea ENSCAPG00000012734
heterocephalus_glaber_female ENSHGLG00000005146
heterocephalus_glaber_male ENSHGLG00100003699
fukomys_damarensis ENSFDAG00000003721
oryctolagus_cuniculus ENSOCUG00000017069
ochotona_princeps ENSOPRG00000006858
papio_anubis ENSPANG00000025545
mandrillus_leucophaeus ENSMLEG00000029036
theropithecus_gelada ENSTGEG00000006544
cercocebus_atys ENSCATG00000039579
chlorocebus_sabaeus ENSCSAG00000012289
macaca_fascicularis ENSMFAG00000040526
macaca_mulatta ENSMMUG00000008470
macaca_nemestrina ENSMNEG00000045565
piliocolobus_tephrosceles ENSPTEG00000006939
colobus_angolensis_palliatus ENSCANG00000043240
rhinopithecus_bieti ENSRBIG00000041507
rhinopithecus_roxellana ENSRROG00000037532
pan_paniscus ENSPPAG00000008989
pan_troglodytes ENSPTRG00000013399
gorilla_gorilla ENSGGOG00000003253
homo_sapiens ENSG00000101391
pongo_abelii ENSPPYG00000010923
nomascus_leucogenys ENSNLEG00000009942
callithrix_jacchus ENSCJAG00000018500
saimiri_boliviensis_boliviensis ENSSBOG00000034885
cebus_capucinus ENSCCAG00000031228
aotus_nancymaae ENSANAG00000036607
carlito_syrichta ENSTSYG00000013061
microcebus_murinus ENSMICG00000004382
propithecus_coquereli ENSPCOG00000024202
prolemur_simus ENSPSMG00000017928
otolemur_garnettii ENSOGAG00000010764
tupaia_belangeri ENSTBEG00000006040
erinaceus_europaeus ENSEEUG00000014180
choloepus_hoffmanni ENSCHOG00000009866
dasypus_novemcinctus ENSDNOG00000015236
loxodonta_africana ENSLAFG00000001172
procavia_capensis ENSPCAG00000005484
echinops_telfairi ENSETEG00000015493
phascolarctos_cinereus ENSPCIG00000012785
notamacropus_eugenii ENSMEUG00000010199
sarcophilus_harrisii ENSSHAG00000004269
monodelphis_domestica ENSMODG00000000175
ornithorhynchus_anatinus ENSOANG00000028435
pogona_vitticeps ENSPVIG00000017305
pogona_vitticeps ENSPVIG00000017306
anolis_carolinensis ENSACAG00000004367
notechis_scutatus ENSNSUG00000009139
salvator_merianae ENSSMRG00000010314
sphenodon_punctatus ENSSPUG00000018959
chrysemys_picta_bellii ENSCPBG00000027417
chelonoidis_abingdonii ENSCABG00000003990
anser_brachyrhynchus ENSABRG00000020679
anas_platyrhynchos_platyrhynchos ENSAPLG00000008506
meleagris_gallopavo ENSMGAG00000007720
gallus_gallus ENSGALG00000006738
coturnix_japonica ENSCJPG00005004591
numida_meleagris ENSNMEG00000016356
calidris_pygmaea ENSCPGG00000018270
calidris_pugnax ENSCPUG00000004715
cyanistes_caeruleus ENSCCEG00000003909
parus_major ENSPMJG00000005926
taeniopygia_guttata ENSTGUG00000006328
lonchura_striata_domestica ENSLSDG00000008177
serinus_canaria ENSSCAG00000014099
junco_hyemalis ENSJHYG00000014748
ficedula_albicollis ENSFALG00000005287
lepidothrix_coronata ENSLCOG00000009940
manacus_vitellinus ENSMVIG00005006009
apteryx_haastii ENSAHAG00000016506
apteryx_rowi ENSARWG00000011344
apteryx_owenii ENSAOWG00000003888
dromaius_novaehollandiae ENSDNVG00000004744
nothoprocta_perdicaria ENSNPEG00000007259
latimeria_chalumnae ENSLACG00000012647
astatotilapia_calliptera ENSACLG00000023836
maylandia_zebra ENSMZEG00005008141
oreochromis_niloticus ENSONIG00000020253
gasterosteus_aculeatus ENSGACG00000010721
esox_lucius ENSELUG00000024526
astyanax_mexicanus ENSAMXG00000003071
pygocentrus_nattereri ENSPNAG00000002871
scleropages_formosus ENSSFOG00015015455
lepisosteus_oculatus ENSLOCG00000001505
periophthalmus_magnuspinnatus ENSPMGG00000006495
