oryzias_melastigma ENSOMEG00000003129
oryzias_melastigma ENSOMEG00000021018
oryzias_melastigma ENSOMEG00000022300
oryzias_melastigma ENSOMEG00000022121
oryzias_melastigma ENSOMEG00000022212
oryzias_latipes ENSORLG00015017954
oryzias_latipes ENSORLG00015017901
oryzias_latipes ENSORLG00020012273
oryzias_latipes ENSORLG00000029211
oryzias_latipes ENSORLG00015017988
oryzias_latipes ENSORLG00000023461
oryzias_latipes ENSORLG00000023622
oryzias_latipes ENSORLG00015017884
oryzias_latipes ENSORLG00020012227
oryzias_latipes ENSORLG00020012237
oryzias_latipes ENSORLG00000024079
oryzias_latipes ENSORLG00015017979
oryzias_melastigma ENSOMEG00000003135
xiphophorus_maculatus ENSXMAG00000020836
poecilia_reticulata ENSPREG00000001787
xiphophorus_maculatus ENSXMAG00000028670
xiphophorus_maculatus ENSXMAG00000026941
xiphophorus_maculatus ENSXMAG00000025220
xiphophorus_couchianus ENSXCOG00000010547
xiphophorus_maculatus ENSXMAG00000021306
poecilia_reticulata ENSPREG00000001802
fundulus_heteroclitus ENSFHEG00000010047
fundulus_heteroclitus ENSFHEG00000010006
astatotilapia_calliptera ENSACLG00000005576
astatotilapia_calliptera ENSACLG00000005584
maylandia_zebra ENSMZEG00005014968
parambassis_ranga ENSPRNG00000018811
gouania_willdenowi ENSGWIG00000011389
betta_splendens ENSBSLG00000017676
betta_splendens ENSBSLG00000018218
betta_splendens ENSBSLG00000018245
scophthalmus_maximus ENSSMAG00000014030
larimichthys_crocea ENSLCRG00005003373
