sarcophilus_harrisii ENSSHAG00000011242
monodelphis_domestica ENSMODG00000011084
phascolarctos_cinereus ENSPCIG00000008981
sarcophilus_harrisii ENSSHAG00000005618
sarcophilus_harrisii ENSSHAG00000006529
sarcophilus_harrisii ENSSHAG00000003503
sarcophilus_harrisii ENSSHAG00000005822
sarcophilus_harrisii ENSSHAG00000004074
monodelphis_domestica ENSMODG00000011150
phascolarctos_cinereus ENSPCIG00000023776
monodelphis_domestica ENSMODG00000011022
sarcophilus_harrisii ENSSHAG00000010578
sarcophilus_harrisii ENSSHAG00000011371
sarcophilus_harrisii ENSSHAG00000008076
monodelphis_domestica ENSMODG00000011094
phascolarctos_cinereus ENSPCIG00000008979
notamacropus_eugenii ENSMEUG00000001862
loxodonta_africana ENSLAFG00000009521
procavia_capensis ENSPCAG00000014224
ovis_aries ENSOARG00000012831
capra_hircus ENSCHIG00000012108
bos_mutus ENSBMUG00000014830
bos_taurus ENSBTAG00000004969
bison_bison_bison ENSBBBG00000001617
tursiops_truncatus ENSTTRG00000009915
sus_scrofa ENSSSCG00000030451
equus_caballus ENSECAG00000022385
equus_asinus_asinus ENSEASG00005010969
pteropus_vampyrus ENSPVAG00000015668
myotis_lucifugus ENSMLUG00000011346
erinaceus_europaeus ENSEEUG00000011679
ursus_americanus ENSUAMG00000006951
ailuropoda_melanoleuca ENSAMEG00000005457
mustela_putorius_furo ENSMPUG00000006079
neovison_vison ENSNVIG00000024170
canis_lupus_dingo ENSCAFG00020020977
canis_lupus_familiaris ENSCAFG00000001660
vulpes_vulpes ENSVVUG00000005579
ursus_maritimus ENSUMAG00000019394
panthera_tigris_altaica ENSPTIG00000006607
panthera_pardus ENSPPRG00000012703
felis_catus ENSFCAG00000014393
cercocebus_atys ENSCATG00000039229
mandrillus_leucophaeus ENSMLEG00000027391
macaca_nemestrina ENSMNEG00000032550
macaca_fascicularis ENSMFAG00000035815
papio_anubis ENSPANG00000021678
theropithecus_gelada ENSTGEG00000019411
chlorocebus_sabaeus ENSCSAG00000008240
rhinopithecus_bieti ENSRBIG00000028500
rhinopithecus_roxellana ENSRROG00000044551
piliocolobus_tephrosceles ENSPTEG00000023088
colobus_angolensis_palliatus ENSCANG00000029529
pan_troglodytes ENSPTRG00000020711
pan_paniscus ENSPPAG00000029047
homo_sapiens ENSG00000160959
gorilla_gorilla ENSGGOG00000014334
pongo_abelii ENSPPYG00000018985
nomascus_leucogenys ENSNLEG00000010908
cebus_capucinus ENSCCAG00000019498
saimiri_boliviensis_boliviensis ENSSBOG00000025359
callithrix_jacchus ENSCJAG00000021399
aotus_nancymaae ENSANAG00000032633
carlito_syrichta ENSTSYG00000025905
prolemur_simus ENSPSMG00000024996
microcebus_murinus ENSMICG00000015949
propithecus_coquereli ENSPCOG00000016089
otolemur_garnettii ENSOGAG00000025558
heterocephalus_glaber_male ENSHGLG00100007516
heterocephalus_glaber_male ENSHGLG00100007567
heterocephalus_glaber_female ENSHGLG00000014713
heterocephalus_glaber_female ENSHGLG00000019284
heterocephalus_glaber_male ENSHGLG00100001761
fukomys_damarensis ENSFDAG00000008829
chinchilla_lanigera ENSCLAG00000008753
octodon_degus ENSODEG00000015749
cavia_porcellus ENSCPOG00000015566
cavia_aperea ENSCAPG00000010716
urocitellus_parryii ENSUPAG00010023564
spermophilus_dauricus ENSSDAG00000012559
ictidomys_tridecemlineatus ENSSTOG00000010205
marmota_marmota_marmota ENSMMMG00000008332
castor_canadensis ENSCCNG00000011628
dipodomys_ordii ENSDORG00000002298
microtus_ochrogaster ENSMOCG00000013979
peromyscus_maniculatus_bairdii ENSPEMG00000012684
cricetulus_griseus_crigri ENSCGRG00000007143
cricetulus_griseus_crigri-picr ENSCGRG00015022030
cricetulus_griseus_chok1gshd ENSCGRG00001015356
mesocricetus_auratus ENSMAUG00000018061
mus_spretus_strain_spret/eij MGP_SPRETEiJ_G0020849
mus_spicilegus ENSMSIG00000024642
mus_musculus ENSMUSG00000033728
mus_caroli_strain_caroli_eij MGP_CAROLIEiJ_G0019946
mus_pahari MGP_PahariEiJ_G0019956
rattus_norvegicus ENSRNOG00000016128
meriones_unguiculatus ENSMUGG00000012193
nannospalax_galili ENSNGAG00000021854
jaculus_jaculus ENSJJAG00000013498
dasypus_novemcinctus ENSDNOG00000040111
ochotona_princeps ENSOPRG00000002662
equus_caballus ENSECAG00000014327
equus_asinus_asinus ENSEASG00005022259
pteropus_vampyrus ENSPVAG00000006948
ursus_americanus ENSUAMG00000010836
ursus_maritimus ENSUMAG00000003381
sorex_araneus ENSSARG00000006893
marmota_marmota_marmota ENSMMMG00000000475
urocitellus_parryii ENSUPAG00010013697
castor_canadensis ENSCCNG00000026101
ochotona_princeps ENSOPRG00000005047
oryctolagus_cuniculus ENSOCUG00000009596
pongo_abelii ENSPPYG00000012015
pan_paniscus ENSPPAG00000015577
macaca_fascicularis ENSMFAG00000037513
macaca_mulatta ENSMMUG00000022977
macaca_nemestrina ENSMNEG00000039850
papio_anubis ENSPANG00000000658
chlorocebus_sabaeus ENSCSAG00000013735
theropithecus_gelada ENSTGEG00000006862
rhinopithecus_bieti ENSRBIG00000031103
piliocolobus_tephrosceles ENSPTEG00000005748
otolemur_garnettii ENSOGAG00000009592
procavia_capensis ENSPCAG00000001698
loxodonta_africana ENSLAFG00000018672
choloepus_hoffmanni ENSCHOG00000004071
dasypus_novemcinctus ENSDNOG00000001618
mus_spretus_strain_spret/eij MGP_SPRETEiJ_G0027177
mus_spretus_strain_spret/eij MGP_SPRETEiJ_G0014914
prolemur_simus ENSPSMG00000013912
procavia_capensis ENSPCAG00000010349
canis_lupus_dingo ENSCAFG00020026618
canis_lupus_familiaris ENSCAFG00000028972
canis_lupus_dingo ENSCAFG00020016429
canis_lupus_dingo ENSCAFG00020007599
canis_lupus_dingo ENSCAFG00020002016
canis_lupus_familiaris ENSCAFG00000014142
neovison_vison ENSNVIG00000021511
vicugna_pacos ENSVPAG00000001568
equus_caballus ENSECAG00000030408
erinaceus_europaeus ENSEEUG00000009431
mustela_putorius_furo ENSMPUG00000003108
ailuropoda_melanoleuca ENSAMEG00000013609
otolemur_garnettii ENSOGAG00000032887
dasypus_novemcinctus ENSDNOG00000032868
dasypus_novemcinctus ENSDNOG00000041901
loxodonta_africana ENSLAFG00000027316
dasypus_novemcinctus ENSDNOG00000025812
peromyscus_maniculatus_bairdii ENSPEMG00000029823
peromyscus_maniculatus_bairdii ENSPEMG00000005306
rattus_norvegicus ENSRNOG00000023286
meriones_unguiculatus ENSMUGG00000003942
meriones_unguiculatus ENSMUGG00000016280
mus_spretus_strain_spret/eij MGP_SPRETEiJ_G0027746
mus_musculus ENSMUSG00000046435
mus_spretus_strain_spret/eij MGP_SPRETEiJ_G0027755
mus_spretus_strain_spret/eij MGP_SPRETEiJ_G0027753
mus_spretus_strain_spret/eij MGP_SPRETEiJ_G0027754
mus_musculus ENSMUSG00000066688
mus_musculus ENSMUSG00000078512
mus_musculus ENSMUSG00000073724
mus_musculus ENSMUSG00000073723
mus_spicilegus ENSMSIG00000006089
mus_spicilegus ENSMSIG00000020385
mus_musculus ENSMUSG00000036749
mus_spicilegus ENSMSIG00000000747
mus_spicilegus ENSMSIG00000015535
mus_pahari MGP_PahariEiJ_G0029107
mus_pahari MGP_PahariEiJ_G0029108
rattus_norvegicus ENSRNOG00000047341
peromyscus_maniculatus_bairdii ENSPEMG00000023452
peromyscus_maniculatus_bairdii ENSPEMG00000025660
cricetulus_griseus_crigri-picr ENSCGRG00015002825
cricetulus_griseus_crigri-picr ENSCGRG00015001198
cricetulus_griseus_crigri-picr ENSCGRG00015009597
cricetulus_griseus_crigri-picr ENSCGRG00015010138
peromyscus_maniculatus_bairdii ENSPEMG00000024187
peromyscus_maniculatus_bairdii ENSPEMG00000026256
peromyscus_maniculatus_bairdii ENSPEMG00000030257
cricetulus_griseus_crigri-picr ENSCGRG00015021495
cricetulus_griseus_crigri-picr ENSCGRG00015003190
cricetulus_griseus_crigri-picr ENSCGRG00015015983
cricetulus_griseus_crigri-picr ENSCGRG00015022024
mesocricetus_auratus ENSMAUG00000002853
microtus_ochrogaster ENSMOCG00000015130
mus_spicilegus ENSMSIG00000023102
mus_musculus ENSMUSG00000025838
mus_spretus_strain_spret/eij MGP_SPRETEiJ_G0024747
mus_caroli_strain_caroli_eij MGP_CAROLIEiJ_G0023828
mus_pahari MGP_PahariEiJ_G0025279
rattus_norvegicus ENSRNOG00000021920
meriones_unguiculatus ENSMUGG00000016289
rattus_norvegicus ENSRNOG00000033000
rattus_norvegicus ENSRNOG00000027142
mus_musculus ENSMUSG00000078513
mus_musculus ENSMUSG00000029451
mus_spicilegus ENSMSIG00000017702
mus_musculus ENSMUSG00000050810
mus_spicilegus ENSMSIG00000016149
mus_pahari MGP_PahariEiJ_G0029116
mus_spicilegus ENSMSIG00000020559
mus_spicilegus ENSMSIG00000016070
mus_musculus ENSMUSG00000070617
mus_spretus_strain_spret/eij MGP_SPRETEiJ_G0027756
mus_spicilegus ENSMSIG00000000761
mus_musculus ENSMUSG00000066030
mus_spicilegus ENSMSIG00000020828
mus_musculus ENSMUSG00000059218
mus_pahari MGP_PahariEiJ_G0029115
mus_pahari MGP_PahariEiJ_G0029114
rattus_norvegicus ENSRNOG00000037039
mus_musculus ENSMUSG00000046262
mus_musculus ENSMUSG00000066031
mus_musculus ENSMUSG00000096276
mus_musculus ENSMUSG00000096576
mus_musculus ENSMUSG00000066027
mus_spicilegus ENSMSIG00000010553
mus_spicilegus ENSMSIG00000004001
mus_spretus_strain_spret/eij MGP_SPRETEiJ_G0027179
mus_musculus ENSMUSG00000078626
mus_caroli_strain_caroli_eij MGP_CAROLIEiJ_G0026211
rattus_norvegicus ENSRNOG00000045614
rattus_norvegicus ENSRNOG00000039548
mus_spicilegus ENSMSIG00000005299
mus_spretus_strain_spret/eij MGP_SPRETEiJ_G0027178
mus_musculus ENSMUSG00000046133
mus_caroli_strain_caroli_eij MGP_CAROLIEiJ_G0026209
mus_pahari MGP_PahariEiJ_G0028546
mus_caroli_strain_caroli_eij MGP_CAROLIEiJ_G0026766
peromyscus_maniculatus_bairdii ENSPEMG00000025426
mus_pahari MGP_PahariEiJ_G0029113
mus_pahari MGP_PahariEiJ_G0029109
mus_pahari MGP_PahariEiJ_G0029111
mus_pahari MGP_PahariEiJ_G0029110
mus_pahari MGP_PahariEiJ_G0029112
mus_spicilegus ENSMSIG00000015458
mus_caroli_strain_caroli_eij MGP_CAROLIEiJ_G0026765
mus_musculus ENSMUSG00000047799
mus_spretus_strain_spret/eij MGP_SPRETEiJ_G0027745
mus_spretus_strain_spret/eij MGP_SPRETEiJ_G0027108
mus_musculus ENSMUSG00000038330
mus_spicilegus ENSMSIG00000031648
mus_caroli_strain_caroli_eij MGP_CAROLIEiJ_G0026145
mus_musculus ENSMUSG00000074720
cricetulus_griseus_crigri-picr ENSCGRG00015002540
mus_pahari MGP_PahariEiJ_G0029103
mus_pahari MGP_PahariEiJ_G0029101
mus_pahari MGP_PahariEiJ_G0029099
mus_pahari MGP_PahariEiJ_G0029102
mus_pahari MGP_PahariEiJ_G0029105
mus_pahari MGP_PahariEiJ_G0029100
mus_pahari MGP_PahariEiJ_G0029104
mus_musculus ENSMUSG00000070619
mus_musculus ENSMUSG00000078511
mus_musculus ENSMUSG00000078510
mus_spretus_strain_spret/eij MGP_SPRETEiJ_G0027750
mus_spretus_strain_spret/eij MGP_SPRETEiJ_G0027747
mus_spretus_strain_spret/eij MGP_SPRETEiJ_G0027749
mus_spretus_strain_spret/eij MGP_SPRETEiJ_G0027748
mus_spretus_strain_spret/eij MGP_SPRETEiJ_G0027752
mus_musculus ENSMUSG00000096154
mus_musculus ENSMUSG00000070616
mus_musculus ENSMUSG00000095409
mus_musculus ENSMUSG00000070618
mus_spretus_strain_spret/eij MGP_SPRETEiJ_G0027751
mus_spretus_strain_spret/eij MGP_SPRETEiJ_G0027759
rattus_norvegicus ENSRNOG00000027000
meriones_unguiculatus ENSMUGG00000004051
mus_musculus ENSMUSG00000078508
mus_musculus ENSMUSG00000078509
mus_spretus_strain_spret/eij MGP_SPRETEiJ_G0027758
mus_spretus_strain_spret/eij MGP_SPRETEiJ_G0027757
mus_caroli_strain_caroli_eij MGP_CAROLIEiJ_G0026767
mus_caroli_strain_caroli_eij MGP_CAROLIEiJ_G0026768
mus_pahari MGP_PahariEiJ_G0029098
mus_pahari MGP_PahariEiJ_G0029097
rattus_norvegicus ENSRNOG00000042820
mus_spicilegus ENSMSIG00000023096
mus_spretus_strain_spret/eij MGP_SPRETEiJ_G0024746
mus_musculus ENSMUSG00000025839
mus_caroli_strain_caroli_eij MGP_CAROLIEiJ_G0023827
mus_pahari MGP_PahariEiJ_G0025278
rattus_norvegicus ENSRNOG00000021949
meriones_unguiculatus ENSMUGG00000004026
cricetulus_griseus_crigri-picr ENSCGRG00015003231
cricetulus_griseus_crigri-picr ENSCGRG00015001036
cricetulus_griseus_crigri-picr ENSCGRG00015003167
microtus_ochrogaster ENSMOCG00000010768
peromyscus_maniculatus_bairdii ENSPEMG00000023636
microtus_ochrogaster ENSMOCG00000003485
cricetulus_griseus_crigri ENSCGRG00000001860
cricetulus_griseus_chok1gshd ENSCGRG00001024998
cricetulus_griseus_crigri-picr ENSCGRG00015003157
mesocricetus_auratus ENSMAUG00000013165
mus_spicilegus ENSMSIG00000015426
mus_spretus_strain_spret/eij MGP_SPRETEiJ_G0027744
mus_musculus ENSMUSG00000046862
mus_caroli_strain_caroli_eij MGP_CAROLIEiJ_G0026764
mus_pahari MGP_PahariEiJ_G0029096
rattus_norvegicus ENSRNOG00000027278
meriones_unguiculatus ENSMUGG00000003922
nannospalax_galili ENSNGAG00000016878
nannospalax_galili ENSNGAG00000011657
meriones_unguiculatus ENSMUGG00000004122
meriones_unguiculatus ENSMUGG00000007146
meriones_unguiculatus ENSMUGG00000003354
meriones_unguiculatus ENSMUGG00000007309
meriones_unguiculatus ENSMUGG00000003286
meriones_unguiculatus ENSMUGG00000001148
meriones_unguiculatus ENSMUGG00000003265
mus_spicilegus ENSMSIG00000029996
mus_spicilegus ENSMSIG00000007616
mus_musculus ENSMUSG00000096728
mus_musculus ENSMUSG00000096139
mus_musculus ENSMUSG00000072822
mus_musculus ENSMUSG00000095475
mus_musculus ENSMUSG00000096230
mus_musculus ENSMUSG00000094043
mus_musculus ENSMUSG00000096066
mus_musculus ENSMUSG00000095503
mus_musculus ENSMUSG00000096236
mus_musculus ENSMUSG00000094741
mus_musculus ENSMUSG00000095728
mus_musculus ENSMUSG00000094560
rattus_norvegicus ENSRNOG00000046931
rattus_norvegicus ENSRNOG00000043130
rattus_norvegicus ENSRNOG00000048600
rattus_norvegicus ENSRNOG00000047839
rattus_norvegicus ENSRNOG00000046925
rattus_norvegicus ENSRNOG00000048778
rattus_norvegicus ENSRNOG00000053903
rattus_norvegicus ENSRNOG00000032647
rattus_norvegicus ENSRNOG00000047758
rattus_norvegicus ENSRNOG00000050184
rattus_norvegicus ENSRNOG00000048835
rattus_norvegicus ENSRNOG00000024884
mus_musculus ENSMUSG00000094855
mus_musculus ENSMUSG00000095718
mus_musculus ENSMUSG00000094172
mus_musculus ENSMUSG00000094303
mus_musculus ENSMUSG00000094195
mus_musculus ENSMUSG00000095076
mus_musculus ENSMUSG00000072814
mus_musculus ENSMUSG00000095570
mus_musculus ENSMUSG00000072821
mus_musculus ENSMUSG00000074011
mus_musculus ENSMUSG00000096680
mus_musculus ENSMUSG00000092166
mus_musculus ENSMUSG00000091585
mus_musculus ENSMUSG00000094383
mus_spicilegus ENSMSIG00000020433
mus_spicilegus ENSMSIG00000030039
mus_musculus ENSMUSG00000094836
mus_musculus ENSMUSG00000094887
mus_musculus ENSMUSG00000096742
mus_musculus ENSMUSG00000092073
mus_musculus ENSMUSG00000079424
mus_musculus ENSMUSG00000070686
mus_musculus ENSMUSG00000094791
mus_musculus ENSMUSG00000095505
mus_musculus ENSMUSG00000073497
mus_musculus ENSMUSG00000107392
mus_musculus ENSMUSG00000096044
mus_musculus ENSMUSG00000095763
mus_musculus ENSMUSG00000095996
mus_musculus ENSMUSG00000095523
mus_musculus ENSMUSG00000095954
mus_musculus ENSMUSG00000094474
mus_musculus ENSMUSG00000094722
mus_musculus ENSMUSG00000095666
mus_musculus ENSMUSG00000096756
mus_musculus ENSMUSG00000095074
mus_musculus ENSMUSG00000096259
mus_musculus ENSMUSG00000096550
mus_musculus ENSMUSG00000094337
mus_musculus ENSMUSG00000079423
mus_musculus ENSMUSG00000072813
mus_musculus ENSMUSG00000070677
peromyscus_maniculatus_bairdii ENSPEMG00000017363
peromyscus_maniculatus_bairdii ENSPEMG00000024546
peromyscus_maniculatus_bairdii ENSPEMG00000030477
peromyscus_maniculatus_bairdii ENSPEMG00000024801
peromyscus_maniculatus_bairdii ENSPEMG00000026583
peromyscus_maniculatus_bairdii ENSPEMG00000008737
peromyscus_maniculatus_bairdii ENSPEMG00000010896
microtus_ochrogaster ENSMOCG00000013280
cricetulus_griseus_crigri-picr ENSCGRG00015012863
cricetulus_griseus_crigri-picr ENSCGRG00015012782
cricetulus_griseus_crigri-picr ENSCGRG00015001921
cricetulus_griseus_crigri-picr ENSCGRG00015011901
cricetulus_griseus_crigri-picr ENSCGRG00015018125
cricetulus_griseus_chok1gshd ENSCGRG00001000219
cricetulus_griseus_crigri ENSCGRG00000001282
cricetulus_griseus_crigri-picr ENSCGRG00015020183
cricetulus_griseus_chok1gshd ENSCGRG00001018445
cricetulus_griseus_crigri ENSCGRG00000017584
cricetulus_griseus_crigri-picr ENSCGRG00015019849
cricetulus_griseus_crigri-picr ENSCGRG00015020185
mesocricetus_auratus ENSMAUG00000001477
peromyscus_maniculatus_bairdii ENSPEMG00000031191
cricetulus_griseus_crigri-picr ENSCGRG00015011886
cricetulus_griseus_crigri-picr ENSCGRG00015001902
cricetulus_griseus_crigri-picr ENSCGRG00015010146
cricetulus_griseus_crigri-picr ENSCGRG00015002522
cricetulus_griseus_crigri-picr ENSCGRG00015002765
mesocricetus_auratus ENSMAUG00000020650
peromyscus_maniculatus_bairdii ENSPEMG00000021391
mus_musculus ENSMUSG00000037028
mus_musculus ENSMUSG00000070890
mus_caroli_strain_caroli_eij MGP_CAROLIEiJ_G0026210
mus_pahari MGP_PahariEiJ_G0028547
mus_musculus ENSMUSG00000078625
mus_spicilegus ENSMSIG00000010531
mus_caroli_strain_caroli_eij MGP_CAROLIEiJ_G0026212
mus_pahari MGP_PahariEiJ_G0028548
mus_spicilegus ENSMSIG00000005256
mus_musculus ENSMUSG00000035201
mus_caroli_strain_caroli_eij MGP_CAROLIEiJ_G0026208
mus_pahari MGP_PahariEiJ_G0028545
rattus_norvegicus ENSRNOG00000024283
rattus_norvegicus ENSRNOG00000037977
meriones_unguiculatus ENSMUGG00000012280
peromyscus_maniculatus_bairdii ENSPEMG00000031415
peromyscus_maniculatus_bairdii ENSPEMG00000028056
peromyscus_maniculatus_bairdii ENSPEMG00000023563
peromyscus_maniculatus_bairdii ENSPEMG00000024312
peromyscus_maniculatus_bairdii ENSPEMG00000026714
cricetulus_griseus_crigri-picr ENSCGRG00015016593
cricetulus_griseus_crigri-picr ENSCGRG00015012354
jaculus_jaculus ENSJJAG00000011316
mus_spretus_strain_spret/eij MGP_SPRETEiJ_G0027180
erinaceus_europaeus ENSEEUG00000000699
bos_mutus ENSBMUG00000026639
castor_canadensis ENSCCNG00000019687
castor_canadensis ENSCCNG00000028194
castor_canadensis ENSCCNG00000019414
castor_canadensis ENSCCNG00000020841
castor_canadensis ENSCCNG00000019653
castor_canadensis ENSCCNG00000018994
chinchilla_lanigera ENSCLAG00000000385
mus_spicilegus ENSMSIG00000027958
mus_musculus ENSMUSG00000073721
mus_spretus_strain_spret/eij MGP_SPRETEiJ_G0027760
mus_pahari MGP_PahariEiJ_G0029106
rattus_norvegicus ENSRNOG00000053942
meriones_unguiculatus ENSMUGG00000004105
cricetulus_griseus_chok1gshd ENSCGRG00001024569
cricetulus_griseus_crigri ENSCGRG00000015051
cricetulus_griseus_crigri-picr ENSCGRG00015001043
mesocricetus_auratus ENSMAUG00000011962
mus_musculus ENSMUSG00000041805
mus_spicilegus ENSMSIG00000015411
mus_spretus_strain_spret/eij MGP_SPRETEiJ_G0027743
mus_caroli_strain_caroli_eij MGP_CAROLIEiJ_G0026763
mus_pahari MGP_PahariEiJ_G0029095
rattus_norvegicus ENSRNOG00000027328
meriones_unguiculatus ENSMUGG00000003912
cricetulus_griseus_crigri ENSCGRG00000000612
cricetulus_griseus_chok1gshd ENSCGRG00001003207
cricetulus_griseus_crigri-picr ENSCGRG00015002519
mesocricetus_auratus ENSMAUG00000017344
peromyscus_maniculatus_bairdii ENSPEMG00000021753
mus_spicilegus ENSMSIG00000027965
mus_spretus_strain_spret/eij MGP_SPRETEiJ_G0027761
mus_musculus ENSMUSG00000028591
mus_caroli_strain_caroli_eij MGP_CAROLIEiJ_G0026769
mus_pahari MGP_PahariEiJ_G0029117
rattus_norvegicus ENSRNOG00000037035
meriones_unguiculatus ENSMUGG00000004119
peromyscus_maniculatus_bairdii ENSPEMG00000000362
microtus_ochrogaster ENSMOCG00000017651
cricetulus_griseus_crigri-picr ENSCGRG00015001046
cricetulus_griseus_crigri ENSCGRG00000015667
cricetulus_griseus_chok1gshd ENSCGRG00001018269
mesocricetus_auratus ENSMAUG00000006280
nannospalax_galili ENSNGAG00000014848
jaculus_jaculus ENSJJAG00000013886
castor_canadensis ENSCCNG00000028178
castor_canadensis ENSCCNG00000023751
cavia_porcellus ENSCPOG00000032081
jaculus_jaculus ENSJJAG00000007952
dipodomys_ordii ENSDORG00000016049
heterocephalus_glaber_female ENSHGLG00000007987
heterocephalus_glaber_male ENSHGLG00100011719
pan_paniscus ENSPPAG00000033328
pan_troglodytes ENSPTRG00000029629
pongo_abelii ENSPPYG00000000950
nomascus_leucogenys ENSNLEG00000031342
macaca_fascicularis ENSMFAG00000044335
macaca_nemestrina ENSMNEG00000034524
macaca_mulatta ENSMMUG00000019890
papio_anubis ENSPANG00000033202
pan_paniscus ENSPPAG00000027375
pan_troglodytes ENSPTRG00000030820
homo_sapiens ENSG00000204479
pongo_abelii ENSPPYG00000001859
gorilla_gorilla ENSGGOG00000002014
gorilla_gorilla ENSGGOG00000024298
pongo_abelii ENSPPYG00000010654
homo_sapiens ENSG00000187545
homo_sapiens ENSG00000237700
pongo_abelii ENSPPYG00000001863
pongo_abelii ENSPPYG00000001861
gorilla_gorilla ENSGGOG00000002005
nomascus_leucogenys ENSNLEG00000009866
papio_anubis ENSPANG00000017720
papio_anubis ENSPANG00000032026
papio_anubis ENSPANG00000031773
theropithecus_gelada ENSTGEG00000022096
cercocebus_atys ENSCATG00000024574
macaca_fascicularis ENSMFAG00000032290
macaca_nemestrina ENSMNEG00000029126
chlorocebus_sabaeus ENSCSAG00000000817
macaca_fascicularis ENSMFAG00000044814
macaca_mulatta ENSMMUG00000045175
papio_anubis ENSPANG00000024710
theropithecus_gelada ENSTGEG00000022076
cercocebus_atys ENSCATG00000030660
chlorocebus_sabaeus ENSCSAG00000000816
macaca_nemestrina ENSMNEG00000039998
mandrillus_leucophaeus ENSMLEG00000033991
piliocolobus_tephrosceles ENSPTEG00000019712
piliocolobus_tephrosceles ENSPTEG00000007758
colobus_angolensis_palliatus ENSCANG00000041855
colobus_angolensis_palliatus ENSCANG00000033794
rhinopithecus_roxellana ENSRROG00000035968
rhinopithecus_bieti ENSRBIG00000031408
cebus_capucinus ENSCCAG00000032669
homo_sapiens ENSG00000279804
gorilla_gorilla ENSGGOG00000027485
gorilla_gorilla ENSGGOG00000027127
pan_troglodytes ENSPTRG00000030819
homo_sapiens ENSG00000204480
pongo_abelii ENSPPYG00000010652
pongo_abelii ENSPPYG00000010650
nomascus_leucogenys ENSNLEG00000009879
piliocolobus_tephrosceles ENSPTEG00000012877
colobus_angolensis_palliatus ENSCANG00000029272
rhinopithecus_bieti ENSRBIG00000039659
rhinopithecus_roxellana ENSRROG00000033519
theropithecus_gelada ENSTGEG00000022183
chlorocebus_sabaeus ENSCSAG00000000820
macaca_nemestrina ENSMNEG00000041850
macaca_fascicularis ENSMFAG00000042798
cercocebus_atys ENSCATG00000034140
papio_anubis ENSPANG00000013765
mandrillus_leucophaeus ENSMLEG00000028692
pan_paniscus ENSPPAG00000030003
pan_troglodytes ENSPTRG00000031360
gorilla_gorilla ENSGGOG00000013629
gorilla_gorilla ENSGGOG00000009211
pan_troglodytes ENSPTRG00000030824
pongo_abelii ENSPPYG00000010600
nomascus_leucogenys ENSNLEG00000031836
colobus_angolensis_palliatus ENSCANG00000029557
piliocolobus_tephrosceles ENSPTEG00000007690
homo_sapiens ENSG00000120952
gorilla_gorilla ENSGGOG00000002008
gorilla_gorilla ENSGGOG00000027904
homo_sapiens ENSG00000204481
homo_sapiens ENSG00000279169
homo_sapiens ENSG00000116721
pan_troglodytes ENSPTRG00000030823
gorilla_gorilla ENSGGOG00000026488
pongo_abelii ENSPPYG00000010661
pongo_abelii ENSPPYG00000010605
pongo_abelii ENSPPYG00000010651
nomascus_leucogenys ENSNLEG00000009870
rhinopithecus_roxellana ENSRROG00000041013
rhinopithecus_bieti ENSRBIG00000036376
colobus_angolensis_palliatus ENSCANG00000039618
piliocolobus_tephrosceles ENSPTEG00000012838
theropithecus_gelada ENSTGEG00000022162
papio_anubis ENSPANG00000008813
mandrillus_leucophaeus ENSMLEG00000031182
macaca_nemestrina ENSMNEG00000033443
macaca_fascicularis ENSMFAG00000032967
cercocebus_atys ENSCATG00000038414
chlorocebus_sabaeus ENSCSAG00000000819
pan_troglodytes ENSPTRG00000052227
gorilla_gorilla ENSGGOG00000040856
pan_troglodytes ENSPTRG00000049131
gorilla_gorilla ENSGGOG00000039862
nomascus_leucogenys ENSNLEG00000036088
rhinopithecus_roxellana ENSRROG00000041871
colobus_angolensis_palliatus ENSCANG00000016092
piliocolobus_tephrosceles ENSPTEG00000007833
theropithecus_gelada ENSTGEG00000022008
papio_anubis ENSPANG00000031340
mandrillus_leucophaeus ENSMLEG00000020026
macaca_fascicularis ENSMFAG00000039073
macaca_nemestrina ENSMNEG00000035213
cercocebus_atys ENSCATG00000031710
saimiri_boliviensis_boliviensis ENSSBOG00000022207
tupaia_belangeri ENSTBEG00000003857
spermophilus_dauricus ENSSDAG00000008244
spermophilus_dauricus ENSSDAG00000024459
spermophilus_dauricus ENSSDAG00000021188
urocitellus_parryii ENSUPAG00010000828
spermophilus_dauricus ENSSDAG00000002525
urocitellus_parryii ENSUPAG00010004463
marmota_marmota_marmota ENSMMMG00000007696
marmota_marmota_marmota ENSMMMG00000006537
spermophilus_dauricus ENSSDAG00000015077
urocitellus_parryii ENSUPAG00010007912
urocitellus_parryii ENSUPAG00010008627
urocitellus_parryii ENSUPAG00010005126
spermophilus_dauricus ENSSDAG00000010026
urocitellus_parryii ENSUPAG00010006746
castor_canadensis ENSCCNG00000019400
ochotona_princeps ENSOPRG00000009716
ochotona_princeps ENSOPRG00000009460
ochotona_princeps ENSOPRG00000002261
ochotona_princeps ENSOPRG00000001536
ochotona_princeps ENSOPRG00000002273
ochotona_princeps ENSOPRG00000002277
ochotona_princeps ENSOPRG00000000836
ochotona_princeps ENSOPRG00000000842
oryctolagus_cuniculus ENSOCUG00000008348
ochotona_princeps ENSOPRG00000009466
prolemur_simus ENSPSMG00000013280
prolemur_simus ENSPSMG00000024804
propithecus_coquereli ENSPCOG00000028229
microcebus_murinus ENSMICG00000047522
prolemur_simus ENSPSMG00000014218
otolemur_garnettii ENSOGAG00000024099
otolemur_garnettii ENSOGAG00000034191
octodon_degus ENSODEG00000008573
prolemur_simus ENSPSMG00000013272
propithecus_coquereli ENSPCOG00000015938
microcebus_murinus ENSMICG00000011663
propithecus_coquereli ENSPCOG00000028711
otolemur_garnettii ENSOGAG00000001019
otolemur_garnettii ENSOGAG00000028294
otolemur_garnettii ENSOGAG00000025750
otolemur_garnettii ENSOGAG00000029957
propithecus_coquereli ENSPCOG00000023311
prolemur_simus ENSPSMG00000013286
otolemur_garnettii ENSOGAG00000000273
pan_paniscus ENSPPAG00000038324
pan_troglodytes ENSPTRG00000030821
homo_sapiens ENSG00000116726
gorilla_gorilla ENSGGOG00000013624
pongo_abelii ENSPPYG00000001864
piliocolobus_tephrosceles ENSPTEG00000007894
colobus_angolensis_palliatus ENSCANG00000028591
rhinopithecus_bieti ENSRBIG00000028197
rhinopithecus_roxellana ENSRROG00000003974
cercocebus_atys ENSCATG00000032922
mandrillus_leucophaeus ENSMLEG00000030100
cercocebus_atys ENSCATG00000037206
mandrillus_leucophaeus ENSMLEG00000039782
papio_anubis ENSPANG00000024711
papio_anubis ENSPANG00000018328
theropithecus_gelada ENSTGEG00000021994
macaca_nemestrina ENSMNEG00000029190
macaca_fascicularis ENSMFAG00000031578
theropithecus_gelada ENSTGEG00000022137
chlorocebus_sabaeus ENSCSAG00000000815
homo_sapiens ENSG00000182330
homo_sapiens ENSG00000204510
gorilla_gorilla ENSGGOG00000001999
pongo_abelii ENSPPYG00000001862
nomascus_leucogenys ENSNLEG00000009861
aotus_nancymaae ENSANAG00000028546
homo_sapiens ENSG00000280267
homo_sapiens ENSG00000229571
gorilla_gorilla ENSGGOG00000041200
gorilla_gorilla ENSGGOG00000002004
homo_sapiens ENSG00000239810
homo_sapiens ENSG00000274764
homo_sapiens ENSG00000204505
homo_sapiens ENSG00000204501
gorilla_gorilla ENSGGOG00000023201
homo_sapiens ENSG00000232423
homo_sapiens ENSG00000270601
homo_sapiens ENSG00000243073
pan_troglodytes ENSPTRG00000039004
pan_troglodytes ENSPTRG00000044667
pan_troglodytes ENSPTRG00000030818
pan_paniscus ENSPPAG00000013902
pongo_abelii ENSPPYG00000010644
pongo_abelii ENSPPYG00000010656
nomascus_leucogenys ENSNLEG00000030346
nomascus_leucogenys ENSNLEG00000033314
nomascus_leucogenys ENSNLEG00000009851
pongo_abelii ENSPPYG00000010657
pongo_abelii ENSPPYG00000010673
macaca_fascicularis ENSMFAG00000003419
macaca_mulatta ENSMMUG00000041024
mandrillus_leucophaeus ENSMLEG00000040223
theropithecus_gelada ENSTGEG00000022110
papio_anubis ENSPANG00000035169
cercocebus_atys ENSCATG00000015317
chlorocebus_sabaeus ENSCSAG00000000818
theropithecus_gelada ENSTGEG00000022022
papio_anubis ENSPANG00000009328
mandrillus_leucophaeus ENSMLEG00000016425
macaca_fascicularis ENSMFAG00000037280
macaca_mulatta ENSMMUG00000040722
macaca_nemestrina ENSMNEG00000030236
colobus_angolensis_palliatus ENSCANG00000040933
piliocolobus_tephrosceles ENSPTEG00000007650
rhinopithecus_roxellana ENSRROG00000039122
rhinopithecus_bieti ENSRBIG00000030991
rhinopithecus_roxellana ENSRROG00000033421
rhinopithecus_bieti ENSRBIG00000041672
colobus_angolensis_palliatus ENSCANG00000005968
piliocolobus_tephrosceles ENSPTEG00000007599
pan_troglodytes ENSPTRG00000041322
pan_paniscus ENSPPAG00000034456
homo_sapiens ENSG00000204478
gorilla_gorilla ENSGGOG00000023851
gorilla_gorilla ENSGGOG00000025050
pongo_abelii ENSPPYG00000001858
nomascus_leucogenys ENSNLEG00000009881
papio_anubis ENSPANG00000024379
theropithecus_gelada ENSTGEG00000022219
cercocebus_atys ENSCATG00000022537
mandrillus_leucophaeus ENSMLEG00000028831
macaca_fascicularis ENSMFAG00000037490
macaca_nemestrina ENSMNEG00000043597
chlorocebus_sabaeus ENSCSAG00000000821
colobus_angolensis_palliatus ENSCANG00000033227
piliocolobus_tephrosceles ENSPTEG00000029590
rhinopithecus_bieti ENSRBIG00000041111
rhinopithecus_roxellana ENSRROG00000018701
cebus_capucinus ENSCCAG00000034267
callithrix_jacchus ENSCJAG00000013747
aotus_nancymaae ENSANAG00000021527
bos_taurus ENSBTAG00000046630
bison_bison_bison ENSBBBG00000015138
ovis_aries ENSOARG00000011126
ovis_aries ENSOARG00000011487
ovis_aries ENSOARG00000011576
capra_hircus ENSCHIG00000020333
bos_taurus ENSBTAG00000012389
bos_mutus ENSBMUG00000005846
bison_bison_bison ENSBBBG00000001187
bos_taurus ENSBTAG00000052563
bos_taurus ENSBTAG00000049159
bos_taurus ENSBTAG00000048802
ovis_aries ENSOARG00000003584
sus_scrofa ENSSSCG00000031836
vicugna_pacos ENSVPAG00000000780
sus_scrofa ENSSSCG00000033129
sus_scrofa ENSSSCG00000033480
sus_scrofa ENSSSCG00000037632
sus_scrofa ENSSSCG00000040680
sus_scrofa ENSSSCG00000037747
sus_scrofa ENSSSCG00000032991
bos_taurus ENSBTAG00000050422
bos_mutus ENSBMUG00000026511
bison_bison_bison ENSBBBG00000003551
ovis_aries ENSOARG00000011025
capra_hircus ENSCHIG00000020507
ovis_aries ENSOARG00000011390
bos_taurus ENSBTAG00000053475
bos_taurus ENSBTAG00000054475
bos_mutus ENSBMUG00000026510
bison_bison_bison ENSBBBG00000015074
ovis_aries ENSOARG00000011153
bison_bison_bison ENSBBBG00000015151
bos_taurus ENSBTAG00000054147
capra_hircus ENSCHIG00000014605
ovis_aries ENSOARG00000011039
bos_taurus ENSBTAG00000051707
bos_mutus ENSBMUG00000006168
bison_bison_bison ENSBBBG00000000878
ovis_aries ENSOARG00000011567
bison_bison_bison ENSBBBG00000003702
bos_taurus ENSBTAG00000052938
tursiops_truncatus ENSTTRG00000013749
tursiops_truncatus ENSTTRG00000013748
tursiops_truncatus ENSTTRG00000013746
tursiops_truncatus ENSTTRG00000013747
bos_taurus ENSBTAG00000024791
bos_mutus ENSBMUG00000026512
bison_bison_bison ENSBBBG00000015198
ovis_aries ENSOARG00000010975
bos_mutus ENSBMUG00000026507
bos_taurus ENSBTAG00000053200
bos_taurus ENSBTAG00000031507
bison_bison_bison ENSBBBG00000015055
ovis_aries ENSOARG00000011209
ovis_aries ENSOARG00000011511
capra_hircus ENSCHIG00000014501
ovis_aries ENSOARG00000003461
tursiops_truncatus ENSTTRG00000013745
sus_scrofa ENSSSCG00000033821
sus_scrofa ENSSSCG00000039417
capra_hircus ENSCHIG00000014888
capra_hircus ENSCHIG00000004814
ovis_aries ENSOARG00000011338
bos_taurus ENSBTAG00000051014
bos_taurus ENSBTAG00000053765
bos_taurus ENSBTAG00000051774
bos_taurus ENSBTAG00000050819
bos_taurus ENSBTAG00000054313
bos_taurus ENSBTAG00000050926
bos_taurus ENSBTAG00000050338
bos_taurus ENSBTAG00000050268
bos_taurus ENSBTAG00000051639
bos_taurus ENSBTAG00000049796
bos_taurus ENSBTAG00000054788
bison_bison_bison ENSBBBG00000003719
bos_mutus ENSBMUG00000006581
bos_taurus ENSBTAG00000052006
bison_bison_bison ENSBBBG00000003594
ovis_aries ENSOARG00000011458
bos_taurus ENSBTAG00000054186
bos_mutus ENSBMUG00000006654
bison_bison_bison ENSBBBG00000006952
ovis_aries ENSOARG00000011419
capra_hircus ENSCHIG00000008224
ovis_aries ENSOARG00000011178
sus_scrofa ENSSSCG00000003444
vicugna_pacos ENSVPAG00000001238
equus_asinus_asinus ENSEASG00005015988
equus_caballus ENSECAG00000010285
myotis_lucifugus ENSMLUG00000022215
myotis_lucifugus ENSMLUG00000025755
myotis_lucifugus ENSMLUG00000022618
myotis_lucifugus ENSMLUG00000025310
myotis_lucifugus ENSMLUG00000022352
myotis_lucifugus ENSMLUG00000024210
myotis_lucifugus ENSMLUG00000028361
myotis_lucifugus ENSMLUG00000027796
myotis_lucifugus ENSMLUG00000013332
myotis_lucifugus ENSMLUG00000029520
myotis_lucifugus ENSMLUG00000023143
myotis_lucifugus ENSMLUG00000015109
myotis_lucifugus ENSMLUG00000022861
myotis_lucifugus ENSMLUG00000006369
myotis_lucifugus ENSMLUG00000028631
myotis_lucifugus ENSMLUG00000022936
myotis_lucifugus ENSMLUG00000028223
myotis_lucifugus ENSMLUG00000030429
myotis_lucifugus ENSMLUG00000027162
myotis_lucifugus ENSMLUG00000029649
myotis_lucifugus ENSMLUG00000025509
myotis_lucifugus ENSMLUG00000029954
myotis_lucifugus ENSMLUG00000028351
myotis_lucifugus ENSMLUG00000013535
myotis_lucifugus ENSMLUG00000022797
myotis_lucifugus ENSMLUG00000012183
myotis_lucifugus ENSMLUG00000028433
myotis_lucifugus ENSMLUG00000023460
myotis_lucifugus ENSMLUG00000030072
myotis_lucifugus ENSMLUG00000024135
pteropus_vampyrus ENSPVAG00000013043
ailuropoda_melanoleuca ENSAMEG00000006729
mustela_putorius_furo ENSMPUG00000016357
panthera_tigris_altaica ENSPTIG00000014625
panthera_pardus ENSPPRG00000001268
felis_catus ENSFCAG00000023782
erinaceus_europaeus ENSEEUG00000010205
erinaceus_europaeus ENSEEUG00000011713
erinaceus_europaeus ENSEEUG00000005201
erinaceus_europaeus ENSEEUG00000006065
erinaceus_europaeus ENSEEUG00000003911
erinaceus_europaeus ENSEEUG00000013765
erinaceus_europaeus ENSEEUG00000009024
erinaceus_europaeus ENSEEUG00000007367
erinaceus_europaeus ENSEEUG00000004189
erinaceus_europaeus ENSEEUG00000000625
erinaceus_europaeus ENSEEUG00000009185
sorex_araneus ENSSARG00000007094
loxodonta_africana ENSLAFG00000016851
loxodonta_africana ENSLAFG00000005998
procavia_capensis ENSPCAG00000008940
loxodonta_africana ENSLAFG00000028919
loxodonta_africana ENSLAFG00000027535
loxodonta_africana ENSLAFG00000029507
loxodonta_africana ENSLAFG00000030061
loxodonta_africana ENSLAFG00000025623
procavia_capensis ENSPCAG00000009046
echinops_telfairi ENSETEG00000001664
echinops_telfairi ENSETEG00000014387
echinops_telfairi ENSETEG00000014260
echinops_telfairi ENSETEG00000007194
echinops_telfairi ENSETEG00000001742
echinops_telfairi ENSETEG00000013624
echinops_telfairi ENSETEG00000014464
echinops_telfairi ENSETEG00000001446
echinops_telfairi ENSETEG00000012976
echinops_telfairi ENSETEG00000009684
echinops_telfairi ENSETEG00000001784
echinops_telfairi ENSETEG00000011696
echinops_telfairi ENSETEG00000020036
echinops_telfairi ENSETEG00000002461
echinops_telfairi ENSETEG00000008867
echinops_telfairi ENSETEG00000009685
echinops_telfairi ENSETEG00000016524
echinops_telfairi ENSETEG00000001068
echinops_telfairi ENSETEG00000017862
echinops_telfairi ENSETEG00000017595
echinops_telfairi ENSETEG00000020318
echinops_telfairi ENSETEG00000004260
echinops_telfairi ENSETEG00000013628
echinops_telfairi ENSETEG00000020165
echinops_telfairi ENSETEG00000000618
echinops_telfairi ENSETEG00000002724
echinops_telfairi ENSETEG00000011938
echinops_telfairi ENSETEG00000004322
echinops_telfairi ENSETEG00000006404
choloepus_hoffmanni ENSCHOG00000001431
ursus_americanus ENSUAMG00000009815
ursus_maritimus ENSUMAG00000003050
ailuropoda_melanoleuca ENSAMEG00000000465
neovison_vison ENSNVIG00000017662
mustela_putorius_furo ENSMPUG00000001542
canis_lupus_familiaris ENSCAFG00000013613
canis_lupus_dingo ENSCAFG00020004125
vulpes_vulpes ENSVVUG00000005802
panthera_tigris_altaica ENSPTIG00000014370
panthera_pardus ENSPPRG00000004320
felis_catus ENSFCAG00000030199
erinaceus_europaeus ENSEEUG00000007697
sorex_araneus ENSSARG00000012652
equus_asinus_asinus ENSEASG00005018113
equus_caballus ENSECAG00000018416
pteropus_vampyrus ENSPVAG00000017081
myotis_lucifugus ENSMLUG00000009886
bison_bison_bison ENSBBBG00000018458
bison_bison_bison ENSBBBG00000024751
capra_hircus ENSCHIG00000000048
capra_hircus ENSCHIG00000010555
capra_hircus ENSCHIG00000009986
bison_bison_bison ENSBBBG00000020451
bos_taurus ENSBTAG00000033890
bison_bison_bison ENSBBBG00000022057
bison_bison_bison ENSBBBG00000007760
capra_hircus ENSCHIG00000025831
ovis_aries ENSOARG00000012569
tursiops_truncatus ENSTTRG00000013917
sus_scrofa ENSSSCG00000036408
heterocephalus_glaber_male ENSHGLG00100002699
heterocephalus_glaber_female ENSHGLG00000010699
fukomys_damarensis ENSFDAG00000004880
chinchilla_lanigera ENSCLAG00000007647
castor_canadensis ENSCCNG00000029850
castor_canadensis ENSCCNG00000002257
marmota_marmota_marmota ENSMMMG00000017979
urocitellus_parryii ENSUPAG00010004679
oryctolagus_cuniculus ENSOCUG00000017345
gorilla_gorilla ENSGGOG00000012263
gorilla_gorilla ENSGGOG00000024458
homo_sapiens ENSG00000185686
pan_troglodytes ENSPTRG00000014123
pan_paniscus ENSPPAG00000027475
pongo_abelii ENSPPYG00000011614
nomascus_leucogenys ENSNLEG00000015452
theropithecus_gelada ENSTGEG00000000459
papio_anubis ENSPANG00000009404
cercocebus_atys ENSCATG00000037795
mandrillus_leucophaeus ENSMLEG00000029144
macaca_fascicularis ENSMFAG00000002463
macaca_mulatta ENSMMUG00000010657
macaca_nemestrina ENSMNEG00000005962
chlorocebus_sabaeus ENSCSAG00000013851
piliocolobus_tephrosceles ENSPTEG00000001958
colobus_angolensis_palliatus ENSCANG00000035297
rhinopithecus_bieti ENSRBIG00000036780
rhinopithecus_roxellana ENSRROG00000037074
cebus_capucinus ENSCCAG00000018249
saimiri_boliviensis_boliviensis ENSSBOG00000035487
callithrix_jacchus ENSCJAG00000020319
aotus_nancymaae ENSANAG00000032454
carlito_syrichta ENSTSYG00000014412
microcebus_murinus ENSMICG00000047428
propithecus_coquereli ENSPCOG00000023552
prolemur_simus ENSPSMG00000025268
otolemur_garnettii ENSOGAG00000010830
otolemur_garnettii ENSOGAG00000025672
tupaia_belangeri ENSTBEG00000010539
dasypus_novemcinctus ENSDNOG00000045118
choloepus_hoffmanni ENSCHOG00000001040
echinops_telfairi ENSETEG00000004423
ursus_maritimus ENSUMAG00000000347
ursus_americanus ENSUAMG00000018563
ailuropoda_melanoleuca ENSAMEG00000004440
ailuropoda_melanoleuca ENSAMEG00000007955
neovison_vison ENSNVIG00000000893
mustela_putorius_furo ENSMPUG00000002127
vulpes_vulpes ENSVVUG00000005361
capra_hircus ENSCHIG00000023015
ovis_aries ENSOARG00000002103
bos_mutus ENSBMUG00000021357
bos_taurus ENSBTAG00000027978
sus_scrofa ENSSSCG00000012516
equus_asinus_asinus ENSEASG00005018667
equus_caballus ENSECAG00000030975
equus_caballus ENSECAG00000037811
castor_canadensis ENSCCNG00000011767
dipodomys_ordii ENSDORG00000026213
rattus_norvegicus ENSRNOG00000037698
rattus_norvegicus ENSRNOG00000047492
mus_spicilegus ENSMSIG00000020505
meriones_unguiculatus ENSMUGG00000005290
meriones_unguiculatus ENSMUGG00000006469
meriones_unguiculatus ENSMUGG00000007885
meriones_unguiculatus ENSMUGG00000003784
cricetulus_griseus_crigri-picr ENSCGRG00015002038
nannospalax_galili ENSNGAG00000001001
peromyscus_maniculatus_bairdii ENSPEMG00000027239
peromyscus_maniculatus_bairdii ENSPEMG00000026028
peromyscus_maniculatus_bairdii ENSPEMG00000025703
microtus_ochrogaster ENSMOCG00000000044
microtus_ochrogaster ENSMOCG00000000168
cricetulus_griseus_crigri-picr ENSCGRG00015002162
cricetulus_griseus_crigri ENSCGRG00000004470
mus_pahari MGP_PahariEiJ_G0031884
mus_pahari MGP_PahariEiJ_G0031886
mus_pahari MGP_PahariEiJ_G0031887
mus_pahari MGP_PahariEiJ_G0031885
mus_musculus ENSMUSG00000079432
mus_musculus ENSMUSG00000054994
mus_musculus ENSMUSG00000067360
mus_musculus ENSMUSG00000096508
mus_musculus ENSMUSG00000094004
mus_spretus_strain_spret/eij MGP_SPRETEiJ_G0034568
mus_spretus_strain_spret/eij MGP_SPRETEiJ_G0034570
mus_spretus_strain_spret/eij MGP_SPRETEiJ_G0034569
mus_spretus_strain_spret/eij MGP_SPRETEiJ_G0034572
mus_spretus_strain_spret/eij MGP_SPRETEiJ_G0034571
mus_spicilegus ENSMSIG00000021529
rattus_norvegicus ENSRNOG00000023469
nannospalax_galili ENSNGAG00000014763
cricetulus_griseus_chok1gshd ENSCGRG00001018217
cricetulus_griseus_crigri ENSCGRG00000012639
cricetulus_griseus_crigri-picr ENSCGRG00015002345
mesocricetus_auratus ENSMAUG00000019565
peromyscus_maniculatus_bairdii ENSPEMG00000029817
microtus_ochrogaster ENSMOCG00000004950
mus_spicilegus ENSMSIG00000029844
mus_musculus ENSMUSG00000031411
mus_spretus_strain_spret/eij MGP_SPRETEiJ_G0034574
mus_caroli_strain_caroli_eij MGP_CAROLIEiJ_G0033405
mus_pahari MGP_PahariEiJ_G0031945
rattus_norvegicus ENSRNOG00000011113
mus_spicilegus ENSMSIG00000014811
rattus_norvegicus ENSRNOG00000037684
jaculus_jaculus ENSJJAG00000002950
jaculus_jaculus ENSJJAG00000008179
urocitellus_parryii ENSUPAG00010014653
spermophilus_dauricus ENSSDAG00000006652
marmota_marmota_marmota ENSMMMG00000010629
ictidomys_tridecemlineatus ENSSTOG00000021307
coturnix_japonica ENSCJPG00005010719
latimeria_chalumnae ENSLACG00000000278
cyanistes_caeruleus ENSCCEG00000013563
cyanistes_caeruleus ENSCCEG00000013565
ficedula_albicollis ENSFALG00000009433
serinus_canaria ENSSCAG00000003975
ficedula_albicollis ENSFALG00000013421
ficedula_albicollis ENSFALG00000005272
ficedula_albicollis ENSFALG00000009399
ficedula_albicollis ENSFALG00000013415
ficedula_albicollis ENSFALG00000005279
ficedula_albicollis ENSFALG00000004980
ficedula_albicollis ENSFALG00000009393
ficedula_albicollis ENSFALG00000005275
ficedula_albicollis ENSFALG00000003690
ficedula_albicollis ENSFALG00000013418
ficedula_albicollis ENSFALG00000009416
ficedula_albicollis ENSFALG00000009405
junco_hyemalis ENSJHYG00000018375
zonotrichia_albicollis ENSZALG00000002661
serinus_canaria ENSSCAG00000003987
parus_major ENSPMJG00000013219
lonchura_striata_domestica ENSLSDG00000000194
lonchura_striata_domestica ENSLSDG00000003633
lepidothrix_coronata ENSLCOG00000009376
manacus_vitellinus ENSMVIG00005015969
calidris_pygmaea ENSCPGG00000000185
calidris_pugnax ENSCPUG00000008540
numida_meleagris ENSNMEG00000010329
coturnix_japonica ENSCJPG00005010720
anser_brachyrhynchus ENSABRG00000019671
anas_platyrhynchos_platyrhynchos ENSAPLG00000027951
crocodylus_porosus ENSCPRG00005014025
anolis_carolinensis ENSACAG00000010645
pogona_vitticeps ENSPVIG00000007795
notechis_scutatus ENSNSUG00000011870
salvator_merianae ENSSMRG00000008291
sphenodon_punctatus ENSSPUG00000018066
gopherus_agassizii ENSGAGG00000021946
chelonoidis_abingdonii ENSCABG00000020844
chrysemys_picta_bellii ENSCPBG00000019005
pelodiscus_sinensis ENSPSIG00000003153
apteryx_rowi ENSARWG00000012287
apteryx_owenii ENSAOWG00000017927
apteryx_haastii ENSAHAG00000016244
dromaius_novaehollandiae ENSDNVG00000014006
xenopus_tropicalis ENSXETG00000004669
latimeria_chalumnae ENSLACG00000000430
gasterosteus_aculeatus ENSGACG00000003991
labrus_bergylta ENSLBEG00000003625
mola_mola ENSMMOG00000004386
takifugu_rubripes ENSTRUG00000025947
poecilia_latipinna ENSPLAG00000022077
poecilia_mexicana ENSPMEG00000022419
poecilia_formosa ENSPFOG00000016383
poecilia_reticulata ENSPREG00000008511
xiphophorus_maculatus ENSXMAG00000002340
xiphophorus_couchianus ENSXCOG00000011528
gambusia_affinis ENSGAFG00000002894
cyprinodon_variegatus ENSCVAG00000007095
fundulus_heteroclitus ENSFHEG00000009202
kryptolebias_marmoratus ENSKMAG00000013332
amphiprion_percula ENSAPEG00000015510
amphiprion_ocellaris ENSAOCG00000005385
acanthochromis_polyacanthus ENSAPOG00000021130
stegastes_partitus ENSSPAG00000021429
astatotilapia_calliptera ENSACLG00000000478
maylandia_zebra ENSMZEG00005000773
haplochromis_burtoni ENSHBUG00000018040
pundamilia_nyererei ENSPNYG00000000499
neolamprologus_brichardi ENSNBRG00000016045
oreochromis_niloticus ENSONIG00000006009
amphilophus_citrinellus ENSACIG00000016849
monopterus_albus ENSMALG00000020517
mastacembelus_armatus ENSMAMG00000004667
anabas_testudineus ENSATEG00000004836
seriola_dumerili ENSSDUG00000007367
seriola_lalandi_dorsalis ENSSLDG00000021534
scophthalmus_maximus ENSSMAG00000011447
periophthalmus_magnuspinnatus ENSPMGG00000002853
oryzias_latipes ENSORLG00000010754
oryzias_latipes_asm223469v1 ENSORLG00015010036
oryzias_latipes ENSORLG00020010144
oryzias_melastigma ENSOMEG00000003794
hippocampus_comes ENSHCOG00000012196
gadus_morhua ENSGMOG00000019434
esox_lucius ENSELUG00000005066
astyanax_mexicanus ENSAMXG00000037192
pygocentrus_nattereri ENSPNAG00000000366
ictalurus_punctatus ENSIPUG00000014519
danio_rerio ENSDARG00000036493
paramormyrops_kingsleyae ENSPKIG00000007054
scleropages_formosus ENSSFOG00015014109
lepisosteus_oculatus ENSLOCG00000008819
petromyzon_marinus ENSPMAG00000005360
petromyzon_marinus ENSPMAG00000002322
eptatretus_burgeri ENSEBUG00000000944
scophthalmus_maximus ENSSMAG00000008342
cynoglossus_semilaevis ENSCSEG00000017894
seriola_lalandi_dorsalis ENSSLDG00000012817
seriola_dumerili ENSSDUG00000010912
monopterus_albus ENSMALG00000013800
mastacembelus_armatus ENSMAMG00000013275
anabas_testudineus ENSATEG00000014090
amphiprion_ocellaris ENSAOCG00000006992
amphiprion_percula ENSAPEG00000012019
acanthochromis_polyacanthus ENSAPOG00000019403
stegastes_partitus ENSSPAG00000014846
fundulus_heteroclitus ENSFHEG00000013307
cyprinodon_variegatus ENSCVAG00000020598
xiphophorus_couchianus ENSXCOG00000020093
xiphophorus_maculatus ENSXMAG00000021572
gambusia_affinis ENSGAFG00000010896
poecilia_mexicana ENSPMEG00000000461
poecilia_latipinna ENSPLAG00000014915
poecilia_formosa ENSPFOG00000013462
poecilia_reticulata ENSPREG00000007615
kryptolebias_marmoratus ENSKMAG00000006406
oryzias_latipes ENSORLG00020006127
oryzias_latipes ENSORLG00000012707
oryzias_latipes_asm223469v1 ENSORLG00015013927
oryzias_melastigma ENSOMEG00000012183
astatotilapia_calliptera ENSACLG00000016489
maylandia_zebra ENSMZEG00005004298
pundamilia_nyererei ENSPNYG00000011339
haplochromis_burtoni ENSHBUG00000002861
neolamprologus_brichardi ENSNBRG00000012549
oreochromis_niloticus ENSONIG00000002553
amphilophus_citrinellus ENSACIG00000010694
labrus_bergylta ENSLBEG00000002930
gasterosteus_aculeatus ENSGACG00000005427
takifugu_rubripes ENSTRUG00000010672
tetraodon_nigroviridis ENSTNIG00000009186
mola_mola ENSMMOG00000019024
periophthalmus_magnuspinnatus ENSPMGG00000022644
hippocampus_comes ENSHCOG00000019376
gadus_morhua ENSGMOG00000010513
esox_lucius ENSELUG00000000823
astyanax_mexicanus ENSAMXG00000020693
pygocentrus_nattereri ENSPNAG00000025596
ictalurus_punctatus ENSIPUG00000019665
danio_rerio ENSDARG00000060788
scleropages_formosus ENSSFOG00015010690
paramormyrops_kingsleyae ENSPKIG00000005256
pogona_vitticeps ENSPVIG00000008175
anolis_carolinensis ENSACAG00000002603
notechis_scutatus ENSNSUG00000015202
salvator_merianae ENSSMRG00000010023
sphenodon_punctatus ENSSPUG00000013073
chelonoidis_abingdonii ENSCABG00000006338
gopherus_agassizii ENSGAGG00000005646
chrysemys_picta_bellii ENSCPBG00000000904
pelodiscus_sinensis ENSPSIG00000006437
apteryx_haastii ENSAHAG00000013592
apteryx_rowi ENSARWG00000004868
apteryx_owenii ENSAOWG00000004736
nothoprocta_perdicaria ENSNPEG00000005891
dromaius_novaehollandiae ENSDNVG00000004992
manacus_vitellinus ENSMVIG00005015738
lepidothrix_coronata ENSLCOG00000011589
cyanistes_caeruleus ENSCCEG00000017549
parus_major ENSPMJG00000018135
ficedula_albicollis ENSFALG00000013224
lonchura_striata_domestica ENSLSDG00000010769
taeniopygia_guttata ENSTGUG00000006854
serinus_canaria ENSSCAG00000015670
zonotrichia_albicollis ENSZALG00000003695
junco_hyemalis ENSJHYG00000013993
melopsittacus_undulatus ENSMUNG00000008570
calidris_pygmaea ENSCPGG00000001156
calidris_pugnax ENSCPUG00000017592
gallus_gallus ENSGALG00000035393
coturnix_japonica ENSCJPG00005018023
meleagris_gallopavo ENSMGAG00000001943
numida_meleagris ENSNMEG00000006545
anser_brachyrhynchus ENSABRG00000010174
anas_platyrhynchos_platyrhynchos ENSAPLG00000014369
homo_sapiens ENSG00000185028
gorilla_gorilla ENSGGOG00000002663
pan_troglodytes ENSPTRG00000016673
pan_paniscus ENSPPAG00000036625
pongo_abelii ENSPPYG00000015295
nomascus_leucogenys ENSNLEG00000010759
colobus_angolensis_palliatus ENSCANG00000002654
piliocolobus_tephrosceles ENSPTEG00000014556
rhinopithecus_bieti ENSRBIG00000037506
rhinopithecus_roxellana ENSRROG00000029577
macaca_fascicularis ENSMFAG00000041120
macaca_nemestrina ENSMNEG00000042735
papio_anubis ENSPANG00000014912
theropithecus_gelada ENSTGEG00000000524
cercocebus_atys ENSCATG00000030077
chlorocebus_sabaeus ENSCSAG00000017440
saimiri_boliviensis_boliviensis ENSSBOG00000030057
cebus_capucinus ENSCCAG00000022640
callithrix_jacchus ENSCJAG00000017581
aotus_nancymaae ENSANAG00000027088
carlito_syrichta ENSTSYG00000032568
propithecus_coquereli ENSPCOG00000027523
microcebus_murinus ENSMICG00000040725
prolemur_simus ENSPSMG00000010614
otolemur_garnettii ENSOGAG00000029649
heterocephalus_glaber_male ENSHGLG00100003147
heterocephalus_glaber_female ENSHGLG00000018864
fukomys_damarensis ENSFDAG00000008416
cavia_porcellus ENSCPOG00000006132
cavia_aperea ENSCAPG00000012560
chinchilla_lanigera ENSCLAG00000006094
octodon_degus ENSODEG00000018256
marmota_marmota_marmota ENSMMMG00000016008
ictidomys_tridecemlineatus ENSSTOG00000008872
urocitellus_parryii ENSUPAG00010019481
spermophilus_dauricus ENSSDAG00000023861
castor_canadensis ENSCCNG00000028721
dipodomys_ordii ENSDORG00000001054
mus_musculus ENSMUSG00000021579
mus_spretus_strain_spret/eij MGP_SPRETEiJ_G0019606
mus_spicilegus ENSMSIG00000015555
mus_caroli_strain_caroli_eij MGP_CAROLIEiJ_G0018722
mus_pahari MGP_PahariEiJ_G0015802
rattus_norvegicus ENSRNOG00000028357
meriones_unguiculatus ENSMUGG00000016860
cricetulus_griseus_crigri ENSCGRG00000004610
cricetulus_griseus_crigri-picr ENSCGRG00015009817
cricetulus_griseus_chok1gshd ENSCGRG00001012753
mesocricetus_auratus ENSMAUG00000013534
microtus_ochrogaster ENSMOCG00000015632
peromyscus_maniculatus_bairdii ENSPEMG00000030149
nannospalax_galili ENSNGAG00000000023
jaculus_jaculus ENSJJAG00000015937
oryctolagus_cuniculus ENSOCUG00000001603
ochotona_princeps ENSOPRG00000000771
tupaia_belangeri ENSTBEG00000004967
bos_mutus ENSBMUG00000013225
bos_taurus ENSBTAG00000045954
capra_hircus ENSCHIG00000006964
ovis_aries ENSOARG00000015565
tursiops_truncatus ENSTTRG00000006249
sus_scrofa ENSSSCG00000033375
myotis_lucifugus ENSMLUG00000016995
sorex_araneus ENSSARG00000000943
erinaceus_europaeus ENSEEUG00000012669
pteropus_vampyrus ENSPVAG00000009299
ursus_americanus ENSUAMG00000022227
ursus_maritimus ENSUMAG00000022599
ailuropoda_melanoleuca ENSAMEG00000008539
canis_lupus_familiaris ENSCAFG00000029782
canis_lupus_dingo ENSCAFG00020023084
vulpes_vulpes ENSVVUG00000021994
mustela_putorius_furo ENSMPUG00000010342
neovison_vison ENSNVIG00000022319
panthera_pardus ENSPPRG00000003472
panthera_tigris_altaica ENSPTIG00000006359
felis_catus ENSFCAG00000008034
equus_asinus_asinus ENSEASG00005018059
equus_caballus ENSECAG00000001935
dasypus_novemcinctus ENSDNOG00000036597
loxodonta_africana ENSLAFG00000018331
procavia_capensis ENSPCAG00000010350
ornithorhynchus_anatinus ENSOANG00000010172
phascolarctos_cinereus ENSPCIG00000016978
notamacropus_eugenii ENSMEUG00000015845
sarcophilus_harrisii ENSSHAG00000018300
monodelphis_domestica ENSMODG00000000599
xenopus_tropicalis ENSXETG00000001796
latimeria_chalumnae ENSLACG00000001991
lepisosteus_oculatus ENSLOCG00000008169
