mus_spretus_strain_spret/eij MGP_SPRETEiJ_G0002355
mus_spretus_strain_spret/eij MGP_SPRETEiJ_G0002356
mus_musculus ENSMUSG00000076770
mus_musculus ENSMUSG00000076831
mus_caroli_strain_caroli_eij MGP_CAROLIEiJ_G0002213
mus_caroli_strain_caroli_eij MGP_CAROLIEiJ_G0002212
mus_spicilegus ENSMSIG00000007296
mus_musculus ENSMUSG00000076821
mus_musculus ENSMUSG00000076795
peromyscus_maniculatus_bairdii ENSPEMG00000029340
spermophilus_dauricus ENSSDAG00000002440
spermophilus_dauricus ENSSDAG00000018179
marmota_marmota_marmota ENSMMMG00000014181
spermophilus_dauricus ENSSDAG00000018668
marmota_marmota_marmota ENSMMMG00000013996
oryctolagus_cuniculus ENSOCUG00000027167
pan_paniscus ENSPPAG00000032678
pan_troglodytes ENSPTRG00000052613
gorilla_gorilla ENSGGOG00000044166
homo_sapiens ENSG00000211797
pongo_abelii ENSPPYG00000005622
nomascus_leucogenys ENSNLEG00000035498
theropithecus_gelada ENSTGEG00000017112
cercocebus_atys ENSCATG00000016112
papio_anubis ENSPANG00000020828
macaca_mulatta ENSMMUG00000042943
macaca_nemestrina ENSMNEG00000013337
macaca_fascicularis ENSMFAG00000005530
mandrillus_leucophaeus ENSMLEG00000014698
chlorocebus_sabaeus ENSCSAG00000016394
rhinopithecus_roxellana ENSRROG00000008965
rhinopithecus_bieti ENSRBIG00000029293
colobus_angolensis_palliatus ENSCANG00000019166
piliocolobus_tephrosceles ENSPTEG00000022091
equus_caballus ENSECAG00000032663
equus_caballus ENSECAG00000036877
equus_caballus ENSECAG00000030489
equus_caballus ENSECAG00000033247
equus_asinus_asinus ENSEASG00005011621
bos_taurus ENSBTAG00000051187
bos_taurus ENSBTAG00000054417
ovis_aries ENSOARG00000000720
sus_scrofa ENSSSCG00000032371
mustela_putorius_furo ENSMPUG00000007402
ursus_maritimus ENSUMAG00000024790
myotis_lucifugus ENSMLUG00000024257
loxodonta_africana ENSLAFG00000032030
loxodonta_africana ENSLAFG00000032177
loxodonta_africana ENSLAFG00000029815
loxodonta_africana ENSLAFG00000028583
dasypus_novemcinctus ENSDNOG00000037906
dasypus_novemcinctus ENSDNOG00000032411
dasypus_novemcinctus ENSDNOG00000042624
