xiphophorus_maculatus ENSXMAG00000025983
xiphophorus_couchianus ENSXCOG00000003872
poecilia_reticulata ENSPREG00000004982
poecilia_mexicana ENSPMEG00000010116
poecilia_latipinna ENSPLAG00000009271
poecilia_formosa ENSPFOG00000024700
gambusia_affinis ENSGAFG00000008107
fundulus_heteroclitus ENSFHEG00000011610
cyprinodon_variegatus ENSCVAG00000017951
kryptolebias_marmoratus ENSKMAG00000010612
oryzias_latipes ENSORLG00020018303
oryzias_latipes ENSORLG00000026449
oryzias_latipes ENSORLG00015015888
oryzias_melastigma ENSOMEG00000014754
gouania_willdenowi ENSGWIG00000022744
cottoperca_gobio ENSCGOG00000006381
labrus_bergylta ENSLBEG00000004292
stegastes_partitus ENSSPAG00000017826
seriola_lalandi ENSSLDG00000007441
monopterus_albus ENSMALG00000014560
scophthalmus_maximus ENSSMAG00000019000
anabas_testudineus ENSATEG00000011303
takifugu_rubripes ENSTRUG00000022970
parambassis_ranga ENSPRNG00000019694
pundamilia_nyererei ENSPNYG00000017185
haplochromis_burtoni ENSHBUG00000009031
astatotilapia_calliptera ENSACLG00000014131
maylandia_zebra ENSMZEG00005002919
neolamprologus_brichardi ENSNBRG00000023715
amphilophus_citrinellus ENSACIG00000014806
mola_mola ENSMMOG00000010013
betta_splendens ENSBSLG00000023850
seriola_dumerili ENSSDUG00000015564
amphiprion_ocellaris ENSAOCG00000018017
amphiprion_percula ENSAPEG00000016779
acanthochromis_polyacanthus ENSAPOG00000013376
lates_calcarifer ENSLCAG00010018421
cynoglossus_semilaevis ENSCSEG00000004749
mastacembelus_armatus ENSMAMG00000006172
hippocampus_comes ENSHCOG00000001438
larimichthys_crocea ENSLCRG00005018333
periophthalmus_magnuspinnatus ENSPMGG00000021780
hucho_hucho ENSHHUG00000034729
esox_lucius ENSELUG00000006400
astyanax_mexicanus ENSAMXG00005023823
astyanax_mexicanus ENSAMXG00000032423
pygocentrus_nattereri ENSPNAG00000026111
electrophorus_electricus ENSEEEG00000010715
ictalurus_punctatus ENSIPUG00000015723
hucho_hucho ENSHHUG00000002821
hucho_hucho ENSHHUG00000027294
esox_lucius ENSELUG00000009077
astyanax_mexicanus ENSAMXG00000037207
astyanax_mexicanus ENSAMXG00005022653
pygocentrus_nattereri ENSPNAG00000000777
ictalurus_punctatus ENSIPUG00000005128
electrophorus_electricus ENSEEEG00000009523
danio_rerio ENSDARG00000108781
clupea_harengus ENSCHAG00000004185
denticeps_clupeoides ENSDCDG00000004237
clupea_harengus ENSCHAG00000004508
anabas_testudineus ENSATEG00000013340
monopterus_albus ENSMALG00000018804
betta_splendens ENSBSLG00000010903
mastacembelus_armatus ENSMAMG00000004602
amphiprion_ocellaris ENSAOCG00000022340
amphiprion_percula ENSAPEG00000017002
acanthochromis_polyacanthus ENSAPOG00000002278
stegastes_partitus ENSSPAG00000014274
periophthalmus_magnuspinnatus ENSPMGG00000013094
larimichthys_crocea ENSLCRG00005003534
cottoperca_gobio ENSCGOG00000004280
labrus_bergylta ENSLBEG00000021163
paramormyrops_kingsleyae ENSPKIG00000022610
scleropages_formosus ENSSFOG00015004080
lepisosteus_oculatus ENSLOCG00000017698
erpetoichthys_calabaricus ENSECRG00000021428
phascolarctos_cinereus ENSPCIG00000014319
vombatus_ursinus ENSVURG00010002349
monodelphis_domestica ENSMODG00000037225
pan_troglodytes ENSPTRG00000051974
pan_paniscus ENSPPAG00000027291
gorilla_gorilla ENSGGOG00000042465
homo_sapiens ENSG00000227051
nomascus_leucogenys ENSNLEG00000035486
mandrillus_leucophaeus ENSMLEG00000027977
papio_anubis ENSPANG00000035859
cercocebus_atys ENSCATG00000039107
theropithecus_gelada ENSTGEG00000005212
macaca_fascicularis ENSMFAG00000039251
macaca_mulatta ENSMMUG00000050264
piliocolobus_tephrosceles ENSPTEG00000007906
rhinopithecus_bieti ENSRBIG00000035877
rhinopithecus_roxellana ENSRROG00000044926
colobus_angolensis ENSCANG00000027852
macaca_nemestrina ENSMNEG00000038344
callithrix_jacchus ENSCJAG00000038934
cebus_capucinus ENSCCAG00000036950
saimiri_boliviensis ENSSBOG00000034913
prolemur_simus ENSPSMG00000023976
microcebus_murinus ENSMICG00000043493
heterocephalus_glaber ENSHGLG00000010029
heterocephalus_glaber ENSHGLG00100020682
chinchilla_lanigera ENSCLAG00000011453
cavia_porcellus ENSCPOG00000032202
mus_musculus ENSMUSG00000094910
mus_spretus MGP_SPRETEiJ_G0018937
mus_spicilegus ENSMSIG00000009799
mus_caroli MGP_CAROLIEiJ_G0018087
mus_pahari MGP_PahariEiJ_G0029845
rattus_norvegicus ENSRNOG00000048986
meriones_unguiculatus ENSMUGG00000006315
cricetulus_griseus ENSCGRG00015012358
cricetulus_griseus ENSCGRG00001013348
cricetulus_griseus ENSCGRG00000001685
mesocricetus_auratus ENSMAUG00000020955
peromyscus_maniculatus ENSPEMG00000028548
microtus_ochrogaster ENSMOCG00000020897
nannospalax_galili ENSNGAG00000022985
castor_canadensis ENSCCNG00000013766
ictidomys_tridecemlineatus ENSSTOG00000034367
spermophilus_dauricus ENSSDAG00000004309
urocitellus_parryii ENSUPAG00010020464
marmota_marmota ENSMMMG00000001717
octodon_degus ENSODEG00000010554
jaculus_jaculus ENSJJAG00000020680
oryctolagus_cuniculus ENSOCUG00000036688
carlito_syrichta ENSTSYG00000031153
canis_lupus ENSCAFG00000041052
neovison_vison ENSNVIG00000005229
vulpes_vulpes ENSVVUG00000018978
canis_lupus ENSCAFG00020014211
ursus_maritimus ENSUMAG00000002799
ursus_americanus ENSUAMG00000019854
panthera_tigris ENSPTIG00000006210
panthera_pardus ENSPPRG00000010724
felis_catus ENSFCAG00000046658
bos_taurus ENSBTAG00000049435
bos_mutus ENSBMUG00000002296
bison_bison ENSBBBG00000022846
bos_indicus ENSBIXG00005017498
bos_indicus ENSBIXG00000001690
ovis_aries ENSOARG00000013848
sus_scrofa ENSSSCG00000033807
equus_asinus ENSEASG00005021517
propithecus_coquereli ENSPCOG00000011932
dipodomys_ordii ENSDORG00000025085
equus_caballus ENSECAG00000032720
dasypus_novemcinctus ENSDNOG00000031530
chrysemys_picta ENSCPBG00000024110
salvator_merianae ENSSMRG00000013837
lepidothrix_coronata ENSLCOG00000001165
manacus_vitellinus ENSMVIG00005006089
serinus_canaria ENSSCAG00000007464
zonotrichia_albicollis ENSZALG00000003823
cyanistes_caeruleus ENSCCEG00000017617
parus_major ENSPMJG00000016976
gallus_gallus ENSGALG00000038596
melopsittacus_undulatus ENSMUNG00000001087
dromaius_novaehollandiae ENSDNVG00000011872
nothoprocta_perdicaria ENSNPEG00000008155
apteryx_haastii ENSAHAG00000005413
crocodylus_porosus ENSCPRG00005009424
chelonoidis_abingdonii ENSCABG00000014480
gopherus_agassizii ENSGAGG00000002289
notechis_scutatus ENSNSUG00000009295
pogona_vitticeps ENSPVIG00000018460
calidris_pygmaea ENSCPGG00000008300
calidris_pugnax ENSCPUG00000001831
coturnix_japonica ENSCJPG00005002517
numida_meleagris ENSNMEG00000010840
anser_brachyrhynchus ENSABRG00000004160
junco_hyemalis ENSJHYG00000004204
lonchura_striata ENSLSDG00000007901
apteryx_owenii ENSAOWG00000013848
apteryx_rowi ENSARWG00000017239
xenopus_tropicalis ENSXETG00000017260
