ictalurus_punctatus ENSIPUG00000018617
ictalurus_punctatus ENSIPUG00000018632
electrophorus_electricus ENSEEEG00000016674
erpetoichthys_calabaricus ENSECRG00000016773
scleropages_formosus ENSSFOG00015001413
paramormyrops_kingsleyae ENSPKIG00000000298
lepisosteus_oculatus ENSLOCG00000011259
denticeps_clupeoides ENSDCDG00000020307
clupea_harengus ENSCHAG00000011337
astyanax_mexicanus ENSAMXG00000038404
astyanax_mexicanus ENSAMXG00005016167
pygocentrus_nattereri ENSPNAG00000018389
danio_rerio ENSDARG00000006754
hucho_hucho ENSHHUG00000047130
hucho_hucho ENSHHUG00000035318
esox_lucius ENSELUG00000016011
astatotilapia_calliptera ENSACLG00000011866
astatotilapia_calliptera ENSACLG00000001475
astatotilapia_calliptera ENSACLG00000008023
astatotilapia_calliptera ENSACLG00000008040
maylandia_zebra ENSMZEG00005000639
neolamprologus_brichardi ENSNBRG00000000784
gadus_morhua ENSGMOG00000000753
xiphophorus_couchianus ENSXCOG00000002645
xiphophorus_couchianus ENSXCOG00000008085
xiphophorus_maculatus ENSXMAG00000007644
poecilia_reticulata ENSPREG00000004558
poecilia_mexicana ENSPMEG00000015383
poecilia_formosa ENSPFOG00000004953
gambusia_affinis ENSGAFG00000019265
fundulus_heteroclitus ENSFHEG00000002695
kryptolebias_marmoratus ENSKMAG00000005494
oryzias_latipes ENSORLG00015012242
oryzias_latipes ENSORLG00000012166
oryzias_latipes ENSORLG00020011447
oryzias_melastigma ENSOMEG00000004860
amphiprion_ocellaris ENSAOCG00000007341
acanthochromis_polyacanthus ENSAPOG00000008871
amphiprion_percula ENSAPEG00000010400
acanthochromis_polyacanthus ENSAPOG00000008931
parambassis_ranga ENSPRNG00000014034
poecilia_latipinna ENSPLAG00000022789
poecilia_latipinna ENSPLAG00000022809
poecilia_mexicana ENSPMEG00000015403
cyprinodon_variegatus ENSCVAG00000010351
maylandia_zebra ENSMZEG00005015550
maylandia_zebra ENSMZEG00005028607
astatotilapia_calliptera ENSACLG00000008017
maylandia_zebra ENSMZEG00005011451
oreochromis_niloticus ENSONIG00000018999
neolamprologus_brichardi ENSNBRG00000010748
periophthalmus_magnuspinnatus ENSPMGG00000007409
tetraodon_nigroviridis ENSTNIG00000005075
cynoglossus_semilaevis ENSCSEG00000018464
hippocampus_comes ENSHCOG00000011714
labrus_bergylta ENSLBEG00000014586
gasterosteus_aculeatus ENSGACG00000000874
anabas_testudineus ENSATEG00000001197
cottoperca_gobio ENSCGOG00000024292
larimichthys_crocea ENSLCRG00005009330
monopterus_albus ENSMALG00000020203
betta_splendens ENSBSLG00000007827
lates_calcarifer ENSLCAG00010021914
stegastes_partitus ENSSPAG00000011443
seriola_dumerili ENSSDUG00000002558
seriola_lalandi ENSSLDG00000014370
mastacembelus_armatus ENSMAMG00000002106
amphilophus_citrinellus ENSACIG00000016515
amphilophus_citrinellus ENSACIG00000016539
amphilophus_citrinellus ENSACIG00000016544
gouania_willdenowi ENSGWIG00000010020
mola_mola ENSMMOG00000020323
takifugu_rubripes ENSTRUG00000001366
scophthalmus_maximus ENSSMAG00000004036
electrophorus_electricus ENSEEEG00000016672
sphenodon_punctatus ENSSPUG00000017977
sphenodon_punctatus ENSSPUG00000017971
chelonoidis_abingdonii ENSCABG00000016183
chelonoidis_abingdonii ENSCABG00000016185
notechis_scutatus ENSNSUG00000011530
anas_platyrhynchos ENSAPLG00000004429
anser_brachyrhynchus ENSABRG00000017613
coturnix_japonica ENSCJPG00005007680
gallus_gallus ENSGALG00000015078
numida_meleagris ENSNMEG00000010649
calidris_pygmaea ENSCPGG00000001210
calidris_pugnax ENSCPUG00000006365
taeniopygia_guttata ENSTGUG00000004299
lonchura_striata ENSLSDG00000004590
serinus_canaria ENSSCAG00000001419
zonotrichia_albicollis ENSZALG00000013537
parus_major ENSPMJG00000017704
cyanistes_caeruleus ENSCCEG00000011451
ficedula_albicollis ENSFALG00000003101
manacus_vitellinus ENSMVIG00005007881
lepidothrix_coronata ENSLCOG00000004777
melopsittacus_undulatus ENSMUNG00000013270
dromaius_novaehollandiae ENSDNVG00000004301
nothoprocta_perdicaria ENSNPEG00000012916
apteryx_haastii ENSAHAG00000004052
apteryx_haastii ENSAHAG00000004079
apteryx_owenii ENSAOWG00000017393
apteryx_rowi ENSARWG00000008126
crocodylus_porosus ENSCPRG00005000317
chrysemys_picta ENSCPBG00000018979
gopherus_agassizii ENSGAGG00000021177
pelodiscus_sinensis ENSPSIG00000007987
anolis_carolinensis ENSACAG00000017614
pogona_vitticeps ENSPVIG00000025431
salvator_merianae ENSSMRG00000006460
vombatus_ursinus ENSVURG00010012316
notamacropus_eugenii ENSMEUG00000008420
monodelphis_domestica ENSMODG00000003574
phascolarctos_cinereus ENSPCIG00000029864
sarcophilus_harrisii ENSSHAG00000016108
ornithorhynchus_anatinus ENSOANG00000010155
sorex_araneus ENSSARG00000013857
dipodomys_ordii ENSDORG00000028514
echinops_telfairi ENSETEG00000001142
cavia_aperea ENSCAPG00000000849
mus_spicilegus ENSMSIG00000022183
mus_spretus MGP_SPRETEiJ_G0027103
mus_musculus ENSMUSG00000028496
mus_caroli MGP_CAROLIEiJ_G0026138
mus_pahari MGP_PahariEiJ_G0028476
rattus_norvegicus ENSRNOG00000011280
meriones_unguiculatus ENSMUGG00000002849
cricetulus_griseus ENSCGRG00001021349
cricetulus_griseus ENSCGRG00015016252
cricetulus_griseus ENSCGRG00000009001
mesocricetus_auratus ENSMAUG00000021318
peromyscus_maniculatus ENSPEMG00000008739
peromyscus_maniculatus ENSPEMG00000023647
microtus_ochrogaster ENSMOCG00000011295
nannospalax_galili ENSNGAG00000011123
jaculus_jaculus ENSJJAG00000012196
castor_canadensis ENSCCNG00000029592
heterocephalus_glaber ENSHGLG00100017239
heterocephalus_glaber ENSHGLG00000010560
heterocephalus_glaber ENSHGLG00000008065
heterocephalus_glaber ENSHGLG00100006905
fukomys_damarensis ENSFDAG00000019133
cavia_porcellus ENSCPOG00000026839
chinchilla_lanigera ENSCLAG00000011270
chinchilla_lanigera ENSCLAG00000004540
octodon_degus ENSODEG00000016615
marmota_marmota ENSMMMG00000006210
spermophilus_dauricus ENSSDAG00000012408
urocitellus_parryii ENSUPAG00010019064
ictidomys_tridecemlineatus ENSSTOG00000027195
oryctolagus_cuniculus ENSOCUG00000008137
ochotona_princeps ENSOPRG00000006206
carlito_syrichta ENSTSYG00000001734
otolemur_garnettii ENSOGAG00000024861
ailuropoda_melanoleuca ENSAMEG00000002954
ursus_americanus ENSUAMG00000011946
canis_lupus ENSCAFG00020013068
canis_lupus ENSCAFG00000001635
vulpes_vulpes ENSVVUG00000000911
panthera_pardus ENSPPRG00000000472
felis_catus ENSFCAG00000023293
pteropus_vampyrus ENSPVAG00000010997
bos_indicus ENSBIXG00000021739
bos_indicus ENSBIXG00005024977
bos_taurus ENSBTAG00000014124
bos_mutus ENSBMUG00000006402
bison_bison ENSBBBG00000004360
capra_hircus ENSCHIG00000019549
ovis_aries ENSOARG00000014289
tursiops_truncatus ENSTTRG00000009922
sus_scrofa ENSSSCG00000005166
vicugna_pacos ENSVPAG00000006035
equus_caballus ENSECAG00000023631
erinaceus_europaeus ENSEEUG00000007054
dasypus_novemcinctus ENSDNOG00000036290
pongo_abelii ENSPPYG00000019188
macaca_mulatta ENSMMUG00000008325
equus_asinus ENSEASG00005019193
dasypus_novemcinctus ENSDNOG00000017039
procavia_capensis ENSPCAG00000011841
loxodonta_africana ENSLAFG00000002042
choloepus_hoffmanni ENSCHOG00000013782
cercocebus_atys ENSCATG00000003737
papio_anubis ENSPANG00000025248
mandrillus_leucophaeus ENSMLEG00000022742
theropithecus_gelada ENSTGEG00000013730
chlorocebus_sabaeus ENSCSAG00000009472
macaca_nemestrina ENSMNEG00000038758
macaca_fascicularis ENSMFAG00000036142
rhinopithecus_roxellana ENSRROG00000038655
rhinopithecus_bieti ENSRBIG00000043980
colobus_angolensis ENSCANG00000038991
piliocolobus_tephrosceles ENSPTEG00000013080
gorilla_gorilla ENSGGOG00000004505
homo_sapiens ENSG00000171843
pan_paniscus ENSPPAG00000026839
pan_troglodytes ENSPTRG00000020808
nomascus_leucogenys ENSNLEG00000017518
cebus_capucinus ENSCCAG00000020702
saimiri_boliviensis ENSSBOG00000029045
callithrix_jacchus ENSCJAG00000008994
aotus_nancymaae ENSANAG00000032095
prolemur_simus ENSPSMG00000004470
propithecus_coquereli ENSPCOG00000013614
microcebus_murinus ENSMICG00000035047
tupaia_belangeri ENSTBEG00000012102
myotis_lucifugus ENSMLUG00000003947
neovison_vison ENSNVIG00000012773
neovison_vison ENSNVIG00000012786
mustela_putorius ENSMPUG00000015992
panthera_tigris ENSPTIG00000006649
panthera_tigris ENSPTIG00000019535
panthera_tigris ENSPTIG00000019938
ursus_maritimus ENSUMAG00000016826
ursus_maritimus ENSUMAG00000016821
ursus_maritimus ENSUMAG00000016829
ursus_americanus ENSUAMG00000024751
notechis_scutatus ENSNSUG00000011532
notechis_scutatus ENSNSUG00000011536
nothoprocta_perdicaria ENSNPEG00000000016
nothoprocta_perdicaria ENSNPEG00000012918
chelonoidis_abingdonii ENSCABG00000016184
monodelphis_domestica ENSMODG00000039561
erpetoichthys_calabaricus ENSECRG00000011495
erpetoichthys_calabaricus ENSECRG00000011506
lepidothrix_coronata ENSLCOG00000004778
crocodylus_porosus ENSCPRG00005000342
ursus_americanus ENSUAMG00000022500
spermophilus_dauricus ENSSDAG00000007843
monodelphis_domestica ENSMODG00000038835
pogona_vitticeps ENSPVIG00000025436
latimeria_chalumnae ENSLACG00000003494
amphiprion_ocellaris ENSAOCG00000007324
acanthochromis_polyacanthus ENSAPOG00000017305
haplochromis_burtoni ENSHBUG00000011721
maylandia_zebra ENSMZEG00005024908
maylandia_zebra ENSMZEG00005028606
pundamilia_nyererei ENSPNYG00000021945
poecilia_latipinna ENSPLAG00000018449
poecilia_mexicana ENSPMEG00000024209
poecilia_formosa ENSPFOG00000022666
xiphophorus_couchianus ENSXCOG00000003672
tetraodon_nigroviridis ENSTNIG00000000281
hucho_hucho ENSHHUG00000035317
electrophorus_electricus ENSEEEG00000016671
clupea_harengus ENSCHAG00000011371
meleagris_gallopavo ENSMGAG00000013863
latimeria_chalumnae ENSLACG00000007609
callorhinchus_milii ENSCMIG00000012175
xenopus_tropicalis ENSXETG00000014917
phascolarctos_cinereus ENSPCIG00000031681
petromyzon_marinus ENSPMAG00000003063
eptatretus_burgeri ENSEBUG00000012752
