gopherus_agassizii ENSGAGG00000023103
chelonoidis_abingdonii ENSCABG00000006979
chrysemys_picta_bellii ENSCPBG00000025562
pelodiscus_sinensis ENSPSIG00000010579
crocodylus_porosus ENSCPRG00005000730
sphenodon_punctatus ENSSPUG00000013429
pogona_vitticeps ENSPVIG00000017031
notechis_scutatus ENSNSUG00000003978
anolis_carolinensis ENSACAG00000009914
salvator_merianae ENSSMRG00000021571
octodon_degus ENSODEG00000015739
cavia_porcellus ENSCPOG00000021314
heterocephalus_glaber_female ENSHGLG00000006620
heterocephalus_glaber_male ENSHGLG00100002761
fukomys_damarensis ENSFDAG00000014357
chinchilla_lanigera ENSCLAG00000005027
dipodomys_ordii ENSDORG00000029949
cricetulus_griseus_crigri ENSCGRG00000002991
cricetulus_griseus_chok1gshd ENSCGRG00001013999
cricetulus_griseus_crigri-picr ENSCGRG00015020400
mesocricetus_auratus ENSMAUG00000022258
peromyscus_maniculatus_bairdii ENSPEMG00000028676
microtus_ochrogaster ENSMOCG00000018490
mus_spretus_strain_spret/eij MGP_SPRETEiJ_G0033474
mus_spicilegus ENSMSIG00000003679
mus_musculus ENSMUSG00000032402
mus_caroli_strain_caroli_eij MGP_CAROLIEiJ_G0032335
mus_pahari MGP_PahariEiJ_G0015201
rattus_norvegicus ENSRNOG00000008620
meriones_unguiculatus ENSMUGG00000023206
meriones_unguiculatus ENSMUGG00000023200
nannospalax_galili ENSNGAG00000023535
jaculus_jaculus ENSJJAG00000021414
castor_canadensis ENSCCNG00000017613
propithecus_coquereli ENSPCOG00000023000
microcebus_murinus ENSMICG00000006119
prolemur_simus ENSPSMG00000001058
otolemur_garnettii ENSOGAG00000014217
cebus_capucinus ENSCCAG00000020767
callithrix_jacchus ENSCJAG00000002088
saimiri_boliviensis_boliviensis ENSSBOG00000020894
aotus_nancymaae ENSANAG00000001462
pan_paniscus ENSPPAG00000033769
pan_troglodytes ENSPTRG00000007199
gorilla_gorilla ENSGGOG00000043207
homo_sapiens ENSG00000166949
nomascus_leucogenys ENSNLEG00000012983
pongo_abelii ENSPPYG00000006583
papio_anubis ENSPANG00000016627
cercocebus_atys ENSCATG00000009733
theropithecus_gelada ENSTGEG00000025044
mandrillus_leucophaeus ENSMLEG00000032633
macaca_nemestrina ENSMNEG00000033094
macaca_fascicularis ENSMFAG00000001781
macaca_mulatta ENSMMUG00000015455
chlorocebus_sabaeus ENSCSAG00000013275
rhinopithecus_roxellana ENSRROG00000024517
rhinopithecus_bieti ENSRBIG00000026650
piliocolobus_tephrosceles ENSPTEG00000033282
colobus_angolensis_palliatus ENSCANG00000003032
spermophilus_dauricus ENSSDAG00000015112
marmota_marmota_marmota ENSMMMG00000005977
ictidomys_tridecemlineatus ENSSTOG00000010286
urocitellus_parryii ENSUPAG00010018010
tupaia_belangeri ENSTBEG00000003884
neovison_vison ENSNVIG00000016249
mustela_putorius_furo ENSMPUG00000000304
ursus_americanus ENSUAMG00000020554
ailuropoda_melanoleuca ENSAMEG00000003318
canis_lupus_dingo ENSCAFG00020008177
canis_lupus_familiaris ENSCAFG00000017388
vulpes_vulpes ENSVVUG00000014647
panthera_tigris_altaica ENSPTIG00000012606
panthera_pardus ENSPPRG00000003306
felis_catus ENSFCAG00000027081
pteropus_vampyrus ENSPVAG00000002626
myotis_lucifugus ENSMLUG00000002185
equus_asinus_asinus ENSEASG00005006315
equus_caballus ENSECAG00000020259
ovis_aries ENSOARG00000018276
capra_hircus ENSCHIG00000013774
bos_mutus ENSBMUG00000006115
bos_taurus ENSBTAG00000012599
bison_bison_bison ENSBBBG00000009419
tursiops_truncatus ENSTTRG00000003030
sus_scrofa ENSSSCG00000004952
loxodonta_africana ENSLAFG00000021903
procavia_capensis ENSPCAG00000008103
echinops_telfairi ENSETEG00000003356
dasypus_novemcinctus ENSDNOG00000044090
choloepus_hoffmanni ENSCHOG00000001562
sarcophilus_harrisii ENSSHAG00000008244
sus_scrofa ENSSSCG00000033218
cavia_aperea ENSCAPG00000005678
ochotona_princeps ENSOPRG00000014996
carlito_syrichta ENSTSYG00000025697
oryctolagus_cuniculus ENSOCUG00000029601
phascolarctos_cinereus ENSPCIG00000014066
notamacropus_eugenii ENSMEUG00000016668
sarcophilus_harrisii ENSSHAG00000012543
monodelphis_domestica ENSMODG00000009609
ornithorhynchus_anatinus ENSOANG00000013558
serinus_canaria ENSSCAG00000010414
dromaius_novaehollandiae ENSDNVG00000003045
ovis_aries ENSOARG00000018267
ursus_maritimus ENSUMAG00000012057
tetraodon_nigroviridis ENSTNIG00000009546
takifugu_rubripes ENSTRUG00000024325
cynoglossus_semilaevis ENSCSEG00000012585
poecilia_formosa ENSPFOG00000006336
poecilia_mexicana ENSPMEG00000015083
poecilia_latipinna ENSPLAG00000011537
poecilia_reticulata ENSPREG00000008224
xiphophorus_couchianus ENSXCOG00000018332
xiphophorus_maculatus ENSXMAG00000002377
gambusia_affinis ENSGAFG00000004966
fundulus_heteroclitus ENSFHEG00000003038
cyprinodon_variegatus ENSCVAG00000009473
kryptolebias_marmoratus ENSKMAG00000011796
hippocampus_comes ENSHCOG00000009185
amphiprion_ocellaris ENSAOCG00000000546
amphiprion_percula ENSAPEG00000000565
acanthochromis_polyacanthus ENSAPOG00000015998
stegastes_partitus ENSSPAG00000019459
oryzias_latipes ENSORLG00000002207
oryzias_latipes ENSORLG00020022428
oryzias_latipes_asm223469v1 ENSORLG00015021827
oryzias_melastigma ENSOMEG00000008975
scophthalmus_maximus ENSSMAG00000021302
mola_mola ENSMMOG00000021611
labrus_bergylta ENSLBEG00000018909
astatotilapia_calliptera ENSACLG00000016303
maylandia_zebra ENSMZEG00005012369
haplochromis_burtoni ENSHBUG00000012089
pundamilia_nyererei ENSPNYG00000007902
neolamprologus_brichardi ENSNBRG00000021957
oreochromis_niloticus ENSONIG00000013271
amphilophus_citrinellus ENSACIG00000016525
monopterus_albus ENSMALG00000013023
mastacembelus_armatus ENSMAMG00000012151
anabas_testudineus ENSATEG00000018596
seriola_lalandi_dorsalis ENSSLDG00000010443
seriola_dumerili ENSSDUG00000017091
periophthalmus_magnuspinnatus ENSPMGG00000018991
esox_lucius ENSELUG00000021087
pygocentrus_nattereri ENSPNAG00000014544
astyanax_mexicanus ENSAMXG00000006181
ictalurus_punctatus ENSIPUG00000019525
danio_rerio ENSDARG00000036096
labrus_bergylta ENSLBEG00000017843
labrus_bergylta ENSLBEG00000015322
gasterosteus_aculeatus ENSGACG00000005092
mola_mola ENSMMOG00000002834
monopterus_albus ENSMALG00000007493
mastacembelus_armatus ENSMAMG00000005952
anabas_testudineus ENSATEG00000009812
seriola_lalandi_dorsalis ENSSLDG00000023534
seriola_dumerili ENSSDUG00000007957
scophthalmus_maximus ENSSMAG00000014385
amphiprion_ocellaris ENSAOCG00000000100
amphiprion_percula ENSAPEG00000021121
acanthochromis_polyacanthus ENSAPOG00000008731
stegastes_partitus ENSSPAG00000019142
pundamilia_nyererei ENSPNYG00000014483
maylandia_zebra ENSMZEG00005022682
astatotilapia_calliptera ENSACLG00000015005
haplochromis_burtoni ENSHBUG00000017642
neolamprologus_brichardi ENSNBRG00000015781
oreochromis_niloticus ENSONIG00000015464
amphilophus_citrinellus ENSACIG00000004048
fundulus_heteroclitus ENSFHEG00000021766
cyprinodon_variegatus ENSCVAG00000007804
poecilia_mexicana ENSPMEG00000017147
poecilia_formosa ENSPFOG00000008802
poecilia_latipinna ENSPLAG00000007952
poecilia_reticulata ENSPREG00000010683
xiphophorus_maculatus ENSXMAG00000003553
xiphophorus_couchianus ENSXCOG00000000657
gambusia_affinis ENSGAFG00000020739
kryptolebias_marmoratus ENSKMAG00000019721
oryzias_latipes ENSORLG00000006803
oryzias_latipes_asm223469v1 ENSORLG00015022072
oryzias_latipes ENSORLG00020007974
oryzias_melastigma ENSOMEG00000020016
oryzias_melastigma ENSOMEG00000018338
cynoglossus_semilaevis ENSCSEG00000007063
takifugu_rubripes ENSTRUG00000014802
tetraodon_nigroviridis ENSTNIG00000008432
hippocampus_comes ENSHCOG00000015055
gadus_morhua ENSGMOG00000008364
esox_lucius ENSELUG00000024171
astyanax_mexicanus ENSAMXG00000002880
pygocentrus_nattereri ENSPNAG00000003144
ictalurus_punctatus ENSIPUG00000021649
danio_rerio ENSDARG00000010207
paramormyrops_kingsleyae ENSPKIG00000015799
scleropages_formosus ENSSFOG00015008603
lepisosteus_oculatus ENSLOCG00000013897
gadus_morhua ENSGMOG00000001314
gasterosteus_aculeatus ENSGACG00000016882
haplochromis_burtoni ENSHBUG00000012576
xenopus_tropicalis ENSXETG00000007804
eptatretus_burgeri ENSEBUG00000015275
eptatretus_burgeri ENSEBUG00000005116
petromyzon_marinus ENSPMAG00000000489
petromyzon_marinus ENSPMAG00000005371
eptatretus_burgeri ENSEBUG00000007138
petromyzon_marinus ENSPMAG00000004234
periophthalmus_magnuspinnatus ENSPMGG00000013962
paramormyrops_kingsleyae ENSPKIG00000022774
scleropages_formosus ENSSFOG00015018212
paramormyrops_kingsleyae ENSPKIG00000015327
scleropages_formosus ENSSFOG00015019219
astyanax_mexicanus ENSAMXG00000033654
pygocentrus_nattereri ENSPNAG00000027151
ictalurus_punctatus ENSIPUG00000024838
danio_rerio ENSDARG00000006389
takifugu_rubripes ENSTRUG00000015216
tetraodon_nigroviridis ENSTNIG00000011436
mola_mola ENSMMOG00000014972
labrus_bergylta ENSLBEG00000000249
stegastes_partitus ENSSPAG00000004370
kryptolebias_marmoratus ENSKMAG00000008041
fundulus_heteroclitus ENSFHEG00000006030
cyprinodon_variegatus ENSCVAG00000015563
poecilia_formosa ENSPFOG00000001408
poecilia_mexicana ENSPMEG00000020986
poecilia_latipinna ENSPLAG00000008534
poecilia_mexicana ENSPMEG00000017955
poecilia_latipinna ENSPLAG00000013136
poecilia_formosa ENSPFOG00000004885
poecilia_reticulata ENSPREG00000017247
xiphophorus_maculatus ENSXMAG00000004505
xiphophorus_couchianus ENSXCOG00000008877
gambusia_affinis ENSGAFG00000011433
oryzias_latipes ENSORLG00000015683
oryzias_latipes ENSORLG00020021058
oryzias_latipes_asm223469v1 ENSORLG00015011344
oryzias_melastigma ENSOMEG00000021264
gasterosteus_aculeatus ENSGACG00000013323
mastacembelus_armatus ENSMAMG00000020535
monopterus_albus ENSMALG00000002414
cynoglossus_semilaevis ENSCSEG00000010075
cynoglossus_semilaevis ENSCSEG00000014228
scophthalmus_maximus ENSSMAG00000000128
seriola_lalandi_dorsalis ENSSLDG00000014460
seriola_dumerili ENSSDUG00000003668
amphiprion_percula ENSAPEG00000002366
amphiprion_ocellaris ENSAOCG00000001841
acanthochromis_polyacanthus ENSAPOG00000001781
astatotilapia_calliptera ENSACLG00000002104
maylandia_zebra ENSMZEG00005001954
haplochromis_burtoni ENSHBUG00000001737
pundamilia_nyererei ENSPNYG00000008249
neolamprologus_brichardi ENSNBRG00000010263
oreochromis_niloticus ENSONIG00000015908
amphilophus_citrinellus ENSACIG00000014310
anabas_testudineus ENSATEG00000014510
hippocampus_comes ENSHCOG00000005469
periophthalmus_magnuspinnatus ENSPMGG00000023865
gadus_morhua ENSGMOG00000007444
esox_lucius ENSELUG00000024497
anolis_carolinensis ENSACAG00000018008
pogona_vitticeps ENSPVIG00000009620
salvator_merianae ENSSMRG00000016595
sphenodon_punctatus ENSSPUG00000009317
calidris_pygmaea ENSCPGG00000014337
calidris_pugnax ENSCPUG00000011397
serinus_canaria ENSSCAG00000015838
anas_platyrhynchos_platyrhynchos ENSAPLG00000004964
lepidothrix_coronata ENSLCOG00000015920
manacus_vitellinus ENSMVIG00005001354
parus_major ENSPMJG00000002989
cyanistes_caeruleus ENSCCEG00000018322
zonotrichia_albicollis ENSZALG00000003068
taeniopygia_guttata ENSTGUG00000000016
lonchura_striata_domestica ENSLSDG00000004835
serinus_canaria ENSSCAG00000016249
ficedula_albicollis ENSFALG00000008934
melopsittacus_undulatus ENSMUNG00000011780
gallus_gallus ENSGALG00000014184
meleagris_gallopavo ENSMGAG00000001351
coturnix_japonica ENSCJPG00005004935
gallus_gallus ENSGALG00000036001
numida_meleagris ENSNMEG00000015182
apteryx_owenii ENSAOWG00000002063
apteryx_rowi ENSARWG00000000502
apteryx_haastii ENSAHAG00000006033
nothoprocta_perdicaria ENSNPEG00000004105
dromaius_novaehollandiae ENSDNVG00000005016
crocodylus_porosus ENSCPRG00005014766
gopherus_agassizii ENSGAGG00000006006
chelonoidis_abingdonii ENSCABG00000020680
chrysemys_picta_bellii ENSCPBG00000025672
pelodiscus_sinensis ENSPSIG00000006646
sphenodon_punctatus ENSSPUG00000006973
sphenodon_punctatus ENSSPUG00000012138
sphenodon_punctatus ENSSPUG00000016737
notechis_scutatus ENSNSUG00000012891
apteryx_haastii ENSAHAG00000018780
anser_brachyrhynchus ENSABRG00000011637
sphenodon_punctatus ENSSPUG00000014624
phascolarctos_cinereus ENSPCIG00000015690
notamacropus_eugenii ENSMEUG00000008831
sarcophilus_harrisii ENSSHAG00000012837
monodelphis_domestica ENSMODG00000003393
dasypus_novemcinctus ENSDNOG00000009315
choloepus_hoffmanni ENSCHOG00000011289
tursiops_truncatus ENSTTRG00000002628
sus_scrofa ENSSSCG00000004505
capra_hircus ENSCHIG00000020206
ovis_aries ENSOARG00000003654
bos_mutus ENSBMUG00000007345
bos_taurus ENSBTAG00000039916
bison_bison_bison ENSBBBG00000010465
vicugna_pacos ENSVPAG00000007781
equus_asinus_asinus ENSEASG00005016099
sorex_araneus ENSSARG00000003487
pteropus_vampyrus ENSPVAG00000007760
myotis_lucifugus ENSMLUG00000008857
castor_canadensis ENSCCNG00000027754
dipodomys_ordii ENSDORG00000013015
loxodonta_africana ENSLAFG00000000143
prolemur_simus ENSPSMG00000018402
microcebus_murinus ENSMICG00000007882
propithecus_coquereli ENSPCOG00000000934
otolemur_garnettii ENSOGAG00000000443
pan_troglodytes ENSPTRG00000043695
pan_paniscus ENSPPAG00000035419
homo_sapiens ENSG00000175387
gorilla_gorilla ENSGGOG00000004706
pongo_abelii ENSPPYG00000009144
nomascus_leucogenys ENSNLEG00000011463
cercocebus_atys ENSCATG00000003842
mandrillus_leucophaeus ENSMLEG00000037596
theropithecus_gelada ENSTGEG00000026469
macaca_fascicularis ENSMFAG00000045652
macaca_mulatta ENSMMUG00000007816
macaca_nemestrina ENSMNEG00000037330
chlorocebus_sabaeus ENSCSAG00000018016
papio_anubis ENSPANG00000025520
piliocolobus_tephrosceles ENSPTEG00000019687
colobus_angolensis_palliatus ENSCANG00000042015
rhinopithecus_bieti ENSRBIG00000029958
saimiri_boliviensis_boliviensis ENSSBOG00000036148
callithrix_jacchus ENSCJAG00000004630
cebus_capucinus ENSCCAG00000036243
aotus_nancymaae ENSANAG00000031458
tupaia_belangeri ENSTBEG00000016121
cavia_porcellus ENSCPOG00000013398
cavia_aperea ENSCAPG00000014678
octodon_degus ENSODEG00000018373
chinchilla_lanigera ENSCLAG00000011258
heterocephalus_glaber_male ENSHGLG00100008885
heterocephalus_glaber_female ENSHGLG00000008711
heterocephalus_glaber_male ENSHGLG00100015459
heterocephalus_glaber_female ENSHGLG00000006974
fukomys_damarensis ENSFDAG00000002894
mus_spretus_strain_spret/eij MGP_SPRETEiJ_G0023323
mus_spicilegus ENSMSIG00000018887
mus_musculus ENSMUSG00000024563
mus_caroli_strain_caroli_eij MGP_CAROLIEiJ_G0022410
mus_pahari MGP_PahariEiJ_G0019139
rattus_norvegicus ENSRNOG00000018140
meriones_unguiculatus ENSMUGG00000020024
cricetulus_griseus_chok1gshd ENSCGRG00001006348
cricetulus_griseus_crigri ENSCGRG00000008175
cricetulus_griseus_crigri-picr ENSCGRG00015024830
mesocricetus_auratus ENSMAUG00000006737
microtus_ochrogaster ENSMOCG00000017648
peromyscus_maniculatus_bairdii ENSPEMG00000020383
nannospalax_galili ENSNGAG00000013343
jaculus_jaculus ENSJJAG00000021902
urocitellus_parryii ENSUPAG00010015902
spermophilus_dauricus ENSSDAG00000013195
ictidomys_tridecemlineatus ENSSTOG00000003788
marmota_marmota_marmota ENSMMMG00000006290
oryctolagus_cuniculus ENSOCUG00000011290
ochotona_princeps ENSOPRG00000014054
ursus_americanus ENSUAMG00000020558
ursus_maritimus ENSUMAG00000002720
ailuropoda_melanoleuca ENSAMEG00000012816
neovison_vison ENSNVIG00000001323
mustela_putorius_furo ENSMPUG00000000850
canis_lupus_familiaris ENSCAFG00000017567
canis_lupus_dingo ENSCAFG00020010374
vulpes_vulpes ENSVVUG00000028225
panthera_pardus ENSPPRG00000000616
panthera_tigris_altaica ENSPTIG00000015931
felis_catus ENSFCAG00000013266
erinaceus_europaeus ENSEEUG00000007736
procavia_capensis ENSPCAG00000012688
echinops_telfairi ENSETEG00000003612
canis_lupus_dingo ENSCAFG00020010376
equus_caballus ENSECAG00000015132
echinops_telfairi ENSETEG00000017446
rhinopithecus_roxellana ENSRROG00000035568
ornithorhynchus_anatinus ENSOANG00000001971
xenopus_tropicalis ENSXETG00000020292
anser_brachyrhynchus ENSABRG00000011646
fundulus_heteroclitus ENSFHEG00000005631
carlito_syrichta ENSTSYG00000005303
latimeria_chalumnae ENSLACG00000007380
lepisosteus_oculatus ENSLOCG00000012409
esox_lucius ENSELUG00000012992
tetraodon_nigroviridis ENSTNIG00000004827
takifugu_rubripes ENSTRUG00000002512
takifugu_rubripes ENSTRUG00000022981
scophthalmus_maximus ENSSMAG00000017463
cynoglossus_semilaevis ENSCSEG00000020081
gasterosteus_aculeatus ENSGACG00000017820
mola_mola ENSMMOG00000021086
hippocampus_comes ENSHCOG00000006720
cyprinodon_variegatus ENSCVAG00000002509
fundulus_heteroclitus ENSFHEG00000005614
xiphophorus_maculatus ENSXMAG00000027438
xiphophorus_couchianus ENSXCOG00000005191
gambusia_affinis ENSGAFG00000004302
poecilia_formosa ENSPFOG00000002285
poecilia_latipinna ENSPLAG00000005422
poecilia_mexicana ENSPMEG00000010686
poecilia_reticulata ENSPREG00000005174
poecilia_reticulata ENSPREG00000006628
poecilia_reticulata ENSPREG00000007081
xiphophorus_couchianus ENSXCOG00000010054
kryptolebias_marmoratus ENSKMAG00000014998
oryzias_latipes ENSORLG00000011834
oryzias_latipes_asm223469v1 ENSORLG00015022841
oryzias_latipes ENSORLG00020009203
oryzias_melastigma ENSOMEG00000020756
amphiprion_ocellaris ENSAOCG00000013964
amphiprion_percula ENSAPEG00000003770
acanthochromis_polyacanthus ENSAPOG00000020026
stegastes_partitus ENSSPAG00000010439
monopterus_albus ENSMALG00000006692
mastacembelus_armatus ENSMAMG00000005395
anabas_testudineus ENSATEG00000000435
astatotilapia_calliptera ENSACLG00000025298
haplochromis_burtoni ENSHBUG00000022635
pundamilia_nyererei ENSPNYG00000010012
maylandia_zebra ENSMZEG00005016452
neolamprologus_brichardi ENSNBRG00000010587
oreochromis_niloticus ENSONIG00000004109
amphilophus_citrinellus ENSACIG00000023961
labrus_bergylta ENSLBEG00000021560
seriola_dumerili ENSSDUG00000019325
seriola_lalandi_dorsalis ENSSLDG00000014280
periophthalmus_magnuspinnatus ENSPMGG00000004939
lonchura_striata_domestica ENSLSDG00000000299
taeniopygia_guttata ENSTGUG00000009470
zonotrichia_albicollis ENSZALG00000006069
junco_hyemalis ENSJHYG00000013849
parus_major ENSPMJG00000009991
cyanistes_caeruleus ENSCCEG00000007165
ficedula_albicollis ENSFALG00000012861
lepidothrix_coronata ENSLCOG00000004812
manacus_vitellinus ENSMVIG00005009934
anas_platyrhynchos_platyrhynchos ENSAPLG00000007006
anser_brachyrhynchus ENSABRG00000008486
gallus_gallus ENSGALG00000035701
meleagris_gallopavo ENSMGAG00000009879
coturnix_japonica ENSCJPG00005020970
numida_meleagris ENSNMEG00000023254
apteryx_owenii ENSAOWG00000016734
apteryx_haastii ENSAHAG00000008843
apteryx_rowi ENSARWG00000004266
dromaius_novaehollandiae ENSDNVG00000010853
melopsittacus_undulatus ENSMUNG00000008983
calidris_pygmaea ENSCPGG00000019196
calidris_pugnax ENSCPUG00000006585
nothoprocta_perdicaria ENSNPEG00000008671
latimeria_chalumnae ENSLACG00000010552
ciona_savignyi ENSCSAVG00000004749
ciona_intestinalis ENSCING00000006188
ciona_savignyi ENSCSAVG00000004817
