oryzias_latipes ENSORLG00000023831
oryzias_latipes ENSORLG00020019833
oryzias_latipes_asm223469v1 ENSORLG00015012779
oryzias_melastigma ENSOMEG00000007756
cynoglossus_semilaevis ENSCSEG00000009289
mola_mola ENSMMOG00000001026
takifugu_rubripes ENSTRUG00000021058
monopterus_albus ENSMALG00000013748
mastacembelus_armatus ENSMAMG00000023148
anabas_testudineus ENSATEG00000019635
seriola_lalandi_dorsalis ENSSLDG00000023832
seriola_dumerili ENSSDUG00000023350
scophthalmus_maximus ENSSMAG00000006892
labrus_bergylta ENSLBEG00000022655
amphiprion_percula ENSAPEG00000007031
amphiprion_ocellaris ENSAOCG00000006608
acanthochromis_polyacanthus ENSAPOG00000008325
stegastes_partitus ENSSPAG00000012608
astatotilapia_calliptera ENSACLG00000026402
maylandia_zebra ENSMZEG00005010101
haplochromis_burtoni ENSHBUG00000014657
pundamilia_nyererei ENSPNYG00000007261
amphilophus_citrinellus ENSACIG00000018834
xiphophorus_maculatus ENSXMAG00000026070
xiphophorus_couchianus ENSXCOG00000020892
gambusia_affinis ENSGAFG00000003853
poecilia_mexicana ENSPMEG00000015711
poecilia_latipinna ENSPLAG00000006000
poecilia_formosa ENSPFOG00000024202
poecilia_reticulata ENSPREG00000019295
fundulus_heteroclitus ENSFHEG00000002465
cyprinodon_variegatus ENSCVAG00000009894
periophthalmus_magnuspinnatus ENSPMGG00000005803
hippocampus_comes ENSHCOG00000004624
gadus_morhua ENSGMOG00000004735
esox_lucius ENSELUG00000008117
pygocentrus_nattereri ENSPNAG00000024480
ictalurus_punctatus ENSIPUG00000011423
scleropages_formosus ENSSFOG00015002449
paramormyrops_kingsleyae ENSPKIG00000007415
lepisosteus_oculatus ENSLOCG00000016690
lepidothrix_coronata ENSLCOG00000012874
manacus_vitellinus ENSMVIG00005019256
lonchura_striata_domestica ENSLSDG00000017809
taeniopygia_guttata ENSTGUG00000018329
serinus_canaria ENSSCAG00000010458
junco_hyemalis ENSJHYG00000008234
zonotrichia_albicollis ENSZALG00000015037
parus_major ENSPMJG00000001171
cyanistes_caeruleus ENSCCEG00000019171
ficedula_albicollis ENSFALG00000004623
melopsittacus_undulatus ENSMUNG00000015546
calidris_pygmaea ENSCPGG00000019391
calidris_pugnax ENSCPUG00000003182
anser_brachyrhynchus ENSABRG00000022422
anas_platyrhynchos_platyrhynchos ENSAPLG00000013467
gallus_gallus ENSGALG00000026372
coturnix_japonica ENSCJPG00005016213
nothoprocta_perdicaria ENSNPEG00000000432
dromaius_novaehollandiae ENSDNVG00000004077
apteryx_owenii ENSAOWG00000011554
apteryx_haastii ENSAHAG00000019510
apteryx_rowi ENSARWG00000006888
crocodylus_porosus ENSCPRG00005001309
gopherus_agassizii ENSGAGG00000017590
chelonoidis_abingdonii ENSCABG00000015006
chrysemys_picta_bellii ENSCPBG00000000643
pelodiscus_sinensis ENSPSIG00000014889
pogona_vitticeps ENSPVIG00000018916
anolis_carolinensis ENSACAG00000002464
salvator_merianae ENSSMRG00000008093
octodon_degus ENSODEG00000005858
cavia_porcellus ENSCPOG00000003094
chinchilla_lanigera ENSCLAG00000000620
fukomys_damarensis ENSFDAG00000001006
dipodomys_ordii ENSDORG00000010775
otolemur_garnettii ENSOGAG00000010634
loxodonta_africana ENSLAFG00000010493
procavia_capensis ENSPCAG00000004195
echinops_telfairi ENSETEG00000005038
ursus_americanus ENSUAMG00000024913
ursus_maritimus ENSUMAG00000001597
ailuropoda_melanoleuca ENSAMEG00000011552
neovison_vison ENSNVIG00000002046
mustela_putorius_furo ENSMPUG00000010945
canis_lupus_dingo ENSCAFG00020013514
canis_lupus_familiaris ENSCAFG00000025434
vulpes_vulpes ENSVVUG00000030234
panthera_pardus ENSPPRG00000023400
panthera_tigris_altaica ENSPTIG00000016906
felis_catus ENSFCAG00000045550
equus_asinus_asinus ENSEASG00005006644
equus_caballus ENSECAG00000013446
myotis_lucifugus ENSMLUG00000003290
pteropus_vampyrus ENSPVAG00000016545
sus_scrofa ENSSSCG00000000546
vicugna_pacos ENSVPAG00000006515
tursiops_truncatus ENSTTRG00000012456
bos_taurus ENSBTAG00000030622
bos_mutus ENSBMUG00000023089
bison_bison_bison ENSBBBG00000006682
ovis_aries ENSOARG00000019689
pan_troglodytes ENSPTRG00000029669
pan_paniscus ENSPPAG00000002372
homo_sapiens ENSG00000205693
gorilla_gorilla ENSGGOG00000002828
pongo_abelii ENSPPYG00000004384
nomascus_leucogenys ENSNLEG00000005573
rhinopithecus_roxellana ENSRROG00000042312
rhinopithecus_bieti ENSRBIG00000014365
piliocolobus_tephrosceles ENSPTEG00000028524
colobus_angolensis_palliatus ENSCANG00000042496
papio_anubis ENSPANG00000021216
theropithecus_gelada ENSTGEG00000027834
mandrillus_leucophaeus ENSMLEG00000036910
macaca_mulatta ENSMMUG00000032062
macaca_fascicularis ENSMFAG00000034623
macaca_nemestrina ENSMNEG00000035484
cercocebus_atys ENSCATG00000032050
chlorocebus_sabaeus ENSCSAG00000007579
saimiri_boliviensis_boliviensis ENSSBOG00000020036
cebus_capucinus ENSCCAG00000021395
callithrix_jacchus ENSCJAG00000042221
aotus_nancymaae ENSANAG00000030256
carlito_syrichta ENSTSYG00000003843
prolemur_simus ENSPSMG00000016465
microcebus_murinus ENSMICG00000017687
propithecus_coquereli ENSPCOG00000024207
tupaia_belangeri ENSTBEG00000000309
castor_canadensis ENSCCNG00000017210
castor_canadensis ENSCCNG00000023387
urocitellus_parryii ENSUPAG00010016922
spermophilus_dauricus ENSSDAG00000016168
marmota_marmota_marmota ENSMMMG00000021718
cricetulus_griseus_chok1gshd ENSCGRG00001019034
cricetulus_griseus_crigri ENSCGRG00000004759
cricetulus_griseus_crigri-picr ENSCGRG00015003430
peromyscus_maniculatus_bairdii ENSPEMG00000020408
microtus_ochrogaster ENSMOCG00000002568
mus_spicilegus ENSMSIG00000013606
mus_musculus ENSMUSG00000072662
mus_spretus_strain_spret/eij MGP_SPRETEiJ_G0030120
mus_caroli_strain_caroli_eij MGP_CAROLIEiJ_G0029065
mus_pahari MGP_PahariEiJ_G0022826
rattus_norvegicus ENSRNOG00000036925
meriones_unguiculatus ENSMUGG00000010519
nannospalax_galili ENSNGAG00000000524
jaculus_jaculus ENSJJAG00000010233
oryctolagus_cuniculus ENSOCUG00000016228
ochotona_princeps ENSOPRG00000007917
erinaceus_europaeus ENSEEUG00000008256
dasypus_novemcinctus ENSDNOG00000025479
phascolarctos_cinereus ENSPCIG00000034424
notamacropus_eugenii ENSMEUG00000014143
sarcophilus_harrisii ENSSHAG00000010881
monodelphis_domestica ENSMODG00000025302
xenopus_tropicalis ENSXETG00000033374
danio_rerio ENSDARG00000104839
gallus_gallus ENSGALG00000038710
coturnix_japonica ENSCJPG00005016199
meleagris_gallopavo ENSMGAG00000013853
numida_meleagris ENSNMEG00000004946
anser_brachyrhynchus ENSABRG00000018794
anas_platyrhynchos_platyrhynchos ENSAPLG00000012979
lepidothrix_coronata ENSLCOG00000012864
manacus_vitellinus ENSMVIG00005019231
lonchura_striata_domestica ENSLSDG00000017834
taeniopygia_guttata ENSTGUG00000012715
serinus_canaria ENSSCAG00000010519
junco_hyemalis ENSJHYG00000008417
zonotrichia_albicollis ENSZALG00000015026
ficedula_albicollis ENSFALG00000002602
parus_major ENSPMJG00000001286
cyanistes_caeruleus ENSCCEG00000005162
calidris_pugnax ENSCPUG00000003144
calidris_pygmaea ENSCPGG00000019112
melopsittacus_undulatus ENSMUNG00000015558
apteryx_rowi ENSARWG00000017347
dromaius_novaehollandiae ENSDNVG00000001665
nothoprocta_perdicaria ENSNPEG00000007160
crocodylus_porosus ENSCPRG00005001514
gopherus_agassizii ENSGAGG00000013603
chelonoidis_abingdonii ENSCABG00000010618
chrysemys_picta_bellii ENSCPBG00000000412
pelodiscus_sinensis ENSPSIG00000009327
sphenodon_punctatus ENSSPUG00000018607
pogona_vitticeps ENSPVIG00000018905
salvator_merianae ENSSMRG00000008146
capra_hircus ENSCHIG00000011351
ovis_aries ENSOARG00000020865
bos_taurus ENSBTAG00000008721
bos_mutus ENSBMUG00000009383
bison_bison_bison ENSBBBG00000005887
tursiops_truncatus ENSTTRG00000012992
sus_scrofa ENSSSCG00000040835
equus_caballus ENSECAG00000016329
equus_asinus_asinus ENSEASG00005014677
ursus_maritimus ENSUMAG00000002340
ursus_americanus ENSUAMG00000013492
mustela_putorius_furo ENSMPUG00000011751
neovison_vison ENSNVIG00000011190
canis_lupus_dingo ENSCAFG00020006571
canis_lupus_familiaris ENSCAFG00000031211
vulpes_vulpes ENSVVUG00000004747
panthera_pardus ENSPPRG00000002188
panthera_tigris_altaica ENSPTIG00000019951
felis_catus ENSFCAG00000040370
myotis_lucifugus ENSMLUG00000029591
pteropus_vampyrus ENSPVAG00000002630
pan_paniscus ENSPPAG00000030522
pan_troglodytes ENSPTRG00000004702
gorilla_gorilla ENSGGOG00000000149
homo_sapiens ENSG00000111261
pongo_abelii ENSPPYG00000004301
rhinopithecus_roxellana ENSRROG00000035168
rhinopithecus_bieti ENSRBIG00000042686
colobus_angolensis_palliatus ENSCANG00000031481
piliocolobus_tephrosceles ENSPTEG00000014323
cercocebus_atys ENSCATG00000041745
mandrillus_leucophaeus ENSMLEG00000036313
papio_anubis ENSPANG00000016197
macaca_mulatta ENSMMUG00000018577
macaca_fascicularis ENSMFAG00000031449
macaca_nemestrina ENSMNEG00000032589
chlorocebus_sabaeus ENSCSAG00000008620
theropithecus_gelada ENSTGEG00000021942
cebus_capucinus ENSCCAG00000030628
saimiri_boliviensis_boliviensis ENSSBOG00000023372
callithrix_jacchus ENSCJAG00000021642
aotus_nancymaae ENSANAG00000033143
carlito_syrichta ENSTSYG00000025424
propithecus_coquereli ENSPCOG00000025719
prolemur_simus ENSPSMG00000014557
microcebus_murinus ENSMICG00000035214
otolemur_garnettii ENSOGAG00000005125
cricetulus_griseus_crigri-picr ENSCGRG00015027357
cricetulus_griseus_crigri ENSCGRG00000017886
cricetulus_griseus_chok1gshd ENSCGRG00001019086
mesocricetus_auratus ENSMAUG00000016229
microtus_ochrogaster ENSMOCG00000018851
peromyscus_maniculatus_bairdii ENSPEMG00000012536
mus_spicilegus ENSMSIG00000007208
mus_spretus_strain_spret/eij MGP_SPRETEiJ_G0030027
mus_musculus ENSMUSG00000032718
mus_caroli_strain_caroli_eij MGP_CAROLIEiJ_G0028979
mus_pahari MGP_PahariEiJ_G0022741
rattus_norvegicus ENSRNOG00000028526
meriones_unguiculatus ENSMUGG00000002669
nannospalax_galili ENSNGAG00000022823
castor_canadensis ENSCCNG00000031183
spermophilus_dauricus ENSSDAG00000000669
urocitellus_parryii ENSUPAG00010009491
marmota_marmota_marmota ENSMMMG00000015882
ictidomys_tridecemlineatus ENSSTOG00000022198
chinchilla_lanigera ENSCLAG00000015944
octodon_degus ENSODEG00000009259
heterocephalus_glaber_female ENSHGLG00000015850
heterocephalus_glaber_male ENSHGLG00100008271
cavia_porcellus ENSCPOG00000005071
oryctolagus_cuniculus ENSOCUG00000003979
ochotona_princeps ENSOPRG00000011946
tupaia_belangeri ENSTBEG00000010556
choloepus_hoffmanni ENSCHOG00000006175
dasypus_novemcinctus ENSDNOG00000032090
loxodonta_africana ENSLAFG00000025591
procavia_capensis ENSPCAG00000012711
phascolarctos_cinereus ENSPCIG00000029940
notamacropus_eugenii ENSMEUG00000009846
sarcophilus_harrisii ENSSHAG00000013648
monodelphis_domestica ENSMODG00000027882
ornithorhynchus_anatinus ENSOANG00000000732
xenopus_tropicalis ENSXETG00000030531
latimeria_chalumnae ENSLACG00000018505
monodelphis_domestica ENSMODG00000027757
sarcophilus_harrisii ENSSHAG00000006378
phascolarctos_cinereus ENSPCIG00000013019
loxodonta_africana ENSLAFG00000006321
echinops_telfairi ENSETEG00000016515
mus_spretus_strain_spret/eij MGP_SPRETEiJ_G0023386
mus_spicilegus ENSMSIG00000013200
mus_musculus ENSMUSG00000035372
mus_caroli_strain_caroli_eij MGP_CAROLIEiJ_G0022470
mus_pahari MGP_PahariEiJ_G0013967
rattus_norvegicus ENSRNOG00000025245
meriones_unguiculatus ENSMUGG00000021547
cricetulus_griseus_chok1gshd ENSCGRG00001015629
cricetulus_griseus_crigri ENSCGRG00000011434
cricetulus_griseus_crigri-picr ENSCGRG00015019992
mesocricetus_auratus ENSMAUG00000017064
peromyscus_maniculatus_bairdii ENSPEMG00000016140
microtus_ochrogaster ENSMOCG00000021230
nannospalax_galili ENSNGAG00000016433
jaculus_jaculus ENSJJAG00000023128
chinchilla_lanigera ENSCLAG00000017122
octodon_degus ENSODEG00000017396
heterocephalus_glaber_female ENSHGLG00000018642
heterocephalus_glaber_male ENSHGLG00100011347
fukomys_damarensis ENSFDAG00000000724
cavia_porcellus ENSCPOG00000000621
cavia_aperea ENSCAPG00000010133
castor_canadensis ENSCCNG00000013199
urocitellus_parryii ENSUPAG00010007475
ictidomys_tridecemlineatus ENSSTOG00000012277
spermophilus_dauricus ENSSDAG00000004727
oryctolagus_cuniculus ENSOCUG00000027517
ochotona_princeps ENSOPRG00000008346
propithecus_coquereli ENSPCOG00000018326
microcebus_murinus ENSMICG00000035582
otolemur_garnettii ENSOGAG00000032648
pan_troglodytes ENSPTRG00000003982
pan_paniscus ENSPPAG00000030344
homo_sapiens ENSG00000171067
gorilla_gorilla ENSGGOG00000027226
pongo_abelii ENSPPYG00000002972
nomascus_leucogenys ENSNLEG00000006549
rhinopithecus_roxellana ENSRROG00000027402
rhinopithecus_bieti ENSRBIG00000039269
piliocolobus_tephrosceles ENSPTEG00000023745
colobus_angolensis_palliatus ENSCANG00000042720
macaca_fascicularis ENSMFAG00000036404
macaca_nemestrina ENSMNEG00000035688
macaca_mulatta ENSMMUG00000019253
theropithecus_gelada ENSTGEG00000002968
mandrillus_leucophaeus ENSMLEG00000038166
papio_anubis ENSPANG00000023334
cercocebus_atys ENSCATG00000042618
chlorocebus_sabaeus ENSCSAG00000008972
macaca_fascicularis ENSMFAG00000001874
macaca_mulatta ENSMMUG00000039869
macaca_nemestrina ENSMNEG00000020352
mandrillus_leucophaeus ENSMLEG00000004649
cercocebus_atys ENSCATG00000022750
papio_anubis ENSPANG00000007345
chlorocebus_sabaeus ENSCSAG00000003303
colobus_angolensis_palliatus ENSCANG00000034671
saimiri_boliviensis_boliviensis ENSSBOG00000021901
cebus_capucinus ENSCCAG00000029246
callithrix_jacchus ENSCJAG00000043469
aotus_nancymaae ENSANAG00000035026
tupaia_belangeri ENSTBEG00000006799
carlito_syrichta ENSTSYG00000032039
sus_scrofa ENSSSCG00000012886
tursiops_truncatus ENSTTRG00000010333
ovis_aries ENSOARG00000015179
capra_hircus ENSCHIG00000016165
bos_mutus ENSBMUG00000005121
bos_taurus ENSBTAG00000004392
bison_bison_bison ENSBBBG00000008495
equus_caballus ENSECAG00000028930
equus_asinus_asinus ENSEASG00005006044
ursus_americanus ENSUAMG00000019299
ursus_maritimus ENSUMAG00000013275
ailuropoda_melanoleuca ENSAMEG00000001318
mustela_putorius_furo ENSMPUG00000004339
neovison_vison ENSNVIG00000012467
canis_lupus_familiaris ENSCAFG00000010913
canis_lupus_dingo ENSCAFG00020002089
vulpes_vulpes ENSVVUG00000010101
dasypus_novemcinctus ENSDNOG00000048910
ornithorhynchus_anatinus ENSOANG00000021304
gopherus_agassizii ENSGAGG00000019806
chelonoidis_abingdonii ENSCABG00000014932
chrysemys_picta_bellii ENSCPBG00000010220
pelodiscus_sinensis ENSPSIG00000008500
crocodylus_porosus ENSCPRG00005009975
apteryx_rowi ENSARWG00000008316
apteryx_owenii ENSAOWG00000007567
apteryx_haastii ENSAHAG00000004357
dromaius_novaehollandiae ENSDNVG00000009459
meleagris_gallopavo ENSMGAG00000017401
coturnix_japonica ENSCJPG00005018466
gallus_gallus ENSGALG00000020488
numida_meleagris ENSNMEG00000013467
anser_brachyrhynchus ENSABRG00000015822
anas_platyrhynchos_platyrhynchos ENSAPLG00000029570
manacus_vitellinus ENSMVIG00005007799
lepidothrix_coronata ENSLCOG00000013668
parus_major ENSPMJG00000009902
cyanistes_caeruleus ENSCCEG00000007909
serinus_canaria ENSSCAG00000004197
lonchura_striata_domestica ENSLSDG00000015662
junco_hyemalis ENSJHYG00000011796
zonotrichia_albicollis ENSZALG00000005208
ficedula_albicollis ENSFALG00000014385
calidris_pygmaea ENSCPGG00000007015
calidris_pugnax ENSCPUG00000000419
melopsittacus_undulatus ENSMUNG00000004106
anolis_carolinensis ENSACAG00000022152
pogona_vitticeps ENSPVIG00000022205
notechis_scutatus ENSNSUG00000016406
salvator_merianae ENSSMRG00000013507
sphenodon_punctatus ENSSPUG00000005127
astyanax_mexicanus ENSAMXG00000034325
pygocentrus_nattereri ENSPNAG00000016412
ictalurus_punctatus ENSIPUG00000007627
danio_rerio ENSDARG00000089303
monopterus_albus ENSMALG00000009429
mastacembelus_armatus ENSMAMG00000011195
anabas_testudineus ENSATEG00000004317
amphiprion_percula ENSAPEG00000012969
amphiprion_ocellaris ENSAOCG00000008204
stegastes_partitus ENSSPAG00000004845
maylandia_zebra ENSMZEG00005022761
astatotilapia_calliptera ENSACLG00000016146
neolamprologus_brichardi ENSNBRG00000010858
oreochromis_niloticus ENSONIG00000004119
poecilia_formosa ENSPFOG00000022743
poecilia_mexicana ENSPMEG00000010091
poecilia_latipinna ENSPLAG00000008838
xiphophorus_couchianus ENSXCOG00000005569
gambusia_affinis ENSGAFG00000003277
fundulus_heteroclitus ENSFHEG00000009611
cyprinodon_variegatus ENSCVAG00000007787
oryzias_latipes ENSORLG00000024142
oryzias_latipes_asm223469v1 ENSORLG00015021328
mola_mola ENSMMOG00000019088
cynoglossus_semilaevis ENSCSEG00000021122
scleropages_formosus ENSSFOG00015020825
paramormyrops_kingsleyae ENSPKIG00000003662
