paramormyrops_kingsleyae ENSPKIG00000002668
scleropages_formosus ENSSFOG00015010206
paramormyrops_kingsleyae ENSPKIG00000010591
scleropages_formosus ENSSFOG00015007098
seriola_dumerili ENSSDUG00000003397
seriola_lalandi_dorsalis ENSSLDG00000013022
scophthalmus_maximus ENSSMAG00000008906
gasterosteus_aculeatus ENSGACG00000005322
mastacembelus_armatus ENSMAMG00000014509
monopterus_albus ENSMALG00000008578
anabas_testudineus ENSATEG00000005546
cynoglossus_semilaevis ENSCSEG00000003926
takifugu_rubripes ENSTRUG00000001093
tetraodon_nigroviridis ENSTNIG00000010906
mola_mola ENSMMOG00000017063
labrus_bergylta ENSLBEG00000019041
fundulus_heteroclitus ENSFHEG00000013092
cyprinodon_variegatus ENSCVAG00000016327
xiphophorus_maculatus ENSXMAG00000012249
xiphophorus_couchianus ENSXCOG00000002226
gambusia_affinis ENSGAFG00000015838
poecilia_formosa ENSPFOG00000014859
poecilia_mexicana ENSPMEG00000006730
poecilia_latipinna ENSPLAG00000001389
poecilia_reticulata ENSPREG00000010346
kryptolebias_marmoratus ENSKMAG00000003909
oryzias_latipes ENSORLG00000020136
oryzias_latipes_asm223469v1 ENSORLG00015022129
oryzias_latipes ENSORLG00020007809
oryzias_melastigma ENSOMEG00000007705
astatotilapia_calliptera ENSACLG00000016789
maylandia_zebra ENSMZEG00005021499
haplochromis_burtoni ENSHBUG00000020604
pundamilia_nyererei ENSPNYG00000012441
oreochromis_niloticus ENSONIG00000006565
neolamprologus_brichardi ENSNBRG00000022066
amphilophus_citrinellus ENSACIG00000003368
amphiprion_ocellaris ENSAOCG00000014529
amphiprion_percula ENSAPEG00000010226
acanthochromis_polyacanthus ENSAPOG00000009876
stegastes_partitus ENSSPAG00000006085
hippocampus_comes ENSHCOG00000002827
periophthalmus_magnuspinnatus ENSPMGG00000006293
gadus_morhua ENSGMOG00000008394
esox_lucius ENSELUG00000015904
pygocentrus_nattereri ENSPNAG00000020750
astyanax_mexicanus ENSAMXG00000012491
ictalurus_punctatus ENSIPUG00000021606
danio_rerio ENSDARG00000022727
amphiprion_percula ENSAPEG00000002533
amphiprion_ocellaris ENSAOCG00000017424
acanthochromis_polyacanthus ENSAPOG00000018841
stegastes_partitus ENSSPAG00000005894
maylandia_zebra ENSMZEG00005015020
astatotilapia_calliptera ENSACLG00000013742
haplochromis_burtoni ENSHBUG00000002294
pundamilia_nyererei ENSPNYG00000016445
neolamprologus_brichardi ENSNBRG00000018908
oreochromis_niloticus ENSONIG00000004035
amphilophus_citrinellus ENSACIG00000008889
xiphophorus_maculatus ENSXMAG00000017950
gambusia_affinis ENSGAFG00000011012
poecilia_mexicana ENSPMEG00000009346
poecilia_formosa ENSPFOG00000016192
poecilia_latipinna ENSPLAG00000008431
poecilia_reticulata ENSPREG00000004285
fundulus_heteroclitus ENSFHEG00000020045
cyprinodon_variegatus ENSCVAG00000006115
kryptolebias_marmoratus ENSKMAG00000006035
oryzias_latipes ENSORLG00000003543
oryzias_latipes ENSORLG00020021271
oryzias_latipes_asm223469v1 ENSORLG00015000696
oryzias_melastigma ENSOMEG00000001909
takifugu_rubripes ENSTRUG00000011705
tetraodon_nigroviridis ENSTNIG00000014755
mola_mola ENSMMOG00000011039
scophthalmus_maximus ENSSMAG00000016512
cynoglossus_semilaevis ENSCSEG00000021749
mastacembelus_armatus ENSMAMG00000016790
monopterus_albus ENSMALG00000001402
anabas_testudineus ENSATEG00000024831
labrus_bergylta ENSLBEG00000014592
labrus_bergylta ENSLBEG00000022593
gasterosteus_aculeatus ENSGACG00000012225
seriola_lalandi_dorsalis ENSSLDG00000001380
seriola_dumerili ENSSDUG00000021151
hippocampus_comes ENSHCOG00000020014
periophthalmus_magnuspinnatus ENSPMGG00000007870
gadus_morhua ENSGMOG00000016433
esox_lucius ENSELUG00000009190
oryzias_latipes ENSORLG00000028070
oryzias_latipes ENSORLG00020001706
astyanax_mexicanus ENSAMXG00000017007
pygocentrus_nattereri ENSPNAG00000002078
ictalurus_punctatus ENSIPUG00000023840
danio_rerio ENSDARG00000017354
lepisosteus_oculatus ENSLOCG00000007978
