seriola_dumerili ENSSDUG00000009410
cynoglossus_semilaevis ENSCSEG00000008788
monopterus_albus ENSMALG00000007095
mastacembelus_armatus ENSMAMG00000017688
oryzias_latipes_asm223469v1 ENSORLG00015000745
oryzias_latipes ENSORLG00000030530
oryzias_melastigma ENSOMEG00000022978
gambusia_affinis ENSGAFG00000005259
xiphophorus_maculatus ENSXMAG00000022853
haplochromis_burtoni ENSHBUG00000004996
astatotilapia_calliptera ENSACLG00000001486
amphiprion_percula ENSAPEG00000013011
acanthochromis_polyacanthus ENSAPOG00000005385
labrus_bergylta ENSLBEG00000003611
esox_lucius ENSELUG00000006697
pygocentrus_nattereri ENSPNAG00000004792
astyanax_mexicanus ENSAMXG00000030426
ictalurus_punctatus ENSIPUG00000018397
danio_rerio ENSDARG00000052731
paramormyrops_kingsleyae ENSPKIG00000018983
sorex_araneus ENSSARG00000013625
erinaceus_europaeus ENSEEUG00000010922
pteropus_vampyrus ENSPVAG00000007957
vicugna_pacos ENSVPAG00000009374
tursiops_truncatus ENSTTRG00000009595
tupaia_belangeri ENSTBEG00000003211
ochotona_princeps ENSOPRG00000007191
pongo_abelii ENSPPYG00000015559
procavia_capensis ENSPCAG00000008268
echinops_telfairi ENSETEG00000010780
dasypus_novemcinctus ENSDNOG00000001464
choloepus_hoffmanni ENSCHOG00000006071
sarcophilus_harrisii ENSSHAG00000018264
taeniopygia_guttata ENSTGUG00000006080
lonchura_striata_domestica ENSLSDG00000014294
cyanistes_caeruleus ENSCCEG00000016447
dromaius_novaehollandiae ENSDNVG00000013295
gopherus_agassizii ENSGAGG00000002498
oreochromis_niloticus ENSONIG00000002629
eptatretus_burgeri ENSEBUG00000002248
ciona_intestinalis ENSCING00000013666
chelonoidis_abingdonii ENSCABG00000003699
chelonoidis_abingdonii ENSCABG00000003703
chelonoidis_abingdonii ENSCABG00000003702
nothoprocta_perdicaria ENSNPEG00000000831
nothoprocta_perdicaria ENSNPEG00000000827
apteryx_rowi ENSARWG00000009219
apteryx_owenii ENSAOWG00000018136
apteryx_haastii ENSAHAG00000013836
dromaius_novaehollandiae ENSDNVG00000011072
calidris_pygmaea ENSCPGG00000015007
calidris_pugnax ENSCPUG00000007823
melopsittacus_undulatus ENSMUNG00000003607
taeniopygia_guttata ENSTGUG00000009842
lonchura_striata_domestica ENSLSDG00000011734
serinus_canaria ENSSCAG00000009189
junco_hyemalis ENSJHYG00000001046
zonotrichia_albicollis ENSZALG00000017152
ficedula_albicollis ENSFALG00000006379
parus_major ENSPMJG00000014626
cyanistes_caeruleus ENSCCEG00000001093
lepidothrix_coronata ENSLCOG00000015854
manacus_vitellinus ENSMVIG00005007685
taeniopygia_guttata ENSTGUG00000017115
notechis_scutatus ENSNSUG00000008183
anser_brachyrhynchus ENSABRG00000018479
anas_platyrhynchos_platyrhynchos ENSAPLG00000024129
gallus_gallus ENSGALG00000049622
gallus_gallus ENSGALG00000051993
gallus_gallus ENSGALG00000052012
meleagris_gallopavo ENSMGAG00000009145
meleagris_gallopavo ENSMGAG00000009143
coturnix_japonica ENSCJPG00005008318
numida_meleagris ENSNMEG00000010101
crocodylus_porosus ENSCPRG00005009565
chrysemys_picta_bellii ENSCPBG00000028379
gopherus_agassizii ENSGAGG00000016605
pelodiscus_sinensis ENSPSIG00000006223
sphenodon_punctatus ENSSPUG00000003259
sphenodon_punctatus ENSSPUG00000003247
sphenodon_punctatus ENSSPUG00000003252
pogona_vitticeps ENSPVIG00000003698
anolis_carolinensis ENSACAG00000003460
notechis_scutatus ENSNSUG00000008184
salvator_merianae ENSSMRG00000000334
notamacropus_eugenii ENSMEUG00000002627
phascolarctos_cinereus ENSPCIG00000035156
sarcophilus_harrisii ENSSHAG00000004861
monodelphis_domestica ENSMODG00000021447
castor_canadensis ENSCCNG00000003742
dipodomys_ordii ENSDORG00000030068
nannospalax_galili ENSNGAG00000014158
nannospalax_galili ENSNGAG00000021873
meriones_unguiculatus ENSMUGG00000007670
meriones_unguiculatus ENSMUGG00000006785
mus_spretus_strain_spret/eij MGP_SPRETEiJ_G0022745
mus_musculus ENSMUSG00000034647
mus_spicilegus ENSMSIG00000030589
mus_caroli_strain_caroli_eij MGP_CAROLIEiJ_G0021834
mus_pahari MGP_PahariEiJ_G0020821
rattus_norvegicus ENSRNOG00000012733
rattus_norvegicus ENSRNOG00000048545
microtus_ochrogaster ENSMOCG00000021346
peromyscus_maniculatus_bairdii ENSPEMG00000012713
cricetulus_griseus_chok1gshd ENSCGRG00001005010
cricetulus_griseus_crigri ENSCGRG00000012368
cricetulus_griseus_crigri-picr ENSCGRG00015020159
mesocricetus_auratus ENSMAUG00000003657
jaculus_jaculus ENSJJAG00000020013
octodon_degus ENSODEG00000003236
octodon_degus ENSODEG00000003298
chinchilla_lanigera ENSCLAG00000007955
cavia_porcellus ENSCPOG00000032722
heterocephalus_glaber_male ENSHGLG00100011362
heterocephalus_glaber_female ENSHGLG00000007146
fukomys_damarensis ENSFDAG00000009623
ictidomys_tridecemlineatus ENSSTOG00000019525
urocitellus_parryii ENSUPAG00010011779
spermophilus_dauricus ENSSDAG00000014490
marmota_marmota_marmota ENSMMMG00000013824
oryctolagus_cuniculus ENSOCUG00000025998
ochotona_princeps ENSOPRG00000012677
pan_troglodytes ENSPTRG00000009857
pan_paniscus ENSPPAG00000029691
gorilla_gorilla ENSGGOG00000015949
homo_sapiens ENSG00000101745
pongo_abelii ENSPPYG00000009012
nomascus_leucogenys ENSNLEG00000006948
rhinopithecus_roxellana ENSRROG00000029328
rhinopithecus_bieti ENSRBIG00000030143
piliocolobus_tephrosceles ENSPTEG00000031066
colobus_angolensis_palliatus ENSCANG00000040090
mandrillus_leucophaeus ENSMLEG00000036050
cercocebus_atys ENSCATG00000035145
theropithecus_gelada ENSTGEG00000011464
papio_anubis ENSPANG00000008897
macaca_nemestrina ENSMNEG00000036122
macaca_fascicularis ENSMFAG00000034700
chlorocebus_sabaeus ENSCSAG00000017561
cebus_capucinus ENSCCAG00000027145
saimiri_boliviensis_boliviensis ENSSBOG00000029909
saimiri_boliviensis_boliviensis ENSSBOG00000024205
callithrix_jacchus ENSCJAG00000045973
aotus_nancymaae ENSANAG00000029102
carlito_syrichta ENSTSYG00000031977
prolemur_simus ENSPSMG00000022951
propithecus_coquereli ENSPCOG00000026864
microcebus_murinus ENSMICG00000003681
otolemur_garnettii ENSOGAG00000030426
capra_hircus ENSCHIG00000007393
capra_hircus ENSCHIG00000013412
ovis_aries ENSOARG00000000971
bos_mutus ENSBMUG00000013518
bos_taurus ENSBTAG00000002755
bison_bison_bison ENSBBBG00000012995
sus_scrofa ENSSSCG00000003682
tursiops_truncatus ENSTTRG00000014772
vicugna_pacos ENSVPAG00000010677
erinaceus_europaeus ENSEEUG00000001955
equus_caballus ENSECAG00000013901
equus_asinus_asinus ENSEASG00005001206
pteropus_vampyrus ENSPVAG00000004822
myotis_lucifugus ENSMLUG00000008632
sorex_araneus ENSSARG00000007954
ursus_maritimus ENSUMAG00000018698
ursus_americanus ENSUAMG00000018088
ailuropoda_melanoleuca ENSAMEG00000007392
neovison_vison ENSNVIG00000010366
mustela_putorius_furo ENSMPUG00000004696
canis_lupus_dingo ENSCAFG00020023769
canis_lupus_dingo ENSCAFG00020023774
canis_lupus_familiaris ENSCAFG00000018691
vulpes_vulpes ENSVVUG00000011805
panthera_pardus ENSPPRG00000018986
panthera_tigris_altaica ENSPTIG00000000040
felis_catus ENSFCAG00000043867
dasypus_novemcinctus ENSDNOG00000017038
choloepus_hoffmanni ENSCHOG00000007737
loxodonta_africana ENSLAFG00000010524
procavia_capensis ENSPCAG00000007181
echinops_telfairi ENSETEG00000001232
cavia_aperea ENSCAPG00000004215
phascolarctos_cinereus ENSPCIG00000031816
ornithorhynchus_anatinus ENSOANG00000012877
xenopus_tropicalis ENSXETG00000004049
latimeria_chalumnae ENSLACG00000004829
scleropages_formosus ENSSFOG00015013199
paramormyrops_kingsleyae ENSPKIG00000008814
oryzias_latipes_asm223469v1 ENSORLG00015007647
xiphophorus_couchianus ENSXCOG00000019302
tetraodon_nigroviridis ENSTNIG00000000654
tetraodon_nigroviridis ENSTNIG00000014863
takifugu_rubripes ENSTRUG00000007999
cynoglossus_semilaevis ENSCSEG00000016784
hippocampus_comes ENSHCOG00000013008
poecilia_mexicana ENSPMEG00000010263
poecilia_formosa ENSPFOG00000002527
poecilia_latipinna ENSPLAG00000013472
poecilia_reticulata ENSPREG00000010202
xiphophorus_maculatus ENSXMAG00000026996
gambusia_affinis ENSGAFG00000020923
fundulus_heteroclitus ENSFHEG00000004182
kryptolebias_marmoratus ENSKMAG00000020119
oryzias_latipes ENSORLG00000004003
oryzias_latipes ENSORLG00020004840
oryzias_latipes_asm223469v1 ENSORLG00015007625
oryzias_melastigma ENSOMEG00000020989
astatotilapia_calliptera ENSACLG00000008239
maylandia_zebra ENSMZEG00005024320
pundamilia_nyererei ENSPNYG00000005810
haplochromis_burtoni ENSHBUG00000008313
neolamprologus_brichardi ENSNBRG00000014250
oreochromis_niloticus ENSONIG00000018477
amphilophus_citrinellus ENSACIG00000020883
stegastes_partitus ENSSPAG00000001636
cyprinodon_variegatus ENSCVAG00000003705
monopterus_albus ENSMALG00000015884
mola_mola ENSMMOG00000021014
seriola_dumerili ENSSDUG00000008809
seriola_lalandi_dorsalis ENSSLDG00000022158
scophthalmus_maximus ENSSMAG00000012940
anabas_testudineus ENSATEG00000019856
mastacembelus_armatus ENSMAMG00000006601
amphiprion_ocellaris ENSAOCG00000024055
amphiprion_percula ENSAPEG00000013416
acanthochromis_polyacanthus ENSAPOG00000016260
labrus_bergylta ENSLBEG00000014123
gasterosteus_aculeatus ENSGACG00000016650
periophthalmus_magnuspinnatus ENSPMGG00000005820
gadus_morhua ENSGMOG00000012351
esox_lucius ENSELUG00000006878
pygocentrus_nattereri ENSPNAG00000014842
astyanax_mexicanus ENSAMXG00000043499
ictalurus_punctatus ENSIPUG00000017753
ictalurus_punctatus ENSIPUG00000017722
ictalurus_punctatus ENSIPUG00000017743
ictalurus_punctatus ENSIPUG00000011017
ictalurus_punctatus ENSIPUG00000017732
ictalurus_punctatus ENSIPUG00000017670
danio_rerio ENSDARG00000052419
lepisosteus_oculatus ENSLOCG00000002556
eptatretus_burgeri ENSEBUG00000008890
ciona_intestinalis ENSCING00000002607
ciona_savignyi ENSCSAVG00000004861
