scleropages_formosus ENSSFOG00015006688
scleropages_formosus ENSSFOG00015006605
paramormyrops_kingsleyae ENSPKIG00000003736
scleropages_formosus ENSSFOG00015006663
paramormyrops_kingsleyae ENSPKIG00000003678
ictalurus_punctatus ENSIPUG00000008674
pygocentrus_nattereri ENSPNAG00000011456
danio_rerio ENSDARG00000037695
gambusia_affinis ENSGAFG00000015513
cyprinodon_variegatus ENSCVAG00000011254
fundulus_heteroclitus ENSFHEG00000010445
oryzias_latipes ENSORLG00020014569
oryzias_latipes ENSORLG00000021994
oryzias_melastigma ENSOMEG00000003827
stegastes_partitus ENSSPAG00000010037
kryptolebias_marmoratus ENSKMAG00000009189
mastacembelus_armatus ENSMAMG00000005101
seriola_dumerili ENSSDUG00000009632
scophthalmus_maximus ENSSMAG00000016187
haplochromis_burtoni ENSHBUG00000009276
astatotilapia_calliptera ENSACLG00000010525
monopterus_albus ENSMALG00000000964
amphilophus_citrinellus ENSACIG00000014308
pundamilia_nyererei ENSPNYG00000001937
xiphophorus_maculatus ENSXMAG00000021145
oryzias_latipes_asm223469v1 ENSORLG00015021305
anabas_testudineus ENSATEG00000009854
poecilia_latipinna ENSPLAG00000022038
poecilia_formosa ENSPFOG00000024578
xiphophorus_maculatus ENSXMAG00000021646
gambusia_affinis ENSGAFG00000015573
xiphophorus_couchianus ENSXCOG00000002910
cyprinodon_variegatus ENSCVAG00000011157
oryzias_latipes_asm223469v1 ENSORLG00015021127
oryzias_latipes ENSORLG00000027606
oryzias_latipes ENSORLG00020014615
oryzias_melastigma ENSOMEG00000003662
mastacembelus_armatus ENSMAMG00000004831
amphilophus_citrinellus ENSACIG00000014126
stegastes_partitus ENSSPAG00000002590
anabas_testudineus ENSATEG00000010011
labrus_bergylta ENSLBEG00000001969
mola_mola ENSMMOG00000002715
seriola_lalandi_dorsalis ENSSLDG00000001283
poecilia_latipinna ENSPLAG00000022049
poecilia_formosa ENSPFOG00000021888
xiphophorus_maculatus ENSXMAG00000022763
fundulus_heteroclitus ENSFHEG00000021335
oryzias_latipes ENSORLG00000022312
amphiprion_percula ENSAPEG00000014759
amphiprion_ocellaris ENSAOCG00000021962
amphiprion_ocellaris ENSAOCG00000010194
acanthochromis_polyacanthus ENSAPOG00000024330
haplochromis_burtoni ENSHBUG00000009406
neolamprologus_brichardi ENSNBRG00000007525
astatotilapia_calliptera ENSACLG00000010910
anabas_testudineus ENSATEG00000009930
mastacembelus_armatus ENSMAMG00000004937
hippocampus_comes ENSHCOG00000014280
periophthalmus_magnuspinnatus ENSPMGG00000007541
monopterus_albus ENSMALG00000001061
monopterus_albus ENSMALG00000001016
monopterus_albus ENSMALG00000001196
mastacembelus_armatus ENSMAMG00000004908
seriola_dumerili ENSSDUG00000009507
hippocampus_comes ENSHCOG00000014273
xiphophorus_maculatus ENSXMAG00000021470
gambusia_affinis ENSGAFG00000015534
cyprinodon_variegatus ENSCVAG00000011174
fundulus_heteroclitus ENSFHEG00000006632
xiphophorus_couchianus ENSXCOG00000002937
poecilia_reticulata ENSPREG00000001343
fundulus_heteroclitus ENSFHEG00000006615
oryzias_melastigma ENSOMEG00000003745
oryzias_melastigma ENSOMEG00000003703
oryzias_melastigma ENSOMEG00000003720
oryzias_latipes_asm223469v1 ENSORLG00015021215
oryzias_latipes ENSORLG00020014597
oryzias_latipes ENSORLG00000028903
oryzias_latipes_asm223469v1 ENSORLG00015021156
oryzias_melastigma ENSOMEG00000003750
oryzias_melastigma ENSOMEG00000003765
oryzias_latipes_asm223469v1 ENSORLG00015021193
haplochromis_burtoni ENSHBUG00000009423
astatotilapia_calliptera ENSACLG00000010995
oryzias_latipes_asm223469v1 ENSORLG00015021138
acanthochromis_polyacanthus ENSAPOG00000013401
seriola_lalandi_dorsalis ENSSLDG00000001252
seriola_dumerili ENSSDUG00000017385
scophthalmus_maximus ENSSMAG00000001388
monopterus_albus ENSMALG00000001262
hippocampus_comes ENSHCOG00000018197
hippocampus_comes ENSHCOG00000014248
seriola_dumerili ENSSDUG00000009539
amphilophus_citrinellus ENSACIG00000014245
periophthalmus_magnuspinnatus ENSPMGG00000022491
periophthalmus_magnuspinnatus ENSPMGG00000017886
periophthalmus_magnuspinnatus ENSPMGG00000007539
seriola_lalandi_dorsalis ENSSLDG00000001326
seriola_dumerili ENSSDUG00000017418
scophthalmus_maximus ENSSMAG00000016124
amphiprion_percula ENSAPEG00000014713
amphiprion_ocellaris ENSAOCG00000016615
maylandia_zebra ENSMZEG00005000946
pundamilia_nyererei ENSPNYG00000002073
monopterus_albus ENSMALG00000001205
gambusia_affinis ENSGAFG00000015579
neolamprologus_brichardi ENSNBRG00000007606
poecilia_formosa ENSPFOG00000005183
poecilia_latipinna ENSPLAG00000012031
amphilophus_citrinellus ENSACIG00000014227
oryzias_melastigma ENSOMEG00000003694
oryzias_melastigma ENSOMEG00000003673
oryzias_melastigma ENSOMEG00000003685
oryzias_melastigma ENSOMEG00000003738
cynoglossus_semilaevis ENSCSEG00000007825
periophthalmus_magnuspinnatus ENSPMGG00000008602
amphiprion_ocellaris ENSAOCG00000010182
stegastes_partitus ENSSPAG00000002490
maylandia_zebra ENSMZEG00005000894
mastacembelus_armatus ENSMAMG00000004950
seriola_dumerili ENSSDUG00000017438
haplochromis_burtoni ENSHBUG00000001186
maylandia_zebra ENSMZEG00005000870
mola_mola ENSMMOG00000002726
acanthochromis_polyacanthus ENSAPOG00000024238
amphiprion_percula ENSAPEG00000014699
fundulus_heteroclitus ENSFHEG00000006656
gambusia_affinis ENSGAFG00000015540
xiphophorus_maculatus ENSXMAG00000029775
xiphophorus_couchianus ENSXCOG00000002931
gambusia_affinis ENSGAFG00000015567
fundulus_heteroclitus ENSFHEG00000006678
poecilia_formosa ENSPFOG00000014786
acanthochromis_polyacanthus ENSAPOG00000024250
stegastes_partitus ENSSPAG00000002516
amphilophus_citrinellus ENSACIG00000014219
poecilia_reticulata ENSPREG00000001318
gambusia_affinis ENSGAFG00000015565
poecilia_reticulata ENSPREG00000001329
seriola_dumerili ENSSDUG00000009496
takifugu_rubripes ENSTRUG00000023244
tetraodon_nigroviridis ENSTNIG00000004336
takifugu_rubripes ENSTRUG00000021621
takifugu_rubripes ENSTRUG00000023579
mola_mola ENSMMOG00000002717
hippocampus_comes ENSHCOG00000014271
hippocampus_comes ENSHCOG00000014264
hippocampus_comes ENSHCOG00000014257
labrus_bergylta ENSLBEG00000001932
takifugu_rubripes ENSTRUG00000019942
fundulus_heteroclitus ENSFHEG00000006695
poecilia_mexicana ENSPMEG00000022172
mola_mola ENSMMOG00000002722
anabas_testudineus ENSATEG00000009934
cyprinodon_variegatus ENSCVAG00000011160
cynoglossus_semilaevis ENSCSEG00000006331
mastacembelus_armatus ENSMAMG00000004851
mastacembelus_armatus ENSMAMG00000004897
mastacembelus_armatus ENSMAMG00000004810
stegastes_partitus ENSSPAG00000002540
acanthochromis_polyacanthus ENSAPOG00000008640
amphiprion_ocellaris ENSAOCG00000002009
amphiprion_percula ENSAPEG00000014660
amphiprion_ocellaris ENSAOCG00000010226
haplochromis_burtoni ENSHBUG00000009443
maylandia_zebra ENSMZEG00005000994
astatotilapia_calliptera ENSACLG00000010982
astatotilapia_calliptera ENSACLG00000010963
astatotilapia_calliptera ENSACLG00000010956
maylandia_zebra ENSMZEG00005000982
maylandia_zebra ENSMZEG00005001006
astatotilapia_calliptera ENSACLG00000011008
monopterus_albus ENSMALG00000001104
monopterus_albus ENSMALG00000001246
labrus_bergylta ENSLBEG00000001784
labrus_bergylta ENSLBEG00000001911
labrus_bergylta ENSLBEG00000028652
labrus_bergylta ENSLBEG00000001840
labrus_bergylta ENSLBEG00000001871
mola_mola ENSMMOG00000002720
seriola_dumerili ENSSDUG00000017408
seriola_lalandi_dorsalis ENSSLDG00000001304
oryzias_latipes ENSORLG00000004181
oryzias_latipes ENSORLG00020014603
oryzias_latipes_asm223469v1 ENSORLG00015021174
esox_lucius ENSELUG00000000749
esox_lucius ENSELUG00000018179
esox_lucius ENSELUG00000018162
esox_lucius ENSELUG00000020130
pygocentrus_nattereri ENSPNAG00000011504
ictalurus_punctatus ENSIPUG00000008602
danio_rerio ENSDARG00000088136
astyanax_mexicanus ENSAMXG00000035077
astyanax_mexicanus ENSAMXG00000015901
astyanax_mexicanus ENSAMXG00000041384
paramormyrops_kingsleyae ENSPKIG00000003597
scleropages_formosus ENSSFOG00015006505
oryzias_melastigma ENSOMEG00000003792
xiphophorus_couchianus ENSXCOG00000002000
astatotilapia_calliptera ENSACLG00000010832
pundamilia_nyererei ENSPNYG00000002003
haplochromis_burtoni ENSHBUG00000009365
monopterus_albus ENSMALG00000003761
takifugu_rubripes ENSTRUG00000001739
cynoglossus_semilaevis ENSCSEG00000006348
anabas_testudineus ENSATEG00000009877
oryzias_melastigma ENSOMEG00000003803
oryzias_latipes ENSORLG00000028629
cynoglossus_semilaevis ENSCSEG00000006344
xiphophorus_maculatus ENSXMAG00000008339
xiphophorus_couchianus ENSXCOG00000002984
poecilia_reticulata ENSPREG00000001405
poecilia_mexicana ENSPMEG00000022197
poecilia_latipinna ENSPLAG00000022132
xiphophorus_maculatus ENSXMAG00000026701
kryptolebias_marmoratus ENSKMAG00000009160
maylandia_zebra ENSMZEG00005000694
stegastes_partitus ENSSPAG00000010075
amphiprion_percula ENSAPEG00000014837
mola_mola ENSMMOG00000002731
scophthalmus_maximus ENSSMAG00000016163
scophthalmus_maximus ENSSMAG00000016159
seriola_dumerili ENSSDUG00000009626
monopterus_albus ENSMALG00000001008
hippocampus_comes ENSHCOG00000014378
hippocampus_comes ENSHCOG00000014366
hippocampus_comes ENSHCOG00000014353
poecilia_latipinna ENSPLAG00000022112
xiphophorus_maculatus ENSXMAG00000021083
haplochromis_burtoni ENSHBUG00000009340
maylandia_zebra ENSMZEG00005000745
astatotilapia_calliptera ENSACLG00000010593
haplochromis_burtoni ENSHBUG00000009323
haplochromis_burtoni ENSHBUG00000000235
pundamilia_nyererei ENSPNYG00000001990
haplochromis_burtoni ENSHBUG00000009334
neolamprologus_brichardi ENSNBRG00000007631
maylandia_zebra ENSMZEG00005000843
poecilia_reticulata ENSPREG00000001390
oryzias_latipes ENSORLG00020014579
oryzias_latipes ENSORLG00000028208
oryzias_latipes_asm223469v1 ENSORLG00015021254
oryzias_melastigma ENSOMEG00000003777
oryzias_melastigma ENSOMEG00000003797
kryptolebias_marmoratus ENSKMAG00000009114
pundamilia_nyererei ENSPNYG00000002026
haplochromis_burtoni ENSHBUG00000009382
maylandia_zebra ENSMZEG00005000854
astatotilapia_calliptera ENSACLG00000010875
amphilophus_citrinellus ENSACIG00000014255
amphiprion_percula ENSAPEG00000014852
amphiprion_ocellaris ENSAOCG00000000519
acanthochromis_polyacanthus ENSAPOG00000024365
amphiprion_ocellaris ENSAOCG00000011214
amphiprion_percula ENSAPEG00000014792
monopterus_albus ENSMALG00000001033
periophthalmus_magnuspinnatus ENSPMGG00000020203
periophthalmus_magnuspinnatus ENSPMGG00000015905
anabas_testudineus ENSATEG00000009910
amphiprion_ocellaris ENSAOCG00000011173
amphiprion_ocellaris ENSAOCG00000021944
stegastes_partitus ENSSPAG00000010154
neolamprologus_brichardi ENSNBRG00000007597
hippocampus_comes ENSHCOG00000014317
acanthochromis_polyacanthus ENSAPOG00000024273
takifugu_rubripes ENSTRUG00000025408
xiphophorus_maculatus ENSXMAG00000025920
xiphophorus_maculatus ENSXMAG00000027122
poecilia_mexicana ENSPMEG00000000789
poecilia_reticulata ENSPREG00000001368
poecilia_formosa ENSPFOG00000000032
poecilia_latipinna ENSPLAG00000022070
cyprinodon_variegatus ENSCVAG00000011191
takifugu_rubripes ENSTRUG00000001724
labrus_bergylta ENSLBEG00000001750
labrus_bergylta ENSLBEG00000001716
seriola_dumerili ENSSDUG00000017451
scophthalmus_maximus ENSSMAG00000001346
amphiprion_ocellaris ENSAOCG00000011194
amphiprion_ocellaris ENSAOCG00000021922
amphiprion_ocellaris ENSAOCG00000008800
kryptolebias_marmoratus ENSKMAG00000009069
cyprinodon_variegatus ENSCVAG00000011208
oryzias_melastigma ENSOMEG00000003786
astatotilapia_calliptera ENSACLG00000010858
pundamilia_nyererei ENSPNYG00000002050
amphiprion_percula ENSAPEG00000014772
periophthalmus_magnuspinnatus ENSPMGG00000004265
labrus_bergylta ENSLBEG00000009954
labrus_bergylta ENSLBEG00000001659
labrus_bergylta ENSLBEG00000001700
labrus_bergylta ENSLBEG00000001691
mastacembelus_armatus ENSMAMG00000004977
amphiprion_percula ENSAPEG00000014817
amphiprion_ocellaris ENSAOCG00000020873
astatotilapia_calliptera ENSACLG00000010851
seriola_dumerili ENSSDUG00000009592
seriola_lalandi_dorsalis ENSSLDG00000001476
seriola_dumerili ENSSDUG00000009604
seriola_dumerili ENSSDUG00000009574
seriola_lalandi_dorsalis ENSSLDG00000001401
seriola_dumerili ENSSDUG00000009526
stegastes_partitus ENSSPAG00000010104
acanthochromis_polyacanthus ENSAPOG00000024352
fundulus_heteroclitus ENSFHEG00000010421
esox_lucius ENSELUG00000000764
pygocentrus_nattereri ENSPNAG00000011494
pygocentrus_nattereri ENSPNAG00000001847
astyanax_mexicanus ENSAMXG00000040436
pygocentrus_nattereri ENSPNAG00000011478
ictalurus_punctatus ENSIPUG00000008669
pygocentrus_nattereri ENSPNAG00000011467
ictalurus_punctatus ENSIPUG00000008653
danio_rerio ENSDARG00000099535
ictalurus_punctatus ENSIPUG00000008633
ictalurus_punctatus ENSIPUG00000008658
ictalurus_punctatus ENSIPUG00000008647
ictalurus_punctatus ENSIPUG00000008627
astyanax_mexicanus ENSAMXG00000035121
esox_lucius ENSELUG00000018357
esox_lucius ENSELUG00000018313
oryzias_latipes_asm223469v1 ENSORLG00015021266
oryzias_melastigma ENSOMEG00000003812
poecilia_latipinna ENSPLAG00000022163
labrus_bergylta ENSLBEG00000001631
takifugu_rubripes ENSTRUG00000025164
anabas_testudineus ENSATEG00000009868
monopterus_albus ENSMALG00000000994
seriola_lalandi_dorsalis ENSSLDG00000001614
seriola_dumerili ENSSDUG00000009630
scophthalmus_maximus ENSSMAG00000016137
amphiprion_ocellaris ENSAOCG00000015801
amphiprion_percula ENSAPEG00000014872
maylandia_zebra ENSMZEG00005000640
haplochromis_burtoni ENSHBUG00000009287
maylandia_zebra ENSMZEG00005000675
astatotilapia_calliptera ENSACLG00000010550
neolamprologus_brichardi ENSNBRG00000007729
mastacembelus_armatus ENSMAMG00000005084
anabas_testudineus ENSATEG00000009920
takifugu_rubripes ENSTRUG00000001035
scleropages_formosus ENSSFOG00015006589
scleropages_formosus ENSSFOG00015006576
lepisosteus_oculatus ENSLOCG00000018308
