phascolarctos_cinereus ENSPCIG00000019727
notamacropus_eugenii ENSMEUG00000010546
sarcophilus_harrisii ENSSHAG00000008519
monodelphis_domestica ENSMODG00000012365
loxodonta_africana ENSLAFG00000011103
procavia_capensis ENSPCAG00000004145
echinops_telfairi ENSETEG00000003263
dasypus_novemcinctus ENSDNOG00000014449
choloepus_hoffmanni ENSCHOG00000004859
tursiops_truncatus ENSTTRG00000003098
sus_scrofa ENSSSCG00000024201
ovis_aries ENSOARG00000015004
capra_hircus ENSCHIG00000018878
bos_mutus ENSBMUG00000013348
bos_taurus ENSBTAG00000019748
bison_bison_bison ENSBBBG00000018591
vicugna_pacos ENSVPAG00000010624
pteropus_vampyrus ENSPVAG00000013342
myotis_lucifugus ENSMLUG00000009005
ursus_americanus ENSUAMG00000026584
ursus_maritimus ENSUMAG00000019717
ailuropoda_melanoleuca ENSAMEG00000011618
mustela_putorius_furo ENSMPUG00000016846
neovison_vison ENSNVIG00000022494
canis_lupus_familiaris ENSCAFG00000008083
canis_lupus_dingo ENSCAFG00020005538
vulpes_vulpes ENSVVUG00000020694
panthera_pardus ENSPPRG00000008999
panthera_tigris_altaica ENSPTIG00000018692
felis_catus ENSFCAG00000002825
equus_caballus ENSECAG00000009651
equus_asinus_asinus ENSEASG00005000102
erinaceus_europaeus ENSEEUG00000010806
sorex_araneus ENSSARG00000003623
oryctolagus_cuniculus ENSOCUG00000013263
ochotona_princeps ENSOPRG00000005076
tupaia_belangeri ENSTBEG00000016784
heterocephalus_glaber_male ENSHGLG00100001281
heterocephalus_glaber_female ENSHGLG00000006020
fukomys_damarensis ENSFDAG00000011124
chinchilla_lanigera ENSCLAG00000008980
octodon_degus ENSODEG00000006527
cavia_porcellus ENSCPOG00000012764
cavia_aperea ENSCAPG00000008410
urocitellus_parryii ENSUPAG00010013761
ictidomys_tridecemlineatus ENSSTOG00000004802
spermophilus_dauricus ENSSDAG00000022343
marmota_marmota_marmota ENSMMMG00000010441
castor_canadensis ENSCCNG00000015927
dipodomys_ordii ENSDORG00000014979
mus_spicilegus ENSMSIG00000027932
mus_musculus ENSMUSG00000040651
mus_spretus_strain_spret/eij MGP_SPRETEiJ_G0019924
mus_caroli_strain_caroli_eij MGP_CAROLIEiJ_G0019039
mus_pahari MGP_PahariEiJ_G0030056
rattus_norvegicus ENSRNOG00000014750
meriones_unguiculatus ENSMUGG00000026473
cricetulus_griseus_crigri-picr ENSCGRG00015028252
cricetulus_griseus_chok1gshd ENSCGRG00001023504
cricetulus_griseus_crigri ENSCGRG00000017712
mesocricetus_auratus ENSMAUG00000016270
peromyscus_maniculatus_bairdii ENSPEMG00000023750
microtus_ochrogaster ENSMOCG00000008303
nannospalax_galili ENSNGAG00000006565
jaculus_jaculus ENSJJAG00000011951
papio_anubis ENSPANG00000025808
theropithecus_gelada ENSTGEG00000028736
cercocebus_atys ENSCATG00000035018
mandrillus_leucophaeus ENSMLEG00000002034
macaca_fascicularis ENSMFAG00000002108
macaca_nemestrina ENSMNEG00000029881
macaca_mulatta ENSMMUG00000002820
chlorocebus_sabaeus ENSCSAG00000012829
piliocolobus_tephrosceles ENSPTEG00000020131
colobus_angolensis_palliatus ENSCANG00000035693
rhinopithecus_roxellana ENSRROG00000008200
rhinopithecus_bieti ENSRBIG00000035438
pan_paniscus ENSPPAG00000036318
pan_troglodytes ENSPTRG00000015038
homo_sapiens ENSG00000163946
gorilla_gorilla ENSGGOG00000011356
pongo_abelii ENSPPYG00000013778
nomascus_leucogenys ENSNLEG00000007243
cebus_capucinus ENSCCAG00000032319
saimiri_boliviensis_boliviensis ENSSBOG00000036227
callithrix_jacchus ENSCJAG00000010847
aotus_nancymaae ENSANAG00000027337
carlito_syrichta ENSTSYG00000014278
microcebus_murinus ENSMICG00000005072
prolemur_simus ENSPSMG00000023152
propithecus_coquereli ENSPCOG00000016776
otolemur_garnettii ENSOGAG00000007777
ornithorhynchus_anatinus ENSOANG00000002750
ornithorhynchus_anatinus ENSOANG00000010151
anolis_carolinensis ENSACAG00000005826
pogona_vitticeps ENSPVIG00000016593
notechis_scutatus ENSNSUG00000020217
salvator_merianae ENSSMRG00000021027
sphenodon_punctatus ENSSPUG00000004182
anser_brachyrhynchus ENSABRG00000003999
anas_platyrhynchos_platyrhynchos ENSAPLG00000003328
meleagris_gallopavo ENSMGAG00000006140
meleagris_gallopavo ENSMGAG00000016864
gallus_gallus ENSGALG00000035045
coturnix_japonica ENSCJPG00005013275
numida_meleagris ENSNMEG00000017355
junco_hyemalis ENSJHYG00000012880
zonotrichia_albicollis ENSZALG00000017059
serinus_canaria ENSSCAG00000002476
taeniopygia_guttata ENSTGUG00000007116
lonchura_striata_domestica ENSLSDG00000010181
ficedula_albicollis ENSFALG00000008523
parus_major ENSPMJG00000012580
cyanistes_caeruleus ENSCCEG00000024183
lepidothrix_coronata ENSLCOG00000008544
manacus_vitellinus ENSMVIG00005002064
melopsittacus_undulatus ENSMUNG00000014098
calidris_pygmaea ENSCPGG00000019308
calidris_pugnax ENSCPUG00000016489
apteryx_haastii ENSAHAG00000010059
apteryx_owenii ENSAOWG00000012827
apteryx_rowi ENSARWG00000010694
dromaius_novaehollandiae ENSDNVG00000012405
nothoprocta_perdicaria ENSNPEG00000011761
crocodylus_porosus ENSCPRG00005018963
chelonoidis_abingdonii ENSCABG00000000128
gopherus_agassizii ENSGAGG00000010349
chrysemys_picta_bellii ENSCPBG00000010178
pelodiscus_sinensis ENSPSIG00000009267
latimeria_chalumnae ENSLACG00000005574
xenopus_tropicalis ENSXETG00000000923
mastacembelus_armatus ENSMAMG00000014212
anabas_testudineus ENSATEG00000003385
poecilia_formosa ENSPFOG00000012175
poecilia_latipinna ENSPLAG00000018615
poecilia_mexicana ENSPMEG00000021722
poecilia_reticulata ENSPREG00000022783
xiphophorus_maculatus ENSXMAG00000023142
poecilia_formosa ENSPFOG00000021940
fundulus_heteroclitus ENSFHEG00000019828
kryptolebias_marmoratus ENSKMAG00000018336
oryzias_latipes_asm223469v1 ENSORLG00015004170
oryzias_latipes ENSORLG00020010597
astatotilapia_calliptera ENSACLG00000009984
maylandia_zebra ENSMZEG00005016199
haplochromis_burtoni ENSHBUG00000023519
pundamilia_nyererei ENSPNYG00000013061
neolamprologus_brichardi ENSNBRG00000015629
oreochromis_niloticus ENSONIG00000004311
amphiprion_ocellaris ENSAOCG00000016176
amphiprion_percula ENSAPEG00000000527
acanthochromis_polyacanthus ENSAPOG00000024247
scophthalmus_maximus ENSSMAG00000000924
cynoglossus_semilaevis ENSCSEG00000018470
seriola_dumerili ENSSDUG00000020761
seriola_lalandi_dorsalis ENSSLDG00000020317
takifugu_rubripes ENSTRUG00000004385
hippocampus_comes ENSHCOG00000015253
esox_lucius ENSELUG00000019907
pygocentrus_nattereri ENSPNAG00000029581
astyanax_mexicanus ENSAMXG00000038617
ictalurus_punctatus ENSIPUG00000007589
danio_rerio ENSDARG00000089893
paramormyrops_kingsleyae ENSPKIG00000005171
scleropages_formosus ENSSFOG00015013090
mastacembelus_armatus ENSMAMG00000011308
monopterus_albus ENSMALG00000022155
anabas_testudineus ENSATEG00000006412
seriola_dumerili ENSSDUG00000015610
seriola_lalandi_dorsalis ENSSLDG00000000633
scophthalmus_maximus ENSSMAG00000009297
poecilia_formosa ENSPFOG00000021990
poecilia_mexicana ENSPMEG00000019073
poecilia_latipinna ENSPLAG00000012835
poecilia_reticulata ENSPREG00000017456
xiphophorus_maculatus ENSXMAG00000002553
xiphophorus_couchianus ENSXCOG00000000199
gambusia_affinis ENSGAFG00000021094
fundulus_heteroclitus ENSFHEG00000002699
cyprinodon_variegatus ENSCVAG00000014087
cyprinodon_variegatus ENSCVAG00000006205
kryptolebias_marmoratus ENSKMAG00000017131
oryzias_latipes_asm223469v1 ENSORLG00015017953
oryzias_latipes ENSORLG00000009828
oryzias_latipes ENSORLG00020001228
oryzias_melastigma ENSOMEG00000011608
maylandia_zebra ENSMZEG00005023614
astatotilapia_calliptera ENSACLG00000025317
haplochromis_burtoni ENSHBUG00000005220
pundamilia_nyererei ENSPNYG00000002950
neolamprologus_brichardi ENSNBRG00000015755
amphilophus_citrinellus ENSACIG00000020350
amphiprion_percula ENSAPEG00000009461
amphiprion_ocellaris ENSAOCG00000011950
acanthochromis_polyacanthus ENSAPOG00000011155
stegastes_partitus ENSSPAG00000003155
takifugu_rubripes ENSTRUG00000006258
tetraodon_nigroviridis ENSTNIG00000017883
mola_mola ENSMMOG00000020509
labrus_bergylta ENSLBEG00000011537
hippocampus_comes ENSHCOG00000010887
periophthalmus_magnuspinnatus ENSPMGG00000009123
cynoglossus_semilaevis ENSCSEG00000021036
gadus_morhua ENSGMOG00000017745
esox_lucius ENSELUG00000001879
pygocentrus_nattereri ENSPNAG00000002944
astyanax_mexicanus ENSAMXG00000015505
ictalurus_punctatus ENSIPUG00000013870
danio_rerio ENSDARG00000013346
paramormyrops_kingsleyae ENSPKIG00000010794
scleropages_formosus ENSSFOG00015020843
lepisosteus_oculatus ENSLOCG00000013340
petromyzon_marinus ENSPMAG00000006728
anolis_carolinensis ENSACAG00000003168
anolis_carolinensis ENSACAG00000022489
pogona_vitticeps ENSPVIG00000021912
notechis_scutatus ENSNSUG00000002700
salvator_merianae ENSSMRG00000009480
sphenodon_punctatus ENSSPUG00000001661
chelonoidis_abingdonii ENSCABG00000015600
gopherus_agassizii ENSGAGG00000008233
chrysemys_picta_bellii ENSCPBG00000019242
pelodiscus_sinensis ENSPSIG00000012500
crocodylus_porosus ENSCPRG00005002122
calidris_pygmaea ENSCPGG00000013088
calidris_pugnax ENSCPUG00000015932
ficedula_albicollis ENSFALG00000011666
ficedula_albicollis ENSFALG00000011674
taeniopygia_guttata ENSTGUG00000001943
taeniopygia_guttata ENSTGUG00000001942
parus_major ENSPMJG00000013096
cyanistes_caeruleus ENSCCEG00000004183
melopsittacus_undulatus ENSMUNG00000005985
anser_brachyrhynchus ENSABRG00000007030
anas_platyrhynchos_platyrhynchos ENSAPLG00000007418
meleagris_gallopavo ENSMGAG00000003396
coturnix_japonica ENSCJPG00005004018
gallus_gallus ENSGALG00000055101
numida_meleagris ENSNMEG00000001237
apteryx_rowi ENSARWG00000000961
apteryx_rowi ENSARWG00000000957
apteryx_owenii ENSAOWG00000013952
apteryx_haastii ENSAHAG00000019251
dromaius_novaehollandiae ENSDNVG00000007134
apteryx_owenii ENSAOWG00000013958
calidris_pugnax ENSCPUG00000015933
lepidothrix_coronata ENSLCOG00000009404
castor_canadensis ENSCCNG00000006682
castor_canadensis ENSCCNG00000001872
castor_canadensis ENSCCNG00000018640
dipodomys_ordii ENSDORG00000000560
cricetulus_griseus_crigri ENSCGRG00000008926
cricetulus_griseus_chok1gshd ENSCGRG00001022713
cricetulus_griseus_crigri-picr ENSCGRG00015015780
mesocricetus_auratus ENSMAUG00000015295
peromyscus_maniculatus_bairdii ENSPEMG00000023472
microtus_ochrogaster ENSMOCG00000001311
mus_musculus ENSMUSG00000033799
mus_spretus_strain_spret/eij MGP_SPRETEiJ_G0019044
mus_spicilegus ENSMSIG00000032215
mus_caroli_strain_caroli_eij MGP_CAROLIEiJ_G0018192
mus_pahari MGP_PahariEiJ_G0019240
rattus_norvegicus ENSRNOG00000018011
meriones_unguiculatus ENSMUGG00000007935
jaculus_jaculus ENSJJAG00000018404
heterocephalus_glaber_male ENSHGLG00100016471
heterocephalus_glaber_female ENSHGLG00000018835
fukomys_damarensis ENSFDAG00000014333
chinchilla_lanigera ENSCLAG00000006738
octodon_degus ENSODEG00000004077
cavia_porcellus ENSCPOG00000013441
ictidomys_tridecemlineatus ENSSTOG00000006425
spermophilus_dauricus ENSSDAG00000002093
urocitellus_parryii ENSUPAG00010021841
marmota_marmota_marmota ENSMMMG00000014452
oryctolagus_cuniculus ENSOCUG00000014408
ochotona_princeps ENSOPRG00000002772
tupaia_belangeri ENSTBEG00000010704
propithecus_coquereli ENSPCOG00000015349
microcebus_murinus ENSMICG00000002546
prolemur_simus ENSPSMG00000009348
otolemur_garnettii ENSOGAG00000005049
carlito_syrichta ENSTSYG00000027243
papio_anubis ENSPANG00000023441
mandrillus_leucophaeus ENSMLEG00000043077
theropithecus_gelada ENSTGEG00000024021
macaca_fascicularis ENSMFAG00000000468
macaca_mulatta ENSMMUG00000013180
macaca_nemestrina ENSMNEG00000023366
cercocebus_atys ENSCATG00000044232
chlorocebus_sabaeus ENSCSAG00000013662
colobus_angolensis_palliatus ENSCANG00000017366
piliocolobus_tephrosceles ENSPTEG00000023022
rhinopithecus_roxellana ENSRROG00000043140
rhinopithecus_bieti ENSRBIG00000042641
pan_paniscus ENSPPAG00000029658
pan_troglodytes ENSPTRG00000002258
homo_sapiens ENSG00000108021
gorilla_gorilla ENSGGOG00000025008
pongo_abelii ENSPPYG00000002061
nomascus_leucogenys ENSNLEG00000011417
cebus_capucinus ENSCCAG00000026228
saimiri_boliviensis_boliviensis ENSSBOG00000028315
callithrix_jacchus ENSCJAG00000020506
aotus_nancymaae ENSANAG00000025044
ursus_americanus ENSUAMG00000007265
sorex_araneus ENSSARG00000006191
tursiops_truncatus ENSTTRG00000001332
myotis_lucifugus ENSMLUG00000016377
ursus_maritimus ENSUMAG00000012156
ursus_americanus ENSUAMG00000007267
ailuropoda_melanoleuca ENSAMEG00000001971
mustela_putorius_furo ENSMPUG00000016334
neovison_vison ENSNVIG00000009777
canis_lupus_familiaris ENSCAFG00000005226
canis_lupus_dingo ENSCAFG00020005194
vulpes_vulpes ENSVVUG00000006950
panthera_pardus ENSPPRG00000007019
panthera_tigris_altaica ENSPTIG00000018121
felis_catus ENSFCAG00000012648
erinaceus_europaeus ENSEEUG00000008047
erinaceus_europaeus ENSEEUG00000007993
capra_hircus ENSCHIG00000014086
ovis_aries ENSOARG00000008366
bos_mutus ENSBMUG00000007073
bison_bison_bison ENSBBBG00000022161
bos_taurus ENSBTAG00000019197
sus_scrofa ENSSSCG00000011136
pteropus_vampyrus ENSPVAG00000006226
equus_asinus_asinus ENSEASG00005019180
equus_caballus ENSECAG00000008819
dasypus_novemcinctus ENSDNOG00000019088
choloepus_hoffmanni ENSCHOG00000009316
loxodonta_africana ENSLAFG00000008989
procavia_capensis ENSPCAG00000000343
echinops_telfairi ENSETEG00000014591
phascolarctos_cinereus ENSPCIG00000023456
notamacropus_eugenii ENSMEUG00000008035
sarcophilus_harrisii ENSSHAG00000008612
monodelphis_domestica ENSMODG00000018504
ornithorhynchus_anatinus ENSOANG00000015462
xenopus_tropicalis ENSXETG00000032856
latimeria_chalumnae ENSLACG00000011658
mastacembelus_armatus ENSMAMG00000023206
monopterus_albus ENSMALG00000011248
anabas_testudineus ENSATEG00000017254
scophthalmus_maximus ENSSMAG00000008921
cynoglossus_semilaevis ENSCSEG00000015294
seriola_lalandi_dorsalis ENSSLDG00000011000
seriola_dumerili ENSSDUG00000022550
xiphophorus_maculatus ENSXMAG00000026792
xiphophorus_couchianus ENSXCOG00000020813
gambusia_affinis ENSGAFG00000015169
poecilia_formosa ENSPFOG00000013205
poecilia_latipinna ENSPLAG00000021559
poecilia_mexicana ENSPMEG00000006999
poecilia_reticulata ENSPREG00000007856
fundulus_heteroclitus ENSFHEG00000007086
cyprinodon_variegatus ENSCVAG00000000260
kryptolebias_marmoratus ENSKMAG00000004109
oryzias_latipes_asm223469v1 ENSORLG00015008161
oryzias_latipes ENSORLG00020015327
oryzias_latipes ENSORLG00000022050
oryzias_melastigma ENSOMEG00000011532
astatotilapia_calliptera ENSACLG00000002922
maylandia_zebra ENSMZEG00005007002
pundamilia_nyererei ENSPNYG00000002636
haplochromis_burtoni ENSHBUG00000005821
neolamprologus_brichardi ENSNBRG00000021416
amphilophus_citrinellus ENSACIG00000019430
amphiprion_ocellaris ENSAOCG00000022012
amphiprion_percula ENSAPEG00000003407
acanthochromis_polyacanthus ENSAPOG00000012021
stegastes_partitus ENSSPAG00000012562
mola_mola ENSMMOG00000012087
takifugu_rubripes ENSTRUG00000024331
labrus_bergylta ENSLBEG00000010411
periophthalmus_magnuspinnatus ENSPMGG00000005712
hippocampus_comes ENSHCOG00000011261
gadus_morhua ENSGMOG00000010146
esox_lucius ENSELUG00000008418
pygocentrus_nattereri ENSPNAG00000023663
astyanax_mexicanus ENSAMXG00000012375
ictalurus_punctatus ENSIPUG00000010341
danio_rerio ENSDARG00000074168
scleropages_formosus ENSSFOG00015023872
paramormyrops_kingsleyae ENSPKIG00000025535
lepisosteus_oculatus ENSLOCG00000015650
eptatretus_burgeri ENSEBUG00000016896
caenorhabditis_elegans_strain_n2 WBGene00011720
