xiphophorus_couchianus ENSXCOG00000006962
poecilia_mexicana ENSPMEG00000016794
notamacropus_eugenii ENSMEUG00000001310
heterocephalus_glaber_female ENSHGLG00000001957
heterocephalus_glaber_male ENSHGLG00100013967
fukomys_damarensis ENSFDAG00000019464
cavia_porcellus ENSCPOG00000002004
cavia_aperea ENSCAPG00000007908
chinchilla_lanigera ENSCLAG00000007487
octodon_degus ENSODEG00000000851
mus_spretus_strain_spret/eij MGP_SPRETEiJ_G0023372
mus_spicilegus ENSMSIG00000024262
mus_musculus ENSMUSG00000024647
mus_caroli_strain_caroli_eij MGP_CAROLIEiJ_G0022457
mus_pahari MGP_PahariEiJ_G0019185
rattus_norvegicus ENSRNOG00000013654
meriones_unguiculatus ENSMUGG00000018721
cricetulus_griseus_chok1gshd ENSCGRG00001018380
cricetulus_griseus_crigri-picr ENSCGRG00015015283
cricetulus_griseus_crigri ENSCGRG00000001859
mesocricetus_auratus ENSMAUG00000011105
peromyscus_maniculatus_bairdii ENSPEMG00000024653
microtus_ochrogaster ENSMOCG00000018040
nannospalax_galili ENSNGAG00000021579
jaculus_jaculus ENSJJAG00000021520
castor_canadensis ENSCCNG00000002218
loxodonta_africana ENSLAFG00000030809
dipodomys_ordii ENSDORG00000026383
ochotona_princeps ENSOPRG00000003340
oryctolagus_cuniculus ENSOCUG00000004173
otolemur_garnettii ENSOGAG00000026560
rhinopithecus_roxellana ENSRROG00000038326
rhinopithecus_bieti ENSRBIG00000024277
piliocolobus_tephrosceles ENSPTEG00000030381
chlorocebus_sabaeus ENSCSAG00000018220
macaca_nemestrina ENSMNEG00000041433
macaca_fascicularis ENSMFAG00000033106
macaca_mulatta ENSMMUG00000010417
mandrillus_leucophaeus ENSMLEG00000029817
cercocebus_atys ENSCATG00000036161
theropithecus_gelada ENSTGEG00000005525
papio_anubis ENSPANG00000000410
colobus_angolensis_palliatus ENSCANG00000028936
pan_troglodytes ENSPTRG00000010107
homo_sapiens ENSG00000141668
gorilla_gorilla ENSGGOG00000009354
pongo_abelii ENSPPYG00000009236
pan_paniscus ENSPPAG00000041821
nomascus_leucogenys ENSNLEG00000009198
cebus_capucinus ENSCCAG00000037222
saimiri_boliviensis_boliviensis ENSSBOG00000019328
callithrix_jacchus ENSCJAG00000038935
aotus_nancymaae ENSANAG00000032460
carlito_syrichta ENSTSYG00000026599
prolemur_simus ENSPSMG00000019694
microcebus_murinus ENSMICG00000030925
propithecus_coquereli ENSPCOG00000019974
tupaia_belangeri ENSTBEG00000013633
sus_scrofa ENSSSCG00000020859
vicugna_pacos ENSVPAG00000005618
tursiops_truncatus ENSTTRG00000015427
ovis_aries ENSOARG00000004801
capra_hircus ENSCHIG00000018855
bos_mutus ENSBMUG00000026870
bos_taurus ENSBTAG00000005985
bison_bison_bison ENSBBBG00000001082
pteropus_vampyrus ENSPVAG00000013030
equus_caballus ENSECAG00000033234
equus_asinus_asinus ENSEASG00005023079
ursus_americanus ENSUAMG00000019099
ursus_maritimus ENSUMAG00000004564
ailuropoda_melanoleuca ENSAMEG00000015887
neovison_vison ENSNVIG00000011856
mustela_putorius_furo ENSMPUG00000016617
canis_lupus_dingo ENSCAFG00020015667
canis_lupus_familiaris ENSCAFG00000000032
vulpes_vulpes ENSVVUG00000018554
panthera_pardus ENSPPRG00000012031
panthera_tigris_altaica ENSPTIG00000011788
felis_catus ENSFCAG00000040188
urocitellus_parryii ENSUPAG00010015415
spermophilus_dauricus ENSSDAG00000022557
marmota_marmota_marmota ENSMMMG00000018641
ictidomys_tridecemlineatus ENSSTOG00000023426
myotis_lucifugus ENSMLUG00000004727
echinops_telfairi ENSETEG00000013607
dasypus_novemcinctus ENSDNOG00000002433
erinaceus_europaeus ENSEEUG00000011590
phascolarctos_cinereus ENSPCIG00000036267
monodelphis_domestica ENSMODG00000012418
ornithorhynchus_anatinus ENSOANG00000003824
anolis_carolinensis ENSACAG00000003828
pogona_vitticeps ENSPVIG00000018533
notechis_scutatus ENSNSUG00000009475
salvator_merianae ENSSMRG00000004042
sphenodon_punctatus ENSSPUG00000012077
apteryx_rowi ENSARWG00000005319
apteryx_haastii ENSAHAG00000011178
nothoprocta_perdicaria ENSNPEG00000010490
cyanistes_caeruleus ENSCCEG00000012756
zonotrichia_albicollis ENSZALG00000001220
lepidothrix_coronata ENSLCOG00000015812
meleagris_gallopavo ENSMGAG00000008302
numida_meleagris ENSNMEG00000005538
anas_platyrhynchos_platyrhynchos ENSAPLG00000009670
serinus_canaria ENSSCAG00000007603
calidris_pugnax ENSCPUG00000006542
melopsittacus_undulatus ENSMUNG00000003472
gallus_gallus ENSGALG00000028682
coturnix_japonica ENSCJPG00005007436
anser_brachyrhynchus ENSABRG00000018823
ficedula_albicollis ENSFALG00000004624
junco_hyemalis ENSJHYG00000015230
manacus_vitellinus ENSMVIG00005008877
parus_major ENSPMJG00000014331
taeniopygia_guttata ENSTGUG00000009205
cyanistes_caeruleus ENSCCEG00000004292
lepidothrix_coronata ENSLCOG00000000149
lonchura_striata_domestica ENSLSDG00000013585
calidris_pygmaea ENSCPGG00000003681
dromaius_novaehollandiae ENSDNVG00000012596
apteryx_owenii ENSAOWG00000010372
gopherus_agassizii ENSGAGG00000019273
chelonoidis_abingdonii ENSCABG00000010447
chrysemys_picta_bellii ENSCPBG00000028433
pelodiscus_sinensis ENSPSIG00000003176
crocodylus_porosus ENSCPRG00005005790
latimeria_chalumnae ENSLACG00000003584
xenopus_tropicalis ENSXETG00000016861
astyanax_mexicanus ENSAMXG00000036327
pygocentrus_nattereri ENSPNAG00000023059
ictalurus_punctatus ENSIPUG00000007661
danio_rerio ENSDARG00000077151
hippocampus_comes ENSHCOG00000013185
periophthalmus_magnuspinnatus ENSPMGG00000005584
takifugu_rubripes ENSTRUG00000002974
tetraodon_nigroviridis ENSTNIG00000008171
poecilia_reticulata ENSPREG00000013873
poecilia_formosa ENSPFOG00000000416
xiphophorus_maculatus ENSXMAG00000020853
poecilia_mexicana ENSPMEG00000000554
poecilia_latipinna ENSPLAG00000009303
gambusia_affinis ENSGAFG00000009076
xiphophorus_couchianus ENSXCOG00000006958
cyprinodon_variegatus ENSCVAG00000013585
fundulus_heteroclitus ENSFHEG00000018820
oryzias_latipes_asm223469v1 ENSORLG00015017647
oryzias_latipes ENSORLG00020017119
oryzias_latipes ENSORLG00000029649
oryzias_melastigma ENSOMEG00000011364
kryptolebias_marmoratus ENSKMAG00000006390
scophthalmus_maximus ENSSMAG00000017190
mastacembelus_armatus ENSMAMG00000022989
monopterus_albus ENSMALG00000002118
anabas_testudineus ENSATEG00000013891
amphiprion_percula ENSAPEG00000022486
amphiprion_ocellaris ENSAOCG00000013031
acanthochromis_polyacanthus ENSAPOG00000020540
stegastes_partitus ENSSPAG00000021959
maylandia_zebra ENSMZEG00005021397
astatotilapia_calliptera ENSACLG00000023723
haplochromis_burtoni ENSHBUG00000020893
pundamilia_nyererei ENSPNYG00000000736
neolamprologus_brichardi ENSNBRG00000001078
oreochromis_niloticus ENSONIG00000014339
amphilophus_citrinellus ENSACIG00000001440
seriola_lalandi_dorsalis ENSSLDG00000007701
seriola_dumerili ENSSDUG00000012246
mola_mola ENSMMOG00000003632
gasterosteus_aculeatus ENSGACG00000002693
labrus_bergylta ENSLBEG00000013939
cynoglossus_semilaevis ENSCSEG00000010380
gadus_morhua ENSGMOG00000007213
esox_lucius ENSELUG00000002092
scleropages_formosus ENSSFOG00015012428
paramormyrops_kingsleyae ENSPKIG00000006164
astyanax_mexicanus ENSAMXG00000029936
pygocentrus_nattereri ENSPNAG00000018614
ictalurus_punctatus ENSIPUG00000001325
danio_rerio ENSDARG00000074601
esox_lucius ENSELUG00000013853
scleropages_formosus ENSSFOG00015021620
paramormyrops_kingsleyae ENSPKIG00000018420
lepisosteus_oculatus ENSLOCG00000003482
