scleropages_formosus ENSSFOG00015021659
paramormyrops_kingsleyae ENSPKIG00000000507
mastacembelus_armatus ENSMAMG00000007274
monopterus_albus ENSMALG00000008752
anabas_testudineus ENSATEG00000007915
scophthalmus_maximus ENSSMAG00000015544
cynoglossus_semilaevis ENSCSEG00000002359
seriola_dumerili ENSSDUG00000008817
seriola_lalandi_dorsalis ENSSLDG00000024349
fundulus_heteroclitus ENSFHEG00000001846
cyprinodon_variegatus ENSCVAG00000015064
poecilia_latipinna ENSPLAG00000007227
poecilia_mexicana ENSPMEG00000014431
poecilia_formosa ENSPFOG00000005634
poecilia_reticulata ENSPREG00000009424
xiphophorus_maculatus ENSXMAG00000003362
xiphophorus_couchianus ENSXCOG00000020033
gambusia_affinis ENSGAFG00000020660
kryptolebias_marmoratus ENSKMAG00000018529
oryzias_latipes ENSORLG00000007352
oryzias_latipes ENSORLG00020006580
oryzias_latipes_asm223469v1 ENSORLG00015020666
oryzias_melastigma ENSOMEG00000022387
astatotilapia_calliptera ENSACLG00000017672
maylandia_zebra ENSMZEG00005022511
pundamilia_nyererei ENSPNYG00000012773
haplochromis_burtoni ENSHBUG00000014128
neolamprologus_brichardi ENSNBRG00000017615
oreochromis_niloticus ENSONIG00000015351
amphilophus_citrinellus ENSACIG00000002514
amphiprion_ocellaris ENSAOCG00000018346
amphiprion_percula ENSAPEG00000019815
acanthochromis_polyacanthus ENSAPOG00000006862
stegastes_partitus ENSSPAG00000017933
takifugu_rubripes ENSTRUG00000013067
tetraodon_nigroviridis ENSTNIG00000008410
mola_mola ENSMMOG00000003016
gasterosteus_aculeatus ENSGACG00000004578
labrus_bergylta ENSLBEG00000016943
periophthalmus_magnuspinnatus ENSPMGG00000013603
gadus_morhua ENSGMOG00000008316
esox_lucius ENSELUG00000003649
pygocentrus_nattereri ENSPNAG00000002588
astyanax_mexicanus ENSAMXG00000017906
ictalurus_punctatus ENSIPUG00000021688
danio_rerio ENSDARG00000045641
lepisosteus_oculatus ENSLOCG00000014869
taeniopygia_guttata ENSTGUG00000003160
lonchura_striata_domestica ENSLSDG00000001482
serinus_canaria ENSSCAG00000011713
parus_major ENSPMJG00000008856
cyanistes_caeruleus ENSCCEG00000023248
junco_hyemalis ENSJHYG00000015673
zonotrichia_albicollis ENSZALG00000016792
ficedula_albicollis ENSFALG00000010571
lepidothrix_coronata ENSLCOG00000015713
manacus_vitellinus ENSMVIG00005014508
melopsittacus_undulatus ENSMUNG00000012502
calidris_pygmaea ENSCPGG00000018552
calidris_pugnax ENSCPUG00000003024
anser_brachyrhynchus ENSABRG00000007213
anas_platyrhynchos_platyrhynchos ENSAPLG00000003323
gallus_gallus ENSGALG00000003427
coturnix_japonica ENSCJPG00005008940
meleagris_gallopavo ENSMGAG00000004108
numida_meleagris ENSNMEG00000012567
nothoprocta_perdicaria ENSNPEG00000014509
nothoprocta_perdicaria ENSNPEG00000014508
apteryx_haastii ENSAHAG00000004327
apteryx_owenii ENSAOWG00000015309
apteryx_rowi ENSARWG00000014411
dromaius_novaehollandiae ENSDNVG00000017535
crocodylus_porosus ENSCPRG00005008528
gopherus_agassizii ENSGAGG00000024435
chelonoidis_abingdonii ENSCABG00000004459
chrysemys_picta_bellii ENSCPBG00000017826
pelodiscus_sinensis ENSPSIG00000006188
anas_platyrhynchos_platyrhynchos ENSAPLG00000023215
lonchura_striata_domestica ENSLSDG00000001476
sphenodon_punctatus ENSSPUG00000015076
phascolarctos_cinereus ENSPCIG00000003759
notamacropus_eugenii ENSMEUG00000007762
sarcophilus_harrisii ENSSHAG00000017829
monodelphis_domestica ENSMODG00000011011
pan_troglodytes ENSPTRG00000007149
pan_paniscus ENSPPAG00000040233
gorilla_gorilla ENSGGOG00000015288
homo_sapiens ENSG00000140455
pongo_abelii ENSPPYG00000006541
nomascus_leucogenys ENSNLEG00000012274
piliocolobus_tephrosceles ENSPTEG00000032202
colobus_angolensis_palliatus ENSCANG00000042749
papio_anubis ENSPANG00000016961
cercocebus_atys ENSCATG00000026128
theropithecus_gelada ENSTGEG00000021958
macaca_mulatta ENSMMUG00000012114
macaca_fascicularis ENSMFAG00000016075
macaca_nemestrina ENSMNEG00000040681
chlorocebus_sabaeus ENSCSAG00000012354
mandrillus_leucophaeus ENSMLEG00000038500
rhinopithecus_bieti ENSRBIG00000043767
rhinopithecus_roxellana ENSRROG00000043098
cebus_capucinus ENSCCAG00000029496
saimiri_boliviensis_boliviensis ENSSBOG00000001848
callithrix_jacchus ENSCJAG00000004506
aotus_nancymaae ENSANAG00000038125
carlito_syrichta ENSTSYG00000010451
prolemur_simus ENSPSMG00000003840
propithecus_coquereli ENSPCOG00000014844
microcebus_murinus ENSMICG00000007133
otolemur_garnettii ENSOGAG00000013129
oryctolagus_cuniculus ENSOCUG00000014775
ochotona_princeps ENSOPRG00000001046
tupaia_belangeri ENSTBEG00000002547
cricetulus_griseus_chok1gshd ENSCGRG00001012692
cricetulus_griseus_crigri-picr ENSCGRG00015020402
cricetulus_griseus_crigri ENSCGRG00000018077
mesocricetus_auratus ENSMAUG00000014840
peromyscus_maniculatus_bairdii ENSPEMG00000022492
microtus_ochrogaster ENSMOCG00000016014
meriones_unguiculatus ENSMUGG00000018077
mus_musculus ENSMUSG00000032376
mus_spretus_strain_spret/eij MGP_SPRETEiJ_G0033519
mus_caroli_strain_caroli_eij MGP_CAROLIEiJ_G0032380
mus_spicilegus ENSMSIG00000022205
rattus_norvegicus ENSRNOG00000017714
mus_pahari MGP_PahariEiJ_G0015245
dipodomys_ordii ENSDORG00000016188
nannospalax_galili ENSNGAG00000016400
castor_canadensis ENSCCNG00000002923
urocitellus_parryii ENSUPAG00010020157
ictidomys_tridecemlineatus ENSSTOG00000016055
spermophilus_dauricus ENSSDAG00000023659
marmota_marmota_marmota ENSMMMG00000009199
heterocephalus_glaber_male ENSHGLG00100004773
heterocephalus_glaber_female ENSHGLG00000000488
heterocephalus_glaber_female ENSHGLG00000008193
fukomys_damarensis ENSFDAG00000010383
chinchilla_lanigera ENSCLAG00000012461
octodon_degus ENSODEG00000017024
cavia_porcellus ENSCPOG00000005893
cavia_aperea ENSCAPG00000001407
vulpes_vulpes ENSVVUG00000011447
ursus_americanus ENSUAMG00000013384
heterocephalus_glaber_male ENSHGLG00100014409
jaculus_jaculus ENSJJAG00000023661
sorex_araneus ENSSARG00000005021
mustela_putorius_furo ENSMPUG00000000628
neovison_vison ENSNVIG00000018489
ailuropoda_melanoleuca ENSAMEG00000002345
ursus_maritimus ENSUMAG00000013554
canis_lupus_familiaris ENSCAFG00000016993
canis_lupus_dingo ENSCAFG00020009426
vulpes_vulpes ENSVVUG00000011501
panthera_pardus ENSPPRG00000004518
panthera_tigris_altaica ENSPTIG00000010649
felis_catus ENSFCAG00000028788
bos_mutus ENSBMUG00000003861
bos_taurus ENSBTAG00000008805
bison_bison_bison ENSBBBG00000010371
capra_hircus ENSCHIG00000019905
ovis_aries ENSOARG00000020780
tursiops_truncatus ENSTTRG00000014062
sus_scrofa ENSSSCG00000028737
vicugna_pacos ENSVPAG00000006298
equus_asinus_asinus ENSEASG00005006813
equus_caballus ENSECAG00000016660
erinaceus_europaeus ENSEEUG00000002651
pteropus_vampyrus ENSPVAG00000016857
myotis_lucifugus ENSMLUG00000015294
choloepus_hoffmanni ENSCHOG00000005650
dasypus_novemcinctus ENSDNOG00000005529
procavia_capensis ENSPCAG00000012640
echinops_telfairi ENSETEG00000011871
loxodonta_africana ENSLAFG00000004065
ornithorhynchus_anatinus ENSOANG00000011148
anolis_carolinensis ENSACAG00000015395
pogona_vitticeps ENSPVIG00000017677
notechis_scutatus ENSNSUG00000015210
salvator_merianae ENSSMRG00000022392
xenopus_tropicalis ENSXETG00000009728
latimeria_chalumnae ENSLACG00000010249
petromyzon_marinus ENSPMAG00000001547
petromyzon_marinus ENSPMAG00000005652
eptatretus_burgeri ENSEBUG00000006036
