ciona_intestinalis ENSCING00000002747
ciona_savignyi ENSCSAVG00000008746
ciona_savignyi ENSCSAVG00000004096
ciona_intestinalis ENSCING00000013798
ciona_savignyi ENSCSAVG00000004126
astyanax_mexicanus ENSAMXG00000010657
astyanax_mexicanus ENSAMXG00000030391
astyanax_mexicanus ENSAMXG00005022765
pygocentrus_nattereri ENSPNAG00000010813
electrophorus_electricus ENSEEEG00000005356
ictalurus_punctatus ENSIPUG00000000090
clupea_harengus ENSCHAG00000021901
hucho_hucho ENSHHUG00000049138
hucho_hucho ENSHHUG00000026910
esox_lucius ENSELUG00000017961
larimichthys_crocea ENSLCRG00005013802
mola_mola ENSMMOG00000015982
cottoperca_gobio ENSCGOG00000001804
anabas_testudineus ENSATEG00000021298
betta_splendens ENSBSLG00000021142
monopterus_albus ENSMALG00000022490
mastacembelus_armatus ENSMAMG00000002472
seriola_lalandi ENSSLDG00000023748
seriola_dumerili ENSSDUG00000011894
lates_calcarifer ENSLCAG00010007677
scophthalmus_maximus ENSSMAG00000011384
fundulus_heteroclitus ENSFHEG00000000283
cyprinodon_variegatus ENSCVAG00000001132
xiphophorus_couchianus ENSXCOG00000019274
xiphophorus_maculatus ENSXMAG00000011370
gambusia_affinis ENSGAFG00000014307
poecilia_formosa ENSPFOG00000024460
poecilia_mexicana ENSPMEG00000016373
poecilia_latipinna ENSPLAG00000005588
poecilia_reticulata ENSPREG00000011291
kryptolebias_marmoratus ENSKMAG00000007780
oryzias_latipes ENSORLG00000012367
oryzias_latipes ENSORLG00020005037
oryzias_latipes ENSORLG00015010894
oryzias_melastigma ENSOMEG00000013221
astatotilapia_calliptera ENSACLG00000024330
maylandia_zebra ENSMZEG00005017721
haplochromis_burtoni ENSHBUG00000015777
pundamilia_nyererei ENSPNYG00000023063
neolamprologus_brichardi ENSNBRG00000021730
amphilophus_citrinellus ENSACIG00000012296
parambassis_ranga ENSPRNG00000024334
amphiprion_ocellaris ENSAOCG00000018076
amphiprion_percula ENSAPEG00000006512
acanthochromis_polyacanthus ENSAPOG00000013439
stegastes_partitus ENSSPAG00000003898
periophthalmus_magnuspinnatus ENSPMGG00000004355
takifugu_rubripes ENSTRUG00000023940
tetraodon_nigroviridis ENSTNIG00000008035
scleropages_formosus ENSSFOG00015002777
paramormyrops_kingsleyae ENSPKIG00000007923
danio_rerio ENSDARG00000100599
lepisosteus_oculatus ENSLOCG00000007609
xenopus_tropicalis ENSXETG00000006301
callorhinchus_milii ENSCMIG00000016691
callorhinchus_milii ENSCMIG00000005244
petromyzon_marinus ENSPMAG00000006712
petromyzon_marinus ENSPMAG00000006616
eptatretus_burgeri ENSEBUG00000013386
loxodonta_africana ENSLAFG00000026190
procavia_capensis ENSPCAG00000012419
echinops_telfairi ENSETEG00000006184
bos_indicus ENSBIXG00000018245
bos_indicus ENSBIXG00005028454
bos_mutus ENSBMUG00000003914
bos_taurus ENSBTAG00000030563
bison_bison ENSBBBG00000001739
ovis_aries ENSOARG00000013251
capra_hircus ENSCHIG00000023430
tursiops_truncatus ENSTTRG00000005516
sus_scrofa ENSSSCG00000003161
equus_caballus ENSECAG00000011504
equus_asinus ENSEASG00005005054
pteropus_vampyrus ENSPVAG00000010963
myotis_lucifugus ENSMLUG00000017081
sorex_araneus ENSSARG00000009171
ursus_americanus ENSUAMG00000007342
ailuropoda_melanoleuca ENSAMEG00000013954
mustela_putorius ENSMPUG00000002578
neovison_vison ENSNVIG00000013836
canis_lupus ENSCAFG00000024500
canis_lupus ENSCAFG00020024886
vulpes_vulpes ENSVVUG00000022563
panthera_tigris ENSPTIG00000007792
panthera_pardus ENSPPRG00000015395
felis_catus ENSFCAG00000010498
microcebus_murinus ENSMICG00000009845
prolemur_simus ENSPSMG00000022274
propithecus_coquereli ENSPCOG00000020752
otolemur_garnettii ENSOGAG00000029157
carlito_syrichta ENSTSYG00000013973
macaca_fascicularis ENSMFAG00000034285
aotus_nancymaae ENSANAG00000035663
tupaia_belangeri ENSTBEG00000009451
castor_canadensis ENSCCNG00000029562
dipodomys_ordii ENSDORG00000000079
ictidomys_tridecemlineatus ENSSTOG00000014274
urocitellus_parryii ENSUPAG00010013794
spermophilus_dauricus ENSSDAG00000003069
marmota_marmota ENSMMMG00000009090
pan_paniscus ENSPPAG00000009244
pan_troglodytes ENSPTRG00000011305
homo_sapiens ENSG00000126460
gorilla_gorilla ENSGGOG00000001713
pongo_abelii ENSPPYG00000010256
nomascus_leucogenys ENSNLEG00000031889
rhinopithecus_roxellana ENSRROG00000034623
rhinopithecus_bieti ENSRBIG00000002898
piliocolobus_tephrosceles ENSPTEG00000024309
papio_anubis ENSPANG00000017531
theropithecus_gelada ENSTGEG00000026460
macaca_nemestrina ENSMNEG00000026492
macaca_mulatta ENSMMUG00000049747
cercocebus_atys ENSCATG00000030138
mandrillus_leucophaeus ENSMLEG00000037265
chlorocebus_sabaeus ENSCSAG00000002498
saimiri_boliviensis ENSSBOG00000024513
callithrix_jacchus ENSCJAG00000017641
colobus_angolensis ENSCANG00000030357
cebus_capucinus ENSCCAG00000024711
ochotona_princeps ENSOPRG00000000287
erinaceus_europaeus ENSEEUG00000008728
cricetulus_griseus ENSCGRG00000016992
cricetulus_griseus ENSCGRG00001014643
cricetulus_griseus ENSCGRG00015018515
mesocricetus_auratus ENSMAUG00000012143
peromyscus_maniculatus ENSPEMG00000001303
microtus_ochrogaster ENSMOCG00000003675
mus_musculus ENSMUSG00000007837
mus_caroli MGP_CAROLIEiJ_G0029693
mus_spicilegus ENSMSIG00000020460
mus_spretus MGP_SPRETEiJ_G0030791
mus_pahari MGP_PahariEiJ_G0012918
rattus_norvegicus ENSRNOG00000020517
meriones_unguiculatus ENSMUGG00000005840
meriones_unguiculatus ENSMUGG00000010777
nannospalax_galili ENSNGAG00000023084
jaculus_jaculus ENSJJAG00000020611
heterocephalus_glaber ENSHGLG00000008693
heterocephalus_glaber ENSHGLG00100009022
fukomys_damarensis ENSFDAG00000001975
chinchilla_lanigera ENSCLAG00000007479
cavia_aperea ENSCAPG00000017117
cavia_porcellus ENSCPOG00000008051
octodon_degus ENSODEG00000016952
dasypus_novemcinctus ENSDNOG00000038223
vombatus_ursinus ENSVURG00010013604
sarcophilus_harrisii ENSSHAG00000004478
monodelphis_domestica ENSMODG00000013620
ornithorhynchus_anatinus ENSOANG00000004105
anas_platyrhynchos ENSAPLG00000021265
pogona_vitticeps ENSPVIG00000000373
latimeria_chalumnae ENSLACG00000000121
petromyzon_marinus ENSPMAG00000006661
anser_brachyrhynchus ENSABRG00000017388
anas_platyrhynchos ENSAPLG00000006180
meleagris_gallopavo ENSMGAG00000004578
gallus_gallus ENSGALG00000003016
coturnix_japonica ENSCJPG00005016517
numida_meleagris ENSNMEG00000013911
calidris_pygmaea ENSCPGG00000010783
calidris_pugnax ENSCPUG00000017447
melopsittacus_undulatus ENSMUNG00000016205
manacus_vitellinus ENSMVIG00005006411
lepidothrix_coronata ENSLCOG00000014501
cyanistes_caeruleus ENSCCEG00000020381
parus_major ENSPMJG00000014838
lonchura_striata ENSLSDG00000005025
taeniopygia_guttata ENSTGUG00000003252
zonotrichia_albicollis ENSZALG00000006329
junco_hyemalis ENSJHYG00000010683
apteryx_owenii ENSAOWG00000006742
apteryx_haastii ENSAHAG00000012219
apteryx_rowi ENSARWG00000001789
dromaius_novaehollandiae ENSDNVG00000017517
nothoprocta_perdicaria ENSNPEG00000008601
crocodylus_porosus ENSCPRG00005004585
gopherus_agassizii ENSGAGG00000009287
gopherus_agassizii ENSGAGG00000009296
chelonoidis_abingdonii ENSCABG00000017408
chrysemys_picta ENSCPBG00000022009
pelodiscus_sinensis ENSPSIG00000006750
pogona_vitticeps ENSPVIG00000021534
pogona_vitticeps ENSPVIG00000021532
notechis_scutatus ENSNSUG00000018845
salvator_merianae ENSSMRG00000015764
sphenodon_punctatus ENSSPUG00000006739
vombatus_ursinus ENSVURG00010024053
phascolarctos_cinereus ENSPCIG00000007942
notamacropus_eugenii ENSMEUG00000003102
sarcophilus_harrisii ENSSHAG00000013917
monodelphis_domestica ENSMODG00000011217
mus_spicilegus ENSMSIG00000011900
mus_spretus MGP_SPRETEiJ_G0027797
mus_musculus ENSMUSG00000028979
mus_caroli MGP_CAROLIEiJ_G0026804
mus_pahari MGP_PahariEiJ_G0029152
rattus_norvegicus ENSRNOG00000011258
meriones_unguiculatus ENSMUGG00000016264
cricetulus_griseus ENSCGRG00000001863
cricetulus_griseus ENSCGRG00000011714
cricetulus_griseus ENSCGRG00015002897
cricetulus_griseus ENSCGRG00015002863
cricetulus_griseus ENSCGRG00015002948
cricetulus_griseus ENSCGRG00001000129
mesocricetus_auratus ENSMAUG00000018129
microtus_ochrogaster ENSMOCG00000018202
peromyscus_maniculatus ENSPEMG00000017820
nannospalax_galili ENSNGAG00000018127
jaculus_jaculus ENSJJAG00000012373
castor_canadensis ENSCCNG00000029447
prolemur_simus ENSPSMG00000024442
microcebus_murinus ENSMICG00000003841
propithecus_coquereli ENSPCOG00000028155
otolemur_garnettii ENSOGAG00000031666
pan_troglodytes ENSPTRG00000000137
pan_troglodytes ENSPTRG00000045615
pan_paniscus ENSPPAG00000038104
homo_sapiens ENSG00000009724
gorilla_gorilla ENSGGOG00000015360
pongo_abelii ENSPPYG00000001893
nomascus_leucogenys ENSNLEG00000009518
piliocolobus_tephrosceles ENSPTEG00000033100
piliocolobus_tephrosceles ENSPTEG00000033085
colobus_angolensis ENSCANG00000028588
rhinopithecus_roxellana ENSRROG00000029931
rhinopithecus_bieti ENSRBIG00000027488
theropithecus_gelada ENSTGEG00000019286
theropithecus_gelada ENSTGEG00000018286
theropithecus_gelada ENSTGEG00000018972
theropithecus_gelada ENSTGEG00000019316
papio_anubis ENSPANG00000007060
mandrillus_leucophaeus ENSMLEG00000009102
cercocebus_atys ENSCATG00000039032
macaca_nemestrina ENSMNEG00000042023
macaca_mulatta ENSMMUG00000007459
macaca_fascicularis ENSMFAG00000025849
chlorocebus_sabaeus ENSCSAG00000000786
cebus_capucinus ENSCCAG00000019737
callithrix_jacchus ENSCJAG00000002366
saimiri_boliviensis ENSSBOG00000023642
aotus_nancymaae ENSANAG00000036332
pteropus_vampyrus ENSPVAG00000014774
myotis_lucifugus ENSMLUG00000004267
ursus_americanus ENSUAMG00000015299
ursus_americanus ENSUAMG00000015298
ursus_maritimus ENSUMAG00000023733
ailuropoda_melanoleuca ENSAMEG00000009485
mustela_putorius ENSMPUG00000016440
neovison_vison ENSNVIG00000007740
panthera_pardus ENSPPRG00000000839
panthera_tigris ENSPTIG00000012130
felis_catus ENSFCAG00000000051
equus_caballus ENSECAG00000021756
equus_asinus ENSEASG00005019001
vicugna_pacos ENSVPAG00000009544
sus_scrofa ENSSSCG00000003410
bos_indicus ENSBIXG00000007921
bos_indicus ENSBIXG00005020385
bos_taurus ENSBTAG00000012808
bos_mutus ENSBMUG00000000934
bison_bison ENSBBBG00000005758
ovis_aries ENSOARG00000004189
capra_hircus ENSCHIG00000017743
tupaia_belangeri ENSTBEG00000000348
carlito_syrichta ENSTSYG00000005442
canis_lupus ENSCAFG00020002447
canis_lupus ENSCAFG00000016744
vulpes_vulpes ENSVVUG00000027111
ochotona_princeps ENSOPRG00000012056
cavia_aperea ENSCAPG00000010891
cavia_porcellus ENSCPOG00000011622
tursiops_truncatus ENSTTRG00000001313
heterocephalus_glaber ENSHGLG00000012346
heterocephalus_glaber ENSHGLG00000018756
heterocephalus_glaber ENSHGLG00100016863
heterocephalus_glaber ENSHGLG00100013859
fukomys_damarensis ENSFDAG00000009245
chinchilla_lanigera ENSCLAG00000013688
octodon_degus ENSODEG00000012547
ictidomys_tridecemlineatus ENSSTOG00000024417
marmota_marmota ENSMMMG00000016862
spermophilus_dauricus ENSSDAG00000001530
urocitellus_parryii ENSUPAG00010003336
choloepus_hoffmanni ENSCHOG00000013292
dasypus_novemcinctus ENSDNOG00000008502
loxodonta_africana ENSLAFG00000006346
procavia_capensis ENSPCAG00000010476
echinops_telfairi ENSETEG00000004361
ornithorhynchus_anatinus ENSOANG00000013321
xenopus_tropicalis ENSXETG00000015459
latimeria_chalumnae ENSLACG00000017019
callorhinchus_milii ENSCMIG00000002599
clupea_harengus ENSCHAG00000019509
denticeps_clupeoides ENSDCDG00000022312
astyanax_mexicanus ENSAMXG00005009272
astyanax_mexicanus ENSAMXG00000013147
pygocentrus_nattereri ENSPNAG00000003728
ictalurus_punctatus ENSIPUG00000009934
electrophorus_electricus ENSEEEG00000022616
danio_rerio ENSDARG00000007988
paramormyrops_kingsleyae ENSPKIG00000013200
scleropages_formosus ENSSFOG00015014267
oryzias_latipes ENSORLG00000029620
oryzias_latipes ENSORLG00020013397
oryzias_latipes ENSORLG00015005320
oryzias_melastigma ENSOMEG00000003205
gouania_willdenowi ENSGWIG00000026192
anabas_testudineus ENSATEG00000017380
mola_mola ENSMMOG00000009254
larimichthys_crocea ENSLCRG00005010208
labrus_bergylta ENSLBEG00000022094
cottoperca_gobio ENSCGOG00000023545
mastacembelus_armatus ENSMAMG00000008985
seriola_dumerili ENSSDUG00000006767
seriola_lalandi ENSSLDG00000000186
lates_calcarifer ENSLCAG00010004442
scophthalmus_maximus ENSSMAG00000017436
cynoglossus_semilaevis ENSCSEG00000005335
monopterus_albus ENSMALG00000021280
amphiprion_ocellaris ENSAOCG00000018908
amphiprion_percula ENSAPEG00000017930
acanthochromis_polyacanthus ENSAPOG00000013136
stegastes_partitus ENSSPAG00000009757
stegastes_partitus ENSSPAG00000006996
parambassis_ranga ENSPRNG00000011223
xiphophorus_couchianus ENSXCOG00000004679
xiphophorus_maculatus ENSXMAG00000011286
gambusia_affinis ENSGAFG00000019225
poecilia_formosa ENSPFOG00000004672
poecilia_latipinna ENSPLAG00000013556
poecilia_mexicana ENSPMEG00000021705
poecilia_reticulata ENSPREG00000016225
fundulus_heteroclitus ENSFHEG00000010497
cyprinodon_variegatus ENSCVAG00000016467
kryptolebias_marmoratus ENSKMAG00000015585
pundamilia_nyererei ENSPNYG00000007269
haplochromis_burtoni ENSHBUG00000020404
astatotilapia_calliptera ENSACLG00000025375
maylandia_zebra ENSMZEG00005013697
neolamprologus_brichardi ENSNBRG00000000171
neolamprologus_brichardi ENSNBRG00000006407
oreochromis_niloticus ENSONIG00000002324
amphilophus_citrinellus ENSACIG00000003166
gasterosteus_aculeatus ENSGACG00000007078
hippocampus_comes ENSHCOG00000016108
periophthalmus_magnuspinnatus ENSPMGG00000022231
gadus_morhua ENSGMOG00000006179
hucho_hucho ENSHHUG00000012911
esox_lucius ENSELUG00000012923
betta_splendens ENSBSLG00000011066
hucho_hucho ENSHHUG00000049148
takifugu_rubripes ENSTRUG00000020762
tetraodon_nigroviridis ENSTNIG00000015177
callorhinchus_milii ENSCMIG00000004746
lepisosteus_oculatus ENSLOCG00000006509
erpetoichthys_calabaricus ENSECRG00000017707
manacus_vitellinus ENSMVIG00005003569
lepidothrix_coronata ENSLCOG00000000770
lonchura_striata ENSLSDG00000010018
taeniopygia_guttata ENSTGUG00000009433
serinus_canaria ENSSCAG00000014883
zonotrichia_albicollis ENSZALG00000006506
junco_hyemalis ENSJHYG00000012273
ficedula_albicollis ENSFALG00000007423
parus_major ENSPMJG00000019589
cyanistes_caeruleus ENSCCEG00000014424
melopsittacus_undulatus ENSMUNG00000008419
calidris_pygmaea ENSCPGG00000018365
calidris_pugnax ENSCPUG00000017129
coturnix_japonica ENSCJPG00005013601
meleagris_gallopavo ENSMGAG00000007637
gallus_gallus ENSGALG00000007419
numida_meleagris ENSNMEG00000005711
anser_brachyrhynchus ENSABRG00000008358
apteryx_owenii ENSAOWG00000018411
apteryx_haastii ENSAHAG00000006498
apteryx_rowi ENSARWG00000007283
dromaius_novaehollandiae ENSDNVG00000006442
nothoprocta_perdicaria ENSNPEG00000008101
crocodylus_porosus ENSCPRG00005012512
chrysemys_picta ENSCPBG00000008137
chelonoidis_abingdonii ENSCABG00000004952
sphenodon_punctatus ENSSPUG00000011118
salvator_merianae ENSSMRG00000016397
taeniopygia_guttata ENSTGUG00000013948
gopherus_agassizii ENSGAGG00000021548
notechis_scutatus ENSNSUG00000011171
notamacropus_eugenii ENSMEUG00000000079
callorhinchus_milii ENSCMIG00000003050
pelodiscus_sinensis ENSPSIG00000002174
callorhinchus_milii ENSCMIG00000003044
vombatus_ursinus ENSVURG00010021379
vombatus_ursinus ENSVURG00010006785
monodelphis_domestica ENSMODG00000008535
equus_caballus ENSECAG00000008259
equus_asinus ENSEASG00005014109
erinaceus_europaeus ENSEEUG00000009005
bos_indicus ENSBIXG00005024924
bos_indicus ENSBIXG00000023538
bos_taurus ENSBTAG00000012467
bos_mutus ENSBMUG00000012081
bison_bison ENSBBBG00000020248
capra_hircus ENSCHIG00000016667
sus_scrofa ENSSSCG00000011806
tursiops_truncatus ENSTTRG00000008994
vicugna_pacos ENSVPAG00000003876
ailuropoda_melanoleuca ENSAMEG00000000843
ursus_maritimus ENSUMAG00000004082
vulpes_vulpes ENSVVUG00000013322
canis_lupus ENSCAFG00000013838
neovison_vison ENSNVIG00000020351
panthera_tigris ENSPTIG00000003863
panthera_pardus ENSPPRG00000002042
felis_catus ENSFCAG00000010906
pteropus_vampyrus ENSPVAG00000016240
cavia_porcellus ENSCPOG00000015723
cavia_aperea ENSCAPG00000010720
chinchilla_lanigera ENSCLAG00000012518
heterocephalus_glaber ENSHGLG00000013470
urocitellus_parryii ENSUPAG00010001243
spermophilus_dauricus ENSSDAG00000008831
ictidomys_tridecemlineatus ENSSTOG00000010265
marmota_marmota ENSMMMG00000009332
meriones_unguiculatus ENSMUGG00000015482
mus_spicilegus ENSMSIG00000026344
peromyscus_maniculatus ENSPEMG00000011384
cricetulus_griseus ENSCGRG00015025159
castor_canadensis ENSCCNG00000000151
dipodomys_ordii ENSDORG00000015179
oryctolagus_cuniculus ENSOCUG00000000049
tupaia_belangeri ENSTBEG00000004067
pan_paniscus ENSPPAG00000036653
homo_sapiens ENSG00000127241
gorilla_gorilla ENSGGOG00000001219
nomascus_leucogenys ENSNLEG00000006685
macaca_fascicularis ENSMFAG00000040221
macaca_mulatta ENSMMUG00000013004
macaca_nemestrina ENSMNEG00000031506
cercocebus_atys ENSCATG00000018550
mandrillus_leucophaeus ENSMLEG00000040369
theropithecus_gelada ENSTGEG00000023330
papio_anubis ENSPANG00000014789
rhinopithecus_roxellana ENSRROG00000035573
rhinopithecus_bieti ENSRBIG00000031439
colobus_angolensis ENSCANG00000039070
piliocolobus_tephrosceles ENSPTEG00000010835
cebus_capucinus ENSCCAG00000032872
saimiri_boliviensis ENSSBOG00000035059
callithrix_jacchus ENSCJAG00000014429
aotus_nancymaae ENSANAG00000034910
carlito_syrichta ENSTSYG00000012382
prolemur_simus ENSPSMG00000018502
microcebus_murinus ENSMICG00000049333
loxodonta_africana ENSLAFG00000010815
procavia_capensis ENSPCAG00000012819
echinops_telfairi ENSETEG00000017483
dasypus_novemcinctus ENSDNOG00000037745
choloepus_hoffmanni ENSCHOG00000006379
ochotona_princeps ENSOPRG00000009037
propithecus_coquereli ENSPCOG00000021789
otolemur_garnettii ENSOGAG00000016044
pan_troglodytes ENSPTRG00000015725
pongo_abelii ENSPPYG00000014391
chlorocebus_sabaeus ENSCSAG00000009191
ursus_americanus ENSUAMG00000028182
mustela_putorius ENSMPUG00000003368
canis_lupus ENSCAFG00020006215
ovis_aries ENSOARG00000020498
myotis_lucifugus ENSMLUG00000006168
cricetulus_griseus ENSCGRG00000016751
cricetulus_griseus ENSCGRG00001024632
mesocricetus_auratus ENSMAUG00000009980
microtus_ochrogaster ENSMOCG00000013690
mus_spretus MGP_SPRETEiJ_G0021514
mus_musculus ENSMUSG00000022887
mus_caroli MGP_CAROLIEiJ_G0020618
mus_pahari MGP_PahariEiJ_G0016323
rattus_norvegicus ENSRNOG00000001827
nannospalax_galili ENSNGAG00000018001
jaculus_jaculus ENSJJAG00000001597
heterocephalus_glaber ENSHGLG00100007124
fukomys_damarensis ENSFDAG00000011938
octodon_degus ENSODEG00000000434
phascolarctos_cinereus ENSPCIG00000025263
sarcophilus_harrisii ENSSHAG00000015135
ornithorhynchus_anatinus ENSOANG00000000869
gopherus_agassizii ENSGAGG00000021537
anolis_carolinensis ENSACAG00000006732
latimeria_chalumnae ENSLACG00000011850
lepisosteus_oculatus ENSLOCG00000009432
callorhinchus_milii ENSCMIG00000002923
pogona_vitticeps ENSPVIG00000001053
xenopus_tropicalis ENSXETG00000010117
erpetoichthys_calabaricus ENSECRG00000005992
electrophorus_electricus ENSEEEG00000014950
ictalurus_punctatus ENSIPUG00000001629
astyanax_mexicanus ENSAMXG00000039751
astyanax_mexicanus ENSAMXG00005018168
pygocentrus_nattereri ENSPNAG00000023386
danio_rerio ENSDARG00000068726
denticeps_clupeoides ENSDCDG00000031335
clupea_harengus ENSCHAG00000015858
hucho_hucho ENSHHUG00000032315
esox_lucius ENSELUG00000001652
scleropages_formosus ENSSFOG00015015431
paramormyrops_kingsleyae ENSPKIG00000009116
amphiprion_ocellaris ENSAOCG00000006825
amphiprion_percula ENSAPEG00000019289
acanthochromis_polyacanthus ENSAPOG00000019717
stegastes_partitus ENSSPAG00000010458
parambassis_ranga ENSPRNG00000001912
maylandia_zebra ENSMZEG00005002267
haplochromis_burtoni ENSHBUG00000016638
pundamilia_nyererei ENSPNYG00000024142
neolamprologus_brichardi ENSNBRG00000008725
astatotilapia_calliptera ENSACLG00000009683
pundamilia_nyererei ENSPNYG00000023200
oreochromis_niloticus ENSONIG00000017257
amphilophus_citrinellus ENSACIG00000007183
cyprinodon_variegatus ENSCVAG00000017234
cyprinodon_variegatus ENSCVAG00000014023
fundulus_heteroclitus ENSFHEG00000008889
xiphophorus_maculatus ENSXMAG00000000777
xiphophorus_couchianus ENSXCOG00000012649
gambusia_affinis ENSGAFG00000016863
poecilia_mexicana ENSPMEG00000005289
poecilia_latipinna ENSPLAG00000017395
poecilia_formosa ENSPFOG00000008436
poecilia_reticulata ENSPREG00000021751
kryptolebias_marmoratus ENSKMAG00000004789
oryzias_melastigma ENSOMEG00000016726
oryzias_latipes ENSORLG00015012797
gouania_willdenowi ENSGWIG00000009339
scophthalmus_maximus ENSSMAG00000005153
cynoglossus_semilaevis ENSCSEG00000009633
lates_calcarifer ENSLCAG00010001828
seriola_lalandi ENSSLDG00000006115
seriola_lalandi ENSSLDG00000001790
seriola_dumerili ENSSDUG00000005354
anabas_testudineus ENSATEG00000019694
betta_splendens ENSBSLG00000003765
mastacembelus_armatus ENSMAMG00000018262
monopterus_albus ENSMALG00000019698
cottoperca_gobio ENSCGOG00000016178
gasterosteus_aculeatus ENSGACG00000004811
larimichthys_crocea ENSLCRG00005002245
tetraodon_nigroviridis ENSTNIG00000011197
tetraodon_nigroviridis ENSTNIG00000011199
takifugu_rubripes ENSTRUG00000002831
mola_mola ENSMMOG00000009559
oryzias_latipes ENSORLG00015012811
periophthalmus_magnuspinnatus ENSPMGG00000012459
hippocampus_comes ENSHCOG00000012815
gadus_morhua ENSGMOG00000015508
electrophorus_electricus ENSEEEG00000001812
coturnix_japonica ENSCJPG00005002815
erpetoichthys_calabaricus ENSECRG00000007310
erpetoichthys_calabaricus ENSECRG00000007333
lepisosteus_oculatus ENSLOCG00000007540
lepisosteus_oculatus ENSLOCG00000007576
denticeps_clupeoides ENSDCDG00000002111
clupea_harengus ENSCHAG00000022107
pygocentrus_nattereri ENSPNAG00000007292
pygocentrus_nattereri ENSPNAG00000007291
astyanax_mexicanus ENSAMXG00005022773
astyanax_mexicanus ENSAMXG00000029837
astyanax_mexicanus ENSAMXG00000036109
astyanax_mexicanus ENSAMXG00000035519
pygocentrus_nattereri ENSPNAG00000010807
electrophorus_electricus ENSEEEG00000005353
ictalurus_punctatus ENSIPUG00000000052
danio_rerio ENSDARG00000100248
takifugu_rubripes ENSTRUG00000004928
tetraodon_nigroviridis ENSTNIG00000008036
cottoperca_gobio ENSCGOG00000001801
amphiprion_percula ENSAPEG00000006532
amphiprion_ocellaris ENSAOCG00000018029
acanthochromis_polyacanthus ENSAPOG00000013342
stegastes_partitus ENSSPAG00000003873
betta_splendens ENSBSLG00000021166
larimichthys_crocea ENSLCRG00005013813
mola_mola ENSMMOG00000015986
labrus_bergylta ENSLBEG00000006686
seriola_dumerili ENSSDUG00000011807
seriola_lalandi ENSSLDG00000023710
scophthalmus_maximus ENSSMAG00000011398
mastacembelus_armatus ENSMAMG00000002356
monopterus_albus ENSMALG00000022489
anabas_testudineus ENSATEG00000021356
gasterosteus_aculeatus ENSGACG00000010132
cottoperca_gobio ENSCGOG00000002641
anabas_testudineus ENSATEG00000021368
fundulus_heteroclitus ENSFHEG00000012915
cyprinodon_variegatus ENSCVAG00000001134
poecilia_latipinna ENSPLAG00000005673
poecilia_reticulata ENSPREG00000011152
poecilia_latipinna ENSPLAG00000005609
poecilia_mexicana ENSPMEG00000016390
poecilia_formosa ENSPFOG00000013760
poecilia_reticulata ENSPREG00000011273
xiphophorus_couchianus ENSXCOG00000019276
xiphophorus_maculatus ENSXMAG00000011372
gambusia_affinis ENSGAFG00000014295
kryptolebias_marmoratus ENSKMAG00000007760
oryzias_latipes ENSORLG00020005064
oryzias_latipes ENSORLG00000012352
oryzias_latipes ENSORLG00015010923
oryzias_melastigma ENSOMEG00000013179
parambassis_ranga ENSPRNG00000024350
maylandia_zebra ENSMZEG00005017676
astatotilapia_calliptera ENSACLG00000024323
haplochromis_burtoni ENSHBUG00000015759
pundamilia_nyererei ENSPNYG00000023071
neolamprologus_brichardi ENSNBRG00000021761
oreochromis_niloticus ENSONIG00000012936
amphilophus_citrinellus ENSACIG00000012239
anabas_testudineus ENSATEG00000021426
anabas_testudineus ENSATEG00000021444
larimichthys_crocea ENSLCRG00005013822
pundamilia_nyererei ENSPNYG00000003456
pundamilia_nyererei ENSPNYG00000023081
maylandia_zebra ENSMZEG00005017699
haplochromis_burtoni ENSHBUG00000015714
astatotilapia_calliptera ENSACLG00000024311
neolamprologus_brichardi ENSNBRG00000021811
amphilophus_citrinellus ENSACIG00000012218
periophthalmus_magnuspinnatus ENSPMGG00000004362
gadus_morhua ENSGMOG00000015841
hucho_hucho ENSHHUG00000049152
hucho_hucho ENSHHUG00000026848
esox_lucius ENSELUG00000017805
scleropages_formosus ENSSFOG00015002767
paramormyrops_kingsleyae ENSPKIG00000007866
monopterus_albus ENSMALG00000005043
ciona_savignyi ENSCSAVG00000004813
fundulus_heteroclitus ENSFHEG00000018789
ciona_intestinalis ENSCING00000002726
