drosophila_melanogaster FBgn0016120
caenorhabditis_elegans_strain_n2 WBGene00007385
drosophila_melanogaster FBgn0285943
anolis_carolinensis ENSACAG00000006092
pogona_vitticeps ENSPVIG00000001272
notechis_scutatus ENSNSUG00000013472
salvator_merianae ENSSMRG00000023211
sphenodon_punctatus ENSSPUG00000009550
chelonoidis_abingdonii ENSCABG00000010753
gopherus_agassizii ENSGAGG00000022642
chrysemys_picta_bellii ENSCPBG00000028136
chrysemys_picta_bellii ENSCPBG00000028137
chelonoidis_abingdonii ENSCABG00000011700
chrysemys_picta_bellii ENSCPBG00000028140
pelodiscus_sinensis ENSPSIG00000005018
crocodylus_porosus ENSCPRG00005003260
latimeria_chalumnae ENSLACG00000007618
apteryx_haastii ENSAHAG00000016013
apteryx_owenii ENSAOWG00000013349
apteryx_rowi ENSARWG00000007426
dromaius_novaehollandiae ENSDNVG00000010299
nothoprocta_perdicaria ENSNPEG00000003746
anser_brachyrhynchus ENSABRG00000015782
anas_platyrhynchos_platyrhynchos ENSAPLG00000006404
gallus_gallus ENSGALG00000007926
coturnix_japonica ENSCJPG00005021552
meleagris_gallopavo ENSMGAG00000009327
numida_meleagris ENSNMEG00000011516
calidris_pugnax ENSCPUG00000002511
calidris_pugnax ENSCPUG00000002515
calidris_pygmaea ENSCPGG00000001101
lonchura_striata_domestica ENSLSDG00000014502
taeniopygia_guttata ENSTGUG00000008757
serinus_canaria ENSSCAG00000000575
parus_major ENSPMJG00000000391
cyanistes_caeruleus ENSCCEG00000001139
ficedula_albicollis ENSFALG00000001236
junco_hyemalis ENSJHYG00000005146
zonotrichia_albicollis ENSZALG00000014243
manacus_vitellinus ENSMVIG00005002004
lepidothrix_coronata ENSLCOG00000002054
melopsittacus_undulatus ENSMUNG00000010426
eptatretus_burgeri ENSEBUG00000010066
seriola_lalandi_dorsalis ENSSLDG00000023026
seriola_dumerili ENSSDUG00000014260
mastacembelus_armatus ENSMAMG00000020974
astatotilapia_calliptera ENSACLG00000023467
pundamilia_nyererei ENSPNYG00000009362
maylandia_zebra ENSMZEG00005021679
haplochromis_burtoni ENSHBUG00000004412
oreochromis_niloticus ENSONIG00000002046
neolamprologus_brichardi ENSNBRG00000021602
amphilophus_citrinellus ENSACIG00000005519
amphiprion_percula ENSAPEG00000005406
amphiprion_ocellaris ENSAOCG00000001475
acanthochromis_polyacanthus ENSAPOG00000011001
stegastes_partitus ENSSPAG00000010715
gadus_morhua ENSGMOG00000011599
esox_lucius ENSELUG00000000451
xiphophorus_maculatus ENSXMAG00000006798
xiphophorus_couchianus ENSXCOG00000014666
gambusia_affinis ENSGAFG00000016737
poecilia_formosa ENSPFOG00000006534
poecilia_latipinna ENSPLAG00000010244
poecilia_mexicana ENSPMEG00000006217
poecilia_reticulata ENSPREG00000000291
cyprinodon_variegatus ENSCVAG00000021496
takifugu_rubripes ENSTRUG00000008920
tetraodon_nigroviridis ENSTNIG00000000018
cynoglossus_semilaevis ENSCSEG00000012538
amphiprion_percula ENSAPEG00000005511
amphiprion_ocellaris ENSAOCG00000014307
acanthochromis_polyacanthus ENSAPOG00000010922
stegastes_partitus ENSSPAG00000013483
maylandia_zebra ENSMZEG00005002852
astatotilapia_calliptera ENSACLG00000025790
pundamilia_nyererei ENSPNYG00000001782
haplochromis_burtoni ENSHBUG00000016956
neolamprologus_brichardi ENSNBRG00000003587
oreochromis_niloticus ENSONIG00000016264
amphilophus_citrinellus ENSACIG00000016617
kryptolebias_marmoratus ENSKMAG00000020535
fundulus_heteroclitus ENSFHEG00000013326
gasterosteus_aculeatus ENSGACG00000018676
mastacembelus_armatus ENSMAMG00000014782
seriola_dumerili ENSSDUG00000010363
seriola_lalandi_dorsalis ENSSLDG00000018201
scophthalmus_maximus ENSSMAG00000001035
mola_mola ENSMMOG00000021612
labrus_bergylta ENSLBEG00000003214
anabas_testudineus ENSATEG00000008468
monopterus_albus ENSMALG00000008054
oryzias_latipes ENSORLG00000028683
oryzias_latipes ENSORLG00020016835
oryzias_latipes_asm223469v1 ENSORLG00015017568
oryzias_melastigma ENSOMEG00000007172
hippocampus_comes ENSHCOG00000020918
periophthalmus_magnuspinnatus ENSPMGG00000002803
gadus_morhua ENSGMOG00000014585
pygocentrus_nattereri ENSPNAG00000023800
astyanax_mexicanus ENSAMXG00000040244
astyanax_mexicanus ENSAMXG00000038134
pygocentrus_nattereri ENSPNAG00000023419
ictalurus_punctatus ENSIPUG00000004307
danio_rerio ENSDARG00000098355
paramormyrops_kingsleyae ENSPKIG00000012275
scleropages_formosus ENSSFOG00015000131
lepisosteus_oculatus ENSLOCG00000010744
xenopus_tropicalis ENSXETG00000012507
paramormyrops_kingsleyae ENSPKIG00000002926
petromyzon_marinus ENSPMAG00000000199
cricetulus_griseus_crigri ENSCGRG00000017087
cricetulus_griseus_chok1gshd ENSCGRG00001014077
cricetulus_griseus_crigri ENSCGRG00000006823
cricetulus_griseus_chok1gshd ENSCGRG00001008781
cricetulus_griseus_crigri-picr ENSCGRG00015009746
mesocricetus_auratus ENSMAUG00000000650
microtus_ochrogaster ENSMOCG00000015015
peromyscus_maniculatus_bairdii ENSPEMG00000009579
peromyscus_maniculatus_bairdii ENSPEMG00000014033
mus_caroli_strain_caroli_eij MGP_CAROLIEiJ_G0029021
mus_spicilegus ENSMSIG00000019247
mus_spicilegus ENSMSIG00000008268
mus_spicilegus ENSMSIG00000013696
mus_spicilegus ENSMSIG00000009827
mus_spretus_strain_spret/eij MGP_SPRETEiJ_G0014765
mus_spicilegus ENSMSIG00000028398
mus_spicilegus ENSMSIG00000019417
mus_spretus_strain_spret/eij MGP_SPRETEiJ_G0018246
mus_musculus ENSMUSG00000034566
mus_caroli_strain_caroli_eij MGP_CAROLIEiJ_G0017401
mus_pahari MGP_PahariEiJ_G0018531
rattus_norvegicus ENSRNOG00000003626
meriones_unguiculatus ENSMUGG00000022553
meriones_unguiculatus ENSMUGG00000003483
meriones_unguiculatus ENSMUGG00000019324
meriones_unguiculatus ENSMUGG00000021419
nannospalax_galili ENSNGAG00000018801
dipodomys_ordii ENSDORG00000003319
castor_canadensis ENSCCNG00000025077
octodon_degus ENSODEG00000010532
octodon_degus ENSODEG00000006577
chinchilla_lanigera ENSCLAG00000002791
cavia_porcellus ENSCPOG00000033373
cavia_aperea ENSCAPG00000005454
heterocephalus_glaber_male ENSHGLG00100016782
heterocephalus_glaber_female ENSHGLG00000008113
fukomys_damarensis ENSFDAG00000019039
ictidomys_tridecemlineatus ENSSTOG00000015154
urocitellus_parryii ENSUPAG00010023978
spermophilus_dauricus ENSSDAG00000005140
marmota_marmota_marmota ENSMMMG00000011085
spermophilus_dauricus ENSSDAG00000014369
ochotona_princeps ENSOPRG00000004356
propithecus_coquereli ENSPCOG00000014206
microcebus_murinus ENSMICG00000017484
prolemur_simus ENSPSMG00000001233
prolemur_simus ENSPSMG00000006750
otolemur_garnettii ENSOGAG00000001990
nomascus_leucogenys ENSNLEG00000032424
pan_troglodytes ENSPTRG00000052524
macaca_nemestrina ENSMNEG00000031937
macaca_mulatta ENSMMUG00000022258
mandrillus_leucophaeus ENSMLEG00000039254
theropithecus_gelada ENSTGEG00000005752
rhinopithecus_bieti ENSRBIG00000028546
rhinopithecus_bieti ENSRBIG00000033804
rhinopithecus_roxellana ENSRROG00000039541
macaca_nemestrina ENSMNEG00000035388
pan_troglodytes ENSPTRG00000039179
saimiri_boliviensis_boliviensis ENSSBOG00000036153
macaca_mulatta ENSMMUG00000011647
macaca_fascicularis ENSMFAG00000033691
macaca_nemestrina ENSMNEG00000040945
theropithecus_gelada ENSTGEG00000027723
papio_anubis ENSPANG00000030252
mandrillus_leucophaeus ENSMLEG00000029365
cercocebus_atys ENSCATG00000044338
mandrillus_leucophaeus ENSMLEG00000017697
chlorocebus_sabaeus ENSCSAG00000000392
chlorocebus_sabaeus ENSCSAG00000004661
macaca_fascicularis ENSMFAG00000017328
macaca_mulatta ENSMMUG00000046039
papio_anubis ENSPANG00000024144
papio_anubis ENSPANG00000036003
chlorocebus_sabaeus ENSCSAG00000000390
colobus_angolensis_palliatus ENSCANG00000008464
colobus_angolensis_palliatus ENSCANG00000042598
piliocolobus_tephrosceles ENSPTEG00000039813
rhinopithecus_bieti ENSRBIG00000027826
rhinopithecus_roxellana ENSRROG00000041340
pan_troglodytes ENSPTRG00000009628
pan_paniscus ENSPPAG00000036543
homo_sapiens ENSG00000167863
gorilla_gorilla ENSGGOG00000013716
pongo_abelii ENSPPYG00000008615
nomascus_leucogenys ENSNLEG00000000561
macaca_mulatta ENSMMUG00000046904
theropithecus_gelada ENSTGEG00000026657
theropithecus_gelada ENSTGEG00000011229
cercocebus_atys ENSCATG00000033922
macaca_nemestrina ENSMNEG00000036378
macaca_fascicularis ENSMFAG00000041400
macaca_nemestrina ENSMNEG00000036984
cercocebus_atys ENSCATG00000039830
papio_anubis ENSPANG00000030921
pan_paniscus ENSPPAG00000043670
mandrillus_leucophaeus ENSMLEG00000037044
theropithecus_gelada ENSTGEG00000002175
theropithecus_gelada ENSTGEG00000023241
colobus_angolensis_palliatus ENSCANG00000029457
piliocolobus_tephrosceles ENSPTEG00000037662
rhinopithecus_bieti ENSRBIG00000028663
rhinopithecus_roxellana ENSRROG00000040514
gorilla_gorilla ENSGGOG00000040194
pan_troglodytes ENSPTRG00000044556
cercocebus_atys ENSCATG00000029808
macaca_fascicularis ENSMFAG00000037635
colobus_angolensis_palliatus ENSCANG00000033568
callithrix_jacchus ENSCJAG00000014622
callithrix_jacchus ENSCJAG00000048545
callithrix_jacchus ENSCJAG00000041097
callithrix_jacchus ENSCJAG00000039306
cebus_capucinus ENSCCAG00000027800
saimiri_boliviensis_boliviensis ENSSBOG00000035533
aotus_nancymaae ENSANAG00000033243
aotus_nancymaae ENSANAG00000032331
aotus_nancymaae ENSANAG00000019510
saimiri_boliviensis_boliviensis ENSSBOG00000034098
cebus_capucinus ENSCCAG00000021771
carlito_syrichta ENSTSYG00000030194
propithecus_coquereli ENSPCOG00000023460
microcebus_murinus ENSMICG00000027856
prolemur_simus ENSPSMG00000010760
callithrix_jacchus ENSCJAG00000047427
callithrix_jacchus ENSCJAG00000038285
callithrix_jacchus ENSCJAG00000046990
saimiri_boliviensis_boliviensis ENSSBOG00000020020
aotus_nancymaae ENSANAG00000020136
castor_canadensis ENSCCNG00000000764
jaculus_jaculus ENSJJAG00000003793
tupaia_belangeri ENSTBEG00000012545
tupaia_belangeri ENSTBEG00000002901
ursus_maritimus ENSUMAG00000008611
ursus_americanus ENSUAMG00000010479
ailuropoda_melanoleuca ENSAMEG00000009115
mustela_putorius_furo ENSMPUG00000014048
mustela_putorius_furo ENSMPUG00000019700
neovison_vison ENSNVIG00000009865
mustela_putorius_furo ENSMPUG00000004132
panthera_tigris_altaica ENSPTIG00000014910
panthera_pardus ENSPPRG00000008825
felis_catus ENSFCAG00000022888
canis_lupus_dingo ENSCAFG00020021891
canis_lupus_familiaris ENSCAFG00000004703
canis_lupus_dingo ENSCAFG00020011656
canis_lupus_familiaris ENSCAFG00000002038
canis_lupus_dingo ENSCAFG00020020038
canis_lupus_familiaris ENSCAFG00000016063
vulpes_vulpes ENSVVUG00000011131
vulpes_vulpes ENSVVUG00000023876
canis_lupus_dingo ENSCAFG00020001943
canis_lupus_familiaris ENSCAFG00000031413
vulpes_vulpes ENSVVUG00000010400
canis_lupus_familiaris ENSCAFG00000031781
canis_lupus_dingo ENSCAFG00020000097
canis_lupus_familiaris ENSCAFG00000001080
canis_lupus_familiaris ENSCAFG00000031686
canis_lupus_dingo ENSCAFG00020000590
canis_lupus_dingo ENSCAFG00020020207
canis_lupus_familiaris ENSCAFG00000006147
canis_lupus_familiaris ENSCAFG00000005930
canis_lupus_dingo ENSCAFG00020002627
canis_lupus_familiaris ENSCAFG00000011644
canis_lupus_familiaris ENSCAFG00000029878
canis_lupus_familiaris ENSCAFG00000031895
canis_lupus_familiaris ENSCAFG00000013551
vulpes_vulpes ENSVVUG00000013206
canis_lupus_familiaris ENSCAFG00000000808
canis_lupus_dingo ENSCAFG00020000513
vulpes_vulpes ENSVVUG00000003618
canis_lupus_familiaris ENSCAFG00000019063
canis_lupus_familiaris ENSCAFG00000005290
canis_lupus_familiaris ENSCAFG00000004167
canis_lupus_familiaris ENSCAFG00000030059
canis_lupus_familiaris ENSCAFG00000000376
canis_lupus_dingo ENSCAFG00020018472
canis_lupus_dingo ENSCAFG00020019299
canis_lupus_familiaris ENSCAFG00000008616
vulpes_vulpes ENSVVUG00000019156
vulpes_vulpes ENSVVUG00000019999
canis_lupus_familiaris ENSCAFG00000003140
canis_lupus_dingo ENSCAFG00020022651
canis_lupus_dingo ENSCAFG00020022242
canis_lupus_dingo ENSCAFG00020003051
canis_lupus_dingo ENSCAFG00020006191
canis_lupus_dingo ENSCAFG00020013351
vulpes_vulpes ENSVVUG00000027713
neovison_vison ENSNVIG00000005998
neovison_vison ENSNVIG00000018814
ursus_americanus ENSUAMG00000016214
canis_lupus_dingo ENSCAFG00020017803
canis_lupus_familiaris ENSCAFG00000018265
canis_lupus_familiaris ENSCAFG00000017407
canis_lupus_familiaris ENSCAFG00000029476
vulpes_vulpes ENSVVUG00000013218
canis_lupus_familiaris ENSCAFG00000023193
vulpes_vulpes ENSVVUG00000000690
canis_lupus_familiaris ENSCAFG00000029285
canis_lupus_familiaris ENSCAFG00000011707
panthera_pardus ENSPPRG00000014219
canis_lupus_familiaris ENSCAFG00000011783
myotis_lucifugus ENSMLUG00000010620
equus_asinus_asinus ENSEASG00005000278
equus_caballus ENSECAG00000009487
capra_hircus ENSCHIG00000013623
capra_hircus ENSCHIG00000009928
bos_mutus ENSBMUG00000008429
bos_taurus ENSBTAG00000021227
bison_bison_bison ENSBBBG00000005864
ovis_aries ENSOARG00000011397
capra_hircus ENSCHIG00000026001
capra_hircus ENSCHIG00000009750
bos_mutus ENSBMUG00000002701
tursiops_truncatus ENSTTRG00000002618
vicugna_pacos ENSVPAG00000011841
sus_scrofa ENSSSCG00000032166
sus_scrofa ENSSSCG00000016881
sus_scrofa ENSSSCG00000040979
sus_scrofa ENSSSCG00000023757
dasypus_novemcinctus ENSDNOG00000041869
dasypus_novemcinctus ENSDNOG00000041377
dasypus_novemcinctus ENSDNOG00000006913
choloepus_hoffmanni ENSCHOG00000004710
procavia_capensis ENSPCAG00000015330
loxodonta_africana ENSLAFG00000000273
echinops_telfairi ENSETEG00000003217
oryctolagus_cuniculus ENSOCUG00000015537
notamacropus_eugenii ENSMEUG00000009346
phascolarctos_cinereus ENSPCIG00000004673
sarcophilus_harrisii ENSSHAG00000018708
monodelphis_domestica ENSMODG00000007137
ornithorhynchus_anatinus ENSOANG00000007030
ornithorhynchus_anatinus ENSOANG00000013078
sorex_araneus ENSSARG00000013370
rattus_norvegicus ENSRNOG00000030158
ciona_intestinalis ENSCING00000013735
ciona_savignyi ENSCSAVG00000011746
saccharomyces_cerevisiae YKL016C
