scleropages_formosus ENSSFOG00015024070
paramormyrops_kingsleyae ENSPKIG00000012896
takifugu_rubripes ENSTRUG00000022410
cynoglossus_semilaevis ENSCSEG00000011847
xiphophorus_maculatus ENSXMAG00000010004
gambusia_affinis ENSGAFG00000002259
poecilia_mexicana ENSPMEG00000009551
poecilia_formosa ENSPFOG00000010076
poecilia_reticulata ENSPREG00000017032
fundulus_heteroclitus ENSFHEG00000015730
cyprinodon_variegatus ENSCVAG00000020818
oryzias_latipes ENSORLG00020017273
oryzias_latipes ENSORLG00000003311
oryzias_latipes_asm223469v1 ENSORLG00015018886
oryzias_melastigma ENSOMEG00000020412
amphiprion_percula ENSAPEG00000011517
amphiprion_ocellaris ENSAOCG00000011166
acanthochromis_polyacanthus ENSAPOG00000006761
astatotilapia_calliptera ENSACLG00000014377
haplochromis_burtoni ENSHBUG00000011091
mastacembelus_armatus ENSMAMG00000001469
monopterus_albus ENSMALG00000013594
gasterosteus_aculeatus ENSGACG00000017735
seriola_lalandi_dorsalis ENSSLDG00000001507
esox_lucius ENSELUG00000002391
paramormyrops_kingsleyae ENSPKIG00000013799
anas_platyrhynchos_platyrhynchos ENSAPLG00000008926
anser_brachyrhynchus ENSABRG00000015412
gallus_gallus ENSGALG00000011684
coturnix_japonica ENSCJPG00005001757
meleagris_gallopavo ENSMGAG00000010313
numida_meleagris ENSNMEG00000019051
calidris_pygmaea ENSCPGG00000004162
calidris_pugnax ENSCPUG00000016432
apteryx_haastii ENSAHAG00000004331
apteryx_owenii ENSAOWG00000008342
apteryx_rowi ENSARWG00000010662
nothoprocta_perdicaria ENSNPEG00000003257
dromaius_novaehollandiae ENSDNVG00000015267
crocodylus_porosus ENSCPRG00005006341
chelonoidis_abingdonii ENSCABG00000016365
chrysemys_picta_bellii ENSCPBG00000021904
gopherus_agassizii ENSGAGG00000016842
pelodiscus_sinensis ENSPSIG00000002857
sphenodon_punctatus ENSSPUG00000007343
phascolarctos_cinereus ENSPCIG00000012621
sarcophilus_harrisii ENSSHAG00000008776
monodelphis_domestica ENSMODG00000020737
pan_paniscus ENSPPAG00000036102
pan_troglodytes ENSPTRG00000016098
homo_sapiens ENSG00000035720
gorilla_gorilla ENSGGOG00000000321
pongo_abelii ENSPPYG00000014735
nomascus_leucogenys ENSNLEG00000009082
macaca_nemestrina ENSMNEG00000028890
macaca_fascicularis ENSMFAG00000000570
macaca_mulatta ENSMMUG00000009392
mandrillus_leucophaeus ENSMLEG00000032392
papio_anubis ENSPANG00000019724
theropithecus_gelada ENSTGEG00000018579
cercocebus_atys ENSCATG00000033385
chlorocebus_sabaeus ENSCSAG00000005207
piliocolobus_tephrosceles ENSPTEG00000023276
colobus_angolensis_palliatus ENSCANG00000029163
rhinopithecus_roxellana ENSRROG00000043513
rhinopithecus_bieti ENSRBIG00000036382
cebus_capucinus ENSCCAG00000032958
saimiri_boliviensis_boliviensis ENSSBOG00000017405
callithrix_jacchus ENSCJAG00000044149
aotus_nancymaae ENSANAG00000017681
carlito_syrichta ENSTSYG00000014571
microcebus_murinus ENSMICG00000014209
propithecus_coquereli ENSPCOG00000015282
prolemur_simus ENSPSMG00000015715
otolemur_garnettii ENSOGAG00000014527
ursus_americanus ENSUAMG00000011091
ursus_maritimus ENSUMAG00000013797
ailuropoda_melanoleuca ENSAMEG00000003467
neovison_vison ENSNVIG00000017491
mustela_putorius_furo ENSMPUG00000001601
vulpes_vulpes ENSVVUG00000005660
canis_lupus_familiaris ENSCAFG00000002756
panthera_pardus ENSPPRG00000006576
panthera_tigris_altaica ENSPTIG00000016781
felis_catus ENSFCAG00000036406
equus_caballus ENSECAG00000016140
equus_asinus_asinus ENSEASG00005018188
vicugna_pacos ENSVPAG00000008808
sus_scrofa ENSSSCG00000008923
capra_hircus ENSCHIG00000026945
ovis_aries ENSOARG00000007050
bos_mutus ENSBMUG00000011896
bos_taurus ENSBTAG00000000962
bison_bison_bison ENSBBBG00000010683
sorex_araneus ENSSARG00000008933
pteropus_vampyrus ENSPVAG00000005762
myotis_lucifugus ENSMLUG00000017022
castor_canadensis ENSCCNG00000001179
dipodomys_ordii ENSDORG00000006168
mus_musculus ENSMUSG00000029254
mus_spicilegus ENSMSIG00000031405
mus_spretus_strain_spret/eij MGP_SPRETEiJ_G0028330
mus_caroli_strain_caroli_eij MGP_CAROLIEiJ_G0027337
mus_pahari MGP_PahariEiJ_G0017116
rattus_norvegicus ENSRNOG00000002014
meriones_unguiculatus ENSMUGG00000023734
cricetulus_griseus_crigri-picr ENSCGRG00015018686
cricetulus_griseus_chok1gshd ENSCGRG00001021063
cricetulus_griseus_crigri ENSCGRG00000011521
microtus_ochrogaster ENSMOCG00000009916
peromyscus_maniculatus_bairdii ENSPEMG00000002135
nannospalax_galili ENSNGAG00000022288
jaculus_jaculus ENSJJAG00000013695
cavia_porcellus ENSCPOG00000001874
cavia_aperea ENSCAPG00000011343
chinchilla_lanigera ENSCLAG00000004356
octodon_degus ENSODEG00000001048
heterocephalus_glaber_male ENSHGLG00100015563
heterocephalus_glaber_female ENSHGLG00000019321
fukomys_damarensis ENSFDAG00000012232
ictidomys_tridecemlineatus ENSSTOG00000013018
spermophilus_dauricus ENSSDAG00000001209
urocitellus_parryii ENSUPAG00010008050
marmota_marmota_marmota ENSMMMG00000023059
ochotona_princeps ENSOPRG00000009694
oryctolagus_cuniculus ENSOCUG00000008157
tupaia_belangeri ENSTBEG00000016771
erinaceus_europaeus ENSEEUG00000002112
procavia_capensis ENSPCAG00000012144
echinops_telfairi ENSETEG00000019004
loxodonta_africana ENSLAFG00000030131
choloepus_hoffmanni ENSCHOG00000009321
dasypus_novemcinctus ENSDNOG00000048912
ornithorhynchus_anatinus ENSOANG00000003968
xenopus_tropicalis ENSXETG00000017973
rhinopithecus_roxellana ENSRROG00000033412
rhinopithecus_bieti ENSRBIG00000028981
macaca_fascicularis ENSMFAG00000003035
macaca_mulatta ENSMMUG00000041465
cercocebus_atys ENSCATG00000015211
papio_anubis ENSPANG00000030748
pan_troglodytes ENSPTRG00000023122
pan_paniscus ENSPPAG00000032607
pan_troglodytes ENSPTRG00000031407
gorilla_gorilla ENSGGOG00000007984
pongo_abelii ENSPPYG00000012803
latimeria_chalumnae ENSLACG00000014411
pogona_vitticeps ENSPVIG00000023388
anolis_carolinensis ENSACAG00000013238
salvator_merianae ENSSMRG00000017692
sphenodon_punctatus ENSSPUG00000010751
gopherus_agassizii ENSGAGG00000012875
chelonoidis_abingdonii ENSCABG00000001769
chrysemys_picta_bellii ENSCPBG00000011081
crocodylus_porosus ENSCPRG00005008852
phascolarctos_cinereus ENSPCIG00000006321
notamacropus_eugenii ENSMEUG00000001892
monodelphis_domestica ENSMODG00000000895
pteropus_vampyrus ENSPVAG00000016930
myotis_lucifugus ENSMLUG00000015046
sorex_araneus ENSSARG00000011366
capra_hircus ENSCHIG00000010686
ovis_aries ENSOARG00000010087
bos_mutus ENSBMUG00000018840
bos_taurus ENSBTAG00000006001
bison_bison_bison ENSBBBG00000008960
tursiops_truncatus ENSTTRG00000001702
sus_scrofa ENSSSCG00000013506
mustela_putorius_furo ENSMPUG00000004944
neovison_vison ENSNVIG00000007652
ursus_americanus ENSUAMG00000019198
canis_lupus_dingo ENSCAFG00020018528
canis_lupus_familiaris ENSCAFG00000019095
vulpes_vulpes ENSVVUG00000008284
felis_catus ENSFCAG00000021949
panthera_pardus ENSPPRG00000008724
ochotona_princeps ENSOPRG00000007015
equus_caballus ENSECAG00000030351
equus_asinus_asinus ENSEASG00005022401
erinaceus_europaeus ENSEEUG00000000897
ailuropoda_melanoleuca ENSAMEG00000002064
ursus_maritimus ENSUMAG00000007652
panthera_tigris_altaica ENSPTIG00000020894
pongo_abelii ENSPPYG00000009403
nomascus_leucogenys ENSNLEG00000000398
macaca_nemestrina ENSMNEG00000033310
chlorocebus_sabaeus ENSCSAG00000010602
papio_anubis ENSPANG00000012127
mandrillus_leucophaeus ENSMLEG00000028740
rhinopithecus_roxellana ENSRROG00000031412
colobus_angolensis_palliatus ENSCANG00000030926
rhinopithecus_bieti ENSRBIG00000043595
macaca_mulatta ENSMMUG00000000271
macaca_fascicularis ENSMFAG00000030521
cercocebus_atys ENSCATG00000036308
piliocolobus_tephrosceles ENSPTEG00000023588
pan_paniscus ENSPPAG00000013672
pan_troglodytes ENSPTRG00000051487
homo_sapiens ENSG00000178078
gorilla_gorilla ENSGGOG00000012964
cebus_capucinus ENSCCAG00000033368
callithrix_jacchus ENSCJAG00000003656
saimiri_boliviensis_boliviensis ENSSBOG00000025131
aotus_nancymaae ENSANAG00000036194
carlito_syrichta ENSTSYG00000033479
propithecus_coquereli ENSPCOG00000021854
prolemur_simus ENSPSMG00000019657
microcebus_murinus ENSMICG00000028853
otolemur_garnettii ENSOGAG00000001668
mus_spretus_strain_spret/eij MGP_SPRETEiJ_G0022670
mus_musculus ENSMUSG00000038781
mus_spicilegus ENSMSIG00000012517
mus_caroli_strain_caroli_eij MGP_CAROLIEiJ_G0021758
mus_pahari MGP_PahariEiJ_G0020747
rattus_norvegicus ENSRNOG00000047306
meriones_unguiculatus ENSMUGG00000004524
cricetulus_griseus_crigri-picr ENSCGRG00015003929
cricetulus_griseus_chok1gshd ENSCGRG00001004912
cricetulus_griseus_crigri ENSCGRG00000010106
mesocricetus_auratus ENSMAUG00000008549
microtus_ochrogaster ENSMOCG00000022151
peromyscus_maniculatus_bairdii ENSPEMG00000017988
nannospalax_galili ENSNGAG00000021317
jaculus_jaculus ENSJJAG00000019818
chinchilla_lanigera ENSCLAG00000008850
octodon_degus ENSODEG00000015068
heterocephalus_glaber_female ENSHGLG00000008727
heterocephalus_glaber_male ENSHGLG00100015825
fukomys_damarensis ENSFDAG00000010759
cavia_porcellus ENSCPOG00000025858
castor_canadensis ENSCCNG00000030210
dipodomys_ordii ENSDORG00000012387
ictidomys_tridecemlineatus ENSSTOG00000022594
urocitellus_parryii ENSUPAG00010009594
marmota_marmota_marmota ENSMMMG00000018200
spermophilus_dauricus ENSSDAG00000008432
loxodonta_africana ENSLAFG00000026115
procavia_capensis ENSPCAG00000015206
echinops_telfairi ENSETEG00000010711
dasypus_novemcinctus ENSDNOG00000049132
ornithorhynchus_anatinus ENSOANG00000006439
junco_hyemalis ENSJHYG00000007391
xenopus_tropicalis ENSXETG00000024154
latimeria_chalumnae ENSLACG00000002248
pygocentrus_nattereri ENSPNAG00000011103
astyanax_mexicanus ENSAMXG00000033465
ictalurus_punctatus ENSIPUG00000015763
esox_lucius ENSELUG00000015900
takifugu_rubripes ENSTRUG00000018287
tetraodon_nigroviridis ENSTNIG00000013181
mola_mola ENSMMOG00000001255
cynoglossus_semilaevis ENSCSEG00000007249
xiphophorus_maculatus ENSXMAG00000011916
gambusia_affinis ENSGAFG00000005708
poecilia_formosa ENSPFOG00000006279
poecilia_latipinna ENSPLAG00000014188
poecilia_mexicana ENSPMEG00000007824
poecilia_reticulata ENSPREG00000006310
fundulus_heteroclitus ENSFHEG00000022718
cyprinodon_variegatus ENSCVAG00000019709
kryptolebias_marmoratus ENSKMAG00000006179
oryzias_latipes_asm223469v1 ENSORLG00015017019
oryzias_latipes ENSORLG00000026413
oryzias_latipes ENSORLG00020020876
oryzias_melastigma ENSOMEG00000002541
labrus_bergylta ENSLBEG00000005932
gasterosteus_aculeatus ENSGACG00000014374
seriola_lalandi_dorsalis ENSSLDG00000005300
seriola_dumerili ENSSDUG00000002896
scophthalmus_maximus ENSSMAG00000018573
amphiprion_ocellaris ENSAOCG00000018867
stegastes_partitus ENSSPAG00000014542
maylandia_zebra ENSMZEG00005010987
astatotilapia_calliptera ENSACLG00000005464
pundamilia_nyererei ENSPNYG00000019588
haplochromis_burtoni ENSHBUG00000009959
neolamprologus_brichardi ENSNBRG00000023872
oreochromis_niloticus ENSONIG00000002548
amphilophus_citrinellus ENSACIG00000024377
monopterus_albus ENSMALG00000021975
mastacembelus_armatus ENSMAMG00000018526
anabas_testudineus ENSATEG00000023717
periophthalmus_magnuspinnatus ENSPMGG00000014329
hippocampus_comes ENSHCOG00000000990
danio_rerio ENSDARG00000043281
paramormyrops_kingsleyae ENSPKIG00000016089
paramormyrops_kingsleyae ENSPKIG00000007926
scleropages_formosus ENSSFOG00015012148
xiphophorus_maculatus ENSXMAG00000019301
xiphophorus_couchianus ENSXCOG00000008160
gambusia_affinis ENSGAFG00000008275
poecilia_formosa ENSPFOG00000012582
poecilia_mexicana ENSPMEG00000020967
poecilia_latipinna ENSPLAG00000019427
poecilia_reticulata ENSPREG00000013274
cyprinodon_variegatus ENSCVAG00000000168
fundulus_heteroclitus ENSFHEG00000002099
kryptolebias_marmoratus ENSKMAG00000007115
oryzias_latipes ENSORLG00000014941
oryzias_latipes ENSORLG00020017845
oryzias_latipes_asm223469v1 ENSORLG00015017956
oryzias_melastigma ENSOMEG00000019934
takifugu_rubripes ENSTRUG00000006357
tetraodon_nigroviridis ENSTNIG00000015335
seriola_lalandi_dorsalis ENSSLDG00000019033
seriola_dumerili ENSSDUG00000015219
scophthalmus_maximus ENSSMAG00000003544
gasterosteus_aculeatus ENSGACG00000015332
monopterus_albus ENSMALG00000021503
mastacembelus_armatus ENSMAMG00000009267
anabas_testudineus ENSATEG00000016062
hippocampus_comes ENSHCOG00000001435
cynoglossus_semilaevis ENSCSEG00000013955
labrus_bergylta ENSLBEG00000001413
periophthalmus_magnuspinnatus ENSPMGG00000003238
mola_mola ENSMMOG00000010538
amphiprion_ocellaris ENSAOCG00000021235
amphiprion_percula ENSAPEG00000012974
acanthochromis_polyacanthus ENSAPOG00000023996
stegastes_partitus ENSSPAG00000003307
maylandia_zebra ENSMZEG00005025641
haplochromis_burtoni ENSHBUG00000021154
pundamilia_nyererei ENSPNYG00000006342
astatotilapia_calliptera ENSACLG00000003155
neolamprologus_brichardi ENSNBRG00000020352
oreochromis_niloticus ENSONIG00000010244
amphilophus_citrinellus ENSACIG00000017334
gadus_morhua ENSGMOG00000012268
esox_lucius ENSELUG00000007928
pygocentrus_nattereri ENSPNAG00000011939
astyanax_mexicanus ENSAMXG00000008447
ictalurus_punctatus ENSIPUG00000015783
danio_rerio ENSDARG00000092810
scleropages_formosus ENSSFOG00015002625
petromyzon_marinus ENSPMAG00000007455
eptatretus_burgeri ENSEBUG00000011514
