chelonoidis_abingdonii ENSCABG00000019417
gopherus_agassizii ENSGAGG00000022225
chrysemys_picta_bellii ENSCPBG00000013246
pelodiscus_sinensis ENSPSIG00000012504
cyanistes_caeruleus ENSCCEG00000005902
lonchura_striata_domestica ENSLSDG00000002715
numida_meleagris ENSNMEG00000000345
pogona_vitticeps ENSPVIG00000004921
anolis_carolinensis ENSACAG00000006961
salvator_merianae ENSSMRG00000006999
notechis_scutatus ENSNSUG00000011098
sphenodon_punctatus ENSSPUG00000015837
cyanistes_caeruleus ENSCCEG00000009395
cyanistes_caeruleus ENSCCEG00000002137
apteryx_owenii ENSAOWG00000003909
loxodonta_africana ENSLAFG00000022365
procavia_capensis ENSPCAG00000007507
echinops_telfairi ENSETEG00000014497
bos_mutus ENSBMUG00000025400
bos_taurus ENSBTAG00000010524
bison_bison_bison ENSBBBG00000015657
capra_hircus ENSCHIG00000022507
ovis_aries ENSOARG00000008603
tursiops_truncatus ENSTTRG00000015549
sus_scrofa ENSSSCG00000007763
ursus_maritimus ENSUMAG00000014057
ursus_americanus ENSUAMG00000008559
ailuropoda_melanoleuca ENSAMEG00000007253
canis_lupus_familiaris ENSCAFG00000016827
canis_lupus_dingo ENSCAFG00020018155
vulpes_vulpes ENSVVUG00000027723
neovison_vison ENSNVIG00000024938
mustela_putorius_furo ENSMPUG00000011540
panthera_tigris_altaica ENSPTIG00000011483
panthera_pardus ENSPPRG00000008312
felis_catus ENSFCAG00000002604
equus_caballus ENSECAG00000011818
equus_asinus_asinus ENSEASG00005011131
pteropus_vampyrus ENSPVAG00000003089
myotis_lucifugus ENSMLUG00000004771
prolemur_simus ENSPSMG00000008072
microcebus_murinus ENSMICG00000001623
propithecus_coquereli ENSPCOG00000001537
otolemur_garnettii ENSOGAG00000014449
carlito_syrichta ENSTSYG00000004745
cebus_capucinus ENSCCAG00000036718
saimiri_boliviensis_boliviensis ENSSBOG00000027314
callithrix_jacchus ENSCJAG00000003108
aotus_nancymaae ENSANAG00000019193
pan_troglodytes ENSPTRG00000008032
pan_paniscus ENSPPAG00000029384
homo_sapiens ENSG00000103507
gorilla_gorilla ENSGGOG00000013592
pongo_abelii ENSPPYG00000007307
nomascus_leucogenys ENSNLEG00000016135
piliocolobus_tephrosceles ENSPTEG00000027525
colobus_angolensis_palliatus ENSCANG00000039511
rhinopithecus_roxellana ENSRROG00000002610
rhinopithecus_bieti ENSRBIG00000030816
macaca_mulatta ENSMMUG00000016032
macaca_fascicularis ENSMFAG00000003444
macaca_nemestrina ENSMNEG00000040578
mandrillus_leucophaeus ENSMLEG00000034667
cercocebus_atys ENSCATG00000032911
theropithecus_gelada ENSTGEG00000010445
papio_anubis ENSPANG00000011331
chlorocebus_sabaeus ENSCSAG00000005732
cavia_aperea ENSCAPG00000013121
cavia_porcellus ENSCPOG00000000998
octodon_degus ENSODEG00000014800
chinchilla_lanigera ENSCLAG00000013873
heterocephalus_glaber_female ENSHGLG00000014270
heterocephalus_glaber_male ENSHGLG00100007575
fukomys_damarensis ENSFDAG00000019942
spermophilus_dauricus ENSSDAG00000012424
marmota_marmota_marmota ENSMMMG00000000584
ictidomys_tridecemlineatus ENSSTOG00000000632
urocitellus_parryii ENSUPAG00010019647
mus_musculus ENSMUSG00000030802
mus_spretus_strain_spret/eij MGP_SPRETEiJ_G0031643
mus_spicilegus ENSMSIG00000024839
mus_caroli_strain_caroli_eij MGP_CAROLIEiJ_G0030529
mus_pahari MGP_PahariEiJ_G0013736
rattus_norvegicus ENSRNOG00000019485
microtus_ochrogaster ENSMOCG00000013719
cricetulus_griseus_chok1gshd ENSCGRG00001001617
cricetulus_griseus_crigri ENSCGRG00000012320
cricetulus_griseus_crigri ENSCGRG00000012256
cricetulus_griseus_chok1gshd ENSCGRG00001022762
mesocricetus_auratus ENSMAUG00000011084
peromyscus_maniculatus_bairdii ENSPEMG00000013084
meriones_unguiculatus ENSMUGG00000000406
nannospalax_galili ENSNGAG00000016252
jaculus_jaculus ENSJJAG00000017790
castor_canadensis ENSCCNG00000028117
dipodomys_ordii ENSDORG00000002994
tupaia_belangeri ENSTBEG00000017289
oryctolagus_cuniculus ENSOCUG00000002290
ochotona_princeps ENSOPRG00000010740
dasypus_novemcinctus ENSDNOG00000017081
sorex_araneus ENSSARG00000010219
phascolarctos_cinereus ENSPCIG00000015917
notamacropus_eugenii ENSMEUG00000014313
sarcophilus_harrisii ENSSHAG00000011710
monodelphis_domestica ENSMODG00000001837
ornithorhynchus_anatinus ENSOANG00000004846
xenopus_tropicalis ENSXETG00000028002
latimeria_chalumnae ENSLACG00000009021
stegastes_partitus ENSSPAG00000010711
gasterosteus_aculeatus ENSGACG00000020766
seriola_lalandi_dorsalis ENSSLDG00000019248
seriola_dumerili ENSSDUG00000009071
labrus_bergylta ENSLBEG00000008981
scophthalmus_maximus ENSSMAG00000016529
monopterus_albus ENSMALG00000013055
mastacembelus_armatus ENSMAMG00000002659
mola_mola ENSMMOG00000014752
amphiprion_ocellaris ENSAOCG00000019248
amphiprion_percula ENSAPEG00000009926
acanthochromis_polyacanthus ENSAPOG00000002739
oryzias_latipes ENSORLG00000014575
oryzias_latipes ENSORLG00020010286
oryzias_latipes_asm223469v1 ENSORLG00015016876
oryzias_melastigma ENSOMEG00000002498
tetraodon_nigroviridis ENSTNIG00000010283
takifugu_rubripes ENSTRUG00000012782
anabas_testudineus ENSATEG00000001167
fundulus_heteroclitus ENSFHEG00000021556
cyprinodon_variegatus ENSCVAG00000006975
poecilia_formosa ENSPFOG00000016728
poecilia_latipinna ENSPLAG00000014501
poecilia_mexicana ENSPMEG00000015714
poecilia_reticulata ENSPREG00000015279
xiphophorus_couchianus ENSXCOG00000018592
gambusia_affinis ENSGAFG00000010347
kryptolebias_marmoratus ENSKMAG00000017680
maylandia_zebra ENSMZEG00005010369
astatotilapia_calliptera ENSACLG00000021728
haplochromis_burtoni ENSHBUG00000012027
pundamilia_nyererei ENSPNYG00000010460
neolamprologus_brichardi ENSNBRG00000011012
oreochromis_niloticus ENSONIG00000009468
amphilophus_citrinellus ENSACIG00000012217
cynoglossus_semilaevis ENSCSEG00000016496
hippocampus_comes ENSHCOG00000002480
periophthalmus_magnuspinnatus ENSPMGG00000024132
gadus_morhua ENSGMOG00000009714
esox_lucius ENSELUG00000012750
astyanax_mexicanus ENSAMXG00000032682
pygocentrus_nattereri ENSPNAG00000016545
ictalurus_punctatus ENSIPUG00000023968
danio_rerio ENSDARG00000016904
paramormyrops_kingsleyae ENSPKIG00000013099
scleropages_formosus ENSSFOG00015003411
lepisosteus_oculatus ENSLOCG00000001821
lepisosteus_oculatus ENSLOCG00000002780
eptatretus_burgeri ENSEBUG00000015404
saccharomyces_cerevisiae YIL042C
scleropages_formosus ENSSFOG00015017760
paramormyrops_kingsleyae ENSPKIG00000025049
hippocampus_comes ENSHCOG00000012666
periophthalmus_magnuspinnatus ENSPMGG00000019643
mola_mola ENSMMOG00000003724
cynoglossus_semilaevis ENSCSEG00000010938
xiphophorus_maculatus ENSXMAG00000024652
xiphophorus_couchianus ENSXCOG00000006772
gambusia_affinis ENSGAFG00000009255
poecilia_latipinna ENSPLAG00000005068
poecilia_formosa ENSPFOG00000002381
poecilia_mexicana ENSPMEG00000009789
poecilia_reticulata ENSPREG00000014352
cyprinodon_variegatus ENSCVAG00000006522
fundulus_heteroclitus ENSFHEG00000004670
kryptolebias_marmoratus ENSKMAG00000014758
oryzias_latipes ENSORLG00000007544
oryzias_latipes_asm223469v1 ENSORLG00015018380
oryzias_latipes ENSORLG00020017924
oryzias_melastigma ENSOMEG00000012369
anabas_testudineus ENSATEG00000014323
amphiprion_percula ENSAPEG00000023003
amphiprion_ocellaris ENSAOCG00000002965
stegastes_partitus ENSSPAG00000015416
acanthochromis_polyacanthus ENSAPOG00000013183
acanthochromis_polyacanthus ENSAPOG00000013094
acanthochromis_polyacanthus ENSAPOG00000012808
maylandia_zebra ENSMZEG00005021317
astatotilapia_calliptera ENSACLG00000023045
haplochromis_burtoni ENSHBUG00000021536
pundamilia_nyererei ENSPNYG00000000404
neolamprologus_brichardi ENSNBRG00000001679
oreochromis_niloticus ENSONIG00000014365
amphilophus_citrinellus ENSACIG00000001884
takifugu_rubripes ENSTRUG00000008523
tetraodon_nigroviridis ENSTNIG00000008160
gasterosteus_aculeatus ENSGACG00000002603
labrus_bergylta ENSLBEG00000017388
monopterus_albus ENSMALG00000009151
mastacembelus_armatus ENSMAMG00000022947
seriola_lalandi_dorsalis ENSSLDG00000008441
seriola_dumerili ENSSDUG00000002637
scophthalmus_maximus ENSSMAG00000017720
gadus_morhua ENSGMOG00000012834
esox_lucius ENSELUG00000008924
astyanax_mexicanus ENSAMXG00000039906
pygocentrus_nattereri ENSPNAG00000022730
ictalurus_punctatus ENSIPUG00000015459
danio_rerio ENSDARG00000014527
pygocentrus_nattereri ENSPNAG00000002776
astyanax_mexicanus ENSAMXG00000034792
ictalurus_punctatus ENSIPUG00000019582
danio_rerio ENSDARG00000099791
esox_lucius ENSELUG00000020653
scleropages_formosus ENSSFOG00015012802
lepisosteus_oculatus ENSLOCG00000001784
phascolarctos_cinereus ENSPCIG00000028653
notamacropus_eugenii ENSMEUG00000007252
sarcophilus_harrisii ENSSHAG00000015104
monodelphis_domestica ENSMODG00000007427
spermophilus_dauricus ENSSDAG00000009058
ictidomys_tridecemlineatus ENSSTOG00000014894
urocitellus_parryii ENSUPAG00010000247
heterocephalus_glaber_female ENSHGLG00000007600
heterocephalus_glaber_male ENSHGLG00100001931
heterocephalus_glaber_male ENSHGLG00100014060
heterocephalus_glaber_female ENSHGLG00000008324
fukomys_damarensis ENSFDAG00000013840
cavia_porcellus ENSCPOG00000008284
cavia_aperea ENSCAPG00000005246
chinchilla_lanigera ENSCLAG00000001187
octodon_degus ENSODEG00000013024
dipodomys_ordii ENSDORG00000015657
castor_canadensis ENSCCNG00000027479
mus_spretus_strain_spret/eij MGP_SPRETEiJ_G0034398
mus_spicilegus ENSMSIG00000027107
mus_musculus ENSMUSG00000035232
mus_caroli_strain_caroli_eij MGP_CAROLIEiJ_G0033231
mus_pahari MGP_PahariEiJ_G0031773
rattus_norvegicus ENSRNOG00000012513
meriones_unguiculatus ENSMUGG00000014687
cricetulus_griseus_crigri ENSCGRG00000003763
cricetulus_griseus_chok1gshd ENSCGRG00001023514
cricetulus_griseus_crigri-picr ENSCGRG00015014551
peromyscus_maniculatus_bairdii ENSPEMG00000015828
microtus_ochrogaster ENSMOCG00000016118
microtus_ochrogaster ENSMOCG00000003029
nannospalax_galili ENSNGAG00000017484
jaculus_jaculus ENSJJAG00000019636
oryctolagus_cuniculus ENSOCUG00000007418
ochotona_princeps ENSOPRG00000010387
tupaia_belangeri ENSTBEG00000007384
pan_paniscus ENSPPAG00000043604
pan_troglodytes ENSPTRG00000021750
homo_sapiens ENSG00000067992
gorilla_gorilla ENSGGOG00000006157
pongo_abelii ENSPPYG00000020198
nomascus_leucogenys ENSNLEG00000010056
rhinopithecus_roxellana ENSRROG00000039392
rhinopithecus_bieti ENSRBIG00000027701
piliocolobus_tephrosceles ENSPTEG00000003029
colobus_angolensis_palliatus ENSCANG00000034208
macaca_fascicularis ENSMFAG00000043413
macaca_nemestrina ENSMNEG00000044294
macaca_mulatta ENSMMUG00000012819
papio_anubis ENSPANG00000017372
cercocebus_atys ENSCATG00000037824
theropithecus_gelada ENSTGEG00000023216
mandrillus_leucophaeus ENSMLEG00000044110
chlorocebus_sabaeus ENSCSAG00000014363
callithrix_jacchus ENSCJAG00000004785
saimiri_boliviensis_boliviensis ENSSBOG00000032538
cebus_capucinus ENSCCAG00000020455
aotus_nancymaae ENSANAG00000019128
carlito_syrichta ENSTSYG00000009945
propithecus_coquereli ENSPCOG00000022367
propithecus_coquereli ENSPCOG00000018222
microcebus_murinus ENSMICG00000009061
prolemur_simus ENSPSMG00000002365
otolemur_garnettii ENSOGAG00000005598
neovison_vison ENSNVIG00000010911
mustela_putorius_furo ENSMPUG00000000104
ursus_americanus ENSUAMG00000020139
ursus_maritimus ENSUMAG00000011646
ailuropoda_melanoleuca ENSAMEG00000014869
canis_lupus_dingo ENSCAFG00020005598
canis_lupus_familiaris ENSCAFG00000013476
vulpes_vulpes ENSVVUG00000012680
panthera_pardus ENSPPRG00000009701
panthera_tigris_altaica ENSPTIG00000011883
felis_catus ENSFCAG00000002134
equus_caballus ENSECAG00000010080
equus_asinus_asinus ENSEASG00005017721
erinaceus_europaeus ENSEEUG00000014090
sorex_araneus ENSSARG00000008324
myotis_lucifugus ENSMLUG00000004525
myotis_lucifugus ENSMLUG00000026890
pteropus_vampyrus ENSPVAG00000000903
sus_scrofa ENSSSCG00000012181
vicugna_pacos ENSVPAG00000002420
ovis_aries ENSOARG00000017256
bison_bison_bison ENSBBBG00000009105
castor_canadensis ENSCCNG00000027512
marmota_marmota_marmota ENSMMMG00000008577
capra_hircus ENSCHIG00000011069
capra_hircus ENSCHIG00000020677
bos_mutus ENSBMUG00000021928
bos_taurus ENSBTAG00000017832
tursiops_truncatus ENSTTRG00000005268
dasypus_novemcinctus ENSDNOG00000000319
dasypus_novemcinctus ENSDNOG00000033501
loxodonta_africana ENSLAFG00000021874
procavia_capensis ENSPCAG00000014043
echinops_telfairi ENSETEG00000016761
ornithorhynchus_anatinus ENSOANG00000029934
anolis_carolinensis ENSACAG00000007063
notechis_scutatus ENSNSUG00000011435
pogona_vitticeps ENSPVIG00000023153
salvator_merianae ENSSMRG00000022835
sphenodon_punctatus ENSSPUG00000000230
chrysemys_picta_bellii ENSCPBG00000006049
chelonoidis_abingdonii ENSCABG00000019676
pelodiscus_sinensis ENSPSIG00000006690
gopherus_agassizii ENSGAGG00000006826
apteryx_owenii ENSAOWG00000012432
apteryx_haastii ENSAHAG00000015544
apteryx_rowi ENSARWG00000007479
dromaius_novaehollandiae ENSDNVG00000006590
nothoprocta_perdicaria ENSNPEG00000000328
lepidothrix_coronata ENSLCOG00000001874
manacus_vitellinus ENSMVIG00005006478
lonchura_striata_domestica ENSLSDG00000006520
taeniopygia_guttata ENSTGUG00000007181
cyanistes_caeruleus ENSCCEG00000010535
parus_major ENSPMJG00000011217
serinus_canaria ENSSCAG00000015783
ficedula_albicollis ENSFALG00000004115
junco_hyemalis ENSJHYG00000009724
zonotrichia_albicollis ENSZALG00000018177
calidris_pygmaea ENSCPGG00000006265
calidris_pugnax ENSCPUG00000008770
melopsittacus_undulatus ENSMUNG00000004093
meleagris_gallopavo ENSMGAG00000014646
coturnix_japonica ENSCJPG00005017269
gallus_gallus ENSGALG00000016323
numida_meleagris ENSNMEG00000018521
anser_brachyrhynchus ENSABRG00000008357
anas_platyrhynchos_platyrhynchos ENSAPLG00000010492
crocodylus_porosus ENSCPRG00005003848
latimeria_chalumnae ENSLACG00000006577
xenopus_tropicalis ENSXETG00000021812
ornithorhynchus_anatinus ENSOANG00000030550
petromyzon_marinus ENSPMAG00000000977
eptatretus_burgeri ENSEBUG00000004038
amphiprion_percula ENSAPEG00000021833
amphiprion_ocellaris ENSAOCG00000018520
acanthochromis_polyacanthus ENSAPOG00000014471
stegastes_partitus ENSSPAG00000006651
gambusia_affinis ENSGAFG00000003541
xiphophorus_maculatus ENSXMAG00000005162
poecilia_formosa ENSPFOG00000012677
poecilia_mexicana ENSPMEG00000023310
poecilia_latipinna ENSPLAG00000016886
poecilia_reticulata ENSPREG00000004884
xiphophorus_couchianus ENSXCOG00000019161
cyprinodon_variegatus ENSCVAG00000015993
fundulus_heteroclitus ENSFHEG00000003827
kryptolebias_marmoratus ENSKMAG00000017350
oryzias_latipes ENSORLG00020021470
oryzias_latipes ENSORLG00000017416
oryzias_latipes_asm223469v1 ENSORLG00015015580
oryzias_melastigma ENSOMEG00000004194
maylandia_zebra ENSMZEG00005005243
haplochromis_burtoni ENSHBUG00000018972
astatotilapia_calliptera ENSACLG00000009721
pundamilia_nyererei ENSPNYG00000007542
neolamprologus_brichardi ENSNBRG00000011921
oreochromis_niloticus ENSONIG00000008703
amphilophus_citrinellus ENSACIG00000000972
takifugu_rubripes ENSTRUG00000017692
tetraodon_nigroviridis ENSTNIG00000016942
mola_mola ENSMMOG00000001696
gasterosteus_aculeatus ENSGACG00000004843
labrus_bergylta ENSLBEG00000018694
seriola_lalandi_dorsalis ENSSLDG00000012812
seriola_lalandi_dorsalis ENSSLDG00000000672
seriola_dumerili ENSSDUG00000021107
scophthalmus_maximus ENSSMAG00000014513
monopterus_albus ENSMALG00000008946
mastacembelus_armatus ENSMAMG00000005692
anabas_testudineus ENSATEG00000016030
hippocampus_comes ENSHCOG00000010494
cynoglossus_semilaevis ENSCSEG00000005442
periophthalmus_magnuspinnatus ENSPMGG00000011453
gadus_morhua ENSGMOG00000002103
esox_lucius ENSELUG00000021984
astyanax_mexicanus ENSAMXG00000039808
pygocentrus_nattereri ENSPNAG00000003646
ictalurus_punctatus ENSIPUG00000020464
danio_rerio ENSDARG00000013128
paramormyrops_kingsleyae ENSPKIG00000018527
scleropages_formosus ENSSFOG00015019365
paramormyrops_kingsleyae ENSPKIG00000005371
lepisosteus_oculatus ENSLOCG00000007542
anser_brachyrhynchus ENSABRG00000023198
anas_platyrhynchos_platyrhynchos ENSAPLG00000015342
gallus_gallus ENSGALG00000013235
coturnix_japonica ENSCJPG00005017763
meleagris_gallopavo ENSMGAG00000017160
numida_meleagris ENSNMEG00000022269
calidris_pugnax ENSCPUG00000004488
calidris_pygmaea ENSCPGG00000017331
melopsittacus_undulatus ENSMUNG00000007980
taeniopygia_guttata ENSTGUG00000008513
lonchura_striata_domestica ENSLSDG00000010868
serinus_canaria ENSSCAG00000015939
zonotrichia_albicollis ENSZALG00000017668
junco_hyemalis ENSJHYG00000014061
cyanistes_caeruleus ENSCCEG00000023606
parus_major ENSPMJG00000018582
ficedula_albicollis ENSFALG00000002032
lepidothrix_coronata ENSLCOG00000016343
manacus_vitellinus ENSMVIG00005002358
apteryx_haastii ENSAHAG00000006478
apteryx_owenii ENSAOWG00000016498
apteryx_rowi ENSARWG00000007158
dromaius_novaehollandiae ENSDNVG00000017778
nothoprocta_perdicaria ENSNPEG00000000330
crocodylus_porosus ENSCPRG00005013981
chelonoidis_abingdonii ENSCABG00000019175
gopherus_agassizii ENSGAGG00000025731
chrysemys_picta_bellii ENSCPBG00000004159
pelodiscus_sinensis ENSPSIG00000007298
pogona_vitticeps ENSPVIG00000016070
anolis_carolinensis ENSACAG00000015877
notechis_scutatus ENSNSUG00000011584
salvator_merianae ENSSMRG00000013783
sphenodon_punctatus ENSSPUG00000011449
phascolarctos_cinereus ENSPCIG00000022240
notamacropus_eugenii ENSMEUG00000012806
monodelphis_domestica ENSMODG00000009120
monodelphis_domestica ENSMODG00000009035
monodelphis_domestica ENSMODG00000029195
sarcophilus_harrisii ENSSHAG00000017496
pan_troglodytes ENSPTRG00000012642
pan_paniscus ENSPPAG00000042696
homo_sapiens ENSG00000152256
gorilla_gorilla ENSGGOG00000040981
pongo_abelii ENSPPYG00000012937
nomascus_leucogenys ENSNLEG00000005639
rhinopithecus_bieti ENSRBIG00000039176
rhinopithecus_roxellana ENSRROG00000044391
piliocolobus_tephrosceles ENSPTEG00000038017
colobus_angolensis_palliatus ENSCANG00000039662
macaca_mulatta ENSMMUG00000022553
macaca_fascicularis ENSMFAG00000043197
macaca_nemestrina ENSMNEG00000044795
cercocebus_atys ENSCATG00000035483
mandrillus_leucophaeus ENSMLEG00000031983
papio_anubis ENSPANG00000018423
theropithecus_gelada ENSTGEG00000019020
chlorocebus_sabaeus ENSCSAG00000014733
cebus_capucinus ENSCCAG00000023566
saimiri_boliviensis_boliviensis ENSSBOG00000019615
callithrix_jacchus ENSCJAG00000007507
aotus_nancymaae ENSANAG00000001115
carlito_syrichta ENSTSYG00000001277
propithecus_coquereli ENSPCOG00000009920
microcebus_murinus ENSMICG00000007005
prolemur_simus ENSPSMG00000023879
otolemur_garnettii ENSOGAG00000014761
tupaia_belangeri ENSTBEG00000010669
chinchilla_lanigera ENSCLAG00000005471
cavia_porcellus ENSCPOG00000008434
octodon_degus ENSODEG00000010359
heterocephalus_glaber_female ENSHGLG00000004143
fukomys_damarensis ENSFDAG00000019667
ictidomys_tridecemlineatus ENSSTOG00000006473
urocitellus_parryii ENSUPAG00010010801
marmota_marmota_marmota ENSMMMG00000023665
spermophilus_dauricus ENSSDAG00000011478
peromyscus_maniculatus_bairdii ENSPEMG00000002841
microtus_ochrogaster ENSMOCG00000020171
cricetulus_griseus_chok1gshd ENSCGRG00001016131
cricetulus_griseus_crigri ENSCGRG00000015856
cricetulus_griseus_crigri-picr ENSCGRG00015002072
cricetulus_griseus_chok1gshd ENSCGRG00001003095
cricetulus_griseus_crigri ENSCGRG00000016890
cricetulus_griseus_crigri-picr ENSCGRG00015016216
mesocricetus_auratus ENSMAUG00000019499
mus_musculus ENSMUSG00000006494
mus_spicilegus ENSMSIG00000008171
mus_spretus_strain_spret/eij MGP_SPRETEiJ_G0024572
mus_caroli_strain_caroli_eij MGP_CAROLIEiJ_G0023649
mus_pahari MGP_PahariEiJ_G0025101
rattus_norvegicus ENSRNOG00000001517
meriones_unguiculatus ENSMUGG00000022476
jaculus_jaculus ENSJJAG00000020102
castor_canadensis ENSCCNG00000016799
oryctolagus_cuniculus ENSOCUG00000025831
oryctolagus_cuniculus ENSOCUG00000025698
oryctolagus_cuniculus ENSOCUG00000000408
oryctolagus_cuniculus ENSOCUG00000027656
ochotona_princeps ENSOPRG00000005677
equus_caballus ENSECAG00000006213
equus_asinus_asinus ENSEASG00005022633
erinaceus_europaeus ENSEEUG00000007562
mustela_putorius_furo ENSMPUG00000000845
neovison_vison ENSNVIG00000007527
ursus_americanus ENSUAMG00000024277
ursus_maritimus ENSUMAG00000015250
ailuropoda_melanoleuca ENSAMEG00000001727
canis_lupus_familiaris ENSCAFG00000006315
vulpes_vulpes ENSVVUG00000013800
canis_lupus_familiaris ENSCAFG00000013060
canis_lupus_dingo ENSCAFG00020004348
panthera_pardus ENSPPRG00000007221
panthera_tigris_altaica ENSPTIG00000017044
felis_catus ENSFCAG00000031620
capra_hircus ENSCHIG00000012161
ovis_aries ENSOARG00000001014
bos_taurus ENSBTAG00000016836
bos_mutus ENSBMUG00000001319
bison_bison_bison ENSBBBG00000018765
tursiops_truncatus ENSTTRG00000011645
vicugna_pacos ENSVPAG00000001839
sus_scrofa ENSSSCG00000015958
pteropus_vampyrus ENSPVAG00000011334
myotis_lucifugus ENSMLUG00000005562
loxodonta_africana ENSLAFG00000004732
procavia_capensis ENSPCAG00000006247
choloepus_hoffmanni ENSCHOG00000006850
octodon_degus ENSODEG00000018777
cavia_aperea ENSCAPG00000006429
heterocephalus_glaber_male ENSHGLG00100012977
nannospalax_galili ENSNGAG00000021913
dipodomys_ordii ENSDORG00000000069
microcebus_murinus ENSMICG00000045779
dasypus_novemcinctus ENSDNOG00000046372
echinops_telfairi ENSETEG00000000788
sorex_araneus ENSSARG00000010306
ornithorhynchus_anatinus ENSOANG00000008586
xenopus_tropicalis ENSXETG00000007526
paramormyrops_kingsleyae ENSPKIG00000000931
scleropages_formosus ENSSFOG00015000764
takifugu_rubripes ENSTRUG00000013086
tetraodon_nigroviridis ENSTNIG00000016966
gasterosteus_aculeatus ENSGACG00000003817
scophthalmus_maximus ENSSMAG00000009151
hippocampus_comes ENSHCOG00000015994
amphiprion_ocellaris ENSAOCG00000018176
amphiprion_percula ENSAPEG00000005179
acanthochromis_polyacanthus ENSAPOG00000015675
stegastes_partitus ENSSPAG00000002320
mola_mola ENSMMOG00000000735
labrus_bergylta ENSLBEG00000010710
seriola_dumerili ENSSDUG00000010444
seriola_lalandi_dorsalis ENSSLDG00000023784
cynoglossus_semilaevis ENSCSEG00000014796
xiphophorus_maculatus ENSXMAG00000014954
xiphophorus_couchianus ENSXCOG00000003669
gambusia_affinis ENSGAFG00000012717
poecilia_formosa ENSPFOG00000017978
poecilia_mexicana ENSPMEG00000022260
poecilia_latipinna ENSPLAG00000021198
poecilia_reticulata ENSPREG00000012826
fundulus_heteroclitus ENSFHEG00000006204
cyprinodon_variegatus ENSCVAG00000005874
kryptolebias_marmoratus ENSKMAG00000005105
oryzias_latipes ENSORLG00000012173
oryzias_latipes_asm223469v1 ENSORLG00015021332
oryzias_latipes ENSORLG00020022099
oryzias_melastigma ENSOMEG00000004011
maylandia_zebra ENSMZEG00005007834
astatotilapia_calliptera ENSACLG00000024391
haplochromis_burtoni ENSHBUG00000005261
pundamilia_nyererei ENSPNYG00000001017
neolamprologus_brichardi ENSNBRG00000023313
oreochromis_niloticus ENSONIG00000018225
amphilophus_citrinellus ENSACIG00000012967
monopterus_albus ENSMALG00000013534
mastacembelus_armatus ENSMAMG00000006476
anabas_testudineus ENSATEG00000008138
periophthalmus_magnuspinnatus ENSPMGG00000003947
gadus_morhua ENSGMOG00000003034
esox_lucius ENSELUG00000008326
pygocentrus_nattereri ENSPNAG00000008307
astyanax_mexicanus ENSAMXG00000010438
ictalurus_punctatus ENSIPUG00000018521
danio_rerio ENSDARG00000020876
tetraodon_nigroviridis ENSTNIG00000004142
takifugu_rubripes ENSTRUG00000008711
mola_mola ENSMMOG00000002827
gasterosteus_aculeatus ENSGACG00000005722
labrus_bergylta ENSLBEG00000007455
amphilophus_citrinellus ENSACIG00000012780
monopterus_albus ENSMALG00000001044
mastacembelus_armatus ENSMAMG00000000884
anabas_testudineus ENSATEG00000009941
hippocampus_comes ENSHCOG00000008469
scophthalmus_maximus ENSSMAG00000014122
cynoglossus_semilaevis ENSCSEG00000012542
periophthalmus_magnuspinnatus ENSPMGG00000003395
esox_lucius ENSELUG00000014339
astyanax_mexicanus ENSAMXG00000024283
pygocentrus_nattereri ENSPNAG00000001707
danio_rerio ENSDARG00000059054
lepisosteus_oculatus ENSLOCG00000013349
latimeria_chalumnae ENSLACG00000005476
tetraodon_nigroviridis ENSTNIG00000002188
pogona_vitticeps ENSPVIG00000020208
anolis_carolinensis ENSACAG00000005384
notechis_scutatus ENSNSUG00000006968
salvator_merianae ENSSMRG00000021790
sphenodon_punctatus ENSSPUG00000015124
chelonoidis_abingdonii ENSCABG00000003835
gopherus_agassizii ENSGAGG00000002399
chrysemys_picta_bellii ENSCPBG00000027259
pelodiscus_sinensis ENSPSIG00000003745
crocodylus_porosus ENSCPRG00005007935
procavia_capensis ENSPCAG00000004697
loxodonta_africana ENSLAFG00000031711
echinops_telfairi ENSETEG00000004729
propithecus_coquereli ENSPCOG00000024290
prolemur_simus ENSPSMG00000024072
microcebus_murinus ENSMICG00000007219
otolemur_garnettii ENSOGAG00000005143
pan_troglodytes ENSPTRG00000009388
pan_paniscus ENSPPAG00000027588
homo_sapiens ENSG00000005882
gorilla_gorilla ENSGGOG00000015583
nomascus_leucogenys ENSNLEG00000008902
piliocolobus_tephrosceles ENSPTEG00000034675
colobus_angolensis_palliatus ENSCANG00000042517
mandrillus_leucophaeus ENSMLEG00000041794
theropithecus_gelada ENSTGEG00000028981
chlorocebus_sabaeus ENSCSAG00000005211
saimiri_boliviensis_boliviensis ENSSBOG00000020937
callithrix_jacchus ENSCJAG00000006896
cebus_capucinus ENSCCAG00000032710
aotus_nancymaae ENSANAG00000028595
carlito_syrichta ENSTSYG00000031470
castor_canadensis ENSCCNG00000002138
dipodomys_ordii ENSDORG00000013494
mus_spicilegus ENSMSIG00000019841
mus_spretus_strain_spret/eij MGP_SPRETEiJ_G0017844
mus_musculus ENSMUSG00000038967
mus_caroli_strain_caroli_eij MGP_CAROLIEiJ_G0016999
mus_pahari MGP_PahariEiJ_G0018128
rattus_norvegicus ENSRNOG00000004172
meriones_unguiculatus ENSMUGG00000010594
cricetulus_griseus_crigri ENSCGRG00000013109
cricetulus_griseus_chok1gshd ENSCGRG00001014853
cricetulus_griseus_crigri-picr ENSCGRG00015021373
mesocricetus_auratus ENSMAUG00000020321
peromyscus_maniculatus_bairdii ENSPEMG00000020540
microtus_ochrogaster ENSMOCG00000019896
nannospalax_galili ENSNGAG00000022231
jaculus_jaculus ENSJJAG00000009652
cavia_porcellus ENSCPOG00000021507
cavia_aperea ENSCAPG00000002730
chinchilla_lanigera ENSCLAG00000012203
heterocephalus_glaber_female ENSHGLG00000014448
heterocephalus_glaber_male ENSHGLG00100012367
fukomys_damarensis ENSFDAG00000011806
octodon_degus ENSODEG00000016830
urocitellus_parryii ENSUPAG00010005730
ictidomys_tridecemlineatus ENSSTOG00000014856
spermophilus_dauricus ENSSDAG00000011133
marmota_marmota_marmota ENSMMMG00000022729
ursus_americanus ENSUAMG00000026837
pongo_abelii ENSPPYG00000008932
oryctolagus_cuniculus ENSOCUG00000022357
myotis_lucifugus ENSMLUG00000007303
pteropus_vampyrus ENSPVAG00000006864
erinaceus_europaeus ENSEEUG00000014626
ovis_aries ENSOARG00000005308
capra_hircus ENSCHIG00000022189
bison_bison_bison ENSBBBG00000005588
bos_taurus ENSBTAG00000008744
tursiops_truncatus ENSTTRG00000005358
sus_scrofa ENSSSCG00000027198
ailuropoda_melanoleuca ENSAMEG00000012109
ursus_maritimus ENSUMAG00000014909
mustela_putorius_furo ENSMPUG00000015416
neovison_vison ENSNVIG00000007031
canis_lupus_dingo ENSCAFG00020023478
canis_lupus_familiaris ENSCAFG00000016967
vulpes_vulpes ENSVVUG00000004251
panthera_pardus ENSPPRG00000001480
panthera_tigris_altaica ENSPTIG00000008139
felis_catus ENSFCAG00000009633
equus_asinus_asinus ENSEASG00005018626
bos_mutus ENSBMUG00000022453
cercocebus_atys ENSCATG00000032247
papio_anubis ENSPANG00000022651
macaca_nemestrina ENSMNEG00000042768
macaca_fascicularis ENSMFAG00000042437
macaca_mulatta ENSMMUG00000014685
rhinopithecus_bieti ENSRBIG00000029967
rhinopithecus_roxellana ENSRROG00000036455
equus_caballus ENSECAG00000022822
dasypus_novemcinctus ENSDNOG00000040768
phascolarctos_cinereus ENSPCIG00000029164
notamacropus_eugenii ENSMEUG00000000301
sarcophilus_harrisii ENSSHAG00000012889
monodelphis_domestica ENSMODG00000012026
ornithorhynchus_anatinus ENSOANG00000008198
gallus_gallus ENSGALG00000045846
coturnix_japonica ENSCJPG00005019323
taeniopygia_guttata ENSTGUG00000014637
ficedula_albicollis ENSFALG00000005176
lonchura_striata_domestica ENSLSDG00000005256
nothoprocta_perdicaria ENSNPEG00000010667
lepidothrix_coronata ENSLCOG00000008035
junco_hyemalis ENSJHYG00000007140
melopsittacus_undulatus ENSMUNG00000001559
calidris_pygmaea ENSCPGG00000004151
calidris_pugnax ENSCPUG00000014256
apteryx_rowi ENSARWG00000000562
apteryx_owenii ENSAOWG00000019189
dromaius_novaehollandiae ENSDNVG00000002194
cyanistes_caeruleus ENSCCEG00000021892
manacus_vitellinus ENSMVIG00005005369
melopsittacus_undulatus ENSMUNG00000007544
apteryx_haastii ENSAHAG00000003255
ornithorhynchus_anatinus ENSOANG00000031083
xiphophorus_maculatus ENSXMAG00000000718
xiphophorus_couchianus ENSXCOG00000000497
gambusia_affinis ENSGAFG00000018072
poecilia_formosa ENSPFOG00000011866
poecilia_latipinna ENSPLAG00000009892
poecilia_mexicana ENSPMEG00000017738
poecilia_reticulata ENSPREG00000006153
cyprinodon_variegatus ENSCVAG00000015333
fundulus_heteroclitus ENSFHEG00000012630
kryptolebias_marmoratus ENSKMAG00000020123
oryzias_latipes ENSORLG00000004460
oryzias_latipes_asm223469v1 ENSORLG00015015168
oryzias_latipes ENSORLG00020003282
oryzias_melastigma ENSOMEG00000017495
mola_mola ENSMMOG00000020145
takifugu_rubripes ENSTRUG00000015972
labrus_bergylta ENSLBEG00000004851
cynoglossus_semilaevis ENSCSEG00000012385
seriola_dumerili ENSSDUG00000005981
seriola_lalandi_dorsalis ENSSLDG00000012350
scophthalmus_maximus ENSSMAG00000013758
monopterus_albus ENSMALG00000020401
mastacembelus_armatus ENSMAMG00000008894
anabas_testudineus ENSATEG00000000070
astatotilapia_calliptera ENSACLG00000024317
haplochromis_burtoni ENSHBUG00000018817
maylandia_zebra ENSMZEG00005008493
pundamilia_nyererei ENSPNYG00000019764
neolamprologus_brichardi ENSNBRG00000006313
oreochromis_niloticus ENSONIG00000010773
amphilophus_citrinellus ENSACIG00000001001
amphiprion_ocellaris ENSAOCG00000007135
amphiprion_percula ENSAPEG00000018102
acanthochromis_polyacanthus ENSAPOG00000003283
stegastes_partitus ENSSPAG00000003837
gasterosteus_aculeatus ENSGACG00000006683
hippocampus_comes ENSHCOG00000006090
periophthalmus_magnuspinnatus ENSPMGG00000011378
gadus_morhua ENSGMOG00000013570
esox_lucius ENSELUG00000019754
pygocentrus_nattereri ENSPNAG00000029281
astyanax_mexicanus ENSAMXG00000036789
ictalurus_punctatus ENSIPUG00000023063
danio_rerio ENSDARG00000054848
scleropages_formosus ENSSFOG00015012711
paramormyrops_kingsleyae ENSPKIG00000001694
lepisosteus_oculatus ENSLOCG00000010966
gopherus_agassizii ENSGAGG00000020856
chelonoidis_abingdonii ENSCABG00000019022
chrysemys_picta_bellii ENSCPBG00000024410
pelodiscus_sinensis ENSPSIG00000017954
crocodylus_porosus ENSCPRG00005014274
anolis_carolinensis ENSACAG00000014020
pogona_vitticeps ENSPVIG00000013396
notechis_scutatus ENSNSUG00000008628
salvator_merianae ENSSMRG00000008630
sphenodon_punctatus ENSSPUG00000012777
junco_hyemalis ENSJHYG00000016644
zonotrichia_albicollis ENSZALG00000013619
serinus_canaria ENSSCAG00000013066
taeniopygia_guttata ENSTGUG00000001585
lonchura_striata_domestica ENSLSDG00000017542
ficedula_albicollis ENSFALG00000010276
parus_major ENSPMJG00000009929
cyanistes_caeruleus ENSCCEG00000017954
lepidothrix_coronata ENSLCOG00000011801
manacus_vitellinus ENSMVIG00005003226
melopsittacus_undulatus ENSMUNG00000000955
calidris_pygmaea ENSCPGG00000006164
calidris_pugnax ENSCPUG00000009345
anas_platyrhynchos_platyrhynchos ENSAPLG00000015678
anser_brachyrhynchus ENSABRG00000003915
gallus_gallus ENSGALG00000009700
coturnix_japonica ENSCJPG00005011473
meleagris_gallopavo ENSMGAG00000009610
numida_meleagris ENSNMEG00000006023
apteryx_haastii ENSAHAG00000013716
apteryx_owenii ENSAOWG00000005000
apteryx_rowi ENSARWG00000018585
dromaius_novaehollandiae ENSDNVG00000001267
nothoprocta_perdicaria ENSNPEG00000013968
jaculus_jaculus ENSJJAG00000006344
nannospalax_galili ENSNGAG00000022928
dipodomys_ordii ENSDORG00000014682
urocitellus_parryii ENSUPAG00010018316
spermophilus_dauricus ENSSDAG00000017696
ictidomys_tridecemlineatus ENSSTOG00000021060
marmota_marmota_marmota ENSMMMG00000013241
cavia_aperea ENSCAPG00000009690
cavia_porcellus ENSCPOG00000033399
octodon_degus ENSODEG00000010586
chinchilla_lanigera ENSCLAG00000017289
heterocephalus_glaber_female ENSHGLG00000000834
heterocephalus_glaber_male ENSHGLG00100006527
fukomys_damarensis ENSFDAG00000006042
ochotona_princeps ENSOPRG00000004124
oryctolagus_cuniculus ENSOCUG00000017120
carlito_syrichta ENSTSYG00000011420
propithecus_coquereli ENSPCOG00000015783
prolemur_simus ENSPSMG00000009023
microcebus_murinus ENSMICG00000005753
otolemur_garnettii ENSOGAG00000008470
saimiri_boliviensis_boliviensis ENSSBOG00000029811
cebus_capucinus ENSCCAG00000030349
callithrix_jacchus ENSCJAG00000047805
aotus_nancymaae ENSANAG00000033937
pan_paniscus ENSPPAG00000027188
pan_troglodytes ENSPTRG00000019421
gorilla_gorilla ENSGGOG00000002467
homo_sapiens ENSG00000004799
pongo_abelii ENSPPYG00000017799
nomascus_leucogenys ENSNLEG00000015859
macaca_mulatta ENSMMUG00000021389
macaca_nemestrina ENSMNEG00000042419
macaca_fascicularis ENSMFAG00000035180
papio_anubis ENSPANG00000005011
theropithecus_gelada ENSTGEG00000000581
cercocebus_atys ENSCATG00000031905
mandrillus_leucophaeus ENSMLEG00000037032
chlorocebus_sabaeus ENSCSAG00000012972
piliocolobus_tephrosceles ENSPTEG00000032435
colobus_angolensis_palliatus ENSCANG00000028831
rhinopithecus_bieti ENSRBIG00000041524
rhinopithecus_roxellana ENSRROG00000035685
tupaia_belangeri ENSTBEG00000011093
castor_canadensis ENSCCNG00000008886
choloepus_hoffmanni ENSCHOG00000007838
dasypus_novemcinctus ENSDNOG00000012861
loxodonta_africana ENSLAFG00000011165
procavia_capensis ENSPCAG00000011873
echinops_telfairi ENSETEG00000014156
capra_hircus ENSCHIG00000013432
ovis_aries ENSOARG00000003501
bos_mutus ENSBMUG00000007627
bos_taurus ENSBTAG00000014069
bison_bison_bison ENSBBBG00000019269
tursiops_truncatus ENSTTRG00000007242
sus_scrofa ENSSSCG00000015334
vicugna_pacos ENSVPAG00000001279
equus_caballus ENSECAG00000008335
equus_asinus_asinus ENSEASG00005020903
ursus_americanus ENSUAMG00000006506
ursus_maritimus ENSUMAG00000021470
ailuropoda_melanoleuca ENSAMEG00000010313
neovison_vison ENSNVIG00000019382
mustela_putorius_furo ENSMPUG00000001556
canis_lupus_dingo ENSCAFG00020011212
canis_lupus_familiaris ENSCAFG00000002129
vulpes_vulpes ENSVVUG00000015648
panthera_tigris_altaica ENSPTIG00000005690
panthera_tigris_altaica ENSPTIG00000015273
panthera_pardus ENSPPRG00000006772
felis_catus ENSFCAG00000028642
erinaceus_europaeus ENSEEUG00000002291
sorex_araneus ENSSARG00000006674
myotis_lucifugus ENSMLUG00000007027
pteropus_vampyrus ENSPVAG00000011691
cricetulus_griseus_chok1gshd ENSCGRG00001014183
cricetulus_griseus_crigri-picr ENSCGRG00015025489
cricetulus_griseus_crigri ENSCGRG00000008988
mesocricetus_auratus ENSMAUG00000014529
microtus_ochrogaster ENSMOCG00000011306
peromyscus_maniculatus_bairdii ENSPEMG00000000623
mus_spicilegus ENSMSIG00000008220
mus_musculus ENSMUSG00000019577
mus_spretus_strain_spret/eij MGP_SPRETEiJ_G0029084
mus_caroli_strain_caroli_eij MGP_CAROLIEiJ_G0028084
mus_pahari MGP_PahariEiJ_G0021840
rattus_norvegicus ENSRNOG00000009565
meriones_unguiculatus ENSMUGG00000012377
phascolarctos_cinereus ENSPCIG00000037009
notamacropus_eugenii ENSMEUG00000000206
sarcophilus_harrisii ENSSHAG00000002941
monodelphis_domestica ENSMODG00000016516
ornithorhynchus_anatinus ENSOANG00000014566
xenopus_tropicalis ENSXETG00000020289
latimeria_chalumnae ENSLACG00000002499
eptatretus_burgeri ENSEBUG00000013013
eptatretus_burgeri ENSEBUG00000000934
petromyzon_marinus ENSPMAG00000009816
petromyzon_marinus ENSPMAG00000002440
petromyzon_marinus ENSPMAG00000002802
drosophila_melanogaster FBgn0017558
caenorhabditis_elegans_strain_n2 WBGene00022719
ciona_intestinalis ENSCING00000001943
ciona_savignyi ENSCSAVG00000007588
eptatretus_burgeri ENSEBUG00000012915
saccharomyces_cerevisiae YGL059W
