petromyzon_marinus ENSPMAG00000001164
eptatretus_burgeri ENSEBUG00000010593
hippocampus_comes ENSHCOG00000013588
periophthalmus_magnuspinnatus ENSPMGG00000021804
labrus_bergylta ENSLBEG00000010055
labrus_bergylta ENSLBEG00000016719
takifugu_rubripes ENSTRUG00000019743
larimichthys_crocea ENSLCRG00005004411
poecilia_formosa ENSPFOG00000017023
poecilia_latipinna ENSPLAG00000023984
poecilia_mexicana ENSPMEG00000012625
poecilia_reticulata ENSPREG00000011157
xiphophorus_couchianus ENSXCOG00000014657
xiphophorus_couchianus ENSXCOG00000014654
xiphophorus_maculatus ENSXMAG00000015282
gambusia_affinis ENSGAFG00000016488
gambusia_affinis ENSGAFG00000016504
cyprinodon_variegatus ENSCVAG00000007676
fundulus_heteroclitus ENSFHEG00000015503
kryptolebias_marmoratus ENSKMAG00000017891
amphiprion_ocellaris ENSAOCG00000005752
amphiprion_percula ENSAPEG00000005116
acanthochromis_polyacanthus ENSAPOG00000019678
parambassis_ranga ENSPRNG00000004600
stegastes_partitus ENSSPAG00000004829
oryzias_latipes ENSORLG00000020579
oryzias_latipes ENSORLG00015017748
oryzias_latipes ENSORLG00020008683
oryzias_melastigma ENSOMEG00000007867
gouania_willdenowi ENSGWIG00000020647
neolamprologus_brichardi ENSNBRG00000001235
oreochromis_niloticus ENSONIG00000000070
seriola_dumerili ENSSDUG00000016496
seriola_lalandi ENSSLDG00000016811
cynoglossus_semilaevis ENSCSEG00000005318
tetraodon_nigroviridis ENSTNIG00000004894
takifugu_rubripes ENSTRUG00000008631
gasterosteus_aculeatus ENSGACG00000016234
pundamilia_nyererei ENSPNYG00000000002
maylandia_zebra ENSMZEG00005022118
amphilophus_citrinellus ENSACIG00000009631
stegastes_partitus ENSSPAG00000019229
cottoperca_gobio ENSCGOG00000015955
mola_mola ENSMMOG00000004329
lates_calcarifer ENSLCAG00010000619
mastacembelus_armatus ENSMAMG00000014721
monopterus_albus ENSMALG00000019597
anabas_testudineus ENSATEG00000019461
betta_splendens ENSBSLG00000008878
gadus_morhua ENSGMOG00000016206
hucho_hucho ENSHHUG00000029432
hucho_hucho ENSHHUG00000036725
esox_lucius ENSELUG00000023372
ictalurus_punctatus ENSIPUG00000015595
denticeps_clupeoides ENSDCDG00000030236
astyanax_mexicanus ENSAMXG00000004040
astyanax_mexicanus ENSAMXG00005010540
pygocentrus_nattereri ENSPNAG00000012064
electrophorus_electricus ENSEEEG00000015928
danio_rerio ENSDARG00000098783
danio_rerio ENSDARG00000104434
scleropages_formosus ENSSFOG00015000924
lepisosteus_oculatus ENSLOCG00000011424
paramormyrops_kingsleyae ENSPKIG00000000008
clupea_harengus ENSCHAG00000023111
astatotilapia_calliptera ENSACLG00000018568
haplochromis_burtoni ENSHBUG00000017475
erpetoichthys_calabaricus ENSECRG00000022861
fukomys_damarensis ENSFDAG00000006083
cavia_aperea ENSCAPG00000013855
chinchilla_lanigera ENSCLAG00000005440
microtus_ochrogaster ENSMOCG00000022645
marmota_marmota ENSMMMG00000010201
chlorocebus_sabaeus ENSCSAG00000005130
mandrillus_leucophaeus ENSMLEG00000038867
nomascus_leucogenys ENSNLEG00000008874
equus_asinus ENSEASG00005017727
vicugna_pacos ENSVPAG00000000469
loxodonta_africana ENSLAFG00000003198
sarcophilus_harrisii ENSSHAG00000016080
rhinopithecus_bieti ENSRBIG00000042838
propithecus_coquereli ENSPCOG00000009281
spermophilus_dauricus ENSSDAG00000024734
dipodomys_ordii ENSDORG00000010077
myotis_lucifugus ENSMLUG00000028716
myotis_lucifugus ENSMLUG00000026319
pteropus_vampyrus ENSPVAG00000010951
erinaceus_europaeus ENSEEUG00000009798
dasypus_novemcinctus ENSDNOG00000007705
procavia_capensis ENSPCAG00000001554
notamacropus_eugenii ENSMEUG00000014178
tupaia_belangeri ENSTBEG00000014590
ornithorhynchus_anatinus ENSOANG00000029584
nothoprocta_perdicaria ENSNPEG00000016209
macaca_nemestrina ENSMNEG00000041844
theropithecus_gelada ENSTGEG00000021085
colobus_angolensis ENSCANG00000041857
homo_sapiens ENSG00000047315
carlito_syrichta ENSTSYG00000006881
ictidomys_tridecemlineatus ENSSTOG00000003815
heterocephalus_glaber ENSHGLG00000011712
cricetulus_griseus ENSCGRG00001021842
meriones_unguiculatus ENSMUGG00000013086
equus_caballus ENSECAG00000013610
phascolarctos_cinereus ENSPCIG00000000898
macaca_mulatta ENSMMUG00000014008
papio_anubis ENSPANG00000004759
pongo_abelii ENSPPYG00000014743
oryctolagus_cuniculus ENSOCUG00000016353
ochotona_princeps ENSOPRG00000008124
rattus_norvegicus ENSRNOG00000024779
cercocebus_atys ENSCATG00000037194
rhinopithecus_roxellana ENSRROG00000027560
pan_troglodytes ENSPTRG00000016089
pan_paniscus ENSPPAG00000040253
otolemur_garnettii ENSOGAG00000015999
cavia_porcellus ENSCPOG00000013006
octodon_degus ENSODEG00000009625
callithrix_jacchus ENSCJAG00000004118
cebus_capucinus ENSCCAG00000025655
aotus_nancymaae ENSANAG00000024663
piliocolobus_tephrosceles ENSPTEG00000026764
microcebus_murinus ENSMICG00000015166
mesocricetus_auratus ENSMAUG00000017655
cricetulus_griseus ENSCGRG00000012547
peromyscus_maniculatus ENSPEMG00000021804
mus_pahari MGP_PahariEiJ_G0017110
mus_caroli MGP_CAROLIEiJ_G0027329
marmota_marmota ENSMMMG00000021288
macaca_fascicularis ENSMFAG00000042250
nannospalax_galili ENSNGAG00000014884
cricetulus_griseus ENSCGRG00015008348
urocitellus_parryii ENSUPAG00010000170
castor_canadensis ENSCCNG00000015723
prolemur_simus ENSPSMG00000019205
gorilla_gorilla ENSGGOG00000034986
myotis_lucifugus ENSMLUG00000016746
vombatus_ursinus ENSVURG00010011199
monodelphis_domestica ENSMODG00000020704
mus_musculus ENSMUSG00000029250
mus_spicilegus ENSMSIG00000020476
mus_spretus MGP_SPRETEiJ_G0028324
heterocephalus_glaber ENSHGLG00100015575
ficedula_albicollis ENSFALG00000005896
serinus_canaria ENSSCAG00000014545
manacus_vitellinus ENSMVIG00005002440
apteryx_haastii ENSAHAG00000011400
apteryx_owenii ENSAOWG00000001683
gopherus_agassizii ENSGAGG00000013947
calidris_pygmaea ENSCPGG00000005299
calidris_pugnax ENSCPUG00000009832
melopsittacus_undulatus ENSMUNG00000000120
numida_meleagris ENSNMEG00000018857
gallus_gallus ENSGALG00000011387
parus_major ENSPMJG00000008930
lepidothrix_coronata ENSLCOG00000006178
lonchura_striata ENSLSDG00000007065
junco_hyemalis ENSJHYG00000011738
zonotrichia_albicollis ENSZALG00000016736
taeniopygia_guttata ENSTGUG00000002929
anser_brachyrhynchus ENSABRG00000008157
dromaius_novaehollandiae ENSDNVG00000014043
apteryx_rowi ENSARWG00000015126
crocodylus_porosus ENSCPRG00005006491
chrysemys_picta ENSCPBG00000015003
anolis_carolinensis ENSACAG00000002123
pogona_vitticeps ENSPVIG00000014854
notechis_scutatus ENSNSUG00000007298
salvator_merianae ENSSMRG00000005997
panthera_pardus ENSPPRG00000001235
neovison_vison ENSNVIG00000015208
bison_bison ENSBBBG00000006908
canis_lupus ENSCAFG00000002296
vulpes_vulpes ENSVVUG00000005979
mustela_putorius ENSMPUG00000004698
felis_catus ENSFCAG00000003905
capra_hircus ENSCHIG00000011013
ovis_aries ENSOARG00000005538
bos_indicus ENSBIXG00000025146
bos_indicus ENSBIXG00005008419
bos_taurus ENSBTAG00000019366
sus_scrofa ENSSSCG00000022955
ailuropoda_melanoleuca ENSAMEG00000008561
ursus_maritimus ENSUMAG00000008247
canis_lupus ENSCAFG00020027317
tursiops_truncatus ENSTTRG00000010839
bos_mutus ENSBMUG00000006354
echinops_telfairi ENSETEG00000011734
saimiri_boliviensis ENSSBOG00000023163
jaculus_jaculus ENSJJAG00000016101
ursus_americanus ENSUAMG00000003345
choloepus_hoffmanni ENSCHOG00000005259
sphenodon_punctatus ENSSPUG00000018295
cyanistes_caeruleus ENSCCEG00000021138
meleagris_gallopavo ENSMGAG00000008481
sorex_araneus ENSSARG00000001151
ursus_americanus ENSUAMG00000002725
piliocolobus_tephrosceles ENSPTEG00000003095
chelonoidis_abingdonii ENSCABG00000014086
pelodiscus_sinensis ENSPSIG00000002973
sphenodon_punctatus ENSSPUG00000018434
coturnix_japonica ENSCJPG00005010621
anas_platyrhynchos ENSAPLG00000009560
ornithorhynchus_anatinus ENSOANG00000011212
panthera_tigris ENSPTIG00000019588
xenopus_tropicalis ENSXETG00000017950
latimeria_chalumnae ENSLACG00000002956
callorhinchus_milii ENSCMIG00000016258
petromyzon_marinus ENSPMAG00000007718
eptatretus_burgeri ENSEBUG00000003813
ciona_savignyi ENSCSAVG00000000129
ciona_intestinalis ENSCING00000006386
drosophila_melanogaster FBgn0262955
caenorhabditis_elegans WBGene00016140
saccharomyces_cerevisiae YOR151C
piliocolobus_tephrosceles ENSPTEG00000000804
drosophila_melanogaster FBgn0004463
caenorhabditis_elegans WBGene00017300
xiphophorus_maculatus ENSXMAG00000001568
xiphophorus_couchianus ENSXCOG00000020478
gambusia_affinis ENSGAFG00000007066
poecilia_formosa ENSPFOG00000016446
poecilia_mexicana ENSPMEG00000018524
poecilia_latipinna ENSPLAG00000015107
poecilia_reticulata ENSPREG00000017553
fundulus_heteroclitus ENSFHEG00000008215
cyprinodon_variegatus ENSCVAG00000006557
kryptolebias_marmoratus ENSKMAG00000005022
oryzias_latipes ENSORLG00000011064
oryzias_latipes ENSORLG00020021474
oryzias_latipes ENSORLG00015012016
oryzias_melastigma ENSOMEG00000010619
gouania_willdenowi ENSGWIG00000011992
seriola_dumerili ENSSDUG00000018703
seriola_lalandi ENSSLDG00000022853
lates_calcarifer ENSLCAG00010015597
scophthalmus_maximus ENSSMAG00000006647
mastacembelus_armatus ENSMAMG00000006251
monopterus_albus ENSMALG00000003950
anabas_testudineus ENSATEG00000021713
betta_splendens ENSBSLG00000018625
tetraodon_nigroviridis ENSTNIG00000012138
takifugu_rubripes ENSTRUG00000008680
mola_mola ENSMMOG00000017047
larimichthys_crocea ENSLCRG00005019657
labrus_bergylta ENSLBEG00000025800
cottoperca_gobio ENSCGOG00000007480
gasterosteus_aculeatus ENSGACG00000011794
cynoglossus_semilaevis ENSCSEG00000005922
pundamilia_nyererei ENSPNYG00000001408
astatotilapia_calliptera ENSACLG00000027243
haplochromis_burtoni ENSHBUG00000008882
maylandia_zebra ENSMZEG00005018987
neolamprologus_brichardi ENSNBRG00000003392
oreochromis_niloticus ENSONIG00000014743
amphilophus_citrinellus ENSACIG00000005894
parambassis_ranga ENSPRNG00000002274
stegastes_partitus ENSSPAG00000008931
stegastes_partitus ENSSPAG00000008909
amphiprion_ocellaris ENSAOCG00000010619
amphiprion_percula ENSAPEG00000006829
acanthochromis_polyacanthus ENSAPOG00000018360
tetraodon_nigroviridis ENSTNIG00000012124
periophthalmus_magnuspinnatus ENSPMGG00000013671
hippocampus_comes ENSHCOG00000006817
gadus_morhua ENSGMOG00000004212
hucho_hucho ENSHHUG00000048919
hucho_hucho ENSHHUG00000048920
hucho_hucho ENSHHUG00000032953
hucho_hucho ENSHHUG00000043557
hucho_hucho ENSHHUG00000012847
esox_lucius ENSELUG00000023988
astyanax_mexicanus ENSAMXG00005021503
astyanax_mexicanus ENSAMXG00000020163
pygocentrus_nattereri ENSPNAG00000019044
ictalurus_punctatus ENSIPUG00000016720
electrophorus_electricus ENSEEEG00000004205
danio_rerio ENSDARG00000062915
clupea_harengus ENSCHAG00000006626
denticeps_clupeoides ENSDCDG00000010166
paramormyrops_kingsleyae ENSPKIG00000025403
scleropages_formosus ENSSFOG00015007437
vombatus_ursinus ENSVURG00010005226
phascolarctos_cinereus ENSPCIG00000009510
notamacropus_eugenii ENSMEUG00000002576
sarcophilus_harrisii ENSSHAG00000012005
monodelphis_domestica ENSMODG00000001884
pan_paniscus ENSPPAG00000035177
pan_troglodytes ENSPTRG00000005390
gorilla_gorilla ENSGGOG00000016608
homo_sapiens ENSG00000013503
pongo_abelii ENSPPYG00000004905
nomascus_leucogenys ENSNLEG00000006659
cercocebus_atys ENSCATG00000035334
mandrillus_leucophaeus ENSMLEG00000029122
theropithecus_gelada ENSTGEG00000011311
papio_anubis ENSPANG00000012252
macaca_nemestrina ENSMNEG00000044393
macaca_mulatta ENSMMUG00000005208
macaca_fascicularis ENSMFAG00000038425
chlorocebus_sabaeus ENSCSAG00000002957
piliocolobus_tephrosceles ENSPTEG00000017696
colobus_angolensis ENSCANG00000041067
rhinopithecus_bieti ENSRBIG00000031554
rhinopithecus_roxellana ENSRROG00000040685
saimiri_boliviensis ENSSBOG00000033029
cebus_capucinus ENSCCAG00000029080
callithrix_jacchus ENSCJAG00000014985
aotus_nancymaae ENSANAG00000036735
carlito_syrichta ENSTSYG00000014075
prolemur_simus ENSPSMG00000010965
microcebus_murinus ENSMICG00000008910
propithecus_coquereli ENSPCOG00000014476
otolemur_garnettii ENSOGAG00000014775
tupaia_belangeri ENSTBEG00000017278
mus_spretus MGP_SPRETEiJ_G0016495
mus_spicilegus ENSMSIG00000029878
mus_musculus ENSMUSG00000034453
mus_caroli MGP_CAROLIEiJ_G0015677
mus_pahari MGP_PahariEiJ_G0031407
rattus_norvegicus ENSRNOG00000007432
meriones_unguiculatus ENSMUGG00000019883
meriones_unguiculatus ENSMUGG00000019951
peromyscus_maniculatus ENSPEMG00000017461
microtus_ochrogaster ENSMOCG00000022129
cricetulus_griseus ENSCGRG00000001263
cricetulus_griseus ENSCGRG00001013651
cricetulus_griseus ENSCGRG00015012095
mesocricetus_auratus ENSMAUG00000010200
nannospalax_galili ENSNGAG00000011308
jaculus_jaculus ENSJJAG00000022575
castor_canadensis ENSCCNG00000022547
dipodomys_ordii ENSDORG00000013345
urocitellus_parryii ENSUPAG00010002116
spermophilus_dauricus ENSSDAG00000007002
ictidomys_tridecemlineatus ENSSTOG00000011849
marmota_marmota ENSMMMG00000017120
choloepus_hoffmanni ENSCHOG00000010268
dasypus_novemcinctus ENSDNOG00000001806
loxodonta_africana ENSLAFG00000001633
procavia_capensis ENSPCAG00000000881
pteropus_vampyrus ENSPVAG00000005861
myotis_lucifugus ENSMLUG00000016235
erinaceus_europaeus ENSEEUG00000013337
ursus_maritimus ENSUMAG00000017384
ursus_americanus ENSUAMG00000024267
ailuropoda_melanoleuca ENSAMEG00000016022
neovison_vison ENSNVIG00000011125
mustela_putorius ENSMPUG00000012138
canis_lupus ENSCAFG00000001851
canis_lupus ENSCAFG00020005062
vulpes_vulpes ENSVVUG00000023101
panthera_tigris ENSPTIG00000022085
panthera_pardus ENSPPRG00000012076
felis_catus ENSFCAG00000015617
equus_caballus ENSECAG00000019086
equus_asinus ENSEASG00005021189
bos_indicus ENSBIXG00000027278
bos_indicus ENSBIXG00005005753
bos_taurus ENSBTAG00000004781
bos_mutus ENSBMUG00000003546
bison_bison ENSBBBG00000004112
capra_hircus ENSCHIG00000015728
ovis_aries ENSOARG00000017461
tursiops_truncatus ENSTTRG00000010682
sus_scrofa ENSSSCG00000000169
vicugna_pacos ENSVPAG00000010478
oryctolagus_cuniculus ENSOCUG00000000884
ochotona_princeps ENSOPRG00000008568
chinchilla_lanigera ENSCLAG00000012996
octodon_degus ENSODEG00000012948
heterocephalus_glaber ENSHGLG00000008833
heterocephalus_glaber ENSHGLG00100004659
fukomys_damarensis ENSFDAG00000008736
cavia_porcellus ENSCPOG00000004891
cavia_aperea ENSCAPG00000007351
sorex_araneus ENSSARG00000013960
echinops_telfairi ENSETEG00000017715
ornithorhynchus_anatinus ENSOANG00000005536
sphenodon_punctatus ENSSPUG00000004905
sphenodon_punctatus ENSSPUG00000004872
pogona_vitticeps ENSPVIG00000018790
anolis_carolinensis ENSACAG00000015400
notechis_scutatus ENSNSUG00000012871
salvator_merianae ENSSMRG00000015896
lepidothrix_coronata ENSLCOG00000008841
manacus_vitellinus ENSMVIG00005017753
junco_hyemalis ENSJHYG00000007789
zonotrichia_albicollis ENSZALG00000003371
serinus_canaria ENSSCAG00000003277
taeniopygia_guttata ENSTGUG00000011035
lonchura_striata ENSLSDG00000014660
ficedula_albicollis ENSFALG00000013416
parus_major ENSPMJG00000008714
cyanistes_caeruleus ENSCCEG00000007010
melopsittacus_undulatus ENSMUNG00000001791
calidris_pygmaea ENSCPGG00000011562
calidris_pugnax ENSCPUG00000015267
anser_brachyrhynchus ENSABRG00000004704
anas_platyrhynchos ENSAPLG00000005305
gallus_gallus ENSGALG00000012655
meleagris_gallopavo ENSMGAG00000012873
coturnix_japonica ENSCJPG00005018285
numida_meleagris ENSNMEG00000011907
apteryx_haastii ENSAHAG00000004719
apteryx_owenii ENSAOWG00000012961
apteryx_rowi ENSARWG00000007476
dromaius_novaehollandiae ENSDNVG00000007257
nothoprocta_perdicaria ENSNPEG00000015784
crocodylus_porosus ENSCPRG00005018476
gopherus_agassizii ENSGAGG00000014364
chelonoidis_abingdonii ENSCABG00000002949
chrysemys_picta ENSCPBG00000023199
pelodiscus_sinensis ENSPSIG00000015650
xenopus_tropicalis ENSXETG00000009757
latimeria_chalumnae ENSLACG00000017054
callorhinchus_milii ENSCMIG00000013840
erpetoichthys_calabaricus ENSECRG00000006087
lepisosteus_oculatus ENSLOCG00000015249
petromyzon_marinus ENSPMAG00000008197
eptatretus_burgeri ENSEBUG00000010186
petromyzon_marinus ENSPMAG00000002089
ciona_intestinalis ENSCING00000022904
ciona_intestinalis ENSCING00000018498
ciona_intestinalis ENSCING00000007021
ciona_intestinalis ENSCING00000023381
ciona_savignyi ENSCSAVG00000007982
saccharomyces_cerevisiae YOR207C
piliocolobus_tephrosceles ENSPTEG00000006913
piliocolobus_tephrosceles ENSPTEG00000019309
junco_hyemalis ENSJHYG00000003274
periophthalmus_magnuspinnatus ENSPMGG00000017095
anolis_carolinensis ENSACAG00000007117
anolis_carolinensis ENSACAG00000005660
pogona_vitticeps ENSPVIG00000013480
notechis_scutatus ENSNSUG00000015977
salvator_merianae ENSSMRG00000014987
sphenodon_punctatus ENSSPUG00000014298
apteryx_haastii ENSAHAG00000012453
apteryx_owenii ENSAOWG00000011441
apteryx_rowi ENSARWG00000008198
dromaius_novaehollandiae ENSDNVG00000000209
nothoprocta_perdicaria ENSNPEG00000003570
lepidothrix_coronata ENSLCOG00000012935
manacus_vitellinus ENSMVIG00005013573
lonchura_striata ENSLSDG00000015936
taeniopygia_guttata ENSTGUG00000005237
serinus_canaria ENSSCAG00000015161
parus_major ENSPMJG00000004049
cyanistes_caeruleus ENSCCEG00000000386
junco_hyemalis ENSJHYG00000010689
zonotrichia_albicollis ENSZALG00000005868
ficedula_albicollis ENSFALG00000000717
calidris_pygmaea ENSCPGG00000014960
calidris_pugnax ENSCPUG00000003628
melopsittacus_undulatus ENSMUNG00000012107
anser_brachyrhynchus ENSABRG00000001813
anas_platyrhynchos ENSAPLG00000004142
gallus_gallus ENSGALG00000032273
coturnix_japonica ENSCJPG00005004197
meleagris_gallopavo ENSMGAG00000007074
numida_meleagris ENSNMEG00000010902
crocodylus_porosus ENSCPRG00005008080
gopherus_agassizii ENSGAGG00000016312
chelonoidis_abingdonii ENSCABG00000021006
chrysemys_picta ENSCPBG00000003962
pelodiscus_sinensis ENSPSIG00000002443
vombatus_ursinus ENSVURG00010015997
phascolarctos_cinereus ENSPCIG00000029738
notamacropus_eugenii ENSMEUG00000013915
monodelphis_domestica ENSMODG00000006573
sarcophilus_harrisii ENSSHAG00000017013
ovis_aries ENSOARG00000020904
capra_hircus ENSCHIG00000014527
bos_indicus ENSBIXG00000016379
bos_indicus ENSBIXG00005005417
bos_taurus ENSBTAG00000014166
bos_mutus ENSBMUG00000007840
bison_bison ENSBBBG00000016563
sus_scrofa ENSSSCG00000008098
tursiops_truncatus ENSTTRG00000010988
vicugna_pacos ENSVPAG00000011111
myotis_lucifugus ENSMLUG00000004910
erinaceus_europaeus ENSEEUG00000004559
sorex_araneus ENSSARG00000008055
canis_lupus ENSCAFG00000007174
canis_lupus ENSCAFG00020017367
vulpes_vulpes ENSVVUG00000028670
mustela_putorius ENSMPUG00000009644
neovison_vison ENSNVIG00000017147
ursus_maritimus ENSUMAG00000008619
ursus_americanus ENSUAMG00000022527
ailuropoda_melanoleuca ENSAMEG00000010826
panthera_pardus ENSPPRG00000005760
panthera_tigris ENSPTIG00000013496
felis_catus ENSFCAG00000008091
equus_asinus ENSEASG00005006504
equus_caballus ENSECAG00000010062
ursus_americanus ENSUAMG00000009809
pteropus_vampyrus ENSPVAG00000005727
castor_canadensis ENSCCNG00000030824
dipodomys_ordii ENSDORG00000014309
cricetulus_griseus ENSCGRG00001014254
cricetulus_griseus ENSCGRG00015014346
cricetulus_griseus ENSCGRG00000017847
microtus_ochrogaster ENSMOCG00000005942
peromyscus_maniculatus ENSPEMG00000008619
mus_spretus MGP_SPRETEiJ_G0025201
mus_spicilegus ENSMSIG00000017893
mus_musculus ENSMUSG00000027395
mus_caroli MGP_CAROLIEiJ_G0024281
mus_pahari MGP_PahariEiJ_G0025726
meriones_unguiculatus ENSMUGG00000022134
nannospalax_galili ENSNGAG00000021472
mesocricetus_auratus ENSMAUG00000010593
rattus_norvegicus ENSRNOG00000018349
jaculus_jaculus ENSJJAG00000000143
cavia_porcellus ENSCPOG00000015744
cavia_aperea ENSCAPG00000012821
octodon_degus ENSODEG00000005501
chinchilla_lanigera ENSCLAG00000004899
heterocephalus_glaber ENSHGLG00000011497
heterocephalus_glaber ENSHGLG00100009371
fukomys_damarensis ENSFDAG00000020976
ictidomys_tridecemlineatus ENSSTOG00000008160
urocitellus_parryii ENSUPAG00010009734
spermophilus_dauricus ENSSDAG00000017202
marmota_marmota ENSMMMG00000002463
oryctolagus_cuniculus ENSOCUG00000006058
ochotona_princeps ENSOPRG00000012742
pan_troglodytes ENSPTRG00000012366
pan_paniscus ENSPPAG00000002774
homo_sapiens ENSG00000125630
gorilla_gorilla ENSGGOG00000013494
pongo_abelii ENSPPYG00000012168
nomascus_leucogenys ENSNLEG00000001656
macaca_mulatta ENSMMUG00000009468
macaca_fascicularis ENSMFAG00000032912
macaca_nemestrina ENSMNEG00000036047
chlorocebus_sabaeus ENSCSAG00000016783
mandrillus_leucophaeus ENSMLEG00000030588
cercocebus_atys ENSCATG00000037382
papio_anubis ENSPANG00000023423
theropithecus_gelada ENSTGEG00000000165
piliocolobus_tephrosceles ENSPTEG00000018199
rhinopithecus_bieti ENSRBIG00000019757
colobus_angolensis ENSCANG00000039531
cebus_capucinus ENSCCAG00000035252
callithrix_jacchus ENSCJAG00000016433
saimiri_boliviensis ENSSBOG00000024562
aotus_nancymaae ENSANAG00000026201
carlito_syrichta ENSTSYG00000003669
propithecus_coquereli ENSPCOG00000015852
microcebus_murinus ENSMICG00000013245
prolemur_simus ENSPSMG00000016526
otolemur_garnettii ENSOGAG00000007367
tupaia_belangeri ENSTBEG00000014861
loxodonta_africana ENSLAFG00000007659
procavia_capensis ENSPCAG00000013293
echinops_telfairi ENSETEG00000004001
dasypus_novemcinctus ENSDNOG00000017718
choloepus_hoffmanni ENSCHOG00000007229
ornithorhynchus_anatinus ENSOANG00000003621
xenopus_tropicalis ENSXETG00000014031
latimeria_chalumnae ENSLACG00000009481
hippocampus_comes ENSHCOG00000000709
periophthalmus_magnuspinnatus ENSPMGG00000021622
cottoperca_gobio ENSCGOG00000006699
gasterosteus_aculeatus ENSGACG00000003012
larimichthys_crocea ENSLCRG00005005227
takifugu_rubripes ENSTRUG00000006581
tetraodon_nigroviridis ENSTNIG00000002722
mola_mola ENSMMOG00000008388
labrus_bergylta ENSLBEG00000027396
amphiprion_percula ENSAPEG00000004971
amphiprion_ocellaris ENSAOCG00000004249
acanthochromis_polyacanthus ENSAPOG00000000931
stegastes_partitus ENSSPAG00000006345
oryzias_latipes ENSORLG00000000890
oryzias_latipes ENSORLG00015011105
oryzias_melastigma ENSOMEG00000005073
parambassis_ranga ENSPRNG00000001571
gouania_willdenowi ENSGWIG00000001942
maylandia_zebra ENSMZEG00005011850
astatotilapia_calliptera ENSACLG00000019089
pundamilia_nyererei ENSPNYG00000004767
haplochromis_burtoni ENSHBUG00000012650
neolamprologus_brichardi ENSNBRG00000017979
oreochromis_niloticus ENSONIG00000010382
amphilophus_citrinellus ENSACIG00000002290
poecilia_formosa ENSPFOG00000010484
poecilia_mexicana ENSPMEG00000006810
poecilia_latipinna ENSPLAG00000007518
poecilia_reticulata ENSPREG00000002867
xiphophorus_couchianus ENSXCOG00000006080
xiphophorus_maculatus ENSXMAG00000007723
gambusia_affinis ENSGAFG00000001383
fundulus_heteroclitus ENSFHEG00000000533
cyprinodon_variegatus ENSCVAG00000005824
kryptolebias_marmoratus ENSKMAG00000016037
scophthalmus_maximus ENSSMAG00000013682
cynoglossus_semilaevis ENSCSEG00000008564
seriola_dumerili ENSSDUG00000019471
lates_calcarifer ENSLCAG00010008949
mastacembelus_armatus ENSMAMG00000013118
monopterus_albus ENSMALG00000008958
anabas_testudineus ENSATEG00000010957
betta_splendens ENSBSLG00000004907
seriola_lalandi ENSSLDG00000015398
gadus_morhua ENSGMOG00000005847
hucho_hucho ENSHHUG00000049283
hucho_hucho ENSHHUG00000035432
esox_lucius ENSELUG00000019627
denticeps_clupeoides ENSDCDG00000035176
astyanax_mexicanus ENSAMXG00005007429
astyanax_mexicanus ENSAMXG00000037818
pygocentrus_nattereri ENSPNAG00000013503
ictalurus_punctatus ENSIPUG00000018216
electrophorus_electricus ENSEEEG00000004702
danio_rerio ENSDARG00000077469
paramormyrops_kingsleyae ENSPKIG00000007536
scleropages_formosus ENSSFOG00015004632
lepisosteus_oculatus ENSLOCG00000016558
erpetoichthys_calabaricus ENSECRG00000018074
callorhinchus_milii ENSCMIG00000014586
eptatretus_burgeri ENSEBUG00000015791
eptatretus_burgeri ENSEBUG00000011908
ciona_intestinalis ENSCING00000003329
drosophila_melanogaster FBgn0003278
caenorhabditis_elegans WBGene00008781
saccharomyces_cerevisiae YPR010C
