ciona_intestinalis ENSCING00000024239
ciona_savignyi ENSCSAVG00000002233
ciona_savignyi ENSCSAVG00000002238
pogona_vitticeps ENSPVIG00000012527
anolis_carolinensis ENSACAG00000007116
notechis_scutatus ENSNSUG00000018377
salvator_merianae ENSSMRG00000017978
sphenodon_punctatus ENSSPUG00000007822
calidris_pygmaea ENSCPGG00000005080
calidris_pugnax ENSCPUG00000017006
melopsittacus_undulatus ENSMUNG00000002784
manacus_vitellinus ENSMVIG00005016204
lepidothrix_coronata ENSLCOG00000014838
apteryx_haastii ENSAHAG00000014432
apteryx_rowi ENSARWG00000002630
apteryx_owenii ENSAOWG00000013197
dromaius_novaehollandiae ENSDNVG00000006996
nothoprocta_perdicaria ENSNPEG00000000229
crocodylus_porosus ENSCPRG00005006607
gopherus_agassizii ENSGAGG00000019386
chelonoidis_abingdonii ENSCABG00000019643
chrysemys_picta_bellii ENSCPBG00000015996
pelodiscus_sinensis ENSPSIG00000014558
phascolarctos_cinereus ENSPCIG00000005506
notamacropus_eugenii ENSMEUG00000008435
sarcophilus_harrisii ENSSHAG00000000533
monodelphis_domestica ENSMODG00000021258
pan_paniscus ENSPPAG00000030858
pan_troglodytes ENSPTRG00000015511
homo_sapiens ENSG00000071794
gorilla_gorilla ENSGGOG00000001261
pongo_abelii ENSPPYG00000014193
nomascus_leucogenys ENSNLEG00000002612
cercocebus_atys ENSCATG00000043955
mandrillus_leucophaeus ENSMLEG00000029059
papio_anubis ENSPANG00000009264
theropithecus_gelada ENSTGEG00000007369
macaca_mulatta ENSMMUG00000005526
macaca_nemestrina ENSMNEG00000032097
macaca_fascicularis ENSMFAG00000033863
chlorocebus_sabaeus ENSCSAG00000011449
rhinopithecus_roxellana ENSRROG00000028898
rhinopithecus_bieti ENSRBIG00000015981
colobus_angolensis_palliatus ENSCANG00000033879
piliocolobus_tephrosceles ENSPTEG00000007385
cebus_capucinus ENSCCAG00000026957
saimiri_boliviensis_boliviensis ENSSBOG00000035436
callithrix_jacchus ENSCJAG00000001426
aotus_nancymaae ENSANAG00000036474
carlito_syrichta ENSTSYG00000014645
microcebus_murinus ENSMICG00000049468
prolemur_simus ENSPSMG00000007621
propithecus_coquereli ENSPCOG00000021668
otolemur_garnettii ENSOGAG00000008324
chinchilla_lanigera ENSCLAG00000003408
octodon_degus ENSODEG00000009415
cavia_porcellus ENSCPOG00000001238
cavia_aperea ENSCAPG00000012290
heterocephalus_glaber_female ENSHGLG00000012503
heterocephalus_glaber_male ENSHGLG00100007476
fukomys_damarensis ENSFDAG00000011265
spermophilus_dauricus ENSSDAG00000003313
urocitellus_parryii ENSUPAG00010000994
ictidomys_tridecemlineatus ENSSTOG00000001694
marmota_marmota_marmota ENSMMMG00000016808
dipodomys_ordii ENSDORG00000016121
castor_canadensis ENSCCNG00000025564
cricetulus_griseus_crigri ENSCGRG00000015812
cricetulus_griseus_chok1gshd ENSCGRG00001009501
cricetulus_griseus_crigri-picr ENSCGRG00015028010
mesocricetus_auratus ENSMAUG00000009077
peromyscus_maniculatus_bairdii ENSPEMG00000016172
microtus_ochrogaster ENSMOCG00000019747
mus_spicilegus ENSMSIG00000025336
mus_musculus ENSMUSG00000002428
mus_spretus_strain_spret/eij MGP_SPRETEiJ_G0025809
mus_caroli_strain_caroli_eij MGP_CAROLIEiJ_G0024878
mus_pahari MGP_PahariEiJ_G0026323
rattus_norvegicus ENSRNOG00000000082
meriones_unguiculatus ENSMUGG00000010627
nannospalax_galili ENSNGAG00000018333
jaculus_jaculus ENSJJAG00000020192
oryctolagus_cuniculus ENSOCUG00000003520
ochotona_princeps ENSOPRG00000009532
tupaia_belangeri ENSTBEG00000001461
ovis_aries ENSOARG00000005180
capra_hircus ENSCHIG00000024059
bos_taurus ENSBTAG00000019704
bos_mutus ENSBMUG00000022266
bison_bison_bison ENSBBBG00000017803
tursiops_truncatus ENSTTRG00000004565
sus_scrofa ENSSSCG00000025293
vicugna_pacos ENSVPAG00000009002
ursus_americanus ENSUAMG00000007594
ursus_maritimus ENSUMAG00000012391
ailuropoda_melanoleuca ENSAMEG00000010901
mustela_putorius_furo ENSMPUG00000002436
neovison_vison ENSNVIG00000013881
canis_lupus_familiaris ENSCAFG00000008276
canis_lupus_dingo ENSCAFG00020018945
vulpes_vulpes ENSVVUG00000012173
panthera_pardus ENSPPRG00000006271
panthera_tigris_altaica ENSPTIG00000020394
felis_catus ENSFCAG00000003221
pteropus_vampyrus ENSPVAG00000012583
myotis_lucifugus ENSMLUG00000014077
equus_caballus ENSECAG00000024277
equus_asinus_asinus ENSEASG00005021834
erinaceus_europaeus ENSEEUG00000015484
sorex_araneus ENSSARG00000011491
choloepus_hoffmanni ENSCHOG00000010519
dasypus_novemcinctus ENSDNOG00000015496
echinops_telfairi ENSETEG00000005442
procavia_capensis ENSPCAG00000015708
loxodonta_africana ENSLAFG00000006515
ornithorhynchus_anatinus ENSOANG00000000614
xenopus_tropicalis ENSXETG00000029917
latimeria_chalumnae ENSLACG00000007872
pygocentrus_nattereri ENSPNAG00000024648
astyanax_mexicanus ENSAMXG00000006359
danio_rerio ENSDARG00000026053
seriola_lalandi_dorsalis ENSSLDG00000024327
seriola_dumerili ENSSDUG00000012132
scophthalmus_maximus ENSSMAG00000014867
mastacembelus_armatus ENSMAMG00000002011
monopterus_albus ENSMALG00000011500
anabas_testudineus ENSATEG00000007014
amphiprion_percula ENSAPEG00000012535
amphiprion_ocellaris ENSAOCG00000018984
acanthochromis_polyacanthus ENSAPOG00000010761
stegastes_partitus ENSSPAG00000002948
astatotilapia_calliptera ENSACLG00000005486
maylandia_zebra ENSMZEG00005003008
haplochromis_burtoni ENSHBUG00000014165
pundamilia_nyererei ENSPNYG00000007026
oreochromis_niloticus ENSONIG00000000740
neolamprologus_brichardi ENSNBRG00000008743
amphilophus_citrinellus ENSACIG00000005072
xiphophorus_maculatus ENSXMAG00000009324
xiphophorus_couchianus ENSXCOG00000014232
gambusia_affinis ENSGAFG00000019125
poecilia_mexicana ENSPMEG00000010981
poecilia_mexicana ENSPMEG00000002978
poecilia_formosa ENSPFOG00000013939
poecilia_latipinna ENSPLAG00000008213
poecilia_reticulata ENSPREG00000011232
fundulus_heteroclitus ENSFHEG00000017298
cyprinodon_variegatus ENSCVAG00000019985
kryptolebias_marmoratus ENSKMAG00000004022
oryzias_latipes ENSORLG00020019618
oryzias_latipes ENSORLG00000012329
oryzias_latipes_asm223469v1 ENSORLG00015017166
oryzias_melastigma ENSOMEG00000015810
gasterosteus_aculeatus ENSGACG00000010755
labrus_bergylta ENSLBEG00000028277
takifugu_rubripes ENSTRUG00000014279
tetraodon_nigroviridis ENSTNIG00000019430
mola_mola ENSMMOG00000011910
cynoglossus_semilaevis ENSCSEG00000003631
hippocampus_comes ENSHCOG00000015160
periophthalmus_magnuspinnatus ENSPMGG00000015874
gadus_morhua ENSGMOG00000012840
esox_lucius ENSELUG00000015109
scleropages_formosus ENSSFOG00015009816
paramormyrops_kingsleyae ENSPKIG00000021535
lepisosteus_oculatus ENSLOCG00000007640
