panthera_pardus ENSPPRG00000011911
panthera_tigris_altaica ENSPTIG00000013151
felis_catus ENSFCAG00000043671
ursus_maritimus ENSUMAG00000002984
pteropus_vampyrus ENSPVAG00000016234
sus_scrofa ENSSSCG00000031859
sus_scrofa ENSSSCG00000034273
sus_scrofa ENSSSCG00000037456
bos_mutus ENSBMUG00000002551
bos_taurus ENSBTAG00000054146
ovis_aries ENSOARG00000016189
choloepus_hoffmanni ENSCHOG00000013398
dasypus_novemcinctus ENSDNOG00000036732
dasypus_novemcinctus ENSDNOG00000036400
choloepus_hoffmanni ENSCHOG00000008042
dasypus_novemcinctus ENSDNOG00000044298
dasypus_novemcinctus ENSDNOG00000037636
dasypus_novemcinctus ENSDNOG00000037235
dasypus_novemcinctus ENSDNOG00000049426
dasypus_novemcinctus ENSDNOG00000038668
dasypus_novemcinctus ENSDNOG00000025164
dasypus_novemcinctus ENSDNOG00000031482
dasypus_novemcinctus ENSDNOG00000035708
dasypus_novemcinctus ENSDNOG00000038769
dasypus_novemcinctus ENSDNOG00000047008
dasypus_novemcinctus ENSDNOG00000040213
dasypus_novemcinctus ENSDNOG00000044880
dasypus_novemcinctus ENSDNOG00000047744
dasypus_novemcinctus ENSDNOG00000031871
dasypus_novemcinctus ENSDNOG00000048198
dasypus_novemcinctus ENSDNOG00000046145
dasypus_novemcinctus ENSDNOG00000033088
dasypus_novemcinctus ENSDNOG00000034508
dasypus_novemcinctus ENSDNOG00000012582
dasypus_novemcinctus ENSDNOG00000036235
dasypus_novemcinctus ENSDNOG00000024823
dasypus_novemcinctus ENSDNOG00000048269
dasypus_novemcinctus ENSDNOG00000014806
dasypus_novemcinctus ENSDNOG00000047837
dasypus_novemcinctus ENSDNOG00000036369
dasypus_novemcinctus ENSDNOG00000003819
choloepus_hoffmanni ENSCHOG00000010046
dasypus_novemcinctus ENSDNOG00000044780
dasypus_novemcinctus ENSDNOG00000023793
dasypus_novemcinctus ENSDNOG00000032475
dasypus_novemcinctus ENSDNOG00000031624
dasypus_novemcinctus ENSDNOG00000046505
dasypus_novemcinctus ENSDNOG00000036231
dasypus_novemcinctus ENSDNOG00000014781
choloepus_hoffmanni ENSCHOG00000010698
dasypus_novemcinctus ENSDNOG00000010832
echinops_telfairi ENSETEG00000007210
echinops_telfairi ENSETEG00000009405
echinops_telfairi ENSETEG00000000882
echinops_telfairi ENSETEG00000012562
echinops_telfairi ENSETEG00000002933
echinops_telfairi ENSETEG00000014386
echinops_telfairi ENSETEG00000013504
echinops_telfairi ENSETEG00000016706
echinops_telfairi ENSETEG00000001384
loxodonta_africana ENSLAFG00000029476
loxodonta_africana ENSLAFG00000030042
loxodonta_africana ENSLAFG00000030697
loxodonta_africana ENSLAFG00000029142
procavia_capensis ENSPCAG00000009665
loxodonta_africana ENSLAFG00000029358
loxodonta_africana ENSLAFG00000030557
echinops_telfairi ENSETEG00000020055
echinops_telfairi ENSETEG00000013280
loxodonta_africana ENSLAFG00000026056
echinops_telfairi ENSETEG00000010376
ursus_maritimus ENSUMAG00000002987
ursus_americanus ENSUAMG00000004436
ursus_americanus ENSUAMG00000002878
ursus_americanus ENSUAMG00000009787
ailuropoda_melanoleuca ENSAMEG00000013509
mustela_putorius_furo ENSMPUG00000018702
vulpes_vulpes ENSVVUG00000026982
canis_lupus_dingo ENSCAFG00020007640
felis_catus ENSFCAG00000036671
felis_catus ENSFCAG00000041503
panthera_pardus ENSPPRG00000011931
panthera_pardus ENSPPRG00000011918
felis_catus ENSFCAG00000043404
felis_catus ENSFCAG00000037147
bos_taurus ENSBTAG00000049017
tupaia_belangeri ENSTBEG00000016996
tupaia_belangeri ENSTBEG00000013804
