monopterus_albus ENSMALG00000007280
eptatretus_burgeri ENSEBUG00000012213
stegastes_partitus ENSSPAG00000006348
kryptolebias_marmoratus ENSKMAG00000014422
periophthalmus_magnuspinnatus ENSPMGG00000022993
labrus_bergylta ENSLBEG00000018026
gasterosteus_aculeatus ENSGACG00000016480
mola_mola ENSMMOG00000000864
takifugu_rubripes ENSTRUG00000011587
poecilia_formosa ENSPFOG00000008317
poecilia_mexicana ENSPMEG00000020264
poecilia_latipinna ENSPLAG00000006826
poecilia_reticulata ENSPREG00000017568
gambusia_affinis ENSGAFG00000011978
xiphophorus_maculatus ENSXMAG00000004317
xiphophorus_couchianus ENSXCOG00000002447
fundulus_heteroclitus ENSFHEG00000004599
cyprinodon_variegatus ENSCVAG00000016740
oryzias_latipes_asm223469v1 ENSORLG00015011626
oryzias_latipes ENSORLG00000005913
oryzias_latipes ENSORLG00020005159
oryzias_melastigma ENSOMEG00000007657
haplochromis_burtoni ENSHBUG00000017885
pundamilia_nyererei ENSPNYG00000007690
astatotilapia_calliptera ENSACLG00000005203
maylandia_zebra ENSMZEG00005019816
oreochromis_niloticus ENSONIG00000007724
neolamprologus_brichardi ENSNBRG00000008882
amphilophus_citrinellus ENSACIG00000016953
amphiprion_ocellaris ENSAOCG00000014500
amphiprion_percula ENSAPEG00000017159
acanthochromis_polyacanthus ENSAPOG00000020475
scophthalmus_maximus ENSSMAG00000005935
cynoglossus_semilaevis ENSCSEG00000019817
seriola_dumerili ENSSDUG00000016254
seriola_lalandi_dorsalis ENSSLDG00000007020
mastacembelus_armatus ENSMAMG00000015040
monopterus_albus ENSMALG00000020368
tetraodon_nigroviridis ENSTNIG00000007518
hippocampus_comes ENSHCOG00000011669
gadus_morhua ENSGMOG00000003347
esox_lucius ENSELUG00000009111
astyanax_mexicanus ENSAMXG00000008099
pygocentrus_nattereri ENSPNAG00000023349
danio_rerio ENSDARG00000105195
ictalurus_punctatus ENSIPUG00000017629
lepisosteus_oculatus ENSLOCG00000011784
scleropages_formosus ENSSFOG00015022418
paramormyrops_kingsleyae ENSPKIG00000005946
latimeria_chalumnae ENSLACG00000005081
xenopus_tropicalis ENSXETG00000000706
xenopus_tropicalis ENSXETG00000003007
anolis_carolinensis ENSACAG00000021095
pogona_vitticeps ENSPVIG00000014895
notechis_scutatus ENSNSUG00000015041
salvator_merianae ENSSMRG00000016292
sphenodon_punctatus ENSSPUG00000019168
anser_brachyrhynchus ENSABRG00000004394
anas_platyrhynchos_platyrhynchos ENSAPLG00000006757
gallus_gallus ENSGALG00000003387
coturnix_japonica ENSCJPG00005006599
meleagris_gallopavo ENSMGAG00000003141
numida_meleagris ENSNMEG00000001633
taeniopygia_guttata ENSTGUG00000001971
lonchura_striata_domestica ENSLSDG00000010508
serinus_canaria ENSSCAG00000001064
zonotrichia_albicollis ENSZALG00000008225
ficedula_albicollis ENSFALG00000002105
cyanistes_caeruleus ENSCCEG00000010298
parus_major ENSPMJG00000015794
lepidothrix_coronata ENSLCOG00000007065
manacus_vitellinus ENSMVIG00005010209
melopsittacus_undulatus ENSMUNG00000014252
calidris_pugnax ENSCPUG00000018467
calidris_pygmaea ENSCPGG00000008560
dromaius_novaehollandiae ENSDNVG00000013252
nothoprocta_perdicaria ENSNPEG00000002270
apteryx_owenii ENSAOWG00000008891
apteryx_rowi ENSARWG00000012781
apteryx_haastii ENSAHAG00000010692
crocodylus_porosus ENSCPRG00005015687
chelonoidis_abingdonii ENSCABG00000006434
gopherus_agassizii ENSGAGG00000011966
chrysemys_picta_bellii ENSCPBG00000021311
phascolarctos_cinereus ENSPCIG00000022775
notamacropus_eugenii ENSMEUG00000016489
monodelphis_domestica ENSMODG00000020382
sarcophilus_harrisii ENSSHAG00000010525
pteropus_vampyrus ENSPVAG00000013255
myotis_lucifugus ENSMLUG00000000230
equus_asinus_asinus ENSEASG00005014955
equus_caballus ENSECAG00000024728
bos_mutus ENSBMUG00000002879
bos_mutus ENSBMUG00000005533
bos_taurus ENSBTAG00000015648
bison_bison_bison ENSBBBG00000022839
ovis_aries ENSOARG00000011506
capra_hircus ENSCHIG00000012397
tursiops_truncatus ENSTTRG00000003250
vicugna_pacos ENSVPAG00000010130
neovison_vison ENSNVIG00000003434
mustela_putorius_furo ENSMPUG00000015133
ursus_americanus ENSUAMG00000022482
ursus_maritimus ENSUMAG00000012891
ailuropoda_melanoleuca ENSAMEG00000003283
canis_lupus_familiaris ENSCAFG00000018794
canis_lupus_dingo ENSCAFG00020016768
vulpes_vulpes ENSVVUG00000022084
vulpes_vulpes ENSVVUG00000002401
canis_lupus_dingo ENSCAFG00020005023
panthera_pardus ENSPPRG00000023534
panthera_tigris_altaica ENSPTIG00000002442
felis_catus ENSFCAG00000029775
erinaceus_europaeus ENSEEUG00000012676
sorex_araneus ENSSARG00000009903
pan_troglodytes ENSPTRG00000016785
pan_paniscus ENSPPAG00000042627
homo_sapiens ENSG00000168724
gorilla_gorilla ENSGGOG00000024744
pongo_abelii ENSPPYG00000015391
nomascus_leucogenys ENSNLEG00000014463
piliocolobus_tephrosceles ENSPTEG00000025796
colobus_angolensis_palliatus ENSCANG00000009741
rhinopithecus_roxellana ENSRROG00000037577
rhinopithecus_bieti ENSRBIG00000034952
macaca_fascicularis ENSMFAG00000001345
macaca_nemestrina ENSMNEG00000035975
macaca_mulatta ENSMMUG00000000446
cercocebus_atys ENSCATG00000029357
mandrillus_leucophaeus ENSMLEG00000011252
theropithecus_gelada ENSTGEG00000006134
papio_anubis ENSPANG00000002427
chlorocebus_sabaeus ENSCSAG00000017112
saimiri_boliviensis_boliviensis ENSSBOG00000035312
saimiri_boliviensis_boliviensis ENSSBOG00000028616
cebus_capucinus ENSCCAG00000038110
callithrix_jacchus ENSCJAG00000018495
aotus_nancymaae ENSANAG00000029512
carlito_syrichta ENSTSYG00000006288
propithecus_coquereli ENSPCOG00000019875
microcebus_murinus ENSMICG00000005679
otolemur_garnettii ENSOGAG00000001468
tupaia_belangeri ENSTBEG00000011821
chinchilla_lanigera ENSCLAG00000011176
cavia_aperea ENSCAPG00000012448
octodon_degus ENSODEG00000002445
octodon_degus ENSODEG00000012748
heterocephalus_glaber_male ENSHGLG00100002047
heterocephalus_glaber_female ENSHGLG00000003933
heterocephalus_glaber_female ENSHGLG00000006827
fukomys_damarensis ENSFDAG00000013492
urocitellus_parryii ENSUPAG00010002432
marmota_marmota_marmota ENSMMMG00000003040
spermophilus_dauricus ENSSDAG00000001212
ictidomys_tridecemlineatus ENSSTOG00000009616
castor_canadensis ENSCCNG00000003354
dipodomys_ordii ENSDORG00000009370
mus_spicilegus ENSMSIG00000002616
mus_spretus_strain_spret/eij MGP_SPRETEiJ_G0020561
mus_musculus ENSMUSG00000044224
mus_caroli_strain_caroli_eij MGP_CAROLIEiJ_G0019664
mus_pahari MGP_PahariEiJ_G0016044
rattus_norvegicus ENSRNOG00000017876
meriones_unguiculatus ENSMUGG00000014688
cricetulus_griseus_crigri-picr ENSCGRG00015016306
cricetulus_griseus_chok1gshd ENSCGRG00001020440
cricetulus_griseus_crigri ENSCGRG00000008326
mesocricetus_auratus ENSMAUG00000009009
peromyscus_maniculatus_bairdii ENSPEMG00000016806
microtus_ochrogaster ENSMOCG00000011153
nannospalax_galili ENSNGAG00000021213
jaculus_jaculus ENSJJAG00000019642
oryctolagus_cuniculus ENSOCUG00000005257
ochotona_princeps ENSOPRG00000012894
choloepus_hoffmanni ENSCHOG00000001798
dasypus_novemcinctus ENSDNOG00000041523
loxodonta_africana ENSLAFG00000026820
loxodonta_africana ENSLAFG00000007251
echinops_telfairi ENSETEG00000006401
echinops_telfairi ENSETEG00000017193
echinops_telfairi ENSETEG00000017318
procavia_capensis ENSPCAG00000009732
bison_bison_bison ENSBBBG00000011554
ornithorhynchus_anatinus ENSOANG00000014526
gallus_gallus ENSGALG00000052991
petromyzon_marinus ENSPMAG00000001540
