caenorhabditis_elegans_strain_n2 WBGene00018226
caenorhabditis_elegans_strain_n2 WBGene00011965
ciona_savignyi ENSCSAVG00000011502
ciona_intestinalis ENSCING00000013862
ciona_intestinalis ENSCING00000014879
choloepus_hoffmanni ENSCHOG00000009900
dasypus_novemcinctus ENSDNOG00000038198
macaca_fascicularis ENSMFAG00000024803
macaca_mulatta ENSMMUG00000020110
homo_sapiens ENSG00000188167
aotus_nancymaae ENSANAG00000020099
otolemur_garnettii ENSOGAG00000008436
cavia_porcellus ENSCPOG00000025403
chinchilla_lanigera ENSCLAG00000010807
heterocephalus_glaber_female ENSHGLG00000002532
heterocephalus_glaber_male ENSHGLG00100002552
fukomys_damarensis ENSFDAG00000002411
cricetulus_griseus_crigri ENSCGRG00000017142
mesocricetus_auratus ENSMAUG00000008240
peromyscus_maniculatus_bairdii ENSPEMG00000019814
mus_spretus_strain_spret/eij MGP_SPRETEiJ_G0033916
mus_musculus ENSMUSG00000079260
mus_caroli_strain_caroli_eij MGP_CAROLIEiJ_G0032769
mus_pahari MGP_PahariEiJ_G0015636
spermophilus_dauricus ENSSDAG00000000238
marmota_marmota_marmota ENSMMMG00000012974
pteropus_vampyrus ENSPVAG00000004154
myotis_lucifugus ENSMLUG00000014444
tursiops_truncatus ENSTTRG00000016784
ovis_aries ENSOARG00000015609
sus_scrofa ENSSSCG00000037371
erinaceus_europaeus ENSEEUG00000015693
sorex_araneus ENSSARG00000005530
canis_lupus_dingo ENSCAFG00020002374
vulpes_vulpes ENSVVUG00000022091
ailuropoda_melanoleuca ENSAMEG00000020233
panthera_tigris_altaica ENSPTIG00000009987
loxodonta_africana ENSLAFG00000011868
echinops_telfairi ENSETEG00000014197
sarcophilus_harrisii ENSSHAG00000004014
ornithorhynchus_anatinus ENSOANG00000012153
apteryx_haastii ENSAHAG00000007123
dromaius_novaehollandiae ENSDNVG00000005825
nothoprocta_perdicaria ENSNPEG00000004836
gallus_gallus ENSGALG00000050380
coturnix_japonica ENSCJPG00005005561
meleagris_gallopavo ENSMGAG00000016145
anas_platyrhynchos_platyrhynchos ENSAPLG00000001209
taeniopygia_guttata ENSTGUG00000004527
serinus_canaria ENSSCAG00000001902
ficedula_albicollis ENSFALG00000014337
manacus_vitellinus ENSMVIG00005012846
melopsittacus_undulatus ENSMUNG00000004482
chelonoidis_abingdonii ENSCABG00000012779
pelodiscus_sinensis ENSPSIG00000001227
latimeria_chalumnae ENSLACG00000012513
scleropages_formosus ENSSFOG00015013317
paramormyrops_kingsleyae ENSPKIG00000002552
pygocentrus_nattereri ENSPNAG00000001028
astyanax_mexicanus ENSAMXG00000014193
ictalurus_punctatus ENSIPUG00000004700
danio_rerio ENSDARG00000036059
lepisosteus_oculatus ENSLOCG00000007681
petromyzon_marinus ENSPMAG00000000168
