meleagris_gallopavo ENSMGAG00000006092
meleagris_gallopavo ENSMGAG00000017104
eptatretus_burgeri ENSEBUG00000003063
eptatretus_burgeri ENSEBUG00000006217
petromyzon_marinus ENSPMAG00000005823
cynoglossus_semilaevis ENSCSEG00000001776
periophthalmus_magnuspinnatus ENSPMGG00000002235
gasterosteus_aculeatus ENSGACG00000001565
labrus_bergylta ENSLBEG00000018580
tetraodon_nigroviridis ENSTNIG00000014691
takifugu_rubripes ENSTRUG00000013681
mola_mola ENSMMOG00000021713
seriola_dumerili ENSSDUG00000014119
seriola_lalandi_dorsalis ENSSLDG00000023905
scophthalmus_maximus ENSSMAG00000020941
anabas_testudineus ENSATEG00000009251
mastacembelus_armatus ENSMAMG00000023770
monopterus_albus ENSMALG00000003358
amphiprion_ocellaris ENSAOCG00000003171
amphiprion_percula ENSAPEG00000015094
acanthochromis_polyacanthus ENSAPOG00000004148
stegastes_partitus ENSSPAG00000016390
pundamilia_nyererei ENSPNYG00000020781
haplochromis_burtoni ENSHBUG00000012660
maylandia_zebra ENSMZEG00005012476
astatotilapia_calliptera ENSACLG00000019434
neolamprologus_brichardi ENSNBRG00000002105
oreochromis_niloticus ENSONIG00000014480
amphilophus_citrinellus ENSACIG00000018220
fundulus_heteroclitus ENSFHEG00000006525
cyprinodon_variegatus ENSCVAG00000018218
xiphophorus_maculatus ENSXMAG00000017131
xiphophorus_couchianus ENSXCOG00000004939
poecilia_mexicana ENSPMEG00000021379
poecilia_latipinna ENSPLAG00000005846
poecilia_formosa ENSPFOG00000018697
poecilia_reticulata ENSPREG00000008433
gambusia_affinis ENSGAFG00000021538
kryptolebias_marmoratus ENSKMAG00000002265
oryzias_latipes ENSORLG00020003244
oryzias_latipes_asm223469v1 ENSORLG00015021260
oryzias_latipes ENSORLG00000002341
oryzias_melastigma ENSOMEG00000005482
hippocampus_comes ENSHCOG00000007537
gadus_morhua ENSGMOG00000010764
esox_lucius ENSELUG00000009292
pygocentrus_nattereri ENSPNAG00000028603
astyanax_mexicanus ENSAMXG00000013854
ictalurus_punctatus ENSIPUG00000019761
danio_rerio ENSDARG00000105178
scleropages_formosus ENSSFOG00015006572
paramormyrops_kingsleyae ENSPKIG00000004451
paramormyrops_kingsleyae ENSPKIG00000000813
scleropages_formosus ENSSFOG00015019133
oryctolagus_cuniculus ENSOCUG00000008043
ochotona_princeps ENSOPRG00000005021
dipodomys_ordii ENSDORG00000002136
microcebus_murinus ENSMICG00000001005
prolemur_simus ENSPSMG00000023195
propithecus_coquereli ENSPCOG00000015953
otolemur_garnettii ENSOGAG00000007707
pan_troglodytes ENSPTRG00000015035
pan_paniscus ENSPPAG00000038693
homo_sapiens ENSG00000187672
gorilla_gorilla ENSGGOG00000034984
pongo_abelii ENSPPYG00000013780
nomascus_leucogenys ENSNLEG00000007239
cercocebus_atys ENSCATG00000041843
mandrillus_leucophaeus ENSMLEG00000030452
theropithecus_gelada ENSTGEG00000028757
papio_anubis ENSPANG00000016991
macaca_mulatta ENSMMUG00000021620
macaca_nemestrina ENSMNEG00000034102
macaca_fascicularis ENSMFAG00000043152
chlorocebus_sabaeus ENSCSAG00000012871
piliocolobus_tephrosceles ENSPTEG00000019758
rhinopithecus_bieti ENSRBIG00000032949
colobus_angolensis_palliatus ENSCANG00000038764
callithrix_jacchus ENSCJAG00000007765
saimiri_boliviensis_boliviensis ENSSBOG00000023877
aotus_nancymaae ENSANAG00000033516
tupaia_belangeri ENSTBEG00000016216
heterocephalus_glaber_male ENSHGLG00100005444
heterocephalus_glaber_female ENSHGLG00000003759
fukomys_damarensis ENSFDAG00000018321
cavia_porcellus ENSCPOG00000012484
cavia_aperea ENSCAPG00000016165
octodon_degus ENSODEG00000006199
chinchilla_lanigera ENSCLAG00000005508
ictidomys_tridecemlineatus ENSSTOG00000004731
urocitellus_parryii ENSUPAG00010013556
spermophilus_dauricus ENSSDAG00000022300
marmota_marmota_marmota ENSMMMG00000010511
sorex_araneus ENSSARG00000009929
erinaceus_europaeus ENSEEUG00000011983
mustela_putorius_furo ENSMPUG00000016841
neovison_vison ENSNVIG00000022563
ailuropoda_melanoleuca ENSAMEG00000011597
canis_lupus_familiaris ENSCAFG00000008140
canis_lupus_dingo ENSCAFG00020005226
vulpes_vulpes ENSVVUG00000020727
panthera_tigris_altaica ENSPTIG00000007749
panthera_pardus ENSPPRG00000008486
felis_catus ENSFCAG00000010208
equus_asinus_asinus ENSEASG00005015603
equus_caballus ENSECAG00000005026
capra_hircus ENSCHIG00000001877
ovis_aries ENSOARG00000015375
bos_mutus ENSBMUG00000013433
bos_taurus ENSBTAG00000010029
bison_bison_bison ENSBBBG00000004544
tursiops_truncatus ENSTTRG00000005280
vicugna_pacos ENSVPAG00000010619
sus_scrofa ENSSSCG00000024417
pteropus_vampyrus ENSPVAG00000013336
meriones_unguiculatus ENSMUGG00000024372
meriones_unguiculatus ENSMUGG00000024370
castor_canadensis ENSCCNG00000001264
cebus_capucinus ENSCCAG00000003296
ursus_maritimus ENSUMAG00000019871
ursus_americanus ENSUAMG00000022593
loxodonta_africana ENSLAFG00000018319
loxodonta_africana ENSLAFG00000032538
choloepus_hoffmanni ENSCHOG00000002823
dasypus_novemcinctus ENSDNOG00000000217
myotis_lucifugus ENSMLUG00000012179
peromyscus_maniculatus_bairdii ENSPEMG00000007673
microtus_ochrogaster ENSMOCG00000022991
cricetulus_griseus_chok1gshd ENSCGRG00001022862
cricetulus_griseus_crigri-picr ENSCGRG00015028215
cricetulus_griseus_crigri ENSCGRG00000014618
cricetulus_griseus_crigri ENSCGRG00000004151
cricetulus_griseus_chok1gshd ENSCGRG00001017728
mesocricetus_auratus ENSMAUG00000016822
mus_spicilegus ENSMSIG00000028031
mus_spretus_strain_spret/eij MGP_SPRETEiJ_G0019926
mus_musculus ENSMUSG00000040640
mus_caroli_strain_caroli_eij MGP_CAROLIEiJ_G0019041
mus_pahari MGP_PahariEiJ_G0030058
rattus_norvegicus ENSRNOG00000015148
nannospalax_galili ENSNGAG00000021048
jaculus_jaculus ENSJJAG00000015355
procavia_capensis ENSPCAG00000000827
echinops_telfairi ENSETEG00000000564
ornithorhynchus_anatinus ENSOANG00000020270
ornithorhynchus_anatinus ENSOANG00000029216
pogona_vitticeps ENSPVIG00000016585
anolis_carolinensis ENSACAG00000005894
notechis_scutatus ENSNSUG00000020213
salvator_merianae ENSSMRG00000020920
sphenodon_punctatus ENSSPUG00000003799
lonchura_striata_domestica ENSLSDG00000010229
taeniopygia_guttata ENSTGUG00000007021
serinus_canaria ENSSCAG00000002450
cyanistes_caeruleus ENSCCEG00000024185
parus_major ENSPMJG00000012577
zonotrichia_albicollis ENSZALG00000017062
junco_hyemalis ENSJHYG00000012815
ficedula_albicollis ENSFALG00000008530
manacus_vitellinus ENSMVIG00005002112
lepidothrix_coronata ENSLCOG00000008546
melopsittacus_undulatus ENSMUNG00000014092
calidris_pugnax ENSCPUG00000016487
calidris_pygmaea ENSCPGG00000019300
gallus_gallus ENSGALG00000005419
coturnix_japonica ENSCJPG00005012947
numida_meleagris ENSNMEG00000017345
anas_platyrhynchos_platyrhynchos ENSAPLG00000003881
anser_brachyrhynchus ENSABRG00000004669
apteryx_haastii ENSAHAG00000009967
apteryx_owenii ENSAOWG00000012793
apteryx_rowi ENSARWG00000010692
dromaius_novaehollandiae ENSDNVG00000012455
nothoprocta_perdicaria ENSNPEG00000011755
crocodylus_porosus ENSCPRG00005018972
chelonoidis_abingdonii ENSCABG00000000226
gopherus_agassizii ENSGAGG00000009356
chrysemys_picta_bellii ENSCPBG00000010165
chrysemys_picta_bellii ENSCPBG00000021247
pelodiscus_sinensis ENSPSIG00000009618
anolis_carolinensis ENSACAG00000025361
latimeria_chalumnae ENSLACG00000002056
phascolarctos_cinereus ENSPCIG00000006236
notamacropus_eugenii ENSMEUG00000016538
monodelphis_domestica ENSMODG00000012392
xenopus_tropicalis ENSXETG00000000929
lepisosteus_oculatus ENSLOCG00000014194
ciona_savignyi ENSCSAVG00000000505
ciona_intestinalis ENSCING00000000409
astyanax_mexicanus ENSAMXG00000014911
pygocentrus_nattereri ENSPNAG00000010793
ictalurus_punctatus ENSIPUG00000024934
seriola_dumerili ENSSDUG00000015670
seriola_lalandi_dorsalis ENSSLDG00000000794
scophthalmus_maximus ENSSMAG00000007058
mastacembelus_armatus ENSMAMG00000009428
monopterus_albus ENSMALG00000011434
mola_mola ENSMMOG00000012800
tetraodon_nigroviridis ENSTNIG00000015009
gasterosteus_aculeatus ENSGACG00000010158
cyprinodon_variegatus ENSCVAG00000010336
cyprinodon_variegatus ENSCVAG00000014543
fundulus_heteroclitus ENSFHEG00000020733
xiphophorus_maculatus ENSXMAG00000027330
xiphophorus_couchianus ENSXCOG00000007934
gambusia_affinis ENSGAFG00000006541
poecilia_mexicana ENSPMEG00000008977
poecilia_reticulata ENSPREG00000019015
poecilia_formosa ENSPFOG00000000346
poecilia_latipinna ENSPLAG00000019097
kryptolebias_marmoratus ENSKMAG00000019338
oryzias_latipes ENSORLG00000008842
oryzias_latipes ENSORLG00020004157
oryzias_latipes_asm223469v1 ENSORLG00015020504
oryzias_melastigma ENSOMEG00000013877
haplochromis_burtoni ENSHBUG00000007512
astatotilapia_calliptera ENSACLG00000008999
pundamilia_nyererei ENSPNYG00000014839
maylandia_zebra ENSMZEG00005027094
oreochromis_niloticus ENSONIG00000012404
neolamprologus_brichardi ENSNBRG00000019924
amphilophus_citrinellus ENSACIG00000013602
amphiprion_percula ENSAPEG00000006166
amphiprion_ocellaris ENSAOCG00000021669
acanthochromis_polyacanthus ENSAPOG00000016738
stegastes_partitus ENSSPAG00000004433
anabas_testudineus ENSATEG00000023609
labrus_bergylta ENSLBEG00000019496
hippocampus_comes ENSHCOG00000002033
periophthalmus_magnuspinnatus ENSPMGG00000005955
periophthalmus_magnuspinnatus ENSPMGG00000005958
cynoglossus_semilaevis ENSCSEG00000002685
gadus_morhua ENSGMOG00000011211
esox_lucius ENSELUG00000010635
apteryx_haastii ENSAHAG00000011239
apteryx_owenii ENSAOWG00000013922
apteryx_rowi ENSARWG00000011023
dromaius_novaehollandiae ENSDNVG00000004613
nothoprocta_perdicaria ENSNPEG00000015674
lepidothrix_coronata ENSLCOG00000011769
manacus_vitellinus ENSMVIG00005015454
taeniopygia_guttata ENSTGUG00000012600
lonchura_striata_domestica ENSLSDG00000017661
serinus_canaria ENSSCAG00000005150
zonotrichia_albicollis ENSZALG00000014695
junco_hyemalis ENSJHYG00000009592
ficedula_albicollis ENSFALG00000003975
cyanistes_caeruleus ENSCCEG00000011921
parus_major ENSPMJG00000019371
melopsittacus_undulatus ENSMUNG00000005947
calidris_pygmaea ENSCPGG00000007632
calidris_pugnax ENSCPUG00000019566
anser_brachyrhynchus ENSABRG00000016865
anas_platyrhynchos_platyrhynchos ENSAPLG00000006100
gallus_gallus ENSGALG00000012994
coturnix_japonica ENSCJPG00005019492
meleagris_gallopavo ENSMGAG00000013410
numida_meleagris ENSNMEG00000005773
crocodylus_porosus ENSCPRG00005016462
gopherus_agassizii ENSGAGG00000017380
chelonoidis_abingdonii ENSCABG00000003557
chrysemys_picta_bellii ENSCPBG00000027410
pelodiscus_sinensis ENSPSIG00000007611
anolis_carolinensis ENSACAG00000022366
anolis_carolinensis ENSACAG00000000024
pogona_vitticeps ENSPVIG00000012056
notechis_scutatus ENSNSUG00000015332
salvator_merianae ENSSMRG00000001771
sphenodon_punctatus ENSSPUG00000009786
tupaia_belangeri ENSTBEG00000010958
ochotona_princeps ENSOPRG00000007122
bos_mutus ENSBMUG00000008272
bos_taurus ENSBTAG00000013658
bison_bison_bison ENSBBBG00000024407
capra_hircus ENSCHIG00000004284
ovis_aries ENSOARG00000012564
vicugna_pacos ENSVPAG00000005574
dipodomys_ordii ENSDORG00000007095
myotis_lucifugus ENSMLUG00000008287
pteropus_vampyrus ENSPVAG00000016513
ursus_maritimus ENSUMAG00000011997
ursus_americanus ENSUAMG00000011696
ailuropoda_melanoleuca ENSAMEG00000004284
neovison_vison ENSNVIG00000008770
mustela_putorius_furo ENSMPUG00000018036
ursus_americanus ENSUAMG00000003554
canis_lupus_dingo ENSCAFG00020012182
canis_lupus_familiaris ENSCAFG00000015874
vulpes_vulpes ENSVVUG00000020347
panthera_pardus ENSPPRG00000021799
panthera_tigris_altaica ENSPTIG00000015256
felis_catus ENSFCAG00000006191
sus_scrofa ENSSSCG00000000755
tursiops_truncatus ENSTTRG00000017065
equus_caballus ENSECAG00000024908
equus_asinus_asinus ENSEASG00005018526
sorex_araneus ENSSARG00000003374
erinaceus_europaeus ENSEEUG00000005454
pan_paniscus ENSPPAG00000034303
pan_troglodytes ENSPTRG00000004515
gorilla_gorilla ENSGGOG00000043195
homo_sapiens ENSG00000082805
pongo_abelii ENSPPYG00000004139
nomascus_leucogenys ENSNLEG00000002522
colobus_angolensis_palliatus ENSCANG00000030467
piliocolobus_tephrosceles ENSPTEG00000034596
rhinopithecus_roxellana ENSRROG00000037760
rhinopithecus_bieti ENSRBIG00000043086
theropithecus_gelada ENSTGEG00000020529
papio_anubis ENSPANG00000010528
cercocebus_atys ENSCATG00000043022
mandrillus_leucophaeus ENSMLEG00000028717
macaca_fascicularis ENSMFAG00000032999
macaca_nemestrina ENSMNEG00000032065
macaca_mulatta ENSMMUG00000010933
chlorocebus_sabaeus ENSCSAG00000011653
cebus_capucinus ENSCCAG00000025128
saimiri_boliviensis_boliviensis ENSSBOG00000021005
callithrix_jacchus ENSCJAG00000000643
aotus_nancymaae ENSANAG00000037363
carlito_syrichta ENSTSYG00000008240
prolemur_simus ENSPSMG00000023249
propithecus_coquereli ENSPCOG00000020657
microcebus_murinus ENSMICG00000016254
otolemur_garnettii ENSOGAG00000014814
chinchilla_lanigera ENSCLAG00000011047
octodon_degus ENSODEG00000012551
heterocephalus_glaber_male ENSHGLG00100008911
heterocephalus_glaber_female ENSHGLG00000016312
fukomys_damarensis ENSFDAG00000000929
cavia_porcellus ENSCPOG00000008720
cavia_aperea ENSCAPG00000016019
ictidomys_tridecemlineatus ENSSTOG00000007649
spermophilus_dauricus ENSSDAG00000007121
urocitellus_parryii ENSUPAG00010007027
marmota_marmota_marmota ENSMMMG00000023780
mus_musculus ENSMUSG00000030172
mus_spicilegus ENSMSIG00000031940
mus_spretus_strain_spret/eij MGP_SPRETEiJ_G0029827
mus_caroli_strain_caroli_eij MGP_CAROLIEiJ_G0028795
mus_pahari MGP_PahariEiJ_G0022550
rattus_norvegicus ENSRNOG00000009264
meriones_unguiculatus ENSMUGG00000018461
cricetulus_griseus_crigri-picr ENSCGRG00015010921
cricetulus_griseus_crigri ENSCGRG00000010456
cricetulus_griseus_chok1gshd ENSCGRG00001004991
mesocricetus_auratus ENSMAUG00000004622
peromyscus_maniculatus_bairdii ENSPEMG00000019345
microtus_ochrogaster ENSMOCG00000016737
nannospalax_galili ENSNGAG00000015029
jaculus_jaculus ENSJJAG00000011479
castor_canadensis ENSCCNG00000026918
oryctolagus_cuniculus ENSOCUG00000002928
loxodonta_africana ENSLAFG00000000083
procavia_capensis ENSPCAG00000007231
echinops_telfairi ENSETEG00000003661
dasypus_novemcinctus ENSDNOG00000003662
choloepus_hoffmanni ENSCHOG00000003229
phascolarctos_cinereus ENSPCIG00000019858
notamacropus_eugenii ENSMEUG00000005066
sarcophilus_harrisii ENSSHAG00000005878
monodelphis_domestica ENSMODG00000018407
ornithorhynchus_anatinus ENSOANG00000003157
xenopus_tropicalis ENSXETG00000009409
latimeria_chalumnae ENSLACG00000017955
labrus_bergylta ENSLBEG00000008712
labrus_bergylta ENSLBEG00000015174
gasterosteus_aculeatus ENSGACG00000012099
mola_mola ENSMMOG00000013034
monopterus_albus ENSMALG00000005114
mastacembelus_armatus ENSMAMG00000006986
anabas_testudineus ENSATEG00000022339
scophthalmus_maximus ENSSMAG00000005613
cynoglossus_semilaevis ENSCSEG00000005640
seriola_dumerili ENSSDUG00000015759
seriola_lalandi_dorsalis ENSSLDG00000024190
poecilia_latipinna ENSPLAG00000000121
poecilia_formosa ENSPFOG00000017409
poecilia_mexicana ENSPMEG00000021319
poecilia_reticulata ENSPREG00000015831
xiphophorus_maculatus ENSXMAG00000009155
xiphophorus_couchianus ENSXCOG00000020428
gambusia_affinis ENSGAFG00000006313
fundulus_heteroclitus ENSFHEG00000020587
cyprinodon_variegatus ENSCVAG00000007932
kryptolebias_marmoratus ENSKMAG00000011614
oryzias_latipes_asm223469v1 ENSORLG00015013332
oryzias_latipes ENSORLG00020022248
oryzias_latipes ENSORLG00000010489
oryzias_melastigma ENSOMEG00000009531
astatotilapia_calliptera ENSACLG00000026518
maylandia_zebra ENSMZEG00005019293
haplochromis_burtoni ENSHBUG00000009998
pundamilia_nyererei ENSPNYG00000003019
neolamprologus_brichardi ENSNBRG00000002112
oreochromis_niloticus ENSONIG00000014825
amphilophus_citrinellus ENSACIG00000004507
amphiprion_percula ENSAPEG00000005078
amphiprion_ocellaris ENSAOCG00000001934
acanthochromis_polyacanthus ENSAPOG00000024405
stegastes_partitus ENSSPAG00000022658
periophthalmus_magnuspinnatus ENSPMGG00000022256
tetraodon_nigroviridis ENSTNIG00000012114
takifugu_rubripes ENSTRUG00000012327
periophthalmus_magnuspinnatus ENSPMGG00000009736
hippocampus_comes ENSHCOG00000011683
gadus_morhua ENSGMOG00000018675
esox_lucius ENSELUG00000023800
pygocentrus_nattereri ENSPNAG00000003494
astyanax_mexicanus ENSAMXG00000001867
ictalurus_punctatus ENSIPUG00000004073
danio_rerio ENSDARG00000009941
mola_mola ENSMMOG00000002260
tetraodon_nigroviridis ENSTNIG00000005706
gasterosteus_aculeatus ENSGACG00000019667
labrus_bergylta ENSLBEG00000015148
cyprinodon_variegatus ENSCVAG00000002433
stegastes_partitus ENSSPAG00000000619
monopterus_albus ENSMALG00000015171
takifugu_rubripes ENSTRUG00000000027
scophthalmus_maximus ENSSMAG00000000360
haplochromis_burtoni ENSHBUG00000005698
pundamilia_nyererei ENSPNYG00000010055
astatotilapia_calliptera ENSACLG00000026490
maylandia_zebra ENSMZEG00005008110
neolamprologus_brichardi ENSNBRG00000003694
oreochromis_niloticus ENSONIG00000011719
amphilophus_citrinellus ENSACIG00000018266
stegastes_partitus ENSSPAG00000003581
fundulus_heteroclitus ENSFHEG00000019278
cyprinodon_variegatus ENSCVAG00000014657
xiphophorus_maculatus ENSXMAG00000005510
xiphophorus_couchianus ENSXCOG00000013440
gambusia_affinis ENSGAFG00000016265
poecilia_latipinna ENSPLAG00000005456
poecilia_mexicana ENSPMEG00000001311
poecilia_formosa ENSPFOG00000007410
poecilia_reticulata ENSPREG00000004570
kryptolebias_marmoratus ENSKMAG00000014335
oryzias_latipes ENSORLG00000013771
oryzias_latipes ENSORLG00020017778
oryzias_latipes_asm223469v1 ENSORLG00015000467
oryzias_melastigma ENSOMEG00000009980
seriola_dumerili ENSSDUG00000005478
seriola_lalandi_dorsalis ENSSLDG00000009346
cynoglossus_semilaevis ENSCSEG00000008752
mastacembelus_armatus ENSMAMG00000010132
anabas_testudineus ENSATEG00000014537
amphiprion_percula ENSAPEG00000003676
amphiprion_ocellaris ENSAOCG00000016192
acanthochromis_polyacanthus ENSAPOG00000011994
hippocampus_comes ENSHCOG00000014843
gadus_morhua ENSGMOG00000006261
esox_lucius ENSELUG00000001395
pygocentrus_nattereri ENSPNAG00000024275
astyanax_mexicanus ENSAMXG00000016386
ictalurus_punctatus ENSIPUG00000023199
danio_rerio ENSDARG00000031930
danio_rerio ENSDARG00000076014
paramormyrops_kingsleyae ENSPKIG00000000246
scleropages_formosus ENSSFOG00015023593
lepisosteus_oculatus ENSLOCG00000016649
eptatretus_burgeri ENSEBUG00000014782
caenorhabditis_elegans_strain_n2 WBGene00018330
