denticeps_clupeoides ENSDCDG00000032070
clupea_harengus ENSCHAG00000007547
astyanax_mexicanus ENSAMXG00000033879
astyanax_mexicanus ENSAMXG00005016269
pygocentrus_nattereri ENSPNAG00000008172
ictalurus_punctatus ENSIPUG00000011837
electrophorus_electricus ENSEEEG00000008457
danio_rerio ENSDARG00000007737
hippocampus_comes ENSHCOG00000018157
hippocampus_comes ENSHCOG00000018187
tetraodon_nigroviridis ENSTNIG00000010857
takifugu_rubripes ENSTRUG00000018453
gasterosteus_aculeatus ENSGACG00000014574
neolamprologus_brichardi ENSNBRG00000023572
xiphophorus_couchianus ENSXCOG00000008873
mola_mola ENSMMOG00000002219
larimichthys_crocea ENSLCRG00005018517
cottoperca_gobio ENSCGOG00000002444
periophthalmus_magnuspinnatus ENSPMGG00000019294
periophthalmus_magnuspinnatus ENSPMGG00000019290
mastacembelus_armatus ENSMAMG00000017125
monopterus_albus ENSMALG00000010661
anabas_testudineus ENSATEG00000018241
betta_splendens ENSBSLG00000011109
seriola_dumerili ENSSDUG00000001062
seriola_lalandi ENSSLDG00000007655
lates_calcarifer ENSLCAG00010008595
scophthalmus_maximus ENSSMAG00000017806
cynoglossus_semilaevis ENSCSEG00000007515
astatotilapia_calliptera ENSACLG00000012042
maylandia_zebra ENSMZEG00005019380
pundamilia_nyererei ENSPNYG00000007267
haplochromis_burtoni ENSHBUG00000018463
oreochromis_niloticus ENSONIG00000002712
amphilophus_citrinellus ENSACIG00000007997
parambassis_ranga ENSPRNG00000001961
amphiprion_percula ENSAPEG00000011533
amphiprion_ocellaris ENSAOCG00000014016
acanthochromis_polyacanthus ENSAPOG00000003085
stegastes_partitus ENSSPAG00000014886
xiphophorus_maculatus ENSXMAG00000011451
gambusia_affinis ENSGAFG00000006450
poecilia_formosa ENSPFOG00000013958
poecilia_latipinna ENSPLAG00000010139
poecilia_mexicana ENSPMEG00000003297
poecilia_reticulata ENSPREG00000002405
fundulus_heteroclitus ENSFHEG00000023262
cyprinodon_variegatus ENSCVAG00000020746
kryptolebias_marmoratus ENSKMAG00000008079
oryzias_latipes ENSORLG00000014661
oryzias_latipes ENSORLG00015018279
oryzias_latipes ENSORLG00020021653
oryzias_melastigma ENSOMEG00000001838
gouania_willdenowi ENSGWIG00000001184
labrus_bergylta ENSLBEG00000016281
labrus_bergylta ENSLBEG00000007783
labrus_bergylta ENSLBEG00000004654
gadus_morhua ENSGMOG00000015940
hucho_hucho ENSHHUG00000003186
hucho_hucho ENSHHUG00000032364
esox_lucius ENSELUG00000007446
pygocentrus_nattereri ENSPNAG00000004918
pygocentrus_nattereri ENSPNAG00000006198
astyanax_mexicanus ENSAMXG00000019616
astyanax_mexicanus ENSAMXG00005000198
electrophorus_electricus ENSEEEG00000002532
ictalurus_punctatus ENSIPUG00000006540
danio_rerio ENSDARG00000101799
clupea_harengus ENSCHAG00000015024
denticeps_clupeoides ENSDCDG00000021816
monopterus_albus ENSMALG00000006358
mastacembelus_armatus ENSMAMG00000019312
anabas_testudineus ENSATEG00000001510
cottoperca_gobio ENSCGOG00000015379
gasterosteus_aculeatus ENSGACG00000016258
larimichthys_crocea ENSLCRG00005006070
mola_mola ENSMMOG00000018022
labrus_bergylta ENSLBEG00000011586
fundulus_heteroclitus ENSFHEG00000014879
cyprinodon_variegatus ENSCVAG00000013628
xiphophorus_couchianus ENSXCOG00000007620
xiphophorus_maculatus ENSXMAG00000018334
gambusia_affinis ENSGAFG00000011213
poecilia_formosa ENSPFOG00000010346
poecilia_latipinna ENSPLAG00000011890
poecilia_mexicana ENSPMEG00000004226
poecilia_reticulata ENSPREG00000004156
kryptolebias_marmoratus ENSKMAG00000006154
oryzias_latipes ENSORLG00000010168
oryzias_latipes ENSORLG00020010561
oryzias_latipes ENSORLG00015005971
oryzias_melastigma ENSOMEG00000009023
gouania_willdenowi ENSGWIG00000021071
maylandia_zebra ENSMZEG00005009222
astatotilapia_calliptera ENSACLG00000013841
pundamilia_nyererei ENSPNYG00000000814
haplochromis_burtoni ENSHBUG00000015334
neolamprologus_brichardi ENSNBRG00000006870
oreochromis_niloticus ENSONIG00000018641
amphilophus_citrinellus ENSACIG00000011580
amphiprion_ocellaris ENSAOCG00000024600
amphiprion_percula ENSAPEG00000000838
acanthochromis_polyacanthus ENSAPOG00000022418
stegastes_partitus ENSSPAG00000005068
parambassis_ranga ENSPRNG00000008334
seriola_dumerili ENSSDUG00000007146
seriola_lalandi ENSSLDG00000022541
scophthalmus_maximus ENSSMAG00000010618
lates_calcarifer ENSLCAG00010001645
betta_splendens ENSBSLG00000013237
cynoglossus_semilaevis ENSCSEG00000016578
tetraodon_nigroviridis ENSTNIG00000007860
periophthalmus_magnuspinnatus ENSPMGG00000008570
hippocampus_comes ENSHCOG00000005296
gadus_morhua ENSGMOG00000016898
hucho_hucho ENSHHUG00000020961
esox_lucius ENSELUG00000003208
paramormyrops_kingsleyae ENSPKIG00000009765
scleropages_formosus ENSSFOG00015002408
lepisosteus_oculatus ENSLOCG00000010546
petromyzon_marinus ENSPMAG00000000629
eptatretus_burgeri ENSEBUG00000011288
lonchura_striata ENSLSDG00000012986
taeniopygia_guttata ENSTGUG00000009063
serinus_canaria ENSSCAG00000005882
junco_hyemalis ENSJHYG00000010109
zonotrichia_albicollis ENSZALG00000003336
ficedula_albicollis ENSFALG00000005628
parus_major ENSPMJG00000001178
cyanistes_caeruleus ENSCCEG00000008995
lepidothrix_coronata ENSLCOG00000002720
manacus_vitellinus ENSMVIG00005009742
melopsittacus_undulatus ENSMUNG00000011910
calidris_pygmaea ENSCPGG00000013461
calidris_pugnax ENSCPUG00000011729
anas_platyrhynchos ENSAPLG00000007113
anser_brachyrhynchus ENSABRG00000004360
coturnix_japonica ENSCJPG00005012160
meleagris_gallopavo ENSMGAG00000011210
gallus_gallus ENSGALG00000010643
numida_meleagris ENSNMEG00000022474
apteryx_haastii ENSAHAG00000006712
apteryx_owenii ENSAOWG00000001593
apteryx_rowi ENSARWG00000017122
dromaius_novaehollandiae ENSDNVG00000012209
nothoprocta_perdicaria ENSNPEG00000015422
crocodylus_porosus ENSCPRG00005002690
chelonoidis_abingdonii ENSCABG00000017013
gopherus_agassizii ENSGAGG00000000551
chrysemys_picta ENSCPBG00000000289
pelodiscus_sinensis ENSPSIG00000013513
pogona_vitticeps ENSPVIG00000003402
anolis_carolinensis ENSACAG00000008334
notechis_scutatus ENSNSUG00000018320
salvator_merianae ENSSMRG00000017459
sphenodon_punctatus ENSSPUG00000013370
vombatus_ursinus ENSVURG00010018550
phascolarctos_cinereus ENSPCIG00000022411
notamacropus_eugenii ENSMEUG00000011065
sarcophilus_harrisii ENSSHAG00000001367
ornithorhynchus_anatinus ENSOANG00000008237
jaculus_jaculus ENSJJAG00000000139
ornithorhynchus_anatinus ENSOANG00000006342
castor_canadensis ENSCCNG00000019351
dipodomys_ordii ENSDORG00000029472
mus_spicilegus ENSMSIG00000009007
mus_musculus ENSMUSG00000034636
mus_spretus MGP_SPRETEiJ_G0027233
mus_caroli MGP_CAROLIEiJ_G0026264
mus_pahari MGP_PahariEiJ_G0028597
rattus_norvegicus ENSRNOG00000010859
meriones_unguiculatus ENSMUGG00000014816
cricetulus_griseus ENSCGRG00001016208
cricetulus_griseus ENSCGRG00015006896
cricetulus_griseus ENSCGRG00000010302
mesocricetus_auratus ENSMAUG00000018692
peromyscus_maniculatus ENSPEMG00000016012
microtus_ochrogaster ENSMOCG00000022204
nannospalax_galili ENSNGAG00000023722
heterocephalus_glaber ENSHGLG00100006052
heterocephalus_glaber ENSHGLG00000002456
fukomys_damarensis ENSFDAG00000015324
cavia_porcellus ENSCPOG00000012898
cavia_aperea ENSCAPG00000010668
chinchilla_lanigera ENSCLAG00000007005
octodon_degus ENSODEG00000007121
spermophilus_dauricus ENSSDAG00000022462
urocitellus_parryii ENSUPAG00010021696
ictidomys_tridecemlineatus ENSSTOG00000008067
marmota_marmota ENSMMMG00000016136
tupaia_belangeri ENSTBEG00000009496
pan_paniscus ENSPPAG00000041983
pan_paniscus ENSPPAG00000034845
pan_troglodytes ENSPTRG00000000746
homo_sapiens ENSG00000162378
gorilla_gorilla ENSGGOG00000026886
pongo_abelii ENSPPYG00000001343
nomascus_leucogenys ENSNLEG00000017994
rhinopithecus_roxellana ENSRROG00000034663
rhinopithecus_bieti ENSRBIG00000036013
colobus_angolensis ENSCANG00000028519
piliocolobus_tephrosceles ENSPTEG00000025576
macaca_mulatta ENSMMUG00000001434
macaca_fascicularis ENSMFAG00000045405
macaca_nemestrina ENSMNEG00000037416
papio_anubis ENSPANG00000013791
cercocebus_atys ENSCATG00000030211
mandrillus_leucophaeus ENSMLEG00000029931
theropithecus_gelada ENSTGEG00000005662
chlorocebus_sabaeus ENSCSAG00000001281
cebus_capucinus ENSCCAG00000009244
saimiri_boliviensis ENSSBOG00000028596
callithrix_jacchus ENSCJAG00000021583
aotus_nancymaae ENSANAG00000032710
carlito_syrichta ENSTSYG00000005640
propithecus_coquereli ENSPCOG00000025135
prolemur_simus ENSPSMG00000017534
microcebus_murinus ENSMICG00000008513
otolemur_garnettii ENSOGAG00000013924
choloepus_hoffmanni ENSCHOG00000000520
dasypus_novemcinctus ENSDNOG00000005597
loxodonta_africana ENSLAFG00000003727
procavia_capensis ENSPCAG00000002382
echinops_telfairi ENSETEG00000012529
pteropus_vampyrus ENSPVAG00000012514
felis_catus ENSFCAG00000027417
sorex_araneus ENSSARG00000002475
erinaceus_europaeus ENSEEUG00000002901
myotis_lucifugus ENSMLUG00000024400
vicugna_pacos ENSVPAG00000004980
sus_scrofa ENSSSCG00000003857
ovis_aries ENSOARG00000005633
capra_hircus ENSCHIG00000000716
bos_indicus ENSBIXG00005002312
bos_indicus ENSBIXG00000026424
bos_taurus ENSBTAG00000019680
bos_mutus ENSBMUG00000017394
bison_bison ENSBBBG00000017216
tursiops_truncatus ENSTTRG00000002699
equus_asinus ENSEASG00005014462
equus_caballus ENSECAG00000011103
ursus_maritimus ENSUMAG00000022514
ursus_americanus ENSUAMG00000018373
ailuropoda_melanoleuca ENSAMEG00000009398
mustela_putorius ENSMPUG00000006823
neovison_vison ENSNVIG00000006610
canis_lupus ENSCAFG00020010875
canis_lupus ENSCAFG00000003713
vulpes_vulpes ENSVVUG00000002489
panthera_pardus ENSPPRG00000000352
panthera_tigris ENSPTIG00000006845
oryctolagus_cuniculus ENSOCUG00000003181
ochotona_princeps ENSOPRG00000017342
xenopus_tropicalis ENSXETG00000000636
gopherus_agassizii ENSGAGG00000000586
chelonoidis_abingdonii ENSCABG00000016990
chrysemys_picta ENSCPBG00000000321
crocodylus_porosus ENSCPRG00005002704
pogona_vitticeps ENSPVIG00000003395
anolis_carolinensis ENSACAG00000029108
notechis_scutatus ENSNSUG00000018321
salvator_merianae ENSSMRG00000017457
sphenodon_punctatus ENSSPUG00000013400
vombatus_ursinus ENSVURG00010018556
phascolarctos_cinereus ENSPCIG00000022416
notamacropus_eugenii ENSMEUG00000003894
sarcophilus_harrisii ENSSHAG00000001562
monodelphis_domestica ENSMODG00000000569
castor_canadensis ENSCCNG00000019371
dipodomys_ordii ENSDORG00000016160
heterocephalus_glaber ENSHGLG00000001013
heterocephalus_glaber ENSHGLG00100013807
fukomys_damarensis ENSFDAG00000011191
octodon_degus ENSODEG00000007314
chinchilla_lanigera ENSCLAG00000006429
cavia_aperea ENSCAPG00000015493
cavia_porcellus ENSCPOG00000039722
spermophilus_dauricus ENSSDAG00000022470
ictidomys_tridecemlineatus ENSSTOG00000021997
urocitellus_parryii ENSUPAG00010021681
marmota_marmota ENSMMMG00000016112
oryctolagus_cuniculus ENSOCUG00000023070
ochotona_princeps ENSOPRG00000006069
pteropus_vampyrus ENSPVAG00000012515
myotis_lucifugus ENSMLUG00000003719
equus_caballus ENSECAG00000020601
equus_asinus ENSEASG00005014468
neovison_vison ENSNVIG00000006644
mustela_putorius ENSMPUG00000006816
ursus_maritimus ENSUMAG00000022427
canis_lupus ENSCAFG00000019206
canis_lupus ENSCAFG00020011727
vulpes_vulpes ENSVVUG00000000745
panthera_tigris ENSPTIG00000020917
panthera_pardus ENSPPRG00000002168
felis_catus ENSFCAG00000002009
tursiops_truncatus ENSTTRG00000007804
vicugna_pacos ENSVPAG00000004981
capra_hircus ENSCHIG00000018138
ovis_aries ENSOARG00000005720
bos_indicus ENSBIXG00000026436
bos_indicus ENSBIXG00005002339
bos_taurus ENSBTAG00000026032
bos_mutus ENSBMUG00000017411
bison_bison ENSBBBG00000017261
sus_scrofa ENSSSCG00000031324
erinaceus_europaeus ENSEEUG00000000999
pan_paniscus ENSPPAG00000042441
pan_troglodytes ENSPTRG00000030596
homo_sapiens ENSG00000203995
gorilla_gorilla ENSGGOG00000009035
pongo_abelii ENSPPYG00000001342
nomascus_leucogenys ENSNLEG00000033930
piliocolobus_tephrosceles ENSPTEG00000025502
colobus_angolensis ENSCANG00000031506
rhinopithecus_bieti ENSRBIG00000042631
rhinopithecus_roxellana ENSRROG00000042438
theropithecus_gelada ENSTGEG00000005737
papio_anubis ENSPANG00000009261
mandrillus_leucophaeus ENSMLEG00000044260
cercocebus_atys ENSCATG00000034674
macaca_fascicularis ENSMFAG00000046237
macaca_nemestrina ENSMNEG00000020633
macaca_mulatta ENSMMUG00000032121
chlorocebus_sabaeus ENSCSAG00000001282
saimiri_boliviensis ENSSBOG00000026783
callithrix_jacchus ENSCJAG00000004369
cebus_capucinus ENSCCAG00000021718
aotus_nancymaae ENSANAG00000022651
carlito_syrichta ENSTSYG00000002797
propithecus_coquereli ENSPCOG00000020864
prolemur_simus ENSPSMG00000017555
microcebus_murinus ENSMICG00000009173
otolemur_garnettii ENSOGAG00000029199
choloepus_hoffmanni ENSCHOG00000005095
dasypus_novemcinctus ENSDNOG00000012176
loxodonta_africana ENSLAFG00000004579
procavia_capensis ENSPCAG00000002819
cricetulus_griseus ENSCGRG00001023446
cricetulus_griseus ENSCGRG00000013493
cricetulus_griseus ENSCGRG00015006829
microtus_ochrogaster ENSMOCG00000004102
peromyscus_maniculatus ENSPEMG00000008436
mus_spicilegus ENSMSIG00000008898
mus_spretus MGP_SPRETEiJ_G0027232
mus_musculus ENSMUSG00000034645
mus_caroli MGP_CAROLIEiJ_G0026263
mus_pahari MGP_PahariEiJ_G0028596
rattus_norvegicus ENSRNOG00000010885
meriones_unguiculatus ENSMUGG00000014837
nannospalax_galili ENSNGAG00000019638
tupaia_belangeri ENSTBEG00000008693
sorex_araneus ENSSARG00000000308
echinops_telfairi ENSETEG00000012533
latimeria_chalumnae ENSLACG00000003396
ornithorhynchus_anatinus ENSOANG00000029039
callorhinchus_milii ENSCMIG00000008890
caenorhabditis_elegans WBGene00006996
oryctolagus_cuniculus ENSOCUG00000008973
ochotona_princeps ENSOPRG00000010705
chinchilla_lanigera ENSCLAG00000004427
octodon_degus ENSODEG00000017759
cavia_porcellus ENSCPOG00000009341
cavia_aperea ENSCAPG00000010272
heterocephalus_glaber ENSHGLG00000013217
heterocephalus_glaber ENSHGLG00100018953
fukomys_damarensis ENSFDAG00000007767
sorex_araneus ENSSARG00000012396
erinaceus_europaeus ENSEEUG00000005971
dasypus_novemcinctus ENSDNOG00000002803
choloepus_hoffmanni ENSCHOG00000012277
procavia_capensis ENSPCAG00000012682
loxodonta_africana ENSLAFG00000012950
echinops_telfairi ENSETEG00000007622
pteropus_vampyrus ENSPVAG00000003445
myotis_lucifugus ENSMLUG00000004608
equus_caballus ENSECAG00000015821
equus_asinus ENSEASG00005007785
capra_hircus ENSCHIG00000024803
ovis_aries ENSOARG00000009453
bos_indicus ENSBIXG00000003631
bos_indicus ENSBIXG00005007117
bos_taurus ENSBTAG00000010208
bos_mutus ENSBMUG00000021439
bison_bison ENSBBBG00000008636
sus_scrofa ENSSSCG00000005659
tursiops_truncatus ENSTTRG00000011609
ursus_americanus ENSUAMG00000006168
ursus_maritimus ENSUMAG00000020644
ailuropoda_melanoleuca ENSAMEG00000015759
mustela_putorius ENSMPUG00000013041
neovison_vison ENSNVIG00000015266
canis_lupus ENSCAFG00020022864
canis_lupus ENSCAFG00000020039
vulpes_vulpes ENSVVUG00000025838
panthera_pardus ENSPPRG00000012995
panthera_tigris ENSPTIG00000006324
felis_catus ENSFCAG00000005856
tupaia_belangeri ENSTBEG00000014731
castor_canadensis ENSCCNG00000022313
propithecus_coquereli ENSPCOG00000027080
prolemur_simus ENSPSMG00000020427
microcebus_murinus ENSMICG00000017646
otolemur_garnettii ENSOGAG00000004996
pan_troglodytes ENSPTRG00000021439
pan_paniscus ENSPPAG00000033759
homo_sapiens ENSG00000160445
gorilla_gorilla ENSGGOG00000012363
pongo_abelii ENSPPYG00000019661
nomascus_leucogenys ENSNLEG00000017607
cercocebus_atys ENSCATG00000037539
mandrillus_leucophaeus ENSMLEG00000042610
chlorocebus_sabaeus ENSCSAG00000014389
papio_anubis ENSPANG00000025924
macaca_nemestrina ENSMNEG00000027302
theropithecus_gelada ENSTGEG00000017844
macaca_mulatta ENSMMUG00000010870
macaca_fascicularis ENSMFAG00000040364
colobus_angolensis ENSCANG00000043816
piliocolobus_tephrosceles ENSPTEG00000006815
rhinopithecus_roxellana ENSRROG00000036128
rhinopithecus_bieti ENSRBIG00000022292
cebus_capucinus ENSCCAG00000022539
saimiri_boliviensis ENSSBOG00000019088
callithrix_jacchus ENSCJAG00000020189
aotus_nancymaae ENSANAG00000029586
carlito_syrichta ENSTSYG00000013282
mesocricetus_auratus ENSMAUG00000012662
mesocricetus_auratus ENSMAUG00000003819
cricetulus_griseus ENSCGRG00001011706
cricetulus_griseus ENSCGRG00000011828
cricetulus_griseus ENSCGRG00015015710
microtus_ochrogaster ENSMOCG00000012943
peromyscus_maniculatus ENSPEMG00000012817
mus_musculus ENSMUSG00000039686
mus_spicilegus ENSMSIG00000004937
mus_spretus MGP_SPRETEiJ_G0024298
mus_caroli MGP_CAROLIEiJ_G0023381
mus_pahari MGP_PahariEiJ_G0024838
rattus_norvegicus ENSRNOG00000025832
meriones_unguiculatus ENSMUGG00000009396
nannospalax_galili ENSNGAG00000010627
jaculus_jaculus ENSJJAG00000018996
dipodomys_ordii ENSDORG00000013504
urocitellus_parryii ENSUPAG00010017706
spermophilus_dauricus ENSSDAG00000007574
marmota_marmota ENSMMMG00000013601
ictidomys_tridecemlineatus ENSSTOG00000009393
vombatus_ursinus ENSVURG00010013363
phascolarctos_cinereus ENSPCIG00000030111
notamacropus_eugenii ENSMEUG00000000213
sarcophilus_harrisii ENSSHAG00000018831
monodelphis_domestica ENSMODG00000006425
ornithorhynchus_anatinus ENSOANG00000020511
ornithorhynchus_anatinus ENSOANG00000009605
anser_brachyrhynchus ENSABRG00000020000
anas_platyrhynchos ENSAPLG00000012789
meleagris_gallopavo ENSMGAG00000004629
gallus_gallus ENSGALG00000004659
coturnix_japonica ENSCJPG00005020303
numida_meleagris ENSNMEG00000007027
parus_major ENSPMJG00000009471
cyanistes_caeruleus ENSCCEG00000024251
ficedula_albicollis ENSFALG00000001417
lonchura_striata ENSLSDG00000003120
taeniopygia_guttata ENSTGUG00000004153
serinus_canaria ENSSCAG00000005129
junco_hyemalis ENSJHYG00000007573
zonotrichia_albicollis ENSZALG00000003438
manacus_vitellinus ENSMVIG00005001472
lepidothrix_coronata ENSLCOG00000012555
melopsittacus_undulatus ENSMUNG00000008272
calidris_pugnax ENSCPUG00000011094
calidris_pygmaea ENSCPGG00000006996
apteryx_haastii ENSAHAG00000016253
apteryx_owenii ENSAOWG00000015059
apteryx_rowi ENSARWG00000015667
dromaius_novaehollandiae ENSDNVG00000015234
nothoprocta_perdicaria ENSNPEG00000001772
crocodylus_porosus ENSCPRG00005002383
chelonoidis_abingdonii ENSCABG00000002245
gopherus_agassizii ENSGAGG00000021112
chrysemys_picta ENSCPBG00000023362
pelodiscus_sinensis ENSPSIG00000018118
sphenodon_punctatus ENSSPUG00000014152
pogona_vitticeps ENSPVIG00000015890
notechis_scutatus ENSNSUG00000002949
salvator_merianae ENSSMRG00000021169
xenopus_tropicalis ENSXETG00000019401
latimeria_chalumnae ENSLACG00000015169
hucho_hucho ENSHHUG00000010361
hucho_hucho ENSHHUG00000049684
esox_lucius ENSELUG00000020710
cynoglossus_semilaevis ENSCSEG00000018807
periophthalmus_magnuspinnatus ENSPMGG00000003355
astatotilapia_calliptera ENSACLG00000006753
maylandia_zebra ENSMZEG00005002517
pundamilia_nyererei ENSPNYG00000003143
haplochromis_burtoni ENSHBUG00000012760
neolamprologus_brichardi ENSNBRG00000004749
oreochromis_niloticus ENSONIG00000012579
amphilophus_citrinellus ENSACIG00000012037
oryzias_latipes ENSORLG00020004016
oryzias_latipes ENSORLG00015017462
oryzias_latipes ENSORLG00000026786
oryzias_melastigma ENSOMEG00000015697
fundulus_heteroclitus ENSFHEG00000004098
mola_mola ENSMMOG00000003925
takifugu_rubripes ENSTRUG00000012793
tetraodon_nigroviridis ENSTNIG00000003039
gasterosteus_aculeatus ENSGACG00000018482
poecilia_formosa ENSPFOG00000006341
poecilia_latipinna ENSPLAG00000020003
poecilia_mexicana ENSPMEG00000001699
poecilia_reticulata ENSPREG00000007311
xiphophorus_couchianus ENSXCOG00000000537
xiphophorus_maculatus ENSXMAG00000003783
gambusia_affinis ENSGAFG00000008329
cyprinodon_variegatus ENSCVAG00000022618
gouania_willdenowi ENSGWIG00000024843
mastacembelus_armatus ENSMAMG00000022644
tetraodon_nigroviridis ENSTNIG00000003041
seriola_lalandi ENSSLDG00000022562
seriola_dumerili ENSSDUG00000020653
lates_calcarifer ENSLCAG00010011470
scophthalmus_maximus ENSSMAG00000010445
amphiprion_ocellaris ENSAOCG00000011389
amphiprion_percula ENSAPEG00000011631
acanthochromis_polyacanthus ENSAPOG00000002620
stegastes_partitus ENSSPAG00000013450
parambassis_ranga ENSPRNG00000024457
anabas_testudineus ENSATEG00000009465
betta_splendens ENSBSLG00000005752
hippocampus_comes ENSHCOG00000002632
cyprinodon_variegatus ENSCVAG00000009856
poecilia_mexicana ENSPMEG00000020092
kryptolebias_marmoratus ENSKMAG00000008978
monopterus_albus ENSMALG00000015000
cottoperca_gobio ENSCGOG00000013452
labrus_bergylta ENSLBEG00000020358
larimichthys_crocea ENSLCRG00005006471
gadus_morhua ENSGMOG00000008881
clupea_harengus ENSCHAG00000023524
clupea_harengus ENSCHAG00000023015
denticeps_clupeoides ENSDCDG00000006711
electrophorus_electricus ENSEEEG00000013579
ictalurus_punctatus ENSIPUG00000017121
astyanax_mexicanus ENSAMXG00000016425
astyanax_mexicanus ENSAMXG00005017356
pygocentrus_nattereri ENSPNAG00000002375
danio_rerio ENSDARG00000105123
paramormyrops_kingsleyae ENSPKIG00000014741
scleropages_formosus ENSSFOG00015013825
scleropages_formosus ENSSFOG00015007625
lepisosteus_oculatus ENSLOCG00000005833
erpetoichthys_calabaricus ENSECRG00000008379
callorhinchus_milii ENSCMIG00000014168
eptatretus_burgeri ENSEBUG00000001211
ciona_savignyi ENSCSAVG00000000706
ciona_intestinalis ENSCING00000014476
drosophila_melanogaster FBgn0043458
caenorhabditis_elegans WBGene00020762
