cyprinodon_variegatus ENSCVAG00000001553
zonotrichia_albicollis ENSZALG00000010659
apteryx_haastii ENSAHAG00000016652
apteryx_rowi ENSARWG00000004001
apteryx_owenii ENSAOWG00000003751
dromaius_novaehollandiae ENSDNVG00000008810
nothoprocta_perdicaria ENSNPEG00000007344
lonchura_striata_domestica ENSLSDG00000002810
lonchura_striata_domestica ENSLSDG00000002808
taeniopygia_guttata ENSTGUG00000010854
serinus_canaria ENSSCAG00000002961
junco_hyemalis ENSJHYG00000015168
zonotrichia_albicollis ENSZALG00000010675
ficedula_albicollis ENSFALG00000012890
parus_major ENSPMJG00000007880
cyanistes_caeruleus ENSCCEG00000014712
lepidothrix_coronata ENSLCOG00000016339
manacus_vitellinus ENSMVIG00005017149
melopsittacus_undulatus ENSMUNG00000003507
calidris_pygmaea ENSCPGG00000000365
calidris_pugnax ENSCPUG00000009218
anser_brachyrhynchus ENSABRG00000010976
anas_platyrhynchos_platyrhynchos ENSAPLG00000015796
meleagris_gallopavo ENSMGAG00000013015
coturnix_japonica ENSCJPG00005008866
gallus_gallus ENSGALG00000013892
numida_meleagris ENSNMEG00000022009
crocodylus_porosus ENSCPRG00005001647
gopherus_agassizii ENSGAGG00000002991
gopherus_agassizii ENSGAGG00000002985
chelonoidis_abingdonii ENSCABG00000010658
chrysemys_picta_bellii ENSCPBG00000017559
pelodiscus_sinensis ENSPSIG00000016450
pogona_vitticeps ENSPVIG00000013889
anolis_carolinensis ENSACAG00000016923
notechis_scutatus ENSNSUG00000009841
salvator_merianae ENSSMRG00000001499
sphenodon_punctatus ENSSPUG00000011975
melopsittacus_undulatus ENSMUNG00000003510
phascolarctos_cinereus ENSPCIG00000028208
notamacropus_eugenii ENSMEUG00000005991
sarcophilus_harrisii ENSSHAG00000012760
monodelphis_domestica ENSMODG00000017436
loxodonta_africana ENSLAFG00000000588
echinops_telfairi ENSETEG00000015469
procavia_capensis ENSPCAG00000002064
choloepus_hoffmanni ENSCHOG00000009116
dasypus_novemcinctus ENSDNOG00000019294
pan_troglodytes ENSPTRG00000024326
pan_paniscus ENSPPAG00000040503
homo_sapiens ENSG00000197442
gorilla_gorilla ENSGGOG00000015494
pongo_abelii ENSPPYG00000017034
nomascus_leucogenys ENSNLEG00000014849
theropithecus_gelada ENSTGEG00000016021
papio_anubis ENSPANG00000015068
mandrillus_leucophaeus ENSMLEG00000044142
cercocebus_atys ENSCATG00000017514
macaca_fascicularis ENSMFAG00000040944
macaca_mulatta ENSMMUG00000016376
macaca_nemestrina ENSMNEG00000043079
chlorocebus_sabaeus ENSCSAG00000016892
rhinopithecus_roxellana ENSRROG00000031252
rhinopithecus_bieti ENSRBIG00000038735
piliocolobus_tephrosceles ENSPTEG00000024769
colobus_angolensis_palliatus ENSCANG00000035995
saimiri_boliviensis_boliviensis ENSSBOG00000031833
cebus_capucinus ENSCCAG00000019841
callithrix_jacchus ENSCJAG00000008383
aotus_nancymaae ENSANAG00000037690
carlito_syrichta ENSTSYG00000000613
propithecus_coquereli ENSPCOG00000019678
prolemur_simus ENSPSMG00000000702
microcebus_murinus ENSMICG00000004915
otolemur_garnettii ENSOGAG00000000556
heterocephalus_glaber_male ENSHGLG00100015617
heterocephalus_glaber_female ENSHGLG00000000842
fukomys_damarensis ENSFDAG00000003960
chinchilla_lanigera ENSCLAG00000007503
cavia_porcellus ENSCPOG00000004244
marmota_marmota_marmota ENSMMMG00000019235
ictidomys_tridecemlineatus ENSSTOG00000009007
urocitellus_parryii ENSUPAG00010002902
spermophilus_dauricus ENSSDAG00000018187
peromyscus_maniculatus_bairdii ENSPEMG00000015212
microtus_ochrogaster ENSMOCG00000019021
cricetulus_griseus_chok1gshd ENSCGRG00001009680
cricetulus_griseus_crigri ENSCGRG00000016710
cricetulus_griseus_crigri-picr ENSCGRG00015019706
mesocricetus_auratus ENSMAUG00000017994
mus_spicilegus ENSMSIG00000028883
mus_musculus ENSMUSG00000071369
mus_spretus_strain_spret/eij MGP_SPRETEiJ_G0015962
mus_caroli_strain_caroli_eij MGP_CAROLIEiJ_G0015154
mus_pahari MGP_PahariEiJ_G0023774
rattus_norvegicus ENSRNOG00000031700
nannospalax_galili ENSNGAG00000000561
castor_canadensis ENSCCNG00000010724
pteropus_vampyrus ENSPVAG00000009681
myotis_lucifugus ENSMLUG00000007043
ursus_maritimus ENSUMAG00000023881
ursus_americanus ENSUAMG00000006263
ailuropoda_melanoleuca ENSAMEG00000010066
neovison_vison ENSNVIG00000019047
mustela_putorius_furo ENSMPUG00000014837
canis_lupus_familiaris ENSCAFG00000000251
canis_lupus_dingo ENSCAFG00020022645
vulpes_vulpes ENSVVUG00000000760
panthera_pardus ENSPPRG00000001889
panthera_tigris_altaica ENSPTIG00000010843
felis_catus ENSFCAG00000008186
vicugna_pacos ENSVPAG00000003929
sus_scrofa ENSSSCG00000026041
tursiops_truncatus ENSTTRG00000002547
capra_hircus ENSCHIG00000024066
ovis_aries ENSOARG00000000337
bos_taurus ENSBTAG00000009065
bos_mutus ENSBMUG00000012132
bison_bison_bison ENSBBBG00000025426
equus_caballus ENSECAG00000024860
equus_asinus_asinus ENSEASG00005011455
erinaceus_europaeus ENSEEUG00000012993
sorex_araneus ENSSARG00000009787
tupaia_belangeri ENSTBEG00000009318
octodon_degus ENSODEG00000008040
meriones_unguiculatus ENSMUGG00000020451
dipodomys_ordii ENSDORG00000001559
ochotona_princeps ENSOPRG00000002083
oryctolagus_cuniculus ENSOCUG00000015434
cavia_aperea ENSCAPG00000007997
jaculus_jaculus ENSJJAG00000012639
ornithorhynchus_anatinus ENSOANG00000009449
takifugu_rubripes ENSTRUG00000001070
tetraodon_nigroviridis ENSTNIG00000019125
gasterosteus_aculeatus ENSGACG00000007264
scophthalmus_maximus ENSSMAG00000003253
monopterus_albus ENSMALG00000021009
mastacembelus_armatus ENSMAMG00000001009
anabas_testudineus ENSATEG00000020817
seriola_dumerili ENSSDUG00000007290
seriola_lalandi_dorsalis ENSSLDG00000020493
labrus_bergylta ENSLBEG00000017084
poecilia_formosa ENSPFOG00000015511
poecilia_mexicana ENSPMEG00000010310
poecilia_latipinna ENSPLAG00000003973
poecilia_reticulata ENSPREG00000015885
gambusia_affinis ENSGAFG00000004560
xiphophorus_maculatus ENSXMAG00000016278
xiphophorus_couchianus ENSXCOG00000018870
fundulus_heteroclitus ENSFHEG00000016450
cyprinodon_variegatus ENSCVAG00000021465
kryptolebias_marmoratus ENSKMAG00000022202
oryzias_latipes ENSORLG00020017518
oryzias_latipes ENSORLG00000017694
oryzias_latipes_asm223469v1 ENSORLG00015015766
oryzias_melastigma ENSOMEG00000023352
astatotilapia_calliptera ENSACLG00000027238
maylandia_zebra ENSMZEG00005004868
haplochromis_burtoni ENSHBUG00000010928
pundamilia_nyererei ENSPNYG00000000969
neolamprologus_brichardi ENSNBRG00000002912
oreochromis_niloticus ENSONIG00000005579
amphilophus_citrinellus ENSACIG00000023750
amphiprion_ocellaris ENSAOCG00000022391
amphiprion_percula ENSAPEG00000006044
acanthochromis_polyacanthus ENSAPOG00000013200
stegastes_partitus ENSSPAG00000016490
mola_mola ENSMMOG00000015410
cynoglossus_semilaevis ENSCSEG00000003420
hippocampus_comes ENSHCOG00000010382
periophthalmus_magnuspinnatus ENSPMGG00000013572
xiphophorus_couchianus ENSXCOG00000018871
gadus_morhua ENSGMOG00000017733
esox_lucius ENSELUG00000019297
pygocentrus_nattereri ENSPNAG00000002656
astyanax_mexicanus ENSAMXG00000007103
ictalurus_punctatus ENSIPUG00000009656
danio_rerio ENSDARG00000005416
paramormyrops_kingsleyae ENSPKIG00000019913
scleropages_formosus ENSSFOG00015020492
lepisosteus_oculatus ENSLOCG00000017015
latimeria_chalumnae ENSLACG00000000172
xenopus_tropicalis ENSXETG00000002476
