ursus_americanus ENSUAMG00000014215
canis_lupus_dingo ENSCAFG00020012580
mustela_putorius_furo ENSMPUG00000005459
panthera_pardus ENSPPRG00000011048
felis_catus ENSFCAG00000030303
equus_caballus ENSECAG00000018161
equus_asinus_asinus ENSEASG00005003924
bos_taurus ENSBTAG00000027766
capra_hircus ENSCHIG00000014716
tursiops_truncatus ENSTTRG00000005419
pteropus_vampyrus ENSPVAG00000005616
ailuropoda_melanoleuca ENSAMEG00000007831
canis_lupus_familiaris ENSCAFG00000032685
neovison_vison ENSNVIG00000002462
panthera_tigris_altaica ENSPTIG00000015743
bison_bison_bison ENSBBBG00000005005
bos_mutus ENSBMUG00000010047
ovis_aries ENSOARG00000015424
colobus_angolensis_palliatus ENSCANG00000041820
nomascus_leucogenys ENSNLEG00000030771
microcebus_murinus ENSMICG00000046225
prolemur_simus ENSPSMG00000004643
propithecus_coquereli ENSPCOG00000020463
otolemur_garnettii ENSOGAG00000033564
cebus_capucinus ENSCCAG00000021418
cebus_capucinus ENSCCAG00000027095
saimiri_boliviensis_boliviensis ENSSBOG00000028009
callithrix_jacchus ENSCJAG00000046216
aotus_nancymaae ENSANAG00000022833
rhinopithecus_bieti ENSRBIG00000020657
rhinopithecus_roxellana ENSRROG00000018790
piliocolobus_tephrosceles ENSPTEG00000015992
macaca_fascicularis ENSMFAG00000038136
macaca_nemestrina ENSMNEG00000027309
papio_anubis ENSPANG00000003692
theropithecus_gelada ENSTGEG00000025546
cercocebus_atys ENSCATG00000013079
chlorocebus_sabaeus ENSCSAG00000002500
homo_sapiens ENSG00000223953
pan_paniscus ENSPPAG00000011910
chinchilla_lanigera ENSCLAG00000013955
octodon_degus ENSODEG00000006895
cavia_porcellus ENSCPOG00000032489
heterocephalus_glaber_female ENSHGLG00000017303
heterocephalus_glaber_male ENSHGLG00100015069
fukomys_damarensis ENSFDAG00000007049
ictidomys_tridecemlineatus ENSSTOG00000022915
urocitellus_parryii ENSUPAG00010018740
spermophilus_dauricus ENSSDAG00000017156
marmota_marmota_marmota ENSMMMG00000022321
microtus_ochrogaster ENSMOCG00000016995
peromyscus_maniculatus_bairdii ENSPEMG00000010725
cricetulus_griseus_crigri ENSCGRG00000013924
cricetulus_griseus_chok1gshd ENSCGRG00001016723
cricetulus_griseus_crigri-picr ENSCGRG00015014568
mesocricetus_auratus ENSMAUG00000002647
mus_spicilegus ENSMSIG00000005880
mus_spretus_strain_spret/eij MGP_SPRETEiJ_G0033237
mus_musculus ENSMUSG00000079592
mus_caroli_strain_caroli_eij MGP_CAROLIEiJ_G0032099
mus_pahari MGP_PahariEiJ_G0014968
rattus_norvegicus ENSRNOG00000007613
meriones_unguiculatus ENSMUGG00000011531
nannospalax_galili ENSNGAG00000023822
jaculus_jaculus ENSJJAG00000014085
castor_canadensis ENSCCNG00000021471
castor_canadensis ENSCCNG00000021350
oryctolagus_cuniculus ENSOCUG00000022094
ochotona_princeps ENSOPRG00000018239
dipodomys_ordii ENSDORG00000014627
myotis_lucifugus ENSMLUG00000029665
loxodonta_africana ENSLAFG00000020705
procavia_capensis ENSPCAG00000006078
dasypus_novemcinctus ENSDNOG00000024729
phascolarctos_cinereus ENSPCIG00000022506
notamacropus_eugenii ENSMEUG00000003043
monodelphis_domestica ENSMODG00000013215
sarcophilus_harrisii ENSSHAG00000007202
ornithorhynchus_anatinus ENSOANG00000009045
gopherus_agassizii ENSGAGG00000022401
chelonoidis_abingdonii ENSCABG00000009687
chrysemys_picta_bellii ENSCPBG00000007926
pelodiscus_sinensis ENSPSIG00000012062
crocodylus_porosus ENSCPRG00005004046
pogona_vitticeps ENSPVIG00000006071
anolis_carolinensis ENSACAG00000002007
notechis_scutatus ENSNSUG00000015500
salvator_merianae ENSSMRG00000021912
apteryx_owenii ENSAOWG00000017364
apteryx_haastii ENSAHAG00000013875
apteryx_rowi ENSARWG00000016704
dromaius_novaehollandiae ENSDNVG00000010956
nothoprocta_perdicaria ENSNPEG00000002901
lonchura_striata_domestica ENSLSDG00000010667
taeniopygia_guttata ENSTGUG00000000385
ficedula_albicollis ENSFALG00000006071
cyanistes_caeruleus ENSCCEG00000004648
parus_major ENSPMJG00000008617
junco_hyemalis ENSJHYG00000006491
serinus_canaria ENSSCAG00000008044
manacus_vitellinus ENSMVIG00005017002
lepidothrix_coronata ENSLCOG00000004333
melopsittacus_undulatus ENSMUNG00000003674
calidris_pugnax ENSCPUG00000014004
calidris_pygmaea ENSCPGG00000007547
anas_platyrhynchos_platyrhynchos ENSAPLG00000030270
anser_brachyrhynchus ENSABRG00000004400
coturnix_japonica ENSCJPG00005009302
meleagris_gallopavo ENSMGAG00000002395
gallus_gallus ENSGALG00000006758
numida_meleagris ENSNMEG00000012265
xenopus_tropicalis ENSXETG00000021595
latimeria_chalumnae ENSLACG00000016316
scleropages_formosus ENSSFOG00015008832
scleropages_formosus ENSSFOG00015001861
paramormyrops_kingsleyae ENSPKIG00000018154
takifugu_rubripes ENSTRUG00000025368
tetraodon_nigroviridis ENSTNIG00000007790
gasterosteus_aculeatus ENSGACG00000009029
kryptolebias_marmoratus ENSKMAG00000015210
cynoglossus_semilaevis ENSCSEG00000009924
xiphophorus_couchianus ENSXCOG00000007900
xiphophorus_maculatus ENSXMAG00000008776
gambusia_affinis ENSGAFG00000010837
poecilia_mexicana ENSPMEG00000017200
poecilia_formosa ENSPFOG00000008179
poecilia_latipinna ENSPLAG00000017410
poecilia_reticulata ENSPREG00000022200
cyprinodon_variegatus ENSCVAG00000007658
fundulus_heteroclitus ENSFHEG00000005682
oryzias_latipes ENSORLG00020021740
oryzias_latipes_asm223469v1 ENSORLG00015002986
oryzias_latipes ENSORLG00000026920
oryzias_melastigma ENSOMEG00000015950
maylandia_zebra ENSMZEG00005015530
astatotilapia_calliptera ENSACLG00000020072
pundamilia_nyererei ENSPNYG00000017052
haplochromis_burtoni ENSHBUG00000017145
neolamprologus_brichardi ENSNBRG00000008115
oreochromis_niloticus ENSONIG00000006228
amphilophus_citrinellus ENSACIG00000002329
labrus_bergylta ENSLBEG00000020695
anabas_testudineus ENSATEG00000010906
scophthalmus_maximus ENSSMAG00000016467
monopterus_albus ENSMALG00000005803
mastacembelus_armatus ENSMAMG00000009815
mola_mola ENSMMOG00000012080
seriola_dumerili ENSSDUG00000020689
seriola_lalandi_dorsalis ENSSLDG00000016246
amphiprion_percula ENSAPEG00000013545
amphiprion_ocellaris ENSAOCG00000012461
acanthochromis_polyacanthus ENSAPOG00000007347
stegastes_partitus ENSSPAG00000004560
periophthalmus_magnuspinnatus ENSPMGG00000021258
hippocampus_comes ENSHCOG00000016638
gadus_morhua ENSGMOG00000011784
pygocentrus_nattereri ENSPNAG00000024798
ictalurus_punctatus ENSIPUG00000011333
danio_rerio ENSDARG00000056134
astyanax_mexicanus ENSAMXG00000035471
lepisosteus_oculatus ENSLOCG00000003445
