drosophila_melanogaster FBgn0015477
caenorhabditis_elegans_strain_n2 WBGene00004378
eptatretus_burgeri ENSEBUG00000013306
eptatretus_burgeri ENSEBUG00000005500
eptatretus_burgeri ENSEBUG00000006833
eptatretus_burgeri ENSEBUG00000002128
petromyzon_marinus ENSPMAG00000009385
seriola_lalandi_dorsalis ENSSLDG00000025080
seriola_dumerili ENSSDUG00000010481
scophthalmus_maximus ENSSMAG00000016630
monopterus_albus ENSMALG00000006530
mastacembelus_armatus ENSMAMG00000010771
amphiprion_percula ENSAPEG00000011400
amphiprion_ocellaris ENSAOCG00000005108
acanthochromis_polyacanthus ENSAPOG00000001596
stegastes_partitus ENSSPAG00000008762
maylandia_zebra ENSMZEG00005018568
astatotilapia_calliptera ENSACLG00000004879
haplochromis_burtoni ENSHBUG00000014823
pundamilia_nyererei ENSPNYG00000003230
oreochromis_niloticus ENSONIG00000006278
amphilophus_citrinellus ENSACIG00000021872
poecilia_mexicana ENSPMEG00000006105
poecilia_latipinna ENSPLAG00000022805
poecilia_formosa ENSPFOG00000019268
poecilia_reticulata ENSPREG00000002883
xiphophorus_maculatus ENSXMAG00000001791
gambusia_affinis ENSGAFG00000018714
cyprinodon_variegatus ENSCVAG00000013572
kryptolebias_marmoratus ENSKMAG00000017138
oryzias_latipes_asm223469v1 ENSORLG00015007276
oryzias_latipes ENSORLG00000012388
oryzias_melastigma ENSOMEG00000001398
takifugu_rubripes ENSTRUG00000006944
tetraodon_nigroviridis ENSTNIG00000013671
mola_mola ENSMMOG00000004269
labrus_bergylta ENSLBEG00000011792
gasterosteus_aculeatus ENSGACG00000004764
cynoglossus_semilaevis ENSCSEG00000019506
periophthalmus_magnuspinnatus ENSPMGG00000011132
hippocampus_comes ENSHCOG00000007182
gadus_morhua ENSGMOG00000006633
esox_lucius ENSELUG00000008383
pygocentrus_nattereri ENSPNAG00000015558
astyanax_mexicanus ENSAMXG00000002451
ictalurus_punctatus ENSIPUG00000003911
paramormyrops_kingsleyae ENSPKIG00000011342
scleropages_formosus ENSSFOG00015020079
scleropages_formosus ENSSFOG00015018764
lepisosteus_oculatus ENSLOCG00000012015
apteryx_haastii ENSAHAG00000008536
apteryx_owenii ENSAOWG00000003851
apteryx_rowi ENSARWG00000014672
dromaius_novaehollandiae ENSDNVG00000002134
junco_hyemalis ENSJHYG00000009892
zonotrichia_albicollis ENSZALG00000002586
serinus_canaria ENSSCAG00000001778
taeniopygia_guttata ENSTGUG00000004305
lonchura_striata_domestica ENSLSDG00000004915
parus_major ENSPMJG00000007938
cyanistes_caeruleus ENSCCEG00000009585
ficedula_albicollis ENSFALG00000012469
lepidothrix_coronata ENSLCOG00000001293
calidris_pygmaea ENSCPGG00000014183
gallus_gallus ENSGALG00000035068
coturnix_japonica ENSCJPG00005001128
meleagris_gallopavo ENSMGAG00000011478
numida_meleagris ENSNMEG00000010464
anser_brachyrhynchus ENSABRG00000014716
crocodylus_porosus ENSCPRG00005006051
chelonoidis_abingdonii ENSCABG00000014398
gopherus_agassizii ENSGAGG00000012692
chrysemys_picta_bellii ENSCPBG00000022909
pelodiscus_sinensis ENSPSIG00000010927
pogona_vitticeps ENSPVIG00000003048
anolis_carolinensis ENSACAG00000000850
notechis_scutatus ENSNSUG00000006950
salvator_merianae ENSSMRG00000010167
sphenodon_punctatus ENSSPUG00000015755
phascolarctos_cinereus ENSPCIG00000023891
sarcophilus_harrisii ENSSHAG00000015731
monodelphis_domestica ENSMODG00000011724
chinchilla_lanigera ENSCLAG00000004432
octodon_degus ENSODEG00000018220
cavia_porcellus ENSCPOG00000006627
heterocephalus_glaber_male ENSHGLG00100004582
heterocephalus_glaber_female ENSHGLG00000011353
fukomys_damarensis ENSFDAG00000003618
spermophilus_dauricus ENSSDAG00000009232
marmota_marmota_marmota ENSMMMG00000019391
urocitellus_parryii ENSUPAG00010022302
ictidomys_tridecemlineatus ENSSTOG00000007898
castor_canadensis ENSCCNG00000018238
dipodomys_ordii ENSDORG00000008220
mus_spicilegus ENSMSIG00000012403
mus_musculus ENSMUSG00000032560
mus_spretus_strain_spret/eij MGP_SPRETEiJ_G0033744
mus_caroli_strain_caroli_eij MGP_CAROLIEiJ_G0032598
mus_pahari MGP_PahariEiJ_G0015466
rattus_norvegicus ENSRNOG00000011491
meriones_unguiculatus ENSMUGG00000008216
peromyscus_maniculatus_bairdii ENSPEMG00000002805
microtus_ochrogaster ENSMOCG00000020927
cricetulus_griseus_crigri-picr ENSCGRG00015007797
cricetulus_griseus_crigri ENSCGRG00000015210
cricetulus_griseus_chok1gshd ENSCGRG00001006218
mesocricetus_auratus ENSMAUG00000006782
nannospalax_galili ENSNGAG00000023524
jaculus_jaculus ENSJJAG00000020239
oryctolagus_cuniculus ENSOCUG00000000587
ochotona_princeps ENSOPRG00000004167
tupaia_belangeri ENSTBEG00000014934
pan_troglodytes ENSPTRG00000015401
pan_paniscus ENSPPAG00000039300
homo_sapiens ENSG00000138246
gorilla_gorilla ENSGGOG00000009485
pongo_abelii ENSPPYG00000014105
nomascus_leucogenys ENSNLEG00000002959
macaca_fascicularis ENSMFAG00000032546
macaca_mulatta ENSMMUG00000016005
macaca_nemestrina ENSMNEG00000043555
mandrillus_leucophaeus ENSMLEG00000043811
cercocebus_atys ENSCATG00000028371
papio_anubis ENSPANG00000000576
theropithecus_gelada ENSTGEG00000014278
chlorocebus_sabaeus ENSCSAG00000010558
rhinopithecus_roxellana ENSRROG00000037091
rhinopithecus_bieti ENSRBIG00000037521
piliocolobus_tephrosceles ENSPTEG00000037744
cebus_capucinus ENSCCAG00000022295
saimiri_boliviensis_boliviensis ENSSBOG00000034021
callithrix_jacchus ENSCJAG00000003035
aotus_nancymaae ENSANAG00000033512
carlito_syrichta ENSTSYG00000014580
propithecus_coquereli ENSPCOG00000019515
prolemur_simus ENSPSMG00000025969
microcebus_murinus ENSMICG00000049364
otolemur_garnettii ENSOGAG00000015359
ursus_americanus ENSUAMG00000012743
ursus_maritimus ENSUMAG00000016851
ailuropoda_melanoleuca ENSAMEG00000010776
neovison_vison ENSNVIG00000022970
mustela_putorius_furo ENSMPUG00000009998
canis_lupus_familiaris ENSCAFG00000006262
canis_lupus_dingo ENSCAFG00020027482
vulpes_vulpes ENSVVUG00000003098
panthera_tigris_altaica ENSPTIG00000020458
panthera_pardus ENSPPRG00000005390
felis_catus ENSFCAG00000003874
equus_caballus ENSECAG00000021422
equus_asinus_asinus ENSEASG00005004945
bos_taurus ENSBTAG00000002966
bos_mutus ENSBMUG00000005690
bison_bison_bison ENSBBBG00000005941
capra_hircus ENSCHIG00000010645
ovis_aries ENSOARG00000008995
tursiops_truncatus ENSTTRG00000008596
sus_scrofa ENSSSCG00000011628
vicugna_pacos ENSVPAG00000003657
pteropus_vampyrus ENSPVAG00000012591
myotis_lucifugus ENSMLUG00000006512
erinaceus_europaeus ENSEEUG00000001978
sorex_araneus ENSSARG00000005015
choloepus_hoffmanni ENSCHOG00000003061
dasypus_novemcinctus ENSDNOG00000008491
loxodonta_africana ENSLAFG00000014999
procavia_capensis ENSPCAG00000004656
ornithorhynchus_anatinus ENSOANG00000006776
xenopus_tropicalis ENSXETG00000001850
latimeria_chalumnae ENSLACG00000001753
ciona_intestinalis ENSCING00000012854
ciona_intestinalis ENSCING00000021833
ciona_savignyi ENSCSAVG00000007447
