piliocolobus_tephrosceles ENSPTEG00000024131
rhinopithecus_bieti ENSRBIG00000033155
cebus_capucinus ENSCCAG00000023422
jaculus_jaculus ENSJJAG00000015222
pan_troglodytes ENSPTRG00000007004
gorilla_gorilla ENSGGOG00000041470
colobus_angolensis_palliatus ENSCANG00000029505
piliocolobus_tephrosceles ENSPTEG00000019348
chlorocebus_sabaeus ENSCSAG00000009475
macaca_fascicularis ENSMFAG00000033890
saimiri_boliviensis_boliviensis ENSSBOG00000031072
propithecus_coquereli ENSPCOG00000026585
prolemur_simus ENSPSMG00000019932
microcebus_murinus ENSMICG00000035958
piliocolobus_tephrosceles ENSPTEG00000009996
mandrillus_leucophaeus ENSMLEG00000034607
pan_paniscus ENSPPAG00000027977
papio_anubis ENSPANG00000018110
theropithecus_gelada ENSTGEG00000007587
cercocebus_atys ENSCATG00000041994
rhinopithecus_roxellana ENSRROG00000006685
colobus_angolensis_palliatus ENSCANG00000025632
homo_sapiens ENSG00000140264
callithrix_jacchus ENSCJAG00000022274
cebus_capucinus ENSCCAG00000035655
saimiri_boliviensis_boliviensis ENSSBOG00000034005
aotus_nancymaae ENSANAG00000034308
saimiri_boliviensis_boliviensis ENSSBOG00000025293
aotus_nancymaae ENSANAG00000022618
carlito_syrichta ENSTSYG00000019357
otolemur_garnettii ENSOGAG00000032779
castor_canadensis ENSCCNG00000001737
dipodomys_ordii ENSDORG00000019806
cricetulus_griseus_chok1gshd ENSCGRG00001003946
cricetulus_griseus_crigri ENSCGRG00000010881
mesocricetus_auratus ENSMAUG00000018481
peromyscus_maniculatus_bairdii ENSPEMG00000013104
peromyscus_maniculatus_bairdii ENSPEMG00000029631
microtus_ochrogaster ENSMOCG00000010172
microtus_ochrogaster ENSMOCG00000022665
microtus_ochrogaster ENSMOCG00000002326
mus_caroli_strain_caroli_eij MGP_CAROLIEiJ_G0024195
mus_musculus ENSMUSG00000074884
mus_spicilegus ENSMSIG00000028916
mus_spretus_strain_spret/eij MGP_SPRETEiJ_G0025111
mus_pahari MGP_PahariEiJ_G0025637
meriones_unguiculatus ENSMUGG00000019529
nannospalax_galili ENSNGAG00000000965
ictidomys_tridecemlineatus ENSSTOG00000021211
marmota_marmota_marmota ENSMMMG00000018255
spermophilus_dauricus ENSSDAG00000013456
jaculus_jaculus ENSJJAG00000014543
heterocephalus_glaber_female ENSHGLG00000005915
heterocephalus_glaber_male ENSHGLG00100016983
heterocephalus_glaber_female ENSHGLG00000005811
heterocephalus_glaber_male ENSHGLG00100011373
fukomys_damarensis ENSFDAG00000016642
cavia_porcellus ENSCPOG00000031483
octodon_degus ENSODEG00000012254
octodon_degus ENSODEG00000013593
octodon_degus ENSODEG00000016295
nomascus_leucogenys ENSNLEG00000032963
colobus_angolensis_palliatus ENSCANG00000033211
aotus_nancymaae ENSANAG00000023317
macaca_nemestrina ENSMNEG00000019223
bos_mutus ENSBMUG00000005270
bos_mutus ENSBMUG00000020556
bos_taurus ENSBTAG00000046486
sus_scrofa ENSSSCG00000024263
canis_lupus_dingo ENSCAFG00020023382
canis_lupus_dingo ENSCAFG00020000861
canis_lupus_dingo ENSCAFG00020017533
vulpes_vulpes ENSVVUG00000021558
vulpes_vulpes ENSVVUG00000014158
ailuropoda_melanoleuca ENSAMEG00000015222
equus_asinus_asinus ENSEASG00005004849
equus_caballus ENSECAG00000033153
cercocebus_atys ENSCATG00000018596
macaca_fascicularis ENSMFAG00000016080
mandrillus_leucophaeus ENSMLEG00000026034
macaca_nemestrina ENSMNEG00000037906
theropithecus_gelada ENSTGEG00000002952
mandrillus_leucophaeus ENSMLEG00000001095
papio_anubis ENSPANG00000030418
macaca_fascicularis ENSMFAG00000012633
macaca_mulatta ENSMMUG00000041941
rhinopithecus_roxellana ENSRROG00000036127
rhinopithecus_bieti ENSRBIG00000034338
piliocolobus_tephrosceles ENSPTEG00000025165
nomascus_leucogenys ENSNLEG00000018298
saimiri_boliviensis_boliviensis ENSSBOG00000020087
cebus_capucinus ENSCCAG00000015281
callithrix_jacchus ENSCJAG00000033633
rhinopithecus_roxellana ENSRROG00000020625
rhinopithecus_roxellana ENSRROG00000034111
rhinopithecus_bieti ENSRBIG00000025534
piliocolobus_tephrosceles ENSPTEG00000013529
papio_anubis ENSPANG00000009633
macaca_mulatta ENSMMUG00000043811
aotus_nancymaae ENSANAG00000024188
meriones_unguiculatus ENSMUGG00000013629
meriones_unguiculatus ENSMUGG00000013728
meriones_unguiculatus ENSMUGG00000019609
rattus_norvegicus ENSRNOG00000015277
microtus_ochrogaster ENSMOCG00000001277
cricetulus_griseus_crigri-picr ENSCGRG00015007231
cricetulus_griseus_chok1gshd ENSCGRG00001025063
cricetulus_griseus_crigri ENSCGRG00000013172
mus_spicilegus ENSMSIG00000019880
urocitellus_parryii ENSUPAG00010010342
choloepus_hoffmanni ENSCHOG00000006089
canis_lupus_familiaris ENSCAFG00000000320
canis_lupus_dingo ENSCAFG00020000098
vulpes_vulpes ENSVVUG00000010617
neovison_vison ENSNVIG00000020849
ursus_maritimus ENSUMAG00000008346
ursus_americanus ENSUAMG00000025253
tursiops_truncatus ENSTTRG00000021466
panthera_pardus ENSPPRG00000023227
panthera_tigris_altaica ENSPTIG00000007204
felis_catus ENSFCAG00000031217
bos_taurus ENSBTAG00000047694
bison_bison_bison ENSBBBG00000007160
ovis_aries ENSOARG00000011129
equus_caballus ENSECAG00000039232
pteropus_vampyrus ENSPVAG00000024207
loxodonta_africana ENSLAFG00000029907
procavia_capensis ENSPCAG00000018872
dasypus_novemcinctus ENSDNOG00000025123
notamacropus_eugenii ENSMEUG00000013018
piliocolobus_tephrosceles ENSPTEG00000004966
aotus_nancymaae ENSANAG00000035616
canis_lupus_dingo ENSCAFG00020020240
coturnix_japonica ENSCJPG00005000552
