sphenodon_punctatus ENSSPUG00000010460
salvator_merianae ENSSMRG00000002400
bos_taurus ENSBTAG00000015592
bos_mutus ENSBMUG00000020785
bos_indicus ENSBIXG00000023004
ovis_aries ENSOARG00000016207
equus_caballus ENSECAG00000000949
oryctolagus_cuniculus ENSOCUG00000010753
xenopus_tropicalis ENSXETG00000004383
latimeria_chalumnae ENSLACG00000008091
hucho_hucho ENSHHUG00000047225
esox_lucius ENSELUG00000015567
pundamilia_nyererei ENSPNYG00000001395
maylandia_zebra ENSMZEG00005008252
haplochromis_burtoni ENSHBUG00000014824
oreochromis_niloticus ENSONIG00000019096
amphilophus_citrinellus ENSACIG00000001267
acanthochromis_polyacanthus ENSAPOG00000015012
kryptolebias_marmoratus ENSKMAG00000019032
xiphophorus_couchianus ENSXCOG00000019655
mola_mola ENSMMOG00000021850
tetraodon_nigroviridis ENSTNIG00000014581
labrus_bergylta ENSLBEG00000019677
lates_calcarifer ENSLCAG00010017940
anabas_testudineus ENSATEG00000001624
monopterus_albus ENSMALG00000014889
electrophorus_electricus ENSEEEG00000008677
paramormyrops_kingsleyae ENSPKIG00000008354
callorhinchus_milii ENSCMIG00000002704
eptatretus_burgeri ENSEBUG00000001964
gopherus_agassizii ENSGAGG00000023468
chelonoidis_abingdonii ENSCABG00000009585
chrysemys_picta ENSCPBG00000026645
pelodiscus_sinensis ENSPSIG00000010985
crocodylus_porosus ENSCPRG00005014466
pogona_vitticeps ENSPVIG00000023508
anolis_carolinensis ENSACAG00000003261
notechis_scutatus ENSNSUG00000006664
anser_brachyrhynchus ENSABRG00000014214
anas_platyrhynchos ENSAPLG00000022146
coturnix_japonica ENSCJPG00005021516
meleagris_gallopavo ENSMGAG00000006876
gallus_gallus ENSGALG00000005252
numida_meleagris ENSNMEG00000017710
lonchura_striata ENSLSDG00000017640
serinus_canaria ENSSCAG00000012322
junco_hyemalis ENSJHYG00000016761
parus_major ENSPMJG00000019321
ficedula_albicollis ENSFALG00000014438
lepidothrix_coronata ENSLCOG00000002086
manacus_vitellinus ENSMVIG00005016539
calidris_pugnax ENSCPUG00000004209
calidris_pygmaea ENSCPGG00000002380
apteryx_haastii ENSAHAG00000007397
apteryx_rowi ENSARWG00000018907
dromaius_novaehollandiae ENSDNVG00000006673
vombatus_ursinus ENSVURG00010001529
phascolarctos_cinereus ENSPCIG00000007670
sarcophilus_harrisii ENSSHAG00000007417
monodelphis_domestica ENSMODG00000023249
mus_musculus ENSMUSG00000068696
mus_spretus MGP_SPRETEiJ_G0026513
mus_spicilegus ENSMSIG00000005216
mus_caroli MGP_CAROLIEiJ_G0025563
mus_pahari MGP_PahariEiJ_G0027009
rattus_norvegicus ENSRNOG00000026953
meriones_unguiculatus ENSMUGG00000015320
nannospalax_galili ENSNGAG00000024375
cricetulus_griseus ENSCGRG00001002219
cricetulus_griseus ENSCGRG00015027225
mesocricetus_auratus ENSMAUG00000008453
microtus_ochrogaster ENSMOCG00000012199
peromyscus_maniculatus ENSPEMG00000025413
jaculus_jaculus ENSJJAG00000012613
urocitellus_parryii ENSUPAG00010022931
ictidomys_tridecemlineatus ENSSTOG00000007825
heterocephalus_glaber ENSHGLG00000001346
oryctolagus_cuniculus ENSOCUG00000012118
microcebus_murinus ENSMICG00000048118
prolemur_simus ENSPSMG00000006554
propithecus_coquereli ENSPCOG00000003298
otolemur_garnettii ENSOGAG00000027219
callithrix_jacchus ENSCJAG00000040608
cebus_capucinus ENSCCAG00000018375
saimiri_boliviensis ENSSBOG00000030778
aotus_nancymaae ENSANAG00000029736
pan_troglodytes ENSPTRG00000001008
gorilla_gorilla ENSGGOG00000008493
homo_sapiens ENSG00000181656
nomascus_leucogenys ENSNLEG00000033226
theropithecus_gelada ENSTGEG00000026145
papio_anubis ENSPANG00000012474
cercocebus_atys ENSCATG00000016001
macaca_fascicularis ENSMFAG00000037976
macaca_nemestrina ENSMNEG00000017866
macaca_mulatta ENSMMUG00000055443
chlorocebus_sabaeus ENSCSAG00000000159
rhinopithecus_bieti ENSRBIG00000018317
rhinopithecus_roxellana ENSRROG00000023974
colobus_angolensis ENSCANG00000005300
piliocolobus_tephrosceles ENSPTEG00000024503
ursus_americanus ENSUAMG00000010365
ailuropoda_melanoleuca ENSAMEG00000018888
neovison_vison ENSNVIG00000023750
panthera_pardus ENSPPRG00000014978
felis_catus ENSFCAG00000042058
equus_caballus ENSECAG00000030478
equus_asinus ENSEASG00005015930
bos_indicus ENSBIXG00000004026
bos_indicus ENSBIXG00005000624
bos_taurus ENSBTAG00000021101
capra_hircus ENSCHIG00000003315
tursiops_truncatus ENSTTRG00000009369
sus_scrofa ENSSSCG00000035602
octodon_degus ENSODEG00000005971
castor_canadensis ENSCCNG00000024586
canis_lupus ENSCAFG00020011452
canis_lupus ENSCAFG00000030399
vulpes_vulpes ENSVVUG00000022072
choloepus_hoffmanni ENSCHOG00000012221
procavia_capensis ENSPCAG00000003382
xenopus_tropicalis ENSXETG00000011777
astyanax_mexicanus ENSAMXG00005022427
astyanax_mexicanus ENSAMXG00000025067
pygocentrus_nattereri ENSPNAG00000022351
ictalurus_punctatus ENSIPUG00000024809
denticeps_clupeoides ENSDCDG00000018225
scleropages_formosus ENSSFOG00015017720
clupea_harengus ENSCHAG00000024593
electrophorus_electricus ENSEEEG00000015335
hucho_hucho ENSHHUG00000051425
paramormyrops_kingsleyae ENSPKIG00000001846
lepisosteus_oculatus ENSLOCG00000000116
erpetoichthys_calabaricus ENSECRG00000008419
oryzias_melastigma ENSOMEG00000001004
kryptolebias_marmoratus ENSKMAG00000003338
betta_splendens ENSBSLG00000012819
ciona_intestinalis ENSCING00000025058
