phascolarctos_cinereus ENSPCIG00000012685
notamacropus_eugenii ENSMEUG00000002727
sarcophilus_harrisii ENSSHAG00000013863
monodelphis_domestica ENSMODG00000014399
papio_anubis ENSPANG00000002392
theropithecus_gelada ENSTGEG00000007808
chlorocebus_sabaeus ENSCSAG00000000980
cercocebus_atys ENSCATG00000016281
mandrillus_leucophaeus ENSMLEG00000034758
macaca_fascicularis ENSMFAG00000003929
macaca_mulatta ENSMMUG00000012700
macaca_nemestrina ENSMNEG00000042165
rhinopithecus_roxellana ENSRROG00000045107
rhinopithecus_bieti ENSRBIG00000012346
piliocolobus_tephrosceles ENSPTEG00000019332
colobus_angolensis_palliatus ENSCANG00000030428
pan_paniscus ENSPPAG00000033338
pan_troglodytes ENSPTRG00000047988
gorilla_gorilla ENSGGOG00000004975
homo_sapiens ENSG00000060642
pongo_abelii ENSPPYG00000001679
nomascus_leucogenys ENSNLEG00000009372
cebus_capucinus ENSCCAG00000036607
callithrix_jacchus ENSCJAG00000042636
aotus_nancymaae ENSANAG00000023038
saimiri_boliviensis_boliviensis ENSSBOG00000031404
carlito_syrichta ENSTSYG00000028086
propithecus_coquereli ENSPCOG00000027020
microcebus_murinus ENSMICG00000046640
prolemur_simus ENSPSMG00000005487
otolemur_garnettii ENSOGAG00000029083
castor_canadensis ENSCCNG00000025482
dipodomys_ordii ENSDORG00000008243
mus_spicilegus ENSMSIG00000000284
mus_spretus_strain_spret/eij MGP_SPRETEiJ_G0027578
mus_musculus ENSMUSG00000043257
mus_caroli_strain_caroli_eij MGP_CAROLIEiJ_G0026598
mus_pahari MGP_PahariEiJ_G0028931
rattus_norvegicus ENSRNOG00000000121
meriones_unguiculatus ENSMUGG00000020353
cricetulus_griseus_crigri ENSCGRG00000012835
cricetulus_griseus_chok1gshd ENSCGRG00001013693
cricetulus_griseus_crigri-picr ENSCGRG00015016535
mesocricetus_auratus ENSMAUG00000020277
microtus_ochrogaster ENSMOCG00000021093
peromyscus_maniculatus_bairdii ENSPEMG00000000163
nannospalax_galili ENSNGAG00000015293
jaculus_jaculus ENSJJAG00000019530
chinchilla_lanigera ENSCLAG00000011353
octodon_degus ENSODEG00000005864
cavia_aperea ENSCAPG00000011909
cavia_porcellus ENSCPOG00000033509
heterocephalus_glaber_male ENSHGLG00100014592
heterocephalus_glaber_female ENSHGLG00000019195
fukomys_damarensis ENSFDAG00000016130
urocitellus_parryii ENSUPAG00010021291
spermophilus_dauricus ENSSDAG00000019460
ictidomys_tridecemlineatus ENSSTOG00000021148
marmota_marmota_marmota ENSMMMG00000013753
tupaia_belangeri ENSTBEG00000013710
myotis_lucifugus ENSMLUG00000002508
pteropus_vampyrus ENSPVAG00000017277
bos_mutus ENSBMUG00000016736
bos_taurus ENSBTAG00000009796
bison_bison_bison ENSBBBG00000002976
capra_hircus ENSCHIG00000024521
ovis_aries ENSOARG00000004157
tursiops_truncatus ENSTTRG00000016412
sus_scrofa ENSSSCG00000040007
sorex_araneus ENSSARG00000013464
erinaceus_europaeus ENSEEUG00000014757
equus_caballus ENSECAG00000017119
equus_asinus_asinus ENSEASG00005008625
ursus_americanus ENSUAMG00000026229
ursus_maritimus ENSUMAG00000011910
ailuropoda_melanoleuca ENSAMEG00000010771
neovison_vison ENSNVIG00000023704
mustela_putorius_furo ENSMPUG00000015674
canis_lupus_dingo ENSCAFG00020021632
canis_lupus_familiaris ENSCAFG00000012300
vulpes_vulpes ENSVVUG00000011980
panthera_pardus ENSPPRG00000024724
panthera_tigris_altaica ENSPTIG00000014722
felis_catus ENSFCAG00000012815
procavia_capensis ENSPCAG00000012466
echinops_telfairi ENSETEG00000018153
loxodonta_africana ENSLAFG00000016679
choloepus_hoffmanni ENSCHOG00000005263
dasypus_novemcinctus ENSDNOG00000032019
oryctolagus_cuniculus ENSOCUG00000017959
ochotona_princeps ENSOPRG00000016400
ornithorhynchus_anatinus ENSOANG00000013375
apteryx_owenii ENSAOWG00000011575
apteryx_haastii ENSAHAG00000011333
apteryx_rowi ENSARWG00000010601
dromaius_novaehollandiae ENSDNVG00000007414
nothoprocta_perdicaria ENSNPEG00000007738
calidris_pygmaea ENSCPGG00000018243
calidris_pugnax ENSCPUG00000016315
lepidothrix_coronata ENSLCOG00000001044
manacus_vitellinus ENSMVIG00005005928
parus_major ENSPMJG00000018412
cyanistes_caeruleus ENSCCEG00000015381
ficedula_albicollis ENSFALG00000000325
serinus_canaria ENSSCAG00000007303
lonchura_striata_domestica ENSLSDG00000016633
taeniopygia_guttata ENSTGUG00000000996
junco_hyemalis ENSJHYG00000003719
zonotrichia_albicollis ENSZALG00000012189
melopsittacus_undulatus ENSMUNG00000011843
coturnix_japonica ENSCJPG00005015460
gallus_gallus ENSGALG00000039883
meleagris_gallopavo ENSMGAG00000009569
numida_meleagris ENSNMEG00000002994
anser_brachyrhynchus ENSABRG00000001605
anas_platyrhynchos_platyrhynchos ENSAPLG00000010797
crocodylus_porosus ENSCPRG00005003573
gopherus_agassizii ENSGAGG00000023299
chelonoidis_abingdonii ENSCABG00000009900
chrysemys_picta_bellii ENSCPBG00000024976
pelodiscus_sinensis ENSPSIG00000017303
pogona_vitticeps ENSPVIG00000017177
anolis_carolinensis ENSACAG00000016638
notechis_scutatus ENSNSUG00000013856
salvator_merianae ENSSMRG00000002359
sphenodon_punctatus ENSSPUG00000018350
xenopus_tropicalis ENSXETG00000020693
latimeria_chalumnae ENSLACG00000008619
poecilia_formosa ENSPFOG00000009699
poecilia_mexicana ENSPMEG00000010407
poecilia_latipinna ENSPLAG00000001806
poecilia_reticulata ENSPREG00000008663
xiphophorus_maculatus ENSXMAG00000010711
xiphophorus_couchianus ENSXCOG00000016126
gambusia_affinis ENSGAFG00000002696
cyprinodon_variegatus ENSCVAG00000020161
fundulus_heteroclitus ENSFHEG00000015501
kryptolebias_marmoratus ENSKMAG00000020611
oryzias_latipes ENSORLG00020022606
oryzias_latipes ENSORLG00000004385
oryzias_latipes_asm223469v1 ENSORLG00015008838
oryzias_melastigma ENSOMEG00000010858
gasterosteus_aculeatus ENSGACG00000007253
monopterus_albus ENSMALG00000007488
mastacembelus_armatus ENSMAMG00000023972
anabas_testudineus ENSATEG00000023748
scophthalmus_maximus ENSSMAG00000002024
cynoglossus_semilaevis ENSCSEG00000005298
seriola_lalandi_dorsalis ENSSLDG00000016450
seriola_lalandi_dorsalis ENSSLDG00000006513
seriola_dumerili ENSSDUG00000017157
takifugu_rubripes ENSTRUG00000013505
tetraodon_nigroviridis ENSTNIG00000009660
mola_mola ENSMMOG00000008970
labrus_bergylta ENSLBEG00000007204
amphiprion_percula ENSAPEG00000018791
amphiprion_ocellaris ENSAOCG00000019469
acanthochromis_polyacanthus ENSAPOG00000001196
stegastes_partitus ENSSPAG00000013002
astatotilapia_calliptera ENSACLG00000012733
haplochromis_burtoni ENSHBUG00000020655
maylandia_zebra ENSMZEG00005019715
pundamilia_nyererei ENSPNYG00000005224
oreochromis_niloticus ENSONIG00000006763
neolamprologus_brichardi ENSNBRG00000000491
amphilophus_citrinellus ENSACIG00000010361
hippocampus_comes ENSHCOG00000005775
periophthalmus_magnuspinnatus ENSPMGG00000001804
gadus_morhua ENSGMOG00000001161
esox_lucius ENSELUG00000022642
pygocentrus_nattereri ENSPNAG00000027359
astyanax_mexicanus ENSAMXG00000020228
ictalurus_punctatus ENSIPUG00000016911
danio_rerio ENSDARG00000101952
paramormyrops_kingsleyae ENSPKIG00000020294
scleropages_formosus ENSSFOG00015009742
lepisosteus_oculatus ENSLOCG00000003786
eptatretus_burgeri ENSEBUG00000005287
drosophila_melanogaster FBgn0265174
caenorhabditis_elegans_strain_n2 WBGene00020375
ciona_intestinalis ENSCING00000012106
ciona_savignyi ENSCSAVG00000006074
saccharomyces_cerevisiae YBR004C
