petromyzon_marinus ENSPMAG00000005661
eptatretus_burgeri ENSEBUG00000008098
anolis_carolinensis ENSACAG00000001353
pogona_vitticeps ENSPVIG00000009552
notechis_scutatus ENSNSUG00000005124
salvator_merianae ENSSMRG00000021713
apteryx_rowi ENSARWG00000001711
gallus_gallus ENSGALG00000007298
coturnix_japonica ENSCJPG00005011419
numida_meleagris ENSNMEG00000002210
anser_brachyrhynchus ENSABRG00000013570
calidris_pygmaea ENSCPGG00000000372
zonotrichia_albicollis ENSZALG00000012596
junco_hyemalis ENSJHYG00000010329
ficedula_albicollis ENSFALG00000005802
parus_major ENSPMJG00000007994
lepidothrix_coronata ENSLCOG00000004061
nothoprocta_perdicaria ENSNPEG00000002432
taeniopygia_guttata ENSTGUG00000000184
lonchura_striata_domestica ENSLSDG00000006804
serinus_canaria ENSSCAG00000005510
cyanistes_caeruleus ENSCCEG00000002051
meleagris_gallopavo ENSMGAG00000003429
melopsittacus_undulatus ENSMUNG00000009553
calidris_pugnax ENSCPUG00000018100
anas_platyrhynchos_platyrhynchos ENSAPLG00000014327
apteryx_owenii ENSAOWG00000009877
apteryx_haastii ENSAHAG00000002399
dromaius_novaehollandiae ENSDNVG00000004725
sphenodon_punctatus ENSSPUG00000005199
myotis_lucifugus ENSMLUG00000007898
tupaia_belangeri ENSTBEG00000000852
bos_mutus ENSBMUG00000013418
bos_taurus ENSBTAG00000019365
bison_bison_bison ENSBBBG00000023674
ovis_aries ENSOARG00000005403
capra_hircus ENSCHIG00000018165
sus_scrofa ENSSSCG00000015079
ursus_maritimus ENSUMAG00000002549
ursus_americanus ENSUAMG00000004571
ailuropoda_melanoleuca ENSAMEG00000008462
mustela_putorius_furo ENSMPUG00000004353
neovison_vison ENSNVIG00000005626
canis_lupus_dingo ENSCAFG00020001856
canis_lupus_familiaris ENSCAFG00000013069
vulpes_vulpes ENSVVUG00000024709
panthera_pardus ENSPPRG00000025033
panthera_tigris_altaica ENSPTIG00000016174
felis_catus ENSFCAG00000000178
erinaceus_europaeus ENSEEUG00000007017
saimiri_boliviensis_boliviensis ENSSBOG00000035674
cebus_capucinus ENSCCAG00000037820
callithrix_jacchus ENSCJAG00000012845
aotus_nancymaae ENSANAG00000027782
pan_troglodytes ENSPTRG00000004324
pan_paniscus ENSPPAG00000037875
gorilla_gorilla ENSGGOG00000014376
homo_sapiens ENSG00000186318
pongo_abelii ENSPPYG00000003912
nomascus_leucogenys ENSNLEG00000007342
macaca_fascicularis ENSMFAG00000031386
macaca_mulatta ENSMMUG00000007785
macaca_nemestrina ENSMNEG00000043700
papio_anubis ENSPANG00000013147
theropithecus_gelada ENSTGEG00000022063
mandrillus_leucophaeus ENSMLEG00000032573
cercocebus_atys ENSCATG00000031860
chlorocebus_sabaeus ENSCSAG00000002684
rhinopithecus_bieti ENSRBIG00000032215
rhinopithecus_roxellana ENSRROG00000029979
colobus_angolensis_palliatus ENSCANG00000031446
piliocolobus_tephrosceles ENSPTEG00000022169
carlito_syrichta ENSTSYG00000003291
microcebus_murinus ENSMICG00000002392
prolemur_simus ENSPSMG00000001059
propithecus_coquereli ENSPCOG00000023030
otolemur_garnettii ENSOGAG00000006467
heterocephalus_glaber_male ENSHGLG00100013478
heterocephalus_glaber_female ENSHGLG00000015268
fukomys_damarensis ENSFDAG00000007541
cavia_porcellus ENSCPOG00000012754
cavia_aperea ENSCAPG00000000973
chinchilla_lanigera ENSCLAG00000013254
octodon_degus ENSODEG00000008334
urocitellus_parryii ENSUPAG00010006050
spermophilus_dauricus ENSSDAG00000012521
ictidomys_tridecemlineatus ENSSTOG00000020402
marmota_marmota_marmota ENSMMMG00000022841
castor_canadensis ENSCCNG00000016807
dipodomys_ordii ENSDORG00000013760
mus_musculus ENSMUSG00000032086
mus_spretus_strain_spret/eij MGP_SPRETEiJ_G0033287
mus_spicilegus ENSMSIG00000010582
mus_caroli_strain_caroli_eij MGP_CAROLIEiJ_G0032148
mus_pahari MGP_PahariEiJ_G0015018
rattus_norvegicus ENSRNOG00000016847
meriones_unguiculatus ENSMUGG00000013775
mesocricetus_auratus ENSMAUG00000003202
mesocricetus_auratus ENSMAUG00000009225
cricetulus_griseus_crigri ENSCGRG00000005096
cricetulus_griseus_crigri-picr ENSCGRG00015018442
cricetulus_griseus_chok1gshd ENSCGRG00001020465
peromyscus_maniculatus_bairdii ENSPEMG00000021179
microtus_ochrogaster ENSMOCG00000011148
nannospalax_galili ENSNGAG00000019368
jaculus_jaculus ENSJJAG00000015380
oryctolagus_cuniculus ENSOCUG00000022776
dasypus_novemcinctus ENSDNOG00000015297
choloepus_hoffmanni ENSCHOG00000010758
loxodonta_africana ENSLAFG00000003835
tursiops_truncatus ENSTTRG00000000978
pteropus_vampyrus ENSPVAG00000002066
ochotona_princeps ENSOPRG00000016392
procavia_capensis ENSPCAG00000005410
equus_caballus ENSECAG00000012427
equus_asinus_asinus ENSEASG00005005342
vicugna_pacos ENSVPAG00000002689
echinops_telfairi ENSETEG00000018758
sarcophilus_harrisii ENSSHAG00000010636
monodelphis_domestica ENSMODG00000013692
phascolarctos_cinereus ENSPCIG00000009842
notamacropus_eugenii ENSMEUG00000005358
sorex_araneus ENSSARG00000006840
ornithorhynchus_anatinus ENSOANG00000014353
gopherus_agassizii ENSGAGG00000001749
chelonoidis_abingdonii ENSCABG00000008656
chrysemys_picta_bellii ENSCPBG00000020486
crocodylus_porosus ENSCPRG00005000618
pelodiscus_sinensis ENSPSIG00000002136
petromyzon_marinus ENSPMAG00000001055
latimeria_chalumnae ENSLACG00000018288
xenopus_tropicalis ENSXETG00000003749
xiphophorus_maculatus ENSXMAG00000028966
gambusia_affinis ENSGAFG00000013743
poecilia_formosa ENSPFOG00000007323
poecilia_latipinna ENSPLAG00000011405
poecilia_mexicana ENSPMEG00000011487
poecilia_reticulata ENSPREG00000007495
cyprinodon_variegatus ENSCVAG00000016059
fundulus_heteroclitus ENSFHEG00000016586
kryptolebias_marmoratus ENSKMAG00000021677
oryzias_latipes ENSORLG00020006011
oryzias_latipes_asm223469v1 ENSORLG00015011240
oryzias_latipes ENSORLG00000025617
oryzias_melastigma ENSOMEG00000006386
gasterosteus_aculeatus ENSGACG00000006022
tetraodon_nigroviridis ENSTNIG00000014351
takifugu_rubripes ENSTRUG00000007818
scophthalmus_maximus ENSSMAG00000000453
cynoglossus_semilaevis ENSCSEG00000014707
seriola_lalandi_dorsalis ENSSLDG00000008354
seriola_dumerili ENSSDUG00000012384
mastacembelus_armatus ENSMAMG00000013436
anabas_testudineus ENSATEG00000022487
mola_mola ENSMMOG00000019042
hippocampus_comes ENSHCOG00000014069
amphiprion_percula ENSAPEG00000024241
amphiprion_ocellaris ENSAOCG00000015967
acanthochromis_polyacanthus ENSAPOG00000015041
stegastes_partitus ENSSPAG00000018286
astatotilapia_calliptera ENSACLG00000011176
maylandia_zebra ENSMZEG00005005841
pundamilia_nyererei ENSPNYG00000004440
haplochromis_burtoni ENSHBUG00000022886
neolamprologus_brichardi ENSNBRG00000001039
oreochromis_niloticus ENSONIG00000016675
amphilophus_citrinellus ENSACIG00000012485
labrus_bergylta ENSLBEG00000012418
monopterus_albus ENSMALG00000019464
periophthalmus_magnuspinnatus ENSPMGG00000008751
gadus_morhua ENSGMOG00000004067
esox_lucius ENSELUG00000009044
pygocentrus_nattereri ENSPNAG00000008182
astyanax_mexicanus ENSAMXG00000009844
ictalurus_punctatus ENSIPUG00000007305
danio_rerio ENSDARG00000101716
scleropages_formosus ENSSFOG00015016219
paramormyrops_kingsleyae ENSPKIG00000008713
lepisosteus_oculatus ENSLOCG00000006246
ciona_savignyi ENSCSAVG00000002312
