caenorhabditis_elegans_strain_n2 WBGene00003036
caenorhabditis_elegans_strain_n2 WBGene00004312
drosophila_melanogaster FBgn0263979
gadus_morhua ENSGMOG00000004923
esox_lucius ENSELUG00000010738
amphiprion_ocellaris ENSAOCG00000013161
amphiprion_percula ENSAPEG00000003388
acanthochromis_polyacanthus ENSAPOG00000011919
poecilia_formosa ENSPFOG00000004959
poecilia_reticulata ENSPREG00000022323
gambusia_affinis ENSGAFG00000003366
cynoglossus_semilaevis ENSCSEG00000007481
periophthalmus_magnuspinnatus ENSPMGG00000003779
tetraodon_nigroviridis ENSTNIG00000003405
takifugu_rubripes ENSTRUG00000000593
gasterosteus_aculeatus ENSGACG00000014552
astatotilapia_calliptera ENSACLG00000000073
maylandia_zebra ENSMZEG00005002637
pundamilia_nyererei ENSPNYG00000019829
haplochromis_burtoni ENSHBUG00000022301
neolamprologus_brichardi ENSNBRG00000000923
oreochromis_niloticus ENSONIG00000003429
amphilophus_citrinellus ENSACIG00000018398
stegastes_partitus ENSSPAG00000011251
mastacembelus_armatus ENSMAMG00000011524
anabas_testudineus ENSATEG00000012737
mola_mola ENSMMOG00000015295
seriola_lalandi_dorsalis ENSSLDG00000015133
seriola_dumerili ENSSDUG00000013639
scophthalmus_maximus ENSSMAG00000015234
xiphophorus_maculatus ENSXMAG00000013847
xiphophorus_couchianus ENSXCOG00000017690
kryptolebias_marmoratus ENSKMAG00000011977
monopterus_albus ENSMALG00000019216
oryzias_latipes ENSORLG00000019442
oryzias_latipes_asm223469v1 ENSORLG00015011802
labrus_bergylta ENSLBEG00000012198
poecilia_latipinna ENSPLAG00000018665
poecilia_mexicana ENSPMEG00000004596
oryzias_melastigma ENSOMEG00000002615
labrus_bergylta ENSLBEG00000003192
ictalurus_punctatus ENSIPUG00000012670
paramormyrops_kingsleyae ENSPKIG00000013488
astyanax_mexicanus ENSAMXG00000018532
pygocentrus_nattereri ENSPNAG00000012314
danio_rerio ENSDARG00000015208
scleropages_formosus ENSSFOG00015003307
lepisosteus_oculatus ENSLOCG00000007412
phascolarctos_cinereus ENSPCIG00000009812
monodelphis_domestica ENSMODG00000017157
sarcophilus_harrisii ENSSHAG00000001584
dasypus_novemcinctus ENSDNOG00000010750
choloepus_hoffmanni ENSCHOG00000010011
loxodonta_africana ENSLAFG00000013554
procavia_capensis ENSPCAG00000004780
echinops_telfairi ENSETEG00000013034
mus_musculus ENSMUSG00000031353
mus_spretus_strain_spret/eij MGP_SPRETEiJ_G0034717
mus_spicilegus ENSMSIG00000005004
mus_caroli_strain_caroli_eij MGP_CAROLIEiJ_G0033547
mus_pahari MGP_PahariEiJ_G0032086
rattus_norvegicus ENSRNOG00000005157
meriones_unguiculatus ENSMUGG00000004215
cricetulus_griseus_chok1gshd ENSCGRG00001003081
cricetulus_griseus_crigri-picr ENSCGRG00015024093
cricetulus_griseus_chok1gshd ENSCGRG00001007647
cricetulus_griseus_crigri ENSCGRG00000013950
mesocricetus_auratus ENSMAUG00000008982
microtus_ochrogaster ENSMOCG00000019533
peromyscus_maniculatus_bairdii ENSPEMG00000000458
nannospalax_galili ENSNGAG00000001451
jaculus_jaculus ENSJJAG00000015390
heterocephalus_glaber_female ENSHGLG00000004020
heterocephalus_glaber_male ENSHGLG00100000062
fukomys_damarensis ENSFDAG00000008365
fukomys_damarensis ENSFDAG00000013808
chinchilla_lanigera ENSCLAG00000001677
chinchilla_lanigera ENSCLAG00000001986
octodon_degus ENSODEG00000003570
cavia_porcellus ENSCPOG00000014497
castor_canadensis ENSCCNG00000016109
urocitellus_parryii ENSUPAG00010013404
marmota_marmota_marmota ENSMMMG00000005531
ictidomys_tridecemlineatus ENSSTOG00000002809
spermophilus_dauricus ENSSDAG00000005960
oryctolagus_cuniculus ENSOCUG00000000683
macaca_mulatta ENSMMUG00000016238
chlorocebus_sabaeus ENSCSAG00000014796
piliocolobus_tephrosceles ENSPTEG00000021641
pongo_abelii ENSPPYG00000020158
macaca_nemestrina ENSMNEG00000031240
macaca_fascicularis ENSMFAG00000034492
papio_anubis ENSPANG00000004461
theropithecus_gelada ENSTGEG00000017168
mandrillus_leucophaeus ENSMLEG00000032262
cercocebus_atys ENSCATG00000042741
rhinopithecus_roxellana ENSRROG00000041791
rhinopithecus_bieti ENSRBIG00000037440
piliocolobus_tephrosceles ENSPTEG00000004479
colobus_angolensis_palliatus ENSCANG00000003256
pan_paniscus ENSPPAG00000036647
pan_troglodytes ENSPTRG00000021702
homo_sapiens ENSG00000102054
nomascus_leucogenys ENSNLEG00000009557
saimiri_boliviensis_boliviensis ENSSBOG00000033728
callithrix_jacchus ENSCJAG00000004545
cebus_capucinus ENSCCAG00000015548
cebus_capucinus ENSCCAG00000022504
aotus_nancymaae ENSANAG00000037598
microcebus_murinus ENSMICG00000045255
propithecus_coquereli ENSPCOG00000013401
dipodomys_ordii ENSDORG00000000883
microcebus_murinus ENSMICG00000000440
propithecus_coquereli ENSPCOG00000023604
prolemur_simus ENSPSMG00000008402
carlito_syrichta ENSTSYG00000002385
carlito_syrichta ENSTSYG00000028616
tupaia_belangeri ENSTBEG00000010151
otolemur_garnettii ENSOGAG00000014995
gorilla_gorilla ENSGGOG00000037407
dipodomys_ordii ENSDORG00000028747
cricetulus_griseus_crigri-picr ENSCGRG00015015240
peromyscus_maniculatus_bairdii ENSPEMG00000025963
nannospalax_galili ENSNGAG00000008678
bison_bison_bison ENSBBBG00000002993
ursus_americanus ENSUAMG00000007877
ursus_maritimus ENSUMAG00000008756
ailuropoda_melanoleuca ENSAMEG00000010201
neovison_vison ENSNVIG00000020723
mustela_putorius_furo ENSMPUG00000002818
canis_lupus_familiaris ENSCAFG00000012688
canis_lupus_dingo ENSCAFG00020003765
vulpes_vulpes ENSVVUG00000014406
panthera_tigris_altaica ENSPTIG00000016495
panthera_pardus ENSPPRG00000011905
felis_catus ENSFCAG00000028919
erinaceus_europaeus ENSEEUG00000004830
sorex_araneus ENSSARG00000008079
bos_mutus ENSBMUG00000026723
bos_taurus ENSBTAG00000002820
ovis_aries ENSOARG00000013301
capra_hircus ENSCHIG00000022303
tursiops_truncatus ENSTTRG00000013335
vicugna_pacos ENSVPAG00000002875
sus_scrofa ENSSSCG00000012149
pteropus_vampyrus ENSPVAG00000012682
myotis_lucifugus ENSMLUG00000006194
equus_caballus ENSECAG00000019979
equus_asinus_asinus ENSEASG00005000767
ornithorhynchus_anatinus ENSOANG00000003884
meleagris_gallopavo ENSMGAG00000014683
coturnix_japonica ENSCJPG00005017891
gallus_gallus ENSGALG00000016546
numida_meleagris ENSNMEG00000015564
anser_brachyrhynchus ENSABRG00000010224
anas_platyrhynchos_platyrhynchos ENSAPLG00000011785
calidris_pygmaea ENSCPGG00000004241
calidris_pugnax ENSCPUG00000007500
melopsittacus_undulatus ENSMUNG00000003295
lepidothrix_coronata ENSLCOG00000002683
manacus_vitellinus ENSMVIG00005014734
zonotrichia_albicollis ENSZALG00000018124
junco_hyemalis ENSJHYG00000007924
serinus_canaria ENSSCAG00000013609
lonchura_striata_domestica ENSLSDG00000000768
taeniopygia_guttata ENSTGUG00000007826
ficedula_albicollis ENSFALG00000004332
parus_major ENSPMJG00000011322
cyanistes_caeruleus ENSCCEG00000002041
apteryx_owenii ENSAOWG00000011262
apteryx_rowi ENSARWG00000012082
apteryx_haastii ENSAHAG00000018319
dromaius_novaehollandiae ENSDNVG00000015809
nothoprocta_perdicaria ENSNPEG00000011680
crocodylus_porosus ENSCPRG00005005235
chelonoidis_abingdonii ENSCABG00000011016
gopherus_agassizii ENSGAGG00000005642
chrysemys_picta_bellii ENSCPBG00000016048
pelodiscus_sinensis ENSPSIG00000010544
sphenodon_punctatus ENSSPUG00000017820
xenopus_tropicalis ENSXETG00000026983
latimeria_chalumnae ENSLACG00000012915
latimeria_chalumnae ENSLACG00000012349
cricetulus_griseus_crigri ENSCGRG00000017340
mesocricetus_auratus ENSMAUG00000013972
cavia_aperea ENSCAPG00000015291
aotus_nancymaae ENSANAG00000031337
saimiri_boliviensis_boliviensis ENSSBOG00000018527
aotus_nancymaae ENSANAG00000036731
macaca_mulatta ENSMMUG00000043428
macaca_nemestrina ENSMNEG00000033652
mandrillus_leucophaeus ENSMLEG00000041999
macaca_nemestrina ENSMNEG00000030470
rhinopithecus_roxellana ENSRROG00000041240
macaca_fascicularis ENSMFAG00000039393
rhinopithecus_bieti ENSRBIG00000041416
neovison_vison ENSNVIG00000016760
sphenodon_punctatus ENSSPUG00000000170
anabas_testudineus ENSATEG00000005718
oryzias_latipes_asm223469v1 ENSORLG00015017139
labrus_bergylta ENSLBEG00000024777
scophthalmus_maximus ENSSMAG00000020741
anabas_testudineus ENSATEG00000005170
astatotilapia_calliptera ENSACLG00000004399
maylandia_zebra ENSMZEG00005011344
haplochromis_burtoni ENSHBUG00000018821
pundamilia_nyererei ENSPNYG00000000818
neolamprologus_brichardi ENSNBRG00000020377
oreochromis_niloticus ENSONIG00000015393
amphilophus_citrinellus ENSACIG00000017540
petromyzon_marinus ENSPMAG00000007189
eptatretus_burgeri ENSEBUG00000003441
ciona_intestinalis ENSCING00000007949
ciona_savignyi ENSCSAVG00000006441
