calidris_pygmaea ENSCPGG00000007320
calidris_pugnax ENSCPUG00000013987
lepidothrix_coronata ENSLCOG00000004313
manacus_vitellinus ENSMVIG00005017147
taeniopygia_guttata ENSTGUG00000000335
taeniopygia_guttata ENSTGUG00000014355
lonchura_striata_domestica ENSLSDG00000010603
cyanistes_caeruleus ENSCCEG00000004837
parus_major ENSPMJG00000008568
ficedula_albicollis ENSFALG00000006150
melopsittacus_undulatus ENSMUNG00000009015
anser_brachyrhynchus ENSABRG00000004135
anas_platyrhynchos_platyrhynchos ENSAPLG00000013801
gallus_gallus ENSGALG00000036873
meleagris_gallopavo ENSMGAG00000000706
coturnix_japonica ENSCJPG00005005385
numida_meleagris ENSNMEG00000012047
apteryx_owenii ENSAOWG00000000440
apteryx_haastii ENSAHAG00000014143
apteryx_rowi ENSARWG00000003580
dromaius_novaehollandiae ENSDNVG00000011055
nothoprocta_perdicaria ENSNPEG00000003109
crocodylus_porosus ENSCPRG00005004194
gopherus_agassizii ENSGAGG00000007696
chelonoidis_abingdonii ENSCABG00000019468
chrysemys_picta_bellii ENSCPBG00000009104
pelodiscus_sinensis ENSPSIG00000015360
pogona_vitticeps ENSPVIG00000006098
anolis_carolinensis ENSACAG00000006549
notechis_scutatus ENSNSUG00000003985
salvator_merianae ENSSMRG00000021290
sphenodon_punctatus ENSSPUG00000010660
phascolarctos_cinereus ENSPCIG00000027613
notamacropus_eugenii ENSMEUG00000005670
sarcophilus_harrisii ENSSHAG00000014444
monodelphis_domestica ENSMODG00000014489
loxodonta_africana ENSLAFG00000000276
procavia_capensis ENSPCAG00000000282
echinops_telfairi ENSETEG00000008585
choloepus_hoffmanni ENSCHOG00000007985
dasypus_novemcinctus ENSDNOG00000006715
jaculus_jaculus ENSJJAG00000021769
nannospalax_galili ENSNGAG00000011843
octodon_degus ENSODEG00000010835
marmota_marmota_marmota ENSMMMG00000004813
capra_hircus ENSCHIG00000013912
ovis_aries ENSOARG00000014448
bos_taurus ENSBTAG00000020272
bos_mutus ENSBMUG00000013639
bison_bison_bison ENSBBBG00000023929
tursiops_truncatus ENSTTRG00000010475
sus_scrofa ENSSSCG00000032941
vicugna_pacos ENSVPAG00000000035
ursus_maritimus ENSUMAG00000007132
ursus_americanus ENSUAMG00000024852
ailuropoda_melanoleuca ENSAMEG00000004288
mustela_putorius_furo ENSMPUG00000003464
neovison_vison ENSNVIG00000001918
canis_lupus_dingo ENSCAFG00020006610
canis_lupus_familiaris ENSCAFG00000014202
vulpes_vulpes ENSVVUG00000015812
panthera_pardus ENSPPRG00000001032
panthera_tigris_altaica ENSPTIG00000000568
felis_catus ENSFCAG00000015662
erinaceus_europaeus ENSEEUG00000009505
sorex_araneus ENSSARG00000002388
equus_asinus_asinus ENSEASG00005010053
equus_caballus ENSECAG00000018825
pteropus_vampyrus ENSPVAG00000009603
myotis_lucifugus ENSMLUG00000010657
castor_canadensis ENSCCNG00000031670
dipodomys_ordii ENSDORG00000009027
cricetulus_griseus_crigri_1.0 ENSCGRG00000001620
cricetulus_griseus_crigri-picr ENSCGRG00015022159
cricetulus_griseus_chok1gs_hdv1 ENSCGRG00001011577
mesocricetus_auratus ENSMAUG00000003467
peromyscus_maniculatus_bairdii ENSPEMG00000026394
microtus_ochrogaster ENSMOCG00000018132
mus_spretus_strain_spret/eij MGP_SPRETEiJ_G0033339
mus_spicilegus ENSMSIG00000007547
mus_musculus_strain_reference_cl57bl6 ENSMUSG00000037112
mus_caroli_strain_caroli_eij MGP_CAROLIEiJ_G0032200
mus_pahari_strain_pahari_eij MGP_PahariEiJ_G0015068
rattus_norvegicus ENSRNOG00000043498
meriones_unguiculatus ENSMUGG00000021328
meriones_unguiculatus ENSMUGG00000021309
heterocephalus_glaber_hetgla_1.0 ENSHGLG00100015396
heterocephalus_glaber_hetgla_female_1.0 ENSHGLG00000004475
fukomys_damarensis ENSFDAG00000010685
cavia_porcellus ENSCPOG00000013404
cavia_aperea ENSCAPG00000011095
chinchilla_lanigera ENSCLAG00000012999
urocitellus_parryii ENSUPAG00010020182
ictidomys_tridecemlineatus ENSSTOG00000007693
spermophilus_dauricus ENSSDAG00000001480
marmota_marmota_marmota ENSMMMG00000023569
oryctolagus_cuniculus ENSOCUG00000012915
ochotona_princeps ENSOPRG00000012522
pan_troglodytes ENSPTRG00000004269
pan_paniscus ENSPPAG00000014206
homo_sapiens ENSG00000170145
gorilla_gorilla ENSGGOG00000010247
pongo_abelii ENSPPYG00000003863
nomascus_leucogenys ENSNLEG00000007261
piliocolobus_tephrosceles ENSPTEG00000027834
colobus_angolensis_palliatus ENSCANG00000028249
rhinopithecus_bieti ENSRBIG00000036622
rhinopithecus_roxellana ENSRROG00000008315
mandrillus_leucophaeus ENSMLEG00000031239
cercocebus_atys ENSCATG00000035649
theropithecus_gelada ENSTGEG00000017878
macaca_nemestrina ENSMNEG00000042049
macaca_mulatta ENSMMUG00000030914
macaca_fascicularis ENSMFAG00000045653
papio_anubis ENSPANG00000009881
chlorocebus_sabaeus ENSCSAG00000002892
saimiri_boliviensis_boliviensis ENSSBOG00000018572
callithrix_jacchus ENSCJAG00000010533
cebus_capucinus_imitator ENSCCAG00000025629
aotus_nancymaae ENSANAG00000022966
carlito_syrichta ENSTSYG00000011691
microcebus_murinus ENSMICG00000015724
propithecus_coquereli ENSPCOG00000010314
prolemur_simus ENSPSMG00000019933
otolemur_garnettii ENSOGAG00000012640
tupaia_belangeri ENSTBEG00000015140
ailuropoda_melanoleuca ENSAMEG00000004308
xenopus_tropicalis ENSXETG00000010165
latimeria_chalumnae ENSLACG00000018815
seriola_lalandi_dorsalis ENSSLDG00000018149
tetraodon_nigroviridis ENSTNIG00000007775
xiphophorus_maculatus ENSXMAG00000003840
xiphophorus_couchianus ENSXCOG00000012730
gambusia_affinis ENSGAFG00000011573
poecilia_formosa ENSPFOG00000005325
poecilia_latipinna ENSPLAG00000013129
poecilia_mexicana ENSPMEG00000019545
poecilia_reticulata ENSPREG00000022478
fundulus_heteroclitus ENSFHEG00000006569
cyprinodon_variegatus ENSCVAG00000017881
kryptolebias_marmoratus ENSKMAG00000009458
oryzias_latipes_asm223471v1 ENSORLG00020022144
oryzias_latipes_asm223469v1 ENSORLG00015003705
oryzias_latipes_asm223467v1 ENSORLG00000007465
oryzias_melastigma ENSOMEG00000014996
cynoglossus_semilaevis ENSCSEG00000016600
amphiprion_percula ENSAPEG00000012467
amphiprion_ocellaris ENSAOCG00000006224
acanthochromis_polyacanthus ENSAPOG00000005131
stegastes_partitus ENSSPAG00000017388
astatotilapia_calliptera ENSACLG00000018942
maylandia_zebra ENSMZEG00005015908
haplochromis_burtoni ENSHBUG00000018024
pundamilia_nyererei ENSPNYG00000017921
neolamprologus_brichardi ENSNBRG00000007224
oreochromis_niloticus ENSONIG00000006144
amphilophus_citrinellus ENSACIG00000001633
mola_mola ENSMMOG00000012153
takifugu_rubripes ENSTRUG00000014442
labrus_bergylta ENSLBEG00000019272
seriola_dumerili ENSSDUG00000021239
seriola_lalandi_dorsalis ENSSLDG00000021548
scophthalmus_maximus ENSSMAG00000015319
gasterosteus_aculeatus ENSGACG00000009184
monopterus_albus ENSMALG00000007138
mastacembelus_armatus ENSMAMG00000010301
anabas_testudineus ENSATEG00000011536
hippocampus_comes ENSHCOG00000006203
periophthalmus_magnuspinnatus ENSPMGG00000009667
gadus_morhua ENSGMOG00000008491
esox_lucius ENSELUG00000015751
pygocentrus_nattereri ENSPNAG00000001060
astyanax_mexicanus ENSAMXG00000018290
ictalurus_punctatus ENSIPUG00000012135
danio_rerio ENSDARG00000062315
paramormyrops_kingsleyae ENSPKIG00000009556
scleropages_formosus ENSSFOG00015009671
scleropages_formosus ENSSFOG00015002488
paramormyrops_kingsleyae ENSPKIG00000004926
lepisosteus_oculatus ENSLOCG00000001288
pygocentrus_nattereri ENSPNAG00000015014
astyanax_mexicanus ENSAMXG00000007368
ictalurus_punctatus ENSIPUG00000022633
danio_rerio ENSDARG00000079618
taeniopygia_guttata ENSTGUG00000015109
serinus_canaria ENSSCAG00000007804
zonotrichia_albicollis ENSZALG00000009854
meleagris_gallopavo ENSMGAG00000003482
ornithorhynchus_anatinus ENSOANG00000014965
junco_hyemalis ENSJHYG00000006226
amphiprion_ocellaris ENSAOCG00000012453
seriola_lalandi_dorsalis ENSSLDG00000000106
labrus_bergylta ENSLBEG00000017075
pygocentrus_nattereri ENSPNAG00000018212
astyanax_mexicanus ENSAMXG00000036367
ictalurus_punctatus ENSIPUG00000013895
eptatretus_burgeri ENSEBUG00000010004
ciona_intestinalis ENSCING00000006022
drosophila_melanogaster FBgn0025625
caenorhabditis_elegans_strain_n2 WBGene00002210
