mastacembelus_armatus ENSMAMG00000009925
mastacembelus_armatus ENSMAMG00000009890
mastacembelus_armatus ENSMAMG00000009912
monopterus_albus ENSMALG00000017010
anabas_testudineus ENSATEG00000020678
seriola_lalandi_dorsalis ENSSLDG00000001181
seriola_dumerili ENSSDUG00000014101
scophthalmus_maximus ENSSMAG00000020570
pundamilia_nyererei ENSPNYG00000016699
haplochromis_burtoni ENSHBUG00000023732
maylandia_zebra ENSMZEG00005006939
astatotilapia_calliptera ENSACLG00000000463
oreochromis_niloticus ENSONIG00000008867
neolamprologus_brichardi ENSNBRG00000019159
amphilophus_citrinellus ENSACIG00000011230
amphiprion_ocellaris ENSAOCG00000000053
amphiprion_percula ENSAPEG00000012083
acanthochromis_polyacanthus ENSAPOG00000007197
stegastes_partitus ENSSPAG00000015961
labrus_bergylta ENSLBEG00000013780
gasterosteus_aculeatus ENSGACG00000006637
takifugu_rubripes ENSTRUG00000024697
tetraodon_nigroviridis ENSTNIG00000018086
cynoglossus_semilaevis ENSCSEG00000018862
oryzias_latipes_asm223471v1 ENSORLG00020009451
oryzias_latipes_asm223469v1 ENSORLG00015005521
oryzias_latipes_asm223467v1 ENSORLG00000029152
oryzias_melastigma ENSOMEG00000008967
periophthalmus_magnuspinnatus ENSPMGG00000010594
poecilia_latipinna ENSPLAG00000014781
poecilia_formosa ENSPFOG00000003821
poecilia_mexicana ENSPMEG00000020763
poecilia_reticulata ENSPREG00000021222
xiphophorus_maculatus ENSXMAG00000027398
xiphophorus_couchianus ENSXCOG00000006503
gambusia_affinis ENSGAFG00000009776
fundulus_heteroclitus ENSFHEG00000001571
hippocampus_comes ENSHCOG00000004997
esox_lucius ENSELUG00000022977
paramormyrops_kingsleyae ENSPKIG00000001234
pygocentrus_nattereri ENSPNAG00000000984
ictalurus_punctatus ENSIPUG00000002450
danio_rerio ENSDARG00000095843
scleropages_formosus ENSSFOG00015021825
lepisosteus_oculatus ENSLOCG00000005315
anolis_carolinensis ENSACAG00000013228
pogona_vitticeps ENSPVIG00000019106
notechis_scutatus ENSNSUG00000020011
salvator_merianae ENSSMRG00000017350
sphenodon_punctatus ENSSPUG00000016449
gallus_gallus ENSGALG00000006864
coturnix_japonica ENSCJPG00005008294
meleagris_gallopavo ENSMGAG00000008754
numida_meleagris ENSNMEG00000021101
anser_brachyrhynchus ENSABRG00000018648
calidris_pygmaea ENSCPGG00000012543
calidris_pugnax ENSCPUG00000003457
melopsittacus_undulatus ENSMUNG00000002037
manacus_vitellinus ENSMVIG00005005305
lepidothrix_coronata ENSLCOG00000003831
cyanistes_caeruleus ENSCCEG00000005073
parus_major ENSPMJG00000019427
ficedula_albicollis ENSFALG00000006249
lonchura_striata_domestica ENSLSDG00000011359
taeniopygia_guttata ENSTGUG00000006382
junco_hyemalis ENSJHYG00000002903
zonotrichia_albicollis ENSZALG00000007422
serinus_canaria ENSSCAG00000014092
apteryx_owenii ENSAOWG00000014487
apteryx_haastii ENSAHAG00000001758
apteryx_rowi ENSARWG00000015403
dromaius_novaehollandiae ENSDNVG00000013149
nothoprocta_perdicaria ENSNPEG00000001764
crocodylus_porosus ENSCPRG00005016951
gopherus_agassizii ENSGAGG00000019158
chelonoidis_abingdonii ENSCABG00000003733
chrysemys_picta_bellii ENSCPBG00000025855
pelodiscus_sinensis ENSPSIG00000012330
cricetulus_griseus_crigri-picr ENSCGRG00015012539
cricetulus_griseus_chok1gs_hdv1 ENSCGRG00001021909
mesocricetus_auratus ENSMAUG00000010161
peromyscus_maniculatus_bairdii ENSPEMG00000010634
microtus_ochrogaster ENSMOCG00000010555
mus_spretus_strain_spret/eij MGP_SPRETEiJ_G0026664
mus_musculus_strain_reference_cl57bl6 ENSMUSG00000028197
mus_spicilegus ENSMSIG00000006728
mus_caroli_strain_caroli_eij MGP_CAROLIEiJ_G0025712
mus_pahari_strain_pahari_eij MGP_PahariEiJ_G0027162
rattus_norvegicus ENSRNOG00000014143
spermophilus_dauricus ENSSDAG00000019616
notamacropus_eugenii ENSMEUG00000007858
xenopus_tropicalis ENSXETG00000003092
latimeria_chalumnae ENSLACG00000011292
kryptolebias_marmoratus ENSKMAG00000010619
oryzias_melastigma ENSOMEG00000009048
tetraodon_nigroviridis ENSTNIG00000018085
danio_rerio ENSDARG00000069904
ictalurus_punctatus ENSIPUG00000002386
numida_meleagris ENSNMEG00000021098
zonotrichia_albicollis ENSZALG00000007421
apteryx_rowi ENSARWG00000015402
ornithorhynchus_anatinus ENSOANG00000031873
coturnix_japonica ENSCJPG00005008293
ornithorhynchus_anatinus ENSOANG00000031325
heterocephalus_glaber_hetgla_1.0 ENSHGLG00100005024
anser_brachyrhynchus ENSABRG00000018651
dromaius_novaehollandiae ENSDNVG00000013155
pogona_vitticeps ENSPVIG00000019102
poecilia_mexicana ENSPMEG00000011904
fundulus_heteroclitus ENSFHEG00000001608
oryzias_latipes_asm223467v1 ENSORLG00000010818
haplochromis_burtoni ENSHBUG00000023760
labrus_bergylta ENSLBEG00000013735
seriola_dumerili ENSSDUG00000014137
periophthalmus_magnuspinnatus ENSPMGG00000010590
astyanax_mexicanus ENSAMXG00000036259
astyanax_mexicanus ENSAMXG00000005211
pygocentrus_nattereri ENSPNAG00000000991
poecilia_reticulata ENSPREG00000021230
xiphophorus_maculatus ENSXMAG00000022269
kryptolebias_marmoratus ENSKMAG00000010681
ictalurus_punctatus ENSIPUG00000002435
anas_platyrhynchos_platyrhynchos ENSAPLG00000031231
anas_platyrhynchos_platyrhynchos ENSAPLG00000022674
lonchura_striata_domestica ENSLSDG00000011345
junco_hyemalis ENSJHYG00000002870
calidris_pygmaea ENSCPGG00000012585
calidris_pugnax ENSCPUG00000003460
chrysemys_picta_bellii ENSCPBG00000025866
anolis_carolinensis ENSACAG00000028516
monodelphis_domestica ENSMODG00000000076
ornithorhynchus_anatinus ENSOANG00000014277
petromyzon_marinus ENSPMAG00000005423
