chelonoidis_abingdonii ENSCABG00000002124
gopherus_agassizii ENSGAGG00000022815
chrysemys_picta_bellii ENSCPBG00000015866
pelodiscus_sinensis ENSPSIG00000014548
crocodylus_porosus ENSCPRG00005007920
pogona_vitticeps ENSPVIG00000002169
chelonoidis_abingdonii ENSCABG00000013986
gopherus_agassizii ENSGAGG00000024132
chrysemys_picta_bellii ENSCPBG00000018730
pelodiscus_sinensis ENSPSIG00000015079
crocodylus_porosus ENSCPRG00005004572
anolis_carolinensis ENSACAG00000014071
pogona_vitticeps ENSPVIG00000002123
notechis_scutatus ENSNSUG00000001171
loxodonta_africana ENSLAFG00000028131
procavia_capensis ENSPCAG00000016604
echinops_telfairi ENSETEG00000013982
choloepus_hoffmanni ENSCHOG00000012528
dasypus_novemcinctus ENSDNOG00000005381
peromyscus_maniculatus_bairdii ENSPEMG00000008847
microtus_ochrogaster ENSMOCG00000019356
cricetulus_griseus_crigri-picr ENSCGRG00015013096
cricetulus_griseus_chok1gs_hdv1 ENSCGRG00001020949
cricetulus_griseus_crigri_1.0 ENSCGRG00000011549
mesocricetus_auratus ENSMAUG00000018445
mus_musculus_strain_reference_cl57bl6 ENSMUSG00000053184
mus_caroli_strain_caroli_eij MGP_CAROLIEiJ_G0016843
mus_spretus_strain_spret/eij MGP_SPRETEiJ_G0017687
mus_spicilegus ENSMSIG00000007147
mus_pahari_strain_pahari_eij MGP_PahariEiJ_G0017980
rattus_norvegicus ENSRNOG00000006994
meriones_unguiculatus ENSMUGG00000009771
nannospalax_galili ENSNGAG00000019287
jaculus_jaculus ENSJJAG00000023074
urocitellus_parryii ENSUPAG00010023063
ictidomys_tridecemlineatus ENSSTOG00000011952
spermophilus_dauricus ENSSDAG00000023728
marmota_marmota_marmota ENSMMMG00000013483
heterocephalus_glaber_hetgla_1.0 ENSHGLG00100007905
heterocephalus_glaber_hetgla_female_1.0 ENSHGLG00000015911
fukomys_damarensis ENSFDAG00000008272
cavia_porcellus ENSCPOG00000027605
cavia_aperea ENSCAPG00000016757
octodon_degus ENSODEG00000012654
chinchilla_lanigera ENSCLAG00000008459
castor_canadensis ENSCCNG00000019850
dipodomys_ordii ENSDORG00000015899
oryctolagus_cuniculus ENSOCUG00000010792
macaca_mulatta ENSMMUG00000011411
macaca_fascicularis ENSMFAG00000001727
macaca_nemestrina ENSMNEG00000033069
mandrillus_leucophaeus ENSMLEG00000020226
theropithecus_gelada ENSTGEG00000014674
cercocebus_atys ENSCATG00000029915
papio_anubis ENSPANG00000023033
chlorocebus_sabaeus ENSCSAG00000006362
piliocolobus_tephrosceles ENSPTEG00000005732
colobus_angolensis_palliatus ENSCANG00000041180
rhinopithecus_bieti ENSRBIG00000031083
rhinopithecus_roxellana ENSRROG00000036513
nomascus_leucogenys ENSNLEG00000014819
nomascus_leucogenys ENSNLEG00000028499
pan_paniscus ENSPPAG00000039834
pan_troglodytes ENSPTRG00000049269
homo_sapiens ENSG00000141316
gorilla_gorilla ENSGGOG00000001125
pongo_abelii ENSPPYG00000008867
saimiri_boliviensis_boliviensis ENSSBOG00000031184
cebus_capucinus_imitator ENSCCAG00000036668
callithrix_jacchus ENSCJAG00000014561
aotus_nancymaae ENSANAG00000035068
carlito_syrichta ENSTSYG00000031162
propithecus_coquereli ENSPCOG00000018597
prolemur_simus ENSPSMG00000017102
microcebus_murinus ENSMICG00000043535
otolemur_garnettii ENSOGAG00000025382
erinaceus_europaeus ENSEEUG00000011732
myotis_lucifugus ENSMLUG00000001197
equus_caballus ENSECAG00000005842
equus_asinus_asinus ENSEASG00005010921
pteropus_vampyrus ENSPVAG00000015723
ursus_maritimus ENSUMAG00000015581
ursus_americanus ENSUAMG00000002139
ailuropoda_melanoleuca ENSAMEG00000005761
neovison_vison ENSNVIG00000019598
mustela_putorius_furo ENSMPUG00000014796
canis_lupus_familiaris ENSCAFG00000018355
canis_lupus_dingo ENSCAFG00020014220
vulpes_vulpes ENSVVUG00000020586
panthera_tigris_altaica ENSPTIG00000000021
panthera_pardus ENSPPRG00000013306
felis_catus ENSFCAG00000000913
capra_hircus ENSCHIG00000014732
ovis_aries ENSOARG00000009852
bos_mutus ENSBMUG00000009900
bos_taurus ENSBTAG00000000344
bison_bison_bison ENSBBBG00000003890
tursiops_truncatus ENSTTRG00000011202
sus_scrofa ENSSSCG00000017726
notamacropus_eugenii ENSMEUG00000015048
ornithorhynchus_anatinus ENSOANG00000004809
