fundulus_heteroclitus ENSFHEG00000012985
cyprinodon_variegatus ENSCVAG00000003625
xiphophorus_maculatus ENSXMAG00000000530
xiphophorus_couchianus ENSXCOG00000010577
gambusia_affinis ENSGAFG00000019033
poecilia_formosa ENSPFOG00000011162
poecilia_latipinna ENSPLAG00000010996
poecilia_mexicana ENSPMEG00000023403
oryzias_latipes_asm223471v1 ENSORLG00020016316
oryzias_latipes_asm223467v1 ENSORLG00000007243
oryzias_latipes_asm223469v1 ENSORLG00015013468
oryzias_melastigma ENSOMEG00000002225
cynoglossus_semilaevis ENSCSEG00000014530
maylandia_zebra ENSMZEG00005022696
astatotilapia_calliptera ENSACLG00000018543
haplochromis_burtoni ENSHBUG00000015209
oreochromis_niloticus ENSONIG00000014059
amphilophus_citrinellus ENSACIG00000018961
amphiprion_ocellaris ENSAOCG00000002929
amphiprion_percula ENSAPEG00000002243
acanthochromis_polyacanthus ENSAPOG00000022393
stegastes_partitus ENSSPAG00000009664
seriola_dumerili ENSSDUG00000005884
seriola_lalandi_dorsalis ENSSLDG00000006682
anabas_testudineus ENSATEG00000004424
mastacembelus_armatus ENSMAMG00000018902
monopterus_albus ENSMALG00000010063
labrus_bergylta ENSLBEG00000001690
labrus_bergylta ENSLBEG00000015212
gasterosteus_aculeatus ENSGACG00000001621
takifugu_rubripes ENSTRUG00000010267
periophthalmus_magnuspinnatus ENSPMGG00000008614
gadus_morhua ENSGMOG00000009167
esox_lucius ENSELUG00000009824
scleropages_formosus ENSSFOG00015000765
scophthalmus_maximus ENSSMAG00000015046
cynoglossus_semilaevis ENSCSEG00000014815
periophthalmus_magnuspinnatus ENSPMGG00000023794
tetraodon_nigroviridis ENSTNIG00000012696
takifugu_rubripes ENSTRUG00000007973
mola_mola ENSMMOG00000003409
monopterus_albus ENSMALG00000000240
mastacembelus_armatus ENSMAMG00000000359
anabas_testudineus ENSATEG00000011533
amphiprion_percula ENSAPEG00000020463
amphiprion_ocellaris ENSAOCG00000011535
acanthochromis_polyacanthus ENSAPOG00000000517
stegastes_partitus ENSSPAG00000001336
haplochromis_burtoni ENSHBUG00000018656
pundamilia_nyererei ENSPNYG00000002883
astatotilapia_calliptera ENSACLG00000026121
maylandia_zebra ENSMZEG00005021829
neolamprologus_brichardi ENSNBRG00000023460
oreochromis_niloticus ENSONIG00000014178
amphilophus_citrinellus ENSACIG00000022301
fundulus_heteroclitus ENSFHEG00000003614
cyprinodon_variegatus ENSCVAG00000018066
xiphophorus_maculatus ENSXMAG00000024206
xiphophorus_couchianus ENSXCOG00000009702
gambusia_affinis ENSGAFG00000006507
poecilia_formosa ENSPFOG00000005936
poecilia_mexicana ENSPMEG00000012968
poecilia_latipinna ENSPLAG00000006946
poecilia_reticulata ENSPREG00000019843
kryptolebias_marmoratus ENSKMAG00000008358
oryzias_latipes_asm223467v1 ENSORLG00000008620
oryzias_latipes_asm223469v1 ENSORLG00015014908
oryzias_latipes_asm223471v1 ENSORLG00020014708
oryzias_melastigma ENSOMEG00000008291
labrus_bergylta ENSLBEG00000016882
seriola_dumerili ENSSDUG00000014378
seriola_lalandi_dorsalis ENSSLDG00000005079
gasterosteus_aculeatus ENSGACG00000002986
hippocampus_comes ENSHCOG00000015304
gadus_morhua ENSGMOG00000009251
esox_lucius ENSELUG00000014905
pygocentrus_nattereri ENSPNAG00000021521
astyanax_mexicanus ENSAMXG00000041843
ictalurus_punctatus ENSIPUG00000014207
danio_rerio ENSDARG00000013861
paramormyrops_kingsleyae ENSPKIG00000008223
scleropages_formosus ENSSFOG00015015531
astyanax_mexicanus ENSAMXG00000039934
pygocentrus_nattereri ENSPNAG00000019802
lepisosteus_oculatus ENSLOCG00000004869
gallus_gallus ENSGALG00000036567
coturnix_japonica ENSCJPG00005011615
numida_meleagris ENSNMEG00000016827
anser_brachyrhynchus ENSABRG00000011982
anas_platyrhynchos_platyrhynchos ENSAPLG00000013027
lepidothrix_coronata ENSLCOG00000003464
manacus_vitellinus ENSMVIG00005000322
cyanistes_caeruleus ENSCCEG00000012964
parus_major ENSPMJG00000000151
ficedula_albicollis ENSFALG00000005487
taeniopygia_guttata ENSTGUG00000011252
lonchura_striata_domestica ENSLSDG00000014234
serinus_canaria ENSSCAG00000013901
junco_hyemalis ENSJHYG00000016491
zonotrichia_albicollis ENSZALG00000008723
calidris_pygmaea ENSCPGG00000003259
calidris_pugnax ENSCPUG00000009053
melopsittacus_undulatus ENSMUNG00000005462
apteryx_haastii ENSAHAG00000011494
apteryx_rowi ENSARWG00000013916
apteryx_owenii ENSAOWG00000000119
dromaius_novaehollandiae ENSDNVG00000011195
nothoprocta_perdicaria ENSNPEG00000013469
crocodylus_porosus ENSCPRG00005017640
gopherus_agassizii ENSGAGG00000014286
chelonoidis_abingdonii ENSCABG00000016844
chrysemys_picta_bellii ENSCPBG00000021391
pelodiscus_sinensis ENSPSIG00000009450
pogona_vitticeps ENSPVIG00000000279
anolis_carolinensis ENSACAG00000016790
notechis_scutatus ENSNSUG00000015544
salvator_merianae ENSSMRG00000011775
sphenodon_punctatus ENSSPUG00000019055
phascolarctos_cinereus ENSPCIG00000014338
notamacropus_eugenii ENSMEUG00000011771
sarcophilus_harrisii ENSSHAG00000015467
monodelphis_domestica ENSMODG00000008168
loxodonta_africana ENSLAFG00000007039
procavia_capensis ENSPCAG00000000627
echinops_telfairi ENSETEG00000008679
prolemur_simus ENSPSMG00000025494
propithecus_coquereli ENSPCOG00000025990
microcebus_murinus ENSMICG00000044923
otolemur_garnettii ENSOGAG00000011721
carlito_syrichta ENSTSYG00000034989
mus_musculus_strain_reference_cl57bl6 ENSMUSG00000027599
mus_spretus_strain_spret/eij MGP_SPRETEiJ_G0025799
mus_spicilegus ENSMSIG00000002295
mus_caroli_strain_caroli_eij MGP_CAROLIEiJ_G0024868
mus_pahari_strain_pahari_eij MGP_PahariEiJ_G0026314
rattus_norvegicus ENSRNOG00000013253
meriones_unguiculatus ENSMUGG00000015804
cricetulus_griseus_chok1gs_hdv1 ENSCGRG00001009936
cricetulus_griseus_crigri-picr ENSCGRG00015010752
mesocricetus_auratus ENSMAUG00000019022
microtus_ochrogaster ENSMOCG00000010269
peromyscus_maniculatus_bairdii ENSPEMG00000018976
nannospalax_galili ENSNGAG00000020237
jaculus_jaculus ENSJJAG00000010529
jaculus_jaculus ENSJJAG00000022404
jaculus_jaculus ENSJJAG00000020661
jaculus_jaculus ENSJJAG00000000394
jaculus_jaculus ENSJJAG00000021828
chinchilla_lanigera ENSCLAG00000002293
octodon_degus ENSODEG00000006574
cavia_aperea ENSCAPG00000015149
cavia_porcellus ENSCPOG00000033885
heterocephalus_glaber_hetgla_female_1.0 ENSHGLG00000017141
heterocephalus_glaber_hetgla_1.0 ENSHGLG00100006375
heterocephalus_glaber_hetgla_female_1.0 ENSHGLG00000001356
heterocephalus_glaber_hetgla_1.0 ENSHGLG00100018380
heterocephalus_glaber_hetgla_female_1.0 ENSHGLG00000010200
fukomys_damarensis ENSFDAG00000009769
urocitellus_parryii ENSUPAG00010001799
spermophilus_dauricus ENSSDAG00000004195
ictidomys_tridecemlineatus ENSSTOG00000002727
marmota_marmota_marmota ENSMMMG00000002830
oryctolagus_cuniculus ENSOCUG00000000392
piliocolobus_tephrosceles ENSPTEG00000005342
rhinopithecus_bieti ENSRBIG00000039049
macaca_nemestrina ENSMNEG00000036022
macaca_mulatta ENSMMUG00000028974
macaca_fascicularis ENSMFAG00000020573
cercocebus_atys ENSCATG00000037424
papio_anubis ENSPANG00000011412
theropithecus_gelada ENSTGEG00000019751
chlorocebus_sabaeus ENSCSAG00000014269
pan_paniscus ENSPPAG00000027209
pan_troglodytes ENSPTRG00000044688
gorilla_gorilla ENSGGOG00000039359
pongo_abelii ENSPPYG00000018630
pan_troglodytes ENSPTRG00000020298
pan_paniscus ENSPPAG00000041437
homo_sapiens ENSG00000104442
gorilla_gorilla ENSGGOG00000022803
nomascus_leucogenys ENSNLEG00000003916
saimiri_boliviensis_boliviensis ENSSBOG00000021813
saimiri_boliviensis_boliviensis ENSSBOG00000036314
callithrix_jacchus ENSCJAG00000009253
cebus_capucinus_imitator ENSCCAG00000026818
aotus_nancymaae ENSANAG00000028594
dipodomys_ordii ENSDORG00000014001
tupaia_belangeri ENSTBEG00000008158
bos_mutus ENSBMUG00000014846
bos_taurus ENSBTAG00000015901
bison_bison_bison ENSBBBG00000004458
ovis_aries ENSOARG00000017043
capra_hircus ENSCHIG00000020941
capra_hircus ENSCHIG00000012456
tursiops_truncatus ENSTTRG00000007066
sus_scrofa ENSSSCG00000006220
vicugna_pacos ENSVPAG00000004186
equus_caballus ENSECAG00000022099
equus_asinus_asinus ENSEASG00005001743
ursus_maritimus ENSUMAG00000014116
ailuropoda_melanoleuca ENSAMEG00000012275
neovison_vison ENSNVIG00000023953
mustela_putorius_furo ENSMPUG00000009870
canis_lupus_dingo ENSCAFG00020016019
canis_lupus_familiaris ENSCAFG00000007253
vulpes_vulpes ENSVVUG00000018413
panthera_pardus ENSPPRG00000006822
panthera_tigris_altaica ENSPTIG00000006567
felis_catus ENSFCAG00000034559
pteropus_vampyrus ENSPVAG00000014737
myotis_lucifugus ENSMLUG00000014037
erinaceus_europaeus ENSEEUG00000008237
castor_canadensis ENSCCNG00000002712
rhinopithecus_roxellana ENSRROG00000028852
sorex_araneus ENSSARG00000014278
dasypus_novemcinctus ENSDNOG00000009056
choloepus_hoffmanni ENSCHOG00000011366
ornithorhynchus_anatinus ENSOANG00000002297
xenopus_tropicalis ENSXETG00000020281
latimeria_chalumnae ENSLACG00000005250
ciona_intestinalis ENSCING00000005651
