amphiprion_ocellaris ENSAOCG00000010805
amphiprion_percula ENSAPEG00000001013
acanthochromis_polyacanthus ENSAPOG00000002238
stegastes_partitus ENSSPAG00000013350
haplochromis_burtoni ENSHBUG00000019355
astatotilapia_calliptera ENSACLG00000000817
maylandia_zebra ENSMZEG00005011773
pundamilia_nyererei ENSPNYG00000014725
neolamprologus_brichardi ENSNBRG00000008505
oreochromis_niloticus ENSONIG00000003290
amphilophus_citrinellus ENSACIG00000015310
poecilia_latipinna ENSPLAG00000005172
poecilia_reticulata ENSPREG00000006356
poecilia_mexicana ENSPMEG00000015203
poecilia_formosa ENSPFOG00000001209
xiphophorus_maculatus ENSXMAG00000029284
gambusia_affinis ENSGAFG00000003958
poecilia_reticulata ENSPREG00000006341
cyprinodon_variegatus ENSCVAG00000015728
fundulus_heteroclitus ENSFHEG00000002555
kryptolebias_marmoratus ENSKMAG00000007362
oryzias_latipes_asm223467v1 ENSORLG00000008827
oryzias_latipes_asm223471v1 ENSORLG00020012778
oryzias_latipes_asm223469v1 ENSORLG00015012160
oryzias_melastigma ENSOMEG00000022301
tetraodon_nigroviridis ENSTNIG00000004646
takifugu_rubripes ENSTRUG00000010816
mola_mola ENSMMOG00000003669
labrus_bergylta ENSLBEG00000005123
mastacembelus_armatus ENSMAMG00000008760
monopterus_albus ENSMALG00000002438
anabas_testudineus ENSATEG00000008737
seriola_dumerili ENSSDUG00000016867
seriola_lalandi_dorsalis ENSSLDG00000022938
cynoglossus_semilaevis ENSCSEG00000020926
scophthalmus_maximus ENSSMAG00000021262
gasterosteus_aculeatus ENSGACG00000016754
periophthalmus_magnuspinnatus ENSPMGG00000016448
hippocampus_comes ENSHCOG00000020610
gadus_morhua ENSGMOG00000006164
esox_lucius ENSELUG00000016934
scleropages_formosus ENSSFOG00015023661
pygocentrus_nattereri ENSPNAG00000023560
astyanax_mexicanus ENSAMXG00000039241
ictalurus_punctatus ENSIPUG00000016070
danio_rerio ENSDARG00000005414
labrus_bergylta ENSLBEG00000002614
mola_mola ENSMMOG00000012424
periophthalmus_magnuspinnatus ENSPMGG00000007024
seriola_lalandi_dorsalis ENSSLDG00000017474
seriola_dumerili ENSSDUG00000015703
mastacembelus_armatus ENSMAMG00000003525
anabas_testudineus ENSATEG00000003993
hippocampus_comes ENSHCOG00000015278
amphiprion_ocellaris ENSAOCG00000013554
amphiprion_percula ENSAPEG00000014194
acanthochromis_polyacanthus ENSAPOG00000005667
stegastes_partitus ENSSPAG00000011602
amphilophus_citrinellus ENSACIG00000005888
scophthalmus_maximus ENSSMAG00000008829
gasterosteus_aculeatus ENSGACG00000012709
oryzias_latipes_asm223467v1 ENSORLG00000012559
oryzias_latipes_asm223469v1 ENSORLG00015022422
oryzias_latipes_asm223471v1 ENSORLG00020011446
oryzias_melastigma ENSOMEG00000019781
fundulus_heteroclitus ENSFHEG00000015872
cyprinodon_variegatus ENSCVAG00000014809
xiphophorus_maculatus ENSXMAG00000012385
xiphophorus_couchianus ENSXCOG00000017995
gambusia_affinis ENSGAFG00000006302
poecilia_formosa ENSPFOG00000017271
poecilia_mexicana ENSPMEG00000001487
poecilia_latipinna ENSPLAG00000023767
poecilia_reticulata ENSPREG00000016211
maylandia_zebra ENSMZEG00005008278
astatotilapia_calliptera ENSACLG00000009134
pundamilia_nyererei ENSPNYG00000019358
haplochromis_burtoni ENSHBUG00000022574
neolamprologus_brichardi ENSNBRG00000007383
oreochromis_niloticus ENSONIG00000015760
monopterus_albus ENSMALG00000018943
kryptolebias_marmoratus ENSKMAG00000008405
cynoglossus_semilaevis ENSCSEG00000018020
takifugu_rubripes ENSTRUG00000021109
tetraodon_nigroviridis ENSTNIG00000011605
gadus_morhua ENSGMOG00000009943
esox_lucius ENSELUG00000014587
scleropages_formosus ENSSFOG00015008374
paramormyrops_kingsleyae ENSPKIG00000013572
pygocentrus_nattereri ENSPNAG00000011055
astyanax_mexicanus ENSAMXG00000037124
ictalurus_punctatus ENSIPUG00000005341
danio_rerio ENSDARG00000022668
lepisosteus_oculatus ENSLOCG00000005845
cricetulus_griseus_chok1gs_hdv1 ENSCGRG00001023037
cricetulus_griseus_crigri-picr ENSCGRG00015015526
cricetulus_griseus_crigri_1.0 ENSCGRG00000005928
mesocricetus_auratus ENSMAUG00000003227
peromyscus_maniculatus_bairdii ENSPEMG00000024485
microtus_ochrogaster ENSMOCG00000020247
mus_spretus_strain_spret/eij MGP_SPRETEiJ_G0017316
mus_spicilegus ENSMSIG00000020626
mus_musculus_strain_reference_cl57bl6 ENSMUSG00000004837
mus_caroli_strain_caroli_eij MGP_CAROLIEiJ_G0016481
mus_pahari_strain_pahari_eij MGP_PahariEiJ_G0017611
rattus_norvegicus ENSRNOG00000002599
nannospalax_galili ENSNGAG00000023729
jaculus_jaculus ENSJJAG00000017386
ochotona_princeps ENSOPRG00000006390
oryctolagus_cuniculus ENSOCUG00000015842
tupaia_belangeri ENSTBEG00000010186
carlito_syrichta ENSTSYG00000027484
dipodomys_ordii ENSDORG00000005140
castor_canadensis ENSCCNG00000024204
heterocephalus_glaber_hetgla_female_1.0 ENSHGLG00000003298
heterocephalus_glaber_hetgla_1.0 ENSHGLG00100016351
fukomys_damarensis ENSFDAG00000014666
chinchilla_lanigera ENSCLAG00000010753
octodon_degus ENSODEG00000001194
cavia_aperea ENSCAPG00000014019
cavia_porcellus ENSCPOG00000031331
pongo_abelii ENSPPYG00000008058
pan_troglodytes ENSPTRG00000045434
ochotona_princeps ENSOPRG00000015127
erinaceus_europaeus ENSEEUG00000014532
bos_mutus ENSBMUG00000015252
equus_caballus ENSECAG00000014125
equus_asinus_asinus ENSEASG00005017605
echinops_telfairi ENSETEG00000016189
homo_sapiens ENSG00000154016
gorilla_gorilla ENSGGOG00000012739
pan_paniscus ENSPPAG00000040106
homo_sapiens ENSG00000189152
gorilla_gorilla ENSGGOG00000028051
pan_troglodytes ENSPTRG00000047873
pan_paniscus ENSPPAG00000029119
pongo_abelii ENSPPYG00000008059
nomascus_leucogenys ENSNLEG00000013172
papio_anubis ENSPANG00000023656
theropithecus_gelada ENSTGEG00000002488
cercocebus_atys ENSCATG00000022363
macaca_nemestrina ENSMNEG00000043944
macaca_mulatta ENSMMUG00000005327
macaca_fascicularis ENSMFAG00000033298
mandrillus_leucophaeus ENSMLEG00000030654
chlorocebus_sabaeus ENSCSAG00000007918
piliocolobus_tephrosceles ENSPTEG00000010299
colobus_angolensis_palliatus ENSCANG00000030401
rhinopithecus_bieti ENSRBIG00000040152
rhinopithecus_roxellana ENSRROG00000033457
callithrix_jacchus ENSCJAG00000001163
saimiri_boliviensis_boliviensis ENSSBOG00000021589
cebus_capucinus_imitator ENSCCAG00000025239
aotus_nancymaae ENSANAG00000022623
prolemur_simus ENSPSMG00000012915
propithecus_coquereli ENSPCOG00000018024
microcebus_murinus ENSMICG00000033345
ursus_americanus ENSUAMG00000012025
ursus_maritimus ENSUMAG00000006202
ailuropoda_melanoleuca ENSAMEG00000004558
neovison_vison ENSNVIG00000024847
mustela_putorius_furo ENSMPUG00000000043
canis_lupus_dingo ENSCAFG00020021097
canis_lupus_familiaris ENSCAFG00000029170
vulpes_vulpes ENSVVUG00000030063
panthera_pardus ENSPPRG00000016880
panthera_tigris_altaica ENSPTIG00000012033
felis_catus ENSFCAG00000015425
capra_hircus ENSCHIG00000004273
ovis_aries ENSOARG00000018391
bos_taurus ENSBTAG00000003707
bison_bison_bison ENSBBBG00000014829
sus_scrofa ENSSSCG00000018050
tursiops_truncatus ENSTTRG00000003968
myotis_lucifugus ENSMLUG00000014638
pteropus_vampyrus ENSPVAG00000005502
otolemur_garnettii ENSOGAG00000002944
ictidomys_tridecemlineatus ENSSTOG00000028177
urocitellus_parryii ENSUPAG00010023808
marmota_marmota_marmota ENSMMMG00000007739
spermophilus_dauricus ENSSDAG00000004275
loxodonta_africana ENSLAFG00000010880
procavia_capensis ENSPCAG00000017094
erinaceus_europaeus ENSEEUG00000000176
dasypus_novemcinctus ENSDNOG00000043922
notamacropus_eugenii ENSMEUG00000001478
phascolarctos_cinereus ENSPCIG00000036030
sarcophilus_harrisii ENSSHAG00000011903
monodelphis_domestica ENSMODG00000000961
ornithorhynchus_anatinus ENSOANG00000000311
gopherus_agassizii ENSGAGG00000016056
chelonoidis_abingdonii ENSCABG00000021081
chrysemys_picta_bellii ENSCPBG00000021029
pelodiscus_sinensis ENSPSIG00000011782
apteryx_rowi ENSARWG00000017314
apteryx_owenii ENSAOWG00000016197
apteryx_haastii ENSAHAG00000014087
dromaius_novaehollandiae ENSDNVG00000013188
nothoprocta_perdicaria ENSNPEG00000014463
anas_platyrhynchos_platyrhynchos ENSAPLG00000012882
anser_brachyrhynchus ENSABRG00000015390
gallus_gallus ENSGALG00000005094
coturnix_japonica ENSCJPG00005004225
numida_meleagris ENSNMEG00000011198
lonchura_striata_domestica ENSLSDG00000007387
taeniopygia_guttata ENSTGUG00000007041
zonotrichia_albicollis ENSZALG00000005311
junco_hyemalis ENSJHYG00000004458
serinus_canaria ENSSCAG00000008543
parus_major ENSPMJG00000017544
cyanistes_caeruleus ENSCCEG00000022700
ficedula_albicollis ENSFALG00000013701
lepidothrix_coronata ENSLCOG00000012709
manacus_vitellinus ENSMVIG00005014419
calidris_pugnax ENSCPUG00000010716
calidris_pygmaea ENSCPGG00000001242
crocodylus_porosus ENSCPRG00005015474
pogona_vitticeps ENSPVIG00000012610
pogona_vitticeps ENSPVIG00000011060
anolis_carolinensis ENSACAG00000008538
notechis_scutatus ENSNSUG00000017908
salvator_merianae ENSSMRG00000008877
sphenodon_punctatus ENSSPUG00000004800
xenopus_tropicalis ENSXETG00000022668
latimeria_chalumnae ENSLACG00000013341
