macaca_fascicularis ENSMFAG00000002191
theropithecus_gelada ENSTGEG00000023608
mandrillus_leucophaeus ENSMLEG00000029057
papio_anubis ENSPANG00000030411
papio_anubis ENSPANG00000030871
macaca_fascicularis ENSMFAG00000032704
theropithecus_gelada ENSTGEG00000002367
theropithecus_gelada ENSTGEG00000017212
mandrillus_leucophaeus ENSMLEG00000044034
papio_anubis ENSPANG00000030615
cercocebus_atys ENSCATG00000029512
macaca_mulatta ENSMMUG00000040927
macaca_mulatta ENSMMUG00000048645
macaca_mulatta ENSMMUG00000037475
macaca_fascicularis ENSMFAG00000032360
macaca_mulatta ENSMMUG00000048003
macaca_mulatta ENSMMUG00000042754
mandrillus_leucophaeus ENSMLEG00000028572
papio_anubis ENSPANG00000032624
cercocebus_atys ENSCATG00000032860
colobus_angolensis_palliatus ENSCANG00000041947
rhinopithecus_roxellana ENSRROG00000033401
rhinopithecus_roxellana ENSRROG00000029166
equus_asinus_asinus ENSEASG00005004518
