eptatretus_burgeri ENSEBUG00000003700
eptatretus_burgeri ENSEBUG00000004764
periophthalmus_magnuspinnatus ENSPMGG00000013315
periophthalmus_magnuspinnatus ENSPMGG00000013319
poecilia_latipinna ENSPLAG00000014329
ornithorhynchus_anatinus ENSOANG00000029824
oryzias_latipes_asm223469v1 ENSORLG00015001538
anolis_carolinensis ENSACAG00000003223
apteryx_rowi ENSARWG00000003257
ornithorhynchus_anatinus ENSOANG00000005180
eptatretus_burgeri ENSEBUG00000002706
petromyzon_marinus ENSPMAG00000001263
ciona_intestinalis ENSCING00000004306
ciona_savignyi ENSCSAVG00000002324
takifugu_rubripes ENSTRUG00000006667
tetraodon_nigroviridis ENSTNIG00000008375
mola_mola ENSMMOG00000019222
gasterosteus_aculeatus ENSGACG00000013333
seriola_dumerili ENSSDUG00000000168
seriola_lalandi_dorsalis ENSSLDG00000009963
scophthalmus_maximus ENSSMAG00000010623
mastacembelus_armatus ENSMAMG00000001821
monopterus_albus ENSMALG00000022014
anabas_testudineus ENSATEG00000018036
cynoglossus_semilaevis ENSCSEG00000009265
hippocampus_comes ENSHCOG00000007646
astatotilapia_calliptera ENSACLG00000005406
maylandia_zebra ENSMZEG00005017061
haplochromis_burtoni ENSHBUG00000017905
pundamilia_nyererei ENSPNYG00000021071
oreochromis_niloticus ENSONIG00000010412
neolamprologus_brichardi ENSNBRG00000015255
neolamprologus_brichardi ENSNBRG00000015284
amphilophus_citrinellus ENSACIG00000009551
xiphophorus_maculatus ENSXMAG00000019097
xiphophorus_couchianus ENSXCOG00000002327
gambusia_affinis ENSGAFG00000021875
poecilia_formosa ENSPFOG00000002485
poecilia_latipinna ENSPLAG00000006222
poecilia_mexicana ENSPMEG00000014063
poecilia_reticulata ENSPREG00000000552
fundulus_heteroclitus ENSFHEG00000011991
cyprinodon_variegatus ENSCVAG00000016374
kryptolebias_marmoratus ENSKMAG00000022058
amphiprion_percula ENSAPEG00000002837
amphiprion_ocellaris ENSAOCG00000008188
acanthochromis_polyacanthus ENSAPOG00000023609
stegastes_partitus ENSSPAG00000002870
oryzias_latipes_asm223471v1 ENSORLG00020009945
oryzias_latipes_asm223469v1 ENSORLG00015001121
oryzias_latipes_asm223467v1 ENSORLG00000016175
oryzias_melastigma ENSOMEG00000022797
labrus_bergylta ENSLBEG00000007186
periophthalmus_magnuspinnatus ENSPMGG00000007076
gadus_morhua ENSGMOG00000018389
esox_lucius ENSELUG00000019581
pygocentrus_nattereri ENSPNAG00000021355
astyanax_mexicanus ENSAMXG00000001013
ictalurus_punctatus ENSIPUG00000014326
danio_rerio ENSDARG00000007461
pygocentrus_nattereri ENSPNAG00000010634
astyanax_mexicanus ENSAMXG00000018109
ictalurus_punctatus ENSIPUG00000020780
danio_rerio ENSDARG00000045789
scophthalmus_maximus ENSSMAG00000010229
gasterosteus_aculeatus ENSGACG00000000734
mastacembelus_armatus ENSMAMG00000018406
monopterus_albus ENSMALG00000002858
anabas_testudineus ENSATEG00000021579
labrus_bergylta ENSLBEG00000009050
labrus_bergylta ENSLBEG00000008992
mola_mola ENSMMOG00000006489
gambusia_affinis ENSGAFG00000020880
gambusia_affinis ENSGAFG00000020878
poecilia_mexicana ENSPMEG00000017140
poecilia_reticulata ENSPREG00000021815
poecilia_latipinna ENSPLAG00000005204
poecilia_formosa ENSPFOG00000016826
xiphophorus_maculatus ENSXMAG00000017155
xiphophorus_couchianus ENSXCOG00000011591
cyprinodon_variegatus ENSCVAG00000005994
fundulus_heteroclitus ENSFHEG00000009633
kryptolebias_marmoratus ENSKMAG00000001293
oryzias_latipes_asm223469v1 ENSORLG00015005550
oryzias_latipes_asm223471v1 ENSORLG00020005734
oryzias_latipes_asm223467v1 ENSORLG00000017234
oryzias_melastigma ENSOMEG00000023338
amphiprion_ocellaris ENSAOCG00000023449
amphiprion_percula ENSAPEG00000019261
acanthochromis_polyacanthus ENSAPOG00000016074
stegastes_partitus ENSSPAG00000010594
pundamilia_nyererei ENSPNYG00000016917
maylandia_zebra ENSMZEG00005021614
astatotilapia_calliptera ENSACLG00000012950
haplochromis_burtoni ENSHBUG00000004470
neolamprologus_brichardi ENSNBRG00000013523
oreochromis_niloticus ENSONIG00000017981
amphilophus_citrinellus ENSACIG00000017901
seriola_dumerili ENSSDUG00000017062
seriola_lalandi_dorsalis ENSSLDG00000004008
cynoglossus_semilaevis ENSCSEG00000004374
periophthalmus_magnuspinnatus ENSPMGG00000005243
tetraodon_nigroviridis ENSTNIG00000018725
takifugu_rubripes ENSTRUG00000006228
hippocampus_comes ENSHCOG00000000820
gadus_morhua ENSGMOG00000001756
esox_lucius ENSELUG00000012951
paramormyrops_kingsleyae ENSPKIG00000021031
scleropages_formosus ENSSFOG00015007315
scleropages_formosus ENSSFOG00015003082
paramormyrops_kingsleyae ENSPKIG00000011582
phascolarctos_cinereus ENSPCIG00000029700
notamacropus_eugenii ENSMEUG00000009631
sarcophilus_harrisii ENSSHAG00000004249
monodelphis_domestica ENSMODG00000020933
erinaceus_europaeus ENSEEUG00000011249
ursus_americanus ENSUAMG00000023869
pteropus_vampyrus ENSPVAG00000008184
myotis_lucifugus ENSMLUG00000012552
equus_caballus ENSECAG00000011462
equus_asinus_asinus ENSEASG00005007546
bos_mutus ENSBMUG00000024813
bos_taurus ENSBTAG00000011892
bison_bison_bison ENSBBBG00000012364
ovis_aries ENSOARG00000003915
capra_hircus ENSCHIG00000013017
tursiops_truncatus ENSTTRG00000004511
sus_scrofa ENSSSCG00000029815
vicugna_pacos ENSVPAG00000004240
ailuropoda_melanoleuca ENSAMEG00000018060
ursus_maritimus ENSUMAG00000020332
nannospalax_galili ENSNGAG00000023705
carlito_syrichta ENSTSYG00000000443
ursus_americanus ENSUAMG00000018651
mustela_putorius_furo ENSMPUG00000016725
neovison_vison ENSNVIG00000021203
canis_lupus_dingo ENSCAFG00020019555
canis_lupus_familiaris ENSCAFG00000000345
vulpes_vulpes ENSVVUG00000015043
panthera_tigris_altaica ENSPTIG00000019092
panthera_pardus ENSPPRG00000011479
felis_catus ENSFCAG00000019126
propithecus_coquereli ENSPCOG00000022103
prolemur_simus ENSPSMG00000000454
microcebus_murinus ENSMICG00000008203
pan_troglodytes ENSPTRG00000005170
pan_paniscus ENSPPAG00000042858
homo_sapiens ENSG00000196935
gorilla_gorilla ENSGGOG00000000078
pongo_abelii ENSPPYG00000004723
nomascus_leucogenys ENSNLEG00000017079
rhinopithecus_roxellana ENSRROG00000028657
rhinopithecus_bieti ENSRBIG00000035921
piliocolobus_tephrosceles ENSPTEG00000025164
colobus_angolensis_palliatus ENSCANG00000031199
macaca_mulatta ENSMMUG00000001952
macaca_nemestrina ENSMNEG00000043909
macaca_fascicularis ENSMFAG00000042942
macaca_nemestrina ENSMNEG00000029262
chlorocebus_sabaeus ENSCSAG00000004499
cercocebus_atys ENSCATG00000038293
mandrillus_leucophaeus ENSMLEG00000038616
papio_anubis ENSPANG00000007865
theropithecus_gelada ENSTGEG00000020350
saimiri_boliviensis_boliviensis ENSSBOG00000029636
callithrix_jacchus ENSCJAG00000014842
cebus_capucinus_imitator ENSCCAG00000024481
aotus_nancymaae ENSANAG00000020134
tupaia_belangeri ENSTBEG00000009644
jaculus_jaculus ENSJJAG00000013024
dipodomys_ordii ENSDORG00000006730
ictidomys_tridecemlineatus ENSSTOG00000004509
spermophilus_dauricus ENSSDAG00000000409
urocitellus_parryii ENSUPAG00010008211
marmota_marmota_marmota ENSMMMG00000009676
heterocephalus_glaber_hetgla_1.0 ENSHGLG00100008547
heterocephalus_glaber_hetgla_female_1.0 ENSHGLG00000009171
fukomys_damarensis ENSFDAG00000015625
cavia_porcellus ENSCPOG00000011928
cavia_aperea ENSCAPG00000014518
octodon_degus ENSODEG00000004511
chinchilla_lanigera ENSCLAG00000009523
castor_canadensis ENSCCNG00000027109
oryctolagus_cuniculus ENSOCUG00000009694
ochotona_princeps ENSOPRG00000013006
cricetulus_griseus_crigri_1.0 ENSCGRG00000000715
cricetulus_griseus_chok1gs_hdv1 ENSCGRG00001020994
cricetulus_griseus_crigri-picr ENSCGRG00015002742
mesocricetus_auratus ENSMAUG00000016602
microtus_ochrogaster ENSMOCG00000005840
peromyscus_maniculatus_bairdii ENSPEMG00000011908
mus_spicilegus ENSMSIG00000020811
mus_spretus_strain_spret/eij MGP_SPRETEiJ_G0016686
mus_musculus_strain_reference_cl57bl6 ENSMUSG00000020121
mus_caroli_strain_caroli_eij MGP_CAROLIEiJ_G0015861
mus_pahari_strain_pahari_eij MGP_PahariEiJ_G0031225
rattus_norvegicus ENSRNOG00000004603
meriones_unguiculatus ENSMUGG00000012470
otolemur_garnettii ENSOGAG00000007402
echinops_telfairi ENSETEG00000002886
sorex_araneus ENSSARG00000005928
dasypus_novemcinctus ENSDNOG00000013610
choloepus_hoffmanni ENSCHOG00000007749
loxodonta_africana ENSLAFG00000018649
procavia_capensis ENSPCAG00000000469
ornithorhynchus_anatinus ENSOANG00000015708
ornithorhynchus_anatinus ENSOANG00000020582
ornithorhynchus_anatinus ENSOANG00000031994
pogona_vitticeps ENSPVIG00000004920
anolis_carolinensis ENSACAG00000003011
notechis_scutatus ENSNSUG00000005688
salvator_merianae ENSSMRG00000016093
sphenodon_punctatus ENSSPUG00000009707
anser_brachyrhynchus ENSABRG00000007487
anas_platyrhynchos_platyrhynchos ENSAPLG00000008005
meleagris_gallopavo ENSMGAG00000010168
coturnix_japonica ENSCJPG00005015439
gallus_gallus ENSGALG00000009825
numida_meleagris ENSNMEG00000012268
taeniopygia_guttata ENSTGUG00000006378
lonchura_striata_domestica ENSLSDG00000016097
junco_hyemalis ENSJHYG00000001429
zonotrichia_albicollis ENSZALG00000009750
serinus_canaria ENSSCAG00000001388
ficedula_albicollis ENSFALG00000009882
cyanistes_caeruleus ENSCCEG00000009853
ficedula_albicollis ENSFALG00000009921
parus_major ENSPMJG00000012585
manacus_vitellinus ENSMVIG00005005077
lepidothrix_coronata ENSLCOG00000014612
melopsittacus_undulatus ENSMUNG00000000300
calidris_pygmaea ENSCPGG00000008415
calidris_pugnax ENSCPUG00000004803
dromaius_novaehollandiae ENSDNVG00000008356
nothoprocta_perdicaria ENSNPEG00000010599
apteryx_owenii ENSAOWG00000005841
apteryx_haastii ENSAHAG00000010781
apteryx_rowi ENSARWG00000008039
crocodylus_porosus ENSCPRG00005007696
gopherus_agassizii ENSGAGG00000023347
chelonoidis_abingdonii ENSCABG00000014824
chrysemys_picta_bellii ENSCPBG00000000874
pelodiscus_sinensis ENSPSIG00000008048
xenopus_tropicalis ENSXETG00000021663
latimeria_chalumnae ENSLACG00000018548
lepisosteus_oculatus ENSLOCG00000016975
phascolarctos_cinereus ENSPCIG00000030177
notamacropus_eugenii ENSMEUG00000004079
sarcophilus_harrisii ENSSHAG00000017302
monodelphis_domestica ENSMODG00000001993
erinaceus_europaeus ENSEEUG00000015533
sorex_araneus ENSSARG00000013656
tursiops_truncatus ENSTTRG00000009392
ailuropoda_melanoleuca ENSAMEG00000012690
tupaia_belangeri ENSTBEG00000004387
dasypus_novemcinctus ENSDNOG00000047428
echinops_telfairi ENSETEG00000015400
capra_hircus ENSCHIG00000022255
ovis_aries ENSOARG00000005343
bos_mutus ENSBMUG00000025452
bos_taurus ENSBTAG00000001483
bison_bison_bison ENSBBBG00000007416
vicugna_pacos ENSVPAG00000001439
sus_scrofa ENSSSCG00000015645
equus_asinus_asinus ENSEASG00005005706
equus_caballus ENSECAG00000014082
ursus_maritimus ENSUMAG00000003992
ailuropoda_melanoleuca ENSAMEG00000011789
canis_lupus_dingo ENSCAFG00020004783
canis_lupus_dingo ENSCAFG00020004870
canis_lupus_dingo ENSCAFG00020005007
ursus_americanus ENSUAMG00000022771
ursus_americanus ENSUAMG00000022769
mustela_putorius_furo ENSMPUG00000012066
neovison_vison ENSNVIG00000018378
canis_lupus_familiaris ENSCAFG00000010224
vulpes_vulpes ENSVVUG00000013560
panthera_pardus ENSPPRG00000011823
panthera_tigris_altaica ENSPTIG00000015225
felis_catus ENSFCAG00000013777
pteropus_vampyrus ENSPVAG00000008042
myotis_lucifugus ENSMLUG00000002742
erinaceus_europaeus ENSEEUG00000011067
sorex_araneus ENSSARG00000009619
castor_canadensis ENSCCNG00000019545
dipodomys_ordii ENSDORG00000012918
mus_spicilegus ENSMSIG00000024516
mus_spretus_strain_spret/eij MGP_SPRETEiJ_G0015375
mus_musculus_strain_reference_cl57bl6 ENSMUSG00000026425
mus_caroli_strain_caroli_eij MGP_CAROLIEiJ_G0014571
mus_pahari_strain_pahari_eij MGP_PahariEiJ_G0027805
rattus_norvegicus ENSRNOG00000006733
meriones_unguiculatus ENSMUGG00000020125
cricetulus_griseus_crigri_1.0 ENSCGRG00000015262
cricetulus_griseus_chok1gs_hdv1 ENSCGRG00001005806
cricetulus_griseus_crigri-picr ENSCGRG00015004334
mesocricetus_auratus ENSMAUG00000001334
peromyscus_maniculatus_bairdii ENSPEMG00000014419
microtus_ochrogaster ENSMOCG00000011026
nannospalax_galili ENSNGAG00000017369
jaculus_jaculus ENSJJAG00000014811
chinchilla_lanigera ENSCLAG00000012031
octodon_degus ENSODEG00000007417
cavia_porcellus ENSCPOG00000008917
cavia_aperea ENSCAPG00000010973
heterocephalus_glaber_hetgla_1.0 ENSHGLG00100006055
heterocephalus_glaber_hetgla_female_1.0 ENSHGLG00000006808
fukomys_damarensis ENSFDAG00000013025
spermophilus_dauricus ENSSDAG00000016059
ictidomys_tridecemlineatus ENSSTOG00000006198
urocitellus_parryii ENSUPAG00010014755
marmota_marmota_marmota ENSMMMG00000003630
oryctolagus_cuniculus ENSOCUG00000012175
ochotona_princeps ENSOPRG00000000526
tupaia_belangeri ENSTBEG00000008940
pan_paniscus ENSPPAG00000040467
pan_troglodytes ENSPTRG00000001909
gorilla_gorilla ENSGGOG00000006032
homo_sapiens ENSG00000266028
pongo_abelii ENSPPYG00000000289
homo_sapiens ENSG00000196369
homo_sapiens ENSG00000171943
nomascus_leucogenys ENSNLEG00000000477
papio_anubis ENSPANG00000018738
theropithecus_gelada ENSTGEG00000013158
macaca_fascicularis ENSMFAG00000003779
macaca_nemestrina ENSMNEG00000033576
macaca_mulatta ENSMMUG00000022614
mandrillus_leucophaeus ENSMLEG00000041905
cercocebus_atys ENSCATG00000034270
chlorocebus_sabaeus ENSCSAG00000014903
colobus_angolensis_palliatus ENSCANG00000035527
piliocolobus_tephrosceles ENSPTEG00000034107
rhinopithecus_bieti ENSRBIG00000029925
rhinopithecus_roxellana ENSRROG00000031859
cebus_capucinus_imitator ENSCCAG00000037496
saimiri_boliviensis_boliviensis ENSSBOG00000029696
callithrix_jacchus ENSCJAG00000018702
aotus_nancymaae ENSANAG00000028268
carlito_syrichta ENSTSYG00000007547
propithecus_coquereli ENSPCOG00000027721
microcebus_murinus ENSMICG00000010869
prolemur_simus ENSPSMG00000007533
otolemur_garnettii ENSOGAG00000008154
loxodonta_africana ENSLAFG00000014764
procavia_capensis ENSPCAG00000010119
echinops_telfairi ENSETEG00000018604
choloepus_hoffmanni ENSCHOG00000013804
dasypus_novemcinctus ENSDNOG00000012217
ornithorhynchus_anatinus ENSOANG00000005383
anser_brachyrhynchus ENSABRG00000003238
anas_platyrhynchos_platyrhynchos ENSAPLG00000013735
meleagris_gallopavo ENSMGAG00000003459
gallus_gallus ENSGALG00000000816
numida_meleagris ENSNMEG00000009792
coturnix_japonica ENSCJPG00005015033
coturnix_japonica ENSCJPG00005015034
zonotrichia_albicollis ENSZALG00000008543
calidris_pygmaea ENSCPGG00000018784
calidris_pugnax ENSCPUG00000012448
melopsittacus_undulatus ENSMUNG00000011485
apteryx_owenii ENSAOWG00000009951
apteryx_rowi ENSARWG00000017622
apteryx_haastii ENSAHAG00000019040
dromaius_novaehollandiae ENSDNVG00000013059
lepidothrix_coronata ENSLCOG00000000370
manacus_vitellinus ENSMVIG00005017672
serinus_canaria ENSSCAG00000011638
serinus_canaria ENSSCAG00000011628
zonotrichia_albicollis ENSZALG00000003203
junco_hyemalis ENSJHYG00000017159
ficedula_albicollis ENSFALG00000000569
lonchura_striata_domestica ENSLSDG00000001978
taeniopygia_guttata ENSTGUG00000001112
cyanistes_caeruleus ENSCCEG00000017659
parus_major ENSPMJG00000016384
nothoprocta_perdicaria ENSNPEG00000006997
coturnix_japonica ENSCJPG00005015035
crocodylus_porosus ENSCPRG00005008508
chelonoidis_abingdonii ENSCABG00000003173
gopherus_agassizii ENSGAGG00000010110
chrysemys_picta_bellii ENSCPBG00000001831
pelodiscus_sinensis ENSPSIG00000003449
pogona_vitticeps ENSPVIG00000022965
anolis_carolinensis ENSACAG00000012891
notechis_scutatus ENSNSUG00000016405
salvator_merianae ENSSMRG00000008597
sphenodon_punctatus ENSSPUG00000008484
latimeria_chalumnae ENSLACG00000011156
pogona_vitticeps ENSPVIG00000013589
anolis_carolinensis ENSACAG00000026242
xenopus_tropicalis ENSXETG00000023687
astyanax_mexicanus ENSAMXG00000007282
pygocentrus_nattereri ENSPNAG00000011481
ictalurus_punctatus ENSIPUG00000024278
danio_rerio ENSDARG00000032161
poecilia_formosa ENSPFOG00000016791
poecilia_mexicana ENSPMEG00000014360
poecilia_latipinna ENSPLAG00000011905
poecilia_reticulata ENSPREG00000003630
xiphophorus_couchianus ENSXCOG00000018451
xiphophorus_maculatus ENSXMAG00000003785
gambusia_affinis ENSGAFG00000004812
fundulus_heteroclitus ENSFHEG00000021464
cyprinodon_variegatus ENSCVAG00000005306
kryptolebias_marmoratus ENSKMAG00000014552
oryzias_latipes_asm223469v1 ENSORLG00015010404
oryzias_latipes_asm223467v1 ENSORLG00000015797
oryzias_latipes_asm223471v1 ENSORLG00020015215
oryzias_melastigma ENSOMEG00000019817
stegastes_partitus ENSSPAG00000011438
cynoglossus_semilaevis ENSCSEG00000004520
takifugu_rubripes ENSTRUG00000001407
tetraodon_nigroviridis ENSTNIG00000007285
labrus_bergylta ENSLBEG00000012621
gasterosteus_aculeatus ENSGACG00000000374
mola_mola ENSMMOG00000004757
amphiprion_percula ENSAPEG00000007068
amphiprion_ocellaris ENSAOCG00000010743
acanthochromis_polyacanthus ENSAPOG00000010814
astatotilapia_calliptera ENSACLG00000005589
maylandia_zebra ENSMZEG00005000788
haplochromis_burtoni ENSHBUG00000006152
pundamilia_nyererei ENSPNYG00000018123
oreochromis_niloticus ENSONIG00000019295
neolamprologus_brichardi ENSNBRG00000012452
amphilophus_citrinellus ENSACIG00000023096
mastacembelus_armatus ENSMAMG00000008035
monopterus_albus ENSMALG00000020164
anabas_testudineus ENSATEG00000024337
seriola_dumerili ENSSDUG00000002142
seriola_lalandi_dorsalis ENSSLDG00000007036
scophthalmus_maximus ENSSMAG00000005994
hippocampus_comes ENSHCOG00000008231
periophthalmus_magnuspinnatus ENSPMGG00000013616
gadus_morhua ENSGMOG00000014732
acanthochromis_polyacanthus ENSAPOG00000001039
acanthochromis_polyacanthus ENSAPOG00000017896
esox_lucius ENSELUG00000023961
scleropages_formosus ENSSFOG00015000246
paramormyrops_kingsleyae ENSPKIG00000004776
lepisosteus_oculatus ENSLOCG00000012180
eptatretus_burgeri ENSEBUG00000016465
eptatretus_burgeri ENSEBUG00000005592
petromyzon_marinus ENSPMAG00000002353
scleropages_formosus ENSSFOG00015021570
paramormyrops_kingsleyae ENSPKIG00000024659
tetraodon_nigroviridis ENSTNIG00000014736
takifugu_rubripes ENSTRUG00000006997
mola_mola ENSMMOG00000015372
gasterosteus_aculeatus ENSGACG00000001317
labrus_bergylta ENSLBEG00000020365
xiphophorus_maculatus ENSXMAG00000016217
xiphophorus_couchianus ENSXCOG00000008866
gambusia_affinis ENSGAFG00000010470
poecilia_formosa ENSPFOG00000017034
poecilia_mexicana ENSPMEG00000000069
poecilia_latipinna ENSPLAG00000014292
poecilia_reticulata ENSPREG00000003536
fundulus_heteroclitus ENSFHEG00000013436
cyprinodon_variegatus ENSCVAG00000005843
kryptolebias_marmoratus ENSKMAG00000006834
oryzias_melastigma ENSOMEG00000002321
astatotilapia_calliptera ENSACLG00000012441
pundamilia_nyererei ENSPNYG00000014550
maylandia_zebra ENSMZEG00005015480
haplochromis_burtoni ENSHBUG00000023791
neolamprologus_brichardi ENSNBRG00000017824
oreochromis_niloticus ENSONIG00000004135
amphilophus_citrinellus ENSACIG00000015847
amphiprion_ocellaris ENSAOCG00000021195
amphiprion_percula ENSAPEG00000012088
acanthochromis_polyacanthus ENSAPOG00000016964
stegastes_partitus ENSSPAG00000019377
monopterus_albus ENSMALG00000000224
mastacembelus_armatus ENSMAMG00000017479
anabas_testudineus ENSATEG00000024620
seriola_lalandi_dorsalis ENSSLDG00000001890
seriola_dumerili ENSSDUG00000019582
scophthalmus_maximus ENSSMAG00000017241
hippocampus_comes ENSHCOG00000018857
cynoglossus_semilaevis ENSCSEG00000000715
periophthalmus_magnuspinnatus ENSPMGG00000018580
gadus_morhua ENSGMOG00000016745
esox_lucius ENSELUG00000002479
scleropages_formosus ENSSFOG00015019228
paramormyrops_kingsleyae ENSPKIG00000013953
tetraodon_nigroviridis ENSTNIG00000014626
takifugu_rubripes ENSTRUG00000003901
cynoglossus_semilaevis ENSCSEG00000002531
mola_mola ENSMMOG00000021792
labrus_bergylta ENSLBEG00000012208
gasterosteus_aculeatus ENSGACG00000000924
seriola_dumerili ENSSDUG00000012248
seriola_lalandi_dorsalis ENSSLDG00000020732
scophthalmus_maximus ENSSMAG00000000633
monopterus_albus ENSMALG00000017280
mastacembelus_armatus ENSMAMG00000023935
anabas_testudineus ENSATEG00000005283
amphiprion_ocellaris ENSAOCG00000004461
amphiprion_percula ENSAPEG00000016753
acanthochromis_polyacanthus ENSAPOG00000005213
stegastes_partitus ENSSPAG00000015558
stegastes_partitus ENSSPAG00000008372
cyprinodon_variegatus ENSCVAG00000001020
fundulus_heteroclitus ENSFHEG00000006067
xiphophorus_maculatus ENSXMAG00000001436
xiphophorus_couchianus ENSXCOG00000020019
gambusia_affinis ENSGAFG00000021650
poecilia_formosa ENSPFOG00000002434
poecilia_latipinna ENSPLAG00000014756
poecilia_mexicana ENSPMEG00000008160
poecilia_reticulata ENSPREG00000009226
kryptolebias_marmoratus ENSKMAG00000020818
oryzias_latipes_asm223471v1 ENSORLG00020007395
oryzias_latipes_asm223469v1 ENSORLG00015003557
oryzias_latipes_asm223467v1 ENSORLG00000000702
oryzias_melastigma ENSOMEG00000014065
astatotilapia_calliptera ENSACLG00000023379
pundamilia_nyererei ENSPNYG00000006853
haplochromis_burtoni ENSHBUG00000013388
maylandia_zebra ENSMZEG00005010590
neolamprologus_brichardi ENSNBRG00000004829
oreochromis_niloticus ENSONIG00000018978
amphilophus_citrinellus ENSACIG00000020195
hippocampus_comes ENSHCOG00000004864
gadus_morhua ENSGMOG00000007911
esox_lucius ENSELUG00000000760
pygocentrus_nattereri ENSPNAG00000016170
astyanax_mexicanus ENSAMXG00000002500
ictalurus_punctatus ENSIPUG00000018609
danio_rerio ENSDARG00000060309
periophthalmus_magnuspinnatus ENSPMGG00000017555
stegastes_partitus ENSSPAG00000008358
mus_spretus_strain_spret/eij MGP_SPRETEiJ_G0029741
mus_spicilegus ENSMSIG00000027543
mus_musculus_strain_reference_cl57bl6 ENSMUSG00000030257
mus_caroli_strain_caroli_eij MGP_CAROLIEiJ_G0028713
mus_pahari_strain_pahari_eij MGP_PahariEiJ_G0022464
rattus_norvegicus ENSRNOG00000006509
meriones_unguiculatus ENSMUGG00000001171
cricetulus_griseus_chok1gs_hdv1 ENSCGRG00001010935
cricetulus_griseus_crigri-picr ENSCGRG00015019687
cricetulus_griseus_crigri_1.0 ENSCGRG00000006803
mesocricetus_auratus ENSMAUG00000020606
peromyscus_maniculatus_bairdii ENSPEMG00000022268
microtus_ochrogaster ENSMOCG00000001918
nannospalax_galili ENSNGAG00000020921
jaculus_jaculus ENSJJAG00000011741
castor_canadensis ENSCCNG00000028920
chinchilla_lanigera ENSCLAG00000002146
octodon_degus ENSODEG00000018235
heterocephalus_glaber_hetgla_1.0 ENSHGLG00100016215
heterocephalus_glaber_hetgla_female_1.0 ENSHGLG00000009965
fukomys_damarensis ENSFDAG00000011269
cavia_aperea ENSCAPG00000009582
cavia_porcellus ENSCPOG00000001996
urocitellus_parryii ENSUPAG00010022863
ictidomys_tridecemlineatus ENSSTOG00000004891
marmota_marmota_marmota ENSMMMG00000008489
tupaia_belangeri ENSTBEG00000015776
prolemur_simus ENSPSMG00000000659
propithecus_coquereli ENSPCOG00000015774
otolemur_garnettii ENSOGAG00000001412
pan_troglodytes ENSPTRG00000023245
pan_paniscus ENSPPAG00000038210
homo_sapiens ENSG00000196220
gorilla_gorilla ENSGGOG00000011175
pongo_abelii ENSPPYG00000013687
nomascus_leucogenys ENSNLEG00000003842
colobus_angolensis_palliatus ENSCANG00000030920
piliocolobus_tephrosceles ENSPTEG00000033779
rhinopithecus_bieti ENSRBIG00000035277
rhinopithecus_roxellana ENSRROG00000033385
macaca_fascicularis ENSMFAG00000033455
macaca_mulatta ENSMMUG00000020014
macaca_nemestrina ENSMNEG00000028942
chlorocebus_sabaeus ENSCSAG00000010768
theropithecus_gelada ENSTGEG00000021218
cercocebus_atys ENSCATG00000039630
papio_anubis ENSPANG00000008856
mandrillus_leucophaeus ENSMLEG00000013856
saimiri_boliviensis_boliviensis ENSSBOG00000028415
cebus_capucinus_imitator ENSCCAG00000013766
callithrix_jacchus ENSCJAG00000015927
aotus_nancymaae ENSANAG00000034431
bos_taurus ENSBTAG00000004685
bos_mutus ENSBMUG00000011948
bison_bison_bison ENSBBBG00000014747
ovis_aries ENSOARG00000007281
capra_hircus ENSCHIG00000019201
tursiops_truncatus ENSTTRG00000009655
sus_scrofa ENSSSCG00000033624
equus_asinus_asinus ENSEASG00005013321
equus_caballus ENSECAG00000010118
ursus_americanus ENSUAMG00000008397
ursus_maritimus ENSUMAG00000019260
ailuropoda_melanoleuca ENSAMEG00000012398
neovison_vison ENSNVIG00000015729
mustela_putorius_furo ENSMPUG00000017064
canis_lupus_familiaris ENSCAFG00000005535
canis_lupus_dingo ENSCAFG00020008925
vulpes_vulpes ENSVVUG00000025299
panthera_pardus ENSPPRG00000007280
panthera_tigris_altaica ENSPTIG00000020357
felis_catus ENSFCAG00000008390
myotis_lucifugus ENSMLUG00000010338
pteropus_vampyrus ENSPVAG00000012222
dasypus_novemcinctus ENSDNOG00000009738
carlito_syrichta ENSTSYG00000008867
dipodomys_ordii ENSDORG00000001101
choloepus_hoffmanni ENSCHOG00000000198
loxodonta_africana ENSLAFG00000005453
procavia_capensis ENSPCAG00000008305
echinops_telfairi ENSETEG00000002273
ornithorhynchus_anatinus ENSOANG00000003596
ornithorhynchus_anatinus ENSOANG00000007636
oryctolagus_cuniculus ENSOCUG00000021876
oryctolagus_cuniculus ENSOCUG00000017170
ochotona_princeps ENSOPRG00000013883
erinaceus_europaeus ENSEEUG00000000237
microcebus_murinus ENSMICG00000013547
phascolarctos_cinereus ENSPCIG00000034645
notamacropus_eugenii ENSMEUG00000013293
sarcophilus_harrisii ENSSHAG00000012943
monodelphis_domestica ENSMODG00000004712
anolis_carolinensis ENSACAG00000014985
pogona_vitticeps ENSPVIG00000000175
notechis_scutatus ENSNSUG00000006301
salvator_merianae ENSSMRG00000003257
sphenodon_punctatus ENSSPUG00000017469
gopherus_agassizii ENSGAGG00000003464
chelonoidis_abingdonii ENSCABG00000000091
chrysemys_picta_bellii ENSCPBG00000014775
pelodiscus_sinensis ENSPSIG00000007033
crocodylus_porosus ENSCPRG00005012679
ornithorhynchus_anatinus ENSOANG00000014483
latimeria_chalumnae ENSLACG00000018512
lepisosteus_oculatus ENSLOCG00000009772
anser_brachyrhynchus ENSABRG00000009392
anas_platyrhynchos_platyrhynchos ENSAPLG00000003289
gallus_gallus ENSGALG00000008378
coturnix_japonica ENSCJPG00005020553
numida_meleagris ENSNMEG00000007591
calidris_pygmaea ENSCPGG00000003587
calidris_pugnax ENSCPUG00000018788
melopsittacus_undulatus ENSMUNG00000015110
apteryx_haastii ENSAHAG00000019468
apteryx_owenii ENSAOWG00000018116
apteryx_rowi ENSARWG00000015162
dromaius_novaehollandiae ENSDNVG00000004303
cyanistes_caeruleus ENSCCEG00000007603
parus_major ENSPMJG00000005970
junco_hyemalis ENSJHYG00000018337
zonotrichia_albicollis ENSZALG00000003330
serinus_canaria ENSSCAG00000015492
lonchura_striata_domestica ENSLSDG00000016540
taeniopygia_guttata ENSTGUG00000010415
lepidothrix_coronata ENSLCOG00000014118
manacus_vitellinus ENSMVIG00005012567
ficedula_albicollis ENSFALG00000013628
nothoprocta_perdicaria ENSNPEG00000006280
xenopus_tropicalis ENSXETG00000001445
ornithorhynchus_anatinus ENSOANG00000020135
monopterus_albus ENSMALG00000017210
mastacembelus_armatus ENSMAMG00000004425
anabas_testudineus ENSATEG00000021383
seriola_lalandi_dorsalis ENSSLDG00000008556
seriola_dumerili ENSSDUG00000011553
scophthalmus_maximus ENSSMAG00000001421
xiphophorus_maculatus ENSXMAG00000010757
xiphophorus_couchianus ENSXCOG00000006650
gambusia_affinis ENSGAFG00000010654
poecilia_formosa ENSPFOG00000010862
poecilia_mexicana ENSPMEG00000000212
poecilia_latipinna ENSPLAG00000010027
poecilia_reticulata ENSPREG00000022046
cyprinodon_variegatus ENSCVAG00000022798
fundulus_heteroclitus ENSFHEG00000023453
kryptolebias_marmoratus ENSKMAG00000005896
oryzias_latipes_asm223471v1 ENSORLG00020009044
oryzias_latipes_asm223467v1 ENSORLG00000023003
oryzias_latipes_asm223469v1 ENSORLG00015001498
oryzias_latipes_asm223469v1 ENSORLG00015001482
oryzias_melastigma ENSOMEG00000018883
astatotilapia_calliptera ENSACLG00000003734
maylandia_zebra ENSMZEG00005027239
haplochromis_burtoni ENSHBUG00000023747
pundamilia_nyererei ENSPNYG00000021431
oreochromis_niloticus ENSONIG00000011994
neolamprologus_brichardi ENSNBRG00000014890
amphilophus_citrinellus ENSACIG00000023326
amphiprion_ocellaris ENSAOCG00000009278
amphiprion_percula ENSAPEG00000000299
acanthochromis_polyacanthus ENSAPOG00000000896
stegastes_partitus ENSSPAG00000020354
labrus_bergylta ENSLBEG00000014536
mola_mola ENSMMOG00000005163
takifugu_rubripes ENSTRUG00000015312
tetraodon_nigroviridis ENSTNIG00000015092
gasterosteus_aculeatus ENSGACG00000008645
cynoglossus_semilaevis ENSCSEG00000001389
hippocampus_comes ENSHCOG00000007011
periophthalmus_magnuspinnatus ENSPMGG00000023425
gadus_morhua ENSGMOG00000008303
esox_lucius ENSELUG00000010080
pygocentrus_nattereri ENSPNAG00000020564
astyanax_mexicanus ENSAMXG00000037374
ictalurus_punctatus ENSIPUG00000019443
danio_rerio ENSDARG00000039265
scleropages_formosus ENSSFOG00015002112
scleropages_formosus ENSSFOG00015012989
paramormyrops_kingsleyae ENSPKIG00000024256
pygocentrus_nattereri ENSPNAG00000012990
astyanax_mexicanus ENSAMXG00000017647
ictalurus_punctatus ENSIPUG00000013329
danio_rerio ENSDARG00000015003
gasterosteus_aculeatus ENSGACG00000004115
gasterosteus_aculeatus ENSGACG00000004120
tetraodon_nigroviridis ENSTNIG00000005011
cynoglossus_semilaevis ENSCSEG00000001164
seriola_lalandi_dorsalis ENSSLDG00000012025
periophthalmus_magnuspinnatus ENSPMGG00000020688
fundulus_heteroclitus ENSFHEG00000014874
cyprinodon_variegatus ENSCVAG00000018439
xiphophorus_maculatus ENSXMAG00000016317
xiphophorus_couchianus ENSXCOG00000000043
gambusia_affinis ENSGAFG00000000471
poecilia_mexicana ENSPMEG00000010157
poecilia_formosa ENSPFOG00000019520
poecilia_latipinna ENSPLAG00000003861
poecilia_reticulata ENSPREG00000003195
kryptolebias_marmoratus ENSKMAG00000008180
oryzias_latipes_asm223467v1 ENSORLG00000001598
oryzias_latipes_asm223469v1 ENSORLG00015016763
oryzias_latipes_asm223471v1 ENSORLG00020002385
oryzias_melastigma ENSOMEG00000013006
maylandia_zebra ENSMZEG00005012290
astatotilapia_calliptera ENSACLG00000009145
haplochromis_burtoni ENSHBUG00000005454
pundamilia_nyererei ENSPNYG00000005184
neolamprologus_brichardi ENSNBRG00000017028
oreochromis_niloticus ENSONIG00000009094
amphilophus_citrinellus ENSACIG00000005562
mola_mola ENSMMOG00000020239
seriola_dumerili ENSSDUG00000017165
seriola_lalandi_dorsalis ENSSLDG00000010583
labrus_bergylta ENSLBEG00000019647
takifugu_rubripes ENSTRUG00000006232
amphiprion_ocellaris ENSAOCG00000018499
amphiprion_percula ENSAPEG00000021095
acanthochromis_polyacanthus ENSAPOG00000003908
stegastes_partitus ENSSPAG00000009446
monopterus_albus ENSMALG00000016096
mastacembelus_armatus ENSMAMG00000000525
anabas_testudineus ENSATEG00000001995
scophthalmus_maximus ENSSMAG00000004634
hippocampus_comes ENSHCOG00000007759
gadus_morhua ENSGMOG00000004807
gadus_morhua ENSGMOG00000000964
esox_lucius ENSELUG00000002498
lepisosteus_oculatus ENSLOCG00000014854
latimeria_chalumnae ENSLACG00000003755
pogona_vitticeps ENSPVIG00000019313
notechis_scutatus ENSNSUG00000014999
salvator_merianae ENSSMRG00000002350
anolis_carolinensis ENSACAG00000011924
gopherus_agassizii ENSGAGG00000003690
chelonoidis_abingdonii ENSCABG00000014994
mus_spicilegus ENSMSIG00000009525
mus_spretus_strain_spret/eij MGP_SPRETEiJ_G0034319
mus_musculus_strain_reference_cl57bl6 ENSMUSG00000031389
mus_caroli_strain_caroli_eij MGP_CAROLIEiJ_G0033164
mus_pahari_strain_pahari_eij MGP_PahariEiJ_G0031707
rattus_norvegicus ENSRNOG00000058545
meriones_unguiculatus ENSMUGG00000016691
cricetulus_griseus_chok1gs_hdv1 ENSCGRG00001023232
cricetulus_griseus_crigri_1.0 ENSCGRG00000003614
cricetulus_griseus_crigri-picr ENSCGRG00015005430
mesocricetus_auratus ENSMAUG00000020011
peromyscus_maniculatus_bairdii ENSPEMG00000019112
microtus_ochrogaster ENSMOCG00000010795
nannospalax_galili ENSNGAG00000015413
jaculus_jaculus ENSJJAG00000021798
dipodomys_ordii ENSDORG00000002750
urocitellus_parryii ENSUPAG00010012018
spermophilus_dauricus ENSSDAG00000002404
ictidomys_tridecemlineatus ENSSTOG00000022503
marmota_marmota_marmota ENSMMMG00000008497
heterocephalus_glaber_hetgla_female_1.0 ENSHGLG00000000857
heterocephalus_glaber_hetgla_1.0 ENSHGLG00100009548
fukomys_damarensis ENSFDAG00000005625
chinchilla_lanigera ENSCLAG00000001334
octodon_degus ENSODEG00000005124
cavia_porcellus ENSCPOG00000026143
cavia_aperea ENSCAPG00000010626
oryctolagus_cuniculus ENSOCUG00000001107
tupaia_belangeri ENSTBEG00000007321
pan_troglodytes ENSPTRG00000033931
pan_paniscus ENSPPAG00000039545
homo_sapiens ENSG00000089820
gorilla_gorilla ENSGGOG00000009770
nomascus_leucogenys ENSNLEG00000013678
rhinopithecus_roxellana ENSRROG00000045508
theropithecus_gelada ENSTGEG00000011498
papio_anubis ENSPANG00000010087
cercocebus_atys ENSCATG00000042499
mandrillus_leucophaeus ENSMLEG00000038659
macaca_mulatta ENSMMUG00000000323
macaca_fascicularis ENSMFAG00000038733
macaca_nemestrina ENSMNEG00000039860
chlorocebus_sabaeus ENSCSAG00000006854
colobus_angolensis_palliatus ENSCANG00000041037
rhinopithecus_bieti ENSRBIG00000031629
pongo_abelii ENSPPYG00000020860
saimiri_boliviensis_boliviensis ENSSBOG00000023946
cebus_capucinus_imitator ENSCCAG00000025262
callithrix_jacchus ENSCJAG00000011008
aotus_nancymaae ENSANAG00000023680
carlito_syrichta ENSTSYG00000003825
propithecus_coquereli ENSPCOG00000009927
prolemur_simus ENSPSMG00000023028
microcebus_murinus ENSMICG00000016246
otolemur_garnettii ENSOGAG00000015087
tursiops_truncatus ENSTTRG00000007454
sus_scrofa ENSSSCG00000012790
capra_hircus ENSCHIG00000000137
ovis_aries ENSOARG00000001509
bos_taurus ENSBTAG00000047531
bos_mutus ENSBMUG00000012757
neovison_vison ENSNVIG00000023893
mustela_putorius_furo ENSMPUG00000008967
pteropus_vampyrus ENSPVAG00000000462
myotis_lucifugus ENSMLUG00000014257
ursus_americanus ENSUAMG00000009930
ailuropoda_melanoleuca ENSAMEG00000018458
canis_lupus_familiaris ENSCAFG00000019408
canis_lupus_dingo ENSCAFG00020022156
vulpes_vulpes ENSVVUG00000029605
panthera_pardus ENSPPRG00000019046
felis_catus ENSFCAG00000011385
equus_caballus ENSECAG00000023201
equus_asinus_asinus ENSEASG00005019296
castor_canadensis ENSCCNG00000005421
heterocephalus_glaber_hetgla_female_1.0 ENSHGLG00000002094
piliocolobus_tephrosceles ENSPTEG00000008838
sorex_araneus ENSSARG00000008272
erinaceus_europaeus ENSEEUG00000009481
ochotona_princeps ENSOPRG00000001453
loxodonta_africana ENSLAFG00000014809
procavia_capensis ENSPCAG00000017083
echinops_telfairi ENSETEG00000006602
dasypus_novemcinctus ENSDNOG00000048684
phascolarctos_cinereus ENSPCIG00000012250
notamacropus_eugenii ENSMEUG00000008836
sarcophilus_harrisii ENSSHAG00000004979
monodelphis_domestica ENSMODG00000011526
ornithorhynchus_anatinus ENSOANG00000022384
xenopus_tropicalis ENSXETG00000021725
caenorhabditis_elegans_strain_n2 WBGene00006406
