phascolarctos_cinereus ENSPCIG00000014377
notamacropus_eugenii ENSMEUG00000001991
monodelphis_domestica ENSMODG00000006028
sarcophilus_harrisii ENSSHAG00000013824
loxodonta_africana ENSLAFG00000008913
procavia_capensis ENSPCAG00000008510
echinops_telfairi ENSETEG00000007020
neovison_vison ENSNVIG00000012271
mustela_putorius_furo ENSMPUG00000010389
ursus_americanus ENSUAMG00000007143
ursus_maritimus ENSUMAG00000014190
ailuropoda_melanoleuca ENSAMEG00000004382
panthera_tigris_altaica ENSPTIG00000005367
panthera_pardus ENSPPRG00000004542
felis_catus ENSFCAG00000006443
bos_mutus ENSBMUG00000009679
bos_taurus ENSBTAG00000016142
bison_bison_bison ENSBBBG00000006942
ovis_aries ENSOARG00000015682
capra_hircus ENSCHIG00000026080
vicugna_pacos ENSVPAG00000002806
equus_asinus_asinus ENSEASG00005003179
equus_caballus ENSECAG00000016096
pteropus_vampyrus ENSPVAG00000003311
myotis_lucifugus ENSMLUG00000003953
erinaceus_europaeus ENSEEUG00000006604
pan_troglodytes ENSPTRG00000003316
pan_paniscus ENSPPAG00000043427
gorilla_gorilla ENSGGOG00000013547
homo_sapiens ENSG00000166394
pongo_abelii ENSPPYG00000003518
nomascus_leucogenys ENSNLEG00000017500
colobus_angolensis_palliatus ENSCANG00000041563
piliocolobus_tephrosceles ENSPTEG00000000896
rhinopithecus_bieti ENSRBIG00000035115
rhinopithecus_roxellana ENSRROG00000031662
mandrillus_leucophaeus ENSMLEG00000040331
papio_anubis ENSPANG00000026430
theropithecus_gelada ENSTGEG00000019124
chlorocebus_sabaeus ENSCSAG00000004404
macaca_fascicularis ENSMFAG00000031626
macaca_mulatta ENSMMUG00000019755
macaca_nemestrina ENSMNEG00000029989
cercocebus_atys ENSCATG00000032322
saimiri_boliviensis_boliviensis ENSSBOG00000022515
cebus_capucinus_imitator ENSCCAG00000036771
callithrix_jacchus ENSCJAG00000013315
aotus_nancymaae ENSANAG00000032993
carlito_syrichta ENSTSYG00000011798
propithecus_coquereli ENSPCOG00000022501
prolemur_simus ENSPSMG00000010856
microcebus_murinus ENSMICG00000002407
otolemur_garnettii ENSOGAG00000006797
tupaia_belangeri ENSTBEG00000013542
mus_spretus_strain_spret/eij MGP_SPRETEiJ_G0031382
mus_spicilegus ENSMSIG00000010781
mus_musculus_strain_reference_cl57bl6 ENSMUSG00000048065
mus_caroli_strain_caroli_eij MGP_CAROLIEiJ_G0030269
mus_pahari_strain_pahari_eij MGP_PahariEiJ_G0013486
rattus_norvegicus ENSRNOG00000019751
meriones_unguiculatus ENSMUGG00000009264
cricetulus_griseus_chok1gs_hdv1 ENSCGRG00001024072
cricetulus_griseus_crigri-picr ENSCGRG00015013336
cricetulus_griseus_crigri_1.0 ENSCGRG00000011078
mesocricetus_auratus ENSMAUG00000014404
microtus_ochrogaster ENSMOCG00000014879
peromyscus_maniculatus_bairdii ENSPEMG00000001759
nannospalax_galili ENSNGAG00000019012
jaculus_jaculus ENSJJAG00000021897
chinchilla_lanigera ENSCLAG00000017027
octodon_degus ENSODEG00000001593
cavia_porcellus ENSCPOG00000002413
cavia_aperea ENSCAPG00000006174
heterocephalus_glaber_hetgla_1.0 ENSHGLG00100013528
heterocephalus_glaber_hetgla_female_1.0 ENSHGLG00000015075
fukomys_damarensis ENSFDAG00000007351
castor_canadensis ENSCCNG00000021692
dipodomys_ordii ENSDORG00000001974
spermophilus_dauricus ENSSDAG00000003229
spermophilus_dauricus ENSSDAG00000007279
marmota_marmota_marmota ENSMMMG00000015902
urocitellus_parryii ENSUPAG00010000489
ictidomys_tridecemlineatus ENSSTOG00000019482
oryctolagus_cuniculus ENSOCUG00000015001
ochotona_princeps ENSOPRG00000004669
anas_platyrhynchos_platyrhynchos ENSAPLG00000006316
anser_brachyrhynchus ENSABRG00000017412
gallus_gallus ENSGALG00000032372
coturnix_japonica ENSCJPG00005018605
numida_meleagris ENSNMEG00000009385
calidris_pygmaea ENSCPGG00000014998
calidris_pugnax ENSCPUG00000014377
melopsittacus_undulatus ENSMUNG00000004717
lepidothrix_coronata ENSLCOG00000001947
manacus_vitellinus ENSMVIG00005014174
taeniopygia_guttata ENSTGUG00000015824
taeniopygia_guttata ENSTGUG00000005192
lonchura_striata_domestica ENSLSDG00000008782
serinus_canaria ENSSCAG00000008040
zonotrichia_albicollis ENSZALG00000002656
junco_hyemalis ENSJHYG00000015771
ficedula_albicollis ENSFALG00000010670
parus_major ENSPMJG00000008082
cyanistes_caeruleus ENSCCEG00000009041
apteryx_haastii ENSAHAG00000005847
apteryx_owenii ENSAOWG00000011745
apteryx_rowi ENSARWG00000018478
dromaius_novaehollandiae ENSDNVG00000008156
nothoprocta_perdicaria ENSNPEG00000007075
crocodylus_porosus ENSCPRG00005006423
chelonoidis_abingdonii ENSCABG00000020037
gopherus_agassizii ENSGAGG00000022567
chrysemys_picta_bellii ENSCPBG00000015514
pogona_vitticeps ENSPVIG00000016506
anolis_carolinensis ENSACAG00000004175
notechis_scutatus ENSNSUG00000013222
salvator_merianae ENSSMRG00000000628
sphenodon_punctatus ENSSPUG00000002216
xenopus_tropicalis ENSXETG00000009054
gasterosteus_aculeatus ENSGACG00000002457
takifugu_rubripes ENSTRUG00000007353
labrus_bergylta ENSLBEG00000028769
stegastes_partitus ENSSPAG00000019826
acanthochromis_polyacanthus ENSAPOG00000009948
cynoglossus_semilaevis ENSCSEG00000021756
cyprinodon_variegatus ENSCVAG00000023130
fundulus_heteroclitus ENSFHEG00000000672
xiphophorus_couchianus ENSXCOG00000020676
xiphophorus_maculatus ENSXMAG00000015561
gambusia_affinis ENSGAFG00000021918
poecilia_formosa ENSPFOG00000022260
poecilia_mexicana ENSPMEG00000016884
poecilia_latipinna ENSPLAG00000007772
poecilia_reticulata ENSPREG00000001917
kryptolebias_marmoratus ENSKMAG00000006887
oryzias_latipes_asm223471v1 ENSORLG00020009166
oryzias_latipes_asm223469v1 ENSORLG00015002857
oryzias_latipes_asm223467v1 ENSORLG00000019316
oryzias_melastigma ENSOMEG00000016524
maylandia_zebra ENSMZEG00005013076
astatotilapia_calliptera ENSACLG00000006829
haplochromis_burtoni ENSHBUG00000002133
pundamilia_nyererei ENSPNYG00000008520
neolamprologus_brichardi ENSNBRG00000001733
oreochromis_niloticus ENSONIG00000010985
amphilophus_citrinellus ENSACIG00000000148
mola_mola ENSMMOG00000019399
monopterus_albus ENSMALG00000004549
mastacembelus_armatus ENSMAMG00000014280
anabas_testudineus ENSATEG00000008596
seriola_dumerili ENSSDUG00000003757
seriola_lalandi_dorsalis ENSSLDG00000003933
hippocampus_comes ENSHCOG00000016447
periophthalmus_magnuspinnatus ENSPMGG00000020974
gadus_morhua ENSGMOG00000008967
esox_lucius ENSELUG00000015781
pygocentrus_nattereri ENSPNAG00000019559
astyanax_mexicanus ENSAMXG00000013056
ictalurus_punctatus ENSIPUG00000010723
danio_rerio ENSDARG00000051925
scleropages_formosus ENSSFOG00015000451
lepisosteus_oculatus ENSLOCG00000004270
eptatretus_burgeri ENSEBUG00000006211
anolis_carolinensis ENSACAG00000012560
pogona_vitticeps ENSPVIG00000017323
notechis_scutatus ENSNSUG00000013035
salvator_merianae ENSSMRG00000012219
sphenodon_punctatus ENSSPUG00000015784
apteryx_owenii ENSAOWG00000019410
apteryx_rowi ENSARWG00000009081
apteryx_haastii ENSAHAG00000012872
dromaius_novaehollandiae ENSDNVG00000000924
nothoprocta_perdicaria ENSNPEG00000006227
calidris_pugnax ENSCPUG00000005630
calidris_pygmaea ENSCPGG00000016090
melopsittacus_undulatus ENSMUNG00000010676
lonchura_striata_domestica ENSLSDG00000014558
taeniopygia_guttata ENSTGUG00000012143
junco_hyemalis ENSJHYG00000010074
zonotrichia_albicollis ENSZALG00000001101
serinus_canaria ENSSCAG00000009199
ficedula_albicollis ENSFALG00000003959
parus_major ENSPMJG00000009034
cyanistes_caeruleus ENSCCEG00000019276
lepidothrix_coronata ENSLCOG00000007910
manacus_vitellinus ENSMVIG00005019959
anser_brachyrhynchus ENSABRG00000008517
anas_platyrhynchos_platyrhynchos ENSAPLG00000009751
meleagris_gallopavo ENSMGAG00000013756
gallus_gallus ENSGALG00000014122
coturnix_japonica ENSCJPG00005015559
numida_meleagris ENSNMEG00000015287
crocodylus_porosus ENSCPRG00005003173
chelonoidis_abingdonii ENSCABG00000001016
gopherus_agassizii ENSGAGG00000000889
chrysemys_picta_bellii ENSCPBG00000025168
pelodiscus_sinensis ENSPSIG00000010316
latimeria_chalumnae ENSLACG00000016901
xenopus_tropicalis ENSXETG00000016513
pygocentrus_nattereri ENSPNAG00000008543
astyanax_mexicanus ENSAMXG00000037793
ictalurus_punctatus ENSIPUG00000017567
danio_rerio ENSDARG00000005891
esox_lucius ENSELUG00000001118
scleropages_formosus ENSSFOG00015001511
paramormyrops_kingsleyae ENSPKIG00000024781
lepisosteus_oculatus ENSLOCG00000015246
fundulus_heteroclitus ENSFHEG00000021318
cyprinodon_variegatus ENSCVAG00000016259
poecilia_formosa ENSPFOG00000017742
poecilia_mexicana ENSPMEG00000019523
poecilia_reticulata ENSPREG00000022548
poecilia_latipinna ENSPLAG00000011214
xiphophorus_maculatus ENSXMAG00000017411
xiphophorus_couchianus ENSXCOG00000013790
gambusia_affinis ENSGAFG00000016356
kryptolebias_marmoratus ENSKMAG00000012463
oryzias_latipes_asm223471v1 ENSORLG00020009067
oryzias_latipes_asm223469v1 ENSORLG00015008246
oryzias_latipes_asm223467v1 ENSORLG00000018656
oryzias_melastigma ENSOMEG00000003698
amphiprion_ocellaris ENSAOCG00000023032
amphiprion_percula ENSAPEG00000021367
acanthochromis_polyacanthus ENSAPOG00000006592
stegastes_partitus ENSSPAG00000023109
maylandia_zebra ENSMZEG00005001636
pundamilia_nyererei ENSPNYG00000018648
astatotilapia_calliptera ENSACLG00000017472
haplochromis_burtoni ENSHBUG00000012236
neolamprologus_brichardi ENSNBRG00000010756
oreochromis_niloticus ENSONIG00000000002
amphilophus_citrinellus ENSACIG00000014298
labrus_bergylta ENSLBEG00000021856
monopterus_albus ENSMALG00000011509
mastacembelus_armatus ENSMAMG00000015393
anabas_testudineus ENSATEG00000023152
seriola_lalandi_dorsalis ENSSLDG00000019154
seriola_dumerili ENSSDUG00000018106
gasterosteus_aculeatus ENSGACG00000020019
scophthalmus_maximus ENSSMAG00000004819
tetraodon_nigroviridis ENSTNIG00000012656
takifugu_rubripes ENSTRUG00000020838
mola_mola ENSMMOG00000006920
cynoglossus_semilaevis ENSCSEG00000004558
periophthalmus_magnuspinnatus ENSPMGG00000023395
hippocampus_comes ENSHCOG00000017648
gadus_morhua ENSGMOG00000008577
phascolarctos_cinereus ENSPCIG00000026192
notamacropus_eugenii ENSMEUG00000000664
sarcophilus_harrisii ENSSHAG00000004857
monodelphis_domestica ENSMODG00000019104
erinaceus_europaeus ENSEEUG00000012977
capra_hircus ENSCHIG00000013717
dasypus_novemcinctus ENSDNOG00000012317
ursus_americanus ENSUAMG00000026187
ursus_maritimus ENSUMAG00000020374
ailuropoda_melanoleuca ENSAMEG00000009549
mustela_putorius_furo ENSMPUG00000016303
canis_lupus_familiaris ENSCAFG00000000953
canis_lupus_dingo ENSCAFG00020000181
vulpes_vulpes ENSVVUG00000002208
panthera_tigris_altaica ENSPTIG00000002063
panthera_pardus ENSPPRG00000020213
felis_catus ENSFCAG00000037586
pteropus_vampyrus ENSPVAG00000014126
tursiops_truncatus ENSTTRG00000015143
sus_scrofa ENSSSCG00000000038
bos_mutus ENSBMUG00000015323
bos_taurus ENSBTAG00000016516
bison_bison_bison ENSBBBG00000021158
ovis_aries ENSOARG00000019024
capra_hircus ENSCHIG00000009613
pan_paniscus ENSPPAG00000033956
pan_troglodytes ENSPTRG00000014461
gorilla_gorilla ENSGGOG00000005448
homo_sapiens ENSG00000100243
pongo_abelii ENSPPYG00000011900
nomascus_leucogenys ENSNLEG00000032590
rhinopithecus_roxellana ENSRROG00000034538
rhinopithecus_bieti ENSRBIG00000033327
piliocolobus_tephrosceles ENSPTEG00000021185
colobus_angolensis_palliatus ENSCANG00000036912
macaca_fascicularis ENSMFAG00000031130
macaca_mulatta ENSMMUG00000010198
macaca_nemestrina ENSMNEG00000034801
mandrillus_leucophaeus ENSMLEG00000002532
cercocebus_atys ENSCATG00000004643
papio_anubis ENSPANG00000008688
theropithecus_gelada ENSTGEG00000006299
chlorocebus_sabaeus ENSCSAG00000005649
saimiri_boliviensis_boliviensis ENSSBOG00000004475
callithrix_jacchus ENSCJAG00000009596
aotus_nancymaae ENSANAG00000023595
carlito_syrichta ENSTSYG00000027701
propithecus_coquereli ENSPCOG00000020961
microcebus_murinus ENSMICG00000006571
prolemur_simus ENSPSMG00000009343
otolemur_garnettii ENSOGAG00000002062
mus_caroli_strain_caroli_eij MGP_CAROLIEiJ_G0020094
mus_musculus_strain_reference_cl57bl6 ENSMUSG00000018042
rattus_norvegicus ENSRNOG00000009592
meriones_unguiculatus ENSMUGG00000007499
cricetulus_griseus_crigri_1.0 ENSCGRG00000012871
cricetulus_griseus_chok1gs_hdv1 ENSCGRG00001002853
cricetulus_griseus_crigri-picr ENSCGRG00015020765
microtus_ochrogaster ENSMOCG00000007336
peromyscus_maniculatus_bairdii ENSPEMG00000020740
nannospalax_galili ENSNGAG00000010471
jaculus_jaculus ENSJJAG00000022835
castor_canadensis ENSCCNG00000010131
ictidomys_tridecemlineatus ENSSTOG00000025231
urocitellus_parryii ENSUPAG00010002538
cavia_aperea ENSCAPG00000014294
cavia_porcellus ENSCPOG00000020349
chinchilla_lanigera ENSCLAG00000015151
octodon_degus ENSODEG00000014899
heterocephalus_glaber_hetgla_1.0 ENSHGLG00100009512
heterocephalus_glaber_hetgla_female_1.0 ENSHGLG00000016147
fukomys_damarensis ENSFDAG00000010979
oryctolagus_cuniculus ENSOCUG00000014248
ochotona_princeps ENSOPRG00000015545
mus_spretus_strain_spret/eij MGP_SPRETEiJ_G0020992
mus_spicilegus ENSMSIG00000017092
mus_pahari_strain_pahari_eij MGP_PahariEiJ_G0020101
mesocricetus_auratus ENSMAUG00000018937
dipodomys_ordii ENSDORG00000026424
marmota_marmota_marmota ENSMMMG00000002994
spermophilus_dauricus ENSSDAG00000017746
cebus_capucinus_imitator ENSCCAG00000021949
saimiri_boliviensis_boliviensis ENSSBOG00000020809
loxodonta_africana ENSLAFG00000014856
echinops_telfairi ENSETEG00000012801
equus_caballus ENSECAG00000008452
equus_asinus_asinus ENSEASG00005000784
vicugna_pacos ENSVPAG00000009363
neovison_vison ENSNVIG00000022070
procavia_capensis ENSPCAG00000005665
dasypus_novemcinctus ENSDNOG00000048144
ornithorhynchus_anatinus ENSOANG00000020894
astyanax_mexicanus ENSAMXG00000032554
pygocentrus_nattereri ENSPNAG00000015257
danio_rerio ENSDARG00000018966
lepisosteus_oculatus ENSLOCG00000010168
latimeria_chalumnae ENSLACG00000011674
petromyzon_marinus ENSPMAG00000005675
eptatretus_burgeri ENSEBUG00000003603
ciona_intestinalis ENSCING00000016482
caenorhabditis_elegans_strain_n2 WBGene00020268
caenorhabditis_elegans_strain_n2 WBGene00020267
drosophila_melanogaster FBgn0036211
