astatotilapia_calliptera ENSACLG00000009413
pundamilia_nyererei ENSPNYG00000008079
maylandia_zebra ENSMZEG00005004898
haplochromis_burtoni ENSHBUG00000019492
neolamprologus_brichardi ENSNBRG00000011535
oreochromis_niloticus ENSONIG00000008636
amphilophus_citrinellus ENSACIG00000000472
hippocampus_comes ENSHCOG00000010102
periophthalmus_magnuspinnatus ENSPMGG00000000538
anabas_testudineus ENSATEG00000015509
cynoglossus_semilaevis ENSCSEG00000005556
oryzias_latipes_asm223469v1 ENSORLG00015015104
oryzias_latipes_asm223471v1 ENSORLG00020021047
oryzias_latipes_asm223467v1 ENSORLG00000017512
oryzias_melastigma ENSOMEG00000004572
mastacembelus_armatus ENSMAMG00000006042
tetraodon_nigroviridis ENSTNIG00000016952
takifugu_rubripes ENSTRUG00000017568
labrus_bergylta ENSLBEG00000016355
seriola_lalandi_dorsalis ENSSLDG00000018697
seriola_dumerili ENSSDUG00000021553
scophthalmus_maximus ENSSMAG00000014996
amphiprion_ocellaris ENSAOCG00000000151
amphiprion_ocellaris ENSAOCG00000012478
amphiprion_percula ENSAPEG00000022209
acanthochromis_polyacanthus ENSAPOG00000015749
stegastes_partitus ENSSPAG00000000316
monopterus_albus ENSMALG00000009356
gasterosteus_aculeatus ENSGACG00000004638
mola_mola ENSMMOG00000000990
gadus_morhua ENSGMOG00000004453
esox_lucius ENSELUG00000022630
pygocentrus_nattereri ENSPNAG00000020926
astyanax_mexicanus ENSAMXG00000015151
ictalurus_punctatus ENSIPUG00000020045
pygocentrus_nattereri ENSPNAG00000002374
astyanax_mexicanus ENSAMXG00000042936
ictalurus_punctatus ENSIPUG00000019058
danio_rerio ENSDARG00000009021
scleropages_formosus ENSSFOG00015018385
paramormyrops_kingsleyae ENSPKIG00000004406
poecilia_formosa ENSPFOG00000013052
poecilia_mexicana ENSPMEG00000007704
poecilia_latipinna ENSPLAG00000012281
poecilia_reticulata ENSPREG00000003974
gambusia_affinis ENSGAFG00000011627
xiphophorus_maculatus ENSXMAG00000001627
xiphophorus_couchianus ENSXCOG00000014094
fundulus_heteroclitus ENSFHEG00000019999
kryptolebias_marmoratus ENSKMAG00000018050
oryzias_latipes_asm223471v1 ENSORLG00020002977
oryzias_latipes_asm223467v1 ENSORLG00000001379
oryzias_latipes_asm223469v1 ENSORLG00015009675
oryzias_melastigma ENSOMEG00000001489
monopterus_albus ENSMALG00000021879
seriola_dumerili ENSSDUG00000020948
seriola_lalandi_dorsalis ENSSLDG00000018091
amphiprion_percula ENSAPEG00000015224
amphiprion_ocellaris ENSAOCG00000010965
stegastes_partitus ENSSPAG00000011422
takifugu_rubripes ENSTRUG00000008738
tetraodon_nigroviridis ENSTNIG00000009848
anabas_testudineus ENSATEG00000016503
acanthochromis_polyacanthus ENSAPOG00000008096
cyprinodon_variegatus ENSCVAG00000001993
mola_mola ENSMMOG00000006841
mastacembelus_armatus ENSMAMG00000022383
astatotilapia_calliptera ENSACLG00000026947
maylandia_zebra ENSMZEG00005027312
haplochromis_burtoni ENSHBUG00000017612
pundamilia_nyererei ENSPNYG00000006909
neolamprologus_brichardi ENSNBRG00000009347
oreochromis_niloticus ENSONIG00000001353
amphilophus_citrinellus ENSACIG00000013945
hippocampus_comes ENSHCOG00000002989
labrus_bergylta ENSLBEG00000002321
gasterosteus_aculeatus ENSGACG00000011894
scophthalmus_maximus ENSSMAG00000002162
cynoglossus_semilaevis ENSCSEG00000017495
gadus_morhua ENSGMOG00000016272
esox_lucius ENSELUG00000002464
scleropages_formosus ENSSFOG00015001557
lepisosteus_oculatus ENSLOCG00000007282
apteryx_owenii ENSAOWG00000018771
apteryx_haastii ENSAHAG00000007737
apteryx_rowi ENSARWG00000004878
dromaius_novaehollandiae ENSDNVG00000017518
nothoprocta_perdicaria ENSNPEG00000015073
lepidothrix_coronata ENSLCOG00000016329
manacus_vitellinus ENSMVIG00005001744
taeniopygia_guttata ENSTGUG00000008827
lonchura_striata_domestica ENSLSDG00000010952
serinus_canaria ENSSCAG00000016051
zonotrichia_albicollis ENSZALG00000017687
junco_hyemalis ENSJHYG00000012734
parus_major ENSPMJG00000018564
cyanistes_caeruleus ENSCCEG00000023553
ficedula_albicollis ENSFALG00000003034
melopsittacus_undulatus ENSMUNG00000007952
calidris_pygmaea ENSCPGG00000017261
calidris_pugnax ENSCPUG00000004968
anas_platyrhynchos_platyrhynchos ENSAPLG00000007803
anser_brachyrhynchus ENSABRG00000002084
coturnix_japonica ENSCJPG00005017746
gallus_gallus ENSGALG00000009301
meleagris_gallopavo ENSMGAG00000009752
numida_meleagris ENSNMEG00000022243
crocodylus_porosus ENSCPRG00005013873
chelonoidis_abingdonii ENSCABG00000005846
gopherus_agassizii ENSGAGG00000020368
chrysemys_picta_bellii ENSCPBG00000003798
pelodiscus_sinensis ENSPSIG00000003348
sphenodon_punctatus ENSSPUG00000002611
anolis_carolinensis ENSACAG00000005293
pogona_vitticeps ENSPVIG00000012024
notechis_scutatus ENSNSUG00000011450
salvator_merianae ENSSMRG00000018200
phascolarctos_cinereus ENSPCIG00000026290
notamacropus_eugenii ENSMEUG00000003627
monodelphis_domestica ENSMODG00000009414
sarcophilus_harrisii ENSSHAG00000007749
ursus_maritimus ENSUMAG00000015480
ursus_americanus ENSUAMG00000006186
ailuropoda_melanoleuca ENSAMEG00000012277
neovison_vison ENSNVIG00000008699
mustela_putorius_furo ENSMPUG00000013974
canis_lupus_dingo ENSCAFG00020006081
canis_lupus_familiaris ENSCAFG00000013283
vulpes_vulpes ENSVVUG00000012830
panthera_pardus ENSPPRG00000002357
panthera_tigris_altaica ENSPTIG00000012090
felis_catus ENSFCAG00000014103
equus_asinus_asinus ENSEASG00005022581
equus_caballus ENSECAG00000019649
pteropus_vampyrus ENSPVAG00000004164
myotis_lucifugus ENSMLUG00000015698
bos_mutus ENSBMUG00000024869
bos_taurus ENSBTAG00000018253
bison_bison_bison ENSBBBG00000017301
capra_hircus ENSCHIG00000018272
ovis_aries ENSOARG00000000253
vicugna_pacos ENSVPAG00000002672
tursiops_truncatus ENSTTRG00000000405
sus_scrofa ENSSSCG00000015969
castor_canadensis ENSCCNG00000030793
dipodomys_ordii ENSDORG00000001136
spermophilus_dauricus ENSSDAG00000012139
ictidomys_tridecemlineatus ENSSTOG00000004281
marmota_marmota_marmota ENSMMMG00000023717
urocitellus_parryii ENSUPAG00010020641
mus_spicilegus ENSMSIG00000006852
mus_spretus_strain_spret/eij MGP_SPRETEiJ_G0024584
mus_musculus_strain_reference_cl57bl6 ENSMUSG00000027107
mus_caroli_strain_caroli_eij MGP_CAROLIEiJ_G0023661
mus_pahari_strain_pahari_eij MGP_PahariEiJ_G0025113
rattus_norvegicus ENSRNOG00000018286
meriones_unguiculatus ENSMUGG00000023020
meriones_unguiculatus ENSMUGG00000023158
cricetulus_griseus_chok1gs_hdv1 ENSCGRG00001020291
cricetulus_griseus_crigri_1.0 ENSCGRG00000002036
cricetulus_griseus_crigri-picr ENSCGRG00015000785
mesocricetus_auratus ENSMAUG00000017924
microtus_ochrogaster ENSMOCG00000020367
peromyscus_maniculatus_bairdii ENSPEMG00000012571
nannospalax_galili ENSNGAG00000023534
jaculus_jaculus ENSJJAG00000018710
heterocephalus_glaber_hetgla_1.0 ENSHGLG00100006051
heterocephalus_glaber_hetgla_female_1.0 ENSHGLG00000015432
fukomys_damarensis ENSFDAG00000005988
chinchilla_lanigera ENSCLAG00000003608
octodon_degus ENSODEG00000010458
cavia_porcellus ENSCPOG00000000036
cavia_aperea ENSCAPG00000012154
ochotona_princeps ENSOPRG00000003857
oryctolagus_cuniculus ENSOCUG00000024814
tupaia_belangeri ENSTBEG00000012554
gorilla_gorilla ENSGGOG00000008036
homo_sapiens ENSG00000138435
pan_troglodytes ENSPTRG00000012658
pan_paniscus ENSPPAG00000024985
pongo_abelii ENSPPYG00000012949
nomascus_leucogenys ENSNLEG00000005914
macaca_fascicularis ENSMFAG00000042992
macaca_mulatta ENSMMUG00000021796
macaca_nemestrina ENSMNEG00000043912
papio_anubis ENSPANG00000007790
cercocebus_atys ENSCATG00000030584
theropithecus_gelada ENSTGEG00000020565
mandrillus_leucophaeus ENSMLEG00000043089
chlorocebus_sabaeus ENSCSAG00000014545
rhinopithecus_roxellana ENSRROG00000045787
rhinopithecus_bieti ENSRBIG00000024590
piliocolobus_tephrosceles ENSPTEG00000038972
colobus_angolensis_palliatus ENSCANG00000017072
callithrix_jacchus ENSCJAG00000008007
cebus_capucinus_imitator ENSCCAG00000032209
saimiri_boliviensis_boliviensis ENSSBOG00000035763
aotus_nancymaae ENSANAG00000022062
carlito_syrichta ENSTSYG00000005526
propithecus_coquereli ENSPCOG00000020642
prolemur_simus ENSPSMG00000024264
microcebus_murinus ENSMICG00000014284
otolemur_garnettii ENSOGAG00000000890
choloepus_hoffmanni ENSCHOG00000005669
dasypus_novemcinctus ENSDNOG00000016153
procavia_capensis ENSPCAG00000002316
echinops_telfairi ENSETEG00000014042
loxodonta_africana ENSLAFG00000011067
erinaceus_europaeus ENSEEUG00000006969
ornithorhynchus_anatinus ENSOANG00000008607
xenopus_tropicalis ENSXETG00000025418
xenopus_tropicalis ENSXETG00000025420
latimeria_chalumnae ENSLACG00000000109
eptatretus_burgeri ENSEBUG00000004044
eptatretus_burgeri ENSEBUG00000013820
petromyzon_marinus ENSPMAG00000002217
