astyanax_mexicanus ENSAMXG00000013402
pygocentrus_nattereri ENSPNAG00000014563
ictalurus_punctatus ENSIPUG00000019083
cyprinodon_variegatus ENSCVAG00000011559
fundulus_heteroclitus ENSFHEG00000011586
poecilia_latipinna ENSPLAG00000017631
poecilia_mexicana ENSPMEG00000023146
poecilia_formosa ENSPFOG00000002069
poecilia_reticulata ENSPREG00000005751
xiphophorus_maculatus ENSXMAG00000004664
gambusia_affinis ENSGAFG00000015751
oryzias_latipes_asm223469v1 ENSORLG00015015430
oryzias_latipes_asm223469v1 ENSORLG00015015440
oryzias_latipes_asm223471v1 ENSORLG00020021049
oryzias_latipes_asm223467v1 ENSORLG00000026330
oryzias_melastigma ENSOMEG00000012605
oryzias_latipes_asm223469v1 ENSORLG00015015457
oryzias_latipes_asm223471v1 ENSORLG00020021069
oryzias_latipes_asm223467v1 ENSORLG00000025262
oryzias_melastigma ENSOMEG00000011611
oreochromis_niloticus ENSONIG00000006508
oreochromis_niloticus ENSONIG00000017911
gasterosteus_aculeatus ENSGACG00000013110
amphiprion_percula ENSAPEG00000017751
amphiprion_ocellaris ENSAOCG00000018797
acanthochromis_polyacanthus ENSAPOG00000017949
stegastes_partitus ENSSPAG00000000313
scophthalmus_maximus ENSSMAG00000001564
cynoglossus_semilaevis ENSCSEG00000003120
seriola_lalandi_dorsalis ENSSLDG00000001502
mastacembelus_armatus ENSMAMG00000015756
labrus_bergylta ENSLBEG00000011522
periophthalmus_magnuspinnatus ENSPMGG00000013889
lepisosteus_oculatus ENSLOCG00000015557
seriola_lalandi_dorsalis ENSSLDG00000010887
seriola_dumerili ENSSDUG00000001021
mastacembelus_armatus ENSMAMG00000024093
poecilia_reticulata ENSPREG00000009661
poecilia_mexicana ENSPMEG00000013494
gambusia_affinis ENSGAFG00000015894
kryptolebias_marmoratus ENSKMAG00000014665
esox_lucius ENSELUG00000000766
scleropages_formosus ENSSFOG00015006329
astyanax_mexicanus ENSAMXG00000003632
pygocentrus_nattereri ENSPNAG00000008018
paramormyrops_kingsleyae ENSPKIG00000004569
paramormyrops_kingsleyae ENSPKIG00000004529
panthera_tigris_altaica ENSPTIG00000014474
pygocentrus_nattereri ENSPNAG00000011267
astyanax_mexicanus ENSAMXG00000016374
ictalurus_punctatus ENSIPUG00000023244
danio_rerio ENSDARG00000079824
esox_lucius ENSELUG00000010860
scleropages_formosus ENSSFOG00015023607
paramormyrops_kingsleyae ENSPKIG00000000198
lepisosteus_oculatus ENSLOCG00000016940
poecilia_mexicana ENSPMEG00000001325
oryzias_melastigma ENSOMEG00000009679
maylandia_zebra ENSMZEG00005008070
neolamprologus_brichardi ENSNBRG00000003854
monopterus_albus ENSMALG00000015116
poecilia_reticulata ENSPREG00000004509
xiphophorus_maculatus ENSXMAG00000026883
kryptolebias_marmoratus ENSKMAG00000014563
oryzias_latipes_asm223467v1 ENSORLG00000025837
oryzias_latipes_asm223471v1 ENSORLG00020017401
oryzias_latipes_asm223469v1 ENSORLG00015015983
haplochromis_burtoni ENSHBUG00000005762
mastacembelus_armatus ENSMAMG00000010252
scophthalmus_maximus ENSSMAG00000000430
labrus_bergylta ENSLBEG00000015412
stegastes_partitus ENSSPAG00000003619
anabas_testudineus ENSATEG00000014614
cynoglossus_semilaevis ENSCSEG00000008782
acanthochromis_polyacanthus ENSAPOG00000011902
amphiprion_percula ENSAPEG00000003900
pundamilia_nyererei ENSPNYG00000010137
astatotilapia_calliptera ENSACLG00000026431
oreochromis_niloticus ENSONIG00000011717
amphilophus_citrinellus ENSACIG00000018308
xiphophorus_couchianus ENSXCOG00000013436
gambusia_affinis ENSGAFG00000016374
poecilia_latipinna ENSPLAG00000005564
fundulus_heteroclitus ENSFHEG00000019463
seriola_dumerili ENSSDUG00000005408
takifugu_rubripes ENSTRUG00000016518
tetraodon_nigroviridis ENSTNIG00000007574
mola_mola ENSMMOG00000002255
hippocampus_comes ENSHCOG00000014755
periophthalmus_magnuspinnatus ENSPMGG00000008475
gasterosteus_aculeatus ENSGACG00000019673
tetraodon_nigroviridis ENSTNIG00000007572
seriola_lalandi_dorsalis ENSSLDG00000009255
poecilia_formosa ENSPFOG00000007361
cyprinodon_variegatus ENSCVAG00000014676
amphiprion_ocellaris ENSAOCG00000016263
gadus_morhua ENSGMOG00000008682
choloepus_hoffmanni ENSCHOG00000010195
dasypus_novemcinctus ENSDNOG00000010101
mus_spicilegus ENSMSIG00000031856
mus_spretus_strain_spret/eij MGP_SPRETEiJ_G0029830
mus_musculus_strain_reference_cl57bl6 ENSMUSG00000041377
mus_pahari_strain_pahari_eij MGP_PahariEiJ_G0022553
rattus_norvegicus ENSRNOG00000010282
meriones_unguiculatus ENSMUGG00000018849
cricetulus_griseus_crigri_1.0 ENSCGRG00000005835
cricetulus_griseus_chok1gs_hdv1 ENSCGRG00001005097
cricetulus_griseus_crigri-picr ENSCGRG00015011625
mesocricetus_auratus ENSMAUG00000014145
microtus_ochrogaster ENSMOCG00000011265
peromyscus_maniculatus_bairdii ENSPEMG00000019734
nannospalax_galili ENSNGAG00000019308
castor_canadensis ENSCCNG00000017065
urocitellus_parryii ENSUPAG00010005406
ictidomys_tridecemlineatus ENSSTOG00000026656
marmota_marmota_marmota ENSMMMG00000023925
spermophilus_dauricus ENSSDAG00000006207
bos_mutus ENSBMUG00000008034
bos_taurus ENSBTAG00000008554
bison_bison_bison ENSBBBG00000024679
capra_hircus ENSCHIG00000012649
ovis_aries ENSOARG00000012234
tursiops_truncatus ENSTTRG00000008886
ursus_americanus ENSUAMG00000018848
ursus_maritimus ENSUMAG00000014135
ailuropoda_melanoleuca ENSAMEG00000004404
neovison_vison ENSNVIG00000005469
mustela_putorius_furo ENSMPUG00000018033
canis_lupus_dingo ENSCAFG00020014312
canis_lupus_familiaris ENSCAFG00000015790
vulpes_vulpes ENSVVUG00000020296
panthera_tigris_altaica ENSPTIG00000000720
panthera_pardus ENSPPRG00000008563
felis_catus ENSFCAG00000008939
equus_caballus ENSECAG00000035647
equus_asinus_asinus ENSEASG00005018495
myotis_lucifugus ENSMLUG00000009080
procavia_capensis ENSPCAG00000006160
loxodonta_africana ENSLAFG00000030469
heterocephalus_glaber_hetgla_female_1.0 ENSHGLG00000005806
heterocephalus_glaber_hetgla_1.0 ENSHGLG00100006427
fukomys_damarensis ENSFDAG00000016232
chinchilla_lanigera ENSCLAG00000013545
cavia_aperea ENSCAPG00000007510
cavia_porcellus ENSCPOG00000019745
octodon_degus ENSODEG00000004549
dipodomys_ordii ENSDORG00000011360
oryctolagus_cuniculus ENSOCUG00000023808
pan_paniscus ENSPPAG00000034517
pan_troglodytes ENSPTRG00000004511
gorilla_gorilla ENSGGOG00000002723
homo_sapiens ENSG00000171840
pongo_abelii ENSPPYG00000004135
nomascus_leucogenys ENSNLEG00000002223
rhinopithecus_roxellana ENSRROG00000045517
rhinopithecus_bieti ENSRBIG00000034233
piliocolobus_tephrosceles ENSPTEG00000033415
colobus_angolensis_palliatus ENSCANG00000023177
macaca_mulatta ENSMMUG00000013897
macaca_mulatta ENSMMUG00000049234
macaca_nemestrina ENSMNEG00000030518
macaca_fascicularis ENSMFAG00000007179
cercocebus_atys ENSCATG00000040036
mandrillus_leucophaeus ENSMLEG00000003005
theropithecus_gelada ENSTGEG00000020869
papio_anubis ENSPANG00000025413
chlorocebus_sabaeus ENSCSAG00000012009
callithrix_jacchus ENSCJAG00000000568
cebus_capucinus_imitator ENSCCAG00000037635
saimiri_boliviensis_boliviensis ENSSBOG00000032345
aotus_nancymaae ENSANAG00000021541
carlito_syrichta ENSTSYG00000036246
propithecus_coquereli ENSPCOG00000025363
prolemur_simus ENSPSMG00000024266
microcebus_murinus ENSMICG00000032781
otolemur_garnettii ENSOGAG00000001337
tupaia_belangeri ENSTBEG00000016645
phascolarctos_cinereus ENSPCIG00000027815
notamacropus_eugenii ENSMEUG00000010769
sarcophilus_harrisii ENSSHAG00000016565
monodelphis_domestica ENSMODG00000018399
ornithorhynchus_anatinus ENSOANG00000010933
pogona_vitticeps ENSPVIG00000012040
anolis_carolinensis ENSACAG00000000031
notechis_scutatus ENSNSUG00000015324
salvator_merianae ENSSMRG00000001648
sphenodon_punctatus ENSSPUG00000009905
apteryx_rowi ENSARWG00000012328
apteryx_owenii ENSAOWG00000015203
apteryx_haastii ENSAHAG00000009034
dromaius_novaehollandiae ENSDNVG00000004453
nothoprocta_perdicaria ENSNPEG00000015683
meleagris_gallopavo ENSMGAG00000013408
coturnix_japonica ENSCJPG00005019900
gallus_gallus ENSGALG00000012989
numida_meleagris ENSNMEG00000005325
anser_brachyrhynchus ENSABRG00000016933
anas_platyrhynchos_platyrhynchos ENSAPLG00000003060
calidris_pygmaea ENSCPGG00000007431
calidris_pugnax ENSCPUG00000019569
lepidothrix_coronata ENSLCOG00000010848
manacus_vitellinus ENSMVIG00005016154
taeniopygia_guttata ENSTGUG00000012626
lonchura_striata_domestica ENSLSDG00000017681
serinus_canaria ENSSCAG00000004406
ficedula_albicollis ENSFALG00000003923
parus_major ENSPMJG00000019374
cyanistes_caeruleus ENSCCEG00000001791
junco_hyemalis ENSJHYG00000009455
zonotrichia_albicollis ENSZALG00000014740
melopsittacus_undulatus ENSMUNG00000005955
crocodylus_porosus ENSCPRG00005017340
gopherus_agassizii ENSGAGG00000003798
chelonoidis_abingdonii ENSCABG00000001350
chrysemys_picta_bellii ENSCPBG00000027346
pelodiscus_sinensis ENSPSIG00000007494
eptatretus_burgeri ENSEBUG00000010264
latimeria_chalumnae ENSLACG00000022471
ciona_intestinalis ENSCING00000004697
ciona_savignyi ENSCSAVG00000010461
drosophila_melanogaster FBgn0038079
