sarcophilus_harrisii ENSSHAG00000006983
monodelphis_domestica ENSMODG00000005032
phascolarctos_cinereus ENSPCIG00000018311
notamacropus_eugenii ENSMEUG00000016672
mus_spretus_strain_spret/eij MGP_SPRETEiJ_G0024503
mus_musculus_strain_reference_cl57bl6 ENSMUSG00000026977
mus_spicilegus ENSMSIG00000004194
mus_caroli_strain_caroli_eij MGP_CAROLIEiJ_G0023581
mus_pahari_strain_pahari_eij MGP_PahariEiJ_G0025032
rattus_norvegicus ENSRNOG00000006241
meriones_unguiculatus ENSMUGG00000008071
cricetulus_griseus_chok1gs_hdv1 ENSCGRG00001024547
cricetulus_griseus_crigri_1.0 ENSCGRG00000005283
cricetulus_griseus_crigri-picr ENSCGRG00015008968
mesocricetus_auratus ENSMAUG00000014480
microtus_ochrogaster ENSMOCG00000005095
peromyscus_maniculatus_bairdii ENSPEMG00000006700
nannospalax_galili ENSNGAG00000011401
jaculus_jaculus ENSJJAG00000019998
chinchilla_lanigera ENSCLAG00000009318
octodon_degus ENSODEG00000013942
cavia_porcellus ENSCPOG00000003969
cavia_aperea ENSCAPG00000017556
heterocephalus_glaber_hetgla_female_1.0 ENSHGLG00000008628
heterocephalus_glaber_hetgla_1.0 ENSHGLG00100002549
heterocephalus_glaber_hetgla_1.0 ENSHGLG00100017169
heterocephalus_glaber_hetgla_female_1.0 ENSHGLG00000005710
fukomys_damarensis ENSFDAG00000014528
urocitellus_parryii ENSUPAG00010010195
ictidomys_tridecemlineatus ENSSTOG00000024765
spermophilus_dauricus ENSSDAG00000010241
marmota_marmota_marmota ENSMMMG00000022639
dipodomys_ordii ENSDORG00000006639
oryctolagus_cuniculus ENSOCUG00000001217
ochotona_princeps ENSOPRG00000012307
pan_paniscus ENSPPAG00000027546
pan_troglodytes ENSPTRG00000012564
homo_sapiens ENSG00000136536
gorilla_gorilla ENSGGOG00000012881
pongo_abelii ENSPPYG00000012873
nomascus_leucogenys ENSNLEG00000001143
papio_anubis ENSPANG00000014213
theropithecus_gelada ENSTGEG00000010459
mandrillus_leucophaeus ENSMLEG00000030752
cercocebus_atys ENSCATG00000045249
macaca_mulatta ENSMMUG00000020719
macaca_fascicularis ENSMFAG00000032793
macaca_nemestrina ENSMNEG00000039706
chlorocebus_sabaeus ENSCSAG00000015835
rhinopithecus_bieti ENSRBIG00000034800
rhinopithecus_roxellana ENSRROG00000022769
piliocolobus_tephrosceles ENSPTEG00000030824
colobus_angolensis_palliatus ENSCANG00000028596
cebus_capucinus_imitator ENSCCAG00000032294
saimiri_boliviensis_boliviensis ENSSBOG00000027159
callithrix_jacchus ENSCJAG00000015023
aotus_nancymaae ENSANAG00000012056
carlito_syrichta ENSTSYG00000002516
microcebus_murinus ENSMICG00000027936
microcebus_murinus ENSMICG00000012681
propithecus_coquereli ENSPCOG00000025046
prolemur_simus ENSPSMG00000012820
otolemur_garnettii ENSOGAG00000008675
tupaia_belangeri ENSTBEG00000016240
pteropus_vampyrus ENSPVAG00000010421
myotis_lucifugus ENSMLUG00000023670
vicugna_pacos ENSVPAG00000002709
tursiops_truncatus ENSTTRG00000000020
capra_hircus ENSCHIG00000018734
ovis_aries ENSOARG00000007220
bos_mutus ENSBMUG00000016739
bos_taurus ENSBTAG00000008755
bison_bison_bison ENSBBBG00000014186
sus_scrofa ENSSSCG00000015883
ursus_maritimus ENSUMAG00000007276
ursus_americanus ENSUAMG00000022444
mustela_putorius_furo ENSMPUG00000000501
neovison_vison ENSNVIG00000007615
canis_lupus_familiaris ENSCAFG00000009464
canis_lupus_dingo ENSCAFG00020006254
vulpes_vulpes ENSVVUG00000019334
panthera_pardus ENSPPRG00000012377
panthera_tigris_altaica ENSPTIG00000007144
felis_catus ENSFCAG00000025572
equus_asinus_asinus ENSEASG00005023165
equus_caballus ENSECAG00000015805
sorex_araneus ENSSARG00000010859
sorex_araneus ENSSARG00000010891
erinaceus_europaeus ENSEEUG00000002593
loxodonta_africana ENSLAFG00000010143
procavia_capensis ENSPCAG00000001325
echinops_telfairi ENSETEG00000001018
dasypus_novemcinctus ENSDNOG00000037165
dasypus_novemcinctus ENSDNOG00000048436
choloepus_hoffmanni ENSCHOG00000007939
ornithorhynchus_anatinus ENSOANG00000006153
lonchura_striata_domestica ENSLSDG00000018170
taeniopygia_guttata ENSTGUG00000012253
parus_major ENSPMJG00000009895
cyanistes_caeruleus ENSCCEG00000020407
serinus_canaria ENSSCAG00000004550
junco_hyemalis ENSJHYG00000011187
zonotrichia_albicollis ENSZALG00000007632
ficedula_albicollis ENSFALG00000003263
lepidothrix_coronata ENSLCOG00000012285
manacus_vitellinus ENSMVIG00005002329
melopsittacus_undulatus ENSMUNG00000011831
calidris_pygmaea ENSCPGG00000013053
calidris_pugnax ENSCPUG00000018355
anas_platyrhynchos_platyrhynchos ENSAPLG00000015604
anser_brachyrhynchus ENSABRG00000003846
gallus_gallus ENSGALG00000012584
meleagris_gallopavo ENSMGAG00000008673
coturnix_japonica ENSCJPG00005007637
numida_meleagris ENSNMEG00000004005
apteryx_owenii ENSAOWG00000011927
apteryx_haastii ENSAHAG00000019681
apteryx_rowi ENSARWG00000018269
dromaius_novaehollandiae ENSDNVG00000002811
nothoprocta_perdicaria ENSNPEG00000008058
crocodylus_porosus ENSCPRG00005009891
gopherus_agassizii ENSGAGG00000009011
chelonoidis_abingdonii ENSCABG00000021357
chrysemys_picta_bellii ENSCPBG00000026479
pelodiscus_sinensis ENSPSIG00000012317
pogona_vitticeps ENSPVIG00000021735
anolis_carolinensis ENSACAG00000012797
notechis_scutatus ENSNSUG00000020573
notechis_scutatus ENSNSUG00000020521
salvator_merianae ENSSMRG00000023281
sphenodon_punctatus ENSSPUG00000017057
xenopus_tropicalis ENSXETG00000007583
latimeria_chalumnae ENSLACG00000007104
paramormyrops_kingsleyae ENSPKIG00000002360
scleropages_formosus ENSSFOG00015023077
paramormyrops_kingsleyae ENSPKIG00000012680
scleropages_formosus ENSSFOG00015015499
labrus_bergylta ENSLBEG00000026192
gasterosteus_aculeatus ENSGACG00000015187
xiphophorus_maculatus ENSXMAG00000001736
xiphophorus_couchianus ENSXCOG00000001738
gambusia_affinis ENSGAFG00000011765
poecilia_formosa ENSPFOG00000015988
poecilia_latipinna ENSPLAG00000013954
poecilia_mexicana ENSPMEG00000016527
poecilia_reticulata ENSPREG00000020663
fundulus_heteroclitus ENSFHEG00000005344
cyprinodon_variegatus ENSCVAG00000014782
kryptolebias_marmoratus ENSKMAG00000008122
oryzias_latipes_asm223467v1 ENSORLG00000004205
oryzias_latipes_asm223471v1 ENSORLG00020018407
oryzias_latipes_asm223469v1 ENSORLG00015015951
oryzias_melastigma ENSOMEG00000014980
astatotilapia_calliptera ENSACLG00000022077
pundamilia_nyererei ENSPNYG00000000916
haplochromis_burtoni ENSHBUG00000004575
maylandia_zebra ENSMZEG00005005449
neolamprologus_brichardi ENSNBRG00000019365
oreochromis_niloticus ENSONIG00000003281
amphilophus_citrinellus ENSACIG00000000118
amphiprion_percula ENSAPEG00000023404
amphiprion_ocellaris ENSAOCG00000009781
acanthochromis_polyacanthus ENSAPOG00000014053
stegastes_partitus ENSSPAG00000005065
seriola_dumerili ENSSDUG00000020902
scophthalmus_maximus ENSSMAG00000012263
mastacembelus_armatus ENSMAMG00000004767
monopterus_albus ENSMALG00000014584
anabas_testudineus ENSATEG00000015247
cynoglossus_semilaevis ENSCSEG00000000818
takifugu_rubripes ENSTRUG00000017173
tetraodon_nigroviridis ENSTNIG00000009473
mola_mola ENSMMOG00000018216
hippocampus_comes ENSHCOG00000019699
periophthalmus_magnuspinnatus ENSPMGG00000006874
gadus_morhua ENSGMOG00000000642
esox_lucius ENSELUG00000019222
astyanax_mexicanus ENSAMXG00000004681
ictalurus_punctatus ENSIPUG00000018025
danio_rerio ENSDARG00000057772
danio_rerio ENSDARG00000096375
lepisosteus_oculatus ENSLOCG00000006058
pygocentrus_nattereri ENSPNAG00000007079
haplochromis_burtoni ENSHBUG00000007054
xenopus_tropicalis ENSXETG00000032004
ornithorhynchus_anatinus ENSOANG00000029920
ornithorhynchus_anatinus ENSOANG00000009420
notamacropus_eugenii ENSMEUG00000001860
phascolarctos_cinereus ENSPCIG00000012822
sarcophilus_harrisii ENSSHAG00000006722
monodelphis_domestica ENSMODG00000010115
prolemur_simus ENSPSMG00000009790
microcebus_murinus ENSMICG00000013753
propithecus_coquereli ENSPCOG00000017830
otolemur_garnettii ENSOGAG00000000320
pan_paniscus ENSPPAG00000039294
pan_troglodytes ENSPTRG00000009509
homo_sapiens ENSG00000173838
gorilla_gorilla ENSGGOG00000003138
pongo_abelii ENSPPYG00000008521
nomascus_leucogenys ENSNLEG00000004603
macaca_fascicularis ENSMFAG00000037996
macaca_mulatta ENSMMUG00000002168
macaca_nemestrina ENSMNEG00000043862
mandrillus_leucophaeus ENSMLEG00000013647
cercocebus_atys ENSCATG00000010769
papio_anubis ENSPANG00000021060
theropithecus_gelada ENSTGEG00000021202
chlorocebus_sabaeus ENSCSAG00000003851
colobus_angolensis_palliatus ENSCANG00000031741
piliocolobus_tephrosceles ENSPTEG00000026203
rhinopithecus_roxellana ENSRROG00000040318
rhinopithecus_bieti ENSRBIG00000033353
cebus_capucinus_imitator ENSCCAG00000035132
saimiri_boliviensis_boliviensis ENSSBOG00000016972
callithrix_jacchus ENSCJAG00000019792
aotus_nancymaae ENSANAG00000024259
tupaia_belangeri ENSTBEG00000014609
castor_canadensis ENSCCNG00000010369
dipodomys_ordii ENSDORG00000010662
mus_spretus_strain_spret/eij MGP_SPRETEiJ_G0018145
mus_spicilegus ENSMSIG00000025689
mus_musculus_strain_reference_cl57bl6 ENSMUSG00000078627
mus_caroli_strain_caroli_eij MGP_CAROLIEiJ_G0017302
mus_pahari_strain_pahari_eij MGP_PahariEiJ_G0018431
rattus_norvegicus ENSRNOG00000007084
meriones_unguiculatus ENSMUGG00000018738
cricetulus_griseus_chok1gs_hdv1 ENSCGRG00001017956
cricetulus_griseus_crigri_1.0 ENSCGRG00000006357
cricetulus_griseus_crigri-picr ENSCGRG00015022915
mesocricetus_auratus ENSMAUG00000017156
peromyscus_maniculatus_bairdii ENSPEMG00000016468
nannospalax_galili ENSNGAG00000005225
jaculus_jaculus ENSJJAG00000012510
heterocephalus_glaber_hetgla_female_1.0 ENSHGLG00000018176
heterocephalus_glaber_hetgla_1.0 ENSHGLG00100006776
fukomys_damarensis ENSFDAG00000004250
cavia_porcellus ENSCPOG00000034741
chinchilla_lanigera ENSCLAG00000003023
octodon_degus ENSODEG00000007546
spermophilus_dauricus ENSSDAG00000009930
urocitellus_parryii ENSUPAG00010000515
ictidomys_tridecemlineatus ENSSTOG00000022696
marmota_marmota_marmota ENSMMMG00000009570
oryctolagus_cuniculus ENSOCUG00000012601
ochotona_princeps ENSOPRG00000013071
pteropus_vampyrus ENSPVAG00000015357
myotis_lucifugus ENSMLUG00000012027
bos_mutus ENSBMUG00000024821
bos_taurus ENSBTAG00000004637
bison_bison_bison ENSBBBG00000013386
capra_hircus ENSCHIG00000023431
ovis_aries ENSOARG00000012540
tursiops_truncatus ENSTTRG00000012628
sus_scrofa ENSSSCG00000017299
vicugna_pacos ENSVPAG00000000392
ursus_maritimus ENSUMAG00000016631
ursus_americanus ENSUAMG00000015077
ailuropoda_melanoleuca ENSAMEG00000003879
neovison_vison ENSNVIG00000023244
mustela_putorius_furo ENSMPUG00000014992
canis_lupus_dingo ENSCAFG00020026660
canis_lupus_familiaris ENSCAFG00000013150
vulpes_vulpes ENSVVUG00000005620
panthera_pardus ENSPPRG00000006428
panthera_tigris_altaica ENSPTIG00000021756
felis_catus ENSFCAG00000029300
sorex_araneus ENSSARG00000001047
equus_caballus ENSECAG00000000705
equus_asinus_asinus ENSEASG00005010677
urocitellus_parryii ENSUPAG00010000526
spermophilus_dauricus ENSSDAG00000009912
marmota_marmota_marmota ENSMMMG00000009576
microtus_ochrogaster ENSMOCG00000016448
castor_canadensis ENSCCNG00000010359
chlorocebus_sabaeus ENSCSAG00000003852
ursus_americanus ENSUAMG00000015075
canis_lupus_dingo ENSCAFG00020026659
choloepus_hoffmanni ENSCHOG00000006566
dasypus_novemcinctus ENSDNOG00000039450
procavia_capensis ENSPCAG00000015275
echinops_telfairi ENSETEG00000007236
loxodonta_africana ENSLAFG00000004797
apteryx_owenii ENSAOWG00000015569
apteryx_haastii ENSAHAG00000013773
apteryx_rowi ENSARWG00000011873
dromaius_novaehollandiae ENSDNVG00000018275
nothoprocta_perdicaria ENSNPEG00000009793
calidris_pugnax ENSCPUG00000014227
crocodylus_porosus ENSCPRG00005008490
gopherus_agassizii ENSGAGG00000016039
chelonoidis_abingdonii ENSCABG00000001923
chrysemys_picta_bellii ENSCPBG00000012276
pelodiscus_sinensis ENSPSIG00000009170
pogona_vitticeps ENSPVIG00000001833
anolis_carolinensis ENSACAG00000013343
notechis_scutatus ENSNSUG00000017365
salvator_merianae ENSSMRG00000016706
latimeria_chalumnae ENSLACG00000022098
petromyzon_marinus ENSPMAG00000007402
eptatretus_burgeri ENSEBUG00000003616
