astyanax_mexicanus ENSAMXG00000034170
pygocentrus_nattereri ENSPNAG00000008095
oryzias_latipes_asm223471v1 ENSORLG00020011510
oryzias_latipes_asm223467v1 ENSORLG00000024486
oryzias_latipes_asm223469v1 ENSORLG00015008043
oryzias_melastigma ENSOMEG00000006011
cyprinodon_variegatus ENSCVAG00000019567
periophthalmus_magnuspinnatus ENSPMGG00000021905
ornithorhynchus_anatinus ENSOANG00000028318
latimeria_chalumnae ENSLACG00000004991
gopherus_agassizii ENSGAGG00000000760
chelonoidis_abingdonii ENSCABG00000018350
chrysemys_picta_bellii ENSCPBG00000004673
pelodiscus_sinensis ENSPSIG00000002289
sphenodon_punctatus ENSSPUG00000006321
apteryx_rowi ENSARWG00000014797
dromaius_novaehollandiae ENSDNVG00000011704
anser_brachyrhynchus ENSABRG00000021251
anolis_carolinensis ENSACAG00000015570
pogona_vitticeps ENSPVIG00000020512
salvator_merianae ENSSMRG00000001092
lonchura_striata_domestica ENSLSDG00000002066
taeniopygia_guttata ENSTGUG00000013577
serinus_canaria ENSSCAG00000016621
junco_hyemalis ENSJHYG00000009534
zonotrichia_albicollis ENSZALG00000015419
ficedula_albicollis ENSFALG00000006266
cyanistes_caeruleus ENSCCEG00000018052
parus_major ENSPMJG00000012102
phascolarctos_cinereus ENSPCIG00000021609
notamacropus_eugenii ENSMEUG00000014405
sarcophilus_harrisii ENSSHAG00000006877
monodelphis_domestica ENSMODG00000008002
ornithorhynchus_anatinus ENSOANG00000010026
oryctolagus_cuniculus ENSOCUG00000000167
ochotona_princeps ENSOPRG00000002750
tupaia_belangeri ENSTBEG00000012162
pan_troglodytes ENSPTRG00000004031
pan_paniscus ENSPPAG00000044079
homo_sapiens ENSG00000165458
pongo_abelii ENSPPYG00000003649
nomascus_leucogenys ENSNLEG00000017207
gorilla_gorilla ENSGGOG00000011295
theropithecus_gelada ENSTGEG00000025575
papio_anubis ENSPANG00000002495
chlorocebus_sabaeus ENSCSAG00000004156
macaca_fascicularis ENSMFAG00000037937
macaca_mulatta ENSMMUG00000010451
macaca_nemestrina ENSMNEG00000031772
cercocebus_atys ENSCATG00000038751
mandrillus_leucophaeus ENSMLEG00000007523
colobus_angolensis_palliatus ENSCANG00000027708
piliocolobus_tephrosceles ENSPTEG00000019528
rhinopithecus_bieti ENSRBIG00000040337
rhinopithecus_roxellana ENSRROG00000030610
cebus_capucinus_imitator ENSCCAG00000024212
saimiri_boliviensis_boliviensis ENSSBOG00000028042
callithrix_jacchus ENSCJAG00000015191
aotus_nancymaae ENSANAG00000027766
carlito_syrichta ENSTSYG00000004075
prolemur_simus ENSPSMG00000012299
propithecus_coquereli ENSPCOG00000017270
microcebus_murinus ENSMICG00000011696
otolemur_garnettii ENSOGAG00000012996
castor_canadensis ENSCCNG00000007170
dipodomys_ordii ENSDORG00000011283
mus_spicilegus ENSMSIG00000028415
mus_spretus_strain_spret/eij MGP_SPRETEiJ_G0031177
mus_musculus_strain_reference_cl57bl6 ENSMUSG00000032737
mus_caroli_strain_caroli_eij MGP_CAROLIEiJ_G0030066
mus_pahari_strain_pahari_eij MGP_PahariEiJ_G0013287
rattus_norvegicus ENSRNOG00000019730
meriones_unguiculatus ENSMUGG00000021059
cricetulus_griseus_chok1gs_hdv1 ENSCGRG00001008145
cricetulus_griseus_crigri-picr ENSCGRG00015016503
cricetulus_griseus_crigri_1.0 ENSCGRG00000001437
mesocricetus_auratus ENSMAUG00000001936
peromyscus_maniculatus_bairdii ENSPEMG00000001871
microtus_ochrogaster ENSMOCG00000008314
nannospalax_galili ENSNGAG00000005410
jaculus_jaculus ENSJJAG00000013756
cavia_porcellus ENSCPOG00000014786
cavia_aperea ENSCAPG00000016058
chinchilla_lanigera ENSCLAG00000014240
octodon_degus ENSODEG00000006960
heterocephalus_glaber_hetgla_female_1.0 ENSHGLG00000009057
heterocephalus_glaber_hetgla_1.0 ENSHGLG00100002541
fukomys_damarensis ENSFDAG00000015879
urocitellus_parryii ENSUPAG00010019719
spermophilus_dauricus ENSSDAG00000021160
ictidomys_tridecemlineatus ENSSTOG00000010874
marmota_marmota_marmota ENSMMMG00000011850
choloepus_hoffmanni ENSCHOG00000006913
capra_hircus ENSCHIG00000015058
ovis_aries ENSOARG00000004577
bos_taurus ENSBTAG00000019167
bos_mutus ENSBMUG00000018036
bison_bison_bison ENSBBBG00000012547
tursiops_truncatus ENSTTRG00000009944
sus_scrofa ENSSSCG00000014811
equus_asinus_asinus ENSEASG00005000512
equus_caballus ENSECAG00000017064
myotis_lucifugus ENSMLUG00000014132
pteropus_vampyrus ENSPVAG00000002483
neovison_vison ENSNVIG00000020582
mustela_putorius_furo ENSMPUG00000010200
ursus_americanus ENSUAMG00000027397
ursus_maritimus ENSUMAG00000007967
ailuropoda_melanoleuca ENSAMEG00000005610
canis_lupus_familiaris ENSCAFG00000005743
canis_lupus_dingo ENSCAFG00020003281
vulpes_vulpes ENSVVUG00000024927
panthera_pardus ENSPPRG00000003083
panthera_tigris_altaica ENSPTIG00000014051
felis_catus ENSFCAG00000005323
loxodonta_africana ENSLAFG00000000930
procavia_capensis ENSPCAG00000006719
dasypus_novemcinctus ENSDNOG00000009804
echinops_telfairi ENSETEG00000017131
erinaceus_europaeus ENSEEUG00000002888
paramormyrops_kingsleyae ENSPKIG00000022920
scleropages_formosus ENSSFOG00015016243
pygocentrus_nattereri ENSPNAG00000000674
astyanax_mexicanus ENSAMXG00000011596
ictalurus_punctatus ENSIPUG00000014726
danio_rerio ENSDARG00000104222
poecilia_formosa ENSPFOG00000008661
poecilia_latipinna ENSPLAG00000018457
poecilia_mexicana ENSPMEG00000021651
poecilia_reticulata ENSPREG00000019344
xiphophorus_maculatus ENSXMAG00000011097
xiphophorus_couchianus ENSXCOG00000012840
gambusia_affinis ENSGAFG00000008310
fundulus_heteroclitus ENSFHEG00000003021
cyprinodon_variegatus ENSCVAG00000017600
kryptolebias_marmoratus ENSKMAG00000001455
oryzias_latipes_asm223467v1 ENSORLG00000011228
oryzias_latipes_asm223471v1 ENSORLG00020000412
oryzias_latipes_asm223469v1 ENSORLG00015000617
oryzias_melastigma ENSOMEG00000002830
labrus_bergylta ENSLBEG00000027829
astatotilapia_calliptera ENSACLG00000007842
maylandia_zebra ENSMZEG00005007511
pundamilia_nyererei ENSPNYG00000013271
haplochromis_burtoni ENSHBUG00000015510
oreochromis_niloticus ENSONIG00000016738
neolamprologus_brichardi ENSNBRG00000004581
amphilophus_citrinellus ENSACIG00000008932
anabas_testudineus ENSATEG00000006407
scophthalmus_maximus ENSSMAG00000019580
seriola_dumerili ENSSDUG00000000456
seriola_lalandi_dorsalis ENSSLDG00000020696
cynoglossus_semilaevis ENSCSEG00000018990
amphiprion_ocellaris ENSAOCG00000016059
amphiprion_percula ENSAPEG00000017439
acanthochromis_polyacanthus ENSAPOG00000002267
stegastes_partitus ENSSPAG00000020205
mastacembelus_armatus ENSMAMG00000006179
monopterus_albus ENSMALG00000002411
hippocampus_comes ENSHCOG00000014440
takifugu_rubripes ENSTRUG00000009438
tetraodon_nigroviridis ENSTNIG00000005603
mola_mola ENSMMOG00000010408
gasterosteus_aculeatus ENSGACG00000007795
periophthalmus_magnuspinnatus ENSPMGG00000021906
gadus_morhua ENSGMOG00000017399
esox_lucius ENSELUG00000011031
lepisosteus_oculatus ENSLOCG00000007744
eptatretus_burgeri ENSEBUG00000016421
eptatretus_burgeri ENSEBUG00000004336
xenopus_tropicalis ENSXETG00000032442
chrysemys_picta_bellii ENSCPBG00000014360
gopherus_agassizii ENSGAGG00000013511
pelodiscus_sinensis ENSPSIG00000011053
crocodylus_porosus ENSCPRG00005009132
sphenodon_punctatus ENSSPUG00000001849
ficedula_albicollis ENSFALG00000004153
parus_major ENSPMJG00000007909
junco_hyemalis ENSJHYG00000000730
taeniopygia_guttata ENSTGUG00000002648
serinus_canaria ENSSCAG00000000833
calidris_pugnax ENSCPUG00000017750
gallus_gallus ENSGALG00000004336
coturnix_japonica ENSCJPG00005003059
meleagris_gallopavo ENSMGAG00000001328
anas_platyrhynchos_platyrhynchos ENSAPLG00000008443
anser_brachyrhynchus ENSABRG00000002034
apteryx_owenii ENSAOWG00000011354
dromaius_novaehollandiae ENSDNVG00000005697
apteryx_rowi ENSARWG00000007048
nothoprocta_perdicaria ENSNPEG00000014003
latimeria_chalumnae ENSLACG00000013370
ciona_intestinalis ENSCING00000012419
