taeniopygia_guttata ENSTGUG00000000809
gallus_gallus ENSGALG00000000604
melopsittacus_undulatus ENSMUNG00000003382
pogona_vitticeps ENSPVIG00000003960
pan_troglodytes ENSPTRG00000013732
pan_paniscus ENSPPAG00000029205
homo_sapiens ENSG00000101198
gorilla_gorilla ENSGGOG00000008346
pongo_abelii ENSPPYG00000011228
nomascus_leucogenys ENSNLEG00000009987
colobus_angolensis_palliatus ENSCANG00000031060
piliocolobus_tephrosceles ENSPTEG00000002589
rhinopithecus_roxellana ENSRROG00000035031
rhinopithecus_bieti ENSRBIG00000044975
cercocebus_atys ENSCATG00000020669
mandrillus_leucophaeus ENSMLEG00000029404
macaca_fascicularis ENSMFAG00000003175
macaca_mulatta ENSMMUG00000009231
macaca_nemestrina ENSMNEG00000000351
chlorocebus_sabaeus ENSCSAG00000016293
papio_anubis ENSPANG00000011180
theropithecus_gelada ENSTGEG00000008801
cebus_capucinus_imitator ENSCCAG00000029526
saimiri_boliviensis_boliviensis ENSSBOG00000022021
callithrix_jacchus ENSCJAG00000044406
aotus_nancymaae ENSANAG00000033769
carlito_syrichta ENSTSYG00000030936
chinchilla_lanigera ENSCLAG00000003530
octodon_degus ENSODEG00000004313
cavia_aperea ENSCAPG00000017448
cavia_porcellus ENSCPOG00000005586
fukomys_damarensis ENSFDAG00000012351
mus_spicilegus ENSMSIG00000014670
mus_musculus_strain_reference_cl57bl6 ENSMUSG00000027574
mus_caroli_strain_caroli_eij MGP_CAROLIEiJ_G0024792
mus_spretus_strain_spret/eij MGP_SPRETEiJ_G0025717
mus_pahari_strain_pahari_eij MGP_PahariEiJ_G0026239
rattus_norvegicus ENSRNOG00000031834
meriones_unguiculatus ENSMUGG00000006433
meriones_unguiculatus ENSMUGG00000000242
cricetulus_griseus_chok1gs_hdv1 ENSCGRG00001017529
cricetulus_griseus_crigri_1.0 ENSCGRG00000011347
cricetulus_griseus_crigri-picr ENSCGRG00015016159
mesocricetus_auratus ENSMAUG00000011539
peromyscus_maniculatus_bairdii ENSPEMG00000020232
microtus_ochrogaster ENSMOCG00000021378
nannospalax_galili ENSNGAG00000002013
jaculus_jaculus ENSJJAG00000014525
castor_canadensis ENSCCNG00000021349
dipodomys_ordii ENSDORG00000001799
canis_lupus_familiaris ENSCAFG00000012785
canis_lupus_dingo ENSCAFG00020001259
vulpes_vulpes ENSVVUG00000015272
ailuropoda_melanoleuca ENSAMEG00000017310
pteropus_vampyrus ENSPVAG00000017571
sus_scrofa ENSSSCG00000036544
tursiops_truncatus ENSTTRG00000001813
ovis_aries ENSOARG00000011497
equus_caballus ENSECAG00000039065
equus_asinus_asinus ENSEASG00005023184
panthera_pardus ENSPPRG00000023805
panthera_tigris_altaica ENSPTIG00000015596
loxodonta_africana ENSLAFG00000013477
echinops_telfairi ENSETEG00000003128
chelonoidis_abingdonii ENSCABG00000022454
gopherus_agassizii ENSGAGG00000013194
chrysemys_picta_bellii ENSCPBG00000018562
apteryx_haastii ENSAHAG00000006165
dromaius_novaehollandiae ENSDNVG00000000167
lonchura_striata_domestica ENSLSDG00000015998
junco_hyemalis ENSJHYG00000016531
lepidothrix_coronata ENSLCOG00000016231
calidris_pugnax ENSCPUG00000017786
calidris_pygmaea ENSCPGG00000012900
crocodylus_porosus ENSCPRG00005004936
sphenodon_punctatus ENSSPUG00000009621
otolemur_garnettii ENSOGAG00000001252
propithecus_coquereli ENSPCOG00000022197
rhinopithecus_roxellana ENSRROG00000031083
chlorocebus_sabaeus ENSCSAG00000016286
aotus_nancymaae ENSANAG00000025173
castor_canadensis ENSCCNG00000013085
dipodomys_ordii ENSDORG00000025942
meriones_unguiculatus ENSMUGG00000019974
equus_asinus_asinus ENSEASG00005009354
equus_caballus ENSECAG00000029767
ovis_aries ENSOARG00000008039
ursus_americanus ENSUAMG00000017439
canis_lupus_dingo ENSCAFG00020021766
mustela_putorius_furo ENSMPUG00000014496
myotis_lucifugus ENSMLUG00000027077
loxodonta_africana ENSLAFG00000014955
dasypus_novemcinctus ENSDNOG00000045431
bos_taurus ENSBTAG00000033195
capra_hircus ENSCHIG00000020811
sus_scrofa ENSSSCG00000035858
ursus_maritimus ENSUMAG00000001313
phascolarctos_cinereus ENSPCIG00000014130
monodelphis_domestica ENSMODG00000025688
scleropages_formosus ENSSFOG00015000160
paramormyrops_kingsleyae ENSPKIG00000005105
tetraodon_nigroviridis ENSTNIG00000005839
takifugu_rubripes ENSTRUG00000004880
gasterosteus_aculeatus ENSGACG00000002604
seriola_dumerili ENSSDUG00000015884
seriola_lalandi_dorsalis ENSSLDG00000001106
scophthalmus_maximus ENSSMAG00000007720
monopterus_albus ENSMALG00000022223
mastacembelus_armatus ENSMAMG00000011026
anabas_testudineus ENSATEG00000005894
maylandia_zebra ENSMZEG00005023588
astatotilapia_calliptera ENSACLG00000025545
haplochromis_burtoni ENSHBUG00000004813
neolamprologus_brichardi ENSNBRG00000015278
oreochromis_niloticus ENSONIG00000017398
amphilophus_citrinellus ENSACIG00000020059
poecilia_formosa ENSPFOG00000023974
poecilia_mexicana ENSPMEG00000020872
poecilia_latipinna ENSPLAG00000006213
poecilia_reticulata ENSPREG00000017745
xiphophorus_maculatus ENSXMAG00000015634
xiphophorus_couchianus ENSXCOG00000008111
gambusia_affinis ENSGAFG00000021102
cyprinodon_variegatus ENSCVAG00000014413
fundulus_heteroclitus ENSFHEG00000002507
kryptolebias_marmoratus ENSKMAG00000017510
oryzias_latipes_asm223471v1 ENSORLG00020001354
oryzias_latipes_asm223467v1 ENSORLG00000026482
oryzias_latipes_asm223469v1 ENSORLG00015018388
oryzias_melastigma ENSOMEG00000011881
amphiprion_ocellaris ENSAOCG00000012648
amphiprion_percula ENSAPEG00000008661
acanthochromis_polyacanthus ENSAPOG00000010730
stegastes_partitus ENSSPAG00000003733
labrus_bergylta ENSLBEG00000012122
mola_mola ENSMMOG00000020464
hippocampus_comes ENSHCOG00000011346
periophthalmus_magnuspinnatus ENSPMGG00000009097
gadus_morhua ENSGMOG00000006573
esox_lucius ENSELUG00000001913
pygocentrus_nattereri ENSPNAG00000019233
astyanax_mexicanus ENSAMXG00000017613
danio_rerio ENSDARG00000062699
lepisosteus_oculatus ENSLOCG00000005053
phascolarctos_cinereus ENSPCIG00000017165
notamacropus_eugenii ENSMEUG00000001908
sarcophilus_harrisii ENSSHAG00000009407
monodelphis_domestica ENSMODG00000016845
ornithorhynchus_anatinus ENSOANG00000003724
crocodylus_porosus ENSCPRG00005005780
notechis_scutatus ENSNSUG00000006463
gopherus_agassizii ENSGAGG00000003021
chelonoidis_abingdonii ENSCABG00000001183
chrysemys_picta_bellii ENSCPBG00000027188
pelodiscus_sinensis ENSPSIG00000012841
sphenodon_punctatus ENSSPUG00000015182
calidris_pygmaea ENSCPGG00000009938
calidris_pugnax ENSCPUG00000008295
melopsittacus_undulatus ENSMUNG00000007439
anser_brachyrhynchus ENSABRG00000006089
anas_platyrhynchos_platyrhynchos ENSAPLG00000006143
gallus_gallus ENSGALG00000005774
meleagris_gallopavo ENSMGAG00000006181
lepidothrix_coronata ENSLCOG00000008285
manacus_vitellinus ENSMVIG00005004719
taeniopygia_guttata ENSTGUG00000007547
lonchura_striata_domestica ENSLSDG00000006160
serinus_canaria ENSSCAG00000014769
zonotrichia_albicollis ENSZALG00000010037
junco_hyemalis ENSJHYG00000012261
cyanistes_caeruleus ENSCCEG00000021563
parus_major ENSPMJG00000007318
ficedula_albicollis ENSFALG00000010455
apteryx_owenii ENSAOWG00000000760
apteryx_rowi ENSARWG00000009709
dromaius_novaehollandiae ENSDNVG00000014928
nothoprocta_perdicaria ENSNPEG00000009576
apteryx_haastii ENSAHAG00000002014
coturnix_japonica ENSCJPG00005003127
numida_meleagris ENSNMEG00000016023
salvator_merianae ENSSMRG00000012686
anolis_carolinensis ENSACAG00000026860
latimeria_chalumnae ENSLACG00000013142
pogona_vitticeps ENSPVIG00000023700
pundamilia_nyererei ENSPNYG00000002218
amphiprion_ocellaris ENSAOCG00000022265
amphiprion_percula ENSAPEG00000021852
acanthochromis_polyacanthus ENSAPOG00000004380
fundulus_heteroclitus ENSFHEG00000023182
cyprinodon_variegatus ENSCVAG00000017905
xiphophorus_maculatus ENSXMAG00000005203
xiphophorus_couchianus ENSXCOG00000012181
gambusia_affinis ENSGAFG00000002120
poecilia_mexicana ENSPMEG00000023777
poecilia_latipinna ENSPLAG00000006678
poecilia_formosa ENSPFOG00000005387
poecilia_reticulata ENSPREG00000005513
kryptolebias_marmoratus ENSKMAG00000005626
oryzias_latipes_asm223469v1 ENSORLG00015006321
oryzias_latipes_asm223467v1 ENSORLG00000014657
oryzias_latipes_asm223471v1 ENSORLG00020012174
oryzias_melastigma ENSOMEG00000002955
mola_mola ENSMMOG00000017496
stegastes_partitus ENSSPAG00000015011
labrus_bergylta ENSLBEG00000014065
seriola_dumerili ENSSDUG00000000398
seriola_lalandi_dorsalis ENSSLDG00000024939
mastacembelus_armatus ENSMAMG00000024254
maylandia_zebra ENSMZEG00005026395
pundamilia_nyererei ENSPNYG00000014032
haplochromis_burtoni ENSHBUG00000011232
neolamprologus_brichardi ENSNBRG00000008242
oreochromis_niloticus ENSONIG00000016800
amphilophus_citrinellus ENSACIG00000011255
anabas_testudineus ENSATEG00000023833
monopterus_albus ENSMALG00000015631
cynoglossus_semilaevis ENSCSEG00000020619
periophthalmus_magnuspinnatus ENSPMGG00000015325
esox_lucius ENSELUG00000022723
pygocentrus_nattereri ENSPNAG00000012421
danio_rerio ENSDARG00000042961
eptatretus_burgeri ENSEBUG00000010250
eptatretus_burgeri ENSEBUG00000016513
eptatretus_burgeri ENSEBUG00000014829
petromyzon_marinus ENSPMAG00000007279
petromyzon_marinus ENSPMAG00000003535
