fundulus_heteroclitus ENSFHEG00000013892
cyprinodon_variegatus ENSCVAG00000010180
xiphophorus_couchianus ENSXCOG00000000058
xiphophorus_maculatus ENSXMAG00000016610
poecilia_mexicana ENSPMEG00000003556
poecilia_formosa ENSPFOG00000001986
poecilia_latipinna ENSPLAG00000006929
poecilia_reticulata ENSPREG00000004259
gambusia_affinis ENSGAFG00000001406
kryptolebias_marmoratus ENSKMAG00000017759
oryzias_latipes_asm223467v1 ENSORLG00000001861
oryzias_latipes_asm223469v1 ENSORLG00015015949
oryzias_latipes_asm223471v1 ENSORLG00020021306
oryzias_melastigma ENSOMEG00000012068
maylandia_zebra ENSMZEG00005022066
astatotilapia_calliptera ENSACLG00000007382
pundamilia_nyererei ENSPNYG00000009455
neolamprologus_brichardi ENSNBRG00000020433
haplochromis_burtoni ENSHBUG00000021153
oreochromis_niloticus ENSONIG00000001625
amphilophus_citrinellus ENSACIG00000012378
amphiprion_ocellaris ENSAOCG00000020268
tetraodon_nigroviridis ENSTNIG00000019474
takifugu_rubripes ENSTRUG00000004907
gasterosteus_aculeatus ENSGACG00000004259
seriola_lalandi_dorsalis ENSSLDG00000006753
seriola_lalandi_dorsalis ENSSLDG00000009642
cynoglossus_semilaevis ENSCSEG00000002930
hippocampus_comes ENSHCOG00000007710
amphiprion_ocellaris ENSAOCG00000002721
labrus_bergylta ENSLBEG00000020815
anabas_testudineus ENSATEG00000000890
monopterus_albus ENSMALG00000006639
stegastes_partitus ENSSPAG00000022157
mastacembelus_armatus ENSMAMG00000016751
seriola_dumerili ENSSDUG00000018254
seriola_lalandi_dorsalis ENSSLDG00000015930
scophthalmus_maximus ENSSMAG00000002309
acanthochromis_polyacanthus ENSAPOG00000022441
amphiprion_percula ENSAPEG00000018899
mola_mola ENSMMOG00000013340
periophthalmus_magnuspinnatus ENSPMGG00000005059
esox_lucius ENSELUG00000010175
pygocentrus_nattereri ENSPNAG00000013613
astyanax_mexicanus ENSAMXG00000040762
ictalurus_punctatus ENSIPUG00000013710
danio_rerio ENSDARG00000003865
paramormyrops_kingsleyae ENSPKIG00000024001
scleropages_formosus ENSSFOG00015017642
lepisosteus_oculatus ENSLOCG00000003029
lepidothrix_coronata ENSLCOG00000007436
manacus_vitellinus ENSMVIG00005003735
lonchura_striata_domestica ENSLSDG00000002377
taeniopygia_guttata ENSTGUG00000008670
serinus_canaria ENSSCAG00000015530
zonotrichia_albicollis ENSZALG00000014990
junco_hyemalis ENSJHYG00000007885
ficedula_albicollis ENSFALG00000013030
parus_major ENSPMJG00000009164
cyanistes_caeruleus ENSCCEG00000009484
melopsittacus_undulatus ENSMUNG00000004826
calidris_pygmaea ENSCPGG00000006497
calidris_pugnax ENSCPUG00000005353
gallus_gallus ENSGALG00000007994
meleagris_gallopavo ENSMGAG00000009390
coturnix_japonica ENSCJPG00005007302
numida_meleagris ENSNMEG00000001187
anas_platyrhynchos_platyrhynchos ENSAPLG00000019880
anser_brachyrhynchus ENSABRG00000021158
apteryx_owenii ENSAOWG00000001265
apteryx_haastii ENSAHAG00000012095
apteryx_rowi ENSARWG00000007063
dromaius_novaehollandiae ENSDNVG00000003587
nothoprocta_perdicaria ENSNPEG00000010892
crocodylus_porosus ENSCPRG00005004641
gopherus_agassizii ENSGAGG00000024825
chelonoidis_abingdonii ENSCABG00000016733
chrysemys_picta_bellii ENSCPBG00000015608
pelodiscus_sinensis ENSPSIG00000016185
pogona_vitticeps ENSPVIG00000024508
anolis_carolinensis ENSACAG00000003905
notechis_scutatus ENSNSUG00000014325
salvator_merianae ENSSMRG00000005931
sphenodon_punctatus ENSSPUG00000018120
phascolarctos_cinereus ENSPCIG00000034199
notamacropus_eugenii ENSMEUG00000004237
sarcophilus_harrisii ENSSHAG00000018814
monodelphis_domestica ENSMODG00000016347
monodelphis_domestica ENSMODG00000024839
prolemur_simus ENSPSMG00000012840
microcebus_murinus ENSMICG00000032853
otolemur_garnettii ENSOGAG00000005490
pan_paniscus ENSPPAG00000038274
pan_troglodytes ENSPTRG00000013620
homo_sapiens ENSG00000124171
gorilla_gorilla ENSGGOG00000010338
pongo_abelii ENSPPYG00000011128
nomascus_leucogenys ENSNLEG00000006993
papio_anubis ENSPANG00000007538
chlorocebus_sabaeus ENSCSAG00000015184
macaca_nemestrina ENSMNEG00000035151
macaca_mulatta ENSMMUG00000038148
macaca_fascicularis ENSMFAG00000007135
theropithecus_gelada ENSTGEG00000015040
cercocebus_atys ENSCATG00000006757
mandrillus_leucophaeus ENSMLEG00000035752
piliocolobus_tephrosceles ENSPTEG00000012803
colobus_angolensis_palliatus ENSCANG00000006470
rhinopithecus_bieti ENSRBIG00000033259
rhinopithecus_roxellana ENSRROG00000043087
cebus_capucinus_imitator ENSCCAG00000025810
saimiri_boliviensis_boliviensis ENSSBOG00000033004
callithrix_jacchus ENSCJAG00000044244
aotus_nancymaae ENSANAG00000024355
tursiops_truncatus ENSTTRG00000014281
sus_scrofa ENSSSCG00000027206
vicugna_pacos ENSVPAG00000003963
myotis_lucifugus ENSMLUG00000013370
erinaceus_europaeus ENSEEUG00000011455
ursus_americanus ENSUAMG00000021138
ursus_maritimus ENSUMAG00000024449
ailuropoda_melanoleuca ENSAMEG00000013371
neovison_vison ENSNVIG00000007308
mustela_putorius_furo ENSMPUG00000017551
canis_lupus_dingo ENSCAFG00020017523
vulpes_vulpes ENSVVUG00000022445
panthera_tigris_altaica ENSPTIG00000011298
panthera_pardus ENSPPRG00000002536
felis_catus ENSFCAG00000042038
sus_scrofa ENSSSCG00000036819
bison_bison_bison ENSBBBG00000016546
equus_asinus_asinus ENSEASG00005023305
pteropus_vampyrus ENSPVAG00000016479
ursus_americanus ENSUAMG00000024579
ursus_maritimus ENSUMAG00000002144
ailuropoda_melanoleuca ENSAMEG00000000162
propithecus_coquereli ENSPCOG00000023098
ochotona_princeps ENSOPRG00000001071
colobus_angolensis_palliatus ENSCANG00000032824
equus_caballus ENSECAG00000009294
canis_lupus_familiaris ENSCAFG00000011568
castor_canadensis ENSCCNG00000030677
jaculus_jaculus ENSJJAG00000006659
cavia_porcellus ENSCPOG00000021603
cavia_aperea ENSCAPG00000016957
octodon_degus ENSODEG00000005877
chinchilla_lanigera ENSCLAG00000009267
heterocephalus_glaber_hetgla_female_1.0 ENSHGLG00000012058
heterocephalus_glaber_hetgla_1.0 ENSHGLG00100012770
fukomys_damarensis ENSFDAG00000011747
mus_musculus_strain_reference_cl57bl6 ENSMUSG00000044641
mus_spicilegus ENSMSIG00000031403
mus_spretus_strain_spret/eij MGP_SPRETEiJ_G0025635
mus_caroli_strain_caroli_eij MGP_CAROLIEiJ_G0024715
mus_pahari_strain_pahari_eij MGP_PahariEiJ_G0026157
rattus_norvegicus ENSRNOG00000010883
meriones_unguiculatus ENSMUGG00000004750
cricetulus_griseus_crigri-picr ENSCGRG00015018558
cricetulus_griseus_crigri_1.0 ENSCGRG00000017292
cricetulus_griseus_chok1gs_hdv1 ENSCGRG00001014206
mesocricetus_auratus ENSMAUG00000010497
microtus_ochrogaster ENSMOCG00000003321
peromyscus_maniculatus_bairdii ENSPEMG00000015881
nannospalax_galili ENSNGAG00000013685
dipodomys_ordii ENSDORG00000007031
oryctolagus_cuniculus ENSOCUG00000015993
carlito_syrichta ENSTSYG00000012293
bos_mutus ENSBMUG00000011544
bos_taurus ENSBTAG00000021601
bison_bison_bison ENSBBBG00000010784
capra_hircus ENSCHIG00000024844
ovis_aries ENSOARG00000013781
spermophilus_dauricus ENSSDAG00000006447
marmota_marmota_marmota ENSMMMG00000007746
ictidomys_tridecemlineatus ENSSTOG00000009330
urocitellus_parryii ENSUPAG00010000463
echinops_telfairi ENSETEG00000000317
tupaia_belangeri ENSTBEG00000002270
loxodonta_africana ENSLAFG00000004136
choloepus_hoffmanni ENSCHOG00000006652
choloepus_hoffmanni ENSCHOG00000012104
choloepus_hoffmanni ENSCHOG00000008310
dasypus_novemcinctus ENSDNOG00000010098
ornithorhynchus_anatinus ENSOANG00000008676
xenopus_tropicalis ENSXETG00000012298
latimeria_chalumnae ENSLACG00000008413
paramormyrops_kingsleyae ENSPKIG00000017891
scleropages_formosus ENSSFOG00015020271
oryzias_latipes_asm223471v1 ENSORLG00020006987
oryzias_latipes_asm223469v1 ENSORLG00015014937
oryzias_latipes_asm223467v1 ENSORLG00000029908
oryzias_melastigma ENSOMEG00000013009
fundulus_heteroclitus ENSFHEG00000019566
cyprinodon_variegatus ENSCVAG00000023129
poecilia_formosa ENSPFOG00000014607
poecilia_latipinna ENSPLAG00000019068
poecilia_mexicana ENSPMEG00000002565
poecilia_reticulata ENSPREG00000008449
xiphophorus_maculatus ENSXMAG00000003652
xiphophorus_couchianus ENSXCOG00000020056
gambusia_affinis ENSGAFG00000010456
cynoglossus_semilaevis ENSCSEG00000017722
labrus_bergylta ENSLBEG00000027200
mola_mola ENSMMOG00000018553
gasterosteus_aculeatus ENSGACG00000003552
amphiprion_ocellaris ENSAOCG00000010376
amphiprion_percula ENSAPEG00000011086
acanthochromis_polyacanthus ENSAPOG00000018424
stegastes_partitus ENSSPAG00000019684
kryptolebias_marmoratus ENSKMAG00000007459
maylandia_zebra ENSMZEG00005003480
astatotilapia_calliptera ENSACLG00000015106
pundamilia_nyererei ENSPNYG00000012041
haplochromis_burtoni ENSHBUG00000002419
neolamprologus_brichardi ENSNBRG00000013363
oreochromis_niloticus ENSONIG00000002657
amphilophus_citrinellus ENSACIG00000016216
seriola_dumerili ENSSDUG00000011563
seriola_lalandi_dorsalis ENSSLDG00000013747
scophthalmus_maximus ENSSMAG00000007577
mastacembelus_armatus ENSMAMG00000014109
monopterus_albus ENSMALG00000005380
anabas_testudineus ENSATEG00000013458
hippocampus_comes ENSHCOG00000019170
periophthalmus_magnuspinnatus ENSPMGG00000022943
tetraodon_nigroviridis ENSTNIG00000000717
takifugu_rubripes ENSTRUG00000022301
gadus_morhua ENSGMOG00000002054
esox_lucius ENSELUG00000012623
pygocentrus_nattereri ENSPNAG00000003604
astyanax_mexicanus ENSAMXG00000035492
ictalurus_punctatus ENSIPUG00000017510
danio_rerio ENSDARG00000036090
paramormyrops_kingsleyae ENSPKIG00000002917
scleropages_formosus ENSSFOG00015004996
pygocentrus_nattereri ENSPNAG00000027031
astyanax_mexicanus ENSAMXG00000035026
ictalurus_punctatus ENSIPUG00000002224
danio_rerio ENSDARG00000031876
esox_lucius ENSELUG00000007597
lepisosteus_oculatus ENSLOCG00000008371
sarcophilus_harrisii ENSSHAG00000006306
notamacropus_eugenii ENSMEUG00000004951
monodelphis_domestica ENSMODG00000011918
mus_spretus_strain_spret/eij MGP_SPRETEiJ_G0023345
mus_musculus_strain_reference_cl57bl6 ENSMUSG00000056214
mus_spicilegus ENSMSIG00000002841
mus_caroli_strain_caroli_eij MGP_CAROLIEiJ_G0022430
mus_pahari_strain_pahari_eij MGP_PahariEiJ_G0019159
rattus_norvegicus ENSRNOG00000055157
meriones_unguiculatus ENSMUGG00000019513
cricetulus_griseus_chok1gs_hdv1 ENSCGRG00001018816
cricetulus_griseus_crigri-picr ENSCGRG00015013890
cricetulus_griseus_crigri_1.0 ENSCGRG00000007039
mesocricetus_auratus ENSMAUG00000009540
peromyscus_maniculatus_bairdii ENSPEMG00000025457
microtus_ochrogaster ENSMOCG00000019881
nannospalax_galili ENSNGAG00000010459
heterocephalus_glaber_hetgla_1.0 ENSHGLG00100016284
heterocephalus_glaber_hetgla_female_1.0 ENSHGLG00000001755
fukomys_damarensis ENSFDAG00000013682
octodon_degus ENSODEG00000003334
cavia_porcellus ENSCPOG00000032338
cavia_aperea ENSCAPG00000016680
chinchilla_lanigera ENSCLAG00000008422
dipodomys_ordii ENSDORG00000014780
spermophilus_dauricus ENSSDAG00000005481
marmota_marmota_marmota ENSMMMG00000019170
ictidomys_tridecemlineatus ENSSTOG00000015088
ochotona_princeps ENSOPRG00000016903
tupaia_belangeri ENSTBEG00000001357
microcebus_murinus ENSMICG00000011267
prolemur_simus ENSPSMG00000023958
otolemur_garnettii ENSOGAG00000032827
pan_troglodytes ENSPTRG00000010139
pan_paniscus ENSPPAG00000028051
homo_sapiens ENSG00000178184
gorilla_gorilla ENSGGOG00000042617
nomascus_leucogenys ENSNLEG00000008415
rhinopithecus_bieti ENSRBIG00000038514
rhinopithecus_roxellana ENSRROG00000043423
colobus_angolensis_palliatus ENSCANG00000023353
piliocolobus_tephrosceles ENSPTEG00000028144
papio_anubis ENSPANG00000004652
theropithecus_gelada ENSTGEG00000007920
cercocebus_atys ENSCATG00000002053
macaca_mulatta ENSMMUG00000039029
macaca_fascicularis ENSMFAG00000040727
macaca_nemestrina ENSMNEG00000032064
callithrix_jacchus ENSCJAG00000023142
callithrix_jacchus ENSCJAG00000045685
saimiri_boliviensis_boliviensis ENSSBOG00000022038
cebus_capucinus_imitator ENSCCAG00000028220
aotus_nancymaae ENSANAG00000020572
carlito_syrichta ENSTSYG00000035989
jaculus_jaculus ENSJJAG00000017031
castor_canadensis ENSCCNG00000031483
urocitellus_parryii ENSUPAG00010001007
chlorocebus_sabaeus ENSCSAG00000018258
mandrillus_leucophaeus ENSMLEG00000034926
propithecus_coquereli ENSPCOG00000015472
ursus_americanus ENSUAMG00000025855
panthera_tigris_altaica ENSPTIG00000008795
ailuropoda_melanoleuca ENSAMEG00000010412
neovison_vison ENSNVIG00000010951
vulpes_vulpes ENSVVUG00000018986
vulpes_vulpes ENSVVUG00000018985
canis_lupus_dingo ENSCAFG00020014617
canis_lupus_familiaris ENSCAFG00000000005
felis_catus ENSFCAG00000041798
panthera_pardus ENSPPRG00000014374
sorex_araneus ENSSARG00000001525
myotis_lucifugus ENSMLUG00000000673
capra_hircus ENSCHIG00000021859
ovis_aries ENSOARG00000004028
bos_taurus ENSBTAG00000005917
bison_bison_bison ENSBBBG00000003274
bos_mutus ENSBMUG00000018236
tursiops_truncatus ENSTTRG00000002401
sus_scrofa ENSSSCG00000023376
vicugna_pacos ENSVPAG00000007958
equus_asinus_asinus ENSEASG00005001888
equus_caballus ENSECAG00000008355
loxodonta_africana ENSLAFG00000001598
procavia_capensis ENSPCAG00000011443
echinops_telfairi ENSETEG00000014243
dasypus_novemcinctus ENSDNOG00000036988
chelonoidis_abingdonii ENSCABG00000002314
phascolarctos_cinereus ENSPCIG00000030935
xenopus_tropicalis ENSXETG00000014825
pogona_vitticeps ENSPVIG00000002448
anolis_carolinensis ENSACAG00000001395
notechis_scutatus ENSNSUG00000016723
salvator_merianae ENSSMRG00000004744
sphenodon_punctatus ENSSPUG00000007059
calidris_pygmaea ENSCPGG00000002707
calidris_pugnax ENSCPUG00000006294
gallus_gallus ENSGALG00000013594
meleagris_gallopavo ENSMGAG00000015435
coturnix_japonica ENSCJPG00005007080
numida_meleagris ENSNMEG00000000904
anser_brachyrhynchus ENSABRG00000019191
anas_platyrhynchos_platyrhynchos ENSAPLG00000002037
manacus_vitellinus ENSMVIG00005001991
lepidothrix_coronata ENSLCOG00000010869
taeniopygia_guttata ENSTGUG00000008898
lonchura_striata_domestica ENSLSDG00000016982
serinus_canaria ENSSCAG00000007314
junco_hyemalis ENSJHYG00000014468
zonotrichia_albicollis ENSZALG00000001618
ficedula_albicollis ENSFALG00000004746
parus_major ENSPMJG00000014174
cyanistes_caeruleus ENSCCEG00000012949
melopsittacus_undulatus ENSMUNG00000003194
apteryx_haastii ENSAHAG00000008971
apteryx_owenii ENSAOWG00000018838
apteryx_rowi ENSARWG00000000640
dromaius_novaehollandiae ENSDNVG00000018010
nothoprocta_perdicaria ENSNPEG00000003423
crocodylus_porosus ENSCPRG00005004401
chrysemys_picta_bellii ENSCPBG00000006459
gopherus_agassizii ENSGAGG00000006722
pelodiscus_sinensis ENSPSIG00000005166
latimeria_chalumnae ENSLACG00000006614
latimeria_chalumnae ENSLACG00000008098
eptatretus_burgeri ENSEBUG00000010177
anas_platyrhynchos_platyrhynchos ENSAPLG00000017430
anser_brachyrhynchus ENSABRG00000006762
manacus_vitellinus ENSMVIG00005012434
lepidothrix_coronata ENSLCOG00000015485
lonchura_striata_domestica ENSLSDG00000015830
taeniopygia_guttata ENSTGUG00000005063
serinus_canaria ENSSCAG00000006248
junco_hyemalis ENSJHYG00000002713
zonotrichia_albicollis ENSZALG00000012799
ficedula_albicollis ENSFALG00000006963
parus_major ENSPMJG00000014072
cyanistes_caeruleus ENSCCEG00000008121
calidris_pygmaea ENSCPGG00000007986
calidris_pugnax ENSCPUG00000010482
melopsittacus_undulatus ENSMUNG00000001073
apteryx_rowi ENSARWG00000002220
apteryx_haastii ENSAHAG00000018730
apteryx_owenii ENSAOWG00000009833
dromaius_novaehollandiae ENSDNVG00000013759
nothoprocta_perdicaria ENSNPEG00000007647
coturnix_japonica ENSCJPG00005012027
meleagris_gallopavo ENSMGAG00000003143
gallus_gallus ENSGALG00000001214
numida_meleagris ENSNMEG00000012853
pelodiscus_sinensis ENSPSIG00000007537
notechis_scutatus ENSNSUG00000012997
chrysemys_picta_bellii ENSCPBG00000015850
chelonoidis_abingdonii ENSCABG00000023083
crocodylus_porosus ENSCPRG00005000125
anolis_carolinensis ENSACAG00000001298
pogona_vitticeps ENSPVIG00000011789
notechis_scutatus ENSNSUG00000001446
salvator_merianae ENSSMRG00000008746
sphenodon_punctatus ENSSPUG00000002775
phascolarctos_cinereus ENSPCIG00000036354
notamacropus_eugenii ENSMEUG00000013681
monodelphis_domestica ENSMODG00000005697
sarcophilus_harrisii ENSSHAG00000005039
chinchilla_lanigera ENSCLAG00000006485
octodon_degus ENSODEG00000015521
heterocephalus_glaber_hetgla_1.0 ENSHGLG00100013088
heterocephalus_glaber_hetgla_female_1.0 ENSHGLG00000018571
fukomys_damarensis ENSFDAG00000001081
cavia_porcellus ENSCPOG00000010729
cavia_aperea ENSCAPG00000006187
urocitellus_parryii ENSUPAG00010000817
ictidomys_tridecemlineatus ENSSTOG00000019905
spermophilus_dauricus ENSSDAG00000017707
marmota_marmota_marmota ENSMMMG00000014948
cricetulus_griseus_crigri_1.0 ENSCGRG00000011690
cricetulus_griseus_crigri-picr ENSCGRG00015007652
cricetulus_griseus_chok1gs_hdv1 ENSCGRG00001019709
mesocricetus_auratus ENSMAUG00000008612
peromyscus_maniculatus_bairdii ENSPEMG00000010164
microtus_ochrogaster ENSMOCG00000016391
mus_spretus_strain_spret/eij MGP_SPRETEiJ_G0032609
mus_spicilegus ENSMSIG00000016650
mus_musculus_strain_reference_cl57bl6 ENSMUSG00000005699
mus_caroli_strain_caroli_eij MGP_CAROLIEiJ_G0031491
mus_pahari_strain_pahari_eij MGP_PahariEiJ_G0023091
rattus_norvegicus ENSRNOG00000017746
meriones_unguiculatus ENSMUGG00000016795
nannospalax_galili ENSNGAG00000020891
jaculus_jaculus ENSJJAG00000020072
castor_canadensis ENSCCNG00000014923
dipodomys_ordii ENSDORG00000000114
oryctolagus_cuniculus ENSOCUG00000009025
pan_paniscus ENSPPAG00000037877
pan_troglodytes ENSPTRG00000008239
homo_sapiens ENSG00000102981
gorilla_gorilla ENSGGOG00000003886
pongo_abelii ENSPPYG00000007464
nomascus_leucogenys ENSNLEG00000004829
piliocolobus_tephrosceles ENSPTEG00000015705
colobus_angolensis_palliatus ENSCANG00000011600
rhinopithecus_roxellana ENSRROG00000017296
rhinopithecus_bieti ENSRBIG00000044026
theropithecus_gelada ENSTGEG00000006352
papio_anubis ENSPANG00000022534
cercocebus_atys ENSCATG00000015748
mandrillus_leucophaeus ENSMLEG00000032266
macaca_mulatta ENSMMUG00000044865
macaca_nemestrina ENSMNEG00000036654
macaca_fascicularis ENSMFAG00000030985
chlorocebus_sabaeus ENSCSAG00000003936
cebus_capucinus_imitator ENSCCAG00000033703
saimiri_boliviensis_boliviensis ENSSBOG00000032214
callithrix_jacchus ENSCJAG00000016098
aotus_nancymaae ENSANAG00000029284
carlito_syrichta ENSTSYG00000012341
microcebus_murinus ENSMICG00000012185
prolemur_simus ENSPSMG00000010062
propithecus_coquereli ENSPCOG00000015189
otolemur_garnettii ENSOGAG00000027845
bos_taurus ENSBTAG00000023734
bos_mutus ENSBMUG00000003421
bison_bison_bison ENSBBBG00000001384
ovis_aries ENSOARG00000003109
capra_hircus ENSCHIG00000007909
tursiops_truncatus ENSTTRG00000009213
sus_scrofa ENSSSCG00000034863
ursus_maritimus ENSUMAG00000019615
ursus_americanus ENSUAMG00000015961
ailuropoda_melanoleuca ENSAMEG00000017503
neovison_vison ENSNVIG00000009633
mustela_putorius_furo ENSMPUG00000006443
canis_lupus_dingo ENSCAFG00020018272
canis_lupus_familiaris ENSCAFG00000031576
vulpes_vulpes ENSVVUG00000012514
panthera_pardus ENSPPRG00000002268
panthera_tigris_altaica ENSPTIG00000018149
felis_catus ENSFCAG00000009281
pteropus_vampyrus ENSPVAG00000016595
myotis_lucifugus ENSMLUG00000005265
equus_caballus ENSECAG00000006714
equus_asinus_asinus ENSEASG00005012864
loxodonta_africana ENSLAFG00000007120
procavia_capensis ENSPCAG00000009787
echinops_telfairi ENSETEG00000018252
dasypus_novemcinctus ENSDNOG00000001484
sorex_araneus ENSSARG00000006260
ochotona_princeps ENSOPRG00000013596
ornithorhynchus_anatinus ENSOANG00000004480
latimeria_chalumnae ENSLACG00000014284
paramormyrops_kingsleyae ENSPKIG00000001351
scleropages_formosus ENSSFOG00015014258
amphiprion_percula ENSAPEG00000018193
amphiprion_ocellaris ENSAOCG00000005897
acanthochromis_polyacanthus ENSAPOG00000003036
amphiprion_ocellaris ENSAOCG00000000190
stegastes_partitus ENSSPAG00000007285
xiphophorus_maculatus ENSXMAG00000016111
xiphophorus_couchianus ENSXCOG00000005536
gambusia_affinis ENSGAFG00000003527
poecilia_formosa ENSPFOG00000014423
poecilia_reticulata ENSPREG00000006370
poecilia_mexicana ENSPMEG00000006682
poecilia_latipinna ENSPLAG00000001737
cyprinodon_variegatus ENSCVAG00000022321
fundulus_heteroclitus ENSFHEG00000008869
oryzias_latipes_asm223469v1 ENSORLG00015021735
oryzias_latipes_asm223467v1 ENSORLG00000018677
oryzias_latipes_asm223471v1 ENSORLG00020006494
oryzias_melastigma ENSOMEG00000021008
anabas_testudineus ENSATEG00000004554
tetraodon_nigroviridis ENSTNIG00000006999
maylandia_zebra ENSMZEG00005022661
astatotilapia_calliptera ENSACLG00000014754
haplochromis_burtoni ENSHBUG00000004677
pundamilia_nyererei ENSPNYG00000010489
neolamprologus_brichardi ENSNBRG00000012021
oreochromis_niloticus ENSONIG00000004016
amphilophus_citrinellus ENSACIG00000016621
kryptolebias_marmoratus ENSKMAG00000001356
monopterus_albus ENSMALG00000009137
mola_mola ENSMMOG00000019112
cynoglossus_semilaevis ENSCSEG00000001342
seriola_dumerili ENSSDUG00000020755
seriola_lalandi_dorsalis ENSSLDG00000002806
scophthalmus_maximus ENSSMAG00000018739
mastacembelus_armatus ENSMAMG00000011022
hippocampus_comes ENSHCOG00000016948
periophthalmus_magnuspinnatus ENSPMGG00000002028
gadus_morhua ENSGMOG00000018013
esox_lucius ENSELUG00000016570
pygocentrus_nattereri ENSPNAG00000017654
astyanax_mexicanus ENSAMXG00000020510
danio_rerio ENSDARG00000069378
ictalurus_punctatus ENSIPUG00000003668
scleropages_formosus ENSSFOG00015011053
paramormyrops_kingsleyae ENSPKIG00000020849
lepisosteus_oculatus ENSLOCG00000006839
eptatretus_burgeri ENSEBUG00000010139
tetraodon_nigroviridis ENSTNIG00000004915
ciona_savignyi ENSCSAVG00000000106
ciona_intestinalis ENSCING00000003983
drosophila_melanogaster FBgn0026192
caenorhabditis_elegans_strain_n2 WBGene00003921
