xiphophorus_maculatus ENSXMAG00000025933
xiphophorus_couchianus ENSXCOG00000006894
gambusia_affinis ENSGAFG00000003279
poecilia_latipinna ENSPLAG00000007624
poecilia_formosa ENSPFOG00000007186
poecilia_mexicana ENSPMEG00000004011
poecilia_reticulata ENSPREG00000007679
fundulus_heteroclitus ENSFHEG00000012155
cyprinodon_variegatus ENSCVAG00000014220
kryptolebias_marmoratus ENSKMAG00000007828
oryzias_latipes_asm223471v1 ENSORLG00020017983
oryzias_latipes_asm223467v1 ENSORLG00000002261
oryzias_latipes_asm223469v1 ENSORLG00015002417
oryzias_melastigma ENSOMEG00000007357
scophthalmus_maximus ENSSMAG00000002625
cynoglossus_semilaevis ENSCSEG00000019918
tetraodon_nigroviridis ENSTNIG00000016150
takifugu_rubripes ENSTRUG00000014010
mola_mola ENSMMOG00000010982
labrus_bergylta ENSLBEG00000001310
periophthalmus_magnuspinnatus ENSPMGG00000019334
amphiprion_percula ENSAPEG00000015991
amphiprion_ocellaris ENSAOCG00000021854
acanthochromis_polyacanthus ENSAPOG00000009397
stegastes_partitus ENSSPAG00000004604
seriola_dumerili ENSSDUG00000020092
seriola_lalandi_dorsalis ENSSLDG00000005505
gasterosteus_aculeatus ENSGACG00000020456
monopterus_albus ENSMALG00000019864
anabas_testudineus ENSATEG00000009067
pundamilia_nyererei ENSPNYG00000016605
haplochromis_burtoni ENSHBUG00000000106
maylandia_zebra ENSMZEG00005000662
astatotilapia_calliptera ENSACLG00000008166
neolamprologus_brichardi ENSNBRG00000003982
oreochromis_niloticus ENSONIG00000008623
amphilophus_citrinellus ENSACIG00000020518
mastacembelus_armatus ENSMAMG00000021251
hippocampus_comes ENSHCOG00000009253
gadus_morhua ENSGMOG00000011094
esox_lucius ENSELUG00000022212
pygocentrus_nattereri ENSPNAG00000018236
astyanax_mexicanus ENSAMXG00000017277
ictalurus_punctatus ENSIPUG00000009968
danio_rerio ENSDARG00000044492
danio_rerio ENSDARG00000103225
scleropages_formosus ENSSFOG00015023175
paramormyrops_kingsleyae ENSPKIG00000017480
lepisosteus_oculatus ENSLOCG00000009305
phascolarctos_cinereus ENSPCIG00000013892
notamacropus_eugenii ENSMEUG00000001136
sarcophilus_harrisii ENSSHAG00000018812
monodelphis_domestica ENSMODG00000008063
castor_canadensis ENSCCNG00000008668
dipodomys_ordii ENSDORG00000003901
mus_spicilegus ENSMSIG00000023412
mus_spretus_strain_spret/eij MGP_SPRETEiJ_G0017072
mus_musculus_strain_reference_cl57bl6 ENSMUSG00000041231
mus_caroli_strain_caroli_eij MGP_CAROLIEiJ_G0016231
mus_pahari_strain_pahari_eij MGP_PahariEiJ_G0017367
rattus_norvegicus ENSRNOG00000004477
meriones_unguiculatus ENSMUGG00000008529
cricetulus_griseus_crigri-picr ENSCGRG00015023069
cricetulus_griseus_crigri_1.0 ENSCGRG00000011271
cricetulus_griseus_chok1gs_hdv1 ENSCGRG00001019223
mesocricetus_auratus ENSMAUG00000016310
microtus_ochrogaster ENSMOCG00000009575
peromyscus_maniculatus_bairdii ENSPEMG00000014160
nannospalax_galili ENSNGAG00000013735
jaculus_jaculus ENSJJAG00000000479
jaculus_jaculus ENSJJAG00000017324
urocitellus_parryii ENSUPAG00010005779
spermophilus_dauricus ENSSDAG00000013587
marmota_marmota_marmota ENSMMMG00000012967
marmota_marmota_marmota ENSMMMG00000001117
ictidomys_tridecemlineatus ENSSTOG00000000854
octodon_degus ENSODEG00000011564
octodon_degus ENSODEG00000010685
octodon_degus ENSODEG00000004446
chinchilla_lanigera ENSCLAG00000015579
cavia_aperea ENSCAPG00000011165
cavia_porcellus ENSCPOG00000001621
fukomys_damarensis ENSFDAG00000016706
fukomys_damarensis ENSFDAG00000011670
heterocephalus_glaber_hetgla_1.0 ENSHGLG00100014286
heterocephalus_glaber_hetgla_female_1.0 ENSHGLG00000018057
oryctolagus_cuniculus ENSOCUG00000002224
ochotona_princeps ENSOPRG00000013148
microcebus_murinus ENSMICG00000047506
propithecus_coquereli ENSPCOG00000015926
prolemur_simus ENSPSMG00000006043
otolemur_garnettii ENSOGAG00000014005
mandrillus_leucophaeus ENSMLEG00000033543
chlorocebus_sabaeus ENSCSAG00000010476
cercocebus_atys ENSCATG00000032405
macaca_nemestrina ENSMNEG00000029679
macaca_fascicularis ENSMFAG00000045929
macaca_mulatta ENSMMUG00000021700
theropithecus_gelada ENSTGEG00000008862
papio_anubis ENSPANG00000001917
colobus_angolensis_palliatus ENSCANG00000036480
piliocolobus_tephrosceles ENSPTEG00000010844
rhinopithecus_roxellana ENSRROG00000030076
rhinopithecus_bieti ENSRBIG00000041757
homo_sapiens ENSG00000164332
gorilla_gorilla ENSGGOG00000014527
pan_troglodytes ENSPTRG00000017480
pan_paniscus ENSPPAG00000031061
pongo_abelii ENSPPYG00000015999
nomascus_leucogenys ENSNLEG00000004270
saimiri_boliviensis_boliviensis ENSSBOG00000022274
cebus_capucinus_imitator ENSCCAG00000023241
callithrix_jacchus ENSCJAG00000019057
aotus_nancymaae ENSANAG00000014625
carlito_syrichta ENSTSYG00000005620
tupaia_belangeri ENSTBEG00000008983
tupaia_belangeri ENSTBEG00000008619
myotis_lucifugus ENSMLUG00000006359
pteropus_vampyrus ENSPVAG00000006917
erinaceus_europaeus ENSEEUG00000006702
bos_mutus ENSBMUG00000003374
bos_taurus ENSBTAG00000009103
bison_bison_bison ENSBBBG00000022388
ovis_aries ENSOARG00000013061
capra_hircus ENSCHIG00000027116
tursiops_truncatus ENSTTRG00000005876
sus_scrofa ENSSSCG00000017042
vicugna_pacos ENSVPAG00000001731
sorex_araneus ENSSARG00000006692
ursus_maritimus ENSUMAG00000000619
ursus_americanus ENSUAMG00000009270
ailuropoda_melanoleuca ENSAMEG00000006496
mustela_putorius_furo ENSMPUG00000013396
neovison_vison ENSNVIG00000005218
canis_lupus_dingo ENSCAFG00020025603
canis_lupus_familiaris ENSCAFG00000017291
vulpes_vulpes ENSVVUG00000004137
panthera_tigris_altaica ENSPTIG00000016150
panthera_pardus ENSPPRG00000015145
felis_catus ENSFCAG00000026371
equus_asinus_asinus ENSEASG00005000694
equus_caballus ENSECAG00000019228
procavia_capensis ENSPCAG00000008504
echinops_telfairi ENSETEG00000000170
loxodonta_africana ENSLAFG00000011908
choloepus_hoffmanni ENSCHOG00000012816
choloepus_hoffmanni ENSCHOG00000007691
dasypus_novemcinctus ENSDNOG00000013614
ornithorhynchus_anatinus ENSOANG00000012336
gopherus_agassizii ENSGAGG00000001998
chelonoidis_abingdonii ENSCABG00000007336
chrysemys_picta_bellii ENSCPBG00000001379
pelodiscus_sinensis ENSPSIG00000006151
gallus_gallus ENSGALG00000003672
coturnix_japonica ENSCJPG00005011252
meleagris_gallopavo ENSMGAG00000004832
numida_meleagris ENSNMEG00000018026
anser_brachyrhynchus ENSABRG00000016791
anas_platyrhynchos_platyrhynchos ENSAPLG00000015997
lepidothrix_coronata ENSLCOG00000007953
manacus_vitellinus ENSMVIG00005016748
zonotrichia_albicollis ENSZALG00000010522
junco_hyemalis ENSJHYG00000002598
serinus_canaria ENSSCAG00000013158
taeniopygia_guttata ENSTGUG00000000578
taeniopygia_guttata ENSTGUG00000000576
lonchura_striata_domestica ENSLSDG00000000155
ficedula_albicollis ENSFALG00000008508
parus_major ENSPMJG00000007651
cyanistes_caeruleus ENSCCEG00000007400
melopsittacus_undulatus ENSMUNG00000005714
calidris_pygmaea ENSCPGG00000015419
calidris_pugnax ENSCPUG00000000175
apteryx_owenii ENSAOWG00000010472
apteryx_haastii ENSAHAG00000000584
apteryx_rowi ENSARWG00000005057
nothoprocta_perdicaria ENSNPEG00000004952
dromaius_novaehollandiae ENSDNVG00000001790
crocodylus_porosus ENSCPRG00005013500
anolis_carolinensis ENSACAG00000002895
pogona_vitticeps ENSPVIG00000025035
salvator_merianae ENSSMRG00000017658
sphenodon_punctatus ENSSPUG00000006734
xenopus_tropicalis ENSXETG00000016360
latimeria_chalumnae ENSLACG00000006686
eptatretus_burgeri ENSEBUG00000016146
ciona_savignyi ENSCSAVG00000006495
ciona_intestinalis ENSCING00000006308
drosophila_melanogaster FBgn0027526
