pogona_vitticeps ENSPVIG00000005693
notechis_scutatus ENSNSUG00000001104
salvator_merianae ENSSMRG00000005828
sphenodon_punctatus ENSSPUG00000016531
gopherus_agassizii ENSGAGG00000012349
chelonoidis_abingdonii ENSCABG00000001186
chrysemys_picta_bellii ENSCPBG00000013743
panthera_tigris_altaica ENSPTIG00000008030
panthera_pardus ENSPPRG00000004745
felis_catus ENSFCAG00000003598
ursus_americanus ENSUAMG00000010737
ursus_maritimus ENSUMAG00000002255
ailuropoda_melanoleuca ENSAMEG00000004940
canis_lupus_dingo ENSCAFG00020014336
canis_lupus_familiaris ENSCAFG00000004847
vulpes_vulpes ENSVVUG00000009493
mustela_putorius_furo ENSMPUG00000007574
felis_catus ENSFCAG00000012739
canis_lupus_dingo ENSCAFG00020014075
vulpes_vulpes ENSVVUG00000030118
pteropus_vampyrus ENSPVAG00000016807
myotis_lucifugus ENSMLUG00000016667
bos_mutus ENSBMUG00000007703
bos_taurus ENSBTAG00000019787
bison_bison_bison ENSBBBG00000021595
capra_hircus ENSCHIG00000019643
ovis_aries ENSOARG00000007926
tursiops_truncatus ENSTTRG00000013887
sus_scrofa ENSSSCG00000029070
equus_caballus ENSECAG00000010970
equus_asinus_asinus ENSEASG00005006246
cavia_porcellus ENSCPOG00000004397
cavia_aperea ENSCAPG00000015316
octodon_degus ENSODEG00000011390
chinchilla_lanigera ENSCLAG00000000723
heterocephalus_glaber_hetgla_female_1.0 ENSHGLG00000003652
heterocephalus_glaber_hetgla_1.0 ENSHGLG00100005085
fukomys_damarensis ENSFDAG00000007905
castor_canadensis ENSCCNG00000019912
mus_spretus_strain_spret/eij MGP_SPRETEiJ_G0030460
mus_spicilegus ENSMSIG00000011919
mus_musculus_strain_reference_cl57bl6 ENSMUSG00000005447
mus_caroli_strain_caroli_eij MGP_CAROLIEiJ_G0029363
mus_pahari_strain_pahari_eij MGP_PahariEiJ_G0021216
rattus_norvegicus ENSRNOG00000020481
meriones_unguiculatus ENSMUGG00000025558
cricetulus_griseus_chok1gs_hdv1 ENSCGRG00001008696
cricetulus_griseus_crigri-picr ENSCGRG00015021253
cricetulus_griseus_crigri_1.0 ENSCGRG00000015248
mesocricetus_auratus ENSMAUG00000009456
peromyscus_maniculatus_bairdii ENSPEMG00000009631
microtus_ochrogaster ENSMOCG00000011582
nannospalax_galili ENSNGAG00000017511
rhinopithecus_bieti ENSRBIG00000036695
rhinopithecus_roxellana ENSRROG00000039439
piliocolobus_tephrosceles ENSPTEG00000025204
cercocebus_atys ENSCATG00000040291
theropithecus_gelada ENSTGEG00000020828
macaca_mulatta ENSMMUG00000021893
papio_anubis ENSPANG00000012468
macaca_fascicularis ENSMFAG00000031090
macaca_nemestrina ENSMNEG00000038654
macaca_mulatta ENSMMUG00000012172
chlorocebus_sabaeus ENSCSAG00000003459
colobus_angolensis_palliatus ENSCANG00000034387
rhinopithecus_bieti ENSRBIG00000032788
mandrillus_leucophaeus ENSMLEG00000016205
homo_sapiens ENSG00000079462
pan_troglodytes ENSPTRG00000011052
gorilla_gorilla ENSGGOG00000013243
pongo_abelii ENSPPYG00000010042
nomascus_leucogenys ENSNLEG00000010622
saimiri_boliviensis_boliviensis ENSSBOG00000030086
cebus_capucinus_imitator ENSCCAG00000002974
callithrix_jacchus ENSCJAG00000012900
aotus_nancymaae ENSANAG00000000178
aotus_nancymaae ENSANAG00000026482
spermophilus_dauricus ENSSDAG00000006084
urocitellus_parryii ENSUPAG00010001213
ictidomys_tridecemlineatus ENSSTOG00000000864
marmota_marmota_marmota ENSMMMG00000018822
dipodomys_ordii ENSDORG00000008817
oryctolagus_cuniculus ENSOCUG00000006470
ochotona_princeps ENSOPRG00000013848
propithecus_coquereli ENSPCOG00000024389
propithecus_coquereli ENSPCOG00000013324
prolemur_simus ENSPSMG00000017360
microcebus_murinus ENSMICG00000015196
otolemur_garnettii ENSOGAG00000030084
carlito_syrichta ENSTSYG00000036403
pan_paniscus ENSPPAG00000026311
piliocolobus_tephrosceles ENSPTEG00000025063
bison_bison_bison ENSBBBG00000006727
neovison_vison ENSNVIG00000024590
loxodonta_africana ENSLAFG00000031937
procavia_capensis ENSPCAG00000017013
echinops_telfairi ENSETEG00000017278
dasypus_novemcinctus ENSDNOG00000002870
equus_asinus_asinus ENSEASG00005017155
equus_caballus ENSECAG00000030974
sorex_araneus ENSSARG00000003303
dasypus_novemcinctus ENSDNOG00000033359
jaculus_jaculus ENSJJAG00000010925
phascolarctos_cinereus ENSPCIG00000034607
notamacropus_eugenii ENSMEUG00000016654
sarcophilus_harrisii ENSSHAG00000003037
monodelphis_domestica ENSMODG00000019346
ornithorhynchus_anatinus ENSOANG00000021299
xenopus_tropicalis ENSXETG00000012063
latimeria_chalumnae ENSLACG00000002167
xiphophorus_maculatus ENSXMAG00000010774
xiphophorus_couchianus ENSXCOG00000019140
gambusia_affinis ENSGAFG00000010526
poecilia_latipinna ENSPLAG00000008282
poecilia_mexicana ENSPMEG00000012328
poecilia_formosa ENSPFOG00000001779
poecilia_reticulata ENSPREG00000014160
fundulus_heteroclitus ENSFHEG00000007220
cyprinodon_variegatus ENSCVAG00000007751
kryptolebias_marmoratus ENSKMAG00000010509
haplochromis_burtoni ENSHBUG00000020994
astatotilapia_calliptera ENSACLG00000026347
maylandia_zebra ENSMZEG00005002174
pundamilia_nyererei ENSPNYG00000015644
neolamprologus_brichardi ENSNBRG00000015299
oreochromis_niloticus ENSONIG00000011461
amphilophus_citrinellus ENSACIG00000014054
periophthalmus_magnuspinnatus ENSPMGG00000018757
mola_mola ENSMMOG00000015465
oryzias_latipes_asm223469v1 ENSORLG00015007727
oryzias_latipes_asm223467v1 ENSORLG00000028084
oryzias_latipes_asm223471v1 ENSORLG00020002598
oryzias_melastigma ENSOMEG00000016190
cynoglossus_semilaevis ENSCSEG00000011811
anabas_testudineus ENSATEG00000019153
labrus_bergylta ENSLBEG00000021677
takifugu_rubripes ENSTRUG00000023793
mastacembelus_armatus ENSMAMG00000004876
monopterus_albus ENSMALG00000014388
gasterosteus_aculeatus ENSGACG00000009368
amphiprion_ocellaris ENSAOCG00000010402
amphiprion_percula ENSAPEG00000009798
acanthochromis_polyacanthus ENSAPOG00000023903
stegastes_partitus ENSSPAG00000004529
seriola_dumerili ENSSDUG00000000697
seriola_lalandi_dorsalis ENSSLDG00000001265
scophthalmus_maximus ENSSMAG00000008691
hippocampus_comes ENSHCOG00000011626
gadus_morhua ENSGMOG00000016325
esox_lucius ENSELUG00000019030
pygocentrus_nattereri ENSPNAG00000020361
astyanax_mexicanus ENSAMXG00000037557
ictalurus_punctatus ENSIPUG00000006258
danio_rerio ENSDARG00000058047
danio_rerio ENSDARG00000105336
paramormyrops_kingsleyae ENSPKIG00000020769
scleropages_formosus ENSSFOG00015022047
petromyzon_marinus ENSPMAG00000001410
pogona_vitticeps ENSPVIG00000009250
notechis_scutatus ENSNSUG00000004385
salvator_merianae ENSSMRG00000021525
salvator_merianae ENSSMRG00000021123
sphenodon_punctatus ENSSPUG00000005587
apteryx_owenii ENSAOWG00000009901
apteryx_haastii ENSAHAG00000002928
apteryx_rowi ENSARWG00000002487
dromaius_novaehollandiae ENSDNVG00000010408
nothoprocta_perdicaria ENSNPEG00000003010
coturnix_japonica ENSCJPG00005010979
gallus_gallus ENSGALG00000027918
meleagris_gallopavo ENSMGAG00000003235
anas_platyrhynchos_platyrhynchos ENSAPLG00000019483
numida_meleagris ENSNMEG00000001654
anser_brachyrhynchus ENSABRG00000013648
melopsittacus_undulatus ENSMUNG00000009571
calidris_pygmaea ENSCPGG00000001232
calidris_pugnax ENSCPUG00000018095
parus_major ENSPMJG00000007746
cyanistes_caeruleus ENSCCEG00000000905
lonchura_striata_domestica ENSLSDG00000007098
taeniopygia_guttata ENSTGUG00000000162
zonotrichia_albicollis ENSZALG00000012630
junco_hyemalis ENSJHYG00000009589
serinus_canaria ENSSCAG00000004997
ficedula_albicollis ENSFALG00000005655
manacus_vitellinus ENSMVIG00005004760
manacus_vitellinus ENSMVIG00005017462
lepidothrix_coronata ENSLCOG00000003985
crocodylus_porosus ENSCPRG00005000718
gopherus_agassizii ENSGAGG00000018159
chelonoidis_abingdonii ENSCABG00000008742
chrysemys_picta_bellii ENSCPBG00000020324
pelodiscus_sinensis ENSPSIG00000008523
phascolarctos_cinereus ENSPCIG00000015153
notamacropus_eugenii ENSMEUG00000013450
sarcophilus_harrisii ENSSHAG00000011403
monodelphis_domestica ENSMODG00000013767
tupaia_belangeri ENSTBEG00000009730
sorex_araneus ENSSARG00000006209
echinops_telfairi ENSETEG00000013443
piliocolobus_tephrosceles ENSPTEG00000002862
theropithecus_gelada ENSTGEG00000023475
cavia_porcellus ENSCPOG00000032050
cavia_aperea ENSCAPG00000006379
ochotona_princeps ENSOPRG00000016296
colobus_angolensis_palliatus ENSCANG00000034774
castor_canadensis ENSCCNG00000022253
dipodomys_ordii ENSDORG00000026379
heterocephalus_glaber_hetgla_female_1.0 ENSHGLG00000019038
heterocephalus_glaber_hetgla_1.0 ENSHGLG00100000953
heterocephalus_glaber_hetgla_female_1.0 ENSHGLG00000001676
heterocephalus_glaber_hetgla_1.0 ENSHGLG00100010056
fukomys_damarensis ENSFDAG00000013066
octodon_degus ENSODEG00000009634
octodon_degus ENSODEG00000004712
chinchilla_lanigera ENSCLAG00000014390
cavia_porcellus ENSCPOG00000039233
marmota_marmota_marmota ENSMMMG00000022949
urocitellus_parryii ENSUPAG00010005776
ictidomys_tridecemlineatus ENSSTOG00000011006
spermophilus_dauricus ENSSDAG00000013415
peromyscus_maniculatus_bairdii ENSPEMG00000027983
microtus_ochrogaster ENSMOCG00000011370
cricetulus_griseus_crigri_1.0 ENSCGRG00000016414
cricetulus_griseus_crigri-picr ENSCGRG00015018957
cricetulus_griseus_chok1gs_hdv1 ENSCGRG00001018542
cricetulus_griseus_chok1gs_hdv1 ENSCGRG00001004664
cricetulus_griseus_crigri_1.0 ENSCGRG00000007169
mesocricetus_auratus ENSMAUG00000020507
mus_spretus_strain_spret/eij MGP_SPRETEiJ_G0033292
mus_musculus_strain_reference_cl57bl6 ENSMUSG00000003131
mus_spicilegus ENSMSIG00000011027
mus_spicilegus ENSMSIG00000026750
mus_caroli_strain_caroli_eij MGP_CAROLIEiJ_G0032153
rattus_norvegicus ENSRNOG00000057102
meriones_unguiculatus ENSMUGG00000013588
nannospalax_galili ENSNGAG00000021011
jaculus_jaculus ENSJJAG00000018625
jaculus_jaculus ENSJJAG00000009975
mus_pahari_strain_pahari_eij MGP_PahariEiJ_G0015023
cavia_aperea ENSCAPG00000014096
otolemur_garnettii ENSOGAG00000025296
cercocebus_atys ENSCATG00000037411
macaca_mulatta ENSMMUG00000002050
macaca_fascicularis ENSMFAG00000014603
macaca_nemestrina ENSMNEG00000042408
papio_anubis ENSPANG00000015041
chlorocebus_sabaeus ENSCSAG00000002695
theropithecus_gelada ENSTGEG00000021624
mandrillus_leucophaeus ENSMLEG00000033223
rhinopithecus_roxellana ENSRROG00000037522
rhinopithecus_bieti ENSRBIG00000035123
colobus_angolensis_palliatus ENSCANG00000034591
piliocolobus_tephrosceles ENSPTEG00000023027
pan_troglodytes ENSPTRG00000004318
pan_paniscus ENSPPAG00000027377
homo_sapiens ENSG00000168092
gorilla_gorilla ENSGGOG00000037923
pongo_abelii ENSPPYG00000003907
nomascus_leucogenys ENSNLEG00000032420
cebus_capucinus_imitator ENSCCAG00000034687
saimiri_boliviensis_boliviensis ENSSBOG00000031801
callithrix_jacchus ENSCJAG00000012698
aotus_nancymaae ENSANAG00000023275
pan_paniscus ENSPPAG00000033295
pan_troglodytes ENSPTRG00000052410
gorilla_gorilla ENSGGOG00000025838
macaca_fascicularis ENSMFAG00000043858
macaca_nemestrina ENSMNEG00000044162
macaca_mulatta ENSMMUG00000045415
papio_anubis ENSPANG00000032999
mandrillus_leucophaeus ENSMLEG00000032124
cercocebus_atys ENSCATG00000037255
colobus_angolensis_palliatus ENSCANG00000042058
panthera_pardus ENSPPRG00000001546
panthera_tigris_altaica ENSPTIG00000021694
felis_catus ENSFCAG00000029945
ursus_americanus ENSUAMG00000004538
ursus_maritimus ENSUMAG00000003136
ailuropoda_melanoleuca ENSAMEG00000008628
neovison_vison ENSNVIG00000006146
mustela_putorius_furo ENSMPUG00000004246
canis_lupus_dingo ENSCAFG00020001903
canis_lupus_familiaris ENSCAFG00000013226
vulpes_vulpes ENSVVUG00000025142
myotis_lucifugus ENSMLUG00000007710
pteropus_vampyrus ENSPVAG00000017834
bos_mutus ENSBMUG00000013767
bos_taurus ENSBTAG00000005627
bison_bison_bison ENSBBBG00000024229
ovis_aries ENSOARG00000003616
capra_hircus ENSCHIG00000014368
sus_scrofa ENSSSCG00000024027
tursiops_truncatus ENSTTRG00000000972
vicugna_pacos ENSVPAG00000004185
equus_caballus ENSECAG00000034204
equus_asinus_asinus ENSEASG00005006511
erinaceus_europaeus ENSEEUG00000008072
microcebus_murinus ENSMICG00000032949
propithecus_coquereli ENSPCOG00000020975
prolemur_simus ENSPSMG00000000427
carlito_syrichta ENSTSYG00000032203
procavia_capensis ENSPCAG00000005001
dasypus_novemcinctus ENSDNOG00000039052
choloepus_hoffmanni ENSCHOG00000009169
panthera_pardus ENSPPRG00000013140
ornithorhynchus_anatinus ENSOANG00000004971
xenopus_tropicalis ENSXETG00000003761
latimeria_chalumnae ENSLACG00000018749
pygocentrus_nattereri ENSPNAG00000012710
astyanax_mexicanus ENSAMXG00000030539
ictalurus_punctatus ENSIPUG00000019468
danio_rerio ENSDARG00000035352
gadus_morhua ENSGMOG00000018258
cyprinodon_variegatus ENSCVAG00000022288
fundulus_heteroclitus ENSFHEG00000001497
poecilia_formosa ENSPFOG00000019515
poecilia_mexicana ENSPMEG00000003309
poecilia_latipinna ENSPLAG00000019492
poecilia_reticulata ENSPREG00000021536
xiphophorus_maculatus ENSXMAG00000011885
xiphophorus_couchianus ENSXCOG00000006268
gambusia_affinis ENSGAFG00000006308
oryzias_latipes_asm223467v1 ENSORLG00000028668
oryzias_latipes_asm223471v1 ENSORLG00020001845
oryzias_latipes_asm223469v1 ENSORLG00015006222
oryzias_melastigma ENSOMEG00000004314
maylandia_zebra ENSMZEG00005015552
maylandia_zebra ENSMZEG00005023174
astatotilapia_calliptera ENSACLG00000011518
haplochromis_burtoni ENSHBUG00000003932
pundamilia_nyererei ENSPNYG00000020509
neolamprologus_brichardi ENSNBRG00000016790
oreochromis_niloticus ENSONIG00000004386
amphilophus_citrinellus ENSACIG00000014648
mastacembelus_armatus ENSMAMG00000012544
anabas_testudineus ENSATEG00000012530
kryptolebias_marmoratus ENSKMAG00000013088
seriola_dumerili ENSSDUG00000013446
seriola_lalandi_dorsalis ENSSLDG00000015386
scophthalmus_maximus ENSSMAG00000017153
monopterus_albus ENSMALG00000020322
amphiprion_ocellaris ENSAOCG00000012351
amphiprion_percula ENSAPEG00000005799
acanthochromis_polyacanthus ENSAPOG00000016567
stegastes_partitus ENSSPAG00000000977
hippocampus_comes ENSHCOG00000006491
takifugu_rubripes ENSTRUG00000014593
tetraodon_nigroviridis ENSTNIG00000011800
mola_mola ENSMMOG00000016214
labrus_bergylta ENSLBEG00000003670
gasterosteus_aculeatus ENSGACG00000020359
periophthalmus_magnuspinnatus ENSPMGG00000002660
esox_lucius ENSELUG00000008656
scleropages_formosus ENSSFOG00015008172
paramormyrops_kingsleyae ENSPKIG00000025616
lepisosteus_oculatus ENSLOCG00000001838
astyanax_mexicanus ENSAMXG00000039546
pygocentrus_nattereri ENSPNAG00000009537
dasypus_novemcinctus ENSDNOG00000048762
loxodonta_africana ENSLAFG00000001334
equus_caballus ENSECAG00000023968
equus_asinus_asinus ENSEASG00005018571
panthera_tigris_altaica ENSPTIG00000013477
felis_catus ENSFCAG00000027435
panthera_pardus ENSPPRG00000022666
myotis_lucifugus ENSMLUG00000016799
spermophilus_dauricus ENSSDAG00000004075
spermophilus_dauricus ENSSDAG00000004065
urocitellus_parryii ENSUPAG00010016270
ictidomys_tridecemlineatus ENSSTOG00000028724
marmota_marmota_marmota ENSMMMG00000016467
carlito_syrichta ENSTSYG00000035233
heterocephalus_glaber_hetgla_1.0 ENSHGLG00100007353
heterocephalus_glaber_hetgla_female_1.0 ENSHGLG00000004659
fukomys_damarensis ENSFDAG00000002837
chinchilla_lanigera ENSCLAG00000006995
mus_spicilegus ENSMSIG00000017478
mus_musculus_strain_reference_cl57bl6 ENSMUSG00000034525
mus_spretus_strain_spret/eij MGP_SPRETEiJ_G0019578
mus_caroli_strain_caroli_eij MGP_CAROLIEiJ_G0018694
mus_pahari_strain_pahari_eij MGP_PahariEiJ_G0015775
rattus_norvegicus ENSRNOG00000023053
meriones_unguiculatus ENSMUGG00000013958
cricetulus_griseus_crigri-picr ENSCGRG00015007994
cricetulus_griseus_crigri_1.0 ENSCGRG00000010297
cricetulus_griseus_chok1gs_hdv1 ENSCGRG00001024420
mesocricetus_auratus ENSMAUG00000008753
peromyscus_maniculatus_bairdii ENSPEMG00000029176
meriones_unguiculatus ENSMUGG00000013974
castor_canadensis ENSCCNG00000012513
oryctolagus_cuniculus ENSOCUG00000022005
mandrillus_leucophaeus ENSMLEG00000033241
cercocebus_atys ENSCATG00000039347
chlorocebus_sabaeus ENSCSAG00000017344
macaca_fascicularis ENSMFAG00000037172
macaca_mulatta ENSMMUG00000001063
macaca_nemestrina ENSMNEG00000035013
papio_anubis ENSPANG00000010601
theropithecus_gelada ENSTGEG00000000987
rhinopithecus_roxellana ENSRROG00000031153
rhinopithecus_bieti ENSRBIG00000027772
colobus_angolensis_palliatus ENSCANG00000029070
piliocolobus_tephrosceles ENSPTEG00000021352
pan_paniscus ENSPPAG00000039831
pan_troglodytes ENSPTRG00000016711
gorilla_gorilla ENSGGOG00000025867
homo_sapiens ENSG00000164151
pongo_abelii ENSPPYG00000015329
nomascus_leucogenys ENSNLEG00000011296
saimiri_boliviensis_boliviensis ENSSBOG00000018773
cebus_capucinus_imitator ENSCCAG00000027588
callithrix_jacchus ENSCJAG00000008637
aotus_nancymaae ENSANAG00000023554
propithecus_coquereli ENSPCOG00000015680
prolemur_simus ENSPSMG00000009793
microcebus_murinus ENSMICG00000028221
otolemur_garnettii ENSOGAG00000029817
jaculus_jaculus ENSJJAG00000010916
ursus_maritimus ENSUMAG00000021400
ailuropoda_melanoleuca ENSAMEG00000005383
neovison_vison ENSNVIG00000000134
mustela_putorius_furo ENSMPUG00000007595
vulpes_vulpes ENSVVUG00000017667
canis_lupus_familiaris ENSCAFG00000010355
bison_bison_bison ENSBBBG00000000735
bos_taurus ENSBTAG00000018501
capra_hircus ENSCHIG00000024007
ovis_aries ENSOARG00000015339
sus_scrofa ENSSSCG00000031547
equus_asinus_asinus ENSEASG00005018569
bos_mutus ENSBMUG00000022596
ursus_americanus ENSUAMG00000023553
pteropus_vampyrus ENSPVAG00000004215
tursiops_truncatus ENSTTRG00000017079
sorex_araneus ENSSARG00000004026
ochotona_princeps ENSOPRG00000013244
procavia_capensis ENSPCAG00000002369
echinops_telfairi ENSETEG00000010960
choloepus_hoffmanni ENSCHOG00000004455
notamacropus_eugenii ENSMEUG00000008560
phascolarctos_cinereus ENSPCIG00000012781
sarcophilus_harrisii ENSSHAG00000018751
monodelphis_domestica ENSMODG00000001540
ornithorhynchus_anatinus ENSOANG00000001751
apteryx_owenii ENSAOWG00000004909
nothoprocta_perdicaria ENSNPEG00000014787
gallus_gallus ENSGALG00000035050
gallus_gallus ENSGALG00000045953
gallus_gallus ENSGALG00000047009
meleagris_gallopavo ENSMGAG00000001192
gadus_morhua ENSGMOG00000005369
tetraodon_nigroviridis ENSTNIG00000000537
pygocentrus_nattereri ENSPNAG00000001809
astyanax_mexicanus ENSAMXG00000042159
ictalurus_punctatus ENSIPUG00000001024
danio_rerio ENSDARG00000058461
hippocampus_comes ENSHCOG00000000919
scleropages_formosus ENSSFOG00015003528
paramormyrops_kingsleyae ENSPKIG00000020458
ursus_americanus ENSUAMG00000008419
canis_lupus_dingo ENSCAFG00020022877
sus_scrofa ENSSSCG00000017108
dipodomys_ordii ENSDORG00000025435
microtus_ochrogaster ENSMOCG00000001781
cavia_porcellus ENSCPOG00000039980
nannospalax_galili ENSNGAG00000004793
notechis_scutatus ENSNSUG00000010240
poecilia_formosa ENSPFOG00000016745
poecilia_latipinna ENSPLAG00000000079
poecilia_mexicana ENSPMEG00000009961
poecilia_reticulata ENSPREG00000011224
gambusia_affinis ENSGAFG00000000181
xiphophorus_couchianus ENSXCOG00000016235
xiphophorus_maculatus ENSXMAG00000013833
cyprinodon_variegatus ENSCVAG00000008487
kryptolebias_marmoratus ENSKMAG00000019901
oryzias_latipes_asm223471v1 ENSORLG00020022660
oryzias_latipes_asm223469v1 ENSORLG00015006360
oryzias_latipes_asm223467v1 ENSORLG00000005184
oryzias_melastigma ENSOMEG00000014033
amphiprion_ocellaris ENSAOCG00000013520
amphiprion_percula ENSAPEG00000015492
acanthochromis_polyacanthus ENSAPOG00000018115
stegastes_partitus ENSSPAG00000017429
astatotilapia_calliptera ENSACLG00000016786
maylandia_zebra ENSMZEG00005001791
pundamilia_nyererei ENSPNYG00000008193
haplochromis_burtoni ENSHBUG00000005427
neolamprologus_brichardi ENSNBRG00000009248
oreochromis_niloticus ENSONIG00000007128
scophthalmus_maximus ENSSMAG00000003922
gasterosteus_aculeatus ENSGACG00000006535
mastacembelus_armatus ENSMAMG00000024029
monopterus_albus ENSMALG00000018671
anabas_testudineus ENSATEG00000024192
seriola_dumerili ENSSDUG00000014846
seriola_lalandi_dorsalis ENSSLDG00000019767
mola_mola ENSMMOG00000008542
labrus_bergylta ENSLBEG00000021621
takifugu_rubripes ENSTRUG00000006735
amphilophus_citrinellus ENSACIG00000014216
fundulus_heteroclitus ENSFHEG00000006100
cynoglossus_semilaevis ENSCSEG00000003893
periophthalmus_magnuspinnatus ENSPMGG00000007995
lepisosteus_oculatus ENSLOCG00000008797
chelonoidis_abingdonii ENSCABG00000008906
salvator_merianae ENSSMRG00000015530
pogona_vitticeps ENSPVIG00000010723
sphenodon_punctatus ENSSPUG00000014759
latimeria_chalumnae ENSLACG00000009652
octodon_degus ENSODEG00000018278
apteryx_rowi ENSARWG00000004865
apteryx_haastii ENSAHAG00000016504
dromaius_novaehollandiae ENSDNVG00000005369
cyanistes_caeruleus ENSCCEG00000017506
parus_major ENSPMJG00000018057
ficedula_albicollis ENSFALG00000013170
taeniopygia_guttata ENSTGUG00000007087
lonchura_striata_domestica ENSLSDG00000001650
serinus_canaria ENSSCAG00000010663
junco_hyemalis ENSJHYG00000009566
zonotrichia_albicollis ENSZALG00000011402
manacus_vitellinus ENSMVIG00005015658
lepidothrix_coronata ENSLCOG00000011597
melopsittacus_undulatus ENSMUNG00000015734
calidris_pugnax ENSCPUG00000016012
calidris_pygmaea ENSCPGG00000015309
coturnix_japonica ENSCJPG00005018729
coturnix_japonica ENSCJPG00005018728
numida_meleagris ENSNMEG00000001341
anser_brachyrhynchus ENSABRG00000013533
anas_platyrhynchos_platyrhynchos ENSAPLG00000027178
crocodylus_porosus ENSCPRG00005012478
chrysemys_picta_bellii ENSCPBG00000016289
pelodiscus_sinensis ENSPSIG00000014439
anolis_carolinensis ENSACAG00000000805
eptatretus_burgeri ENSEBUG00000016020
ciona_savignyi ENSCSAVG00000007161
ciona_intestinalis ENSCING00000013608
drosophila_melanogaster FBgn0025809
