mastacembelus_armatus ENSMAMG00000019721
anabas_testudineus ENSATEG00000019799
maylandia_zebra ENSMZEG00005001110
astatotilapia_calliptera ENSACLG00000019686
haplochromis_burtoni ENSHBUG00000018404
pundamilia_nyererei ENSPNYG00000010172
neolamprologus_brichardi ENSNBRG00000009730
oreochromis_niloticus ENSONIG00000009534
amphilophus_citrinellus ENSACIG00000017759
seriola_lalandi_dorsalis ENSSLDG00000016341
seriola_dumerili ENSSDUG00000021542
takifugu_rubripes ENSTRUG00000003743
tetraodon_nigroviridis ENSTNIG00000011282
mola_mola ENSMMOG00000020185
fundulus_heteroclitus ENSFHEG00000005426
cyprinodon_variegatus ENSCVAG00000006676
xiphophorus_maculatus ENSXMAG00000012979
xiphophorus_couchianus ENSXCOG00000018279
gambusia_affinis ENSGAFG00000005118
poecilia_formosa ENSPFOG00000018400
poecilia_latipinna ENSPLAG00000014814
poecilia_mexicana ENSPMEG00000022857
poecilia_reticulata ENSPREG00000013134
kryptolebias_marmoratus ENSKMAG00000008240
oryzias_latipes_asm223467v1 ENSORLG00000000839
oryzias_latipes_asm223469v1 ENSORLG00015009454
oryzias_latipes_asm223471v1 ENSORLG00020018353
oryzias_melastigma ENSOMEG00000014379
amphiprion_ocellaris ENSAOCG00000016171
amphiprion_percula ENSAPEG00000018867
acanthochromis_polyacanthus ENSAPOG00000009741
stegastes_partitus ENSSPAG00000015413
monopterus_albus ENSMALG00000020603
labrus_bergylta ENSLBEG00000004354
gasterosteus_aculeatus ENSGACG00000014982
scophthalmus_maximus ENSSMAG00000014202
hippocampus_comes ENSHCOG00000007497
periophthalmus_magnuspinnatus ENSPMGG00000019551
esox_lucius ENSELUG00000011364
pygocentrus_nattereri ENSPNAG00000003005
astyanax_mexicanus ENSAMXG00000014485
ictalurus_punctatus ENSIPUG00000001342
danio_rerio ENSDARG00000070256
paramormyrops_kingsleyae ENSPKIG00000006402
scleropages_formosus ENSSFOG00015004368
paramormyrops_kingsleyae ENSPKIG00000004739
scleropages_formosus ENSSFOG00015005992
labrus_bergylta ENSLBEG00000002022
monopterus_albus ENSMALG00000021078
amphiprion_ocellaris ENSAOCG00000016893
amphiprion_percula ENSAPEG00000023614
acanthochromis_polyacanthus ENSAPOG00000015809
stegastes_partitus ENSSPAG00000010969
astatotilapia_calliptera ENSACLG00000006709
maylandia_zebra ENSMZEG00005023896
pundamilia_nyererei ENSPNYG00000002302
haplochromis_burtoni ENSHBUG00000018647
neolamprologus_brichardi ENSNBRG00000000232
oreochromis_niloticus ENSONIG00000018096
amphilophus_citrinellus ENSACIG00000004342
poecilia_formosa ENSPFOG00000014624
poecilia_mexicana ENSPMEG00000019364
poecilia_latipinna ENSPLAG00000010181
poecilia_reticulata ENSPREG00000012644
xiphophorus_maculatus ENSXMAG00000017579
xiphophorus_couchianus ENSXCOG00000013652
gambusia_affinis ENSGAFG00000008293
fundulus_heteroclitus ENSFHEG00000005183
cyprinodon_variegatus ENSCVAG00000023432
kryptolebias_marmoratus ENSKMAG00000021663
oryzias_latipes_asm223467v1 ENSORLG00000003511
oryzias_latipes_asm223471v1 ENSORLG00020010430
oryzias_latipes_asm223469v1 ENSORLG00015008840
oryzias_melastigma ENSOMEG00000017539
anabas_testudineus ENSATEG00000003420
mastacembelus_armatus ENSMAMG00000002116
seriola_dumerili ENSSDUG00000000347
seriola_lalandi_dorsalis ENSSLDG00000016660
scophthalmus_maximus ENSSMAG00000014804
gasterosteus_aculeatus ENSGACG00000019421
mola_mola ENSMMOG00000008666
takifugu_rubripes ENSTRUG00000012137
tetraodon_nigroviridis ENSTNIG00000003234
cynoglossus_semilaevis ENSCSEG00000013395
hippocampus_comes ENSHCOG00000017321
periophthalmus_magnuspinnatus ENSPMGG00000009551
gadus_morhua ENSGMOG00000011953
esox_lucius ENSELUG00000006584
pygocentrus_nattereri ENSPNAG00000027350
astyanax_mexicanus ENSAMXG00000009503
ictalurus_punctatus ENSIPUG00000022667
danio_rerio ENSDARG00000098924
lepisosteus_oculatus ENSLOCG00000013792
phascolarctos_cinereus ENSPCIG00000029986
sarcophilus_harrisii ENSSHAG00000018761
notamacropus_eugenii ENSMEUG00000016195
monodelphis_domestica ENSMODG00000019204
loxodonta_africana ENSLAFG00000003833
procavia_capensis ENSPCAG00000005764
echinops_telfairi ENSETEG00000008024
dasypus_novemcinctus ENSDNOG00000048792
choloepus_hoffmanni ENSCHOG00000001223
mus_spretus_strain_spret/eij MGP_SPRETEiJ_G0017673
mus_spicilegus ENSMSIG00000008361
mus_musculus_strain_reference_cl57bl6 ENSMUSG00000017548
mus_caroli_strain_caroli_eij MGP_CAROLIEiJ_G0016829
mus_pahari_strain_pahari_eij MGP_PahariEiJ_G0017966
rattus_norvegicus ENSRNOG00000058663
meriones_unguiculatus ENSMUGG00000003297
cricetulus_griseus_crigri-picr ENSCGRG00015014418
cricetulus_griseus_crigri_1.0 ENSCGRG00000007667
cricetulus_griseus_chok1gs_hdv1 ENSCGRG00001012460
mesocricetus_auratus ENSMAUG00000001677
peromyscus_maniculatus_bairdii ENSPEMG00000019235
microtus_ochrogaster ENSMOCG00000019023
nannospalax_galili ENSNGAG00000019582
jaculus_jaculus ENSJJAG00000018934
dipodomys_ordii ENSDORG00000000460
ictidomys_tridecemlineatus ENSSTOG00000022754
spermophilus_dauricus ENSSDAG00000023949
urocitellus_parryii ENSUPAG00010022503
marmota_marmota_marmota ENSMMMG00000012866
heterocephalus_glaber_hetgla_1.0 ENSHGLG00100012325
heterocephalus_glaber_hetgla_female_1.0 ENSHGLG00000010885
fukomys_damarensis ENSFDAG00000011306
cavia_porcellus ENSCPOG00000024628
cavia_aperea ENSCAPG00000006606
octodon_degus ENSODEG00000013459
chinchilla_lanigera ENSCLAG00000008281
castor_canadensis ENSCCNG00000015844
oryctolagus_cuniculus ENSOCUG00000002536
ochotona_princeps ENSOPRG00000010189
propithecus_coquereli ENSPCOG00000014564
microcebus_murinus ENSMICG00000002637
prolemur_simus ENSPSMG00000016122
otolemur_garnettii ENSOGAG00000016923
pan_troglodytes ENSPTRG00000048549
pan_troglodytes ENSPTRG00000051958
pan_troglodytes ENSPTRG00000008980
pan_paniscus ENSPPAG00000018380
homo_sapiens ENSG00000178691
gorilla_gorilla ENSGGOG00000010352
pongo_abelii ENSPPYG00000008140
nomascus_leucogenys ENSNLEG00000011117
theropithecus_gelada ENSTGEG00000013228
mandrillus_leucophaeus ENSMLEG00000034340
macaca_mulatta ENSMMUG00000001116
macaca_nemestrina ENSMNEG00000030008
macaca_fascicularis ENSMFAG00000040091
cercocebus_atys ENSCATG00000045058
papio_anubis ENSPANG00000023097
chlorocebus_sabaeus ENSCSAG00000006586
piliocolobus_tephrosceles ENSPTEG00000002579
colobus_angolensis_palliatus ENSCANG00000040401
rhinopithecus_roxellana ENSRROG00000037095
rhinopithecus_bieti ENSRBIG00000035000
cebus_capucinus_imitator ENSCCAG00000037725
saimiri_boliviensis_boliviensis ENSSBOG00000026122
callithrix_jacchus ENSCJAG00000014133
aotus_nancymaae ENSANAG00000025936
carlito_syrichta ENSTSYG00000002995
tupaia_belangeri ENSTBEG00000006484
myotis_lucifugus ENSMLUG00000023831
pteropus_vampyrus ENSPVAG00000015760
neovison_vison ENSNVIG00000018784
mustela_putorius_furo ENSMPUG00000014641
ursus_americanus ENSUAMG00000014201
ursus_maritimus ENSUMAG00000015161
ailuropoda_melanoleuca ENSAMEG00000005490
canis_lupus_familiaris ENSCAFG00000018498
canis_lupus_dingo ENSCAFG00020014688
vulpes_vulpes ENSVVUG00000012214
panthera_pardus ENSPPRG00000021306
panthera_tigris_altaica ENSPTIG00000010329
felis_catus ENSFCAG00000023797
tursiops_truncatus ENSTTRG00000009914
vicugna_pacos ENSVPAG00000005783
bos_mutus ENSBMUG00000010551
bos_taurus ENSBTAG00000018752
bison_bison_bison ENSBBBG00000004153
capra_hircus ENSCHIG00000026246
ovis_aries ENSOARG00000013017
sus_scrofa ENSSSCG00000017744
equus_caballus ENSECAG00000019997
equus_asinus_asinus ENSEASG00005010872
erinaceus_europaeus ENSEEUG00000011578
sorex_araneus ENSSARG00000011254
ornithorhynchus_anatinus ENSOANG00000005252
anser_brachyrhynchus ENSABRG00000011991
anas_platyrhynchos_platyrhynchos ENSAPLG00000006190
meleagris_gallopavo ENSMGAG00000008085
coturnix_japonica ENSCJPG00005021394
numida_meleagris ENSNMEG00000006471
lonchura_striata_domestica ENSLSDG00000015420
taeniopygia_guttata ENSTGUG00000004968
serinus_canaria ENSSCAG00000014176
junco_hyemalis ENSJHYG00000013205
zonotrichia_albicollis ENSZALG00000017538
ficedula_albicollis ENSFALG00000002283
parus_major ENSPMJG00000018070
cyanistes_caeruleus ENSCCEG00000016879
lepidothrix_coronata ENSLCOG00000000739
manacus_vitellinus ENSMVIG00005011422
melopsittacus_undulatus ENSMUNG00000000275
calidris_pygmaea ENSCPGG00000000360
calidris_pugnax ENSCPUG00000001823
apteryx_owenii ENSAOWG00000003237
apteryx_haastii ENSAHAG00000011706
apteryx_rowi ENSARWG00000007756
dromaius_novaehollandiae ENSDNVG00000011855
nothoprocta_perdicaria ENSNPEG00000005696
crocodylus_porosus ENSCPRG00005001886
chelonoidis_abingdonii ENSCABG00000004805
gopherus_agassizii ENSGAGG00000004828
chrysemys_picta_bellii ENSCPBG00000004675
pelodiscus_sinensis ENSPSIG00000013201
anolis_carolinensis ENSACAG00000009504
pogona_vitticeps ENSPVIG00000000622
notechis_scutatus ENSNSUG00000001827
salvator_merianae ENSSMRG00000005840
sphenodon_punctatus ENSSPUG00000005244
xenopus_tropicalis ENSXETG00000020055
latimeria_chalumnae ENSLACG00000017067
petromyzon_marinus ENSPMAG00000009554
eptatretus_burgeri ENSEBUG00000007109
ciona_savignyi ENSCSAVG00000006267
ciona_intestinalis ENSCING00000014546
drosophila_melanogaster FBgn0020887
saccharomyces_cerevisiae_strain_s288c YMR091C
