ciona_intestinalis ENSCING00000019860
ciona_intestinalis ENSCING00000024622
ciona_savignyi ENSCSAVG00000003231
ciona_intestinalis ENSCING00000024316
ciona_savignyi ENSCSAVG00000006511
ciona_intestinalis ENSCING00000017067
ciona_intestinalis ENSCING00000018272
ciona_savignyi ENSCSAVG00000006987
ciona_savignyi ENSCSAVG00000001126
ciona_savignyi ENSCSAVG00000001273
ciona_savignyi ENSCSAVG00000001277
ciona_savignyi ENSCSAVG00000001278
ciona_savignyi ENSCSAVG00000001189
ciona_savignyi ENSCSAVG00000000299
castor_canadensis ENSCCNG00000030467
dipodomys_ordii ENSDORG00000015633
oryctolagus_cuniculus ENSOCUG00000006194
ochotona_princeps ENSOPRG00000016216
tupaia_belangeri ENSTBEG00000017243
propithecus_coquereli ENSPCOG00000020945
prolemur_simus ENSPSMG00000003553
microcebus_murinus ENSMICG00000032018
microcebus_murinus ENSMICG00000017770
homo_sapiens ENSG00000115919
gorilla_gorilla ENSGGOG00000007406
pan_troglodytes ENSPTRG00000012509
pan_paniscus ENSPPAG00000008434
pongo_abelii ENSPPYG00000012827
nomascus_leucogenys ENSNLEG00000008970
theropithecus_gelada ENSTGEG00000003080
papio_anubis ENSPANG00000019763
mandrillus_leucophaeus ENSMLEG00000043940
cercocebus_atys ENSCATG00000038620
chlorocebus_sabaeus ENSCSAG00000016218
macaca_nemestrina ENSMNEG00000028278
macaca_fascicularis ENSMFAG00000041160
macaca_mulatta ENSMMUG00000021330
rhinopithecus_bieti ENSRBIG00000040258
rhinopithecus_roxellana ENSRROG00000014406
colobus_angolensis_palliatus ENSCANG00000039626
piliocolobus_tephrosceles ENSPTEG00000023148
saimiri_boliviensis_boliviensis ENSSBOG00000029002
cebus_capucinus_imitator ENSCCAG00000028624
callithrix_jacchus ENSCJAG00000012322
aotus_nancymaae ENSANAG00000035940
carlito_syrichta ENSTSYG00000014252
otolemur_garnettii ENSOGAG00000001979
mus_spicilegus ENSMSIG00000004470
mus_spretus_strain_spret/eij MGP_SPRETEiJ_G0024458
mus_musculus_strain_reference_cl57bl6 ENSMUSG00000026866
mus_caroli_strain_caroli_eij MGP_CAROLIEiJ_G0023538
mus_pahari_strain_pahari_eij MGP_PahariEiJ_G0024989
rattus_norvegicus ENSRNOG00000029993
meriones_unguiculatus ENSMUGG00000012544
peromyscus_maniculatus_bairdii ENSPEMG00000011128
microtus_ochrogaster ENSMOCG00000018120
cricetulus_griseus_chok1gs_hdv1 ENSCGRG00001005556
cricetulus_griseus_crigri-picr ENSCGRG00015003035
cricetulus_griseus_crigri_1.0 ENSCGRG00000000929
mesocricetus_auratus ENSMAUG00000013067
nannospalax_galili ENSNGAG00000015519
spermophilus_dauricus ENSSDAG00000020893
urocitellus_parryii ENSUPAG00010004892
ictidomys_tridecemlineatus ENSSTOG00000009286
marmota_marmota_marmota ENSMMMG00000021410
jaculus_jaculus ENSJJAG00000011644
chinchilla_lanigera ENSCLAG00000005935
octodon_degus ENSODEG00000003172
cavia_porcellus ENSCPOG00000011220
cavia_aperea ENSCAPG00000008030
heterocephalus_glaber_hetgla_female_1.0 ENSHGLG00000014874
heterocephalus_glaber_hetgla_1.0 ENSHGLG00100018340
fukomys_damarensis ENSFDAG00000020140
dasypus_novemcinctus ENSDNOG00000047141
pteropus_vampyrus ENSPVAG00000003239
myotis_lucifugus ENSMLUG00000003786
sorex_araneus ENSSARG00000007809
erinaceus_europaeus ENSEEUG00000002067
bos_mutus ENSBMUG00000019768
bos_taurus ENSBTAG00000032277
bison_bison_bison ENSBBBG00000012350
capra_hircus ENSCHIG00000025717
ovis_aries ENSOARG00000009938
tursiops_truncatus ENSTTRG00000016268
sus_scrofa ENSSSCG00000015673
vicugna_pacos ENSVPAG00000001885
equus_asinus_asinus ENSEASG00005023479
equus_caballus ENSECAG00000018188
ursus_maritimus ENSUMAG00000006355
ursus_americanus ENSUAMG00000016718
ailuropoda_melanoleuca ENSAMEG00000013126
mustela_putorius_furo ENSMPUG00000003685
neovison_vison ENSNVIG00000003686
canis_lupus_familiaris ENSCAFG00000005466
canis_lupus_dingo ENSCAFG00020016256
vulpes_vulpes ENSVVUG00000010732
panthera_pardus ENSPPRG00000004587
panthera_tigris_altaica ENSPTIG00000018174
felis_catus ENSFCAG00000018501
choloepus_hoffmanni ENSCHOG00000005566
dasypus_novemcinctus ENSDNOG00000037199
loxodonta_africana ENSLAFG00000002172
echinops_telfairi ENSETEG00000016977
procavia_capensis ENSPCAG00000016184
ornithorhynchus_anatinus ENSOANG00000028587
phascolarctos_cinereus ENSPCIG00000007256
notamacropus_eugenii ENSMEUG00000006903
sarcophilus_harrisii ENSSHAG00000009141
monodelphis_domestica ENSMODG00000002997
ornithorhynchus_anatinus ENSOANG00000010983
ornithorhynchus_anatinus ENSOANG00000028798
ornithorhynchus_anatinus ENSOANG00000029767
melopsittacus_undulatus ENSMUNG00000000375
melopsittacus_undulatus ENSMUNG00000000369
lonchura_striata_domestica ENSLSDG00000008886
taeniopygia_guttata ENSTGUG00000011872
serinus_canaria ENSSCAG00000008360
junco_hyemalis ENSJHYG00000002464
zonotrichia_albicollis ENSZALG00000012037
ficedula_albicollis ENSFALG00000013835
parus_major ENSPMJG00000019969
cyanistes_caeruleus ENSCCEG00000013634
manacus_vitellinus ENSMVIG00005006676
lepidothrix_coronata ENSLCOG00000004683
calidris_pugnax ENSCPUG00000007990
calidris_pygmaea ENSCPGG00000015048
anas_platyrhynchos_platyrhynchos ENSAPLG00000008142
anser_brachyrhynchus ENSABRG00000008161
gallus_gallus ENSGALG00000012418
coturnix_japonica ENSCJPG00005020492
meleagris_gallopavo ENSMGAG00000012615
numida_meleagris ENSNMEG00000001139
apteryx_owenii ENSAOWG00000016390
apteryx_rowi ENSARWG00000002189
apteryx_haastii ENSAHAG00000002109
dromaius_novaehollandiae ENSDNVG00000006856
nothoprocta_perdicaria ENSNPEG00000013439
crocodylus_porosus ENSCPRG00005007454
pelodiscus_sinensis ENSPSIG00000016260
pelodiscus_sinensis ENSPSIG00000016520
chelonoidis_abingdonii ENSCABG00000010485
gopherus_agassizii ENSGAGG00000019982
chrysemys_picta_bellii ENSCPBG00000000379
sphenodon_punctatus ENSSPUG00000008214
anolis_carolinensis ENSACAG00000003164
pogona_vitticeps ENSPVIG00000005309
notechis_scutatus ENSNSUG00000010362
salvator_merianae ENSSMRG00000023482
xenopus_tropicalis ENSXETG00000032399
latimeria_chalumnae ENSLACG00000022171
takifugu_rubripes ENSTRUG00000005436
tetraodon_nigroviridis ENSTNIG00000017171
mola_mola ENSMMOG00000012834
gasterosteus_aculeatus ENSGACG00000015629
hippocampus_comes ENSHCOG00000008024
poecilia_formosa ENSPFOG00000004972
poecilia_latipinna ENSPLAG00000002728
poecilia_mexicana ENSPMEG00000009799
poecilia_reticulata ENSPREG00000022003
xiphophorus_couchianus ENSXCOG00000016808
xiphophorus_maculatus ENSXMAG00000010565
gambusia_affinis ENSGAFG00000020458
fundulus_heteroclitus ENSFHEG00000020917
cyprinodon_variegatus ENSCVAG00000022823
kryptolebias_marmoratus ENSKMAG00000004049
oryzias_latipes_asm223467v1 ENSORLG00000005074
oryzias_latipes_asm223471v1 ENSORLG00020017053
oryzias_latipes_asm223469v1 ENSORLG00015015281
oryzias_melastigma ENSOMEG00000006650
cynoglossus_semilaevis ENSCSEG00000003441
mastacembelus_armatus ENSMAMG00000022510
monopterus_albus ENSMALG00000007009
anabas_testudineus ENSATEG00000013173
seriola_lalandi_dorsalis ENSSLDG00000010706
seriola_dumerili ENSSDUG00000013315
scophthalmus_maximus ENSSMAG00000013344
maylandia_zebra ENSMZEG00005015818
astatotilapia_calliptera ENSACLG00000014420
pundamilia_nyererei ENSPNYG00000022184
haplochromis_burtoni ENSHBUG00000009358
neolamprologus_brichardi ENSNBRG00000014995
oreochromis_niloticus ENSONIG00000012265
amphilophus_citrinellus ENSACIG00000024414
amphiprion_ocellaris ENSAOCG00000019436
amphiprion_percula ENSAPEG00000001534
acanthochromis_polyacanthus ENSAPOG00000013664
acanthochromis_polyacanthus ENSAPOG00000019528
monopterus_albus ENSMALG00000012321
stegastes_partitus ENSSPAG00000002884
labrus_bergylta ENSLBEG00000011045
labrus_bergylta ENSLBEG00000013901
periophthalmus_magnuspinnatus ENSPMGG00000004566
gadus_morhua ENSGMOG00000010973
esox_lucius ENSELUG00000015091
pygocentrus_nattereri ENSPNAG00000023936
astyanax_mexicanus ENSAMXG00000005061
ictalurus_punctatus ENSIPUG00000017535
danio_rerio ENSDARG00000099546
scleropages_formosus ENSSFOG00015006641
paramormyrops_kingsleyae ENSPKIG00000012039
lepisosteus_oculatus ENSLOCG00000001250
eptatretus_burgeri ENSEBUG00000016067
petromyzon_marinus ENSPMAG00000007798
caenorhabditis_elegans_strain_n2 WBGene00015802
saccharomyces_cerevisiae_strain_s288c YLR231C
