eptatretus_burgeri ENSEBUG00000013177
eptatretus_burgeri ENSEBUG00000010875
notechis_scutatus ENSNSUG00000014526
notechis_scutatus ENSNSUG00000014525
pogona_vitticeps ENSPVIG00000023418
anolis_carolinensis ENSACAG00000011637
salvator_merianae ENSSMRG00000000911
sphenodon_punctatus ENSSPUG00000003408
nothoprocta_perdicaria ENSNPEG00000004917
nothoprocta_perdicaria ENSNPEG00000004905
apteryx_haastii ENSAHAG00000010816
apteryx_owenii ENSAOWG00000006638
apteryx_rowi ENSARWG00000007846
dromaius_novaehollandiae ENSDNVG00000003029
anas_platyrhynchos_platyrhynchos ENSAPLG00000014606
anser_brachyrhynchus ENSABRG00000017767
gallus_gallus ENSGALG00000041435
gallus_gallus ENSGALG00000047376
coturnix_japonica ENSCJPG00005014216
meleagris_gallopavo ENSMGAG00000013101
numida_meleagris ENSNMEG00000006219
crocodylus_porosus ENSCPRG00005002240
chelonoidis_abingdonii ENSCABG00000003538
chelonoidis_abingdonii ENSCABG00000003537
gopherus_agassizii ENSGAGG00000010823
chrysemys_picta_bellii ENSCPBG00000024674
pelodiscus_sinensis ENSPSIG00000016684
phascolarctos_cinereus ENSPCIG00000029314
notamacropus_eugenii ENSMEUG00000007148
sarcophilus_harrisii ENSSHAG00000011996
monodelphis_domestica ENSMODG00000017277
marmota_marmota_marmota ENSMMMG00000017625
marmota_marmota_marmota ENSMMMG00000017632
ictidomys_tridecemlineatus ENSSTOG00000014542
urocitellus_parryii ENSUPAG00010014983
spermophilus_dauricus ENSSDAG00000001407
chinchilla_lanigera ENSCLAG00000007281
octodon_degus ENSODEG00000011746
cavia_porcellus ENSCPOG00000007264
cavia_aperea ENSCAPG00000016427
fukomys_damarensis ENSFDAG00000017345
castor_canadensis ENSCCNG00000021056
dipodomys_ordii ENSDORG00000001594
mus_spretus_strain_spret/eij MGP_SPRETEiJ_G0026168
mus_spicilegus ENSMSIG00000027707
mus_musculus_strain_reference_cl57bl6 ENSMUSG00000027939
mus_caroli_strain_caroli_eij MGP_CAROLIEiJ_G0025225
mus_pahari_strain_pahari_eij MGP_PahariEiJ_G0026669
rattus_norvegicus ENSRNOG00000055790
meriones_unguiculatus ENSMUGG00000006959
peromyscus_maniculatus_bairdii ENSPEMG00000012090
microtus_ochrogaster ENSMOCG00000005456
cricetulus_griseus_chok1gs_hdv1 ENSCGRG00001002603
cricetulus_griseus_crigri-picr ENSCGRG00015005974
cricetulus_griseus_crigri_1.0 ENSCGRG00000006176
mesocricetus_auratus ENSMAUG00000020701
nannospalax_galili ENSNGAG00000005884
jaculus_jaculus ENSJJAG00000010321
oryctolagus_cuniculus ENSOCUG00000011794
ochotona_princeps ENSOPRG00000000202
pan_troglodytes ENSPTRG00000001372
pan_paniscus ENSPPAG00000024740
homo_sapiens ENSG00000143552
gorilla_gorilla ENSGGOG00000014209
pongo_abelii ENSPPYG00000000788
nomascus_leucogenys ENSNLEG00000010922
piliocolobus_tephrosceles ENSPTEG00000035439
piliocolobus_tephrosceles ENSPTEG00000035472
colobus_angolensis_palliatus ENSCANG00000039388
rhinopithecus_roxellana ENSRROG00000036739
macaca_mulatta ENSMMUG00000014952
macaca_fascicularis ENSMFAG00000036694
macaca_nemestrina ENSMNEG00000030106
theropithecus_gelada ENSTGEG00000019950
papio_anubis ENSPANG00000001760
mandrillus_leucophaeus ENSMLEG00000012290
cercocebus_atys ENSCATG00000038338
chlorocebus_sabaeus ENSCSAG00000001910
callithrix_jacchus ENSCJAG00000009801
saimiri_boliviensis_boliviensis ENSSBOG00000033835
cebus_capucinus_imitator ENSCCAG00000028092
aotus_nancymaae ENSANAG00000034116
carlito_syrichta ENSTSYG00000008554
prolemur_simus ENSPSMG00000021418
microcebus_murinus ENSMICG00000010354
propithecus_coquereli ENSPCOG00000012674
otolemur_garnettii ENSOGAG00000003072
tupaia_belangeri ENSTBEG00000012857
ursus_maritimus ENSUMAG00000020243
ursus_americanus ENSUAMG00000024385
ailuropoda_melanoleuca ENSAMEG00000011885
mustela_putorius_furo ENSMPUG00000007880
neovison_vison ENSNVIG00000017372
canis_lupus_dingo ENSCAFG00020009182
canis_lupus_familiaris ENSCAFG00000017362
vulpes_vulpes ENSVVUG00000028380
panthera_tigris_altaica ENSPTIG00000020585
panthera_pardus ENSPPRG00000008018
felis_catus ENSFCAG00000012595
pteropus_vampyrus ENSPVAG00000011097
sorex_araneus ENSSARG00000008880
equus_caballus ENSECAG00000002401
equus_asinus_asinus ENSEASG00005000514
myotis_lucifugus ENSMLUG00000013302
bos_mutus ENSBMUG00000026809
bos_taurus ENSBTAG00000004987
bison_bison_bison ENSBBBG00000002737
ovis_aries ENSOARG00000001813
capra_hircus ENSCHIG00000022403
tursiops_truncatus ENSTTRG00000015783
sus_scrofa ENSSSCG00000038125
vicugna_pacos ENSVPAG00000002905
erinaceus_europaeus ENSEEUG00000015415
choloepus_hoffmanni ENSCHOG00000009576
dasypus_novemcinctus ENSDNOG00000005990
loxodonta_africana ENSLAFG00000007146
procavia_capensis ENSPCAG00000003292
echinops_telfairi ENSETEG00000017355
taeniopygia_guttata ENSTGUG00000015469
taeniopygia_guttata ENSTGUG00000014302
rhinopithecus_bieti ENSRBIG00000031599
ornithorhynchus_anatinus ENSOANG00000012447
latimeria_chalumnae ENSLACG00000004865
pongo_abelii ENSPPYG00000013448
taeniopygia_guttata ENSTGUG00000015816
taeniopygia_guttata ENSTGUG00000015031
ornithorhynchus_anatinus ENSOANG00000028841
pygocentrus_nattereri ENSPNAG00000004198
esox_lucius ENSELUG00000012748
lepisosteus_oculatus ENSLOCG00000006713
eptatretus_burgeri ENSEBUG00000016109
ciona_intestinalis ENSCING00000011565
takifugu_rubripes ENSTRUG00000007616
tetraodon_nigroviridis ENSTNIG00000017937
mola_mola ENSMMOG00000017193
labrus_bergylta ENSLBEG00000006661
hippocampus_comes ENSHCOG00000007802
hippocampus_comes ENSHCOG00000003595
gasterosteus_aculeatus ENSGACG00000000064
mastacembelus_armatus ENSMAMG00000024102
monopterus_albus ENSMALG00000021835
anabas_testudineus ENSATEG00000015201
seriola_lalandi_dorsalis ENSSLDG00000011338
seriola_dumerili ENSSDUG00000000512
scophthalmus_maximus ENSSMAG00000013104
amphiprion_ocellaris ENSAOCG00000007358
amphiprion_percula ENSAPEG00000015229
acanthochromis_polyacanthus ENSAPOG00000012500
stegastes_partitus ENSSPAG00000021484
haplochromis_burtoni ENSHBUG00000021863
maylandia_zebra ENSMZEG00005025890
pundamilia_nyererei ENSPNYG00000005109
neolamprologus_brichardi ENSNBRG00000021969
oreochromis_niloticus ENSONIG00000017176
amphilophus_citrinellus ENSACIG00000003714
xiphophorus_maculatus ENSXMAG00000017633
xiphophorus_couchianus ENSXCOG00000011186
gambusia_affinis ENSGAFG00000015788
poecilia_formosa ENSPFOG00000015584
poecilia_mexicana ENSPMEG00000023046
poecilia_latipinna ENSPLAG00000020151
poecilia_reticulata ENSPREG00000008443
cyprinodon_variegatus ENSCVAG00000013103
fundulus_heteroclitus ENSFHEG00000002917
kryptolebias_marmoratus ENSKMAG00000014183
oryzias_latipes_asm223467v1 ENSORLG00000011390
oryzias_latipes_asm223471v1 ENSORLG00020019165
oryzias_latipes_asm223469v1 ENSORLG00015014345
oryzias_melastigma ENSOMEG00000008219
cynoglossus_semilaevis ENSCSEG00000021425
periophthalmus_magnuspinnatus ENSPMGG00000015516
gadus_morhua ENSGMOG00000017069
esox_lucius ENSELUG00000017911
pygocentrus_nattereri ENSPNAG00000022954
astyanax_mexicanus ENSAMXG00000029488
ictalurus_punctatus ENSIPUG00000016553
danio_rerio ENSDARG00000063333
scleropages_formosus ENSSFOG00015015318
paramormyrops_kingsleyae ENSPKIG00000017842
lepisosteus_oculatus ENSLOCG00000014031
latimeria_chalumnae ENSLACG00000008988
latimeria_chalumnae ENSLACG00000007991
ornithorhynchus_anatinus ENSOANG00000014240
ornithorhynchus_anatinus ENSOANG00000000340
phascolarctos_cinereus ENSPCIG00000004598
notamacropus_eugenii ENSMEUG00000004041
sarcophilus_harrisii ENSSHAG00000018611
sarcophilus_harrisii ENSSHAG00000002746
monodelphis_domestica ENSMODG00000008610
choloepus_hoffmanni ENSCHOG00000003516
dasypus_novemcinctus ENSDNOG00000004113
loxodonta_africana ENSLAFG00000000497
procavia_capensis ENSPCAG00000008028
echinops_telfairi ENSETEG00000005831
pteropus_vampyrus ENSPVAG00000016736
myotis_lucifugus ENSMLUG00000008874
ursus_americanus ENSUAMG00000008762
ursus_maritimus ENSUMAG00000015439
ailuropoda_melanoleuca ENSAMEG00000009583
neovison_vison ENSNVIG00000019785
mustela_putorius_furo ENSMPUG00000017280
canis_lupus_dingo ENSCAFG00020004962
canis_lupus_familiaris ENSCAFG00000004375
vulpes_vulpes ENSVVUG00000018201
felis_catus ENSFCAG00000007505
capra_hircus ENSCHIG00000018468
ovis_aries ENSOARG00000001964
bos_taurus ENSBTAG00000003665
bos_mutus ENSBMUG00000016331
bison_bison_bison ENSBBBG00000001892
tursiops_truncatus ENSTTRG00000001639
sus_scrofa ENSSSCG00000011610
erinaceus_europaeus ENSEEUG00000001352
equus_caballus ENSECAG00000009171
equus_asinus_asinus ENSEASG00005015493
pan_troglodytes ENSPTRG00000014640
pan_paniscus ENSPPAG00000037715
gorilla_gorilla ENSGGOG00000015096
homo_sapiens ENSG00000132182
pongo_abelii ENSPPYG00000013394
nomascus_leucogenys ENSNLEG00000004799
rhinopithecus_roxellana ENSRROG00000041928
rhinopithecus_bieti ENSRBIG00000025156
colobus_angolensis_palliatus ENSCANG00000037028
piliocolobus_tephrosceles ENSPTEG00000012900
cercocebus_atys ENSCATG00000035260
theropithecus_gelada ENSTGEG00000014903
macaca_fascicularis ENSMFAG00000044461
macaca_nemestrina ENSMNEG00000041495
macaca_mulatta ENSMMUG00000015979
mandrillus_leucophaeus ENSMLEG00000038717
papio_anubis ENSPANG00000006878
chlorocebus_sabaeus ENSCSAG00000009474
cebus_capucinus_imitator ENSCCAG00000023331
saimiri_boliviensis_boliviensis ENSSBOG00000030291
callithrix_jacchus ENSCJAG00000016795
aotus_nancymaae ENSANAG00000036448
carlito_syrichta ENSTSYG00000007611
propithecus_coquereli ENSPCOG00000026371
microcebus_murinus ENSMICG00000014165
otolemur_garnettii ENSOGAG00000001970
tupaia_belangeri ENSTBEG00000008138
chinchilla_lanigera ENSCLAG00000014516
octodon_degus ENSODEG00000000309
cavia_aperea ENSCAPG00000015116
cavia_porcellus ENSCPOG00000009066
heterocephalus_glaber_hetgla_female_1.0 ENSHGLG00000008376
heterocephalus_glaber_hetgla_1.0 ENSHGLG00100007330
fukomys_damarensis ENSFDAG00000002492
urocitellus_parryii ENSUPAG00010009188
ictidomys_tridecemlineatus ENSSTOG00000021037
spermophilus_dauricus ENSSDAG00000015595
castor_canadensis ENSCCNG00000027185
dipodomys_ordii ENSDORG00000013458
mus_spretus_strain_spret/eij MGP_SPRETEiJ_G0029674
mus_spicilegus ENSMSIG00000008561
mus_musculus_strain_reference_cl57bl6 ENSMUSG00000030091
mus_caroli_strain_caroli_eij MGP_CAROLIEiJ_G0028649
mus_pahari_strain_pahari_eij MGP_PahariEiJ_G0022395
rattus_norvegicus ENSRNOG00000005390
meriones_unguiculatus ENSMUGG00000018831
cricetulus_griseus_crigri-picr ENSCGRG00015013574
cricetulus_griseus_chok1gs_hdv1 ENSCGRG00001004330
cricetulus_griseus_crigri_1.0 ENSCGRG00000014624
mesocricetus_auratus ENSMAUG00000012897
peromyscus_maniculatus_bairdii ENSPEMG00000018996
microtus_ochrogaster ENSMOCG00000009601
nannospalax_galili ENSNGAG00000018875
jaculus_jaculus ENSJJAG00000017557
oryctolagus_cuniculus ENSOCUG00000014236
carlito_syrichta ENSTSYG00000025517
panthera_tigris_altaica ENSPTIG00000021360
ochotona_princeps ENSOPRG00000010285
panthera_pardus ENSPPRG00000010029
ornithorhynchus_anatinus ENSOANG00000031421
gallus_gallus ENSGALG00000005078
coturnix_japonica ENSCJPG00005012882
numida_meleagris ENSNMEG00000014010
anser_brachyrhynchus ENSABRG00000007910
anas_platyrhynchos_platyrhynchos ENSAPLG00000012355
calidris_pygmaea ENSCPGG00000003879
calidris_pugnax ENSCPUG00000005996
zonotrichia_albicollis ENSZALG00000011393
junco_hyemalis ENSJHYG00000003527
serinus_canaria ENSSCAG00000010702
taeniopygia_guttata ENSTGUG00000015852
taeniopygia_guttata ENSTGUG00000016539
taeniopygia_guttata ENSTGUG00000014806
taeniopygia_guttata ENSTGUG00000014822
taeniopygia_guttata ENSTGUG00000015520
taeniopygia_guttata ENSTGUG00000015133
taeniopygia_guttata ENSTGUG00000016578
taeniopygia_guttata ENSTGUG00000015139
taeniopygia_guttata ENSTGUG00000015267
taeniopygia_guttata ENSTGUG00000014510
taeniopygia_guttata ENSTGUG00000016399
taeniopygia_guttata ENSTGUG00000014733
taeniopygia_guttata ENSTGUG00000016868
taeniopygia_guttata ENSTGUG00000015939
taeniopygia_guttata ENSTGUG00000003087
taeniopygia_guttata ENSTGUG00000015895
taeniopygia_guttata ENSTGUG00000015914
taeniopygia_guttata ENSTGUG00000014296
taeniopygia_guttata ENSTGUG00000013771
taeniopygia_guttata ENSTGUG00000003823
taeniopygia_guttata ENSTGUG00000014880
taeniopygia_guttata ENSTGUG00000013715
taeniopygia_guttata ENSTGUG00000014143
taeniopygia_guttata ENSTGUG00000014892
taeniopygia_guttata ENSTGUG00000015398
lonchura_striata_domestica ENSLSDG00000007346
ficedula_albicollis ENSFALG00000000036
cyanistes_caeruleus ENSCCEG00000024399
parus_major ENSPMJG00000004054
manacus_vitellinus ENSMVIG00005000497
lepidothrix_coronata ENSLCOG00000003510
meleagris_gallopavo ENSMGAG00000005324
melopsittacus_undulatus ENSMUNG00000011692
nothoprocta_perdicaria ENSNPEG00000005884
nothoprocta_perdicaria ENSNPEG00000005874
apteryx_owenii ENSAOWG00000014902
apteryx_haastii ENSAHAG00000015320
apteryx_rowi ENSARWG00000007599
dromaius_novaehollandiae ENSDNVG00000002285
crocodylus_porosus ENSCPRG00005019156
gopherus_agassizii ENSGAGG00000008482
gopherus_agassizii ENSGAGG00000008478
chrysemys_picta_bellii ENSCPBG00000019784
chrysemys_picta_bellii ENSCPBG00000019783
chelonoidis_abingdonii ENSCABG00000021627
pelodiscus_sinensis ENSPSIG00000015109
pogona_vitticeps ENSPVIG00000022293
anolis_carolinensis ENSACAG00000012756
notechis_scutatus ENSNSUG00000020136
salvator_merianae ENSSMRG00000019594
sphenodon_punctatus ENSSPUG00000010326
xenopus_tropicalis ENSXETG00000030339
xenopus_tropicalis ENSXETG00000015052
lepisosteus_oculatus ENSLOCG00000008486
petromyzon_marinus ENSPMAG00000000372
ciona_intestinalis ENSCING00000020431
ciona_savignyi ENSCSAVG00000003871
caenorhabditis_elegans_strain_n2 WBGene00003798
drosophila_melanogaster FBgn0266580
