gadus_morhua ENSGMOG00000009769
scleropages_formosus ENSSFOG00015005957
gasterosteus_aculeatus ENSGACG00000006255
labrus_bergylta ENSLBEG00000026962
cynoglossus_semilaevis ENSCSEG00000016303
oryzias_latipes_asm223471v1 ENSORLG00020022130
oryzias_latipes_asm223469v1 ENSORLG00015015171
oryzias_latipes_asm223467v1 ENSORLG00000016356
oryzias_melastigma ENSOMEG00000010062
kryptolebias_marmoratus ENSKMAG00000010898
monopterus_albus ENSMALG00000002332
mastacembelus_armatus ENSMAMG00000010527
anabas_testudineus ENSATEG00000012499
seriola_dumerili ENSSDUG00000008874
scophthalmus_maximus ENSSMAG00000002509
mola_mola ENSMMOG00000006301
haplochromis_burtoni ENSHBUG00000020005
pundamilia_nyererei ENSPNYG00000001979
astatotilapia_calliptera ENSACLG00000001527
maylandia_zebra ENSMZEG00005002449
neolamprologus_brichardi ENSNBRG00000010178
oreochromis_niloticus ENSONIG00000008092
amphilophus_citrinellus ENSACIG00000020572
cyprinodon_variegatus ENSCVAG00000007637
cyprinodon_variegatus ENSCVAG00000007641
cyprinodon_variegatus ENSCVAG00000007682
fundulus_heteroclitus ENSFHEG00000009520
poecilia_formosa ENSPFOG00000010849
poecilia_mexicana ENSPMEG00000016277
poecilia_latipinna ENSPLAG00000018329
poecilia_reticulata ENSPREG00000013700
xiphophorus_maculatus ENSXMAG00000008873
gambusia_affinis ENSGAFG00000014233
amphiprion_percula ENSAPEG00000017614
amphiprion_ocellaris ENSAOCG00000024459
stegastes_partitus ENSSPAG00000018210
esox_lucius ENSELUG00000000376
esox_lucius ENSELUG00000010374
esox_lucius ENSELUG00000010414
pygocentrus_nattereri ENSPNAG00000008258
astyanax_mexicanus ENSAMXG00000031782
ictalurus_punctatus ENSIPUG00000007807
danio_rerio ENSDARG00000103642
hippocampus_comes ENSHCOG00000018975
periophthalmus_magnuspinnatus ENSPMGG00000005220
anabas_testudineus ENSATEG00000004504
labrus_bergylta ENSLBEG00000009006
oryzias_latipes_asm223467v1 ENSORLG00000000315
oryzias_latipes_asm223471v1 ENSORLG00020019188
oryzias_latipes_asm223469v1 ENSORLG00015019004
oryzias_melastigma ENSOMEG00000017311
takifugu_rubripes ENSTRUG00000022962
tetraodon_nigroviridis ENSTNIG00000014122
cynoglossus_semilaevis ENSCSEG00000003407
xiphophorus_couchianus ENSXCOG00000012312
xiphophorus_maculatus ENSXMAG00000006509
gambusia_affinis ENSGAFG00000010240
poecilia_formosa ENSPFOG00000000537
poecilia_latipinna ENSPLAG00000009305
poecilia_mexicana ENSPMEG00000021578
poecilia_reticulata ENSPREG00000017953
fundulus_heteroclitus ENSFHEG00000002780
cyprinodon_variegatus ENSCVAG00000020893
oryzias_melastigma ENSOMEG00000014788
mastacembelus_armatus ENSMAMG00000000747
monopterus_albus ENSMALG00000022573
seriola_lalandi_dorsalis ENSSLDG00000003069
seriola_dumerili ENSSDUG00000019916
scophthalmus_maximus ENSSMAG00000016810
labrus_bergylta ENSLBEG00000006854
mola_mola ENSMMOG00000008902
haplochromis_burtoni ENSHBUG00000003649
pundamilia_nyererei ENSPNYG00000016527
astatotilapia_calliptera ENSACLG00000004791
maylandia_zebra ENSMZEG00005000079
neolamprologus_brichardi ENSNBRG00000001844
oreochromis_niloticus ENSONIG00000018191
amphilophus_citrinellus ENSACIG00000007884
kryptolebias_marmoratus ENSKMAG00000000732
amphiprion_percula ENSAPEG00000001583
amphiprion_ocellaris ENSAOCG00000011471
acanthochromis_polyacanthus ENSAPOG00000019549
stegastes_partitus ENSSPAG00000006070
gasterosteus_aculeatus ENSGACG00000019322
gadus_morhua ENSGMOG00000014243
esox_lucius ENSELUG00000013286
danio_rerio ENSDARG00000062998
paramormyrops_kingsleyae ENSPKIG00000008006
scleropages_formosus ENSSFOG00015008417
paramormyrops_kingsleyae ENSPKIG00000006826
lepisosteus_oculatus ENSLOCG00000006717
calidris_pygmaea ENSCPGG00000003235
calidris_pugnax ENSCPUG00000003911
lonchura_striata_domestica ENSLSDG00000007184
serinus_canaria ENSSCAG00000013971
parus_major ENSPMJG00000000870
cyanistes_caeruleus ENSCCEG00000020452
ficedula_albicollis ENSFALG00000000763
junco_hyemalis ENSJHYG00000018390
meleagris_gallopavo ENSMGAG00000004822
meleagris_gallopavo ENSMGAG00000003825
coturnix_japonica ENSCJPG00005005818
gallus_gallus ENSGALG00000029971
numida_meleagris ENSNMEG00000014056
anser_brachyrhynchus ENSABRG00000016369
apteryx_haastii ENSAHAG00000009377
apteryx_owenii ENSAOWG00000012454
apteryx_rowi ENSARWG00000010324
dromaius_novaehollandiae ENSDNVG00000011973
notamacropus_eugenii ENSMEUG00000000579
phascolarctos_cinereus ENSPCIG00000004722
sarcophilus_harrisii ENSSHAG00000011443
monodelphis_domestica ENSMODG00000014610
sorex_araneus ENSSARG00000013774
dipodomys_ordii ENSDORG00000023745
capra_hircus ENSCHIG00000017394
ovis_aries ENSOARG00000003013
bos_taurus ENSBTAG00000012280
bos_mutus ENSBMUG00000011932
bison_bison_bison ENSBBBG00000019179
tursiops_truncatus ENSTTRG00000006002
vicugna_pacos ENSVPAG00000001291
sus_scrofa ENSSSCG00000025560
ursus_maritimus ENSUMAG00000001695
ursus_americanus ENSUAMG00000028233
ailuropoda_melanoleuca ENSAMEG00000002213
neovison_vison ENSNVIG00000011872
mustela_putorius_furo ENSMPUG00000016064
canis_lupus_dingo ENSCAFG00020009549
canis_lupus_familiaris ENSCAFG00000015962
vulpes_vulpes ENSVVUG00000020368
panthera_pardus ENSPPRG00000003320
panthera_pardus ENSPPRG00000004110
felis_catus ENSFCAG00000013649
myotis_lucifugus ENSMLUG00000005486
pteropus_vampyrus ENSPVAG00000016920
equus_asinus_asinus ENSEASG00005003686
equus_caballus ENSECAG00000010490
loxodonta_africana ENSLAFG00000008772
equus_caballus ENSECAG00000034511
pan_troglodytes ENSPTRG00000010624
pan_paniscus ENSPPAG00000034272
homo_sapiens ENSG00000161031
gorilla_gorilla ENSGGOG00000000564
pongo_abelii ENSPPYG00000009673
nomascus_leucogenys ENSNLEG00000000225
macaca_nemestrina ENSMNEG00000041939
macaca_mulatta ENSMMUG00000003031
macaca_fascicularis ENSMFAG00000024296
cercocebus_atys ENSCATG00000038760
mandrillus_leucophaeus ENSMLEG00000043385
papio_anubis ENSPANG00000009960
theropithecus_gelada ENSTGEG00000008874
chlorocebus_sabaeus ENSCSAG00000006074
rhinopithecus_roxellana ENSRROG00000042767
rhinopithecus_bieti ENSRBIG00000000438
colobus_angolensis_palliatus ENSCANG00000028844
piliocolobus_tephrosceles ENSPTEG00000018384
piliocolobus_tephrosceles ENSPTEG00000013804
cebus_capucinus_imitator ENSCCAG00000021927
callithrix_jacchus ENSCJAG00000002255
saimiri_boliviensis_boliviensis ENSSBOG00000024600
aotus_nancymaae ENSANAG00000019558
carlito_syrichta ENSTSYG00000033510
prolemur_simus ENSPSMG00000009065
propithecus_coquereli ENSPCOG00000018680
microcebus_murinus ENSMICG00000012782
otolemur_garnettii ENSOGAG00000026199
castor_canadensis ENSCCNG00000018492
castor_canadensis ENSCCNG00000018491
mus_spretus_strain_spret/eij MGP_SPRETEiJ_G0022298
mus_spicilegus ENSMSIG00000005276
mus_musculus_strain_reference_cl57bl6 ENSMUSG00000079563
mus_caroli_strain_caroli_eij MGP_CAROLIEiJ_G0021384
mus_pahari_strain_pahari_eij MGP_PahariEiJ_G0020391
rattus_norvegicus ENSRNOG00000042318
meriones_unguiculatus ENSMUGG00000005746
peromyscus_maniculatus_bairdii ENSPEMG00000007236
microtus_ochrogaster ENSMOCG00000012093
cricetulus_griseus_chok1gs_hdv1 ENSCGRG00001000486
cricetulus_griseus_crigri_1.0 ENSCGRG00000011096
cricetulus_griseus_crigri-picr ENSCGRG00015008710
mesocricetus_auratus ENSMAUG00000013267
nannospalax_galili ENSNGAG00000001513
chinchilla_lanigera ENSCLAG00000008866
octodon_degus ENSODEG00000010857
heterocephalus_glaber_hetgla_1.0 ENSHGLG00100016798
heterocephalus_glaber_hetgla_female_1.0 ENSHGLG00000006376
cavia_porcellus ENSCPOG00000024218
cavia_aperea ENSCAPG00000006024
ictidomys_tridecemlineatus ENSSTOG00000021401
spermophilus_dauricus ENSSDAG00000010262
urocitellus_parryii ENSUPAG00010000648
marmota_marmota_marmota ENSMMMG00000022496
tupaia_belangeri ENSTBEG00000014063
oryctolagus_cuniculus ENSOCUG00000007555
ochotona_princeps ENSOPRG00000003826
procavia_capensis ENSPCAG00000015947
echinops_telfairi ENSETEG00000018789
dasypus_novemcinctus ENSDNOG00000040862
ornithorhynchus_anatinus ENSOANG00000005133
pogona_vitticeps ENSPVIG00000005125
anolis_carolinensis ENSACAG00000016557
notechis_scutatus ENSNSUG00000016237
salvator_merianae ENSSMRG00000003278
sphenodon_punctatus ENSSPUG00000000448
gopherus_agassizii ENSGAGG00000001418
chelonoidis_abingdonii ENSCABG00000017728
chrysemys_picta_bellii ENSCPBG00000020802
pelodiscus_sinensis ENSPSIG00000003927
latimeria_chalumnae ENSLACG00000011499
acanthochromis_polyacanthus ENSAPOG00000000045
anabas_testudineus ENSATEG00000012480
periophthalmus_magnuspinnatus ENSPMGG00000014400
xenopus_tropicalis ENSXETG00000013018
melopsittacus_undulatus ENSMUNG00000005152
