petromyzon_marinus ENSPMAG00000007415
eptatretus_burgeri ENSEBUG00000002197
apteryx_rowi ENSARWG00000002098
apteryx_haastii ENSAHAG00000002958
apteryx_owenii ENSAOWG00000002932
dromaius_novaehollandiae ENSDNVG00000010626
nothoprocta_perdicaria ENSNPEG00000008975
anser_brachyrhynchus ENSABRG00000010231
anas_platyrhynchos_platyrhynchos ENSAPLG00000001547
meleagris_gallopavo ENSMGAG00000011136
gallus_gallus ENSGALG00000027633
coturnix_japonica ENSCJPG00005004777
numida_meleagris ENSNMEG00000005676
lonchura_striata_domestica ENSLSDG00000016708
taeniopygia_guttata ENSTGUG00000007908
serinus_canaria ENSSCAG00000007901
cyanistes_caeruleus ENSCCEG00000010476
parus_major ENSPMJG00000012688
zonotrichia_albicollis ENSZALG00000010279
junco_hyemalis ENSJHYG00000010493
ficedula_albicollis ENSFALG00000014807
lepidothrix_coronata ENSLCOG00000008058
manacus_vitellinus ENSMVIG00005002674
melopsittacus_undulatus ENSMUNG00000015167
calidris_pygmaea ENSCPGG00000001678
calidris_pugnax ENSCPUG00000003042
crocodylus_porosus ENSCPRG00005002976
gopherus_agassizii ENSGAGG00000006073
chelonoidis_abingdonii ENSCABG00000005045
chrysemys_picta_bellii ENSCPBG00000000084
pelodiscus_sinensis ENSPSIG00000007813
anolis_carolinensis ENSACAG00000011140
pogona_vitticeps ENSPVIG00000023891
notechis_scutatus ENSNSUG00000000215
salvator_merianae ENSSMRG00000010505
bos_mutus ENSBMUG00000024668
bos_taurus ENSBTAG00000026966
bison_bison_bison ENSBBBG00000019025
capra_hircus ENSCHIG00000024146
ovis_aries ENSOARG00000015393
myotis_lucifugus ENSMLUG00000008746
castor_canadensis ENSCCNG00000008500
dipodomys_ordii ENSDORG00000029782
mus_spicilegus ENSMSIG00000023189
mus_spretus_strain_spret/eij MGP_SPRETEiJ_G0016597
mus_musculus_strain_reference_cl57bl6 ENSMUSG00000044921
mus_caroli_strain_caroli_eij MGP_CAROLIEiJ_G0015775
mus_pahari_strain_pahari_eij MGP_PahariEiJ_G0031312
rattus_norvegicus ENSRNOG00000038574
meriones_unguiculatus ENSMUGG00000021714
cricetulus_griseus_chok1gs_hdv1 ENSCGRG00001010924
cricetulus_griseus_crigri-picr ENSCGRG00015008341
cricetulus_griseus_crigri_1.0 ENSCGRG00000005259
mesocricetus_auratus ENSMAUG00000012420
peromyscus_maniculatus_bairdii ENSPEMG00000012691
microtus_ochrogaster ENSMOCG00000010972
nannospalax_galili ENSNGAG00000021767
jaculus_jaculus ENSJJAG00000013251
chinchilla_lanigera ENSCLAG00000007610
octodon_degus ENSODEG00000008024
cavia_porcellus ENSCPOG00000030989
heterocephalus_glaber_hetgla_female_1.0 ENSHGLG00000000960
heterocephalus_glaber_hetgla_1.0 ENSHGLG00100008231
fukomys_damarensis ENSFDAG00000005629
oryctolagus_cuniculus ENSOCUG00000017872
otolemur_garnettii ENSOGAG00000003208
dasypus_novemcinctus ENSDNOG00000044878
pteropus_vampyrus ENSPVAG00000006899
sus_scrofa ENSSSCG00000034948
ursus_americanus ENSUAMG00000024064
ursus_maritimus ENSUMAG00000001759
ailuropoda_melanoleuca ENSAMEG00000006110
mustela_putorius_furo ENSMPUG00000007716
neovison_vison ENSNVIG00000000592
canis_lupus_dingo ENSCAFG00020016220
canis_lupus_familiaris ENSCAFG00000023322
vulpes_vulpes ENSVVUG00000003385
panthera_tigris_altaica ENSPTIG00000019594
panthera_pardus ENSPPRG00000001153
felis_catus ENSFCAG00000006978
equus_caballus ENSECAG00000002601
equus_asinus_asinus ENSEASG00005021207
sorex_araneus ENSSARG00000003143
pan_paniscus ENSPPAG00000019366
pan_troglodytes ENSPTRG00000005273
homo_sapiens ENSG00000198774
gorilla_gorilla ENSGGOG00000028426
nomascus_leucogenys ENSNLEG00000005386
rhinopithecus_bieti ENSRBIG00000038907
rhinopithecus_roxellana ENSRROG00000043055
piliocolobus_tephrosceles ENSPTEG00000037531
colobus_angolensis_palliatus ENSCANG00000006007
cercocebus_atys ENSCATG00000038528
papio_anubis ENSPANG00000023605
theropithecus_gelada ENSTGEG00000000181
mandrillus_leucophaeus ENSMLEG00000034582
macaca_fascicularis ENSMFAG00000039584
macaca_nemestrina ENSMNEG00000033486
macaca_mulatta ENSMMUG00000044627
chlorocebus_sabaeus ENSCSAG00000003839
cebus_capucinus_imitator ENSCCAG00000026976
saimiri_boliviensis_boliviensis ENSSBOG00000030703
callithrix_jacchus ENSCJAG00000038441
aotus_nancymaae ENSANAG00000030253
carlito_syrichta ENSTSYG00000012565
propithecus_coquereli ENSPCOG00000015251
microcebus_murinus ENSMICG00000042014
prolemur_simus ENSPSMG00000004517
ictidomys_tridecemlineatus ENSSTOG00000025604
urocitellus_parryii ENSUPAG00010013163
spermophilus_dauricus ENSSDAG00000017847
choloepus_hoffmanni ENSCHOG00000003334
loxodonta_africana ENSLAFG00000028247
phascolarctos_cinereus ENSPCIG00000002684
monodelphis_domestica ENSMODG00000020496
sarcophilus_harrisii ENSSHAG00000006974
ornithorhynchus_anatinus ENSOANG00000006646
xenopus_tropicalis ENSXETG00000011745
latimeria_chalumnae ENSLACG00000011918
tetraodon_nigroviridis ENSTNIG00000000496
takifugu_rubripes ENSTRUG00000021929
gasterosteus_aculeatus ENSGACG00000009553
cynoglossus_semilaevis ENSCSEG00000017458
poecilia_mexicana ENSPMEG00000009864
poecilia_reticulata ENSPREG00000003485
poecilia_formosa ENSPFOG00000012142
poecilia_latipinna ENSPLAG00000015611
xiphophorus_maculatus ENSXMAG00000002858
xiphophorus_couchianus ENSXCOG00000005616
gambusia_affinis ENSGAFG00000007055
fundulus_heteroclitus ENSFHEG00000020561
cyprinodon_variegatus ENSCVAG00000004094
kryptolebias_marmoratus ENSKMAG00000014526
oryzias_latipes_asm223471v1 ENSORLG00020008097
oryzias_latipes_asm223469v1 ENSORLG00015002064
oryzias_latipes_asm223467v1 ENSORLG00000018291
oryzias_melastigma ENSOMEG00000002688
haplochromis_burtoni ENSHBUG00000015862
pundamilia_nyererei ENSPNYG00000012257
astatotilapia_calliptera ENSACLG00000021139
maylandia_zebra ENSMZEG00005013055
neolamprologus_brichardi ENSNBRG00000014601
oreochromis_niloticus ENSONIG00000003841
amphilophus_citrinellus ENSACIG00000007863
amphiprion_ocellaris ENSAOCG00000017463
amphiprion_percula ENSAPEG00000014425
acanthochromis_polyacanthus ENSAPOG00000004243
stegastes_partitus ENSSPAG00000012166
monopterus_albus ENSMALG00000012811
mastacembelus_armatus ENSMAMG00000022922
anabas_testudineus ENSATEG00000002365
seriola_dumerili ENSSDUG00000004665
seriola_lalandi_dorsalis ENSSLDG00000009838
scophthalmus_maximus ENSSMAG00000000583
mola_mola ENSMMOG00000009019
labrus_bergylta ENSLBEG00000002250
periophthalmus_magnuspinnatus ENSPMGG00000007354
hippocampus_comes ENSHCOG00000016425
esox_lucius ENSELUG00000011425
pygocentrus_nattereri ENSPNAG00000003495
astyanax_mexicanus ENSAMXG00000040096
ictalurus_punctatus ENSIPUG00000018438
danio_rerio ENSDARG00000074721
paramormyrops_kingsleyae ENSPKIG00000024169
scleropages_formosus ENSSFOG00015014111
scleropages_formosus ENSSFOG00015004945
lepisosteus_oculatus ENSLOCG00000016344
lonchura_striata_domestica ENSLSDG00000008776
zonotrichia_albicollis ENSZALG00000015622
parus_major ENSPMJG00000007953
lepidothrix_coronata ENSLCOG00000001933
coturnix_japonica ENSCJPG00005018613
meleagris_gallopavo ENSMGAG00000015783
gallus_gallus ENSGALG00000039822
numida_meleagris ENSNMEG00000009416
calidris_pygmaea ENSCPGG00000015122
anser_brachyrhynchus ENSABRG00000022423
anas_platyrhynchos_platyrhynchos ENSAPLG00000018425
calidris_pugnax ENSCPUG00000005854
junco_hyemalis ENSJHYG00000015603
melopsittacus_undulatus ENSMUNG00000005414
dromaius_novaehollandiae ENSDNVG00000001437
nothoprocta_perdicaria ENSNPEG00000013556
apteryx_owenii ENSAOWG00000011793
apteryx_haastii ENSAHAG00000005961
apteryx_rowi ENSARWG00000018485
chelonoidis_abingdonii ENSCABG00000016080
gopherus_agassizii ENSGAGG00000025718
chrysemys_picta_bellii ENSCPBG00000016422
pelodiscus_sinensis ENSPSIG00000001782
pogona_vitticeps ENSPVIG00000016480
notechis_scutatus ENSNSUG00000013229
salvator_merianae ENSSMRG00000000171
phascolarctos_cinereus ENSPCIG00000025466
notamacropus_eugenii ENSMEUG00000000092
sarcophilus_harrisii ENSSHAG00000016746
monodelphis_domestica ENSMODG00000008625
ursus_americanus ENSUAMG00000009110
ailuropoda_melanoleuca ENSAMEG00000002301
mustela_putorius_furo ENSMPUG00000013121
neovison_vison ENSNVIG00000021027
canis_lupus_dingo ENSCAFG00020016424
canis_lupus_familiaris ENSCAFG00000008082
vulpes_vulpes ENSVVUG00000025172
felis_catus ENSFCAG00000041884
panthera_pardus ENSPPRG00000018650
sorex_araneus ENSSARG00000003828
equus_caballus ENSECAG00000012098
equus_asinus_asinus ENSEASG00005005911
bos_taurus ENSBTAG00000011914
bos_mutus ENSBMUG00000009509
bison_bison_bison ENSBBBG00000003229
capra_hircus ENSCHIG00000006553
ovis_aries ENSOARG00000008015
tursiops_truncatus ENSTTRG00000006641
sus_scrofa ENSSSCG00000022060
myotis_lucifugus ENSMLUG00000009160
pteropus_vampyrus ENSPVAG00000001507
mus_spicilegus ENSMSIG00000028654
mus_caroli_strain_caroli_eij MGP_CAROLIEiJ_G0030338
mus_spretus_strain_spret/eij MGP_SPRETEiJ_G0031453
mus_musculus_strain_reference_cl57bl6 ENSMUSG00000098132
mus_pahari_strain_pahari_eij MGP_PahariEiJ_G0013550
rattus_norvegicus ENSRNOG00000014847
meriones_unguiculatus ENSMUGG00000009173
cricetulus_griseus_chok1gs_hdv1 ENSCGRG00001001920
cricetulus_griseus_crigri-picr ENSCGRG00015008503
mesocricetus_auratus ENSMAUG00000017181
microtus_ochrogaster ENSMOCG00000009099
peromyscus_maniculatus_bairdii ENSPEMG00000006120
nannospalax_galili ENSNGAG00000023204
jaculus_jaculus ENSJJAG00000013526
dipodomys_ordii ENSDORG00000023532
pan_paniscus ENSPPAG00000003028
pan_troglodytes ENSPTRG00000047122
homo_sapiens ENSG00000189431
gorilla_gorilla ENSGGOG00000024816
pongo_abelii ENSPPYG00000003474
theropithecus_gelada ENSTGEG00000014413
cercocebus_atys ENSCATG00000023676
macaca_fascicularis ENSMFAG00000020423
macaca_mulatta ENSMMUG00000031015
macaca_nemestrina ENSMNEG00000009578
papio_anubis ENSPANG00000034338
mandrillus_leucophaeus ENSMLEG00000033720
chlorocebus_sabaeus ENSCSAG00000019327
piliocolobus_tephrosceles ENSPTEG00000010512
colobus_angolensis_palliatus ENSCANG00000015579
rhinopithecus_roxellana ENSRROG00000026716
rhinopithecus_bieti ENSRBIG00000023732
saimiri_boliviensis_boliviensis ENSSBOG00000018129
cebus_capucinus_imitator ENSCCAG00000020233
callithrix_jacchus ENSCJAG00000046594
aotus_nancymaae ENSANAG00000016577
prolemur_simus ENSPSMG00000020131
urocitellus_parryii ENSUPAG00010015667
ictidomys_tridecemlineatus ENSSTOG00000028823
marmota_marmota_marmota ENSMMMG00000002476
castor_canadensis ENSCCNG00000025381
chinchilla_lanigera ENSCLAG00000018114
octodon_degus ENSODEG00000020043
cavia_porcellus ENSCPOG00000003185
heterocephalus_glaber_hetgla_female_1.0 ENSHGLG00000021009
heterocephalus_glaber_hetgla_1.0 ENSHGLG00100001129
oryctolagus_cuniculus ENSOCUG00000026389
otolemur_garnettii ENSOGAG00000030263
loxodonta_africana ENSLAFG00000007284
dasypus_novemcinctus ENSDNOG00000031556
choloepus_hoffmanni ENSCHOG00000013737
ornithorhynchus_anatinus ENSOANG00000000375
anolis_carolinensis ENSACAG00000004627
crocodylus_porosus ENSCPRG00005006357
xenopus_tropicalis ENSXETG00000019780
latimeria_chalumnae ENSLACG00000014461
periophthalmus_magnuspinnatus ENSPMGG00000006174
hippocampus_comes ENSHCOG00000002610
amphiprion_percula ENSAPEG00000010622
acanthochromis_polyacanthus ENSAPOG00000000245
stegastes_partitus ENSSPAG00000020002
maylandia_zebra ENSMZEG00005014657
astatotilapia_calliptera ENSACLG00000000675
pundamilia_nyererei ENSPNYG00000012550
haplochromis_burtoni ENSHBUG00000014238
neolamprologus_brichardi ENSNBRG00000011661
oreochromis_niloticus ENSONIG00000021395
amphilophus_citrinellus ENSACIG00000022349
oryzias_latipes_asm223471v1 ENSORLG00020010669
oryzias_latipes_asm223467v1 ENSORLG00000026287
oryzias_latipes_asm223469v1 ENSORLG00015008756
oryzias_melastigma ENSOMEG00000001570
gasterosteus_aculeatus ENSGACG00000015714
mola_mola ENSMMOG00000016994
scophthalmus_maximus ENSSMAG00000021430
seriola_lalandi_dorsalis ENSSLDG00000022013
seriola_dumerili ENSSDUG00000023308
cynoglossus_semilaevis ENSCSEG00000019518
xiphophorus_couchianus ENSXCOG00000011289
xiphophorus_maculatus ENSXMAG00000020379
gambusia_affinis ENSGAFG00000017136
poecilia_formosa ENSPFOG00000020399
poecilia_mexicana ENSPMEG00000016170
poecilia_mexicana ENSPMEG00000021325
poecilia_formosa ENSPFOG00000012187
poecilia_latipinna ENSPLAG00000004554
poecilia_latipinna ENSPLAG00000018990
poecilia_reticulata ENSPREG00000023136
cyprinodon_variegatus ENSCVAG00000018744
fundulus_heteroclitus ENSFHEG00000006599
kryptolebias_marmoratus ENSKMAG00000005796
labrus_bergylta ENSLBEG00000026916
monopterus_albus ENSMALG00000020606
mastacembelus_armatus ENSMAMG00000021697
anabas_testudineus ENSATEG00000005759
gadus_morhua ENSGMOG00000002173
pygocentrus_nattereri ENSPNAG00000001383
astyanax_mexicanus ENSAMXG00000038762
astyanax_mexicanus ENSAMXG00000010083
danio_rerio ENSDARG00000112859
ictalurus_punctatus ENSIPUG00000020889
esox_lucius ENSELUG00000015565
cynoglossus_semilaevis ENSCSEG00000021651
periophthalmus_magnuspinnatus ENSPMGG00000021124
tetraodon_nigroviridis ENSTNIG00000008856
takifugu_rubripes ENSTRUG00000024636
cyprinodon_variegatus ENSCVAG00000019954
hippocampus_comes ENSHCOG00000000375
amphiprion_ocellaris ENSAOCG00000020412
amphiprion_percula ENSAPEG00000008070
acanthochromis_polyacanthus ENSAPOG00000010219
stegastes_partitus ENSSPAG00000002971
scophthalmus_maximus ENSSMAG00000016418
mola_mola ENSMMOG00000019159
oryzias_latipes_asm223471v1 ENSORLG00020008663
oryzias_latipes_asm223469v1 ENSORLG00015000062
oryzias_latipes_asm223467v1 ENSORLG00000024503
oryzias_melastigma ENSOMEG00000016813
poecilia_formosa ENSPFOG00000020196
poecilia_latipinna ENSPLAG00000003144
poecilia_mexicana ENSPMEG00000022464
poecilia_reticulata ENSPREG00000001615
xiphophorus_maculatus ENSXMAG00000015418
xiphophorus_couchianus ENSXCOG00000020664
gambusia_affinis ENSGAFG00000021910
fundulus_heteroclitus ENSFHEG00000022192
anabas_testudineus ENSATEG00000008927
maylandia_zebra ENSMZEG00005012807
astatotilapia_calliptera ENSACLG00000013548
pundamilia_nyererei ENSPNYG00000008783
haplochromis_burtoni ENSHBUG00000002321
oreochromis_niloticus ENSONIG00000011018
amphilophus_citrinellus ENSACIG00000000383
kryptolebias_marmoratus ENSKMAG00000007471
labrus_bergylta ENSLBEG00000028779
gasterosteus_aculeatus ENSGACG00000003382
mastacembelus_armatus ENSMAMG00000014607
monopterus_albus ENSMALG00000004855
seriola_dumerili ENSSDUG00000004136
seriola_lalandi_dorsalis ENSSLDG00000008133
gadus_morhua ENSGMOG00000016032
esox_lucius ENSELUG00000014933
paramormyrops_kingsleyae ENSPKIG00000023218
paramormyrops_kingsleyae ENSPKIG00000010921
scleropages_formosus ENSSFOG00015014049
scleropages_formosus ENSSFOG00015021268
scleropages_formosus ENSSFOG00015005394
ictalurus_punctatus ENSIPUG00000011041
neolamprologus_brichardi ENSNBRG00000001379
lepisosteus_oculatus ENSLOCG00000017321
petromyzon_marinus ENSPMAG00000010197
drosophila_melanogaster FBgn0035104
drosophila_melanogaster FBgn0052150
paramormyrops_kingsleyae ENSPKIG00000019425
scleropages_formosus ENSSFOG00015023901
paramormyrops_kingsleyae ENSPKIG00000025490
scleropages_formosus ENSSFOG00015006873
poecilia_formosa ENSPFOG00000016579
poecilia_latipinna ENSPLAG00000001249
poecilia_mexicana ENSPMEG00000016409
poecilia_reticulata ENSPREG00000012110
xiphophorus_maculatus ENSXMAG00000013051
gambusia_affinis ENSGAFG00000018392
fundulus_heteroclitus ENSFHEG00000018846
cyprinodon_variegatus ENSCVAG00000002590
kryptolebias_marmoratus ENSKMAG00000013750
oryzias_latipes_asm223471v1 ENSORLG00020018475
oryzias_latipes_asm223469v1 ENSORLG00015016863
oryzias_latipes_asm223467v1 ENSORLG00000013549
oryzias_melastigma ENSOMEG00000010549
amphiprion_percula ENSAPEG00000003044
amphiprion_ocellaris ENSAOCG00000013413
acanthochromis_polyacanthus ENSAPOG00000011630
stegastes_partitus ENSSPAG00000019811
astatotilapia_calliptera ENSACLG00000026813
pundamilia_nyererei ENSPNYG00000009682
haplochromis_burtoni ENSHBUG00000015858
maylandia_zebra ENSMZEG00005008497
neolamprologus_brichardi ENSNBRG00000003407
oreochromis_niloticus ENSONIG00000011746
amphilophus_citrinellus ENSACIG00000017878
xiphophorus_couchianus ENSXCOG00000013916
mola_mola ENSMMOG00000002298
takifugu_rubripes ENSTRUG00000016568
cynoglossus_semilaevis ENSCSEG00000010120
seriola_lalandi_dorsalis ENSSLDG00000010067
seriola_dumerili ENSSDUG00000005820
scophthalmus_maximus ENSSMAG00000000278
mastacembelus_armatus ENSMAMG00000009792
monopterus_albus ENSMALG00000015719
anabas_testudineus ENSATEG00000014154
gasterosteus_aculeatus ENSGACG00000018803
labrus_bergylta ENSLBEG00000028625
hippocampus_comes ENSHCOG00000014249
gadus_morhua ENSGMOG00000006347
esox_lucius ENSELUG00000001993
astyanax_mexicanus ENSAMXG00000010389
pygocentrus_nattereri ENSPNAG00000014778
danio_rerio ENSDARG00000045485
tetraodon_nigroviridis ENSTNIG00000012153
takifugu_rubripes ENSTRUG00000005443
labrus_bergylta ENSLBEG00000028452
fundulus_heteroclitus ENSFHEG00000009073
cyprinodon_variegatus ENSCVAG00000006092
xiphophorus_maculatus ENSXMAG00000001094
xiphophorus_couchianus ENSXCOG00000020507
gambusia_affinis ENSGAFG00000021761
poecilia_formosa ENSPFOG00000015512
poecilia_mexicana ENSPMEG00000019487
poecilia_latipinna ENSPLAG00000015633
poecilia_reticulata ENSPREG00000018271
kryptolebias_marmoratus ENSKMAG00000004048
oryzias_latipes_asm223471v1 ENSORLG00020020988
oryzias_latipes_asm223469v1 ENSORLG00015011480
oryzias_latipes_asm223467v1 ENSORLG00000011414
oryzias_melastigma ENSOMEG00000011247
neolamprologus_brichardi ENSNBRG00000004386
mola_mola ENSMMOG00000017476
gasterosteus_aculeatus ENSGACG00000011681
mastacembelus_armatus ENSMAMG00000005625
monopterus_albus ENSMALG00000010800
anabas_testudineus ENSATEG00000021320
scophthalmus_maximus ENSSMAG00000007329
cynoglossus_semilaevis ENSCSEG00000005746
seriola_lalandi_dorsalis ENSSLDG00000022192
seriola_dumerili ENSSDUG00000017807
amphiprion_percula ENSAPEG00000007634
amphiprion_ocellaris ENSAOCG00000017393
acanthochromis_polyacanthus ENSAPOG00000014750
stegastes_partitus ENSSPAG00000009957
astatotilapia_calliptera ENSACLG00000027674
astatotilapia_calliptera ENSACLG00000027504
maylandia_zebra ENSMZEG00005017923
pundamilia_nyererei ENSPNYG00000013792
haplochromis_burtoni ENSHBUG00000013259
oreochromis_niloticus ENSONIG00000014715
amphilophus_citrinellus ENSACIG00000000101
hippocampus_comes ENSHCOG00000011108
periophthalmus_magnuspinnatus ENSPMGG00000013755
gadus_morhua ENSGMOG00000019068
esox_lucius ENSELUG00000003044
pygocentrus_nattereri ENSPNAG00000028666
astyanax_mexicanus ENSAMXG00000017235
ictalurus_punctatus ENSIPUG00000004240
danio_rerio ENSDARG00000045596
lepisosteus_oculatus ENSLOCG00000015329
periophthalmus_magnuspinnatus ENSPMGG00000006993
ornithorhynchus_anatinus ENSOANG00000003762
notechis_scutatus ENSNSUG00000008084
xenopus_tropicalis ENSXETG00000023490
cricetulus_griseus_chok1gs_hdv1 ENSCGRG00001000661
cricetulus_griseus_crigri_1.0 ENSCGRG00000003600
cricetulus_griseus_crigri-picr ENSCGRG00015004597
mesocricetus_auratus ENSMAUG00000010609
peromyscus_maniculatus_bairdii ENSPEMG00000007472
microtus_ochrogaster ENSMOCG00000017540
mus_musculus_strain_reference_cl57bl6 ENSMUSG00000030259
mus_spretus_strain_spret/eij MGP_SPRETEiJ_G0030105
mus_spicilegus ENSMSIG00000014654
mus_caroli_strain_caroli_eij MGP_CAROLIEiJ_G0029050
mus_pahari_strain_pahari_eij MGP_PahariEiJ_G0022812
rattus_norvegicus ENSRNOG00000015986
nannospalax_galili ENSNGAG00000007351
jaculus_jaculus ENSJJAG00000017775
ochotona_princeps ENSOPRG00000009628
oryctolagus_cuniculus ENSOCUG00000010737
castor_canadensis ENSCCNG00000015545
dipodomys_ordii ENSDORG00000028762
ictidomys_tridecemlineatus ENSSTOG00000022027
marmota_marmota_marmota ENSMMMG00000018244
spermophilus_dauricus ENSSDAG00000016931
urocitellus_parryii ENSUPAG00010015858
cavia_porcellus ENSCPOG00000033532
cavia_aperea ENSCAPG00000013129
octodon_degus ENSODEG00000010575
chinchilla_lanigera ENSCLAG00000015615
heterocephalus_glaber_hetgla_1.0 ENSHGLG00100007322
heterocephalus_glaber_hetgla_female_1.0 ENSHGLG00000008244
fukomys_damarensis ENSFDAG00000009344
callithrix_jacchus ENSCJAG00000038818
saimiri_boliviensis_boliviensis ENSSBOG00000021926
cebus_capucinus_imitator ENSCCAG00000025704
aotus_nancymaae ENSANAG00000019236
pan_troglodytes ENSPTRG00000004778
pan_paniscus ENSPPAG00000031944
homo_sapiens ENSG00000123094
gorilla_gorilla ENSGGOG00000004611
pongo_abelii ENSPPYG00000004371
nomascus_leucogenys ENSNLEG00000005293
colobus_angolensis_palliatus ENSCANG00000028002
piliocolobus_tephrosceles ENSPTEG00000030872
rhinopithecus_bieti ENSRBIG00000035003
rhinopithecus_roxellana ENSRROG00000039653
theropithecus_gelada ENSTGEG00000026870
papio_anubis ENSPANG00000012636
macaca_mulatta ENSMMUG00000018385
macaca_fascicularis ENSMFAG00000001620
macaca_nemestrina ENSMNEG00000031029
cercocebus_atys ENSCATG00000034380
mandrillus_leucophaeus ENSMLEG00000038592
chlorocebus_sabaeus ENSCSAG00000007736
carlito_syrichta ENSTSYG00000027461
carlito_syrichta ENSTSYG00000033204
prolemur_simus ENSPSMG00000018430
microcebus_murinus ENSMICG00000006156
propithecus_coquereli ENSPCOG00000017337
otolemur_garnettii ENSOGAG00000026328
tupaia_belangeri ENSTBEG00000016867
capra_hircus ENSCHIG00000024588
ovis_aries ENSOARG00000019973
bos_mutus ENSBMUG00000022595
bos_taurus ENSBTAG00000021980
bison_bison_bison ENSBBBG00000010565
tursiops_truncatus ENSTTRG00000014502
sus_scrofa ENSSSCG00000000559
vicugna_pacos ENSVPAG00000004213
myotis_lucifugus ENSMLUG00000008918
equus_caballus ENSECAG00000022648
canis_lupus_dingo ENSCAFG00020012835
canis_lupus_familiaris ENSCAFG00000011399
vulpes_vulpes ENSVVUG00000030342
ursus_maritimus ENSUMAG00000003293
ursus_americanus ENSUAMG00000027720
ailuropoda_melanoleuca ENSAMEG00000011910
neovison_vison ENSNVIG00000001234
mustela_putorius_furo ENSMPUG00000010343
panthera_tigris_altaica ENSPTIG00000012970
panthera_pardus ENSPPRG00000002732
felis_catus ENSFCAG00000028575
equus_asinus_asinus ENSEASG00005013894
pteropus_vampyrus ENSPVAG00000004508
choloepus_hoffmanni ENSCHOG00000008340
dasypus_novemcinctus ENSDNOG00000048366
loxodonta_africana ENSLAFG00000026594
procavia_capensis ENSPCAG00000012496
marmota_marmota_marmota ENSMMMG00000010715
calidris_pugnax ENSCPUG00000005281
notamacropus_eugenii ENSMEUG00000001931
phascolarctos_cinereus ENSPCIG00000028660
sarcophilus_harrisii ENSSHAG00000012373
monodelphis_domestica ENSMODG00000016548
apteryx_rowi ENSARWG00000018368
apteryx_owenii ENSAOWG00000007381
apteryx_haastii ENSAHAG00000001111
dromaius_novaehollandiae ENSDNVG00000012771
parus_major ENSPMJG00000009195
ficedula_albicollis ENSFALG00000003874
taeniopygia_guttata ENSTGUG00000012234
lonchura_striata_domestica ENSLSDG00000006797
junco_hyemalis ENSJHYG00000017663
cyanistes_caeruleus ENSCCEG00000002985
zonotrichia_albicollis ENSZALG00000000796
serinus_canaria ENSSCAG00000009415
manacus_vitellinus ENSMVIG00005019937
lepidothrix_coronata ENSLCOG00000014477
melopsittacus_undulatus ENSMUNG00000007101
calidris_pugnax ENSCPUG00000005687
calidris_pygmaea ENSCPGG00000015208
gallus_gallus ENSGALG00000054273
coturnix_japonica ENSCJPG00005003275
meleagris_gallopavo ENSMGAG00000013685
numida_meleagris ENSNMEG00000011159
anser_brachyrhynchus ENSABRG00000021632
crocodylus_porosus ENSCPRG00005011432
gopherus_agassizii ENSGAGG00000014219
chelonoidis_abingdonii ENSCABG00000019586
chrysemys_picta_bellii ENSCPBG00000009305
pelodiscus_sinensis ENSPSIG00000016483
pogona_vitticeps ENSPVIG00000003002
anolis_carolinensis ENSACAG00000000388
salvator_merianae ENSSMRG00000012140
sphenodon_punctatus ENSSPUG00000014442
latimeria_chalumnae ENSLACG00000013466
meriones_unguiculatus ENSMUGG00000022893
erinaceus_europaeus ENSEEUG00000008945
anas_platyrhynchos_platyrhynchos ENSAPLG00000024358
manacus_vitellinus ENSMVIG00005019938
nothoprocta_perdicaria ENSNPEG00000005023
scleropages_formosus ENSSFOG00015007564
paramormyrops_kingsleyae ENSPKIG00000009443
astyanax_mexicanus ENSAMXG00000007426
pygocentrus_nattereri ENSPNAG00000001870
ictalurus_punctatus ENSIPUG00000000354
danio_rerio ENSDARG00000090577
anabas_testudineus ENSATEG00000003934
hippocampus_comes ENSHCOG00000004041
poecilia_mexicana ENSPMEG00000005038
poecilia_formosa ENSPFOG00000012763
gambusia_affinis ENSGAFG00000005254
oryzias_latipes_asm223467v1 ENSORLG00000027709
oryzias_latipes_asm223471v1 ENSORLG00020005191
oryzias_latipes_asm223469v1 ENSORLG00015019465
oryzias_melastigma ENSOMEG00000000993
pundamilia_nyererei ENSPNYG00000013856
haplochromis_burtoni ENSHBUG00000000596
astatotilapia_calliptera ENSACLG00000013290
maylandia_zebra ENSMZEG00005021708
neolamprologus_brichardi ENSNBRG00000020793
amphilophus_citrinellus ENSACIG00000015161
takifugu_rubripes ENSTRUG00000025957
tetraodon_nigroviridis ENSTNIG00000010879
labrus_bergylta ENSLBEG00000014652
seriola_dumerili ENSSDUG00000015578
seriola_lalandi_dorsalis ENSSLDG00000008971
scophthalmus_maximus ENSSMAG00000008279
amphiprion_ocellaris ENSAOCG00000000711
amphiprion_percula ENSAPEG00000007373
acanthochromis_polyacanthus ENSAPOG00000015564
stegastes_partitus ENSSPAG00000000845
kryptolebias_marmoratus ENSKMAG00000005635
mastacembelus_armatus ENSMAMG00000008944
monopterus_albus ENSMALG00000007162
cynoglossus_semilaevis ENSCSEG00000002663
fundulus_heteroclitus ENSFHEG00000010839
cyprinodon_variegatus ENSCVAG00000001353
xiphophorus_maculatus ENSXMAG00000009079
xiphophorus_couchianus ENSXCOG00000000034
poecilia_reticulata ENSPREG00000011578
poecilia_latipinna ENSPLAG00000006915
gasterosteus_aculeatus ENSGACG00000004542
periophthalmus_magnuspinnatus ENSPMGG00000000792
gadus_morhua ENSGMOG00000001862
esox_lucius ENSELUG00000015283
lepisosteus_oculatus ENSLOCG00000010433
latimeria_chalumnae ENSLACG00000018442
anser_brachyrhynchus ENSABRG00000014022
anas_platyrhynchos_platyrhynchos ENSAPLG00000023589
gallus_gallus ENSGALG00000044251
meleagris_gallopavo ENSMGAG00000009231
coturnix_japonica ENSCJPG00005018475
numida_meleagris ENSNMEG00000013454
calidris_pygmaea ENSCPGG00000006880
calidris_pugnax ENSCPUG00000000188
melopsittacus_undulatus ENSMUNG00000010125
lonchura_striata_domestica ENSLSDG00000015633
taeniopygia_guttata ENSTGUG00000009857
serinus_canaria ENSSCAG00000014606
junco_hyemalis ENSJHYG00000011967
zonotrichia_albicollis ENSZALG00000005187
ficedula_albicollis ENSFALG00000012119
cyanistes_caeruleus ENSCCEG00000007998
parus_major ENSPMJG00000009815
manacus_vitellinus ENSMVIG00005007906
lepidothrix_coronata ENSLCOG00000013690
apteryx_haastii ENSAHAG00000019504
apteryx_owenii ENSAOWG00000007469
apteryx_rowi ENSARWG00000008285
dromaius_novaehollandiae ENSDNVG00000009347
nothoprocta_perdicaria ENSNPEG00000000154
crocodylus_porosus ENSCPRG00005010092
gopherus_agassizii ENSGAGG00000014333
chelonoidis_abingdonii ENSCABG00000015492
chrysemys_picta_bellii ENSCPBG00000024204
pelodiscus_sinensis ENSPSIG00000014840
pogona_vitticeps ENSPVIG00000022215
anolis_carolinensis ENSACAG00000014995
notechis_scutatus ENSNSUG00000016413
salvator_merianae ENSSMRG00000013517
sphenodon_punctatus ENSSPUG00000005256
notamacropus_eugenii ENSMEUG00000015365
phascolarctos_cinereus ENSPCIG00000008329
monodelphis_domestica ENSMODG00000011015
equus_caballus ENSECAG00000009418
equus_asinus_asinus ENSEASG00005007110
pteropus_vampyrus ENSPVAG00000006865
ursus_americanus ENSUAMG00000022213
ursus_maritimus ENSUMAG00000005533
ailuropoda_melanoleuca ENSAMEG00000010569
mustela_putorius_furo ENSMPUG00000008830
neovison_vison ENSNVIG00000005727
canis_lupus_familiaris ENSCAFG00000006528
canis_lupus_dingo ENSCAFG00020006947
vulpes_vulpes ENSVVUG00000017201
panthera_pardus ENSPPRG00000007381
panthera_tigris_altaica ENSPTIG00000007893
felis_catus ENSFCAG00000007589
ovis_aries ENSOARG00000006993
capra_hircus ENSCHIG00000009952
bos_mutus ENSBMUG00000006061
bos_taurus ENSBTAG00000045834
tursiops_truncatus ENSTTRG00000011135
sus_scrofa ENSSSCG00000012854
mus_spretus_strain_spret/eij MGP_SPRETEiJ_G0031795
mus_musculus_strain_reference_cl57bl6 ENSMUSG00000038618
mus_spicilegus ENSMSIG00000027272
mus_caroli_strain_caroli_eij MGP_CAROLIEiJ_G0030684
mus_pahari_strain_pahari_eij MGP_PahariEiJ_G0013883
rattus_norvegicus ENSRNOG00000017109
meriones_unguiculatus ENSMUGG00000012278
cricetulus_griseus_chok1gs_hdv1 ENSCGRG00001006235
cricetulus_griseus_crigri-picr ENSCGRG00015027347
cricetulus_griseus_crigri_1.0 ENSCGRG00000005010
peromyscus_maniculatus_bairdii ENSPEMG00000014894
nannospalax_galili ENSNGAG00000010388
jaculus_jaculus ENSJJAG00000015967
castor_canadensis ENSCCNG00000011023
heterocephalus_glaber_hetgla_1.0 ENSHGLG00100014578
heterocephalus_glaber_hetgla_female_1.0 ENSHGLG00000009399
fukomys_damarensis ENSFDAG00000015242
cavia_aperea ENSCAPG00000006080
cavia_porcellus ENSCPOG00000021535
chinchilla_lanigera ENSCLAG00000002325
octodon_degus ENSODEG00000015084
spermophilus_dauricus ENSSDAG00000021471
ictidomys_tridecemlineatus ENSSTOG00000002761
urocitellus_parryii ENSUPAG00010022900
marmota_marmota_marmota ENSMMMG00000006945
pan_troglodytes ENSPTRG00000003123
pan_paniscus ENSPPAG00000041518
homo_sapiens ENSG00000099849
gorilla_gorilla ENSGGOG00000015457
pongo_abelii ENSPPYG00000002871
nomascus_leucogenys ENSNLEG00000008322
colobus_angolensis_palliatus ENSCANG00000008827
piliocolobus_tephrosceles ENSPTEG00000019782
rhinopithecus_bieti ENSRBIG00000001734
rhinopithecus_roxellana ENSRROG00000028313
macaca_fascicularis ENSMFAG00000019478
macaca_mulatta ENSMMUG00000021665
macaca_nemestrina ENSMNEG00000037827
cercocebus_atys ENSCATG00000042354
mandrillus_leucophaeus ENSMLEG00000035273
papio_anubis ENSPANG00000002374
theropithecus_gelada ENSTGEG00000023186
chlorocebus_sabaeus ENSCSAG00000010983
saimiri_boliviensis_boliviensis ENSSBOG00000027416
cebus_capucinus_imitator ENSCCAG00000022052
callithrix_jacchus ENSCJAG00000012171
aotus_nancymaae ENSANAG00000034855
carlito_syrichta ENSTSYG00000027576
microcebus_murinus ENSMICG00000002442
prolemur_simus ENSPSMG00000025295
propithecus_coquereli ENSPCOG00000023558
otolemur_garnettii ENSOGAG00000034602
dasypus_novemcinctus ENSDNOG00000037878
loxodonta_africana ENSLAFG00000027792
dipodomys_ordii ENSDORG00000004048
bison_bison_bison ENSBBBG00000021766
procavia_capensis ENSPCAG00000011535
microtus_ochrogaster ENSMOCG00000012450
mesocricetus_auratus ENSMAUG00000003510
xenopus_tropicalis ENSXETG00000006038
latimeria_chalumnae ENSLACG00000018230
paramormyrops_kingsleyae ENSPKIG00000000264
scleropages_formosus ENSSFOG00015003103
scleropages_formosus ENSSFOG00015011124
paramormyrops_kingsleyae ENSPKIG00000013492
xiphophorus_maculatus ENSXMAG00000015112
xiphophorus_couchianus ENSXCOG00000020600
gambusia_affinis ENSGAFG00000021812
poecilia_formosa ENSPFOG00000003071
poecilia_mexicana ENSPMEG00000020854
poecilia_reticulata ENSPREG00000019305
cyprinodon_variegatus ENSCVAG00000008655
fundulus_heteroclitus ENSFHEG00000010036
kryptolebias_marmoratus ENSKMAG00000002025
oryzias_latipes_asm223471v1 ENSORLG00020008049
oryzias_latipes_asm223467v1 ENSORLG00000025425
oryzias_melastigma ENSOMEG00000018673
astatotilapia_calliptera ENSACLG00000001135
maylandia_zebra ENSMZEG00005017596
pundamilia_nyererei ENSPNYG00000015084
haplochromis_burtoni ENSHBUG00000011965
neolamprologus_brichardi ENSNBRG00000006154
oreochromis_niloticus ENSONIG00000014567
amphilophus_citrinellus ENSACIG00000000724
monopterus_albus ENSMALG00000011237
tetraodon_nigroviridis ENSTNIG00000011383
takifugu_rubripes ENSTRUG00000011270
cynoglossus_semilaevis ENSCSEG00000007878
labrus_bergylta ENSLBEG00000001838
gasterosteus_aculeatus ENSGACG00000011348
scophthalmus_maximus ENSSMAG00000008690
amphiprion_percula ENSAPEG00000009490
amphiprion_ocellaris ENSAOCG00000000735
acanthochromis_polyacanthus ENSAPOG00000023652
stegastes_partitus ENSSPAG00000007389
anabas_testudineus ENSATEG00000020029
seriola_dumerili ENSSDUG00000018980
seriola_lalandi_dorsalis ENSSLDG00000012647
mola_mola ENSMMOG00000017806
mastacembelus_armatus ENSMAMG00000004435
hippocampus_comes ENSHCOG00000009538
poecilia_latipinna ENSPLAG00000003396
periophthalmus_magnuspinnatus ENSPMGG00000005805
gadus_morhua ENSGMOG00000009523
esox_lucius ENSELUG00000004684
pygocentrus_nattereri ENSPNAG00000014034
astyanax_mexicanus ENSAMXG00000032376
ictalurus_punctatus ENSIPUG00000006154
danio_rerio ENSDARG00000079917
pygocentrus_nattereri ENSPNAG00000000587
astyanax_mexicanus ENSAMXG00000007694
ictalurus_punctatus ENSIPUG00000022527
danio_rerio ENSDARG00000003193
tetraodon_nigroviridis ENSTNIG00000003302
takifugu_rubripes ENSTRUG00000005851
mola_mola ENSMMOG00000001174
gasterosteus_aculeatus ENSGACG00000017627
neolamprologus_brichardi ENSNBRG00000016124
pundamilia_nyererei ENSPNYG00000009534
fundulus_heteroclitus ENSFHEG00000018369
cyprinodon_variegatus ENSCVAG00000011165
poecilia_formosa ENSPFOG00000018158
poecilia_latipinna ENSPLAG00000004954
poecilia_mexicana ENSPMEG00000016902
poecilia_reticulata ENSPREG00000016315
xiphophorus_maculatus ENSXMAG00000023882
xiphophorus_couchianus ENSXCOG00000002124
astatotilapia_calliptera ENSACLG00000003005
haplochromis_burtoni ENSHBUG00000005479
oreochromis_niloticus ENSONIG00000015631
amphilophus_citrinellus ENSACIG00000003333
oryzias_latipes_asm223467v1 ENSORLG00000000058
oryzias_latipes_asm223471v1 ENSORLG00020005553
oryzias_latipes_asm223469v1 ENSORLG00015001956
oryzias_melastigma ENSOMEG00000015045
amphiprion_ocellaris ENSAOCG00000024734
amphiprion_percula ENSAPEG00000000225
acanthochromis_polyacanthus ENSAPOG00000017496
stegastes_partitus ENSSPAG00000017125
scophthalmus_maximus ENSSMAG00000005710
cynoglossus_semilaevis ENSCSEG00000011220
seriola_dumerili ENSSDUG00000014413
seriola_lalandi_dorsalis ENSSLDG00000007334
anabas_testudineus ENSATEG00000016000
monopterus_albus ENSMALG00000015372
periophthalmus_magnuspinnatus ENSPMGG00000006485
gadus_morhua ENSGMOG00000017437
esox_lucius ENSELUG00000020174
lepisosteus_oculatus ENSLOCG00000000536
eptatretus_burgeri ENSEBUG00000010273
petromyzon_marinus ENSPMAG00000004109
ciona_intestinalis ENSCING00000007050
drosophila_melanogaster FBgn0261986
caenorhabditis_elegans_strain_n2 WBGene00019403
