seriola_lalandi_dorsalis ENSSLDG00000015239
seriola_dumerili ENSSDUG00000022003
scophthalmus_maximus ENSSMAG00000009769
amphiprion_percula ENSAPEG00000008455
amphiprion_ocellaris ENSAOCG00000000965
acanthochromis_polyacanthus ENSAPOG00000021260
stegastes_partitus ENSSPAG00000014281
mastacembelus_armatus ENSMAMG00000003752
monopterus_albus ENSMALG00000013165
tetraodon_nigroviridis ENSTNIG00000014475
takifugu_rubripes ENSTRUG00000006347
labrus_bergylta ENSLBEG00000019542
gasterosteus_aculeatus ENSGACG00000015321
anabas_testudineus ENSATEG00000011668
xiphophorus_maculatus ENSXMAG00000009731
gambusia_affinis ENSGAFG00000016526
poecilia_formosa ENSPFOG00000018875
poecilia_latipinna ENSPLAG00000020695
poecilia_mexicana ENSPMEG00000002947
poecilia_reticulata ENSPREG00000017799
fundulus_heteroclitus ENSFHEG00000019962
cyprinodon_variegatus ENSCVAG00000021708
kryptolebias_marmoratus ENSKMAG00000012397
oryzias_latipes_asm223467v1 ENSORLG00000020667
oryzias_latipes_asm223471v1 ENSORLG00020014246
oryzias_latipes_asm223469v1 ENSORLG00015016651
oryzias_melastigma ENSOMEG00000010563
astatotilapia_calliptera ENSACLG00000007490
maylandia_zebra ENSMZEG00005019141
haplochromis_burtoni ENSHBUG00000001874
pundamilia_nyererei ENSPNYG00000022188
oreochromis_niloticus ENSONIG00000003746
neolamprologus_brichardi ENSNBRG00000014367
amphilophus_citrinellus ENSACIG00000017602
cynoglossus_semilaevis ENSCSEG00000006017
hippocampus_comes ENSHCOG00000018345
mola_mola ENSMMOG00000004713
periophthalmus_magnuspinnatus ENSPMGG00000015647
gadus_morhua ENSGMOG00000018993
esox_lucius ENSELUG00000001840
pygocentrus_nattereri ENSPNAG00000013092
astyanax_mexicanus ENSAMXG00000012931
ictalurus_punctatus ENSIPUG00000021987
danio_rerio ENSDARG00000055737
scleropages_formosus ENSSFOG00015006861
paramormyrops_kingsleyae ENSPKIG00000023315
lepisosteus_oculatus ENSLOCG00000008388
apteryx_owenii ENSAOWG00000016207
apteryx_haastii ENSAHAG00000016459
apteryx_rowi ENSARWG00000017029
dromaius_novaehollandiae ENSDNVG00000017911
nothoprocta_perdicaria ENSNPEG00000000207
anser_brachyrhynchus ENSABRG00000013750
anas_platyrhynchos_platyrhynchos ENSAPLG00000014628
meleagris_gallopavo ENSMGAG00000014772
coturnix_japonica ENSCJPG00005019696
gallus_gallus ENSGALG00000034944
numida_meleagris ENSNMEG00000016246
cyanistes_caeruleus ENSCCEG00000020726
parus_major ENSPMJG00000015249
ficedula_albicollis ENSFALG00000004019
junco_hyemalis ENSJHYG00000018237
zonotrichia_albicollis ENSZALG00000009413
serinus_canaria ENSSCAG00000016746
taeniopygia_guttata ENSTGUG00000010281
lonchura_striata_domestica ENSLSDG00000015423
manacus_vitellinus ENSMVIG00005017977
lepidothrix_coronata ENSLCOG00000015244
calidris_pygmaea ENSCPGG00000016045
calidris_pugnax ENSCPUG00000005789
melopsittacus_undulatus ENSMUNG00000000401
crocodylus_porosus ENSCPRG00005011691
gopherus_agassizii ENSGAGG00000007313
chelonoidis_abingdonii ENSCABG00000004531
chrysemys_picta_bellii ENSCPBG00000004820
pelodiscus_sinensis ENSPSIG00000016196
anolis_carolinensis ENSACAG00000012036
pogona_vitticeps ENSPVIG00000005745
notechis_scutatus ENSNSUG00000003312
salvator_merianae ENSSMRG00000022112
sphenodon_punctatus ENSSPUG00000007559
pan_troglodytes ENSPTRG00000006829
pan_paniscus ENSPPAG00000037743
homo_sapiens ENSG00000114062
gorilla_gorilla ENSGGOG00000003955
pongo_abelii ENSPPYG00000006272
nomascus_leucogenys ENSNLEG00000001407
theropithecus_gelada ENSTGEG00000021304
papio_anubis ENSPANG00000018034
chlorocebus_sabaeus ENSCSAG00000006415
mandrillus_leucophaeus ENSMLEG00000041127
cercocebus_atys ENSCATG00000037110
macaca_fascicularis ENSMFAG00000037265
macaca_nemestrina ENSMNEG00000028458
macaca_mulatta ENSMMUG00000000628
rhinopithecus_roxellana ENSRROG00000039909
rhinopithecus_bieti ENSRBIG00000040451
piliocolobus_tephrosceles ENSPTEG00000039203
colobus_angolensis_palliatus ENSCANG00000009254
cebus_capucinus_imitator ENSCCAG00000026544
cebus_capucinus_imitator ENSCCAG00000021902
saimiri_boliviensis_boliviensis ENSSBOG00000023635
callithrix_jacchus ENSCJAG00000003764
aotus_nancymaae ENSANAG00000034271
cercocebus_atys ENSCATG00000042584
rhinopithecus_bieti ENSRBIG00000039717
pan_paniscus ENSPPAG00000030797
pan_troglodytes ENSPTRG00000044292
cebus_capucinus_imitator ENSCCAG00000035782
cercocebus_atys ENSCATG00000021882
macaca_fascicularis ENSMFAG00000031630
papio_anubis ENSPANG00000030631
macaca_mulatta ENSMMUG00000040544
macaca_nemestrina ENSMNEG00000042918
carlito_syrichta ENSTSYG00000013589
propithecus_coquereli ENSPCOG00000020517
microcebus_murinus ENSMICG00000027572
prolemur_simus ENSPSMG00000005061
otolemur_garnettii ENSOGAG00000017107
chinchilla_lanigera ENSCLAG00000006723
octodon_degus ENSODEG00000003671
cavia_porcellus ENSCPOG00000005951
cavia_aperea ENSCAPG00000011560
heterocephalus_glaber_hetgla_female_1.0 ENSHGLG00000008569
heterocephalus_glaber_hetgla_1.0 ENSHGLG00100002280
fukomys_damarensis ENSFDAG00000014829
urocitellus_parryii ENSUPAG00010011978
ictidomys_tridecemlineatus ENSSTOG00000001338
marmota_marmota_marmota ENSMMMG00000023053
spermophilus_dauricus ENSSDAG00000018044
castor_canadensis ENSCCNG00000017294
dipodomys_ordii ENSDORG00000004100
mus_musculus_strain_reference_cl57bl6 ENSMUSG00000025326
mus_spretus_strain_spret/eij MGP_SPRETEiJ_G0030916
mus_spicilegus ENSMSIG00000021968
mus_caroli_strain_caroli_eij MGP_CAROLIEiJ_G0029813
mus_pahari_strain_pahari_eij MGP_PahariEiJ_G0013038
rattus_norvegicus ENSRNOG00000015734
meriones_unguiculatus ENSMUGG00000022658
cricetulus_griseus_crigri-picr ENSCGRG00015026481
cricetulus_griseus_chok1gs_hdv1 ENSCGRG00001010781
cricetulus_griseus_crigri_1.0 ENSCGRG00000015429
mesocricetus_auratus ENSMAUG00000006627
microtus_ochrogaster ENSMOCG00000000635
peromyscus_maniculatus_bairdii ENSPEMG00000021010
nannospalax_galili ENSNGAG00000007229
oryctolagus_cuniculus ENSOCUG00000017465
ochotona_princeps ENSOPRG00000016113
tupaia_belangeri ENSTBEG00000017521
bos_mutus ENSBMUG00000024523
bos_taurus ENSBTAG00000002487
bison_bison_bison ENSBBBG00000000748
capra_hircus ENSCHIG00000017576
ovis_aries ENSOARG00000009094
tursiops_truncatus ENSTTRG00000005991
sus_scrofa ENSSSCG00000004832
vicugna_pacos ENSVPAG00000008317
ursus_maritimus ENSUMAG00000025613
ailuropoda_melanoleuca ENSAMEG00000007071
mustela_putorius_furo ENSMPUG00000002419
neovison_vison ENSNVIG00000001264
canis_lupus_familiaris ENSCAFG00000010110
canis_lupus_dingo ENSCAFG00020024115
vulpes_vulpes ENSVVUG00000009231
panthera_pardus ENSPPRG00000011347
panthera_tigris_altaica ENSPTIG00000016119
felis_catus ENSFCAG00000027111
equus_asinus_asinus ENSEASG00005019815
equus_caballus ENSECAG00000004792
erinaceus_europaeus ENSEEUG00000002179
sorex_araneus ENSSARG00000006496
myotis_lucifugus ENSMLUG00000003428
choloepus_hoffmanni ENSCHOG00000008012
dasypus_novemcinctus ENSDNOG00000035914
loxodonta_africana ENSLAFG00000012139
procavia_capensis ENSPCAG00000008958
ornithorhynchus_anatinus ENSOANG00000007102
phascolarctos_cinereus ENSPCIG00000006746
notamacropus_eugenii ENSMEUG00000001298
sarcophilus_harrisii ENSSHAG00000009977
monodelphis_domestica ENSMODG00000000974
xenopus_tropicalis ENSXETG00000024326
latimeria_chalumnae ENSLACG00000014094
ornithorhynchus_anatinus ENSOANG00000001880
ornithorhynchus_anatinus ENSOANG00000030448
pteropus_vampyrus ENSPVAG00000000826
hippocampus_comes ENSHCOG00000010668
periophthalmus_magnuspinnatus ENSPMGG00000014182
tetraodon_nigroviridis ENSTNIG00000013784
tetraodon_nigroviridis ENSTNIG00000017644
takifugu_rubripes ENSTRUG00000006748
mola_mola ENSMMOG00000005774
labrus_bergylta ENSLBEG00000025168
scophthalmus_maximus ENSSMAG00000020159
cynoglossus_semilaevis ENSCSEG00000003344
seriola_lalandi_dorsalis ENSSLDG00000013860
seriola_dumerili ENSSDUG00000009378
mastacembelus_armatus ENSMAMG00000010466
monopterus_albus ENSMALG00000017151
anabas_testudineus ENSATEG00000011812
amphiprion_percula ENSAPEG00000019470
amphiprion_ocellaris ENSAOCG00000012341
acanthochromis_polyacanthus ENSAPOG00000002314
stegastes_partitus ENSSPAG00000013079
astatotilapia_calliptera ENSACLG00000024258
maylandia_zebra ENSMZEG00005007977
haplochromis_burtoni ENSHBUG00000014796
pundamilia_nyererei ENSPNYG00000018338
neolamprologus_brichardi ENSNBRG00000012434
oreochromis_niloticus ENSONIG00000019346
amphilophus_citrinellus ENSACIG00000009036
xiphophorus_maculatus ENSXMAG00000016297
xiphophorus_couchianus ENSXCOG00000006162
gambusia_affinis ENSGAFG00000017344
poecilia_formosa ENSPFOG00000000124
poecilia_latipinna ENSPLAG00000016233
poecilia_mexicana ENSPMEG00000020532
poecilia_reticulata ENSPREG00000017057
fundulus_heteroclitus ENSFHEG00000010525
cyprinodon_variegatus ENSCVAG00000002071
kryptolebias_marmoratus ENSKMAG00000015531
oryzias_latipes_asm223467v1 ENSORLG00000015759
oryzias_latipes_asm223469v1 ENSORLG00015015647
oryzias_latipes_asm223471v1 ENSORLG00020019681
oryzias_melastigma ENSOMEG00000003524
gasterosteus_aculeatus ENSGACG00000013744
gadus_morhua ENSGMOG00000004287
esox_lucius ENSELUG00000009232
petromyzon_marinus ENSPMAG00000009767
eptatretus_burgeri ENSEBUG00000014155
ciona_savignyi ENSCSAVG00000010128
ciona_intestinalis ENSCING00000007494
drosophila_melanogaster FBgn0061469
