ciona_intestinalis ENSCING00000009344
ciona_savignyi ENSCSAVG00000008957
ciona_savignyi ENSCSAVG00000003605
paramormyrops_kingsleyae ENSPKIG00000021895
scleropages_formosus ENSSFOG00015023930
labrus_bergylta ENSLBEG00000008827
gasterosteus_aculeatus ENSGACG00000020054
mola_mola ENSMMOG00000007120
scophthalmus_maximus ENSSMAG00000005484
cynoglossus_semilaevis ENSCSEG00000004613
seriola_dumerili ENSSDUG00000016290
seriola_lalandi_dorsalis ENSSLDG00000005072
mastacembelus_armatus ENSMAMG00000016384
monopterus_albus ENSMALG00000012390
anabas_testudineus ENSATEG00000022667
poecilia_mexicana ENSPMEG00000003355
poecilia_latipinna ENSPLAG00000023934
poecilia_formosa ENSPFOG00000001021
poecilia_reticulata ENSPREG00000022628
xiphophorus_couchianus ENSXCOG00000013861
xiphophorus_maculatus ENSXMAG00000015455
gambusia_affinis ENSGAFG00000016195
fundulus_heteroclitus ENSFHEG00000003252
cyprinodon_variegatus ENSCVAG00000015623
kryptolebias_marmoratus ENSKMAG00000013501
oryzias_latipes_asm223467v1 ENSORLG00000016609
oryzias_latipes_asm223471v1 ENSORLG00020008274
oryzias_latipes_asm223469v1 ENSORLG00015007466
oryzias_melastigma ENSOMEG00000003082
amphiprion_ocellaris ENSAOCG00000015147
amphiprion_percula ENSAPEG00000021994
stegastes_partitus ENSSPAG00000003428
haplochromis_burtoni ENSHBUG00000008199
pundamilia_nyererei ENSPNYG00000021749
astatotilapia_calliptera ENSACLG00000016155
maylandia_zebra ENSMZEG00005014640
neolamprologus_brichardi ENSNBRG00000011657
oreochromis_niloticus ENSONIG00000017833
amphilophus_citrinellus ENSACIG00000013318
takifugu_rubripes ENSTRUG00000014921
tetraodon_nigroviridis ENSTNIG00000012671
periophthalmus_magnuspinnatus ENSPMGG00000023545
hippocampus_comes ENSHCOG00000018637
gadus_morhua ENSGMOG00000007738
esox_lucius ENSELUG00000001354
pygocentrus_nattereri ENSPNAG00000019140
astyanax_mexicanus ENSAMXG00000029060
ictalurus_punctatus ENSIPUG00000019028
danio_rerio ENSDARG00000007366
lepisosteus_oculatus ENSLOCG00000015737
latimeria_chalumnae ENSLACG00000004361
apteryx_owenii ENSAOWG00000006680
apteryx_haastii ENSAHAG00000018214
apteryx_rowi ENSARWG00000011736
dromaius_novaehollandiae ENSDNVG00000011453
nothoprocta_perdicaria ENSNPEG00000007508
anser_brachyrhynchus ENSABRG00000011591
anas_platyrhynchos_platyrhynchos ENSAPLG00000003873
gallus_gallus ENSGALG00000011414
coturnix_japonica ENSCJPG00005005008
meleagris_gallopavo ENSMGAG00000011454
numida_meleagris ENSNMEG00000007617
lepidothrix_coronata ENSLCOG00000008148
manacus_vitellinus ENSMVIG00005002147
taeniopygia_guttata ENSTGUG00000008491
lonchura_striata_domestica ENSLSDG00000016580
parus_major ENSPMJG00000012902
cyanistes_caeruleus ENSCCEG00000011753
ficedula_albicollis ENSFALG00000010808
zonotrichia_albicollis ENSZALG00000010487
junco_hyemalis ENSJHYG00000011846
serinus_canaria ENSSCAG00000007086
melopsittacus_undulatus ENSMUNG00000004341
calidris_pygmaea ENSCPGG00000006988
calidris_pugnax ENSCPUG00000002609
crocodylus_porosus ENSCPRG00005019106
chelonoidis_abingdonii ENSCABG00000003988
gopherus_agassizii ENSGAGG00000014796
chrysemys_picta_bellii ENSCPBG00000001992
pelodiscus_sinensis ENSPSIG00000015618
pogona_vitticeps ENSPVIG00000023810
anolis_carolinensis ENSACAG00000014029
notechis_scutatus ENSNSUG00000017048
salvator_merianae ENSSMRG00000011278
sphenodon_punctatus ENSSPUG00000014575
phascolarctos_cinereus ENSPCIG00000026940
notamacropus_eugenii ENSMEUG00000009759
sarcophilus_harrisii ENSSHAG00000012599
monodelphis_domestica ENSMODG00000008049
procavia_capensis ENSPCAG00000001556
mus_pahari_strain_pahari_eij MGP_PahariEiJ_G0031352
choloepus_hoffmanni ENSCHOG00000010645
loxodonta_africana ENSLAFG00000009812
echinops_telfairi ENSETEG00000009317
dasypus_novemcinctus ENSDNOG00000033550
castor_canadensis ENSCCNG00000023191
dipodomys_ordii ENSDORG00000001718
cavia_porcellus ENSCPOG00000001031
cavia_aperea ENSCAPG00000008958
octodon_degus ENSODEG00000009067
chinchilla_lanigera ENSCLAG00000010790
heterocephalus_glaber_hetgla_female_1.0 ENSHGLG00000008602
heterocephalus_glaber_hetgla_1.0 ENSHGLG00100007762
fukomys_damarensis ENSFDAG00000016982
mus_spretus_strain_spret/eij MGP_SPRETEiJ_G0016551
mus_spicilegus ENSMSIG00000006290
mus_musculus_strain_reference_cl57bl6 ENSMUSG00000015890
mus_caroli_strain_caroli_eij MGP_CAROLIEiJ_G0015733
rattus_norvegicus ENSRNOG00000005266
meriones_unguiculatus ENSMUGG00000019230
cricetulus_griseus_crigri_1.0 ENSCGRG00000001360
cricetulus_griseus_chok1gs_hdv1 ENSCGRG00001023437
cricetulus_griseus_crigri-picr ENSCGRG00015020295
mesocricetus_auratus ENSMAUG00000018875
microtus_ochrogaster ENSMOCG00000013736
peromyscus_maniculatus_bairdii ENSPEMG00000022642
nannospalax_galili ENSNGAG00000023195
jaculus_jaculus ENSJJAG00000010274
ictidomys_tridecemlineatus ENSSTOG00000010460
spermophilus_dauricus ENSSDAG00000020467
marmota_marmota_marmota ENSMMMG00000020040
urocitellus_parryii ENSUPAG00010006490
oryctolagus_cuniculus ENSOCUG00000005523
ochotona_princeps ENSOPRG00000011673
tupaia_belangeri ENSTBEG00000014727
propithecus_coquereli ENSPCOG00000010352
microcebus_murinus ENSMICG00000012168
prolemur_simus ENSPSMG00000005464
otolemur_garnettii ENSOGAG00000014327
pan_paniscus ENSPPAG00000040940
pan_troglodytes ENSPTRG00000005319
homo_sapiens ENSG00000139344
gorilla_gorilla ENSGGOG00000006854
pongo_abelii ENSPPYG00000004849
nomascus_leucogenys ENSNLEG00000005854
piliocolobus_tephrosceles ENSPTEG00000001455
colobus_angolensis_palliatus ENSCANG00000041201
rhinopithecus_roxellana ENSRROG00000028961
rhinopithecus_bieti ENSRBIG00000043027
theropithecus_gelada ENSTGEG00000002958
cercocebus_atys ENSCATG00000043814
papio_anubis ENSPANG00000006441
mandrillus_leucophaeus ENSMLEG00000031240
macaca_nemestrina ENSMNEG00000029405
macaca_fascicularis ENSMFAG00000046264
macaca_mulatta ENSMMUG00000009304
chlorocebus_sabaeus ENSCSAG00000003588
cebus_capucinus_imitator ENSCCAG00000029504
saimiri_boliviensis_boliviensis ENSSBOG00000022637
callithrix_jacchus ENSCJAG00000002672
aotus_nancymaae ENSANAG00000032343
bos_mutus ENSBMUG00000018669
bos_taurus ENSBTAG00000016275
bison_bison_bison ENSBBBG00000023777
ovis_aries ENSOARG00000012060
capra_hircus ENSCHIG00000023934
sus_scrofa ENSSSCG00000000893
tursiops_truncatus ENSTTRG00000006072
vicugna_pacos ENSVPAG00000008714
ursus_americanus ENSUAMG00000008172
ursus_maritimus ENSUMAG00000003541
ailuropoda_melanoleuca ENSAMEG00000002115
mustela_putorius_furo ENSMPUG00000007121
neovison_vison ENSNVIG00000007777
canis_lupus_familiaris ENSCAFG00000006406
canis_lupus_dingo ENSCAFG00020023254
vulpes_vulpes ENSVVUG00000019020
panthera_tigris_altaica ENSPTIG00000010533
panthera_pardus ENSPPRG00000004816
felis_catus ENSFCAG00000005404
myotis_lucifugus ENSMLUG00000013596
pteropus_vampyrus ENSPVAG00000009038
equus_caballus ENSECAG00000024293
equus_asinus_asinus ENSEASG00005019523
sorex_araneus ENSSARG00000012504
carlito_syrichta ENSTSYG00000012879
erinaceus_europaeus ENSEEUG00000000870
latimeria_chalumnae ENSLACG00000000884
ornithorhynchus_anatinus ENSOANG00000006610
xenopus_tropicalis ENSXETG00000021636
eptatretus_burgeri ENSEBUG00000012508
caenorhabditis_elegans_strain_n2 WBGene00020436
