seriola_dumerili ENSSDUG00000020544
seriola_lalandi_dorsalis ENSSLDG00000020036
cynoglossus_semilaevis ENSCSEG00000018516
mastacembelus_armatus ENSMAMG00000014310
monopterus_albus ENSMALG00000022644
anabas_testudineus ENSATEG00000003216
gambusia_affinis ENSGAFG00000002119
xiphophorus_maculatus ENSXMAG00000007852
poecilia_mexicana ENSPMEG00000005772
poecilia_latipinna ENSPLAG00000002883
poecilia_formosa ENSPFOG00000011709
poecilia_reticulata ENSPREG00000022867
fundulus_heteroclitus ENSFHEG00000019113
kryptolebias_marmoratus ENSKMAG00000018429
haplochromis_burtoni ENSHBUG00000023460
pundamilia_nyererei ENSPNYG00000013175
astatotilapia_calliptera ENSACLG00000010087
maylandia_zebra ENSMZEG00005016160
oreochromis_niloticus ENSONIG00000004299
neolamprologus_brichardi ENSNBRG00000015678
amphilophus_citrinellus ENSACIG00000014815
amphiprion_percula ENSAPEG00000000679
amphiprion_ocellaris ENSAOCG00000001950
acanthochromis_polyacanthus ENSAPOG00000005600
stegastes_partitus ENSSPAG00000008670
xiphophorus_couchianus ENSXCOG00000017546
cyprinodon_variegatus ENSCVAG00000000921
oryzias_latipes_asm223471v1 ENSORLG00020010654
scophthalmus_maximus ENSSMAG00000003208
tetraodon_nigroviridis ENSTNIG00000017499
takifugu_rubripes ENSTRUG00000004831
gasterosteus_aculeatus ENSGACG00000003890
labrus_bergylta ENSLBEG00000026847
oryzias_latipes_asm223469v1 ENSORLG00015004211
oryzias_latipes_asm223467v1 ENSORLG00000017419
oryzias_latipes_asm223471v1 ENSORLG00020010665
oryzias_melastigma ENSOMEG00000007687
hippocampus_comes ENSHCOG00000013855
periophthalmus_magnuspinnatus ENSPMGG00000003106
gadus_morhua ENSGMOG00000013339
esox_lucius ENSELUG00000020155
pygocentrus_nattereri ENSPNAG00000006878
astyanax_mexicanus ENSAMXG00000004021
ictalurus_punctatus ENSIPUG00000007235
ictalurus_punctatus ENSIPUG00000007317
danio_rerio ENSDARG00000008473
gasterosteus_aculeatus ENSGACG00000002650
cynoglossus_semilaevis ENSCSEG00000021037
anabas_testudineus ENSATEG00000006355
monopterus_albus ENSMALG00000022159
mastacembelus_armatus ENSMAMG00000011282
seriola_lalandi_dorsalis ENSSLDG00000000643
seriola_dumerili ENSSDUG00000015640
scophthalmus_maximus ENSSMAG00000009280
xiphophorus_maculatus ENSXMAG00000002546
xiphophorus_couchianus ENSXCOG00000000114
gambusia_affinis ENSGAFG00000021095
poecilia_latipinna ENSPLAG00000012822
poecilia_formosa ENSPFOG00000003490
poecilia_mexicana ENSPMEG00000019060
poecilia_reticulata ENSPREG00000017491
cyprinodon_variegatus ENSCVAG00000014102
fundulus_heteroclitus ENSFHEG00000002687
kryptolebias_marmoratus ENSKMAG00000017189
oryzias_latipes_asm223467v1 ENSORLG00000027305
oryzias_latipes_asm223471v1 ENSORLG00020001252
oryzias_latipes_asm223469v1 ENSORLG00015017971
oryzias_melastigma ENSOMEG00000011633
amphiprion_percula ENSAPEG00000009406
amphiprion_ocellaris ENSAOCG00000012008
acanthochromis_polyacanthus ENSAPOG00000011144
stegastes_partitus ENSSPAG00000003192
astatotilapia_calliptera ENSACLG00000025342
maylandia_zebra ENSMZEG00005023613
pundamilia_nyererei ENSPNYG00000002934
haplochromis_burtoni ENSHBUG00000005199
neolamprologus_brichardi ENSNBRG00000015724
amphilophus_citrinellus ENSACIG00000020333
tetraodon_nigroviridis ENSTNIG00000000041
takifugu_rubripes ENSTRUG00000025750
mola_mola ENSMMOG00000020498
labrus_bergylta ENSLBEG00000011575
hippocampus_comes ENSHCOG00000011081
periophthalmus_magnuspinnatus ENSPMGG00000009120
gadus_morhua ENSGMOG00000017719
esox_lucius ENSELUG00000001880
pygocentrus_nattereri ENSPNAG00000002951
astyanax_mexicanus ENSAMXG00000015403
ictalurus_punctatus ENSIPUG00000013912
danio_rerio ENSDARG00000087741
paramormyrops_kingsleyae ENSPKIG00000025368
scleropages_formosus ENSSFOG00015001693
lepisosteus_oculatus ENSLOCG00000013300
calidris_pygmaea ENSCPGG00000019332
calidris_pugnax ENSCPUG00000016554
melopsittacus_undulatus ENSMUNG00000014121
taeniopygia_guttata ENSTGUG00000007220
taeniopygia_guttata ENSTGUG00000014928
zonotrichia_albicollis ENSZALG00000017054
junco_hyemalis ENSJHYG00000013036
lonchura_striata_domestica ENSLSDG00000010147
junco_hyemalis ENSJHYG00000013033
zonotrichia_albicollis ENSZALG00000017053
serinus_canaria ENSSCAG00000002595
ficedula_albicollis ENSFALG00000008482
parus_major ENSPMJG00000012590
cyanistes_caeruleus ENSCCEG00000024178
lepidothrix_coronata ENSLCOG00000008538
manacus_vitellinus ENSMVIG00005001759
gallus_gallus ENSGALG00000005537
meleagris_gallopavo ENSMGAG00000006327
coturnix_japonica ENSCJPG00005013304
numida_meleagris ENSNMEG00000017371
anser_brachyrhynchus ENSABRG00000000393
anas_platyrhynchos_platyrhynchos ENSAPLG00000009911
anser_brachyrhynchus ENSABRG00000015946
apteryx_rowi ENSARWG00000010722
apteryx_owenii ENSAOWG00000012959
apteryx_haastii ENSAHAG00000010386
dromaius_novaehollandiae ENSDNVG00000012353
nothoprocta_perdicaria ENSNPEG00000011784
crocodylus_porosus ENSCPRG00005018938
gopherus_agassizii ENSGAGG00000010309
chelonoidis_abingdonii ENSCABG00000022840
chrysemys_picta_bellii ENSCPBG00000012338
pelodiscus_sinensis ENSPSIG00000006758
pogona_vitticeps ENSPVIG00000016600
anolis_carolinensis ENSACAG00000005604
notechis_scutatus ENSNSUG00000020223
salvator_merianae ENSSMRG00000021042
ovis_aries ENSOARG00000014390
capra_hircus ENSCHIG00000008329
bos_mutus ENSBMUG00000013070
bison_bison_bison ENSBBBG00000004747
bos_taurus ENSBTAG00000016013
tursiops_truncatus ENSTTRG00000009166
sus_scrofa ENSSSCG00000035320
vicugna_pacos ENSVPAG00000003886
pteropus_vampyrus ENSPVAG00000015339
myotis_lucifugus ENSMLUG00000000859
sorex_araneus ENSSARG00000007555
erinaceus_europaeus ENSEEUG00000015673
mustela_putorius_furo ENSMPUG00000016857
neovison_vison ENSNVIG00000022262
ursus_maritimus ENSUMAG00000019240
ursus_americanus ENSUAMG00000021512
ailuropoda_melanoleuca ENSAMEG00000011766
canis_lupus_dingo ENSCAFG00020006536
canis_lupus_familiaris ENSCAFG00000007936
vulpes_vulpes ENSVVUG00000020622
panthera_tigris_altaica ENSPTIG00000007313
panthera_pardus ENSPPRG00000010053
felis_catus ENSFCAG00000005734
equus_caballus ENSECAG00000012739
equus_asinus_asinus ENSEASG00005000335
cavia_porcellus ENSCPOG00000007776
cavia_aperea ENSCAPG00000007046
octodon_degus ENSODEG00000005874
chinchilla_lanigera ENSCLAG00000013726
fukomys_damarensis ENSFDAG00000009089
urocitellus_parryii ENSUPAG00010013934
ictidomys_tridecemlineatus ENSSTOG00000013391
spermophilus_dauricus ENSSDAG00000022471
marmota_marmota_marmota ENSMMMG00000010218
castor_canadensis ENSCCNG00000020820
dipodomys_ordii ENSDORG00000010041
peromyscus_maniculatus_bairdii ENSPEMG00000008349
microtus_ochrogaster ENSMOCG00000005229
cricetulus_griseus_crigri_1.0 ENSCGRG00000018313
cricetulus_griseus_chok1gs_hdv1 ENSCGRG00001022870
cricetulus_griseus_crigri-picr ENSCGRG00015028287
mesocricetus_auratus ENSMAUG00000004303
mus_spicilegus ENSMSIG00000027841
mus_spretus_strain_spret/eij MGP_SPRETEiJ_G0019918
mus_musculus_strain_reference_cl57bl6 ENSMUSG00000021898
mus_caroli_strain_caroli_eij MGP_CAROLIEiJ_G0019034
mus_pahari_strain_pahari_eij MGP_PahariEiJ_G0030051
rattus_norvegicus ENSRNOG00000013346
meriones_unguiculatus ENSMUGG00000011271
nannospalax_galili ENSNGAG00000015625
nannospalax_galili ENSNGAG00000022224
jaculus_jaculus ENSJJAG00000000382
oryctolagus_cuniculus ENSOCUG00000012286
ochotona_princeps ENSOPRG00000005202
tupaia_belangeri ENSTBEG00000009900
pan_troglodytes ENSPTRG00000015046
pan_paniscus ENSPPAG00000040684
homo_sapiens ENSG00000239388
pongo_abelii ENSPPYG00000013773
gorilla_gorilla ENSGGOG00000002824
nomascus_leucogenys ENSNLEG00000007263
theropithecus_gelada ENSTGEG00000028589
papio_anubis ENSPANG00000011563
macaca_mulatta ENSMMUG00000021008
mandrillus_leucophaeus ENSMLEG00000034386
chlorocebus_sabaeus ENSCSAG00000012753
piliocolobus_tephrosceles ENSPTEG00000020804
colobus_angolensis_palliatus ENSCANG00000035887
rhinopithecus_roxellana ENSRROG00000034785
rhinopithecus_bieti ENSRBIG00000035774
macaca_nemestrina ENSMNEG00000045323
macaca_fascicularis ENSMFAG00000036861
cercocebus_atys ENSCATG00000035996
cebus_capucinus_imitator ENSCCAG00000028664
saimiri_boliviensis_boliviensis ENSSBOG00000016076
aotus_nancymaae ENSANAG00000033434
carlito_syrichta ENSTSYG00000002719
propithecus_coquereli ENSPCOG00000026351
microcebus_murinus ENSMICG00000005591
prolemur_simus ENSPSMG00000022890
otolemur_garnettii ENSOGAG00000010929
dasypus_novemcinctus ENSDNOG00000012911
choloepus_hoffmanni ENSCHOG00000012458
procavia_capensis ENSPCAG00000015195
echinops_telfairi ENSETEG00000011415
loxodonta_africana ENSLAFG00000014301
phascolarctos_cinereus ENSPCIG00000022839
notamacropus_eugenii ENSMEUG00000002609
sarcophilus_harrisii ENSSHAG00000017187
monodelphis_domestica ENSMODG00000000105
ornithorhynchus_anatinus ENSOANG00000008951
xenopus_tropicalis ENSXETG00000008707
latimeria_chalumnae ENSLACG00000011418
petromyzon_marinus ENSPMAG00000008860
eptatretus_burgeri ENSEBUG00000003164
