takifugu_rubripes ENSTRUG00000018314
tetraodon_nigroviridis ENSTNIG00000017405
mola_mola ENSMMOG00000001306
cynoglossus_semilaevis ENSCSEG00000000541
mastacembelus_armatus ENSMAMG00000005809
monopterus_albus ENSMALG00000005142
anabas_testudineus ENSATEG00000001364
seriola_dumerili ENSSDUG00000003536
seriola_lalandi_dorsalis ENSSLDG00000021099
xiphophorus_maculatus ENSXMAG00000021870
xiphophorus_couchianus ENSXCOG00000009814
poecilia_mexicana ENSPMEG00000012066
poecilia_reticulata ENSPREG00000009598
poecilia_formosa ENSPFOG00000015030
poecilia_latipinna ENSPLAG00000009128
gambusia_affinis ENSGAFG00000017006
cyprinodon_variegatus ENSCVAG00000022477
fundulus_heteroclitus ENSFHEG00000017575
oryzias_latipes_asm223467v1 ENSORLG00000016509
oryzias_latipes_asm223469v1 ENSORLG00015006001
oryzias_latipes_asm223471v1 ENSORLG00020006253
oryzias_melastigma ENSOMEG00000020995
maylandia_zebra ENSMZEG00005020833
haplochromis_burtoni ENSHBUG00000018749
astatotilapia_calliptera ENSACLG00000024472
pundamilia_nyererei ENSPNYG00000021461
neolamprologus_brichardi ENSNBRG00000004137
oreochromis_niloticus ENSONIG00000020185
amphilophus_citrinellus ENSACIG00000008052
amphiprion_percula ENSAPEG00000001019
amphiprion_ocellaris ENSAOCG00000013202
acanthochromis_polyacanthus ENSAPOG00000003235
stegastes_partitus ENSSPAG00000009516
labrus_bergylta ENSLBEG00000000673
periophthalmus_magnuspinnatus ENSPMGG00000018895
hippocampus_comes ENSHCOG00000013934
scophthalmus_maximus ENSSMAG00000004752
kryptolebias_marmoratus ENSKMAG00000002599
gasterosteus_aculeatus ENSGACG00000007617
gadus_morhua ENSGMOG00000015393
esox_lucius ENSELUG00000007336
pygocentrus_nattereri ENSPNAG00000009597
astyanax_mexicanus ENSAMXG00000014513
ictalurus_punctatus ENSIPUG00000007522
danio_rerio ENSDARG00000040135
seriola_lalandi_dorsalis ENSSLDG00000001386
seriola_dumerili ENSSDUG00000015080
scophthalmus_maximus ENSSMAG00000012096
mastacembelus_armatus ENSMAMG00000017536
monopterus_albus ENSMALG00000002742
anabas_testudineus ENSATEG00000006400
gambusia_affinis ENSGAFG00000009567
xiphophorus_maculatus ENSXMAG00000013196
poecilia_mexicana ENSPMEG00000018416
poecilia_formosa ENSPFOG00000007924
poecilia_latipinna ENSPLAG00000007043
poecilia_reticulata ENSPREG00000019546
cyprinodon_variegatus ENSCVAG00000022851
fundulus_heteroclitus ENSFHEG00000001372
kryptolebias_marmoratus ENSKMAG00000014003
oryzias_latipes_asm223467v1 ENSORLG00000017504
oryzias_latipes_asm223469v1 ENSORLG00015017801
oryzias_latipes_asm223471v1 ENSORLG00020001258
oryzias_melastigma ENSOMEG00000020753
astatotilapia_calliptera ENSACLG00000013262
haplochromis_burtoni ENSHBUG00000012204
maylandia_zebra ENSMZEG00005016427
pundamilia_nyererei ENSPNYG00000007896
neolamprologus_brichardi ENSNBRG00000018888
oreochromis_niloticus ENSONIG00000015266
amphilophus_citrinellus ENSACIG00000004076
amphiprion_ocellaris ENSAOCG00000018993
amphiprion_percula ENSAPEG00000001432
acanthochromis_polyacanthus ENSAPOG00000019449
stegastes_partitus ENSSPAG00000021144
takifugu_rubripes ENSTRUG00000010431
tetraodon_nigroviridis ENSTNIG00000016356
mola_mola ENSMMOG00000015680
gasterosteus_aculeatus ENSGACG00000010481
labrus_bergylta ENSLBEG00000027704
cynoglossus_semilaevis ENSCSEG00000019751
periophthalmus_magnuspinnatus ENSPMGG00000017188
hippocampus_comes ENSHCOG00000007878
gadus_morhua ENSGMOG00000011052
esox_lucius ENSELUG00000004884
pygocentrus_nattereri ENSPNAG00000021176
astyanax_mexicanus ENSAMXG00000040940
ictalurus_punctatus ENSIPUG00000016099
danio_rerio ENSDARG00000068428
paramormyrops_kingsleyae ENSPKIG00000002955
scleropages_formosus ENSSFOG00015023968
scleropages_formosus ENSSFOG00015008051
paramormyrops_kingsleyae ENSPKIG00000022002
lepisosteus_oculatus ENSLOCG00000010517
