pogona_vitticeps ENSPVIG00000012063
anolis_carolinensis ENSACAG00000000022
notechis_scutatus ENSNSUG00000015917
salvator_merianae ENSSMRG00000001815
sphenodon_punctatus ENSSPUG00000009762
gopherus_agassizii ENSGAGG00000014104
chelonoidis_abingdonii ENSCABG00000003573
chrysemys_picta_bellii ENSCPBG00000027427
pelodiscus_sinensis ENSPSIG00000008288
anas_platyrhynchos_platyrhynchos ENSAPLG00000005794
anser_brachyrhynchus ENSABRG00000016862
coturnix_japonica ENSCJPG00005019486
meleagris_gallopavo ENSMGAG00000013424
gallus_gallus ENSGALG00000012998
numida_meleagris ENSNMEG00000005787
manacus_vitellinus ENSMVIG00005015437
lepidothrix_coronata ENSLCOG00000011771
melopsittacus_undulatus ENSMUNG00000005944
calidris_pygmaea ENSCPGG00000007669
calidris_pugnax ENSCPUG00000019564
apteryx_haastii ENSAHAG00000012416
apteryx_owenii ENSAOWG00000013915
apteryx_rowi ENSARWG00000011018
dromaius_novaehollandiae ENSDNVG00000004681
crocodylus_porosus ENSCPRG00005016374
taeniopygia_guttata ENSTGUG00000012595
lonchura_striata_domestica ENSLSDG00000017654
serinus_canaria ENSSCAG00000005169
ficedula_albicollis ENSFALG00000003993
zonotrichia_albicollis ENSZALG00000014693
parus_major ENSPMJG00000019369
cyanistes_caeruleus ENSCCEG00000011924
nothoprocta_perdicaria ENSNPEG00000015672
pan_paniscus ENSPPAG00000012337
pan_troglodytes ENSPTRG00000004519
homo_sapiens ENSG00000111186
gorilla_gorilla ENSGGOG00000001272
pongo_abelii ENSPPYG00000004141
nomascus_leucogenys ENSNLEG00000002648
mandrillus_leucophaeus ENSMLEG00000037701
cercocebus_atys ENSCATG00000030836
papio_anubis ENSPANG00000010050
theropithecus_gelada ENSTGEG00000020220
macaca_nemestrina ENSMNEG00000037656
macaca_fascicularis ENSMFAG00000033973
chlorocebus_sabaeus ENSCSAG00000011631
piliocolobus_tephrosceles ENSPTEG00000034706
colobus_angolensis_palliatus ENSCANG00000030956
rhinopithecus_bieti ENSRBIG00000036331
rhinopithecus_roxellana ENSRROG00000045599
cebus_capucinus_imitator ENSCCAG00000025300
saimiri_boliviensis_boliviensis ENSSBOG00000033882
callithrix_jacchus ENSCJAG00000000677
aotus_nancymaae ENSANAG00000036182
carlito_syrichta ENSTSYG00000027427
oryctolagus_cuniculus ENSOCUG00000013686
ochotona_princeps ENSOPRG00000007144
ursus_americanus ENSUAMG00000017565
ursus_americanus ENSUAMG00000017566
capra_hircus ENSCHIG00000014378
ovis_aries ENSOARG00000012734
bos_taurus ENSBTAG00000054367
bos_mutus ENSBMUG00000008348
bison_bison_bison ENSBBBG00000006793
tursiops_truncatus ENSTTRG00000017067
sus_scrofa ENSSSCG00000000759
sorex_araneus ENSSARG00000013260
pteropus_vampyrus ENSPVAG00000013922
myotis_lucifugus ENSMLUG00000010754
canis_lupus_familiaris ENSCAFG00000015919
canis_lupus_dingo ENSCAFG00020012110
vulpes_vulpes ENSVVUG00000020385
equus_caballus ENSECAG00000016516
equus_asinus_asinus ENSEASG00005008458
ailuropoda_melanoleuca ENSAMEG00000004263
ursus_maritimus ENSUMAG00000011854
mustela_putorius_furo ENSMPUG00000018051
neovison_vison ENSNVIG00000009128
canis_lupus_dingo ENSCAFG00020012113
sus_scrofa ENSSSCG00000040965
mus_caroli_strain_caroli_eij MGP_CAROLIEiJ_G0028793
macaca_mulatta ENSMMUG00000001325
panthera_tigris_altaica ENSPTIG00000014303
panthera_pardus ENSPPRG00000008710
felis_catus ENSFCAG00000035915
choloepus_hoffmanni ENSCHOG00000001513
dasypus_novemcinctus ENSDNOG00000048351
propithecus_coquereli ENSPCOG00000028488
microcebus_murinus ENSMICG00000032191
prolemur_simus ENSPSMG00000018836
otolemur_garnettii ENSOGAG00000027662
spermophilus_dauricus ENSSDAG00000007374
ictidomys_tridecemlineatus ENSSTOG00000012322
urocitellus_parryii ENSUPAG00010010457
marmota_marmota_marmota ENSMMMG00000023771
chinchilla_lanigera ENSCLAG00000010461
octodon_degus ENSODEG00000012459
cavia_porcellus ENSCPOG00000030802
cavia_aperea ENSCAPG00000007583
heterocephalus_glaber_hetgla_female_1.0 ENSHGLG00000018867
heterocephalus_glaber_hetgla_1.0 ENSHGLG00100008344
fukomys_damarensis ENSFDAG00000015054
castor_canadensis ENSCCNG00000026905
cricetulus_griseus_chok1gs_hdv1 ENSCGRG00001022498
cricetulus_griseus_crigri_1.0 ENSCGRG00000005961
cricetulus_griseus_crigri-picr ENSCGRG00015010855
mesocricetus_auratus ENSMAUG00000021552
microtus_ochrogaster ENSMOCG00000000909
peromyscus_maniculatus_bairdii ENSPEMG00000029151
mus_spicilegus ENSMSIG00000009116
mus_spretus_strain_spret/eij MGP_SPRETEiJ_G0029825
mus_musculus_strain_reference_cl57bl6 ENSMUSG00000030170
mus_pahari_strain_pahari_eij MGP_PahariEiJ_G0022548
rattus_norvegicus ENSRNOG00000008168
meriones_unguiculatus ENSMUGG00000014663
nannospalax_galili ENSNGAG00000021043
jaculus_jaculus ENSJJAG00000021976
procavia_capensis ENSPCAG00000010707
loxodonta_africana ENSLAFG00000015745
echinops_telfairi ENSETEG00000010312
myotis_lucifugus ENSMLUG00000026565
ornithorhynchus_anatinus ENSOANG00000010481
erinaceus_europaeus ENSEEUG00000002615
phascolarctos_cinereus ENSPCIG00000019795
notamacropus_eugenii ENSMEUG00000005544
sarcophilus_harrisii ENSSHAG00000010056
monodelphis_domestica ENSMODG00000018415
xenopus_tropicalis ENSXETG00000009405
latimeria_chalumnae ENSLACG00000017803
takifugu_rubripes ENSTRUG00000016522
tetraodon_nigroviridis ENSTNIG00000018608
mola_mola ENSMMOG00000002268
gasterosteus_aculeatus ENSGACG00000019663
labrus_bergylta ENSLBEG00000015010
scophthalmus_maximus ENSSMAG00000000338
cynoglossus_semilaevis ENSCSEG00000008728
seriola_lalandi_dorsalis ENSSLDG00000009587
seriola_dumerili ENSSDUG00000005517
mastacembelus_armatus ENSMAMG00000010049
monopterus_albus ENSMALG00000015291
anabas_testudineus ENSATEG00000014481
amphiprion_ocellaris ENSAOCG00000020751
amphiprion_percula ENSAPEG00000003570
acanthochromis_polyacanthus ENSAPOG00000010784
stegastes_partitus ENSSPAG00000023088
astatotilapia_calliptera ENSACLG00000026550
maylandia_zebra ENSMZEG00005008161
pundamilia_nyererei ENSPNYG00000010003
haplochromis_burtoni ENSHBUG00000005539
neolamprologus_brichardi ENSNBRG00000003618
oreochromis_niloticus ENSONIG00000011725
amphilophus_citrinellus ENSACIG00000018224
xiphophorus_maculatus ENSXMAG00000025861
xiphophorus_couchianus ENSXCOG00000013443
gambusia_affinis ENSGAFG00000016326
poecilia_formosa ENSPFOG00000007882
poecilia_latipinna ENSPLAG00000016433
poecilia_mexicana ENSPMEG00000001323
poecilia_reticulata ENSPREG00000004734
fundulus_heteroclitus ENSFHEG00000019200
cyprinodon_variegatus ENSCVAG00000002475
kryptolebias_marmoratus ENSKMAG00000014207
oryzias_latipes_asm223467v1 ENSORLG00000013709
oryzias_latipes_asm223471v1 ENSORLG00020000719
oryzias_latipes_asm223469v1 ENSORLG00015016452
oryzias_melastigma ENSOMEG00000010111
periophthalmus_magnuspinnatus ENSPMGG00000018589
hippocampus_comes ENSHCOG00000014892
gadus_morhua ENSGMOG00000015950
esox_lucius ENSELUG00000011019
pygocentrus_nattereri ENSPNAG00000005466
astyanax_mexicanus ENSAMXG00000040502
ictalurus_punctatus ENSIPUG00000023180
danio_rerio ENSDARG00000102464
scleropages_formosus ENSSFOG00015023585
paramormyrops_kingsleyae ENSPKIG00000000329
lepisosteus_oculatus ENSLOCG00000016647
eptatretus_burgeri ENSEBUG00000008708
eptatretus_burgeri ENSEBUG00000015471
eptatretus_burgeri ENSEBUG00000008266
petromyzon_marinus ENSPMAG00000009890
eptatretus_burgeri ENSEBUG00000005964
petromyzon_marinus ENSPMAG00000003598
eptatretus_burgeri ENSEBUG00000016587
pogona_vitticeps ENSPVIG00000016583
