astyanax_mexicanus ENSAMXG00000041833
pygocentrus_nattereri ENSPNAG00000011091
danio_rerio ENSDARG00000110020
poecilia_formosa ENSPFOG00000006615
poecilia_mexicana ENSPMEG00000005767
gambusia_affinis ENSGAFG00000015018
poecilia_latipinna ENSPLAG00000012285
xiphophorus_couchianus ENSXCOG00000008634
xiphophorus_maculatus ENSXMAG00000023710
fundulus_heteroclitus ENSFHEG00000011763
cyprinodon_variegatus ENSCVAG00000021885
kryptolebias_marmoratus ENSKMAG00000010937
gasterosteus_aculeatus ENSGACG00000003456
amphiprion_percula ENSAPEG00000014925
amphiprion_ocellaris ENSAOCG00000012609
acanthochromis_polyacanthus ENSAPOG00000000765
stegastes_partitus ENSSPAG00000000752
mola_mola ENSMMOG00000009286
monopterus_albus ENSMALG00000005764
mastacembelus_armatus ENSMAMG00000018771
anabas_testudineus ENSATEG00000009539
seriola_lalandi_dorsalis ENSSLDG00000008908
seriola_dumerili ENSSDUG00000010418
scophthalmus_maximus ENSSMAG00000018759
labrus_bergylta ENSLBEG00000028752
maylandia_zebra ENSMZEG00005018483
astatotilapia_calliptera ENSACLG00000019242
haplochromis_burtoni ENSHBUG00000006375
pundamilia_nyererei ENSPNYG00000005357
neolamprologus_brichardi ENSNBRG00000010766
oreochromis_niloticus ENSONIG00000020224
amphilophus_citrinellus ENSACIG00000011419
hippocampus_comes ENSHCOG00000001760
periophthalmus_magnuspinnatus ENSPMGG00000000833
gadus_morhua ENSGMOG00000006361
tetraodon_nigroviridis ENSTNIG00000003526
esox_lucius ENSELUG00000002048
astyanax_mexicanus ENSAMXG00000040491
pygocentrus_nattereri ENSPNAG00000022715
ictalurus_punctatus ENSIPUG00000003912
danio_rerio ENSDARG00000103676
scleropages_formosus ENSSFOG00015014116
paramormyrops_kingsleyae ENSPKIG00000018685
amphiprion_ocellaris ENSAOCG00000011737
amphiprion_percula ENSAPEG00000011277
acanthochromis_polyacanthus ENSAPOG00000012750
stegastes_partitus ENSSPAG00000011641
pundamilia_nyererei ENSPNYG00000003413
astatotilapia_calliptera ENSACLG00000005292
maylandia_zebra ENSMZEG00005000933
haplochromis_burtoni ENSHBUG00000013261
oreochromis_niloticus ENSONIG00000012603
neolamprologus_brichardi ENSNBRG00000004243
amphilophus_citrinellus ENSACIG00000012145
fundulus_heteroclitus ENSFHEG00000000105
cyprinodon_variegatus ENSCVAG00000013215
poecilia_formosa ENSPFOG00000005332
poecilia_mexicana ENSPMEG00000020310
poecilia_latipinna ENSPLAG00000020279
xiphophorus_maculatus ENSXMAG00000024489
gambusia_affinis ENSGAFG00000008449
kryptolebias_marmoratus ENSKMAG00000005683
oryzias_latipes_asm223467v1 ENSORLG00000022702
oryzias_latipes_asm223471v1 ENSORLG00020002017
oryzias_latipes_asm223469v1 ENSORLG00015013636
oryzias_melastigma ENSOMEG00000000106
periophthalmus_magnuspinnatus ENSPMGG00000005722
monopterus_albus ENSMALG00000002015
mastacembelus_armatus ENSMAMG00000019059
anabas_testudineus ENSATEG00000007603
scophthalmus_maximus ENSSMAG00000006800
takifugu_rubripes ENSTRUG00000009114
tetraodon_nigroviridis ENSTNIG00000018656
mola_mola ENSMMOG00000011824
gasterosteus_aculeatus ENSGACG00000018520
labrus_bergylta ENSLBEG00000021265
hippocampus_comes ENSHCOG00000002484
esox_lucius ENSELUG00000019991
pygocentrus_nattereri ENSPNAG00000023937
astyanax_mexicanus ENSAMXG00000035221
ictalurus_punctatus ENSIPUG00000007705
danio_rerio ENSDARG00000013853
scleropages_formosus ENSSFOG00015016442
paramormyrops_kingsleyae ENSPKIG00000024343
lepisosteus_oculatus ENSLOCG00000002487
xenopus_tropicalis ENSXETG00000023465
eptatretus_burgeri ENSEBUG00000001783
