pogona_vitticeps ENSPVIG00000020777
pogona_vitticeps ENSPVIG00000020776
salvator_merianae ENSSMRG00000003892
anolis_carolinensis ENSACAG00000004141
notechis_scutatus ENSNSUG00000013108
salvator_merianae ENSSMRG00000009630
anolis_carolinensis ENSACAG00000022584
pogona_vitticeps ENSPVIG00000021578
salvator_merianae ENSSMRG00000009744
anolis_carolinensis ENSACAG00000004714
notechis_scutatus ENSNSUG00000013109
salvator_merianae ENSSMRG00000009808
sphenodon_punctatus ENSSPUG00000019010
salvator_merianae ENSSMRG00000009625
notechis_scutatus ENSNSUG00000013106
pogona_vitticeps ENSPVIG00000021579
anolis_carolinensis ENSACAG00000007678
manacus_vitellinus ENSMVIG00005009720
lepidothrix_coronata ENSLCOG00000014702
taeniopygia_guttata ENSTGUG00000003777
lonchura_striata_domestica ENSLSDG00000015096
serinus_canaria ENSSCAG00000017128
junco_hyemalis ENSJHYG00000007301
zonotrichia_albicollis ENSZALG00000005291
parus_major ENSPMJG00000014812
cyanistes_caeruleus ENSCCEG00000020275
ficedula_albicollis ENSFALG00000007353
melopsittacus_undulatus ENSMUNG00000013771
calidris_pygmaea ENSCPGG00000015117
calidris_pugnax ENSCPUG00000013273
anser_brachyrhynchus ENSABRG00000007748
anas_platyrhynchos_platyrhynchos ENSAPLG00000010001
gallus_gallus ENSGALG00000002466
coturnix_japonica ENSCJPG00005011412
meleagris_gallopavo ENSMGAG00000003751
numida_meleagris ENSNMEG00000010807
apteryx_haastii ENSAHAG00000010323
apteryx_owenii ENSAOWG00000004772
apteryx_rowi ENSARWG00000003234
nothoprocta_perdicaria ENSNPEG00000004720
dromaius_novaehollandiae ENSDNVG00000016947
crocodylus_porosus ENSCPRG00005003006
gopherus_agassizii ENSGAGG00000011859
chelonoidis_abingdonii ENSCABG00000017673
chrysemys_picta_bellii ENSCPBG00000022098
pelodiscus_sinensis ENSPSIG00000007388
phascolarctos_cinereus ENSPCIG00000022734
notamacropus_eugenii ENSMEUG00000000278
sarcophilus_harrisii ENSSHAG00000002257
monodelphis_domestica ENSMODG00000009329
ursus_americanus ENSUAMG00000024086
ursus_maritimus ENSUMAG00000024087
ailuropoda_melanoleuca ENSAMEG00000003913
neovison_vison ENSNVIG00000006411
mustela_putorius_furo ENSMPUG00000006356
canis_lupus_familiaris ENSCAFG00000019714
canis_lupus_dingo ENSCAFG00020007081
vulpes_vulpes ENSVVUG00000026232
panthera_pardus ENSPPRG00000011585
panthera_tigris_altaica ENSPTIG00000021348
felis_catus ENSFCAG00000008240
equus_asinus_asinus ENSEASG00005021190
equus_caballus ENSECAG00000022093
bos_taurus ENSBTAG00000007302
bos_taurus ENSBTAG00000034323
bos_mutus ENSBMUG00000001510
bison_bison_bison ENSBBBG00000020277
capra_hircus ENSCHIG00000010515
ovis_aries ENSOARG00000002126
capra_hircus ENSCHIG00000018753
ovis_aries ENSOARG00000008942
tursiops_truncatus ENSTTRG00000007118
sus_scrofa ENSSSCG00000039651
pteropus_vampyrus ENSPVAG00000011378
erinaceus_europaeus ENSEEUG00000000605
chinchilla_lanigera ENSCLAG00000013207
octodon_degus ENSODEG00000011716
cavia_porcellus ENSCPOG00000014610
cavia_aperea ENSCAPG00000016546
heterocephalus_glaber_hetgla_female_1.0 ENSHGLG00000007382
heterocephalus_glaber_hetgla_1.0 ENSHGLG00100013574
fukomys_damarensis ENSFDAG00000004908
urocitellus_parryii ENSUPAG00010001685
ictidomys_tridecemlineatus ENSSTOG00000012057
marmota_marmota_marmota ENSMMMG00000017395
spermophilus_dauricus ENSSDAG00000020070
cricetulus_griseus_crigri-picr ENSCGRG00015004952
cricetulus_griseus_chok1gs_hdv1 ENSCGRG00001006052
cricetulus_griseus_crigri_1.0 ENSCGRG00000012458
mesocricetus_auratus ENSMAUG00000001814
peromyscus_maniculatus_bairdii ENSPEMG00000007784
microtus_ochrogaster ENSMOCG00000003220
mus_spicilegus ENSMSIG00000024717
mus_spretus_strain_spret/eij MGP_SPRETEiJ_G0027819
mus_musculus_strain_reference_cl57bl6 ENSMUSG00000028976
mus_caroli_strain_caroli_eij MGP_CAROLIEiJ_G0026826
mus_pahari_strain_pahari_eij MGP_PahariEiJ_G0029174
rattus_norvegicus ENSRNOG00000017693
meriones_unguiculatus ENSMUGG00000004773
nannospalax_galili ENSNGAG00000020266
jaculus_jaculus ENSJJAG00000014815
castor_canadensis ENSCCNG00000027372
ochotona_princeps ENSOPRG00000006650
tupaia_belangeri ENSTBEG00000017428
pan_paniscus ENSPPAG00000024538
pan_troglodytes ENSPTRG00000000112
homo_sapiens ENSG00000142583
gorilla_gorilla ENSGGOG00000012255
pongo_abelii ENSPPYG00000001917
nomascus_leucogenys ENSNLEG00000009244
piliocolobus_tephrosceles ENSPTEG00000001519
colobus_angolensis_palliatus ENSCANG00000041545
rhinopithecus_bieti ENSRBIG00000032640
rhinopithecus_roxellana ENSRROG00000003214
mandrillus_leucophaeus ENSMLEG00000022978
cercocebus_atys ENSCATG00000013331
chlorocebus_sabaeus ENSCSAG00000000764
macaca_fascicularis ENSMFAG00000031999
macaca_mulatta ENSMMUG00000016307
macaca_nemestrina ENSMNEG00000016522
theropithecus_gelada ENSTGEG00000017613
papio_anubis ENSPANG00000018457
cebus_capucinus_imitator ENSCCAG00000018315
saimiri_boliviensis_boliviensis ENSSBOG00000029662
callithrix_jacchus ENSCJAG00000000405
aotus_nancymaae ENSANAG00000022270
carlito_syrichta ENSTSYG00000012124
propithecus_coquereli ENSPCOG00000015140
prolemur_simus ENSPSMG00000023728
microcebus_murinus ENSMICG00000006098
otolemur_garnettii ENSOGAG00000005430
loxodonta_africana ENSLAFG00000012065
procavia_capensis ENSPCAG00000006127
echinops_telfairi ENSETEG00000006236
ornithorhynchus_anatinus ENSOANG00000008168
ornithorhynchus_anatinus ENSOANG00000006267
ornithorhynchus_anatinus ENSOANG00000015223
latimeria_chalumnae ENSLACG00000015542
xenopus_tropicalis ENSXETG00000011901
pygocentrus_nattereri ENSPNAG00000019705
astyanax_mexicanus ENSAMXG00000024779
ictalurus_punctatus ENSIPUG00000020829
danio_rerio ENSDARG00000077875
labrus_bergylta ENSLBEG00000020552
gasterosteus_aculeatus ENSGACG00000007486
mola_mola ENSMMOG00000008840
scophthalmus_maximus ENSSMAG00000018715
cynoglossus_semilaevis ENSCSEG00000006619
seriola_dumerili ENSSDUG00000008182
seriola_lalandi_dorsalis ENSSLDG00000001683
mastacembelus_armatus ENSMAMG00000010193
monopterus_albus ENSMALG00000020234
anabas_testudineus ENSATEG00000018614
amphiprion_ocellaris ENSAOCG00000012833
amphiprion_percula ENSAPEG00000021245
stegastes_partitus ENSSPAG00000004359
amphiprion_percula ENSAPEG00000021287
amphiprion_ocellaris ENSAOCG00000012867
acanthochromis_polyacanthus ENSAPOG00000020066
stegastes_partitus ENSSPAG00000004332
astatotilapia_calliptera ENSACLG00000026350
maylandia_zebra ENSMZEG00005007474
maylandia_zebra ENSMZEG00005013104
haplochromis_burtoni ENSHBUG00000021609
astatotilapia_calliptera ENSACLG00000026331
haplochromis_burtoni ENSHBUG00000021580
pundamilia_nyererei ENSPNYG00000006103
oreochromis_niloticus ENSONIG00000002438
haplochromis_burtoni ENSHBUG00000021629
neolamprologus_brichardi ENSNBRG00000007833
amphilophus_citrinellus ENSACIG00000012421
cyprinodon_variegatus ENSCVAG00000006480
fundulus_heteroclitus ENSFHEG00000005530
poecilia_mexicana ENSPMEG00000024141
poecilia_formosa ENSPFOG00000014084
poecilia_latipinna ENSPLAG00000003230
poecilia_reticulata ENSPREG00000015088
xiphophorus_maculatus ENSXMAG00000003923
xiphophorus_couchianus ENSXCOG00000008426
gambusia_affinis ENSGAFG00000000567
kryptolebias_marmoratus ENSKMAG00000016871
oryzias_latipes_asm223469v1 ENSORLG00015003970
oryzias_latipes_asm223471v1 ENSORLG00020000303
oryzias_latipes_asm223467v1 ENSORLG00000005714
oryzias_melastigma ENSOMEG00000021610
oryzias_melastigma ENSOMEG00000013145
oryzias_melastigma ENSOMEG00000013109
acanthochromis_polyacanthus ENSAPOG00000019994
hippocampus_comes ENSHCOG00000005898
tetraodon_nigroviridis ENSTNIG00000005375
tetraodon_nigroviridis ENSTNIG00000015154
takifugu_rubripes ENSTRUG00000008189
periophthalmus_magnuspinnatus ENSPMGG00000009504
gadus_morhua ENSGMOG00000003926
scleropages_formosus ENSSFOG00015005942
lepisosteus_oculatus ENSLOCG00000007109
ciona_savignyi ENSCSAVG00000006149
ciona_intestinalis ENSCING00000007191
ciona_savignyi ENSCSAVG00000004629
ciona_intestinalis ENSCING00000003814
ciona_savignyi ENSCSAVG00000011114
