scleropages_formosus ENSSFOG00015007411
paramormyrops_kingsleyae ENSPKIG00000013562
paramormyrops_kingsleyae ENSPKIG00000008941
scleropages_formosus ENSSFOG00015020433
mastacembelus_armatus ENSMAMG00000023415
monopterus_albus ENSMALG00000013027
anabas_testudineus ENSATEG00000000916
seriola_lalandi_dorsalis ENSSLDG00000007838
seriola_dumerili ENSSDUG00000017733
scophthalmus_maximus ENSSMAG00000001619
pundamilia_nyererei ENSPNYG00000019941
haplochromis_burtoni ENSHBUG00000002884
maylandia_zebra ENSMZEG00005007421
astatotilapia_calliptera ENSACLG00000012681
oreochromis_niloticus ENSONIG00000011932
neolamprologus_brichardi ENSNBRG00000019591
amphilophus_citrinellus ENSACIG00000024452
cyprinodon_variegatus ENSCVAG00000014348
cyprinodon_variegatus ENSCVAG00000014376
xiphophorus_maculatus ENSXMAG00000005098
xiphophorus_couchianus ENSXCOG00000002086
gambusia_affinis ENSGAFG00000020025
poecilia_formosa ENSPFOG00000005727
poecilia_mexicana ENSPMEG00000000136
poecilia_latipinna ENSPLAG00000013988
poecilia_reticulata ENSPREG00000017279
fundulus_heteroclitus ENSFHEG00000014676
amphiprion_percula ENSAPEG00000000364
amphiprion_ocellaris ENSAOCG00000017296
acanthochromis_polyacanthus ENSAPOG00000004840
stegastes_partitus ENSSPAG00000009161
labrus_bergylta ENSLBEG00000026481
gasterosteus_aculeatus ENSGACG00000019367
takifugu_rubripes ENSTRUG00000021898
takifugu_rubripes ENSTRUG00000020324
tetraodon_nigroviridis ENSTNIG00000005889
mola_mola ENSMMOG00000009874
hippocampus_comes ENSHCOG00000009681
oryzias_melastigma ENSOMEG00000016963
oryzias_melastigma ENSOMEG00000016924
oryzias_latipes_asm223471v1 ENSORLG00020001193
oryzias_latipes_asm223467v1 ENSORLG00000012092
kryptolebias_marmoratus ENSKMAG00000021193
cynoglossus_semilaevis ENSCSEG00000016596
periophthalmus_magnuspinnatus ENSPMGG00000009788
gadus_morhua ENSGMOG00000013054
esox_lucius ENSELUG00000004779
pygocentrus_nattereri ENSPNAG00000009463
astyanax_mexicanus ENSAMXG00000009954
ictalurus_punctatus ENSIPUG00000019200
danio_rerio ENSDARG00000062968
lepisosteus_oculatus ENSLOCG00000016809
periophthalmus_magnuspinnatus ENSPMGG00000001628
latimeria_chalumnae ENSLACG00000007015
procavia_capensis ENSPCAG00000014984
loxodonta_africana ENSLAFG00000027298
echinops_telfairi ENSETEG00000006611
pteropus_vampyrus ENSPVAG00000009006
myotis_lucifugus ENSMLUG00000015995
capra_hircus ENSCHIG00000016085
ovis_aries ENSOARG00000001121
bison_bison_bison ENSBBBG00000023824
bos_taurus ENSBTAG00000021337
bos_mutus ENSBMUG00000015449
capra_hircus ENSCHIG00000010573
tursiops_truncatus ENSTTRG00000013959
sus_scrofa ENSSSCG00000000968
ursus_americanus ENSUAMG00000001526
ursus_maritimus ENSUMAG00000017459
ailuropoda_melanoleuca ENSAMEG00000002766
mustela_putorius_furo ENSMPUG00000002054
neovison_vison ENSNVIG00000005392
canis_lupus_familiaris ENSCAFG00000030366
canis_lupus_familiaris ENSCAFG00000000612
canis_lupus_dingo ENSCAFG00020008174
vulpes_vulpes ENSVVUG00000025578
panthera_pardus ENSPPRG00000024993
panthera_tigris_altaica ENSPTIG00000002524
felis_catus ENSFCAG00000004434
equus_caballus ENSECAG00000022103
erinaceus_europaeus ENSEEUG00000012998
pan_troglodytes ENSPTRG00000014541
pan_paniscus ENSPPAG00000040949
homo_sapiens ENSG00000100241
gorilla_gorilla ENSGGOG00000013005
pongo_abelii ENSPPYG00000011986
nomascus_leucogenys ENSNLEG00000026690
macaca_fascicularis ENSMFAG00000030319
macaca_mulatta ENSMMUG00000009082
mandrillus_leucophaeus ENSMLEG00000041820
macaca_nemestrina ENSMNEG00000043017
theropithecus_gelada ENSTGEG00000001383
papio_anubis ENSPANG00000006415
chlorocebus_sabaeus ENSCSAG00000004869
cercocebus_atys ENSCATG00000039045
colobus_angolensis_palliatus ENSCANG00000035744
piliocolobus_tephrosceles ENSPTEG00000009304
rhinopithecus_roxellana ENSRROG00000029875
rhinopithecus_bieti ENSRBIG00000044863
pan_paniscus ENSPPAG00000040800
pan_troglodytes ENSPTRG00000047768
gorilla_gorilla ENSGGOG00000039865
macaca_fascicularis ENSMFAG00000034351
macaca_mulatta ENSMMUG00000038183
macaca_nemestrina ENSMNEG00000040226
papio_anubis ENSPANG00000032850
saimiri_boliviensis_boliviensis ENSSBOG00000035233
cebus_capucinus_imitator ENSCCAG00000036227
callithrix_jacchus ENSCJAG00000019051
aotus_nancymaae ENSANAG00000032281
carlito_syrichta ENSTSYG00000029990
propithecus_coquereli ENSPCOG00000028310
microcebus_murinus ENSMICG00000012876
otolemur_garnettii ENSOGAG00000016393
tupaia_belangeri ENSTBEG00000016496
chinchilla_lanigera ENSCLAG00000015857
octodon_degus ENSODEG00000015397
cavia_porcellus ENSCPOG00000014104
cavia_aperea ENSCAPG00000011152
heterocephalus_glaber_hetgla_female_1.0 ENSHGLG00000013976
heterocephalus_glaber_hetgla_1.0 ENSHGLG00100016734
fukomys_damarensis ENSFDAG00000008530
ictidomys_tridecemlineatus ENSSTOG00000014827
castor_canadensis ENSCCNG00000008968
dipodomys_ordii ENSDORG00000014505
cricetulus_griseus_crigri_1.0 ENSCGRG00000004137
cricetulus_griseus_chok1gs_hdv1 ENSCGRG00001001203
cricetulus_griseus_crigri-picr ENSCGRG00015023337
mesocricetus_auratus ENSMAUG00000004005
microtus_ochrogaster ENSMOCG00000012143
mus_musculus_strain_reference_cl57bl6 ENSMUSG00000036529
mus_spretus_strain_spret/eij MGP_SPRETEiJ_G0021056
mus_spicilegus ENSMSIG00000022239
mus_caroli_strain_caroli_eij MGP_CAROLIEiJ_G0020159
mus_pahari_strain_pahari_eij MGP_PahariEiJ_G0020164
rattus_norvegicus ENSRNOG00000008392
nannospalax_galili ENSNGAG00000005935
jaculus_jaculus ENSJJAG00000004040
oryctolagus_cuniculus ENSOCUG00000013628
ochotona_princeps ENSOPRG00000002776
spermophilus_dauricus ENSSDAG00000008661
peromyscus_maniculatus_bairdii ENSPEMG00000024990
prolemur_simus ENSPSMG00000006449
dasypus_novemcinctus ENSDNOG00000038873
tetraodon_nigroviridis ENSTNIG00000003798
phascolarctos_cinereus ENSPCIG00000026429
notamacropus_eugenii ENSMEUG00000001426
monodelphis_domestica ENSMODG00000005805
sarcophilus_harrisii ENSSHAG00000000303
xenopus_tropicalis ENSXETG00000023079
anolis_carolinensis ENSACAG00000007176
pogona_vitticeps ENSPVIG00000002659
notechis_scutatus ENSNSUG00000011969
salvator_merianae ENSSMRG00000019736
crocodylus_porosus ENSCPRG00005003782
apteryx_haastii ENSAHAG00000004568
apteryx_owenii ENSAOWG00000009086
apteryx_rowi ENSARWG00000009962
dromaius_novaehollandiae ENSDNVG00000001974
meleagris_gallopavo ENSMGAG00000002566
gallus_gallus ENSGALG00000043178
meleagris_gallopavo ENSMGAG00000002514
coturnix_japonica ENSCJPG00005000380
numida_meleagris ENSNMEG00000000066
anser_brachyrhynchus ENSABRG00000021840
taeniopygia_guttata ENSTGUG00000016106
serinus_canaria ENSSCAG00000001406
junco_hyemalis ENSJHYG00000015574
lonchura_striata_domestica ENSLSDG00000015364
ficedula_albicollis ENSFALG00000011446
manacus_vitellinus ENSMVIG00005015506
lepidothrix_coronata ENSLCOG00000005576
calidris_pugnax ENSCPUG00000008680
anas_platyrhynchos_platyrhynchos ENSAPLG00000029465
nothoprocta_perdicaria ENSNPEG00000016232
taeniopygia_guttata ENSTGUG00000016215
taeniopygia_guttata ENSTGUG00000016223
taeniopygia_guttata ENSTGUG00000016261
calidris_pygmaea ENSCPGG00000008624
gopherus_agassizii ENSGAGG00000018710
chelonoidis_abingdonii ENSCABG00000008709
chrysemys_picta_bellii ENSCPBG00000018127
sphenodon_punctatus ENSSPUG00000006457
pelodiscus_sinensis ENSPSIG00000016279
cyanistes_caeruleus ENSCCEG00000005109
tetraodon_nigroviridis ENSTNIG00000005888
ovis_aries ENSOARG00000002955
taeniopygia_guttata ENSTGUG00000016434
petromyzon_marinus ENSPMAG00000003559
eptatretus_burgeri ENSEBUG00000004189
eptatretus_burgeri ENSEBUG00000006785
