seriola_lalandi_dorsalis ENSSLDG00000010008
ictalurus_punctatus ENSIPUG00000003775
acanthochromis_polyacanthus ENSAPOG00000006287
amphiprion_percula ENSAPEG00000016839
neolamprologus_brichardi ENSNBRG00000009474
seriola_lalandi_dorsalis ENSSLDG00000023160
periophthalmus_magnuspinnatus ENSPMGG00000008795
pogona_vitticeps ENSPVIG00000004943
pogona_vitticeps ENSPVIG00000004657
crocodylus_porosus ENSCPRG00005012228
bison_bison_bison ENSBBBG00000006292
bison_bison_bison ENSBBBG00000008869
rhinopithecus_roxellana ENSRROG00000002898
pundamilia_nyererei ENSPNYG00000021204
gopherus_agassizii ENSGAGG00000003423
gopherus_agassizii ENSGAGG00000005702
calidris_pugnax ENSCPUG00000017050
nothoprocta_perdicaria ENSNPEG00000007054
canis_lupus_dingo ENSCAFG00020009400
canis_lupus_dingo ENSCAFG00020009424
vulpes_vulpes ENSVVUG00000015695
vulpes_vulpes ENSVVUG00000019152
canis_lupus_dingo ENSCAFG00020026721
vulpes_vulpes ENSVVUG00000015727
neovison_vison ENSNVIG00000022651
ursus_maritimus ENSUMAG00000015578
ursus_americanus ENSUAMG00000001455
peromyscus_maniculatus_bairdii ENSPEMG00000024519
