piliocolobus_tephrosceles ENSPTEG00000005485
piliocolobus_tephrosceles ENSPTEG00000012998
piliocolobus_tephrosceles ENSPTEG00000010347
junco_hyemalis ENSJHYG00000000768
anolis_carolinensis ENSACAG00000005399
pogona_vitticeps ENSPVIG00000015490
notechis_scutatus ENSNSUG00000005941
notechis_scutatus ENSNSUG00000016189
salvator_merianae ENSSMRG00000004247
sphenodon_punctatus ENSSPUG00000016312
chelonoidis_abingdonii ENSCABG00000007681
gopherus_agassizii ENSGAGG00000006132
chrysemys_picta_bellii ENSCPBG00000003874
pelodiscus_sinensis ENSPSIG00000005302
apteryx_owenii ENSAOWG00000019390
apteryx_haastii ENSAHAG00000010251
dromaius_novaehollandiae ENSDNVG00000009023
lonchura_striata_domestica ENSLSDG00000003850
oryctolagus_cuniculus ENSOCUG00000002683
ochotona_princeps ENSOPRG00000002318
sorex_araneus ENSSARG00000011228
ursus_americanus ENSUAMG00000001471
ursus_maritimus ENSUMAG00000009341
ailuropoda_melanoleuca ENSAMEG00000015551
neovison_vison ENSNVIG00000003871
mustela_putorius_furo ENSMPUG00000012816
canis_lupus_dingo ENSCAFG00020017574
canis_lupus_familiaris ENSCAFG00000017216
vulpes_vulpes ENSVVUG00000024170
panthera_pardus ENSPPRG00000014248
panthera_tigris_altaica ENSPTIG00000009980
felis_catus ENSFCAG00000003103
equus_caballus ENSECAG00000019763
equus_asinus_asinus ENSEASG00005015477
capra_hircus ENSCHIG00000020583
ovis_aries ENSOARG00000002357
bos_mutus ENSBMUG00000001376
bos_taurus ENSBTAG00000019216
bison_bison_bison ENSBBBG00000018625
tursiops_truncatus ENSTTRG00000001980
tursiops_truncatus ENSTTRG00000005930
sus_scrofa ENSSSCG00000007803
vicugna_pacos ENSVPAG00000009541
myotis_lucifugus ENSMLUG00000012335
pteropus_vampyrus ENSPVAG00000003960
dipodomys_ordii ENSDORG00000016474
dipodomys_ordii ENSDORG00000023544
castor_canadensis ENSCCNG00000001210
cricetulus_griseus_crigri-picr ENSCGRG00015025848
cricetulus_griseus_chok1gs_hdv1 ENSCGRG00001022949
cricetulus_griseus_crigri_1.0 ENSCGRG00000001868
cricetulus_griseus_crigri_1.0 ENSCGRG00000013193
mesocricetus_auratus ENSMAUG00000010490
peromyscus_maniculatus_bairdii ENSPEMG00000012208
microtus_ochrogaster ENSMOCG00000010051
mus_pahari_strain_pahari_eij MGP_PahariEiJ_G0013658
mus_pahari_strain_pahari_eij MGP_PahariEiJ_G0013659
mus_spretus_strain_spret/eij MGP_SPRETEiJ_G0031563
mus_spretus_strain_spret/eij MGP_SPRETEiJ_G0031562
mus_spicilegus ENSMSIG00000016572
mus_musculus_strain_reference_cl57bl6 ENSMUSG00000073838
mus_caroli_strain_caroli_eij MGP_CAROLIEiJ_G0030448
mus_caroli_strain_caroli_eij MGP_CAROLIEiJ_G0030449
rattus_norvegicus ENSRNOG00000018604
meriones_unguiculatus ENSMUGG00000011571
nannospalax_galili ENSNGAG00000008610
jaculus_jaculus ENSJJAG00000011840
chinchilla_lanigera ENSCLAG00000013969
octodon_degus ENSODEG00000013626
cavia_porcellus ENSCPOG00000010534
cavia_aperea ENSCAPG00000016052
heterocephalus_glaber_hetgla_female_1.0 ENSHGLG00000006613
heterocephalus_glaber_hetgla_1.0 ENSHGLG00100004096
fukomys_damarensis ENSFDAG00000010881
marmota_marmota_marmota ENSMMMG00000023617
spermophilus_dauricus ENSSDAG00000008259
ictidomys_tridecemlineatus ENSSTOG00000011837
urocitellus_parryii ENSUPAG00010011655
tupaia_belangeri ENSTBEG00000015029
homo_sapiens ENSG00000178952
gorilla_gorilla ENSGGOG00000014136
pan_troglodytes ENSPTRG00000007939
pan_paniscus ENSPPAG00000035168
pongo_abelii ENSPPYG00000007226
nomascus_leucogenys ENSNLEG00000011063
macaca_nemestrina ENSMNEG00000006031
macaca_mulatta ENSMMUG00000003303
macaca_fascicularis ENSMFAG00000033739
cercocebus_atys ENSCATG00000035822
mandrillus_leucophaeus ENSMLEG00000042133
papio_anubis ENSPANG00000019624
theropithecus_gelada ENSTGEG00000016157
chlorocebus_sabaeus ENSCSAG00000006314
piliocolobus_tephrosceles ENSPTEG00000022431
colobus_angolensis_palliatus ENSCANG00000035829
rhinopithecus_bieti ENSRBIG00000036713
rhinopithecus_roxellana ENSRROG00000044977
rhinopithecus_bieti ENSRBIG00000042008
rhinopithecus_roxellana ENSRROG00000036858
callithrix_jacchus ENSCJAG00000006236
saimiri_boliviensis_boliviensis ENSSBOG00000026542
cebus_capucinus_imitator ENSCCAG00000033296
aotus_nancymaae ENSANAG00000022206
carlito_syrichta ENSTSYG00000026053
propithecus_coquereli ENSPCOG00000012267
microcebus_murinus ENSMICG00000007650
prolemur_simus ENSPSMG00000022174
otolemur_garnettii ENSOGAG00000006875
procavia_capensis ENSPCAG00000015294
loxodonta_africana ENSLAFG00000028911
echinops_telfairi ENSETEG00000009601
choloepus_hoffmanni ENSCHOG00000009077
dasypus_novemcinctus ENSDNOG00000047636
erinaceus_europaeus ENSEEUG00000001402
phascolarctos_cinereus ENSPCIG00000025208
notamacropus_eugenii ENSMEUG00000011131
sarcophilus_harrisii ENSSHAG00000012121
monodelphis_domestica ENSMODG00000015564
ornithorhynchus_anatinus ENSOANG00000013114
paramormyrops_kingsleyae ENSPKIG00000016714
latimeria_chalumnae ENSLACG00000008242
xenopus_tropicalis ENSXETG00000028019
tetraodon_nigroviridis ENSTNIG00000011624
tetraodon_nigroviridis ENSTNIG00000011623
takifugu_rubripes ENSTRUG00000008300
mola_mola ENSMMOG00000012344
labrus_bergylta ENSLBEG00000023735
gasterosteus_aculeatus ENSGACG00000012961
hippocampus_comes ENSHCOG00000014418
gambusia_affinis ENSGAFG00000004682
xiphophorus_maculatus ENSXMAG00000011848
poecilia_mexicana ENSPMEG00000014520
poecilia_latipinna ENSPLAG00000014372
poecilia_mexicana ENSPMEG00000019508
poecilia_formosa ENSPFOG00000007043
poecilia_reticulata ENSPREG00000013913
cyprinodon_variegatus ENSCVAG00000006251
fundulus_heteroclitus ENSFHEG00000020646
kryptolebias_marmoratus ENSKMAG00000009794
oryzias_latipes_asm223467v1 ENSORLG00000011497
oryzias_latipes_asm223469v1 ENSORLG00015003107
oryzias_latipes_asm223471v1 ENSORLG00020013437
oryzias_melastigma ENSOMEG00000016958
maylandia_zebra ENSMZEG00005010857
astatotilapia_calliptera ENSACLG00000007403
pundamilia_nyererei ENSPNYG00000008905
haplochromis_burtoni ENSHBUG00000019031
oreochromis_niloticus ENSONIG00000019389
neolamprologus_brichardi ENSNBRG00000006466
neolamprologus_brichardi ENSNBRG00000000182
amphilophus_citrinellus ENSACIG00000007388
amphiprion_ocellaris ENSAOCG00000001032
amphiprion_percula ENSAPEG00000015751
acanthochromis_polyacanthus ENSAPOG00000013385
stegastes_partitus ENSSPAG00000009936
mastacembelus_armatus ENSMAMG00000002053
monopterus_albus ENSMALG00000020254
anabas_testudineus ENSATEG00000002905
seriola_lalandi_dorsalis ENSSLDG00000006494
seriola_dumerili ENSSDUG00000016896
scophthalmus_maximus ENSSMAG00000010053
cynoglossus_semilaevis ENSCSEG00000013841
periophthalmus_magnuspinnatus ENSPMGG00000015631
gadus_morhua ENSGMOG00000014616
esox_lucius ENSELUG00000013410
ictalurus_punctatus ENSIPUG00000022457
ictalurus_punctatus ENSIPUG00000020682
pygocentrus_nattereri ENSPNAG00000018881
danio_rerio ENSDARG00000104173
scleropages_formosus ENSSFOG00015013352
paramormyrops_kingsleyae ENSPKIG00000023809
eptatretus_burgeri ENSEBUG00000015907
cyanistes_caeruleus ENSCCEG00000005296
ciona_savignyi ENSCSAVG00000009380
ciona_intestinalis ENSCING00000002841
drosophila_melanogaster FBgn0024556
caenorhabditis_elegans_strain_n2 WBGene00007000
amphilophus_citrinellus ENSACIG00000010340
saccharomyces_cerevisiae_strain_s288c YOR187W
