apteryx_haastii ENSAHAG00000002555
apteryx_owenii ENSAOWG00000001580
apteryx_rowi ENSARWG00000011644
dromaius_novaehollandiae ENSDNVG00000007410
nothoprocta_perdicaria ENSNPEG00000010227
calidris_pygmaea ENSCPGG00000007209
calidris_pugnax ENSCPUG00000004117
melopsittacus_undulatus ENSMUNG00000005599
gallus_gallus ENSGALG00000001727
coturnix_japonica ENSCJPG00005015145
meleagris_gallopavo ENSMGAG00000001734
numida_meleagris ENSNMEG00000019543
anser_brachyrhynchus ENSABRG00000015087
lepidothrix_coronata ENSLCOG00000008226
manacus_vitellinus ENSMVIG00005019172
cyanistes_caeruleus ENSCCEG00000007138
parus_major ENSPMJG00000017793
ficedula_albicollis ENSFALG00000006870
lonchura_striata_domestica ENSLSDG00000017348
taeniopygia_guttata ENSTGUG00000017295
serinus_canaria ENSSCAG00000011292
junco_hyemalis ENSJHYG00000003263
crocodylus_porosus ENSCPRG00005002415
gopherus_agassizii ENSGAGG00000022184
chelonoidis_abingdonii ENSCABG00000017176
chrysemys_picta_bellii ENSCPBG00000000471
pelodiscus_sinensis ENSPSIG00000014284
anolis_carolinensis ENSACAG00000001472
pogona_vitticeps ENSPVIG00000012337
notechis_scutatus ENSNSUG00000002356
salvator_merianae ENSSMRG00000001780
pteropus_vampyrus ENSPVAG00000010593
myotis_lucifugus ENSMLUG00000008979
ursus_americanus ENSUAMG00000025109
ursus_maritimus ENSUMAG00000009413
ailuropoda_melanoleuca ENSAMEG00000012664
mustela_putorius_furo ENSMPUG00000004268
neovison_vison ENSNVIG00000023590
canis_lupus_familiaris ENSCAFG00000010055
canis_lupus_dingo ENSCAFG00020018457
vulpes_vulpes ENSVVUG00000026153
panthera_pardus ENSPPRG00000007235
panthera_tigris_altaica ENSPTIG00000018077
felis_catus ENSFCAG00000030368
erinaceus_europaeus ENSEEUG00000014340
sorex_araneus ENSSARG00000005834
equus_caballus ENSECAG00000020112
equus_asinus_asinus ENSEASG00005018865
capra_hircus ENSCHIG00000022362
ovis_aries ENSOARG00000010671
bos_mutus ENSBMUG00000002504
bos_taurus ENSBTAG00000000841
bison_bison_bison ENSBBBG00000000835
sus_scrofa ENSSSCG00000028559
tursiops_truncatus ENSTTRG00000013645
dipodomys_ordii ENSDORG00000015464
castor_canadensis ENSCCNG00000029027
peromyscus_maniculatus_bairdii ENSPEMG00000028719
microtus_ochrogaster ENSMOCG00000000466
cricetulus_griseus_crigri-picr ENSCGRG00015028490
cricetulus_griseus_crigri_1.0 ENSCGRG00000011437
cricetulus_griseus_chok1gs_hdv1 ENSCGRG00001000408
mesocricetus_auratus ENSMAUG00000004201
mus_spretus_strain_spret/eij MGP_SPRETEiJ_G0032224
mus_musculus_strain_reference_cl57bl6 ENSMUSG00000036306
mus_spicilegus ENSMSIG00000002251
mus_caroli_strain_caroli_eij MGP_CAROLIEiJ_G0031108
mus_pahari_strain_pahari_eij MGP_PahariEiJ_G0021574
rattus_norvegicus ENSRNOG00000011826
meriones_unguiculatus ENSMUGG00000015374
nannospalax_galili ENSNGAG00000014557
jaculus_jaculus ENSJJAG00000020779
cavia_aperea ENSCAPG00000005605
cavia_porcellus ENSCPOG00000034547
chinchilla_lanigera ENSCLAG00000015813
octodon_degus ENSODEG00000007484
heterocephalus_glaber_hetgla_female_1.0 ENSHGLG00000009872
heterocephalus_glaber_hetgla_1.0 ENSHGLG00100001186
fukomys_damarensis ENSFDAG00000014108
urocitellus_parryii ENSUPAG00010018548
ictidomys_tridecemlineatus ENSSTOG00000025467
marmota_marmota_marmota ENSMMMG00000018023
oryctolagus_cuniculus ENSOCUG00000014083
ochotona_princeps ENSOPRG00000014937
homo_sapiens ENSG00000061337
gorilla_gorilla ENSGGOG00000000591
pan_paniscus ENSPPAG00000038430
pan_troglodytes ENSPTRG00000042132
pongo_abelii ENSPPYG00000018404
nomascus_leucogenys ENSNLEG00000000782
piliocolobus_tephrosceles ENSPTEG00000024635
colobus_angolensis_palliatus ENSCANG00000029998
rhinopithecus_bieti ENSRBIG00000034404
rhinopithecus_roxellana ENSRROG00000042545
mandrillus_leucophaeus ENSMLEG00000036398
cercocebus_atys ENSCATG00000044143
macaca_fascicularis ENSMFAG00000010460
macaca_mulatta ENSMMUG00000017711
macaca_nemestrina ENSMNEG00000044405
papio_anubis ENSPANG00000001030
theropithecus_gelada ENSTGEG00000023040
chlorocebus_sabaeus ENSCSAG00000016684
cebus_capucinus_imitator ENSCCAG00000029439
saimiri_boliviensis_boliviensis ENSSBOG00000021011
callithrix_jacchus ENSCJAG00000014459
aotus_nancymaae ENSANAG00000037181
carlito_syrichta ENSTSYG00000037507
propithecus_coquereli ENSPCOG00000013647
prolemur_simus ENSPSMG00000004737
microcebus_murinus ENSMICG00000001804
otolemur_garnettii ENSOGAG00000008162
dasypus_novemcinctus ENSDNOG00000039625
loxodonta_africana ENSLAFG00000008693
procavia_capensis ENSPCAG00000016564
echinops_telfairi ENSETEG00000002149
tupaia_belangeri ENSTBEG00000003862
choloepus_hoffmanni ENSCHOG00000012483
notamacropus_eugenii ENSMEUG00000002495
phascolarctos_cinereus ENSPCIG00000022021
sarcophilus_harrisii ENSSHAG00000011149
monodelphis_domestica ENSMODG00000009800
ornithorhynchus_anatinus ENSOANG00000010581
latimeria_chalumnae ENSLACG00000002032
labrus_bergylta ENSLBEG00000022488
gasterosteus_aculeatus ENSGACG00000010595
tetraodon_nigroviridis ENSTNIG00000009890
takifugu_rubripes ENSTRUG00000000695
mola_mola ENSMMOG00000005499
mastacembelus_armatus ENSMAMG00000010980
monopterus_albus ENSMALG00000007993
anabas_testudineus ENSATEG00000002169
scophthalmus_maximus ENSSMAG00000007863
cynoglossus_semilaevis ENSCSEG00000015183
seriola_lalandi_dorsalis ENSSLDG00000021163
seriola_dumerili ENSSDUG00000018574
amphiprion_percula ENSAPEG00000016485
amphiprion_ocellaris ENSAOCG00000024434
acanthochromis_polyacanthus ENSAPOG00000011357
stegastes_partitus ENSSPAG00000004257
haplochromis_burtoni ENSHBUG00000013957
astatotilapia_calliptera ENSACLG00000007345
maylandia_zebra ENSMZEG00005013620
pundamilia_nyererei ENSPNYG00000014190
neolamprologus_brichardi ENSNBRG00000022966
oreochromis_niloticus ENSONIG00000011797
amphilophus_citrinellus ENSACIG00000007633
fundulus_heteroclitus ENSFHEG00000018529
cyprinodon_variegatus ENSCVAG00000007519
xiphophorus_maculatus ENSXMAG00000001513
gambusia_affinis ENSGAFG00000009507
poecilia_formosa ENSPFOG00000007930
poecilia_mexicana ENSPMEG00000017024
poecilia_latipinna ENSPLAG00000012003
poecilia_reticulata ENSPREG00000005881
kryptolebias_marmoratus ENSKMAG00000007171
oryzias_latipes_asm223471v1 ENSORLG00020007830
oryzias_latipes_asm223467v1 ENSORLG00000010559
oryzias_latipes_asm223469v1 ENSORLG00015022406
oryzias_melastigma ENSOMEG00000007882
hippocampus_comes ENSHCOG00000017173
periophthalmus_magnuspinnatus ENSPMGG00000012277
gadus_morhua ENSGMOG00000017304
esox_lucius ENSELUG00000024570
pygocentrus_nattereri ENSPNAG00000010571
astyanax_mexicanus ENSAMXG00000033716
ictalurus_punctatus ENSIPUG00000002005
danio_rerio ENSDARG00000075565
paramormyrops_kingsleyae ENSPKIG00000024916
scleropages_formosus ENSSFOG00015012625
lepisosteus_oculatus ENSLOCG00000014910
anas_platyrhynchos_platyrhynchos ENSAPLG00000016268
gopherus_agassizii ENSGAGG00000018803
chelonoidis_abingdonii ENSCABG00000004316
chrysemys_picta_bellii ENSCPBG00000003427
anser_brachyrhynchus ENSABRG00000007569
anas_platyrhynchos_platyrhynchos ENSAPLG00000021649
coturnix_japonica ENSCJPG00005019976
meleagris_gallopavo ENSMGAG00000010236
gallus_gallus ENSGALG00000023612
numida_meleagris ENSNMEG00000013564
parus_major ENSPMJG00000004695
cyanistes_caeruleus ENSCCEG00000000709
ficedula_albicollis ENSFALG00000008676
junco_hyemalis ENSJHYG00000002101
lonchura_striata_domestica ENSLSDG00000005289
lepidothrix_coronata ENSLCOG00000016475
melopsittacus_undulatus ENSMUNG00000010884
calidris_pygmaea ENSCPGG00000003715
calidris_pugnax ENSCPUG00000010692
apteryx_owenii ENSAOWG00000005056
apteryx_haastii ENSAHAG00000007137
dromaius_novaehollandiae ENSDNVG00000014657
crocodylus_porosus ENSCPRG00005013009
pogona_vitticeps ENSPVIG00000013875
anolis_carolinensis ENSACAG00000011076
notechis_scutatus ENSNSUG00000006586
salvator_merianae ENSSMRG00000007114
sphenodon_punctatus ENSSPUG00000011340
propithecus_coquereli ENSPCOG00000023474
prolemur_simus ENSPSMG00000009191
microcebus_murinus ENSMICG00000000016
otolemur_garnettii ENSOGAG00000012873
pan_troglodytes ENSPTRG00000042870
pan_paniscus ENSPPAG00000003235
gorilla_gorilla ENSGGOG00000015430
homo_sapiens ENSG00000107816
pongo_abelii ENSPPYG00000002577
nomascus_leucogenys ENSNLEG00000014822
papio_anubis ENSPANG00000021126
cercocebus_atys ENSCATG00000035009
mandrillus_leucophaeus ENSMLEG00000043006
theropithecus_gelada ENSTGEG00000018945
macaca_mulatta ENSMMUG00000010674
macaca_fascicularis ENSMFAG00000036586
macaca_nemestrina ENSMNEG00000022148
chlorocebus_sabaeus ENSCSAG00000005545
colobus_angolensis_palliatus ENSCANG00000032481
piliocolobus_tephrosceles ENSPTEG00000027275
rhinopithecus_bieti ENSRBIG00000030156
rhinopithecus_roxellana ENSRROG00000044508
cebus_capucinus_imitator ENSCCAG00000028122
callithrix_jacchus ENSCJAG00000041968
saimiri_boliviensis_boliviensis ENSSBOG00000032084
aotus_nancymaae ENSANAG00000012310
urocitellus_parryii ENSUPAG00010010572
ictidomys_tridecemlineatus ENSSTOG00000015232
marmota_marmota_marmota ENSMMMG00000023095
chinchilla_lanigera ENSCLAG00000003292
octodon_degus ENSODEG00000006752
cavia_aperea ENSCAPG00000003081
cavia_porcellus ENSCPOG00000035545
heterocephalus_glaber_hetgla_female_1.0 ENSHGLG00000002831
heterocephalus_glaber_hetgla_1.0 ENSHGLG00100015340
fukomys_damarensis ENSFDAG00000002815
castor_canadensis ENSCCNG00000020224
dipodomys_ordii ENSDORG00000016411
mus_spicilegus ENSMSIG00000012984
mus_spretus_strain_spret/eij MGP_SPRETEiJ_G0023930
mus_musculus_strain_reference_cl57bl6 ENSMUSG00000035342
mus_caroli_strain_caroli_eij MGP_CAROLIEiJ_G0023009
rattus_norvegicus ENSRNOG00000014969
meriones_unguiculatus ENSMUGG00000014413
peromyscus_maniculatus_bairdii ENSPEMG00000013419
microtus_ochrogaster ENSMOCG00000012162
cricetulus_griseus_crigri-picr ENSCGRG00015022851
cricetulus_griseus_chok1gs_hdv1 ENSCGRG00001023049
cricetulus_griseus_crigri_1.0 ENSCGRG00000001769
mesocricetus_auratus ENSMAUG00000018041
nannospalax_galili ENSNGAG00000023942
jaculus_jaculus ENSJJAG00000015056
oryctolagus_cuniculus ENSOCUG00000021502
ochotona_princeps ENSOPRG00000007108
tupaia_belangeri ENSTBEG00000006064
equus_caballus ENSECAG00000013288
equus_asinus_asinus ENSEASG00005008920
panthera_pardus ENSPPRG00000024851
felis_catus ENSFCAG00000015695
myotis_lucifugus ENSMLUG00000013698
pteropus_vampyrus ENSPVAG00000001722
bos_taurus ENSBTAG00000003298
capra_hircus ENSCHIG00000017763
tursiops_truncatus ENSTTRG00000015119
sus_scrofa ENSSSCG00000021798
vulpes_vulpes ENSVVUG00000000572
canis_lupus_dingo ENSCAFG00020009057
neovison_vison ENSNVIG00000018615
mustela_putorius_furo ENSMPUG00000016937
ailuropoda_melanoleuca ENSAMEG00000017581
ursus_americanus ENSUAMG00000018198
bos_mutus ENSBMUG00000003163
erinaceus_europaeus ENSEEUG00000011402
canis_lupus_familiaris ENSCAFG00000009760
bison_bison_bison ENSBBBG00000005695
ovis_aries ENSOARG00000016108
carlito_syrichta ENSTSYG00000026340
mus_pahari_strain_pahari_eij MGP_PahariEiJ_G0014499
dasypus_novemcinctus ENSDNOG00000017573
procavia_capensis ENSPCAG00000012680
loxodonta_africana ENSLAFG00000009975
echinops_telfairi ENSETEG00000012503
phascolarctos_cinereus ENSPCIG00000002692
notamacropus_eugenii ENSMEUG00000014613
monodelphis_domestica ENSMODG00000011955
sarcophilus_harrisii ENSSHAG00000013716
ornithorhynchus_anatinus ENSOANG00000007324
xenopus_tropicalis ENSXETG00000015201
latimeria_chalumnae ENSLACG00000003162
astyanax_mexicanus ENSAMXG00000043976
astyanax_mexicanus ENSAMXG00000032272
pygocentrus_nattereri ENSPNAG00000018144
ictalurus_punctatus ENSIPUG00000005737
danio_rerio ENSDARG00000074597
labrus_bergylta ENSLBEG00000005636
labrus_bergylta ENSLBEG00000007764
gasterosteus_aculeatus ENSGACG00000008031
tetraodon_nigroviridis ENSTNIG00000008661
takifugu_rubripes ENSTRUG00000012594
mola_mola ENSMMOG00000010468
seriola_dumerili ENSSDUG00000009475
seriola_lalandi_dorsalis ENSSLDG00000020212
cynoglossus_semilaevis ENSCSEG00000004518
amphiprion_ocellaris ENSAOCG00000004622
amphiprion_percula ENSAPEG00000012853
acanthochromis_polyacanthus ENSAPOG00000018963
stegastes_partitus ENSSPAG00000005817
xiphophorus_maculatus ENSXMAG00000002857
xiphophorus_couchianus ENSXCOG00000013220
gambusia_affinis ENSGAFG00000009487
poecilia_formosa ENSPFOG00000004153
poecilia_latipinna ENSPLAG00000009165
poecilia_mexicana ENSPMEG00000017010
poecilia_reticulata ENSPREG00000018138
fundulus_heteroclitus ENSFHEG00000022873
cyprinodon_variegatus ENSCVAG00000014313
kryptolebias_marmoratus ENSKMAG00000004143
oryzias_latipes_asm223471v1 ENSORLG00020004336
oryzias_latipes_asm223469v1 ENSORLG00015009443
oryzias_latipes_asm223467v1 ENSORLG00000007311
oryzias_melastigma ENSOMEG00000000865
maylandia_zebra ENSMZEG00005027659
astatotilapia_calliptera ENSACLG00000011524
pundamilia_nyererei ENSPNYG00000012930
haplochromis_burtoni ENSHBUG00000022456
neolamprologus_brichardi ENSNBRG00000020378
oreochromis_niloticus ENSONIG00000018451
amphilophus_citrinellus ENSACIG00000020939
monopterus_albus ENSMALG00000004333
anabas_testudineus ENSATEG00000002117
mastacembelus_armatus ENSMAMG00000021604
scophthalmus_maximus ENSSMAG00000001796
hippocampus_comes ENSHCOG00000003752
periophthalmus_magnuspinnatus ENSPMGG00000009290
gadus_morhua ENSGMOG00000006913
esox_lucius ENSELUG00000022213
scleropages_formosus ENSSFOG00015003527
paramormyrops_kingsleyae ENSPKIG00000012642
lepisosteus_oculatus ENSLOCG00000012615
xiphophorus_maculatus ENSXMAG00000017655
xiphophorus_couchianus ENSXCOG00000003971
gambusia_affinis ENSGAFG00000012042
poecilia_formosa ENSPFOG00000016675
poecilia_mexicana ENSPMEG00000016304
poecilia_latipinna ENSPLAG00000011989
poecilia_reticulata ENSPREG00000011014
cyprinodon_variegatus ENSCVAG00000007970
fundulus_heteroclitus ENSFHEG00000010903
kryptolebias_marmoratus ENSKMAG00000006847
kryptolebias_marmoratus ENSKMAG00000010255
oryzias_latipes_asm223467v1 ENSORLG00000011552
oryzias_latipes_asm223471v1 ENSORLG00020001720
oryzias_latipes_asm223469v1 ENSORLG00015001385
oryzias_melastigma ENSOMEG00000005423
gasterosteus_aculeatus ENSGACG00000003508
scophthalmus_maximus ENSSMAG00000007405
cynoglossus_semilaevis ENSCSEG00000010449
seriola_dumerili ENSSDUG00000012293
seriola_lalandi_dorsalis ENSSLDG00000006891
takifugu_rubripes ENSTRUG00000021658
tetraodon_nigroviridis ENSTNIG00000014425
mola_mola ENSMMOG00000020913
labrus_bergylta ENSLBEG00000028175
mastacembelus_armatus ENSMAMG00000004847
monopterus_albus ENSMALG00000007926
anabas_testudineus ENSATEG00000006154
pundamilia_nyererei ENSPNYG00000002965
haplochromis_burtoni ENSHBUG00000006810
astatotilapia_calliptera ENSACLG00000026055
maylandia_zebra ENSMZEG00005006119
neolamprologus_brichardi ENSNBRG00000005564
oreochromis_niloticus ENSONIG00000007899
amphilophus_citrinellus ENSACIG00000010175
amphiprion_percula ENSAPEG00000002760
amphiprion_ocellaris ENSAOCG00000002498
acanthochromis_polyacanthus ENSAPOG00000020543
stegastes_partitus ENSSPAG00000021760
periophthalmus_magnuspinnatus ENSPMGG00000014534
hippocampus_comes ENSHCOG00000011471
gadus_morhua ENSGMOG00000009917
esox_lucius ENSELUG00000010065
pygocentrus_nattereri ENSPNAG00000021713
ictalurus_punctatus ENSIPUG00000004674
danio_rerio ENSDARG00000077207
petromyzon_marinus ENSPMAG00000005428
petromyzon_marinus ENSPMAG00000006194
eptatretus_burgeri ENSEBUG00000013927
pogona_vitticeps ENSPVIG00000007192
notechis_scutatus ENSNSUG00000003448
salvator_merianae ENSSMRG00000017843
sphenodon_punctatus ENSSPUG00000006557
gallus_gallus ENSGALG00000016001
coturnix_japonica ENSCJPG00005007579
numida_meleagris ENSNMEG00000005164
anser_brachyrhynchus ENSABRG00000015027
calidris_pugnax ENSCPUG00000008873
calidris_pygmaea ENSCPGG00000015760
cyanistes_caeruleus ENSCCEG00000006342
parus_major ENSPMJG00000018546
junco_hyemalis ENSJHYG00000004563
zonotrichia_albicollis ENSZALG00000016066
serinus_canaria ENSSCAG00000009970
ficedula_albicollis ENSFALG00000006569
lonchura_striata_domestica ENSLSDG00000013420
lonchura_striata_domestica ENSLSDG00000001606
taeniopygia_guttata ENSTGUG00000010988
manacus_vitellinus ENSMVIG00005015867
lepidothrix_coronata ENSLCOG00000006910
melopsittacus_undulatus ENSMUNG00000002390
apteryx_haastii ENSAHAG00000006266
apteryx_owenii ENSAOWG00000004587
apteryx_rowi ENSARWG00000018259
dromaius_novaehollandiae ENSDNVG00000016123
nothoprocta_perdicaria ENSNPEG00000007049
meleagris_gallopavo ENSMGAG00000013235
anas_platyrhynchos_platyrhynchos ENSAPLG00000004270
crocodylus_porosus ENSCPRG00005018824
chelonoidis_abingdonii ENSCABG00000010682
gopherus_agassizii ENSGAGG00000016891
chrysemys_picta_bellii ENSCPBG00000024563
pelodiscus_sinensis ENSPSIG00000005827
ornithorhynchus_anatinus ENSOANG00000020000
xenopus_tropicalis ENSXETG00000017977
latimeria_chalumnae ENSLACG00000011917
prolemur_simus ENSPSMG00000019947
propithecus_coquereli ENSPCOG00000015083
microcebus_murinus ENSMICG00000013812
otolemur_garnettii ENSOGAG00000001893
pan_troglodytes ENSPTRG00000013192
pan_paniscus ENSPPAG00000031124
homo_sapiens ENSG00000088899
gorilla_gorilla ENSGGOG00000008647
pongo_abelii ENSPPYG00000010824
nomascus_leucogenys ENSNLEG00000007581
macaca_fascicularis ENSMFAG00000041543
macaca_mulatta ENSMMUG00000010028
macaca_nemestrina ENSMNEG00000022192
chlorocebus_sabaeus ENSCSAG00000013291
cercocebus_atys ENSCATG00000044716
papio_anubis ENSPANG00000003903
mandrillus_leucophaeus ENSMLEG00000040437
theropithecus_gelada ENSTGEG00000012109
rhinopithecus_roxellana ENSRROG00000032673
rhinopithecus_bieti ENSRBIG00000040324
colobus_angolensis_palliatus ENSCANG00000029245
piliocolobus_tephrosceles ENSPTEG00000032123
cebus_capucinus_imitator ENSCCAG00000035824
callithrix_jacchus ENSCJAG00000047589
saimiri_boliviensis_boliviensis ENSSBOG00000021876
aotus_nancymaae ENSANAG00000036389
castor_canadensis ENSCCNG00000020864
dipodomys_ordii ENSDORG00000023886
mus_musculus_strain_reference_cl57bl6 ENSMUSG00000037703
mus_spicilegus ENSMSIG00000013473
mus_spretus_strain_spret/eij MGP_SPRETEiJ_G0025230
mus_caroli_strain_caroli_eij MGP_CAROLIEiJ_G0024310
mus_pahari_strain_pahari_eij MGP_PahariEiJ_G0025755
rattus_norvegicus ENSRNOG00000021231
meriones_unguiculatus ENSMUGG00000008181
microtus_ochrogaster ENSMOCG00000019922
peromyscus_maniculatus_bairdii ENSPEMG00000013505
cricetulus_griseus_chok1gs_hdv1 ENSCGRG00001007812
cricetulus_griseus_crigri_1.0 ENSCGRG00000009716
cricetulus_griseus_crigri-picr ENSCGRG00015013300
mesocricetus_auratus ENSMAUG00000021395
nannospalax_galili ENSNGAG00000018130
cavia_porcellus ENSCPOG00000034395
cavia_aperea ENSCAPG00000001327
octodon_degus ENSODEG00000006348
chinchilla_lanigera ENSCLAG00000010167
heterocephalus_glaber_hetgla_female_1.0 ENSHGLG00000016337
heterocephalus_glaber_hetgla_1.0 ENSHGLG00100011520
fukomys_damarensis ENSFDAG00000018009
urocitellus_parryii ENSUPAG00010023398
spermophilus_dauricus ENSSDAG00000002112
ictidomys_tridecemlineatus ENSSTOG00000006427
marmota_marmota_marmota ENSMMMG00000023916
tupaia_belangeri ENSTBEG00000000440
carlito_syrichta ENSTSYG00000025406
oryctolagus_cuniculus ENSOCUG00000004066
ochotona_princeps ENSOPRG00000014988
ovis_aries ENSOARG00000004410
capra_hircus ENSCHIG00000015799
bos_mutus ENSBMUG00000020278
bos_taurus ENSBTAG00000020454
bison_bison_bison ENSBBBG00000019286
tursiops_truncatus ENSTTRG00000009346
sus_scrofa ENSSSCG00000007161
equus_caballus ENSECAG00000024058
equus_asinus_asinus ENSEASG00005013035
myotis_lucifugus ENSMLUG00000000347
pteropus_vampyrus ENSPVAG00000014210
ursus_americanus ENSUAMG00000010393
ailuropoda_melanoleuca ENSAMEG00000011057
neovison_vison ENSNVIG00000019842
mustela_putorius_furo ENSMPUG00000008889
canis_lupus_dingo ENSCAFG00020003176
canis_lupus_familiaris ENSCAFG00000006417
vulpes_vulpes ENSVVUG00000025431
panthera_pardus ENSPPRG00000007053
panthera_tigris_altaica ENSPTIG00000002751
felis_catus ENSFCAG00000013412
procavia_capensis ENSPCAG00000000290
loxodonta_africana ENSLAFG00000008808
echinops_telfairi ENSETEG00000011972
dasypus_novemcinctus ENSDNOG00000047246
phascolarctos_cinereus ENSPCIG00000000247
sarcophilus_harrisii ENSSHAG00000003393
monodelphis_domestica ENSMODG00000005461
takifugu_rubripes ENSTRUG00000015495
tetraodon_nigroviridis ENSTNIG00000016678
periophthalmus_magnuspinnatus ENSPMGG00000017250
xiphophorus_maculatus ENSXMAG00000021443
poecilia_reticulata ENSPREG00000015422
poecilia_formosa ENSPFOG00000007556
poecilia_latipinna ENSPLAG00000003374
poecilia_mexicana ENSPMEG00000010603
gambusia_affinis ENSGAFG00000010600
xiphophorus_couchianus ENSXCOG00000006759
cyprinodon_variegatus ENSCVAG00000020704
fundulus_heteroclitus ENSFHEG00000018873
gasterosteus_aculeatus ENSGACG00000006653
mola_mola ENSMMOG00000013939
labrus_bergylta ENSLBEG00000018504
maylandia_zebra ENSMZEG00005007978
astatotilapia_calliptera ENSACLG00000013785
pundamilia_nyererei ENSPNYG00000016182
haplochromis_burtoni ENSHBUG00000003455
neolamprologus_brichardi ENSNBRG00000014829
oreochromis_niloticus ENSONIG00000015223
amphilophus_citrinellus ENSACIG00000004390
oryzias_latipes_asm223471v1 ENSORLG00020000784
oryzias_latipes_asm223467v1 ENSORLG00000025657
oryzias_latipes_asm223469v1 ENSORLG00015011562
oryzias_melastigma ENSOMEG00000000780
cynoglossus_semilaevis ENSCSEG00000017804
mastacembelus_armatus ENSMAMG00000020699
monopterus_albus ENSMALG00000017806
anabas_testudineus ENSATEG00000017805
seriola_lalandi_dorsalis ENSSLDG00000019257
seriola_dumerili ENSSDUG00000002426
scophthalmus_maximus ENSSMAG00000003272
amphiprion_ocellaris ENSAOCG00000011443
amphiprion_percula ENSAPEG00000006510
acanthochromis_polyacanthus ENSAPOG00000018877
stegastes_partitus ENSSPAG00000009281
kryptolebias_marmoratus ENSKMAG00000000281
hippocampus_comes ENSHCOG00000003653
gadus_morhua ENSGMOG00000007566
esox_lucius ENSELUG00000002420
esox_lucius ENSELUG00000000592
pygocentrus_nattereri ENSPNAG00000008051
astyanax_mexicanus ENSAMXG00000021132
ictalurus_punctatus ENSIPUG00000025056
danio_rerio ENSDARG00000058558
paramormyrops_kingsleyae ENSPKIG00000019072
scleropages_formosus ENSSFOG00015007894
pygocentrus_nattereri ENSPNAG00000004140
astyanax_mexicanus ENSAMXG00000041913
ictalurus_punctatus ENSIPUG00000018867
danio_rerio ENSDARG00000098751
paramormyrops_kingsleyae ENSPKIG00000016094
lepisosteus_oculatus ENSLOCG00000001268
ciona_intestinalis ENSCING00000022530
ciona_savignyi ENSCSAVG00000011040
drosophila_melanogaster FBgn0030077
caenorhabditis_elegans_strain_n2 WBGene00018033
