periophthalmus_magnuspinnatus ENSPMGG00000010796
periophthalmus_magnuspinnatus ENSPMGG00000020692
labrus_bergylta ENSLBEG00000014323
oryzias_latipes_asm223469v1 ENSORLG00015000985
paramormyrops_kingsleyae ENSPKIG00000018013
scleropages_formosus ENSSFOG00015018139
seriola_dumerili ENSSDUG00000020679
scophthalmus_maximus ENSSMAG00000012246
mastacembelus_armatus ENSMAMG00000002816
monopterus_albus ENSMALG00000006950
mastacembelus_armatus ENSMAMG00000002748
anabas_testudineus ENSATEG00000012741
seriola_lalandi_dorsalis ENSSLDG00000021092
cynoglossus_semilaevis ENSCSEG00000010082
takifugu_rubripes ENSTRUG00000011199
tetraodon_nigroviridis ENSTNIG00000013691
mola_mola ENSMMOG00000012927
gasterosteus_aculeatus ENSGACG00000005988
labrus_bergylta ENSLBEG00000016629
amphiprion_ocellaris ENSAOCG00000003379
amphiprion_percula ENSAPEG00000023592
acanthochromis_polyacanthus ENSAPOG00000013069
stegastes_partitus ENSSPAG00000023011
astatotilapia_calliptera ENSACLG00000008125
pundamilia_nyererei ENSPNYG00000020083
maylandia_zebra ENSMZEG00005027658
neolamprologus_brichardi ENSNBRG00000012706
haplochromis_burtoni ENSHBUG00000011280
oreochromis_niloticus ENSONIG00000008312
amphilophus_citrinellus ENSACIG00000014727
xiphophorus_maculatus ENSXMAG00000021210
xiphophorus_maculatus ENSXMAG00000006759
xiphophorus_couchianus ENSXCOG00000016717
gambusia_affinis ENSGAFG00000000938
poecilia_formosa ENSPFOG00000019632
poecilia_latipinna ENSPLAG00000009711
poecilia_mexicana ENSPMEG00000023774
poecilia_reticulata ENSPREG00000014470
fundulus_heteroclitus ENSFHEG00000011323
cyprinodon_variegatus ENSCVAG00000004569
kryptolebias_marmoratus ENSKMAG00000021651
oryzias_latipes_asm223469v1 ENSORLG00015003732
oryzias_latipes_asm223467v1 ENSORLG00000005570
oryzias_latipes_asm223471v1 ENSORLG00020010793
oryzias_melastigma ENSOMEG00000016217
hippocampus_comes ENSHCOG00000019071
gadus_morhua ENSGMOG00000010180
esox_lucius ENSELUG00000020541
pygocentrus_nattereri ENSPNAG00000007474
astyanax_mexicanus ENSAMXG00000016949
ictalurus_punctatus ENSIPUG00000009353
danio_rerio ENSDARG00000103684
anolis_carolinensis ENSACAG00000001223
pogona_vitticeps ENSPVIG00000024941
notechis_scutatus ENSNSUG00000019624
salvator_merianae ENSSMRG00000022339
ornithorhynchus_anatinus ENSOANG00000005395
phascolarctos_cinereus ENSPCIG00000017889
notamacropus_eugenii ENSMEUG00000001391
sarcophilus_harrisii ENSSHAG00000014210
monodelphis_domestica ENSMODG00000002130
loxodonta_africana ENSLAFG00000006452
procavia_capensis ENSPCAG00000004568
echinops_telfairi ENSETEG00000007368
cavia_aperea ENSCAPG00000013420
chinchilla_lanigera ENSCLAG00000012342
fukomys_damarensis ENSFDAG00000014982
dipodomys_ordii ENSDORG00000010151
microtus_ochrogaster ENSMOCG00000019484
mus_musculus_strain_reference_cl57bl6 ENSMUSG00000001998
mus_spretus_strain_spret/eij MGP_SPRETEiJ_G0025165
mus_spicilegus ENSMSIG00000019734
mus_caroli_strain_caroli_eij MGP_CAROLIEiJ_G0024245
mus_pahari_strain_pahari_eij MGP_PahariEiJ_G0025691
rattus_norvegicus ENSRNOG00000022938
meriones_unguiculatus ENSMUGG00000011539
cricetulus_griseus_chok1gs_hdv1 ENSCGRG00001023130
cricetulus_griseus_crigri-picr ENSCGRG00015015754
cricetulus_griseus_crigri_1.0 ENSCGRG00000010462
mesocricetus_auratus ENSMAUG00000020694
peromyscus_maniculatus_bairdii ENSPEMG00000021276
nannospalax_galili ENSNGAG00000022314
jaculus_jaculus ENSJJAG00000020341
castor_canadensis ENSCCNG00000027607
heterocephalus_glaber_hetgla_1.0 ENSHGLG00100004803
heterocephalus_glaber_hetgla_female_1.0 ENSHGLG00000012462
cavia_porcellus ENSCPOG00000006153
spermophilus_dauricus ENSSDAG00000011773
ictidomys_tridecemlineatus ENSSTOG00000005959
urocitellus_parryii ENSUPAG00010007897
marmota_marmota_marmota ENSMMMG00000016124
oryctolagus_cuniculus ENSOCUG00000007193
pan_troglodytes ENSPTRG00000007072
pan_paniscus ENSPPAG00000040835
gorilla_gorilla ENSGGOG00000011600
homo_sapiens ENSG00000081014
pongo_abelii ENSPPYG00000006473
nomascus_leucogenys ENSNLEG00000006329
colobus_angolensis_palliatus ENSCANG00000034793
piliocolobus_tephrosceles ENSPTEG00000009210
rhinopithecus_roxellana ENSRROG00000040786
papio_anubis ENSPANG00000017549
theropithecus_gelada ENSTGEG00000013373
macaca_nemestrina ENSMNEG00000034681
macaca_mulatta ENSMMUG00000015159
mandrillus_leucophaeus ENSMLEG00000044424
chlorocebus_sabaeus ENSCSAG00000011146
cercocebus_atys ENSCATG00000031112
macaca_fascicularis ENSMFAG00000045764
rhinopithecus_bieti ENSRBIG00000043072
saimiri_boliviensis_boliviensis ENSSBOG00000035637
cebus_capucinus_imitator ENSCCAG00000020928
callithrix_jacchus ENSCJAG00000001217
aotus_nancymaae ENSANAG00000033916
carlito_syrichta ENSTSYG00000005850
prolemur_simus ENSPSMG00000018319
microcebus_murinus ENSMICG00000047242
otolemur_garnettii ENSOGAG00000027801
propithecus_coquereli ENSPCOG00000019301
tupaia_belangeri ENSTBEG00000014558
ochotona_princeps ENSOPRG00000005232
octodon_degus ENSODEG00000007172
panthera_tigris_altaica ENSPTIG00000006634
panthera_pardus ENSPPRG00000002161
felis_catus ENSFCAG00000010314
mustela_putorius_furo ENSMPUG00000007850
neovison_vison ENSNVIG00000020828
sorex_araneus ENSSARG00000013882
capra_hircus ENSCHIG00000013640
ovis_aries ENSOARG00000020979
bos_mutus ENSBMUG00000010697
bison_bison_bison ENSBBBG00000024954
bos_taurus ENSBTAG00000013616
tursiops_truncatus ENSTTRG00000016813
sus_scrofa ENSSSCG00000004634
equus_caballus ENSECAG00000022163
equus_asinus_asinus ENSEASG00005014560
erinaceus_europaeus ENSEEUG00000001947
vicugna_pacos ENSVPAG00000008137
pteropus_vampyrus ENSPVAG00000006870
myotis_lucifugus ENSMLUG00000009792
canis_lupus_familiaris ENSCAFG00000015318
canis_lupus_dingo ENSCAFG00020019190
vulpes_vulpes ENSVVUG00000018715
ursus_maritimus ENSUMAG00000017041
ursus_americanus ENSUAMG00000001884
ailuropoda_melanoleuca ENSAMEG00000009126
choloepus_hoffmanni ENSCHOG00000013632
dasypus_novemcinctus ENSDNOG00000004807
sphenodon_punctatus ENSSPUG00000016522
chelonoidis_abingdonii ENSCABG00000012208
gopherus_agassizii ENSGAGG00000011752
chrysemys_picta_bellii ENSCPBG00000027852
pelodiscus_sinensis ENSPSIG00000017987
crocodylus_porosus ENSCPRG00005013912
apteryx_haastii ENSAHAG00000002644
apteryx_owenii ENSAOWG00000004801
apteryx_rowi ENSARWG00000012680
dromaius_novaehollandiae ENSDNVG00000006326
nothoprocta_perdicaria ENSNPEG00000015181
taeniopygia_guttata ENSTGUG00000014368
lepidothrix_coronata ENSLCOG00000015931
manacus_vitellinus ENSMVIG00005016113
taeniopygia_guttata ENSTGUG00000006963
taeniopygia_guttata ENSTGUG00000014244
lonchura_striata_domestica ENSLSDG00000016162
serinus_canaria ENSSCAG00000004868
zonotrichia_albicollis ENSZALG00000007724
junco_hyemalis ENSJHYG00000018087
ficedula_albicollis ENSFALG00000011736
parus_major ENSPMJG00000018499
cyanistes_caeruleus ENSCCEG00000012832
melopsittacus_undulatus ENSMUNG00000016164
calidris_pygmaea ENSCPGG00000017979
calidris_pugnax ENSCPUG00000016188
anser_brachyrhynchus ENSABRG00000022628
anas_platyrhynchos_platyrhynchos ENSAPLG00000003399
gallus_gallus ENSGALG00000038286
meleagris_gallopavo ENSMGAG00000017136
coturnix_japonica ENSCJPG00005018626
numida_meleagris ENSNMEG00000022609
piliocolobus_tephrosceles ENSPTEG00000001308
piliocolobus_tephrosceles ENSPTEG00000014735
meleagris_gallopavo ENSMGAG00000006559
xenopus_tropicalis ENSXETG00000020756
latimeria_chalumnae ENSLACG00000007051
lepisosteus_oculatus ENSLOCG00000013318
paramormyrops_kingsleyae ENSPKIG00000018030
ciona_intestinalis ENSCING00000007453
ornithorhynchus_anatinus ENSOANG00000021665
eptatretus_burgeri ENSEBUG00000015377
petromyzon_marinus ENSPMAG00000003123
petromyzon_marinus ENSPMAG00000000021
eptatretus_burgeri ENSEBUG00000003517
petromyzon_marinus ENSPMAG00000001871
paramormyrops_kingsleyae ENSPKIG00000011683
scleropages_formosus ENSSFOG00015022624
labrus_bergylta ENSLBEG00000021636
hippocampus_comes ENSHCOG00000015546
fundulus_heteroclitus ENSFHEG00000018918
cyprinodon_variegatus ENSCVAG00000006957
xiphophorus_maculatus ENSXMAG00000001043
xiphophorus_couchianus ENSXCOG00000017780
poecilia_latipinna ENSPLAG00000011274
poecilia_formosa ENSPFOG00000011469
poecilia_mexicana ENSPMEG00000005757
poecilia_reticulata ENSPREG00000002738
gambusia_affinis ENSGAFG00000016796
kryptolebias_marmoratus ENSKMAG00000013307
oryzias_latipes_asm223467v1 ENSORLG00000018333
oryzias_latipes_asm223471v1 ENSORLG00020015774
oryzias_latipes_asm223469v1 ENSORLG00015013104
anabas_testudineus ENSATEG00000008809
tetraodon_nigroviridis ENSTNIG00000006195
takifugu_rubripes ENSTRUG00000001718
mola_mola ENSMMOG00000015513
gasterosteus_aculeatus ENSGACG00000012573
astatotilapia_calliptera ENSACLG00000000668
maylandia_zebra ENSMZEG00005002184
pundamilia_nyererei ENSPNYG00000020149
haplochromis_burtoni ENSHBUG00000021721
oreochromis_niloticus ENSONIG00000003489
amphilophus_citrinellus ENSACIG00000008771
cynoglossus_semilaevis ENSCSEG00000006596
amphiprion_ocellaris ENSAOCG00000017667
amphiprion_percula ENSAPEG00000002233
acanthochromis_polyacanthus ENSAPOG00000024283
stegastes_partitus ENSSPAG00000009691
scophthalmus_maximus ENSSMAG00000013543
seriola_dumerili ENSSDUG00000011340
seriola_lalandi_dorsalis ENSSLDG00000013210
mastacembelus_armatus ENSMAMG00000009727
monopterus_albus ENSMALG00000006972
periophthalmus_magnuspinnatus ENSPMGG00000020684
gadus_morhua ENSGMOG00000000019
astyanax_mexicanus ENSAMXG00000002953
pygocentrus_nattereri ENSPNAG00000014739
ictalurus_punctatus ENSIPUG00000017908
scleropages_formosus ENSSFOG00015009766
paramormyrops_kingsleyae ENSPKIG00000020436
lepisosteus_oculatus ENSLOCG00000006959
xenopus_tropicalis ENSXETG00000034298
notamacropus_eugenii ENSMEUG00000015605
phascolarctos_cinereus ENSPCIG00000013022
sarcophilus_harrisii ENSSHAG00000004492
monodelphis_domestica ENSMODG00000028436
theropithecus_gelada ENSTGEG00000024529
chlorocebus_sabaeus ENSCSAG00000010503
cercocebus_atys ENSCATG00000042459
homo_sapiens ENSG00000183020
cebus_capucinus_imitator ENSCCAG00000029284
saimiri_boliviensis_boliviensis ENSSBOG00000035919
macaca_mulatta ENSMMUG00000003620
macaca_fascicularis ENSMFAG00000031260
macaca_nemestrina ENSMNEG00000044838
papio_anubis ENSPANG00000016067
nomascus_leucogenys ENSNLEG00000008801
rhinopithecus_roxellana ENSRROG00000043320
rhinopithecus_bieti ENSRBIG00000029289
colobus_angolensis_palliatus ENSCANG00000040384
mandrillus_leucophaeus ENSMLEG00000029699
pan_paniscus ENSPPAG00000030265
gorilla_gorilla ENSGGOG00000000458
aotus_nancymaae ENSANAG00000022883
pan_troglodytes ENSPTRG00000003144
pongo_abelii ENSPPYG00000002893
piliocolobus_tephrosceles ENSPTEG00000018110
callithrix_jacchus ENSCJAG00000011607
ochotona_princeps ENSOPRG00000009155
mus_spicilegus ENSMSIG00000019964
bison_bison_bison ENSBBBG00000000397
mustela_putorius_furo ENSMPUG00000009315
propithecus_coquereli ENSPCOG00000019119
microcebus_murinus ENSMICG00000008530
otolemur_garnettii ENSOGAG00000001903
mus_spicilegus ENSMSIG00000000518
mus_spretus_strain_spret/eij MGP_SPRETEiJ_G0031815
mus_musculus_strain_reference_cl57bl6 ENSMUSG00000002957
mus_caroli_strain_caroli_eij MGP_CAROLIEiJ_G0030705
mus_pahari_strain_pahari_eij MGP_PahariEiJ_G0013904
rattus_norvegicus ENSRNOG00000019534
meriones_unguiculatus ENSMUGG00000012801
peromyscus_maniculatus_bairdii ENSPEMG00000006797
microtus_ochrogaster ENSMOCG00000021723
cricetulus_griseus_crigri_1.0 ENSCGRG00000014275
cricetulus_griseus_chok1gs_hdv1 ENSCGRG00001022076
cricetulus_griseus_crigri-picr ENSCGRG00015027041
mesocricetus_auratus ENSMAUG00000019921
nannospalax_galili ENSNGAG00000013846
jaculus_jaculus ENSJJAG00000017326
castor_canadensis ENSCCNG00000010554
chinchilla_lanigera ENSCLAG00000001787
heterocephalus_glaber_hetgla_female_1.0 ENSHGLG00000004399
octodon_degus ENSODEG00000015034
cavia_porcellus ENSCPOG00000011052
ictidomys_tridecemlineatus ENSSTOG00000011282
urocitellus_parryii ENSUPAG00010022845
marmota_marmota_marmota ENSMMMG00000005645
spermophilus_dauricus ENSSDAG00000001916
ovis_aries ENSOARG00000004540
panthera_tigris_altaica ENSPTIG00000016179
procavia_capensis ENSPCAG00000003354
tupaia_belangeri ENSTBEG00000012372
gorilla_gorilla ENSGGOG00000039694
echinops_telfairi ENSETEG00000018328
callithrix_jacchus ENSCJAG00000040377
myotis_lucifugus ENSMLUG00000015694
pteropus_vampyrus ENSPVAG00000001563
tursiops_truncatus ENSTTRG00000012506
sus_scrofa ENSSSCG00000012836
bos_mutus ENSBMUG00000005548
bos_taurus ENSBTAG00000009915
capra_hircus ENSCHIG00000025368
canis_lupus_dingo ENSCAFG00020017611
vulpes_vulpes ENSVVUG00000000592
ursus_americanus ENSUAMG00000016180
panthera_pardus ENSPPRG00000023688
felis_catus ENSFCAG00000013098
equus_caballus ENSECAG00000014550
equus_asinus_asinus ENSEASG00005007492
heterocephalus_glaber_hetgla_1.0 ENSHGLG00100012778
fukomys_damarensis ENSFDAG00000007680
cavia_aperea ENSCAPG00000000300
prolemur_simus ENSPSMG00000007476
ursus_maritimus ENSUMAG00000005889
canis_lupus_familiaris ENSCAFG00000009691
neovison_vison ENSNVIG00000006484
ailuropoda_melanoleuca ENSAMEG00000006083
loxodonta_africana ENSLAFG00000008922
carlito_syrichta ENSTSYG00000011923
dipodomys_ordii ENSDORG00000005765
dasypus_novemcinctus ENSDNOG00000012986
pogona_vitticeps ENSPVIG00000000436
anolis_carolinensis ENSACAG00000015576
notechis_scutatus ENSNSUG00000016607
salvator_merianae ENSSMRG00000014145
sphenodon_punctatus ENSSPUG00000005401
anser_brachyrhynchus ENSABRG00000014246
anas_platyrhynchos_platyrhynchos ENSAPLG00000016325
gallus_gallus ENSGALG00000006799
meleagris_gallopavo ENSMGAG00000008829
coturnix_japonica ENSCJPG00005018498
numida_meleagris ENSNMEG00000011500
manacus_vitellinus ENSMVIG00005008062
lepidothrix_coronata ENSLCOG00000013746
lonchura_striata_domestica ENSLSDG00000015546
taeniopygia_guttata ENSTGUG00000009676
serinus_canaria ENSSCAG00000004230
zonotrichia_albicollis ENSZALG00000005171
junco_hyemalis ENSJHYG00000012259
cyanistes_caeruleus ENSCCEG00000008054
parus_major ENSPMJG00000009638
ficedula_albicollis ENSFALG00000012000
calidris_pygmaea ENSCPGG00000006532
calidris_pugnax ENSCPUG00000012009
melopsittacus_undulatus ENSMUNG00000010109
apteryx_haastii ENSAHAG00000013039
apteryx_rowi ENSARWG00000008164
apteryx_owenii ENSAOWG00000006199
dromaius_novaehollandiae ENSDNVG00000012213
nothoprocta_perdicaria ENSNPEG00000014862
crocodylus_porosus ENSCPRG00005016849
chelonoidis_abingdonii ENSCABG00000013053
gopherus_agassizii ENSGAGG00000008502
chrysemys_picta_bellii ENSCPBG00000007767
pelodiscus_sinensis ENSPSIG00000014395
anolis_carolinensis ENSACAG00000023520
xenopus_tropicalis ENSXETG00000025765
latimeria_chalumnae ENSLACG00000001520
crocodylus_porosus ENSCPRG00005015355
sphenodon_punctatus ENSSPUG00000016275
ornithorhynchus_anatinus ENSOANG00000028816
chrysemys_picta_bellii ENSCPBG00000006964
gopherus_agassizii ENSGAGG00000025542
pogona_vitticeps ENSPVIG00000020948
anolis_carolinensis ENSACAG00000013405
notechis_scutatus ENSNSUG00000005255
salvator_merianae ENSSMRG00000021501
xenopus_tropicalis ENSXETG00000009033
latimeria_chalumnae ENSLACG00000017580
pteropus_vampyrus ENSPVAG00000010973
panthera_pardus ENSPPRG00000012521
loxodonta_africana ENSLAFG00000027046
gorilla_gorilla ENSGGOG00000010141
myotis_lucifugus ENSMLUG00000017104
ochotona_princeps ENSOPRG00000010272
echinops_telfairi ENSETEG00000013709
heterocephalus_glaber_hetgla_1.0 ENSHGLG00100007207
fukomys_damarensis ENSFDAG00000016101
cavia_aperea ENSCAPG00000014516
cavia_porcellus ENSCPOG00000005104
ochotona_princeps ENSOPRG00000002343
nomascus_leucogenys ENSNLEG00000005331
macaca_mulatta ENSMMUG00000011612
cebus_capucinus_imitator ENSCCAG00000025500
saimiri_boliviensis_boliviensis ENSSBOG00000022105
bison_bison_bison ENSBBBG00000010075
ovis_aries ENSOARG00000013514
ursus_maritimus ENSUMAG00000003074
chinchilla_lanigera ENSCLAG00000010607
octodon_degus ENSODEG00000016865
heterocephalus_glaber_hetgla_female_1.0 ENSHGLG00000015683
nannospalax_galili ENSNGAG00000017671
urocitellus_parryii ENSUPAG00010014052
ictidomys_tridecemlineatus ENSSTOG00000012743
castor_canadensis ENSCCNG00000029602
dipodomys_ordii ENSDORG00000014931
carlito_syrichta ENSTSYG00000035575
mus_spicilegus ENSMSIG00000020986
mus_spretus_strain_spret/eij MGP_SPRETEiJ_G0030780
mus_musculus_strain_reference_cl57bl6 ENSMUSG00000060279
mus_caroli_strain_caroli_eij MGP_CAROLIEiJ_G0029683
mus_pahari_strain_pahari_eij MGP_PahariEiJ_G0012908
rattus_norvegicus ENSRNOG00000026243
meriones_unguiculatus ENSMUGG00000006348
meriones_unguiculatus ENSMUGG00000010622
cricetulus_griseus_chok1gs_hdv1 ENSCGRG00001004014
cricetulus_griseus_crigri_1.0 ENSCGRG00000009899
mesocricetus_auratus ENSMAUG00000005134
microtus_ochrogaster ENSMOCG00000007825
peromyscus_maniculatus_bairdii ENSPEMG00000013224
jaculus_jaculus ENSJJAG00000024079
otolemur_garnettii ENSOGAG00000016501
macaca_fascicularis ENSMFAG00000042161
capra_hircus ENSCHIG00000025129
bos_taurus ENSBTAG00000019180
sus_scrofa ENSSSCG00000003199
tursiops_truncatus ENSTTRG00000005545
aotus_nancymaae ENSANAG00000024248
callithrix_jacchus ENSCJAG00000003806
pan_paniscus ENSPPAG00000025102
pan_troglodytes ENSPTRG00000011315
homo_sapiens ENSG00000196961
propithecus_coquereli ENSPCOG00000025187
canis_lupus_dingo ENSCAFG00020023376
vulpes_vulpes ENSVVUG00000021313
felis_catus ENSFCAG00000004429
equus_caballus ENSECAG00000007134
rhinopithecus_bieti ENSRBIG00000032858
rhinopithecus_roxellana ENSRROG00000039730
colobus_angolensis_palliatus ENSCANG00000042509
piliocolobus_tephrosceles ENSPTEG00000023636
mandrillus_leucophaeus ENSMLEG00000000293
chlorocebus_sabaeus ENSCSAG00000002446
papio_anubis ENSPANG00000012049
theropithecus_gelada ENSTGEG00000026855
macaca_nemestrina ENSMNEG00000038226
tupaia_belangeri ENSTBEG00000015564
canis_lupus_familiaris ENSCAFG00000003541
sorex_araneus ENSSARG00000000357
prolemur_simus ENSPSMG00000022943
microcebus_murinus ENSMICG00000003081
mustela_putorius_furo ENSMPUG00000002373
neovison_vison ENSNVIG00000014173
ailuropoda_melanoleuca ENSAMEG00000013743
pongo_abelii ENSPPYG00000010262
oryctolagus_cuniculus ENSOCUG00000023153
erinaceus_europaeus ENSEEUG00000014638
bos_mutus ENSBMUG00000004532
ursus_americanus ENSUAMG00000004708
equus_asinus_asinus ENSEASG00005006948
procavia_capensis ENSPCAG00000007956
cricetulus_griseus_crigri-picr ENSCGRG00015018951
dasypus_novemcinctus ENSDNOG00000048424
marmota_marmota_marmota ENSMMMG00000008509
spermophilus_dauricus ENSSDAG00000002143
phascolarctos_cinereus ENSPCIG00000008128
notamacropus_eugenii ENSMEUG00000013554
sarcophilus_harrisii ENSSHAG00000000149
monodelphis_domestica ENSMODG00000013428
ornithorhynchus_anatinus ENSOANG00000020835
panthera_tigris_altaica ENSPTIG00000007548
bison_bison_bison ENSBBBG00000004979
cercocebus_atys ENSCATG00000032213
chlorocebus_sabaeus ENSCSAG00000002449
oryzias_melastigma ENSOMEG00000021958
oryzias_melastigma ENSOMEG00000021934
poecilia_latipinna ENSPLAG00000018466
neolamprologus_brichardi ENSNBRG00000001674
paramormyrops_kingsleyae ENSPKIG00000019518
paramormyrops_kingsleyae ENSPKIG00000006280
scleropages_formosus ENSSFOG00015005800
amphiprion_ocellaris ENSAOCG00000012704
amphiprion_percula ENSAPEG00000002306
acanthochromis_polyacanthus ENSAPOG00000022478
hippocampus_comes ENSHCOG00000010822
scophthalmus_maximus ENSSMAG00000014919
labrus_bergylta ENSLBEG00000003059
xiphophorus_maculatus ENSXMAG00000002745
gambusia_affinis ENSGAFG00000010572
poecilia_formosa ENSPFOG00000008115
labrus_bergylta ENSLBEG00000021680
gasterosteus_aculeatus ENSGACG00000004857
takifugu_rubripes ENSTRUG00000011950
cynoglossus_semilaevis ENSCSEG00000011803
poecilia_latipinna ENSPLAG00000011296
poecilia_mexicana ENSPMEG00000020437
poecilia_reticulata ENSPREG00000006262
fundulus_heteroclitus ENSFHEG00000019108
cyprinodon_variegatus ENSCVAG00000002787
oryzias_latipes_asm223471v1 ENSORLG00020018677
oryzias_latipes_asm223467v1 ENSORLG00000017087
oryzias_latipes_asm223469v1 ENSORLG00015011061
oryzias_melastigma ENSOMEG00000013496
periophthalmus_magnuspinnatus ENSPMGG00000008070
monopterus_albus ENSMALG00000002548
anabas_testudineus ENSATEG00000008444
seriola_dumerili ENSSDUG00000017881
seriola_lalandi_dorsalis ENSSLDG00000009925
stegastes_partitus ENSSPAG00000004917
mola_mola ENSMMOG00000006222
astatotilapia_calliptera ENSACLG00000011224
haplochromis_burtoni ENSHBUG00000018740
pundamilia_nyererei ENSPNYG00000003390
maylandia_zebra ENSMZEG00005022860
oreochromis_niloticus ENSONIG00000007799
neolamprologus_brichardi ENSNBRG00000002999
amphilophus_citrinellus ENSACIG00000017835
kryptolebias_marmoratus ENSKMAG00000020798
mastacembelus_armatus ENSMAMG00000004174
tetraodon_nigroviridis ENSTNIG00000003549
gadus_morhua ENSGMOG00000004536
esox_lucius ENSELUG00000005335
astyanax_mexicanus ENSAMXG00000010351
pygocentrus_nattereri ENSPNAG00000018303
ictalurus_punctatus ENSIPUG00000006589
danio_rerio ENSDARG00000054320
scleropages_formosus ENSSFOG00015021159
xiphophorus_couchianus ENSXCOG00000007647
xiphophorus_couchianus ENSXCOG00000007646
petromyzon_marinus ENSPMAG00000007042
xiphophorus_couchianus ENSXCOG00000009866
drosophila_melanogaster FBgn0264855
caenorhabditis_elegans_strain_n2 WBGene00000161
ciona_savignyi ENSCSAVG00000007359
ciona_intestinalis ENSCING00000009755
saccharomyces_cerevisiae_strain_s288c YBL037W
pogona_vitticeps ENSPVIG00000015849
notechis_scutatus ENSNSUG00000016917
salvator_merianae ENSSMRG00000004103
gopherus_agassizii ENSGAGG00000006510
chrysemys_picta_bellii ENSCPBG00000025894
pteropus_vampyrus ENSPVAG00000017537
myotis_lucifugus ENSMLUG00000016745
capra_hircus ENSCHIG00000023577
ovis_aries ENSOARG00000019274
bos_mutus ENSBMUG00000026556
bos_taurus ENSBTAG00000007099
bison_bison_bison ENSBBBG00000022530
tursiops_truncatus ENSTTRG00000010663
sus_scrofa ENSSSCG00000002015
ursus_americanus ENSUAMG00000007507
ursus_maritimus ENSUMAG00000014906
ailuropoda_melanoleuca ENSAMEG00000016616
mustela_putorius_furo ENSMPUG00000006392
neovison_vison ENSNVIG00000021671
canis_lupus_familiaris ENSCAFG00000011529
canis_lupus_dingo ENSCAFG00020004844
vulpes_vulpes ENSVVUG00000029096
panthera_pardus ENSPPRG00000022663
panthera_tigris_altaica ENSPTIG00000015262
felis_catus ENSFCAG00000040037
equus_caballus ENSECAG00000015018
equus_asinus_asinus ENSEASG00005011809
erinaceus_europaeus ENSEEUG00000010262
nannospalax_galili ENSNGAG00000005343
jaculus_jaculus ENSJJAG00000024364
spermophilus_dauricus ENSSDAG00000006503
ictidomys_tridecemlineatus ENSSTOG00000002671
urocitellus_parryii ENSUPAG00010010537
marmota_marmota_marmota ENSMMMG00000013142
castor_canadensis ENSCCNG00000029313
dipodomys_ordii ENSDORG00000008885
tupaia_belangeri ENSTBEG00000001560
propithecus_coquereli ENSPCOG00000021119
microcebus_murinus ENSMICG00000010146
prolemur_simus ENSPSMG00000016610
otolemur_garnettii ENSOGAG00000008739
carlito_syrichta ENSTSYG00000006759
chinchilla_lanigera ENSCLAG00000011585
octodon_degus ENSODEG00000002984
cavia_porcellus ENSCPOG00000000721
cavia_aperea ENSCAPG00000017172
heterocephalus_glaber_hetgla_female_1.0 ENSHGLG00000009959
heterocephalus_glaber_hetgla_1.0 ENSHGLG00100006092
fukomys_damarensis ENSFDAG00000012481
mus_spretus_strain_spret/eij MGP_SPRETEiJ_G0020177
mus_spicilegus ENSMSIG00000017629
mus_musculus_strain_reference_cl57bl6 ENSMUSG00000040701
mus_caroli_strain_caroli_eij MGP_CAROLIEiJ_G0019288
mus_pahari_strain_pahari_eij MGP_PahariEiJ_G0030305
rattus_norvegicus ENSRNOG00000025619
meriones_unguiculatus ENSMUGG00000024029
peromyscus_maniculatus_bairdii ENSPEMG00000003575
microtus_ochrogaster ENSMOCG00000018293
mesocricetus_auratus ENSMAUG00000009342
mesocricetus_auratus ENSMAUG00000004020
cricetulus_griseus_chok1gs_hdv1 ENSCGRG00001014262
cricetulus_griseus_crigri-picr ENSCGRG00015019088
cricetulus_griseus_crigri_1.0 ENSCGRG00000017187
oryctolagus_cuniculus ENSOCUG00000007722
ochotona_princeps ENSOPRG00000016634
pan_troglodytes ENSPTRG00000006181
pan_paniscus ENSPPAG00000030009
homo_sapiens ENSG00000213983
gorilla_gorilla ENSGGOG00000014786
pongo_abelii ENSPPYG00000006226
nomascus_leucogenys ENSNLEG00000015087
rhinopithecus_roxellana ENSRROG00000034967
rhinopithecus_bieti ENSRBIG00000036460
piliocolobus_tephrosceles ENSPTEG00000016875
colobus_angolensis_palliatus ENSCANG00000029324
macaca_fascicularis ENSMFAG00000038500
macaca_mulatta ENSMMUG00000004144
macaca_nemestrina ENSMNEG00000032565
chlorocebus_sabaeus ENSCSAG00000015936
cercocebus_atys ENSCATG00000032454
mandrillus_leucophaeus ENSMLEG00000039484
papio_anubis ENSPANG00000020372
theropithecus_gelada ENSTGEG00000020734
cebus_capucinus_imitator ENSCCAG00000029329
saimiri_boliviensis_boliviensis ENSSBOG00000024483
aotus_nancymaae ENSANAG00000033374
neovison_vison ENSNVIG00000021636
octodon_degus ENSODEG00000018942
loxodonta_africana ENSLAFG00000003201
procavia_capensis ENSPCAG00000004493
echinops_telfairi ENSETEG00000019968
dasypus_novemcinctus ENSDNOG00000014597
sorex_araneus ENSSARG00000008654
notamacropus_eugenii ENSMEUG00000005328
phascolarctos_cinereus ENSPCIG00000012953
monodelphis_domestica ENSMODG00000003822
xenopus_tropicalis ENSXETG00000022564
latimeria_chalumnae ENSLACG00000013220
esox_lucius ENSELUG00000004678
gadus_morhua ENSGMOG00000004105
pygocentrus_nattereri ENSPNAG00000021773
astyanax_mexicanus ENSAMXG00000021108
ictalurus_punctatus ENSIPUG00000016530
danio_rerio ENSDARG00000054337
scleropages_formosus ENSSFOG00015010986
paramormyrops_kingsleyae ENSPKIG00000009563
periophthalmus_magnuspinnatus ENSPMGG00000019968
periophthalmus_magnuspinnatus ENSPMGG00000020050
seriola_dumerili ENSSDUG00000011845
seriola_dumerili ENSSDUG00000011900
seriola_lalandi_dorsalis ENSSLDG00000000874
cynoglossus_semilaevis ENSCSEG00000021132
scophthalmus_maximus ENSSMAG00000014531
labrus_bergylta ENSLBEG00000001727
haplochromis_burtoni ENSHBUG00000003123
pundamilia_nyererei ENSPNYG00000018686
astatotilapia_calliptera ENSACLG00000020142
maylandia_zebra ENSMZEG00005012243
oreochromis_niloticus ENSONIG00000015540
neolamprologus_brichardi ENSNBRG00000018015
amphilophus_citrinellus ENSACIG00000005658
amphiprion_percula ENSAPEG00000019801
amphiprion_ocellaris ENSAOCG00000009219
acanthochromis_polyacanthus ENSAPOG00000015086
stegastes_partitus ENSSPAG00000023102
xiphophorus_maculatus ENSXMAG00000000415
xiphophorus_couchianus ENSXCOG00000007836
gambusia_affinis ENSGAFG00000015126
poecilia_formosa ENSPFOG00000016697
poecilia_latipinna ENSPLAG00000018173
poecilia_mexicana ENSPMEG00000011269
poecilia_reticulata ENSPREG00000022013
fundulus_heteroclitus ENSFHEG00000017386
cyprinodon_variegatus ENSCVAG00000006281
kryptolebias_marmoratus ENSKMAG00000020315
oryzias_latipes_asm223471v1 ENSORLG00020007552
oryzias_latipes_asm223469v1 ENSORLG00015002117
oryzias_latipes_asm223467v1 ENSORLG00000012317
oryzias_melastigma ENSOMEG00000013184
monopterus_albus ENSMALG00000010954
mastacembelus_armatus ENSMAMG00000014168
anabas_testudineus ENSATEG00000007913
takifugu_rubripes ENSTRUG00000004157
tetraodon_nigroviridis ENSTNIG00000007946
mola_mola ENSMMOG00000013314
labrus_bergylta ENSLBEG00000022505
gasterosteus_aculeatus ENSGACG00000014207
hippocampus_comes ENSHCOG00000016812
taeniopygia_guttata ENSTGUG00000008285
lonchura_striata_domestica ENSLSDG00000013529
serinus_canaria ENSSCAG00000009311
junco_hyemalis ENSJHYG00000010898
zonotrichia_albicollis ENSZALG00000003879
ficedula_albicollis ENSFALG00000002601
parus_major ENSPMJG00000012051
cyanistes_caeruleus ENSCCEG00000003902
lepidothrix_coronata ENSLCOG00000014278
lepidothrix_coronata ENSLCOG00000014277
manacus_vitellinus ENSMVIG00005000486
melopsittacus_undulatus ENSMUNG00000013915
calidris_pygmaea ENSCPGG00000008322
calidris_pugnax ENSCPUG00000011041
anser_brachyrhynchus ENSABRG00000003584
anas_platyrhynchos_platyrhynchos ENSAPLG00000014217
coturnix_japonica ENSCJPG00005002484
meleagris_gallopavo ENSMGAG00000008882
gallus_gallus ENSGALG00000000848
numida_meleagris ENSNMEG00000005524
apteryx_haastii ENSAHAG00000008995
apteryx_owenii ENSAOWG00000001182
dromaius_novaehollandiae ENSDNVG00000001834
nothoprocta_perdicaria ENSNPEG00000005616
crocodylus_porosus ENSCPRG00005008716
chelonoidis_abingdonii ENSCABG00000016797
gopherus_agassizii ENSGAGG00000024401
chrysemys_picta_bellii ENSCPBG00000026992
pelodiscus_sinensis ENSPSIG00000006730
notamacropus_eugenii ENSMEUG00000002504
phascolarctos_cinereus ENSPCIG00000001849
sarcophilus_harrisii ENSSHAG00000017308
monodelphis_domestica ENSMODG00000002407
ochotona_princeps ENSOPRG00000001302
meriones_unguiculatus ENSMUGG00000002075
cricetulus_griseus_chok1gs_hdv1 ENSCGRG00001022757
cricetulus_griseus_crigri_1.0 ENSCGRG00000013217
cricetulus_griseus_crigri-picr ENSCGRG00015010535
mesocricetus_auratus ENSMAUG00000008015
microtus_ochrogaster ENSMOCG00000011726
peromyscus_maniculatus_bairdii ENSPEMG00000011828
mus_spretus_strain_spret/eij MGP_SPRETEiJ_G0032667
mus_musculus_strain_reference_cl57bl6 ENSMUSG00000031731
mus_spicilegus ENSMSIG00000018117
mus_caroli_strain_caroli_eij MGP_CAROLIEiJ_G0031549
mus_pahari_strain_pahari_eij MGP_PahariEiJ_G0023148
nannospalax_galili ENSNGAG00000001124
jaculus_jaculus ENSJJAG00000022831
castor_canadensis ENSCCNG00000027093
ictidomys_tridecemlineatus ENSSTOG00000015309
marmota_marmota_marmota ENSMMMG00000013614
spermophilus_dauricus ENSSDAG00000024138
urocitellus_parryii ENSUPAG00010014505
heterocephalus_glaber_hetgla_1.0 ENSHGLG00100003764
heterocephalus_glaber_hetgla_female_1.0 ENSHGLG00000014932
fukomys_damarensis ENSFDAG00000011682
cavia_porcellus ENSCPOG00000010912
octodon_degus ENSODEG00000014660
chinchilla_lanigera ENSCLAG00000003945
oryctolagus_cuniculus ENSOCUG00000004412
rhinopithecus_roxellana ENSRROG00000025423
rhinopithecus_bieti ENSRBIG00000018408
piliocolobus_tephrosceles ENSPTEG00000006797
colobus_angolensis_palliatus ENSCANG00000031796
mandrillus_leucophaeus ENSMLEG00000040277
papio_anubis ENSPANG00000016832
theropithecus_gelada ENSTGEG00000011193
macaca_nemestrina ENSMNEG00000034875
macaca_mulatta ENSMMUG00000010878
cercocebus_atys ENSCATG00000039020
chlorocebus_sabaeus ENSCSAG00000004268
macaca_fascicularis ENSMFAG00000037769
nomascus_leucogenys ENSNLEG00000032381
gorilla_gorilla ENSGGOG00000004800
homo_sapiens ENSG00000166747
pan_troglodytes ENSPTRG00000008327
pongo_abelii ENSPPYG00000007524
pan_paniscus ENSPPAG00000031149
aotus_nancymaae ENSANAG00000038192
cebus_capucinus_imitator ENSCCAG00000037984
saimiri_boliviensis_boliviensis ENSSBOG00000025975
callithrix_jacchus ENSCJAG00000015028
carlito_syrichta ENSTSYG00000012088
prolemur_simus ENSPSMG00000006963
microcebus_murinus ENSMICG00000001912
propithecus_coquereli ENSPCOG00000001512
otolemur_garnettii ENSOGAG00000002856
tupaia_belangeri ENSTBEG00000012588
choloepus_hoffmanni ENSCHOG00000006140
dasypus_novemcinctus ENSDNOG00000013960
cavia_aperea ENSCAPG00000013328
loxodonta_africana ENSLAFG00000013842
procavia_capensis ENSPCAG00000014617
echinops_telfairi ENSETEG00000002058
bos_mutus ENSBMUG00000006145
bos_taurus ENSBTAG00000002769
bison_bison_bison ENSBBBG00000017532
ovis_aries ENSOARG00000003833
capra_hircus ENSCHIG00000007110
tursiops_truncatus ENSTTRG00000000162
sus_scrofa ENSSSCG00000002740
vicugna_pacos ENSVPAG00000002912
ursus_maritimus ENSUMAG00000018000
ursus_americanus ENSUAMG00000020420
ailuropoda_melanoleuca ENSAMEG00000002445
mustela_putorius_furo ENSMPUG00000007882
neovison_vison ENSNVIG00000006978
canis_lupus_familiaris ENSCAFG00000020205
canis_lupus_dingo ENSCAFG00020020777
vulpes_vulpes ENSVVUG00000017637
panthera_tigris_altaica ENSPTIG00000021370
panthera_pardus ENSPPRG00000001528
felis_catus ENSFCAG00000028065
equus_asinus_asinus ENSEASG00005013276
equus_caballus ENSECAG00000012874
sorex_araneus ENSSARG00000004714
myotis_lucifugus ENSMLUG00000008732
pteropus_vampyrus ENSPVAG00000010246
dipodomys_ordii ENSDORG00000030095
dasypus_novemcinctus ENSDNOG00000036395
ornithorhynchus_anatinus ENSOANG00000008186
sphenodon_punctatus ENSSPUG00000005274
pogona_vitticeps ENSPVIG00000011318
anolis_carolinensis ENSACAG00000007802
notechis_scutatus ENSNSUG00000020361
salvator_merianae ENSSMRG00000007392
xenopus_tropicalis ENSXETG00000019853
latimeria_chalumnae ENSLACG00000009022
meriones_unguiculatus ENSMUGG00000022510
meriones_unguiculatus ENSMUGG00000022455
scleropages_formosus ENSSFOG00015015385
paramormyrops_kingsleyae ENSPKIG00000009139
scleropages_formosus ENSSFOG00015019363
paramormyrops_kingsleyae ENSPKIG00000023973
seriola_lalandi_dorsalis ENSSLDG00000013534
seriola_dumerili ENSSDUG00000017665
scophthalmus_maximus ENSSMAG00000000204
mastacembelus_armatus ENSMAMG00000021446
anabas_testudineus ENSATEG00000004089
monopterus_albus ENSMALG00000021288
cynoglossus_semilaevis ENSCSEG00000001706
xiphophorus_maculatus ENSXMAG00000005983
xiphophorus_couchianus ENSXCOG00000011326
gambusia_affinis ENSGAFG00000017290
poecilia_formosa ENSPFOG00000024310
poecilia_latipinna ENSPLAG00000010696
poecilia_mexicana ENSPMEG00000021989
poecilia_reticulata ENSPREG00000023220
fundulus_heteroclitus ENSFHEG00000013846
cyprinodon_variegatus ENSCVAG00000000152
kryptolebias_marmoratus ENSKMAG00000007149
oryzias_latipes_asm223471v1 ENSORLG00020009334
oryzias_latipes_asm223467v1 ENSORLG00000007983
oryzias_latipes_asm223469v1 ENSORLG00015007587
oryzias_melastigma ENSOMEG00000001903
maylandia_zebra ENSMZEG00005014021
astatotilapia_calliptera ENSACLG00000002323
pundamilia_nyererei ENSPNYG00000013608
haplochromis_burtoni ENSHBUG00000012877
neolamprologus_brichardi ENSNBRG00000010504
oreochromis_niloticus ENSONIG00000005876
amphilophus_citrinellus ENSACIG00000000958
amphiprion_percula ENSAPEG00000011849
amphiprion_ocellaris ENSAOCG00000024000
acanthochromis_polyacanthus ENSAPOG00000013001
stegastes_partitus ENSSPAG00000005775
tetraodon_nigroviridis ENSTNIG00000009339
takifugu_rubripes ENSTRUG00000017672
mola_mola ENSMMOG00000016511
gasterosteus_aculeatus ENSGACG00000015795
labrus_bergylta ENSLBEG00000025984
periophthalmus_magnuspinnatus ENSPMGG00000006054
periophthalmus_magnuspinnatus ENSPMGG00000006053
hippocampus_comes ENSHCOG00000003280
gadus_morhua ENSGMOG00000015247
esox_lucius ENSELUG00000013947
astyanax_mexicanus ENSAMXG00000017153
pygocentrus_nattereri ENSPNAG00000015079
ictalurus_punctatus ENSIPUG00000005621
danio_rerio ENSDARG00000102394
lepisosteus_oculatus ENSLOCG00000004347
eptatretus_burgeri ENSEBUG00000010200
ciona_savignyi ENSCSAVG00000011443
ciona_intestinalis ENSCING00000008017
drosophila_melanogaster FBgn0030089
caenorhabditis_elegans_strain_n2 WBGene00000158
saccharomyces_cerevisiae_strain_s288c YPR029C
