tetraodon_nigroviridis ENSTNIG00000001978
labrus_bergylta ENSLBEG00000001029
hippocampus_comes ENSHCOG00000013443
takifugu_rubripes ENSTRUG00000011499
tetraodon_nigroviridis ENSTNIG00000016996
anabas_testudineus ENSATEG00000016682
cynoglossus_semilaevis ENSCSEG00000008313
periophthalmus_magnuspinnatus ENSPMGG00000023506
mola_mola ENSMMOG00000019851
tetraodon_nigroviridis ENSTNIG00000002434
haplochromis_burtoni ENSHBUG00000019369
pundamilia_nyererei ENSPNYG00000008883
astatotilapia_calliptera ENSACLG00000020111
maylandia_zebra ENSMZEG00005006369
neolamprologus_brichardi ENSNBRG00000010145
oreochromis_niloticus ENSONIG00000002153
amphilophus_citrinellus ENSACIG00000021730
scophthalmus_maximus ENSSMAG00000012511
seriola_lalandi_dorsalis ENSSLDG00000008995
seriola_dumerili ENSSDUG00000008275
gasterosteus_aculeatus ENSGACG00000005879
mastacembelus_armatus ENSMAMG00000011339
xiphophorus_maculatus ENSXMAG00000002771
xiphophorus_couchianus ENSXCOG00000020167
gambusia_affinis ENSGAFG00000015813
poecilia_formosa ENSPFOG00000005544
poecilia_mexicana ENSPMEG00000019813
poecilia_latipinna ENSPLAG00000004208
poecilia_reticulata ENSPREG00000004498
cyprinodon_variegatus ENSCVAG00000006598
fundulus_heteroclitus ENSFHEG00000023427
kryptolebias_marmoratus ENSKMAG00000002828
oryzias_latipes_asm223467v1 ENSORLG00000003408
oryzias_latipes_asm223469v1 ENSORLG00015011931
oryzias_latipes_asm223471v1 ENSORLG00020001898
oryzias_melastigma ENSOMEG00000014573
amphiprion_percula ENSAPEG00000015222
amphiprion_ocellaris ENSAOCG00000018068
acanthochromis_polyacanthus ENSAPOG00000001674
stegastes_partitus ENSSPAG00000014379
gadus_morhua ENSGMOG00000013986
esox_lucius ENSELUG00000021332
pygocentrus_nattereri ENSPNAG00000004751
astyanax_mexicanus ENSAMXG00000030700
ictalurus_punctatus ENSIPUG00000022576
danio_rerio ENSDARG00000055490
scleropages_formosus ENSSFOG00015011438
paramormyrops_kingsleyae ENSPKIG00000000448
lepisosteus_oculatus ENSLOCG00000007174
notamacropus_eugenii ENSMEUG00000015949
phascolarctos_cinereus ENSPCIG00000000733
sarcophilus_harrisii ENSSHAG00000017474
monodelphis_domestica ENSMODG00000012753
myotis_lucifugus ENSMLUG00000002630
pteropus_vampyrus ENSPVAG00000008774
ursus_americanus ENSUAMG00000007178
ursus_maritimus ENSUMAG00000012497
ailuropoda_melanoleuca ENSAMEG00000004520
neovison_vison ENSNVIG00000015114
mustela_putorius_furo ENSMPUG00000006502
canis_lupus_familiaris ENSCAFG00000002494
canis_lupus_dingo ENSCAFG00020018705
vulpes_vulpes ENSVVUG00000019510
panthera_tigris_altaica ENSPTIG00000018132
panthera_pardus ENSPPRG00000005968
felis_catus ENSFCAG00000008831
vicugna_pacos ENSVPAG00000010401
sus_scrofa ENSSSCG00000005379
capra_hircus ENSCHIG00000013053
ovis_aries ENSOARG00000011045
bos_mutus ENSBMUG00000003239
bos_taurus ENSBTAG00000009037
bison_bison_bison ENSBBBG00000004916
tursiops_truncatus ENSTTRG00000010848
equus_asinus_asinus ENSEASG00005022849
equus_caballus ENSECAG00000016546
pan_paniscus ENSPPAG00000033671
pan_troglodytes ENSPTRG00000021180
homo_sapiens ENSG00000119514
gorilla_gorilla ENSGGOG00000005792
pongo_abelii ENSPPYG00000019437
nomascus_leucogenys ENSNLEG00000017019
mandrillus_leucophaeus ENSMLEG00000028834
theropithecus_gelada ENSTGEG00000002851
papio_anubis ENSPANG00000025653
cercocebus_atys ENSCATG00000038040
macaca_mulatta ENSMMUG00000019561
macaca_nemestrina ENSMNEG00000036584
macaca_fascicularis ENSMFAG00000037688
chlorocebus_sabaeus ENSCSAG00000011050
piliocolobus_tephrosceles ENSPTEG00000026017
colobus_angolensis_palliatus ENSCANG00000030582
rhinopithecus_roxellana ENSRROG00000028986
rhinopithecus_bieti ENSRBIG00000034714
cebus_capucinus_imitator ENSCCAG00000036262
saimiri_boliviensis_boliviensis ENSSBOG00000021414
callithrix_jacchus ENSCJAG00000011172
aotus_nancymaae ENSANAG00000021112
aotus_nancymaae ENSANAG00000034189
carlito_syrichta ENSTSYG00000004975
prolemur_simus ENSPSMG00000023551
propithecus_coquereli ENSPCOG00000022046
microcebus_murinus ENSMICG00000011075
otolemur_garnettii ENSOGAG00000001408
tupaia_belangeri ENSTBEG00000003627
chinchilla_lanigera ENSCLAG00000016157
octodon_degus ENSODEG00000003074
cavia_aperea ENSCAPG00000017184
cavia_porcellus ENSCPOG00000012418
heterocephalus_glaber_hetgla_1.0 ENSHGLG00100014850
heterocephalus_glaber_hetgla_female_1.0 ENSHGLG00000002782
fukomys_damarensis ENSFDAG00000004571
urocitellus_parryii ENSUPAG00010016036
ictidomys_tridecemlineatus ENSSTOG00000021306
spermophilus_dauricus ENSSDAG00000019594
marmota_marmota_marmota ENSMMMG00000004818
castor_canadensis ENSCCNG00000021203
dipodomys_ordii ENSDORG00000000349
mus_spicilegus ENSMSIG00000021058
mus_spretus_strain_spret/eij MGP_SPRETEiJ_G0026957
mus_musculus_strain_reference_cl57bl6 ENSMUSG00000039774
mus_caroli_strain_caroli_eij MGP_CAROLIEiJ_G0025994
mus_pahari_strain_pahari_eij MGP_PahariEiJ_G0028330
rattus_norvegicus ENSRNOG00000008099
meriones_unguiculatus ENSMUGG00000006936
cricetulus_griseus_crigri_1.0 ENSCGRG00000004780
cricetulus_griseus_chok1gs_hdv1 ENSCGRG00001021772
cricetulus_griseus_crigri-picr ENSCGRG00015027927
mesocricetus_auratus ENSMAUG00000011660
peromyscus_maniculatus_bairdii ENSPEMG00000004388
microtus_ochrogaster ENSMOCG00000010861
nannospalax_galili ENSNGAG00000015979
nannospalax_galili ENSNGAG00000004693
jaculus_jaculus ENSJJAG00000008989
loxodonta_africana ENSLAFG00000022011
procavia_capensis ENSPCAG00000005068
echinops_telfairi ENSETEG00000002292
ochotona_princeps ENSOPRG00000006029
oryctolagus_cuniculus ENSOCUG00000016221
dasypus_novemcinctus ENSDNOG00000000048
erinaceus_europaeus ENSEEUG00000004983
sorex_araneus ENSSARG00000008182
ornithorhynchus_anatinus ENSOANG00000014875
chelonoidis_abingdonii ENSCABG00000006487
gopherus_agassizii ENSGAGG00000017887
chrysemys_picta_bellii ENSCPBG00000000429
pelodiscus_sinensis ENSPSIG00000017246
crocodylus_porosus ENSCPRG00005014054
pogona_vitticeps ENSPVIG00000016327
anolis_carolinensis ENSACAG00000002302
notechis_scutatus ENSNSUG00000007851
salvator_merianae ENSSMRG00000015160
sphenodon_punctatus ENSSPUG00000014002
apteryx_owenii ENSAOWG00000004641
apteryx_rowi ENSARWG00000012180
apteryx_haastii ENSAHAG00000004950
dromaius_novaehollandiae ENSDNVG00000012612
nothoprocta_perdicaria ENSNPEG00000011002
anser_brachyrhynchus ENSABRG00000003830
anas_platyrhynchos_platyrhynchos ENSAPLG00000012197
gallus_gallus ENSGALG00000013197
coturnix_japonica ENSCJPG00005014792
meleagris_gallopavo ENSMGAG00000007244
numida_meleagris ENSNMEG00000009084
serinus_canaria ENSSCAG00000006835
ficedula_albicollis ENSFALG00000005188
junco_hyemalis ENSJHYG00000013824
taeniopygia_guttata ENSTGUG00000008525
lonchura_striata_domestica ENSLSDG00000017098
zonotrichia_albicollis ENSZALG00000002182
parus_major ENSPMJG00000013925
cyanistes_caeruleus ENSCCEG00000013976
manacus_vitellinus ENSMVIG00005003153
lepidothrix_coronata ENSLCOG00000010985
calidris_pygmaea ENSCPGG00000002239
calidris_pugnax ENSCPUG00000005783
melopsittacus_undulatus ENSMUNG00000002544
xenopus_tropicalis ENSXETG00000027025
latimeria_chalumnae ENSLACG00000011500
petromyzon_marinus ENSPMAG00000001335
eptatretus_burgeri ENSEBUG00000006956
