seriola_lalandi_dorsalis ENSSLDG00000021041
seriola_dumerili ENSSDUG00000001449
mastacembelus_armatus ENSMAMG00000012548
gadus_morhua ENSGMOG00000020572
gadus_morhua ENSGMOG00000003898
scleropages_formosus ENSSFOG00015023313
amphiprion_ocellaris ENSAOCG00000017399
amphiprion_percula ENSAPEG00000001659
poecilia_mexicana ENSPMEG00000004289
poecilia_reticulata ENSPREG00000007559
poecilia_formosa ENSPFOG00000000015
poecilia_latipinna ENSPLAG00000023487
xiphophorus_couchianus ENSXCOG00000006578
xiphophorus_maculatus ENSXMAG00000026695
seriola_lalandi_dorsalis ENSSLDG00000007268
seriola_dumerili ENSSDUG00000001621
esox_lucius ENSELUG00000011134
esox_lucius ENSELUG00000013559
esox_lucius ENSELUG00000010857
esox_lucius ENSELUG00000005181
astyanax_mexicanus ENSAMXG00000029585
pygocentrus_nattereri ENSPNAG00000021951
seriola_lalandi_dorsalis ENSSLDG00000012736
seriola_dumerili ENSSDUG00000013897
anabas_testudineus ENSATEG00000015640
seriola_lalandi_dorsalis ENSSLDG00000010271
esox_lucius ENSELUG00000000899
pygocentrus_nattereri ENSPNAG00000008339
pygocentrus_nattereri ENSPNAG00000001623
astyanax_mexicanus ENSAMXG00000007123
pygocentrus_nattereri ENSPNAG00000000877
astyanax_mexicanus ENSAMXG00000006950
astyanax_mexicanus ENSAMXG00000039013
astyanax_mexicanus ENSAMXG00000007118
astyanax_mexicanus ENSAMXG00000041165
pygocentrus_nattereri ENSPNAG00000008326
xiphophorus_maculatus ENSXMAG00000018840
xiphophorus_couchianus ENSXCOG00000006664
fundulus_heteroclitus ENSFHEG00000004024
cyprinodon_variegatus ENSCVAG00000007503
poecilia_mexicana ENSPMEG00000023100
poecilia_mexicana ENSPMEG00000006691
poecilia_formosa ENSPFOG00000005140
poecilia_formosa ENSPFOG00000023274
poecilia_latipinna ENSPLAG00000020309
poecilia_reticulata ENSPREG00000014852
gambusia_affinis ENSGAFG00000009341
amphiprion_percula ENSAPEG00000023558
amphiprion_ocellaris ENSAOCG00000001621
acanthochromis_polyacanthus ENSAPOG00000022255
stegastes_partitus ENSSPAG00000020941
periophthalmus_magnuspinnatus ENSPMGG00000015331
seriola_lalandi_dorsalis ENSSLDG00000000125
seriola_dumerili ENSSDUG00000013218
mola_mola ENSMMOG00000010965
mola_mola ENSMMOG00000010969
tetraodon_nigroviridis ENSTNIG00000000974
tetraodon_nigroviridis ENSTNIG00000016155
takifugu_rubripes ENSTRUG00000014339
tetraodon_nigroviridis ENSTNIG00000013066
takifugu_rubripes ENSTRUG00000009334
mola_mola ENSMMOG00000002651
gasterosteus_aculeatus ENSGACG00000020509
gasterosteus_aculeatus ENSGACG00000020510
esox_lucius ENSELUG00000005735
scophthalmus_maximus ENSSMAG00000002211
cynoglossus_semilaevis ENSCSEG00000012167
labrus_bergylta ENSLBEG00000024465
astatotilapia_calliptera ENSACLG00000016408
pundamilia_nyererei ENSPNYG00000008861
haplochromis_burtoni ENSHBUG00000005328
oreochromis_niloticus ENSONIG00000011744
mastacembelus_armatus ENSMAMG00000005859
xiphophorus_maculatus ENSXMAG00000018489
gambusia_affinis ENSGAFG00000011715
poecilia_reticulata ENSPREG00000004729
poecilia_formosa ENSPFOG00000008032
fundulus_heteroclitus ENSFHEG00000005917
kryptolebias_marmoratus ENSKMAG00000007504
oryzias_latipes_asm223471v1 ENSORLG00020001583
oryzias_latipes_asm223467v1 ENSORLG00000025253
oryzias_latipes_asm223469v1 ENSORLG00015021552
oryzias_melastigma ENSOMEG00000020475
stegastes_partitus ENSSPAG00000004182
acanthochromis_polyacanthus ENSAPOG00000019172
seriola_dumerili ENSSDUG00000018987
seriola_lalandi_dorsalis ENSSLDG00000010653
mola_mola ENSMMOG00000020254
anabas_testudineus ENSATEG00000014087
anabas_testudineus ENSATEG00000014240
hippocampus_comes ENSHCOG00000021130
periophthalmus_magnuspinnatus ENSPMGG00000004092
gadus_morhua ENSGMOG00000007721
xiphophorus_couchianus ENSXCOG00000019723
xiphophorus_maculatus ENSXMAG00000024485
fundulus_heteroclitus ENSFHEG00000005402
oryzias_latipes_asm223467v1 ENSORLG00000027482
oryzias_latipes_asm223471v1 ENSORLG00020006816
oryzias_latipes_asm223469v1 ENSORLG00015002005
oryzias_melastigma ENSOMEG00000013769
oryzias_latipes_asm223469v1 ENSORLG00015001968
oryzias_latipes_asm223469v1 ENSORLG00015001980
oryzias_latipes_asm223469v1 ENSORLG00015001994
oryzias_melastigma ENSOMEG00000013781
fundulus_heteroclitus ENSFHEG00000019337
anabas_testudineus ENSATEG00000005487
esox_lucius ENSELUG00000008226
esox_lucius ENSELUG00000008206
esox_lucius ENSELUG00000008194
pygocentrus_nattereri ENSPNAG00000018541
pygocentrus_nattereri ENSPNAG00000023879
pygocentrus_nattereri ENSPNAG00000026601
pygocentrus_nattereri ENSPNAG00000023864
pygocentrus_nattereri ENSPNAG00000003800
pygocentrus_nattereri ENSPNAG00000023763
pygocentrus_nattereri ENSPNAG00000023928
pygocentrus_nattereri ENSPNAG00000026573
astyanax_mexicanus ENSAMXG00000010048
astyanax_mexicanus ENSAMXG00000013876
pygocentrus_nattereri ENSPNAG00000028539
ictalurus_punctatus ENSIPUG00000007960
danio_rerio ENSDARG00000088911
amphiprion_ocellaris ENSAOCG00000017447
amphiprion_percula ENSAPEG00000001591
acanthochromis_polyacanthus ENSAPOG00000021702
takifugu_rubripes ENSTRUG00000023202
oreochromis_niloticus ENSONIG00000007867
seriola_dumerili ENSSDUG00000000685
seriola_lalandi_dorsalis ENSSLDG00000011108
monopterus_albus ENSMALG00000021762
mola_mola ENSMMOG00000017185
esox_lucius ENSELUG00000021469
esox_lucius ENSELUG00000021180
scleropages_formosus ENSSFOG00015013096
scleropages_formosus ENSSFOG00015013084
esox_lucius ENSELUG00000018301
esox_lucius ENSELUG00000004806
pygocentrus_nattereri ENSPNAG00000010584
astyanax_mexicanus ENSAMXG00000009106
danio_rerio ENSDARG00000035718
danio_rerio ENSDARG00000088625
danio_rerio ENSDARG00000019294
labrus_bergylta ENSLBEG00000002393
labrus_bergylta ENSLBEG00000002375
labrus_bergylta ENSLBEG00000002330
labrus_bergylta ENSLBEG00000002425
labrus_bergylta ENSLBEG00000002338
labrus_bergylta ENSLBEG00000002418
labrus_bergylta ENSLBEG00000002401
maylandia_zebra ENSMZEG00005014309
haplochromis_burtoni ENSHBUG00000007973
astatotilapia_calliptera ENSACLG00000000112
oreochromis_niloticus ENSONIG00000007831
maylandia_zebra ENSMZEG00005014302
astatotilapia_calliptera ENSACLG00000000093
haplochromis_burtoni ENSHBUG00000010431
maylandia_zebra ENSMZEG00005013331
astatotilapia_calliptera ENSACLG00000020599
maylandia_zebra ENSMZEG00005020997
pundamilia_nyererei ENSPNYG00000020488
oreochromis_niloticus ENSONIG00000007830
maylandia_zebra ENSMZEG00005025601
astatotilapia_calliptera ENSACLG00000000356
astatotilapia_calliptera ENSACLG00000000301
pundamilia_nyererei ENSPNYG00000021287
oreochromis_niloticus ENSONIG00000007837
amphiprion_ocellaris ENSAOCG00000004081
amphiprion_percula ENSAPEG00000000400
acanthochromis_polyacanthus ENSAPOG00000017308
amphiprion_ocellaris ENSAOCG00000004074
acanthochromis_polyacanthus ENSAPOG00000017236
amphiprion_ocellaris ENSAOCG00000004065
amphiprion_percula ENSAPEG00000000465
acanthochromis_polyacanthus ENSAPOG00000017217
stegastes_partitus ENSSPAG00000012945
stegastes_partitus ENSSPAG00000012818
anabas_testudineus ENSATEG00000012235
anabas_testudineus ENSATEG00000012263
anabas_testudineus ENSATEG00000012309
seriola_lalandi_dorsalis ENSSLDG00000008950
seriola_lalandi_dorsalis ENSSLDG00000008987
seriola_dumerili ENSSDUG00000014028
seriola_dumerili ENSSDUG00000014054
seriola_dumerili ENSSDUG00000014009
seriola_dumerili ENSSDUG00000014210
poecilia_mexicana ENSPMEG00000009454
poecilia_formosa ENSPFOG00000015074
gambusia_affinis ENSGAFG00000004348
poecilia_latipinna ENSPLAG00000006583
poecilia_latipinna ENSPLAG00000006592
poecilia_formosa ENSPFOG00000023183
maylandia_zebra ENSMZEG00005021027
maylandia_zebra ENSMZEG00005014289
pundamilia_nyererei ENSPNYG00000020557
neolamprologus_brichardi ENSNBRG00000011315
monopterus_albus ENSMALG00000007239
mastacembelus_armatus ENSMAMG00000011878
cynoglossus_semilaevis ENSCSEG00000017347
anabas_testudineus ENSATEG00000012230
anabas_testudineus ENSATEG00000012247
anabas_testudineus ENSATEG00000012218
labrus_bergylta ENSLBEG00000002412
labrus_bergylta ENSLBEG00000002349
takifugu_rubripes ENSTRUG00000021978
tetraodon_nigroviridis ENSTNIG00000003681
cyprinodon_variegatus ENSCVAG00000014317
cyprinodon_variegatus ENSCVAG00000014307
cyprinodon_variegatus ENSCVAG00000014289
cyprinodon_variegatus ENSCVAG00000014334
fundulus_heteroclitus ENSFHEG00000000868
poecilia_latipinna ENSPLAG00000006686
poecilia_mexicana ENSPMEG00000009651
poecilia_formosa ENSPFOG00000015034
poecilia_reticulata ENSPREG00000020760
xiphophorus_maculatus ENSXMAG00000027477
xiphophorus_maculatus ENSXMAG00000029600
xiphophorus_maculatus ENSXMAG00000022339
xiphophorus_maculatus ENSXMAG00000025927
xiphophorus_maculatus ENSXMAG00000023418
xiphophorus_couchianus ENSXCOG00000006133
xiphophorus_maculatus ENSXMAG00000021965
xiphophorus_maculatus ENSXMAG00000027786
xiphophorus_maculatus ENSXMAG00000029732
gambusia_affinis ENSGAFG00000004234
kryptolebias_marmoratus ENSKMAG00000010729
poecilia_formosa ENSPFOG00000015054
poecilia_latipinna ENSPLAG00000006597
poecilia_reticulata ENSPREG00000020659
poecilia_formosa ENSPFOG00000015038
poecilia_mexicana ENSPMEG00000009547
poecilia_formosa ENSPFOG00000015052
poecilia_latipinna ENSPLAG00000006627
poecilia_reticulata ENSPREG00000020600
xiphophorus_maculatus ENSXMAG00000004116
xiphophorus_couchianus ENSXCOG00000006182
poecilia_latipinna ENSPLAG00000019005
poecilia_formosa ENSPFOG00000024109
poecilia_mexicana ENSPMEG00000009613
poecilia_formosa ENSPFOG00000023648
poecilia_mexicana ENSPMEG00000009523
poecilia_reticulata ENSPREG00000020729
poecilia_latipinna ENSPLAG00000000143
poecilia_mexicana ENSPMEG00000009585
poecilia_formosa ENSPFOG00000015037
xiphophorus_maculatus ENSXMAG00000028743
poecilia_mexicana ENSPMEG00000009636
poecilia_latipinna ENSPLAG00000006674
poecilia_reticulata ENSPREG00000020583
xiphophorus_maculatus ENSXMAG00000021986
xiphophorus_maculatus ENSXMAG00000028215
gambusia_affinis ENSGAFG00000004299
cyprinodon_variegatus ENSCVAG00000009578
cyprinodon_variegatus ENSCVAG00000011850
oryzias_latipes_asm223469v1 ENSORLG00015018739
oryzias_latipes_asm223467v1 ENSORLG00000026388
oryzias_latipes_asm223471v1 ENSORLG00020017859
oryzias_latipes_asm223467v1 ENSORLG00000023627
oryzias_latipes_asm223469v1 ENSORLG00015018726
oryzias_melastigma ENSOMEG00000021780
oryzias_latipes_asm223467v1 ENSORLG00000024630
oryzias_latipes_asm223469v1 ENSORLG00015019932
oryzias_latipes_asm223471v1 ENSORLG00020018367
oryzias_latipes_asm223471v1 ENSORLG00020018347
oryzias_latipes_asm223469v1 ENSORLG00015019949
oryzias_latipes_asm223467v1 ENSORLG00000026481
oryzias_latipes_asm223471v1 ENSORLG00020018402
oryzias_melastigma ENSOMEG00000020380
oryzias_melastigma ENSOMEG00000017050
esox_lucius ENSELUG00000011387
pygocentrus_nattereri ENSPNAG00000010490
astyanax_mexicanus ENSAMXG00000039154
astyanax_mexicanus ENSAMXG00000036963
poecilia_latipinna ENSPLAG00000002800
poecilia_latipinna ENSPLAG00000003040
xiphophorus_couchianus ENSXCOG00000009211
poecilia_reticulata ENSPREG00000022946
gambusia_affinis ENSGAFG00000019187
cyprinodon_variegatus ENSCVAG00000007617
cyprinodon_variegatus ENSCVAG00000007627
cyprinodon_variegatus ENSCVAG00000007660
gambusia_affinis ENSGAFG00000019185
maylandia_zebra ENSMZEG00005024674
labrus_bergylta ENSLBEG00000020046
labrus_bergylta ENSLBEG00000016152
amphiprion_ocellaris ENSAOCG00000015752
amphiprion_percula ENSAPEG00000024322
stegastes_partitus ENSSPAG00000013555
scophthalmus_maximus ENSSMAG00000000391
mola_mola ENSMMOG00000019034
amphiprion_ocellaris ENSAOCG00000015784
amphiprion_percula ENSAPEG00000024313
stegastes_partitus ENSSPAG00000013550
tetraodon_nigroviridis ENSTNIG00000001512
amphiprion_percula ENSAPEG00000024319
amphiprion_ocellaris ENSAOCG00000015769
acanthochromis_polyacanthus ENSAPOG00000014850
gasterosteus_aculeatus ENSGACG00000005984
cynoglossus_semilaevis ENSCSEG00000014674
mastacembelus_armatus ENSMAMG00000013381
monopterus_albus ENSMALG00000019595
seriola_dumerili ENSSDUG00000012303
anabas_testudineus ENSATEG00000022396
scophthalmus_maximus ENSSMAG00000000399
poecilia_mexicana ENSPMEG00000011352
poecilia_formosa ENSPFOG00000007999
poecilia_latipinna ENSPLAG00000011288
poecilia_reticulata ENSPREG00000007689
xiphophorus_couchianus ENSXCOG00000002140
xiphophorus_maculatus ENSXMAG00000023869
gambusia_affinis ENSGAFG00000013711
cyprinodon_variegatus ENSCVAG00000016121
fundulus_heteroclitus ENSFHEG00000016666
oryzias_latipes_asm223471v1 ENSORLG00020006146
oryzias_latipes_asm223469v1 ENSORLG00015011431
oryzias_latipes_asm223467v1 ENSORLG00000015708
oryzias_melastigma ENSOMEG00000006518
haplochromis_burtoni ENSHBUG00000023068
maylandia_zebra ENSMZEG00005005778
astatotilapia_calliptera ENSACLG00000011277
cynoglossus_semilaevis ENSCSEG00000014679
takifugu_rubripes ENSTRUG00000020564
periophthalmus_magnuspinnatus ENSPMGG00000003856
seriola_lalandi_dorsalis ENSSLDG00000008252
seriola_dumerili ENSSDUG00000012284
labrus_bergylta ENSLBEG00000012238
poecilia_formosa ENSPFOG00000008008
poecilia_mexicana ENSPMEG00000011335
poecilia_latipinna ENSPLAG00000011275
poecilia_reticulata ENSPREG00000007678
xiphophorus_maculatus ENSXMAG00000002847
xiphophorus_couchianus ENSXCOG00000002142
gambusia_affinis ENSGAFG00000013705
cyprinodon_variegatus ENSCVAG00000016125
fundulus_heteroclitus ENSFHEG00000016676
kryptolebias_marmoratus ENSKMAG00000021704
maylandia_zebra ENSMZEG00005005767
astatotilapia_calliptera ENSACLG00000011280
haplochromis_burtoni ENSHBUG00000023107
pundamilia_nyererei ENSPNYG00000004328
neolamprologus_brichardi ENSNBRG00000001177
oreochromis_niloticus ENSONIG00000016671
amphilophus_citrinellus ENSACIG00000012617
seriola_lalandi_dorsalis ENSSLDG00000008266
seriola_dumerili ENSSDUG00000012296
labrus_bergylta ENSLBEG00000012247
mastacembelus_armatus ENSMAMG00000013375
monopterus_albus ENSMALG00000019601
anabas_testudineus ENSATEG00000022385
oryzias_latipes_asm223469v1 ENSORLG00015011349
oryzias_latipes_asm223469v1 ENSORLG00015011443
oryzias_latipes_asm223467v1 ENSORLG00000015707
oryzias_latipes_asm223471v1 ENSORLG00020006167
oryzias_melastigma ENSOMEG00000006534
scophthalmus_maximus ENSSMAG00000000397
gadus_morhua ENSGMOG00000020021
esox_lucius ENSELUG00000008847
astyanax_mexicanus ENSAMXG00000010161
pygocentrus_nattereri ENSPNAG00000011358
ictalurus_punctatus ENSIPUG00000020759
danio_rerio ENSDARG00000087476
scleropages_formosus ENSSFOG00015016323
lepisosteus_oculatus ENSLOCG00000006352
danio_rerio ENSDARG00000100476
labrus_bergylta ENSLBEG00000012267
latimeria_chalumnae ENSLACG00000018720
labrus_bergylta ENSLBEG00000012822
mola_mola ENSMMOG00000021646
scophthalmus_maximus ENSSMAG00000018487
cynoglossus_semilaevis ENSCSEG00000012348
seriola_dumerili ENSSDUG00000011193
seriola_lalandi_dorsalis ENSSLDG00000001006
amphiprion_percula ENSAPEG00000004133
amphiprion_ocellaris ENSAOCG00000004320
stegastes_partitus ENSSPAG00000015637
periophthalmus_magnuspinnatus ENSPMGG00000002401
gadus_morhua ENSGMOG00000019501
esox_lucius ENSELUG00000008861
labrus_bergylta ENSLBEG00000012287
tetraodon_nigroviridis ENSTNIG00000000567
astatotilapia_calliptera ENSACLG00000011275
maylandia_zebra ENSMZEG00005005788
haplochromis_burtoni ENSHBUG00000023057
pundamilia_nyererei ENSPNYG00000004340
neolamprologus_brichardi ENSNBRG00000001157
amphilophus_citrinellus ENSACIG00000012601
poecilia_formosa ENSPFOG00000022003
poecilia_mexicana ENSPMEG00000011378
poecilia_latipinna ENSPLAG00000011313
poecilia_reticulata ENSPREG00000007663
gambusia_affinis ENSGAFG00000013717
xiphophorus_maculatus ENSXMAG00000002848
fundulus_heteroclitus ENSFHEG00000016659
cyprinodon_variegatus ENSCVAG00000000411
kryptolebias_marmoratus ENSKMAG00000021700
oryzias_latipes_asm223471v1 ENSORLG00020006132
oryzias_latipes_asm223469v1 ENSORLG00015011337
oryzias_latipes_asm223467v1 ENSORLG00000021874
oryzias_melastigma ENSOMEG00000006497
amphiprion_percula ENSAPEG00000024306
amphiprion_ocellaris ENSAOCG00000015815
acanthochromis_polyacanthus ENSAPOG00000014891
stegastes_partitus ENSSPAG00000013537
seriola_dumerili ENSSDUG00000012318
seriola_lalandi_dorsalis ENSSLDG00000008273
scophthalmus_maximus ENSSMAG00000000400
mastacembelus_armatus ENSMAMG00000013392
monopterus_albus ENSMALG00000019581
anabas_testudineus ENSATEG00000022401
pygocentrus_nattereri ENSPNAG00000001692
astyanax_mexicanus ENSAMXG00000041838
ictalurus_punctatus ENSIPUG00000020763
danio_rerio ENSDARG00000090969
paramormyrops_kingsleyae ENSPKIG00000008925
scleropages_formosus ENSSFOG00015016307
lepisosteus_oculatus ENSLOCG00000006332
latimeria_chalumnae ENSLACG00000018712
