phascolarctos_cinereus ENSPCIG00000020901
notamacropus_eugenii ENSMEUG00000003502
monodelphis_domestica ENSMODG00000020418
sarcophilus_harrisii ENSSHAG00000016237
propithecus_coquereli ENSPCOG00000004422
microcebus_murinus ENSMICG00000002267
prolemur_simus ENSPSMG00000008704
otolemur_garnettii ENSOGAG00000014257
rhinopithecus_bieti ENSRBIG00000010997
rhinopithecus_roxellana ENSRROG00000036602
piliocolobus_tephrosceles ENSPTEG00000027147
chlorocebus_sabaeus ENSCSAG00000017189
macaca_nemestrina ENSMNEG00000040145
macaca_fascicularis ENSMFAG00000045311
macaca_mulatta ENSMMUG00000013957
cercocebus_atys ENSCATG00000040208
papio_anubis ENSPANG00000014158
theropithecus_gelada ENSTGEG00000004446
mandrillus_leucophaeus ENSMLEG00000028536
colobus_angolensis_palliatus ENSCANG00000023952
pan_troglodytes ENSPTRG00000016768
pan_paniscus ENSPPAG00000030869
homo_sapiens ENSG00000113384
gorilla_gorilla ENSGGOG00000027544
pongo_abelii ENSPPYG00000015373
nomascus_leucogenys ENSNLEG00000028554
saimiri_boliviensis_boliviensis ENSSBOG00000027748
cebus_capucinus_imitator ENSCCAG00000030360
callithrix_jacchus ENSCJAG00000043003
aotus_nancymaae ENSANAG00000004528
myotis_lucifugus ENSMLUG00000007410
pteropus_vampyrus ENSPVAG00000004773
erinaceus_europaeus ENSEEUG00000002510
equus_caballus ENSECAG00000006321
equus_asinus_asinus ENSEASG00005007118
loxodonta_africana ENSLAFG00000007155
canis_lupus_dingo ENSCAFG00020017289
canis_lupus_dingo ENSCAFG00020017280
canis_lupus_familiaris ENSCAFG00000018917
vulpes_vulpes ENSVVUG00000022183
vulpes_vulpes ENSVVUG00000022200
mustela_putorius_furo ENSMPUG00000015221
neovison_vison ENSNVIG00000004493
neovison_vison ENSNVIG00000004457
ursus_americanus ENSUAMG00000017221
ursus_maritimus ENSUMAG00000013902
ailuropoda_melanoleuca ENSAMEG00000006127
panthera_pardus ENSPPRG00000004427
felis_catus ENSFCAG00000043555
panthera_tigris_altaica ENSPTIG00000013492
felis_catus ENSFCAG00000037710
ovis_aries ENSOARG00000012312
capra_hircus ENSCHIG00000003544
bison_bison_bison ENSBBBG00000000261
bos_mutus ENSBMUG00000012710
bison_bison_bison ENSBBBG00000022130
bison_bison_bison ENSBBBG00000022156
bos_mutus ENSBMUG00000012666
bos_taurus ENSBTAG00000032848
tursiops_truncatus ENSTTRG00000006295
sus_scrofa ENSSSCG00000038326
sus_scrofa ENSSSCG00000031705
vicugna_pacos ENSVPAG00000008071
sorex_araneus ENSSARG00000011978
procavia_capensis ENSPCAG00000005436
echinops_telfairi ENSETEG00000018227
cavia_aperea ENSCAPG00000015359
chinchilla_lanigera ENSCLAG00000008270
octodon_degus ENSODEG00000001746
cavia_porcellus ENSCPOG00000036449
heterocephalus_glaber_hetgla_female_1.0 ENSHGLG00000003685
heterocephalus_glaber_hetgla_1.0 ENSHGLG00100013098
urocitellus_parryii ENSUPAG00010002022
urocitellus_parryii ENSUPAG00010007667
ictidomys_tridecemlineatus ENSSTOG00000015877
mus_musculus_strain_reference_cl57bl6 ENSMUSG00000022200
mus_spicilegus ENSMSIG00000014371
mus_spretus_strain_spret/eij MGP_SPRETEiJ_G0020577
mus_caroli_strain_caroli_eij MGP_CAROLIEiJ_G0019684
mus_pahari_strain_pahari_eij MGP_PahariEiJ_G0016060
rattus_norvegicus ENSRNOG00000012186
meriones_unguiculatus ENSMUGG00000002143
peromyscus_maniculatus_bairdii ENSPEMG00000028341
microtus_ochrogaster ENSMOCG00000003188
cricetulus_griseus_chok1gs_hdv1 ENSCGRG00001006205
cricetulus_griseus_crigri-picr ENSCGRG00015015818
mesocricetus_auratus ENSMAUG00000013910
nannospalax_galili ENSNGAG00000017489
jaculus_jaculus ENSJJAG00000020400
jaculus_jaculus ENSJJAG00000010870
dipodomys_ordii ENSDORG00000009431
castor_canadensis ENSCCNG00000018160
spermophilus_dauricus ENSSDAG00000001847
marmota_marmota_marmota ENSMMMG00000003651
fukomys_damarensis ENSFDAG00000001885
cricetulus_griseus_crigri_1.0 ENSCGRG00000000709
oryctolagus_cuniculus ENSOCUG00000011535
ochotona_princeps ENSOPRG00000014136
tupaia_belangeri ENSTBEG00000009923
carlito_syrichta ENSTSYG00000004196
choloepus_hoffmanni ENSCHOG00000007566
dasypus_novemcinctus ENSDNOG00000046225
ornithorhynchus_anatinus ENSOANG00000010930
anolis_carolinensis ENSACAG00000007801
pogona_vitticeps ENSPVIG00000002805
notechis_scutatus ENSNSUG00000014621
salvator_merianae ENSSMRG00000016431
sphenodon_punctatus ENSSPUG00000016761
gopherus_agassizii ENSGAGG00000012908
chelonoidis_abingdonii ENSCABG00000009478
chrysemys_picta_bellii ENSCPBG00000024207
pelodiscus_sinensis ENSPSIG00000006211
crocodylus_porosus ENSCPRG00005015594
anser_brachyrhynchus ENSABRG00000016917
anas_platyrhynchos_platyrhynchos ENSAPLG00000024212
gallus_gallus ENSGALG00000028267
coturnix_japonica ENSCJPG00005006554
numida_meleagris ENSNMEG00000000449
gallus_gallus ENSGALG00000030382
calidris_pygmaea ENSCPGG00000008008
calidris_pugnax ENSCPUG00000018400
melopsittacus_undulatus ENSMUNG00000014331
serinus_canaria ENSSCAG00000007645
calidris_pygmaea ENSCPGG00000003366
meleagris_gallopavo ENSMGAG00000002832
apteryx_haastii ENSAHAG00000015409
apteryx_rowi ENSARWG00000012957
apteryx_owenii ENSAOWG00000007204
dromaius_novaehollandiae ENSDNVG00000013553
lonchura_striata_domestica ENSLSDG00000014561
taeniopygia_guttata ENSTGUG00000001905
serinus_canaria ENSSCAG00000001868
zonotrichia_albicollis ENSZALG00000007617
parus_major ENSPMJG00000015762
cyanistes_caeruleus ENSCCEG00000010259
ficedula_albicollis ENSFALG00000002160
manacus_vitellinus ENSMVIG00005010382
lepidothrix_coronata ENSLCOG00000006988
nothoprocta_perdicaria ENSNPEG00000002520
latimeria_chalumnae ENSLACG00000002442
scleropages_formosus ENSSFOG00015017376
paramormyrops_kingsleyae ENSPKIG00000017881
pygocentrus_nattereri ENSPNAG00000003890
astyanax_mexicanus ENSAMXG00000018844
ictalurus_punctatus ENSIPUG00000008286
danio_rerio ENSDARG00000052851
esox_lucius ENSELUG00000022827
scophthalmus_maximus ENSSMAG00000007799
cynoglossus_semilaevis ENSCSEG00000000985
fundulus_heteroclitus ENSFHEG00000022723
cyprinodon_variegatus ENSCVAG00000000608
xiphophorus_maculatus ENSXMAG00000021187
xiphophorus_couchianus ENSXCOG00000001839
gambusia_affinis ENSGAFG00000012539
poecilia_mexicana ENSPMEG00000010421
poecilia_formosa ENSPFOG00000013093
poecilia_latipinna ENSPLAG00000023692
poecilia_reticulata ENSPREG00000002993
tetraodon_nigroviridis ENSTNIG00000007550
takifugu_rubripes ENSTRUG00000001254
oryzias_latipes_asm223471v1 ENSORLG00020008321
oryzias_latipes_asm223467v1 ENSORLG00000004559
oryzias_latipes_asm223469v1 ENSORLG00015000854
oryzias_melastigma ENSOMEG00000010805
kryptolebias_marmoratus ENSKMAG00000012433
astatotilapia_calliptera ENSACLG00000001762
maylandia_zebra ENSMZEG00005000677
haplochromis_burtoni ENSHBUG00000006401
pundamilia_nyererei ENSPNYG00000006029
neolamprologus_brichardi ENSNBRG00000011518
oreochromis_niloticus ENSONIG00000007577
amphilophus_citrinellus ENSACIG00000014976
gasterosteus_aculeatus ENSGACG00000016233
mola_mola ENSMMOG00000002483
monopterus_albus ENSMALG00000003253
amphiprion_percula ENSAPEG00000019538
amphiprion_ocellaris ENSAOCG00000011601
acanthochromis_polyacanthus ENSAPOG00000007602
stegastes_partitus ENSSPAG00000011555
labrus_bergylta ENSLBEG00000019574
anabas_testudineus ENSATEG00000014924
mastacembelus_armatus ENSMAMG00000016894
seriola_lalandi_dorsalis ENSSLDG00000006094
seriola_dumerili ENSSDUG00000023793
periophthalmus_magnuspinnatus ENSPMGG00000002619
hippocampus_comes ENSHCOG00000000534
esox_lucius ENSELUG00000005168
astyanax_mexicanus ENSAMXG00000030266
pygocentrus_nattereri ENSPNAG00000008673
ictalurus_punctatus ENSIPUG00000024434
danio_rerio ENSDARG00000044225
seriola_dumerili ENSSDUG00000009019
seriola_lalandi_dorsalis ENSSLDG00000010963
cynoglossus_semilaevis ENSCSEG00000009145
cynoglossus_semilaevis ENSCSEG00000011294
monopterus_albus ENSMALG00000007223
mastacembelus_armatus ENSMAMG00000017735
anabas_testudineus ENSATEG00000010417
amphiprion_percula ENSAPEG00000024310
amphiprion_ocellaris ENSAOCG00000002624
acanthochromis_polyacanthus ENSAPOG00000009582
stegastes_partitus ENSSPAG00000012149
maylandia_zebra ENSMZEG00005021273
astatotilapia_calliptera ENSACLG00000017212
pundamilia_nyererei ENSPNYG00000006691
haplochromis_burtoni ENSHBUG00000011473
neolamprologus_brichardi ENSNBRG00000008283
oreochromis_niloticus ENSONIG00000013949
amphilophus_citrinellus ENSACIG00000012360
xiphophorus_maculatus ENSXMAG00000003967
gambusia_affinis ENSGAFG00000016307
poecilia_latipinna ENSPLAG00000009919
poecilia_mexicana ENSPMEG00000002433
poecilia_reticulata ENSPREG00000017148
xiphophorus_couchianus ENSXCOG00000008745
fundulus_heteroclitus ENSFHEG00000012391
poecilia_formosa ENSPFOG00000022085
fundulus_heteroclitus ENSFHEG00000004524
kryptolebias_marmoratus ENSKMAG00000018240
hippocampus_comes ENSHCOG00000001349
mola_mola ENSMMOG00000008077
labrus_bergylta ENSLBEG00000004237
gasterosteus_aculeatus ENSGACG00000003881
labrus_bergylta ENSLBEG00000010628
oryzias_latipes_asm223469v1 ENSORLG00015005955
oryzias_latipes_asm223471v1 ENSORLG00020014961
oryzias_latipes_asm223467v1 ENSORLG00000017205
oryzias_melastigma ENSOMEG00000003418
cyprinodon_variegatus ENSCVAG00000021551
scophthalmus_maximus ENSSMAG00000000248
periophthalmus_magnuspinnatus ENSPMGG00000017650
gadus_morhua ENSGMOG00000004000
gadus_morhua ENSGMOG00000014570
paramormyrops_kingsleyae ENSPKIG00000007505
scleropages_formosus ENSSFOG00015018303
neolamprologus_brichardi ENSNBRG00000008567
ornithorhynchus_anatinus ENSOANG00000029422
chelonoidis_abingdonii ENSCABG00000006929
gopherus_agassizii ENSGAGG00000000573
chrysemys_picta_bellii ENSCPBG00000008616
pelodiscus_sinensis ENSPSIG00000009011
taeniopygia_guttata ENSTGUG00000017405
taeniopygia_guttata ENSTGUG00000014876
lonchura_striata_domestica ENSLSDG00000015877
serinus_canaria ENSSCAG00000016070
junco_hyemalis ENSJHYG00000009766
ficedula_albicollis ENSFALG00000002729
parus_major ENSPMJG00000013269
cyanistes_caeruleus ENSCCEG00000007962
melopsittacus_undulatus ENSMUNG00000006056
calidris_pygmaea ENSCPGG00000010245
calidris_pugnax ENSCPUG00000017022
anser_brachyrhynchus ENSABRG00000006261
anas_platyrhynchos_platyrhynchos ENSAPLG00000009987
meleagris_gallopavo ENSMGAG00000000741
coturnix_japonica ENSCJPG00005015087
gallus_gallus ENSGALG00000014640
numida_meleagris ENSNMEG00000006953
apteryx_haastii ENSAHAG00000002578
apteryx_owenii ENSAOWG00000002679
apteryx_rowi ENSARWG00000012836
dromaius_novaehollandiae ENSDNVG00000009407
nothoprocta_perdicaria ENSNPEG00000002299
pogona_vitticeps ENSPVIG00000020634
anolis_carolinensis ENSACAG00000008661
notechis_scutatus ENSNSUG00000013968
salvator_merianae ENSSMRG00000021243
sphenodon_punctatus ENSSPUG00000002733
phascolarctos_cinereus ENSPCIG00000008899
notamacropus_eugenii ENSMEUG00000014254
sarcophilus_harrisii ENSSHAG00000011441
monodelphis_domestica ENSMODG00000018805
mus_spicilegus ENSMSIG00000006388
mus_spretus_strain_spret/eij MGP_SPRETEiJ_G0026291
mus_musculus_strain_reference_cl57bl6 ENSMUSG00000046519
mus_caroli_strain_caroli_eij MGP_CAROLIEiJ_G0025347
mus_pahari_strain_pahari_eij MGP_PahariEiJ_G0026791
rattus_norvegicus ENSRNOG00000047620
meriones_unguiculatus ENSMUGG00000012507
peromyscus_maniculatus_bairdii ENSPEMG00000029486
microtus_ochrogaster ENSMOCG00000018491
cricetulus_griseus_crigri_1.0 ENSCGRG00000017411
cricetulus_griseus_crigri-picr ENSCGRG00015023043
cricetulus_griseus_chok1gs_hdv1 ENSCGRG00001000763
ochotona_princeps ENSOPRG00000010308
heterocephalus_glaber_hetgla_female_1.0 ENSHGLG00000012433
heterocephalus_glaber_hetgla_1.0 ENSHGLG00100007826
fukomys_damarensis ENSFDAG00000002127
chinchilla_lanigera ENSCLAG00000013290
octodon_degus ENSODEG00000011029
cavia_porcellus ENSCPOG00000005605
cavia_aperea ENSCAPG00000004357
oryctolagus_cuniculus ENSOCUG00000003275
tupaia_belangeri ENSTBEG00000001520
pan_paniscus ENSPPAG00000017189
pan_troglodytes ENSPTRG00000001262
gorilla_gorilla ENSGGOG00000000869
homo_sapiens ENSG00000143457
pongo_abelii ENSPPYG00000000892
nomascus_leucogenys ENSNLEG00000028540
rhinopithecus_bieti ENSRBIG00000033265
rhinopithecus_roxellana ENSRROG00000042636
colobus_angolensis_palliatus ENSCANG00000035381
piliocolobus_tephrosceles ENSPTEG00000030773
macaca_mulatta ENSMMUG00000010668
macaca_fascicularis ENSMFAG00000042364
macaca_nemestrina ENSMNEG00000008522
papio_anubis ENSPANG00000036054
mandrillus_leucophaeus ENSMLEG00000042824
theropithecus_gelada ENSTGEG00000013965
cercocebus_atys ENSCATG00000033915
chlorocebus_sabaeus ENSCSAG00000018055
cebus_capucinus_imitator ENSCCAG00000000006
saimiri_boliviensis_boliviensis ENSSBOG00000035901
callithrix_jacchus ENSCJAG00000044569
aotus_nancymaae ENSANAG00000020389
carlito_syrichta ENSTSYG00000009078
prolemur_simus ENSPSMG00000021465
microcebus_murinus ENSMICG00000027785
propithecus_coquereli ENSPCOG00000019149
otolemur_garnettii ENSOGAG00000029017
castor_canadensis ENSCCNG00000012347
dipodomys_ordii ENSDORG00000024987
nannospalax_galili ENSNGAG00000000070
mesocricetus_auratus ENSMAUG00000012523
ictidomys_tridecemlineatus ENSSTOG00000002747
spermophilus_dauricus ENSSDAG00000022484
marmota_marmota_marmota ENSMMMG00000019322
myotis_lucifugus ENSMLUG00000003484
pteropus_vampyrus ENSPVAG00000004349
equus_asinus_asinus ENSEASG00005002033
equus_caballus ENSECAG00000016587
sus_scrofa ENSSSCG00000038558
vicugna_pacos ENSVPAG00000005432
bos_taurus ENSBTAG00000020357
bos_mutus ENSBMUG00000023736
bison_bison_bison ENSBBBG00000023935
capra_hircus ENSCHIG00000018592
ovis_aries ENSOARG00000020504
capra_hircus ENSCHIG00000017930
ovis_aries ENSOARG00000020842
bison_bison_bison ENSBBBG00000015141
tursiops_truncatus ENSTTRG00000016347
ursus_americanus ENSUAMG00000010389
ursus_maritimus ENSUMAG00000003469
ailuropoda_melanoleuca ENSAMEG00000001358
neovison_vison ENSNVIG00000016426
mustela_putorius_furo ENSMPUG00000004608
canis_lupus_dingo ENSCAFG00020019538
canis_lupus_familiaris ENSCAFG00000030530
vulpes_vulpes ENSVVUG00000011548
panthera_pardus ENSPPRG00000010135
panthera_tigris_altaica ENSPTIG00000019004
felis_catus ENSFCAG00000035181
erinaceus_europaeus ENSEEUG00000006766
choloepus_hoffmanni ENSCHOG00000013505
dasypus_novemcinctus ENSDNOG00000000067
loxodonta_africana ENSLAFG00000031294
procavia_capensis ENSPCAG00000006728
echinops_telfairi ENSETEG00000001263
sorex_araneus ENSSARG00000001523
xenopus_tropicalis ENSXETG00000008912
latimeria_chalumnae ENSLACG00000012794
scleropages_formosus ENSSFOG00015003399
paramormyrops_kingsleyae ENSPKIG00000000761
pygocentrus_nattereri ENSPNAG00000018849
astyanax_mexicanus ENSAMXG00000015511
danio_rerio ENSDARG00000036943
lepisosteus_oculatus ENSLOCG00000007902
petromyzon_marinus ENSPMAG00000005747
eptatretus_burgeri ENSEBUG00000006788
lepisosteus_oculatus ENSLOCG00000006756
neolamprologus_brichardi ENSNBRG00000008560
haplochromis_burtoni ENSHBUG00000008409
paramormyrops_kingsleyae ENSPKIG00000016705
anser_brachyrhynchus ENSABRG00000004898
calidris_pygmaea ENSCPGG00000016536
ursus_americanus ENSUAMG00000000119
equus_asinus_asinus ENSEASG00005007116
jaculus_jaculus ENSJJAG00000009697
xenopus_tropicalis ENSXETG00000015583
drosophila_melanogaster FBgn0267378
ciona_intestinalis ENSCING00000002602
ciona_savignyi ENSCSAVG00000002373
caenorhabditis_elegans_strain_n2 WBGene00021644
saccharomyces_cerevisiae_strain_s288c YDR372C
