anolis_carolinensis ENSACAG00000028648
pogona_vitticeps ENSPVIG00000016485
salvator_merianae ENSSMRG00000004729
notechis_scutatus ENSNSUG00000008399
sphenodon_punctatus ENSSPUG00000013896
chelonoidis_abingdonii ENSCABG00000011350
chrysemys_picta_bellii ENSCPBG00000005755
pelodiscus_sinensis ENSPSIG00000002595
crocodylus_porosus ENSCPRG00005003146
anolis_carolinensis ENSACAG00000015988
pogona_vitticeps ENSPVIG00000016487
notechis_scutatus ENSNSUG00000008398
salvator_merianae ENSSMRG00000004576
sphenodon_punctatus ENSSPUG00000013886
phascolarctos_cinereus ENSPCIG00000025753
notamacropus_eugenii ENSMEUG00000001141
sarcophilus_harrisii ENSSHAG00000009276
monodelphis_domestica ENSMODG00000013275
erinaceus_europaeus ENSEEUG00000014730
sorex_araneus ENSSARG00000012777
equus_caballus ENSECAG00000016177
equus_asinus_asinus ENSEASG00005003685
neovison_vison ENSNVIG00000001847
mustela_putorius_furo ENSMPUG00000014653
ursus_maritimus ENSUMAG00000018046
ursus_americanus ENSUAMG00000015989
canis_lupus_familiaris ENSCAFG00000016017
canis_lupus_dingo ENSCAFG00020018616
vulpes_vulpes ENSVVUG00000000130
panthera_pardus ENSPPRG00000006210
panthera_tigris_altaica ENSPTIG00000021177
felis_catus ENSFCAG00000002015
myotis_lucifugus ENSMLUG00000028688
myotis_lucifugus ENSMLUG00000006116
pteropus_vampyrus ENSPVAG00000011359
bos_mutus ENSBMUG00000004210
bison_bison_bison ENSBBBG00000024991
bos_taurus ENSBTAG00000040279
ovis_aries ENSOARG00000014915
capra_hircus ENSCHIG00000012661
tursiops_truncatus ENSTTRG00000013874
sus_scrofa ENSSSCG00000017465
tupaia_belangeri ENSTBEG00000001225
echinops_telfairi ENSETEG00000008398
choloepus_hoffmanni ENSCHOG00000001514
dasypus_novemcinctus ENSDNOG00000001218
propithecus_coquereli ENSPCOG00000018519
microcebus_murinus ENSMICG00000009839
prolemur_simus ENSPSMG00000011772
otolemur_garnettii ENSOGAG00000014264
gorilla_gorilla ENSGGOG00000009695
homo_sapiens ENSG00000167916
pan_troglodytes ENSPTRG00000009128
pan_paniscus ENSPPAG00000032199
pongo_abelii ENSPPYG00000008454
nomascus_leucogenys ENSNLEG00000002105
theropithecus_gelada ENSTGEG00000006960
papio_anubis ENSPANG00000021622
cercocebus_atys ENSCATG00000040299
mandrillus_leucophaeus ENSMLEG00000042485
macaca_fascicularis ENSMFAG00000039579
macaca_mulatta ENSMMUG00000023592
macaca_nemestrina ENSMNEG00000043164
chlorocebus_sabaeus ENSCSAG00000002815
piliocolobus_tephrosceles ENSPTEG00000012613
colobus_angolensis_palliatus ENSCANG00000042850
rhinopithecus_roxellana ENSRROG00000010823
rhinopithecus_bieti ENSRBIG00000044202
saimiri_boliviensis_boliviensis ENSSBOG00000020285
cebus_capucinus_imitator ENSCCAG00000037342
callithrix_jacchus ENSCJAG00000034830
aotus_nancymaae ENSANAG00000037902
ictidomys_tridecemlineatus ENSSTOG00000002178
urocitellus_parryii ENSUPAG00010008434
spermophilus_dauricus ENSSDAG00000007126
marmota_marmota_marmota ENSMMMG00000007326
chinchilla_lanigera ENSCLAG00000015192
octodon_degus ENSODEG00000017754
cavia_porcellus ENSCPOG00000032839
cavia_aperea ENSCAPG00000007021
heterocephalus_glaber_hetgla_female_1.0 ENSHGLG00000016476
heterocephalus_glaber_hetgla_1.0 ENSHGLG00100001257
mus_musculus_strain_reference_cl57bl6 ENSMUSG00000020913
mus_spicilegus ENSMSIG00000025961
mus_spretus_strain_spret/eij MGP_SPRETEiJ_G0017955
mus_caroli_strain_caroli_eij MGP_CAROLIEiJ_G0017111
mus_pahari_strain_pahari_eij MGP_PahariEiJ_G0018240
rattus_norvegicus ENSRNOG00000010970
meriones_unguiculatus ENSMUGG00000018910
peromyscus_maniculatus_bairdii ENSPEMG00000017697
microtus_ochrogaster ENSMOCG00000017266
cricetulus_griseus_crigri-picr ENSCGRG00015004702
cricetulus_griseus_chok1gs_hdv1 ENSCGRG00001016600
mesocricetus_auratus ENSMAUG00000000934
nannospalax_galili ENSNGAG00000017103
jaculus_jaculus ENSJJAG00000023143
dipodomys_ordii ENSDORG00000016005
ochotona_princeps ENSOPRG00000009728
loxodonta_africana ENSLAFG00000000455
ornithorhynchus_anatinus ENSOANG00000002894
phascolarctos_cinereus ENSPCIG00000025755
monodelphis_domestica ENSMODG00000025669
prolemur_simus ENSPSMG00000011778
