scleropages_formosus ENSSFOG00015008961
paramormyrops_kingsleyae ENSPKIG00000010721
scleropages_formosus ENSSFOG00015016068
paramormyrops_kingsleyae ENSPKIG00000024493
amphiprion_percula ENSAPEG00000003448
amphiprion_ocellaris ENSAOCG00000002185
acanthochromis_polyacanthus ENSAPOG00000008098
stegastes_partitus ENSSPAG00000012565
poecilia_formosa ENSPFOG00000002261
poecilia_latipinna ENSPLAG00000004782
poecilia_mexicana ENSPMEG00000010227
poecilia_reticulata ENSPREG00000009846
xiphophorus_maculatus ENSXMAG00000023089
xiphophorus_couchianus ENSXCOG00000020245
gambusia_affinis ENSGAFG00000006250
fundulus_heteroclitus ENSFHEG00000020273
cyprinodon_variegatus ENSCVAG00000019810
kryptolebias_marmoratus ENSKMAG00000011157
oryzias_latipes_asm223469v1 ENSORLG00015015477
oryzias_latipes_asm223471v1 ENSORLG00020017325
oryzias_melastigma ENSOMEG00000006402
oryzias_latipes_asm223467v1 ENSORLG00000029132
labrus_bergylta ENSLBEG00000024985
labrus_bergylta ENSLBEG00000003767
periophthalmus_magnuspinnatus ENSPMGG00000001737
mola_mola ENSMMOG00000006932
takifugu_rubripes ENSTRUG00000010751
gasterosteus_aculeatus ENSGACG00000015079
mastacembelus_armatus ENSMAMG00000022132
monopterus_albus ENSMALG00000016859
anabas_testudineus ENSATEG00000002708
seriola_lalandi_dorsalis ENSSLDG00000017301
seriola_dumerili ENSSDUG00000012706
scophthalmus_maximus ENSSMAG00000005828
pundamilia_nyererei ENSPNYG00000016990
haplochromis_burtoni ENSHBUG00000007817
maylandia_zebra ENSMZEG00005005495
astatotilapia_calliptera ENSACLG00000027800
oreochromis_niloticus ENSONIG00000012153
amphilophus_citrinellus ENSACIG00000020139
cynoglossus_semilaevis ENSCSEG00000013125
hippocampus_comes ENSHCOG00000011420
gadus_morhua ENSGMOG00000003148
esox_lucius ENSELUG00000001675
pygocentrus_nattereri ENSPNAG00000010262
astyanax_mexicanus ENSAMXG00000034969
ictalurus_punctatus ENSIPUG00000009678
danio_rerio ENSDARG00000103783
lepisosteus_oculatus ENSLOCG00000010775
