>0
Y39B6A.30.1: ['exon skipping', 0, 0]
Y80D3A.8.1: ['exon skipping', 0, 0]
Y113G7C.1.1: ['exon skipping', 0, 0]
Y69A2AR.19a.1: ['exon skipping', 0, 0]
Y69A2AR.19b.1: ['exon skipping', 0, 0]
F54F12.1.1: ['exon skipping', 0, 0]
K09F6.3.1: ['exon skipping', 0, 0]
Y48G1C.5.1: ['no event', 3, 0]
>1
Y39B6A.30.1: ['5event', 27, 0]
Y80D3A.8.1: ['5event', 27, 0]
Y113G7C.1.1: ['5event', 27, 0]
Y69A2AR.19a.1: ['3event', '5event', 40, 0]
Y69A2AR.19b.1: ['3event', '5event', 40, 0]
F54F12.1.1: ['exon skipping', 0, 0]
K09F6.3.1: ['3event', '5event', 34, 0]
Y48G1C.5.1: ['exon skipping', 0, 0]
>2
Y39B6A.30.1: ['exon skipping', 0, 0]
Y80D3A.8.1: ['exon skipping', 0, 0]
Y113G7C.1.1: ['exon skipping', 0, 0]
Y69A2AR.19a.1: ['exon skipping', 0, 0]
Y69A2AR.19b.1: ['exon skipping', 0, 0]
F54F12.1.1: ['exon skipping', 0, 0]
K09F6.3.1: ['5event', 20, 1]
Y48G1C.5.1: ['exon skipping', 0, 0]
>3
Y39B6A.30.1: ['3event', '5event', 81, 1]
Y80D3A.8.1: ['3event', '5event', 81, 1]
Y113G7C.1.1: ['3event', '5event', 78, 1]
Y69A2AR.19a.1: ['3event', '5event', 66, 1]
Y69A2AR.19b.1: ['3event', '5event', 66, 1]
F54F12.1.1: ['exon skipping', 0, 0]
K09F6.3.1: ['3event', 109, 1]
Y48G1C.5.1: ['5event', ['internal gap >= 30', 85, 54], 128, 1]
>4
Y39B6A.30.1: ['exon skipping', 0, 0]
Y80D3A.8.1: ['exon skipping', 0, 0]
Y113G7C.1.1: ['5event', ['internal gap < 30', 160, 13], 182, 1]
Y69A2AR.19a.1: ['5event', ['internal gap >= 30', 63, 49], 146, 1]
Y69A2AR.19b.1: ['5event', ['internal gap >= 30', 63, 49], 146, 1]
F54F12.1.1: ['exon skipping', 0, 0]
K09F6.3.1: ['exon skipping', 0, 0]
Y48G1C.5.1: [['internal gap < 30', 170, 1], 194, 1]
>5
Y39B6A.30.1: ['exon skipping', 0, 0]
Y80D3A.8.1: ['exon skipping', 0, 0]
Y113G7C.1.1: ['exon skipping', 0, 0]
Y69A2AR.19a.1: ['exon skipping', 0, 0]
Y69A2AR.19b.1: ['exon skipping', 0, 0]
F54F12.1.1: ['exon skipping', 0, 0]
K09F6.3.1: ['exon skipping', 0, 0]
Y48G1C.5.1: ['no event', 6, 0]
>6
Y39B6A.30.1: ['exon skipping', 0, 0]
Y80D3A.8.1: ['exon skipping', 0, 0]
Y113G7C.1.1: ['exon skipping', 0, 0]
Y69A2AR.19a.1: ['exon skipping', 0, 0]
Y69A2AR.19b.1: ['exon skipping', 0, 0]
F54F12.1.1: ['exon skipping', 0, 0]
K09F6.3.1: ['exon skipping', 0, 0]
Y48G1C.5.1: ['no event', 815, 1]
>7
Y39B6A.30.1: ['exon skipping', 0, 0]
Y80D3A.8.1: ['exon skipping', 0, 0]
Y113G7C.1.1: ['5event', 95, 1]
Y69A2AR.19a.1: ['exon skipping', 0, 0]
Y69A2AR.19b.1: ['exon skipping', 0, 0]
F54F12.1.1: ['exon skipping', 0, 0]
K09F6.3.1: ['exon skipping', 0, 0]
Y48G1C.5.1: ['exon skipping', 0, 0]
>8
Y39B6A.30.1: ['exon skipping', 0, 0]
Y80D3A.8.1: ['exon skipping', 0, 0]
Y113G7C.1.1: ['3event', 124, 1]
Y69A2AR.19a.1: ['5event', ['internal gap < 30', 110, 14], 146, 1]
Y69A2AR.19b.1: ['5event', ['internal gap >= 30', 89, 35], 125, 1]
F54F12.1.1: ['exon skipping', 0, 0]
K09F6.3.1: ['exon skipping', 0, 0]
Y48G1C.5.1: ['exon skipping', 0, 0]
>9
Y39B6A.30.1: ['exon skipping', 0, 0]
Y80D3A.8.1: ['exon skipping', 0, 0]
Y113G7C.1.1: ['exon skipping', 0, 0]
Y69A2AR.19a.1: ['no event', 92, 1]
Y69A2AR.19b.1: ['no event', 92, 1]
F54F12.1.1: ['exon skipping', 0, 0]
K09F6.3.1: ['exon skipping', 0, 0]
Y48G1C.5.1: ['exon skipping', 0, 0]
>10
Y39B6A.30.1: ['exon skipping', 0, 0]
Y80D3A.8.1: ['exon skipping', 0, 0]
Y113G7C.1.1: ['exon skipping', 0, 0]
Y69A2AR.19a.1: ['no event', 2, 1]
Y69A2AR.19b.1: ['no event', 2, 1]
F54F12.1.1: ['exon skipping', 0, 0]
K09F6.3.1: ['exon skipping', 0, 0]
Y48G1C.5.1: ['exon skipping', 0, 0]
>11
Y39B6A.30.1: ['3event', '5event', 2458, 1]
Y80D3A.8.1: ['3event', '5event', 2431, 1]
Y113G7C.1.1: ['3event', '5event', 2449, 1]
Y69A2AR.19a.1: ['3event', 2311, 1]
Y69A2AR.19b.1: ['3event', 2311, 1]
F54F12.1.1: ['5event', ['internal gap >= 30', 2104, 729], 2224, 0]
K09F6.3.1: ['3event', '5event', 2368, 1]
Y48G1C.5.1: ['3event', '5event', 1192, 1]
>12
Y39B6A.30.1: ['5event', ['internal gap >= 30', 718, 90], 752, 2]
Y80D3A.8.1: ['5event', ['internal gap >= 30', 466, 342], 500, 2]
Y113G7C.1.1: ['5event', ['internal gap >= 30', 604, 204], 638, 2]
Y69A2AR.19a.1: ['5event', ['internal gap >= 30', 229, 582], 260, 2]
Y69A2AR.19b.1: ['5event', ['internal gap >= 30', 229, 582], 260, 2]
F54F12.1.1: ['3event', 252, 2]
K09F6.3.1: ['3event', '5event', 341, 2]
Y48G1C.5.1: ['3event', '5event', 367, 2]
>13
Y39B6A.30.1: ['exon skipping', 0, 0]
Y80D3A.8.1: ['exon skipping', 0, 0]
Y113G7C.1.1: ['exon skipping', 0, 0]
Y69A2AR.19a.1: ['exon skipping', 0, 0]
Y69A2AR.19b.1: ['exon skipping', 0, 0]
F54F12.1.1: ['exon skipping', 0, 0]
K09F6.3.1: ['5event', 37, 1]
Y48G1C.5.1: ['exon skipping', 0, 0]
>14
Y39B6A.30.1: ['exon skipping', 0, 0]
Y80D3A.8.1: ['exon skipping', 0, 0]
Y113G7C.1.1: ['exon skipping', 0, 0]
Y69A2AR.19a.1: ['exon skipping', 0, 0]
Y69A2AR.19b.1: ['exon skipping', 0, 0]
F54F12.1.1: ['5event', 174, 1]
K09F6.3.1: ['exon skipping', 0, 0]
Y48G1C.5.1: ['exon skipping', 0, 0]
>15
Y39B6A.30.1: ['exon skipping', 0, 0]
Y80D3A.8.1: ['exon skipping', 0, 0]
Y113G7C.1.1: ['exon skipping', 0, 0]
Y69A2AR.19a.1: ['exon skipping', 0, 0]
Y69A2AR.19b.1: ['exon skipping', 0, 0]
F54F12.1.1: ['exon skipping', 0, 0]
K09F6.3.1: ['exon skipping', 0, 0]
Y48G1C.5.1: ['5event', 1, 0]
>16
Y39B6A.30.1: ['exon skipping', 0, 0]
Y80D3A.8.1: ['exon skipping', 0, 0]
Y113G7C.1.1: ['exon skipping', 0, 0]
Y69A2AR.19a.1: ['exon skipping', 0, 0]
Y69A2AR.19b.1: ['exon skipping', 0, 0]
F54F12.1.1: ['5event', 114, 2]
K09F6.3.1: ['exon skipping', 0, 0]
Y48G1C.5.1: ['exon skipping', 0, 0]
>17
Y39B6A.30.1: ['exon skipping', 0, 0]
Y80D3A.8.1: ['exon skipping', 0, 0]
Y113G7C.1.1: ['exon skipping', 0, 0]
Y69A2AR.19a.1: ['exon skipping', 0, 0]
Y69A2AR.19b.1: ['exon skipping', 0, 0]
F54F12.1.1: ['no event', 147, 0]
K09F6.3.1: ['exon skipping', 0, 0]
Y48G1C.5.1: ['exon skipping', 0, 0]
>18
Y39B6A.30.1: ['exon skipping', 0, 0]
Y80D3A.8.1: ['exon skipping', 0, 0]
Y113G7C.1.1: ['exon skipping', 0, 0]
Y69A2AR.19a.1: ['exon skipping', 0, 0]
Y69A2AR.19b.1: ['exon skipping', 0, 0]
F54F12.1.1: ['no event', 6, 1]
K09F6.3.1: ['exon skipping', 0, 0]
Y48G1C.5.1: ['exon skipping', 0, 0]
>19
Y39B6A.30.1: ['3event', '5event', 124, 2]
Y80D3A.8.1: ['3event', '5event', 124, 2]
Y113G7C.1.1: ['3event', '5event', 124, 2]
Y69A2AR.19a.1: ['3event', '5event', 139, 2]
Y69A2AR.19b.1: ['3event', '5event', 139, 2]
F54F12.1.1: [['internal gap >= 30', 75, 35], 149, 2]
K09F6.3.1: ['3event', '5event', 140, 0]
Y48G1C.5.1: ['exon skipping', 0, 0]
>20
Y39B6A.30.1: ['exon skipping', 0, 0]
Y80D3A.8.1: ['exon skipping', 0, 0]
Y113G7C.1.1: ['exon skipping', 0, 0]
Y69A2AR.19a.1: ['exon skipping', 0, 0]
Y69A2AR.19b.1: ['exon skipping', 0, 0]
F54F12.1.1: ['exon skipping', 0, 0]
K09F6.3.1: ['5event', 322, 2]
Y48G1C.5.1: ['exon skipping', 0, 0]
>21
Y39B6A.30.1: ['exon skipping', 0, 0]
Y80D3A.8.1: ['exon skipping', 0, 0]
Y113G7C.1.1: ['5event', 235, 0]
Y69A2AR.19a.1: ['exon skipping', 0, 0]
Y69A2AR.19b.1: ['exon skipping', 0, 0]
F54F12.1.1: ['exon skipping', 0, 0]
K09F6.3.1: ['exon skipping', 0, 0]
Y48G1C.5.1: ['exon skipping', 0, 0]
>22
Y39B6A.30.1: ['exon skipping', 0, 0]
Y80D3A.8.1: ['exon skipping', 0, 0]
Y113G7C.1.1: ['exon skipping', 0, 0]
Y69A2AR.19a.1: ['exon skipping', 0, 0]
Y69A2AR.19b.1: ['exon skipping', 0, 0]
F54F12.1.1: ['exon skipping', 0, 0]
K09F6.3.1: ['exon skipping', 0, 0]
Y48G1C.5.1: ['5event', 181, 2]
>23
Y39B6A.30.1: ['3event', '5event', 254, 0]
Y80D3A.8.1: ['3event', '5event', 236, 0]
Y113G7C.1.1: ['exon skipping', 0, 0]
Y69A2AR.19a.1: ['3event', '5event', 236, 0]
Y69A2AR.19b.1: ['3event', '5event', 236, 0]
F54F12.1.1: ['exon skipping', 0, 0]
K09F6.3.1: ['5event', ['internal gap >= 30', 94, 132], 141, 1]
Y48G1C.5.1: ['3event', 151, 1]
>24
Y39B6A.30.1: ['exon skipping', 0, 0]
Y80D3A.8.1: ['exon skipping', 0, 0]
Y113G7C.1.1: ['exon skipping', 0, 0]
Y69A2AR.19a.1: ['exon skipping', 0, 0]
Y69A2AR.19b.1: ['exon skipping', 0, 0]
F54F12.1.1: ['5event', 2, 2]
K09F6.3.1: ['exon skipping', 0, 0]
Y48G1C.5.1: ['exon skipping', 0, 0]
>25
Y39B6A.30.1: ['exon skipping', 0, 0]
Y80D3A.8.1: ['exon skipping', 0, 0]
Y113G7C.1.1: ['exon skipping', 0, 0]
Y69A2AR.19a.1: ['exon skipping', 0, 0]
Y69A2AR.19b.1: ['exon skipping', 0, 0]
F54F12.1.1: ['no event', 2, 2]
K09F6.3.1: ['exon skipping', 0, 0]
Y48G1C.5.1: ['exon skipping', 0, 0]
>26
Y39B6A.30.1: ['exon skipping', 0, 0]
Y80D3A.8.1: ['exon skipping', 0, 0]
Y113G7C.1.1: ['exon skipping', 0, 0]
Y69A2AR.19a.1: ['exon skipping', 0, 0]
Y69A2AR.19b.1: ['exon skipping', 0, 0]
F54F12.1.1: ['exon skipping', 0, 0]
K09F6.3.1: ['exon skipping', 0, 0]
Y48G1C.5.1: ['only gap', 0, 1]
>27
Y39B6A.30.1: ['3event', '5event', 118, 2]
Y80D3A.8.1: ['3event', '5event', 118, 2]
Y113G7C.1.1: ['3event', '5event', 118, 2]
Y69A2AR.19a.1: ['3event', '5event', 118, 2]
Y69A2AR.19b.1: ['3event', '5event', 118, 2]
F54F12.1.1: ['3event', 117, 2]
K09F6.3.1: ['3event', '5event', 115, 2]
Y48G1C.5.1: ['5event', ['internal gap < 30', 1, 5], 169, 2]
>28
Y39B6A.30.1: ['exon skipping', 0, 0]
Y80D3A.8.1: ['exon skipping', 0, 0]
Y113G7C.1.1: ['exon skipping', 0, 0]
Y69A2AR.19a.1: ['exon skipping', 0, 0]
Y69A2AR.19b.1: ['exon skipping', 0, 0]
F54F12.1.1: ['exon skipping', 0, 0]
K09F6.3.1: ['5event', 54, 0]
Y48G1C.5.1: ['exon skipping', 0, 0]
>29
Y39B6A.30.1: ['exon skipping', 0, 0]
Y80D3A.8.1: ['exon skipping', 0, 0]
Y113G7C.1.1: ['exon skipping', 0, 0]
Y69A2AR.19a.1: ['5event', ['internal gap >= 30', 186, 31], 206, 0]
Y69A2AR.19b.1: ['5event', ['internal gap >= 30', 186, 31], 206, 0]
F54F12.1.1: ['5event', ['internal gap >= 30', 94, 128], 109, 0]
K09F6.3.1: ['3event', 171, 1]
Y48G1C.5.1: ['3event', '5event', 158, 1]
>30
Y39B6A.30.1: ['exon skipping', 0, 0]
Y80D3A.8.1: ['exon skipping', 0, 0]
Y113G7C.1.1: ['exon skipping', 0, 0]
Y69A2AR.19a.1: ['exon skipping', 0, 0]
Y69A2AR.19b.1: ['exon skipping', 0, 0]
F54F12.1.1: ['exon skipping', 0, 0]
K09F6.3.1: ['exon skipping', 0, 0]
Y48G1C.5.1: ['5event', 113, 0]
>31
Y39B6A.30.1: ['exon skipping', 0, 0]
Y80D3A.8.1: ['exon skipping', 0, 0]
Y113G7C.1.1: ['exon skipping', 0, 0]
Y69A2AR.19a.1: ['exon skipping', 0, 0]
Y69A2AR.19b.1: ['exon skipping', 0, 0]
F54F12.1.1: ['5event', 1, 2]
K09F6.3.1: ['exon skipping', 0, 0]
Y48G1C.5.1: ['exon skipping', 0, 0]
>32
Y39B6A.30.1: ['3event', '5event', 411, 0]
Y80D3A.8.1: ['3event', '5event', 309, 0]
Y113G7C.1.1: ['3event', '5event', 404, 0]
Y69A2AR.19a.1: ['3event', '5event', 252, 0]
Y69A2AR.19b.1: ['3event', '5event', 252, 0]
F54F12.1.1: ['3event', 351, 1]
K09F6.3.1: ['5event', ['internal gap >= 30', 304, 167], 320, 0]
Y48G1C.5.1: ['exon skipping', 0, 0]
>33
Y39B6A.30.1: ['exon skipping', 0, 0]
Y80D3A.8.1: ['exon skipping', 0, 0]
Y113G7C.1.1: ['5event', 6, 2]
Y69A2AR.19a.1: ['exon skipping', 0, 0]
Y69A2AR.19b.1: ['exon skipping', 0, 0]
F54F12.1.1: ['exon skipping', 0, 0]
K09F6.3.1: ['exon skipping', 0, 0]
Y48G1C.5.1: ['exon skipping', 0, 0]
