>0
F46F5.11.1: ['5event', ['internal gap >= 30', 76, 77], 188, 0]
ZK105.3.1: ['5event', ['internal gap >= 30', 79, 74], 191, 0]
F02C9.2.1: [['internal gap >= 30', 126, 44], 221, 0]
>1
F46F5.11.1: ['no event', 114, 0]
ZK105.3.1: ['no event', 114, 0]
F02C9.2.1: ['no event', 114, 0]
>2
F46F5.11.1: ['no event', 122, 1]
ZK105.3.1: ['no event', 122, 1]
F02C9.2.1: ['no event', 122, 1]
>3
F46F5.11.1: ['exon skipping', 0, 0]
ZK105.3.1: ['only gap', 0, 0]
F02C9.2.1: ['exon skipping', 0, 0]
>4
F46F5.11.1: [['internal gap < 30', 3, 1], 84, 1]
ZK105.3.1: [['internal gap < 30', 2, 1], 84, 1]
F02C9.2.1: [['internal gap < 30', 3, 1], 84, 1]
>5
F46F5.11.1: ['no event', 78, 2]
ZK105.3.1: ['no event', 78, 2]
F02C9.2.1: ['no event', 78, 2]
>6
F46F5.11.1: ['no event', 106, 0]
ZK105.3.1: ['no event', 106, 0]
F02C9.2.1: ['no event', 106, 0]
>7
F46F5.11.1: ['no event', 164, 2]
ZK105.3.1: ['no event', 164, 2]
F02C9.2.1: ['no event', 164, 2]
>8
F46F5.11.1: ['no event', 320, 2]
ZK105.3.1: ['no event', 320, 2]
F02C9.2.1: [['internal gap < 30', 213, 6], 314, 2]
>9
F46F5.11.1: ['no event', 141, 2]
ZK105.3.1: ['no event', 141, 2]
F02C9.2.1: ['no event', 141, 2]
>10
F46F5.11.1: ['no event', 78, 0]
ZK105.3.1: ['no event', 78, 0]
F02C9.2.1: [['internal gap < 30', 6, 3], 75, 0]
>11
F46F5.11.1: ['no event', 82, 1]
ZK105.3.1: ['no event', 82, 1]
F02C9.2.1: ['no event', 82, 1]
>12
F46F5.11.1: [['internal gap < 30', 345, 6], 372, 0]
ZK105.3.1: [['internal gap < 30', 345, 6], 372, 0]
F02C9.2.1: ['no event', 378, 0]
>13
F46F5.11.1: [['internal gap < 30', 134, 6], 171, 1]
ZK105.3.1: [['internal gap < 30', 134, 6], 171, 1]
F02C9.2.1: [['internal gap < 30', 114, 6], 171, 1]
>14
F46F5.11.1: ['no event', 119, 2]
ZK105.3.1: ['no event', 119, 2]
F02C9.2.1: ['no event', 119, 2]
>15
F46F5.11.1: [['internal gap < 30', 56, 3], 131, 2]
ZK105.3.1: [['internal gap < 30', 56, 3], 131, 2]
F02C9.2.1: ['no event', 134, 2]
>16
F46F5.11.1: ['no event', 114, 2]
ZK105.3.1: ['no event', 114, 2]
F02C9.2.1: ['no event', 114, 2]
>17
F46F5.11.1: ['exon skipping', 0, 0]
ZK105.3.1: [['internal gap < 30', 1, 12], 20, 0]
F02C9.2.1: ['exon skipping', 0, 0]
