>0
ENSGGOT00000046719: ['exon skipping', 0, 0]
ENSPPYT00000010322: ['exon skipping', 0, 0]
ENSNLET00000033222: ['exon skipping', 0, 0]
ENSMFAT00000012871: ['exon skipping', 0, 0]
ENSMNET00000040964: ['exon skipping', 0, 0]
ENSCATT00000047695: ['no event', 62, 0]
ENSMLET00000005310: ['no event', 62, 0]
ENSPANT00000051633: ['exon skipping', 0, 0]
ENSRROT00000059013: ['exon skipping', 0, 0]
ENSRBIT00000048766: ['exon skipping', 0, 0]
>1
ENSGGOT00000046719: ['5event', ['internal gap < 30', 118, 2], 266, 0]
ENSPPYT00000010322: ['5event', ['internal gap < 30', 118, 2], 266, 0]
ENSNLET00000033222: ['5event', ['internal gap >= 30', 111, 35], 233, 0]
ENSMFAT00000012871: ['5event', ['internal gap >= 30', 76, 44], 224, 0]
ENSMNET00000040964: ['5event', ['internal gap >= 30', 76, 44], 224, 0]
ENSCATT00000047695: [['internal gap >= 30', 77, 43], 225, 0]
ENSMLET00000005310: [['internal gap >= 30', 77, 43], 225, 0]
ENSPANT00000051633: ['5event', ['internal gap >= 30', 76, 44], 224, 0]
ENSRROT00000059013: ['5event', ['internal gap >= 30', 76, 44], 224, 0]
ENSRBIT00000048766: ['5event', ['internal gap >= 30', 76, 44], 224, 0]
>2
ENSGGOT00000046719: ['exon skipping', 0, 0]
ENSPPYT00000010322: ['exon skipping', 0, 0]
ENSNLET00000033222: ['exon skipping', 0, 0]
ENSMFAT00000012871: ['exon skipping', 0, 0]
ENSMNET00000040964: ['exon skipping', 0, 0]
ENSCATT00000047695: ['exon skipping', 0, 0]
ENSMLET00000005310: ['no event', 53, 0]
ENSPANT00000051633: ['exon skipping', 0, 0]
ENSRROT00000059013: ['exon skipping', 0, 0]
ENSRBIT00000048766: ['exon skipping', 0, 0]
