>0
YJR162C_mRNA: ['exon skipping', 0, 0]
YNL337W_mRNA: ['exon skipping', 0, 0]
YFL063W_mRNA: ['no event', 102, 0]
YDR543C_mRNA: ['exon skipping', 0, 0]
YAL068W-A_mRNA: ['exon skipping', 0, 0]
YER188C-A_mRNA: ['exon skipping', 0, 0]
YNR077C_mRNA: ['exon skipping', 0, 0]
YLL065W_mRNA: ['exon skipping', 0, 0]
YKL225W_mRNA: ['exon skipping', 0, 0]
YOL166W-A_mRNA: ['exon skipping', 0, 0]
YMR326C_mRNA: ['exon skipping', 0, 0]
>1
YJR162C_mRNA: ['5event', ['internal gap < 30', 69, 6], 95, 0]
YNL337W_mRNA: ['exon skipping', 0, 0]
YFL063W_mRNA: [['internal gap < 30', 81, 3], 98, 1]
YDR543C_mRNA: ['5event', ['internal gap >= 30', 27, 57], 44, 0]
YAL068W-A_mRNA: ['exon skipping', 0, 0]
YER188C-A_mRNA: ['5event', ['internal gap >= 30', 27, 57], 44, 0]
YNR077C_mRNA: ['exon skipping', 0, 0]
YLL065W_mRNA: ['5event', ['internal gap < 30', 69, 6], 95, 0]
YKL225W_mRNA: ['5event', ['internal gap < 30', 76, 9], 92, 0]
YOL166W-A_mRNA: ['exon skipping', 0, 0]
YMR326C_mRNA: ['exon skipping', 0, 0]
>2
YJR162C_mRNA: ['no event', 255, 0]
YNL337W_mRNA: ['5event', 254, 0]
YFL063W_mRNA: ['no event', 255, 0]
YDR543C_mRNA: ['no event', 255, 0]
YAL068W-A_mRNA: ['5event', 254, 0]
YER188C-A_mRNA: ['no event', 255, 0]
YNR077C_mRNA: ['5event', 254, 0]
YLL065W_mRNA: ['no event', 255, 0]
YKL225W_mRNA: ['no event', 255, 0]
YOL166W-A_mRNA: ['3event', '5event', 156, 0]
YMR326C_mRNA: ['5event', ['internal gap < 30', 230, 3], 252, 0]
>3
YJR162C_mRNA: ['exon skipping', 0, 0]
YNL337W_mRNA: ['exon skipping', 0, 0]
YFL063W_mRNA: ['exon skipping', 0, 0]
YDR543C_mRNA: ['exon skipping', 0, 0]
YAL068W-A_mRNA: ['exon skipping', 0, 0]
YER188C-A_mRNA: ['exon skipping', 0, 0]
YNR077C_mRNA: ['exon skipping', 0, 0]
YLL065W_mRNA: ['exon skipping', 0, 0]
YKL225W_mRNA: ['exon skipping', 0, 0]
YOL166W-A_mRNA: ['exon skipping', 0, 0]
YMR326C_mRNA: ['no event', 55, 1]
