>0
FBtr0072733: ['exon skipping', 0, 0]
FBtr0072732: ['exon skipping', 0, 0]
FBtr0073516: ['exon skipping', 0, 0]
FBtr0340297: ['exon skipping', 0, 0]
F23B12.8a.1: ['exon skipping', 0, 0]
F23B12.8a.2: ['exon skipping', 0, 0]
F23B12.8b.1: ['no event', 2, 0]
F23B12.8b.2: ['no event', 2, 0]
>1
FBtr0072733: ['5event', ['internal gap < 30', 73, 15], 79, 0]
FBtr0072732: ['5event', ['internal gap < 30', 73, 15], 79, 0]
FBtr0073516: ['5event', 74, 0]
FBtr0340297: ['5event', 74, 0]
F23B12.8a.1: ['5event', ['internal gap >= 30', 55, 33], 61, 0]
F23B12.8a.2: ['5event', ['internal gap >= 30', 55, 33], 61, 0]
F23B12.8b.1: [['internal gap < 30', 68, 20], 74, 0]
F23B12.8b.2: [['internal gap < 30', 68, 20], 74, 0]
>2
FBtr0072733: ['exon skipping', 0, 0]
FBtr0072732: ['exon skipping', 0, 0]
FBtr0073516: ['no event', 41, 0]
FBtr0340297: ['no event', 41, 0]
F23B12.8a.1: ['exon skipping', 0, 0]
F23B12.8a.2: ['exon skipping', 0, 0]
F23B12.8b.1: ['exon skipping', 0, 0]
F23B12.8b.2: ['exon skipping', 0, 0]
>3
FBtr0072733: ['5event', ['internal gap < 30', 111, 8], 221, 2]
FBtr0072732: ['5event', ['internal gap < 30', 111, 8], 221, 2]
FBtr0073516: [['internal gap >= 30', 28, 91], 138, 0]
FBtr0340297: [['internal gap >= 30', 28, 91], 138, 0]
F23B12.8a.1: ['5event', ['internal gap < 30', 72, 23], 206, 2]
F23B12.8a.2: ['5event', ['internal gap < 30', 72, 23], 206, 2]
F23B12.8b.1: ['5event', ['internal gap < 30', 72, 23], 206, 2]
F23B12.8b.2: ['5event', ['internal gap < 30', 72, 23], 206, 2]
>4
FBtr0072733: [['internal gap >= 30', 64, 40], 77, 2]
FBtr0072732: ['no event', 117, 2]
FBtr0073516: [['internal gap >= 30', 39, 60], 57, 2]
FBtr0340297: [['internal gap >= 30', 39, 60], 57, 2]
F23B12.8a.1: ['exon skipping', 0, 0]
F23B12.8a.2: ['exon skipping', 0, 0]
F23B12.8b.1: ['exon skipping', 0, 0]
F23B12.8b.2: ['exon skipping', 0, 0]
>5
FBtr0072733: ['3event', 3, 1]
FBtr0072732: [['internal gap < 30', 1, 1], 72, 2]
FBtr0073516: ['exon skipping', 0, 0]
FBtr0340297: ['exon skipping', 0, 0]
F23B12.8a.1: ['exon skipping', 0, 0]
F23B12.8a.2: ['exon skipping', 0, 0]
F23B12.8b.1: ['exon skipping', 0, 0]
F23B12.8b.2: ['exon skipping', 0, 0]
>6
FBtr0072733: ['3event', '5event', 1333, 0]
FBtr0072732: ['exon skipping', 0, 0]
FBtr0073516: ['3event', '5event', 535, 0]
FBtr0340297: ['3event', '5event', 535, 0]
F23B12.8a.1: ['5event', ['internal gap >= 30', 1201, 164], 1308, 2]
F23B12.8a.2: ['5event', ['internal gap >= 30', 1201, 164], 1308, 2]
F23B12.8b.1: ['5event', ['internal gap >= 30', 1201, 164], 1308, 2]
F23B12.8b.2: ['5event', ['internal gap >= 30', 1201, 164], 1308, 2]
>7
FBtr0072733: ['exon skipping', 0, 0]
FBtr0072732: ['exon skipping', 0, 0]
FBtr0073516: ['5event', 145, 1]
FBtr0340297: ['5event', 145, 1]
F23B12.8a.1: ['exon skipping', 0, 0]
F23B12.8a.2: ['exon skipping', 0, 0]
F23B12.8b.1: ['exon skipping', 0, 0]
F23B12.8b.2: ['exon skipping', 0, 0]
>8
FBtr0072733: ['5event', 1210, 1]
FBtr0072732: ['exon skipping', 0, 0]
FBtr0073516: ['exon skipping', 0, 0]
FBtr0340297: ['exon skipping', 0, 0]
F23B12.8a.1: ['exon skipping', 0, 0]
F23B12.8a.2: ['exon skipping', 0, 0]
F23B12.8b.1: ['exon skipping', 0, 0]
F23B12.8b.2: ['exon skipping', 0, 0]
>9
FBtr0072733: ['exon skipping', 0, 0]
FBtr0072732: ['exon skipping', 0, 0]
FBtr0073516: ['exon skipping', 0, 0]
FBtr0340297: ['exon skipping', 0, 0]
F23B12.8a.1: ['5event', 559, 0]
F23B12.8a.2: ['5event', 559, 0]
F23B12.8b.1: ['5event', 559, 0]
F23B12.8b.2: ['5event', 559, 0]
>10
FBtr0072733: ['5event', ['internal gap < 30', 222, 25], 231, 0]
FBtr0072732: ['exon skipping', 0, 0]
FBtr0073516: ['3event', '5event', 191, 0]
FBtr0340297: ['3event', '5event', 191, 0]
F23B12.8a.1: [['internal gap >= 30', 140, 36], 220, 2]
F23B12.8a.2: [['internal gap >= 30', 140, 36], 220, 2]
F23B12.8b.1: [['internal gap >= 30', 140, 36], 220, 2]
F23B12.8b.2: [['internal gap >= 30', 140, 36], 220, 2]
>11
FBtr0072733: ['exon skipping', 0, 0]
FBtr0072732: ['exon skipping', 0, 0]
FBtr0073516: ['exon skipping', 0, 0]
FBtr0340297: ['exon skipping', 0, 0]
F23B12.8a.1: ['no event', 158, 0]
F23B12.8a.2: ['no event', 158, 0]
F23B12.8b.1: ['no event', 158, 0]
F23B12.8b.2: ['no event', 158, 0]
>12
FBtr0072733: ['exon skipping', 0, 0]
FBtr0072732: ['exon skipping', 0, 0]
FBtr0073516: ['5event', 710, 2]
FBtr0340297: ['5event', 710, 2]
F23B12.8a.1: ['exon skipping', 0, 0]
F23B12.8a.2: ['exon skipping', 0, 0]
F23B12.8b.1: ['exon skipping', 0, 0]
F23B12.8b.2: ['exon skipping', 0, 0]
>13
FBtr0072733: ['exon skipping', 0, 0]
FBtr0072732: ['exon skipping', 0, 0]
FBtr0073516: ['3event', 104, 2]
FBtr0340297: ['3event', 104, 2]
F23B12.8a.1: ['5event', ['internal gap < 30', 55, 20], 99, 0]
F23B12.8a.2: ['5event', ['internal gap < 30', 55, 20], 99, 0]
F23B12.8b.1: ['5event', ['internal gap < 30', 55, 20], 99, 0]
F23B12.8b.2: ['5event', ['internal gap < 30', 55, 20], 99, 0]
>14
FBtr0072733: ['5event', 19, 1]
FBtr0072732: ['exon skipping', 0, 0]
FBtr0073516: ['exon skipping', 0, 0]
FBtr0340297: ['exon skipping', 0, 0]
F23B12.8a.1: ['exon skipping', 0, 0]
F23B12.8a.2: ['exon skipping', 0, 0]
F23B12.8b.1: ['exon skipping', 0, 0]
F23B12.8b.2: ['exon skipping', 0, 0]
>15
FBtr0072733: ['no event', 20, 0]
FBtr0072732: ['exon skipping', 0, 0]
FBtr0073516: ['exon skipping', 0, 0]
FBtr0340297: ['exon skipping', 0, 0]
F23B12.8a.1: ['exon skipping', 0, 0]
F23B12.8a.2: ['exon skipping', 0, 0]
F23B12.8b.1: ['exon skipping', 0, 0]
F23B12.8b.2: ['exon skipping', 0, 0]
>16
FBtr0072733: ['exon skipping', 0, 0]
FBtr0072732: ['exon skipping', 0, 0]
FBtr0073516: ['exon skipping', 0, 0]
FBtr0340297: ['exon skipping', 0, 0]
F23B12.8a.1: ['5event', 259, 1]
F23B12.8a.2: ['5event', 259, 1]
F23B12.8b.1: ['5event', 259, 1]
F23B12.8b.2: ['5event', 259, 1]
