>0
ENSCHAT00000035597: [['internal gap < 30', 70, 3], 140, 0]
ENSCHAT00000035619: ['exon skipping', 0, 0]
ENSDCDT00000007764: [['internal gap < 30', 40, 3], 140, 0]
ENSDCDT00000007771: [['internal gap < 30', 40, 3], 140, 0]
ENSDCDT00000007777: ['exon skipping', 0, 0]
ENSDCDT00000007778: ['exon skipping', 0, 0]
ENSDCDT00000007786: [['internal gap < 30', 40, 3], 140, 0]
ENSPMGT00000008781: [['internal gap < 30', 64, 9], 134, 0]
>1
ENSCHAT00000035597: ['no event', 72, 0]
ENSCHAT00000035619: ['5event', 68, 0]
ENSDCDT00000007764: ['no event', 72, 0]
ENSDCDT00000007771: ['no event', 72, 0]
ENSDCDT00000007777: ['5event', 68, 0]
ENSDCDT00000007778: ['5event', 68, 0]
ENSDCDT00000007786: ['no event', 72, 0]
ENSPMGT00000008781: ['no event', 72, 0]
>2
ENSCHAT00000035597: ['no event', 104, 0]
ENSCHAT00000035619: ['no event', 104, 0]
ENSDCDT00000007764: ['no event', 104, 0]
ENSDCDT00000007771: ['no event', 104, 0]
ENSDCDT00000007777: ['no event', 104, 0]
ENSDCDT00000007778: ['no event', 104, 0]
ENSDCDT00000007786: ['no event', 104, 0]
ENSPMGT00000008781: ['no event', 104, 0]
>3
ENSCHAT00000035597: ['exon skipping', 0, 0]
ENSCHAT00000035619: ['no event', 22, 0]
ENSDCDT00000007764: ['exon skipping', 0, 0]
ENSDCDT00000007771: ['exon skipping', 0, 0]
ENSDCDT00000007777: ['exon skipping', 0, 0]
ENSDCDT00000007778: ['exon skipping', 0, 0]
ENSDCDT00000007786: ['exon skipping', 0, 0]
ENSPMGT00000008781: ['exon skipping', 0, 0]
>4
ENSCHAT00000035597: ['5event', 59, 0]
ENSCHAT00000035619: ['exon skipping', 0, 0]
ENSDCDT00000007764: ['5event', 59, 0]
ENSDCDT00000007771: ['5event', 59, 0]
ENSDCDT00000007777: ['5event', 59, 0]
ENSDCDT00000007778: ['5event', 59, 0]
ENSDCDT00000007786: ['5event', 59, 0]
ENSPMGT00000008781: ['5event', 59, 0]
>5
ENSCHAT00000035597: [['internal gap >= 30', 1, 37], 105, 0]
ENSCHAT00000035619: ['5event', 141, 2]
ENSDCDT00000007764: [['internal gap >= 30', 1, 37], 105, 0]
ENSDCDT00000007771: [['internal gap >= 30', 1, 37], 105, 0]
ENSDCDT00000007777: [['internal gap >= 30', 1, 37], 105, 0]
ENSDCDT00000007778: [['internal gap >= 30', 1, 37], 105, 0]
ENSDCDT00000007786: [['internal gap >= 30', 1, 37], 105, 0]
ENSPMGT00000008781: [['internal gap >= 30', 1, 37], 105, 0]
>6
ENSCHAT00000035597: ['exon skipping', 0, 0]
ENSCHAT00000035619: ['exon skipping', 0, 0]
ENSDCDT00000007764: ['exon skipping', 0, 0]
ENSDCDT00000007771: ['exon skipping', 0, 0]
ENSDCDT00000007777: ['exon skipping', 0, 0]
ENSDCDT00000007778: ['no event', 8, 0]
ENSDCDT00000007786: ['exon skipping', 0, 0]
ENSPMGT00000008781: ['exon skipping', 0, 0]
>7
ENSCHAT00000035597: ['5event', 105, 0]
ENSCHAT00000035619: ['5event', 105, 0]
ENSDCDT00000007764: ['5event', 105, 0]
ENSDCDT00000007771: ['5event', 105, 0]
ENSDCDT00000007777: ['5event', 105, 0]
ENSDCDT00000007778: ['no event', 107, 0]
ENSDCDT00000007786: ['5event', 105, 0]
ENSPMGT00000008781: ['5event', 105, 0]
>8
ENSCHAT00000035597: ['no event', 80, 1]
ENSCHAT00000035619: ['no event', 80, 1]
ENSDCDT00000007764: ['no event', 80, 1]
ENSDCDT00000007771: ['no event', 80, 1]
ENSDCDT00000007777: ['no event', 80, 1]
ENSDCDT00000007778: ['exon skipping', 0, 0]
ENSDCDT00000007786: ['no event', 80, 1]
ENSPMGT00000008781: ['no event', 80, 1]
>9
ENSCHAT00000035597: ['no event', 213, 1]
ENSCHAT00000035619: ['no event', 213, 1]
ENSDCDT00000007764: [['internal gap < 30', 72, 3], 210, 1]
ENSDCDT00000007771: [['internal gap < 30', 72, 3], 210, 1]
ENSDCDT00000007777: [['internal gap < 30', 72, 3], 210, 1]
ENSDCDT00000007778: ['5event', ['internal gap < 30', 70, 5], 208, 1]
ENSDCDT00000007786: [['internal gap < 30', 72, 3], 210, 1]
ENSPMGT00000008781: [['internal gap < 30', 72, 3], 210, 1]
>10
ENSCHAT00000035597: ['no event', 135, 0]
ENSCHAT00000035619: ['no event', 135, 0]
ENSDCDT00000007764: ['no event', 135, 0]
ENSDCDT00000007771: ['no event', 135, 0]
ENSDCDT00000007777: ['no event', 135, 0]
ENSDCDT00000007778: ['no event', 135, 0]
ENSDCDT00000007786: ['3event', 124, 0]
ENSPMGT00000008781: ['no event', 135, 0]
>11
ENSCHAT00000035597: ['no event', 107, 1]
ENSCHAT00000035619: ['no event', 107, 1]
ENSDCDT00000007764: ['no event', 107, 1]
ENSDCDT00000007771: ['no event', 107, 1]
ENSDCDT00000007777: ['no event', 107, 1]
ENSDCDT00000007778: ['no event', 107, 1]
ENSDCDT00000007786: ['exon skipping', 0, 0]
ENSPMGT00000008781: ['no event', 107, 1]
>12
ENSCHAT00000035597: ['no event', 150, 1]
ENSCHAT00000035619: ['no event', 150, 1]
ENSDCDT00000007764: ['no event', 150, 1]
ENSDCDT00000007771: ['no event', 150, 1]
ENSDCDT00000007777: ['no event', 150, 1]
ENSDCDT00000007778: ['no event', 150, 1]
ENSDCDT00000007786: ['exon skipping', 0, 0]
ENSPMGT00000008781: ['no event', 150, 1]
>13
ENSCHAT00000035597: [['internal gap >= 30', 172, 693], 388, 2]
ENSCHAT00000035619: [['internal gap >= 30', 172, 693], 388, 2]
ENSDCDT00000007764: [['internal gap >= 30', 173, 693], 388, 2]
ENSDCDT00000007771: [['internal gap >= 30', 173, 693], 388, 2]
ENSDCDT00000007777: [['internal gap >= 30', 173, 693], 388, 2]
ENSDCDT00000007778: [['internal gap >= 30', 173, 693], 388, 2]
ENSDCDT00000007786: ['5event', ['internal gap >= 30', 155, 698], 383, 0]
ENSPMGT00000008781: [['internal gap >= 30', 173, 693], 388, 2]
>14
ENSCHAT00000035597: ['exon skipping', 0, 0]
ENSCHAT00000035619: ['exon skipping', 0, 0]
ENSDCDT00000007764: ['exon skipping', 0, 0]
ENSDCDT00000007771: ['exon skipping', 0, 0]
ENSDCDT00000007777: ['no event', 23, 0]
ENSDCDT00000007778: ['exon skipping', 0, 0]
ENSDCDT00000007786: ['exon skipping', 0, 0]
ENSPMGT00000008781: ['exon skipping', 0, 0]
>15
ENSCHAT00000035597: ['5event', ['internal gap < 30', 89, 5], 105, 0]
ENSCHAT00000035619: ['5event', ['internal gap < 30', 89, 5], 105, 0]
ENSDCDT00000007764: ['3event', '5event', 88, 0]
ENSDCDT00000007771: ['5event', ['internal gap < 30', 89, 5], 105, 0]
ENSDCDT00000007777: ['exon skipping', 0, 0]
ENSDCDT00000007778: ['5event', ['internal gap < 30', 89, 5], 105, 0]
ENSDCDT00000007786: ['5event', ['internal gap < 30', 89, 5], 105, 0]
ENSPMGT00000008781: ['5event', 108, 0]
>16
ENSCHAT00000035597: ['exon skipping', 0, 0]
ENSCHAT00000035619: ['exon skipping', 0, 0]
ENSDCDT00000007764: ['exon skipping', 0, 0]
ENSDCDT00000007771: [['internal gap < 30', 10, 17], 21, 1]
ENSDCDT00000007777: ['exon skipping', 0, 0]
ENSDCDT00000007778: ['exon skipping', 0, 0]
ENSDCDT00000007786: ['exon skipping', 0, 0]
ENSPMGT00000008781: ['no event', 38, 1]
>17
ENSCHAT00000035597: ['exon skipping', 0, 0]
ENSCHAT00000035619: ['exon skipping', 0, 0]
ENSDCDT00000007764: ['exon skipping', 0, 0]
ENSDCDT00000007771: ['no event', 5, 2]
ENSDCDT00000007777: ['exon skipping', 0, 0]
ENSDCDT00000007778: ['exon skipping', 0, 0]
ENSDCDT00000007786: ['exon skipping', 0, 0]
ENSPMGT00000008781: ['exon skipping', 0, 0]
>18
ENSCHAT00000035597: ['exon skipping', 0, 0]
ENSCHAT00000035619: ['exon skipping', 0, 0]
ENSDCDT00000007764: ['exon skipping', 0, 0]
ENSDCDT00000007771: [['internal gap >= 30', 3, 68], 25, 2]
ENSDCDT00000007777: ['5event', 90, 0]
ENSDCDT00000007778: ['exon skipping', 0, 0]
ENSDCDT00000007786: ['exon skipping', 0, 0]
ENSPMGT00000008781: ['exon skipping', 0, 0]
>19
ENSCHAT00000035597: ['5event', ['internal gap < 30', 57, 4], 214, 1]
ENSCHAT00000035619: ['5event', ['internal gap < 30', 57, 4], 214, 1]
ENSDCDT00000007764: ['exon skipping', 0, 0]
ENSDCDT00000007771: [['internal gap < 30', 58, 3], 215, 1]
ENSDCDT00000007777: [['internal gap < 30', 58, 3], 215, 1]
ENSDCDT00000007778: ['5event', ['internal gap < 30', 48, 13], 205, 1]
ENSDCDT00000007786: ['5event', ['internal gap < 30', 57, 4], 214, 1]
ENSPMGT00000008781: ['5event', 211, 1]
>20
ENSCHAT00000035597: ['exon skipping', 0, 0]
ENSCHAT00000035619: ['exon skipping', 0, 0]
ENSDCDT00000007764: ['5event', 61, 1]
ENSDCDT00000007771: ['exon skipping', 0, 0]
ENSDCDT00000007777: ['exon skipping', 0, 0]
ENSDCDT00000007778: ['exon skipping', 0, 0]
ENSDCDT00000007786: ['exon skipping', 0, 0]
ENSPMGT00000008781: ['exon skipping', 0, 0]
