>0
F56A11.3.1: [['internal gap < 30', 72, 15], 97, 0]
Y37E11AR.6a.1: [['internal gap < 30', 28, 6], 106, 0]
Y37E11AR.6b.1: ['exon skipping', 0, 0]
>1
F56A11.3.1: [['internal gap < 30', 88, 3], 350, 2]
Y37E11AR.6a.1: [['internal gap >= 30', 200, 87], 266, 2]
Y37E11AR.6b.1: ['5event', 57, 0]
>2
F56A11.3.1: [['internal gap < 30', 498, 14], 503, 1]
Y37E11AR.6a.1: [['internal gap >= 30', 307, 131], 386, 1]
Y37E11AR.6b.1: [['internal gap >= 30', 307, 131], 386, 1]
>3
F56A11.3.1: [['internal gap < 30', 37, 2], 89, 1]
Y37E11AR.6a.1: [['internal gap < 30', 13, 12], 79, 1]
Y37E11AR.6b.1: [['internal gap < 30', 13, 12], 79, 1]
>4
F56A11.3.1: ['no event', 4, 1]
Y37E11AR.6a.1: ['exon skipping', 0, 0]
Y37E11AR.6b.1: ['exon skipping', 0, 0]
