>0
M03B6.2.1: ['no event', 105, 0]
FBtr0087533: ['exon skipping', 0, 0]
FBtr0087532: ['exon skipping', 0, 0]
FBtr0087534: ['exon skipping', 0, 0]
>1
M03B6.2.1: ['no event', 173, 1]
FBtr0087533: ['exon skipping', 0, 0]
FBtr0087532: ['exon skipping', 0, 0]
FBtr0087534: ['exon skipping', 0, 0]
>2
M03B6.2.1: [['internal gap >= 30', 1139, 865], 1318, 1]
FBtr0087533: ['5event', ['internal gap >= 30', 1724, 302], 1881, 0]
FBtr0087532: ['5event', ['internal gap >= 30', 1724, 302], 1881, 0]
FBtr0087534: ['5event', ['internal gap >= 30', 1724, 302], 1881, 0]
>3
M03B6.2.1: [['internal gap < 30', 1, 4], 158, 1]
FBtr0087533: [['internal gap < 30', 114, 11], 151, 1]
FBtr0087532: [['internal gap < 30', 114, 11], 151, 1]
FBtr0087534: [['internal gap < 30', 114, 11], 151, 1]
>4
M03B6.2.1: ['no event', 34, 1]
FBtr0087533: ['exon skipping', 0, 0]
FBtr0087532: ['exon skipping', 0, 0]
FBtr0087534: ['exon skipping', 0, 0]
