>0
FBtr0302923: ['exon skipping', 0, 0]
FBtr0345481: ['no event', 210, 0]
FBtr0332923: ['exon skipping', 0, 0]
FBtr0332924: ['exon skipping', 0, 0]
FBtr0332922: ['exon skipping', 0, 0]
FBtr0345482: ['no event', 210, 0]
FBtr0345483: ['no event', 210, 0]
FBtr0302922: ['no event', 210, 0]
H10D18.5a.1: ['exon skipping', 0, 0]
H10D18.5b.1: ['exon skipping', 0, 0]
H10D18.5c.1: ['exon skipping', 0, 0]
H10D18.5d.1: ['exon skipping', 0, 0]
>1
FBtr0302923: ['exon skipping', 0, 0]
FBtr0345481: ['exon skipping', 0, 0]
FBtr0332923: ['exon skipping', 0, 0]
FBtr0332924: ['exon skipping', 0, 0]
FBtr0332922: ['exon skipping', 0, 0]
FBtr0345482: ['exon skipping', 0, 0]
FBtr0345483: ['exon skipping', 0, 0]
FBtr0302922: ['exon skipping', 0, 0]
H10D18.5a.1: ['5event', 50, 0]
H10D18.5b.1: ['exon skipping', 0, 0]
H10D18.5c.1: ['exon skipping', 0, 0]
H10D18.5d.1: ['exon skipping', 0, 0]
>2
FBtr0302923: ['exon skipping', 0, 0]
FBtr0345481: ['exon skipping', 0, 0]
FBtr0332923: ['exon skipping', 0, 0]
FBtr0332924: ['exon skipping', 0, 0]
FBtr0332922: ['5event', 183, 0]
FBtr0345482: ['exon skipping', 0, 0]
FBtr0345483: ['exon skipping', 0, 0]
FBtr0302922: ['exon skipping', 0, 0]
H10D18.5a.1: ['exon skipping', 0, 0]
H10D18.5b.1: ['exon skipping', 0, 0]
H10D18.5c.1: ['exon skipping', 0, 0]
H10D18.5d.1: ['exon skipping', 0, 0]
>3
FBtr0302923: ['5event', 183, 0]
FBtr0345481: ['exon skipping', 0, 0]
FBtr0332923: ['5event', 192, 0]
FBtr0332924: ['5event', 183, 0]
FBtr0332922: ['exon skipping', 0, 0]
FBtr0345482: ['exon skipping', 0, 0]
FBtr0345483: ['exon skipping', 0, 0]
FBtr0302922: ['exon skipping', 0, 0]
H10D18.5a.1: ['exon skipping', 0, 0]
H10D18.5b.1: ['exon skipping', 0, 0]
H10D18.5c.1: ['exon skipping', 0, 0]
H10D18.5d.1: ['exon skipping', 0, 0]
>4
FBtr0302923: ['no event', 417, 1]
FBtr0345481: ['exon skipping', 0, 0]
FBtr0332923: ['exon skipping', 0, 0]
FBtr0332924: ['3event', 163, 1]
FBtr0332922: ['exon skipping', 0, 0]
FBtr0345482: ['5event', 416, 1]
FBtr0345483: ['exon skipping', 0, 0]
FBtr0302922: ['exon skipping', 0, 0]
H10D18.5a.1: ['exon skipping', 0, 0]
H10D18.5b.1: ['exon skipping', 0, 0]
H10D18.5c.1: ['exon skipping', 0, 0]
H10D18.5d.1: ['exon skipping', 0, 0]
>5
FBtr0302923: ['no event', 128, 1]
FBtr0345481: ['5event', 127, 1]
FBtr0332923: ['5event', 127, 1]
FBtr0332924: ['5event', 127, 1]
FBtr0332922: ['5event', 127, 1]
FBtr0345482: ['no event', 128, 1]
FBtr0345483: ['5event', 127, 1]
FBtr0302922: ['5event', 127, 1]
H10D18.5a.1: ['exon skipping', 0, 0]
H10D18.5b.1: ['exon skipping', 0, 0]
H10D18.5c.1: ['exon skipping', 0, 0]
H10D18.5d.1: ['exon skipping', 0, 0]
>6
FBtr0302923: [['internal gap < 30', 206, 19], 243, 0]
FBtr0345481: [['internal gap < 30', 206, 19], 243, 0]
FBtr0332923: [['internal gap < 30', 206, 19], 243, 0]
FBtr0332924: [['internal gap < 30', 206, 19], 243, 0]
FBtr0332922: [['internal gap < 30', 206, 19], 243, 0]
FBtr0345482: [['internal gap < 30', 206, 19], 243, 0]
FBtr0345483: [['internal gap < 30', 206, 19], 243, 0]
FBtr0302922: [['internal gap < 30', 206, 19], 243, 0]
H10D18.5a.1: ['exon skipping', 0, 0]
H10D18.5b.1: ['3event', '5event', 204, 0]
H10D18.5c.1: ['exon skipping', 0, 0]
H10D18.5d.1: ['exon skipping', 0, 0]
>7
FBtr0302923: ['no event', 114, 1]
FBtr0345481: ['no event', 114, 1]
FBtr0332923: ['no event', 114, 1]
FBtr0332924: ['no event', 114, 1]
FBtr0332922: ['no event', 114, 1]
FBtr0345482: ['no event', 114, 1]
FBtr0345483: ['no event', 114, 1]
FBtr0302922: ['no event', 114, 1]
H10D18.5a.1: ['exon skipping', 0, 0]
H10D18.5b.1: ['exon skipping', 0, 0]
H10D18.5c.1: ['exon skipping', 0, 0]
H10D18.5d.1: ['exon skipping', 0, 0]
>8
FBtr0302923: ['exon skipping', 0, 0]
FBtr0345481: ['exon skipping', 0, 0]
FBtr0332923: ['exon skipping', 0, 0]
FBtr0332924: ['exon skipping', 0, 0]
FBtr0332922: ['exon skipping', 0, 0]
FBtr0345482: ['exon skipping', 0, 0]
FBtr0345483: ['exon skipping', 0, 0]
FBtr0302922: ['exon skipping', 0, 0]
H10D18.5a.1: ['exon skipping', 0, 0]
H10D18.5b.1: ['exon skipping', 0, 0]
H10D18.5c.1: ['5event', 77, 0]
H10D18.5d.1: ['exon skipping', 0, 0]
>9
FBtr0302923: ['exon skipping', 0, 0]
FBtr0345481: ['exon skipping', 0, 0]
FBtr0332923: ['exon skipping', 0, 0]
FBtr0332924: ['exon skipping', 0, 0]
FBtr0332922: ['exon skipping', 0, 0]
FBtr0345482: ['exon skipping', 0, 0]
FBtr0345483: ['exon skipping', 0, 0]
FBtr0302922: ['exon skipping', 0, 0]
H10D18.5a.1: ['5event', 100, 0]
H10D18.5b.1: ['5event', 100, 0]
H10D18.5c.1: ['no event', 101, 0]
H10D18.5d.1: ['5event', 64, 0]
>10
FBtr0302923: ['exon skipping', 0, 0]
FBtr0345481: ['exon skipping', 0, 0]
FBtr0332923: ['exon skipping', 0, 0]
FBtr0332924: ['exon skipping', 0, 0]
FBtr0332922: ['exon skipping', 0, 0]
FBtr0345482: ['exon skipping', 0, 0]
FBtr0345483: ['exon skipping', 0, 0]
FBtr0302922: ['exon skipping', 0, 0]
H10D18.5a.1: ['no event', 109, 2]
H10D18.5b.1: ['no event', 109, 2]
H10D18.5c.1: ['no event', 109, 2]
H10D18.5d.1: ['no event', 109, 2]
>11
FBtr0302923: ['exon skipping', 0, 0]
FBtr0345481: ['exon skipping', 0, 0]
FBtr0332923: ['exon skipping', 0, 0]
FBtr0332924: ['exon skipping', 0, 0]
FBtr0332922: ['exon skipping', 0, 0]
FBtr0345482: ['exon skipping', 0, 0]
FBtr0345483: ['exon skipping', 0, 0]
FBtr0302922: ['exon skipping', 0, 0]
H10D18.5a.1: ['no event', 113, 1]
H10D18.5b.1: ['no event', 113, 1]
H10D18.5c.1: ['no event', 113, 1]
H10D18.5d.1: ['no event', 113, 1]
>12
FBtr0302923: ['exon skipping', 0, 0]
FBtr0345481: ['exon skipping', 0, 0]
FBtr0332923: ['exon skipping', 0, 0]
FBtr0332924: ['exon skipping', 0, 0]
FBtr0332922: ['exon skipping', 0, 0]
FBtr0345482: ['exon skipping', 0, 0]
FBtr0345483: ['exon skipping', 0, 0]
FBtr0302922: ['exon skipping', 0, 0]
H10D18.5a.1: ['no event', 234, 1]
H10D18.5b.1: ['no event', 234, 1]
H10D18.5c.1: ['no event', 234, 1]
H10D18.5d.1: ['no event', 234, 1]
>13
FBtr0302923: ['5event', ['internal gap >= 30', 77, 37], 141, 2]
FBtr0345481: ['5event', ['internal gap >= 30', 77, 37], 141, 2]
FBtr0332923: ['5event', ['internal gap >= 30', 77, 37], 141, 2]
FBtr0332924: ['5event', ['internal gap >= 30', 77, 37], 141, 2]
FBtr0332922: ['5event', ['internal gap >= 30', 77, 37], 141, 2]
FBtr0345482: ['5event', ['internal gap >= 30', 77, 37], 141, 2]
FBtr0345483: ['5event', ['internal gap >= 30', 77, 37], 141, 2]
FBtr0302922: ['5event', ['internal gap >= 30', 77, 37], 141, 2]
H10D18.5a.1: [['internal gap < 30', 142, 27], 151, 2]
H10D18.5b.1: [['internal gap < 30', 142, 27], 151, 2]
H10D18.5c.1: [['internal gap < 30', 142, 27], 151, 2]
H10D18.5d.1: [['internal gap < 30', 142, 27], 151, 2]
>14
FBtr0302923: ['no event', 73, 0]
FBtr0345481: ['no event', 73, 0]
FBtr0332923: ['no event', 73, 0]
FBtr0332924: ['no event', 73, 0]
FBtr0332922: ['no event', 73, 0]
FBtr0345482: ['no event', 73, 0]
FBtr0345483: ['no event', 73, 0]
FBtr0302922: ['no event', 73, 0]
H10D18.5a.1: ['exon skipping', 0, 0]
H10D18.5b.1: ['exon skipping', 0, 0]
H10D18.5c.1: ['exon skipping', 0, 0]
H10D18.5d.1: ['exon skipping', 0, 0]
>15
FBtr0302923: [['internal gap >= 30', 172, 79], 195, 2]
FBtr0345481: [['internal gap >= 30', 172, 79], 195, 2]
FBtr0332923: [['internal gap >= 30', 172, 79], 195, 2]
FBtr0332924: [['internal gap >= 30', 172, 79], 195, 2]
FBtr0332922: [['internal gap >= 30', 172, 79], 195, 2]
FBtr0345482: [['internal gap >= 30', 172, 79], 195, 2]
FBtr0345483: [['internal gap >= 30', 172, 79], 195, 2]
FBtr0302922: [['internal gap >= 30', 172, 79], 195, 2]
H10D18.5a.1: ['3event', '5event', 270, 0]
H10D18.5b.1: ['3event', '5event', 270, 0]
H10D18.5c.1: ['3event', '5event', 270, 0]
H10D18.5d.1: ['3event', '5event', 270, 0]
