>0
FBtr0087678: ['no event', 774, 0]
FBtr0330617: ['no event', 774, 0]
FBtr0330618: ['no event', 774, 0]
Y71F9B.6a.1: [['internal gap >= 30', 106, 652], 122, 0]
Y71F9B.6b.1: [['internal gap >= 30', 106, 652], 122, 0]
Y71F9B.6c.1: [['internal gap >= 30', 106, 652], 122, 0]
Y71F9B.6d.1: ['exon skipping', 0, 0]
Y71F9B.6e.1: ['exon skipping', 0, 0]
>1
FBtr0087678: ['no event', 69, 1]
FBtr0330617: ['no event', 69, 1]
FBtr0330618: ['no event', 69, 1]
Y71F9B.6a.1: ['exon skipping', 0, 0]
Y71F9B.6b.1: ['exon skipping', 0, 0]
Y71F9B.6c.1: ['exon skipping', 0, 0]
Y71F9B.6d.1: ['exon skipping', 0, 0]
Y71F9B.6e.1: ['exon skipping', 0, 0]
>2
FBtr0087678: ['no event', 383, 2]
FBtr0330617: ['no event', 383, 2]
FBtr0330618: ['no event', 383, 2]
Y71F9B.6a.1: ['exon skipping', 0, 0]
Y71F9B.6b.1: ['exon skipping', 0, 0]
Y71F9B.6c.1: ['exon skipping', 0, 0]
Y71F9B.6d.1: ['exon skipping', 0, 0]
Y71F9B.6e.1: ['exon skipping', 0, 0]
>3
FBtr0087678: ['no event', 129, 2]
FBtr0330617: ['no event', 129, 2]
FBtr0330618: ['no event', 129, 2]
Y71F9B.6a.1: ['5event', 120, 0]
Y71F9B.6b.1: ['5event', 120, 0]
Y71F9B.6c.1: ['5event', 120, 0]
Y71F9B.6d.1: ['exon skipping', 0, 0]
Y71F9B.6e.1: ['exon skipping', 0, 0]
>4
FBtr0087678: ['exon skipping', 0, 0]
FBtr0330617: ['exon skipping', 0, 0]
FBtr0330618: ['exon skipping', 0, 0]
Y71F9B.6a.1: ['no event', 36, 1]
Y71F9B.6b.1: ['no event', 36, 1]
Y71F9B.6c.1: ['no event', 36, 1]
Y71F9B.6d.1: ['exon skipping', 0, 0]
Y71F9B.6e.1: ['exon skipping', 0, 0]
>5
FBtr0087678: ['5event', ['internal gap < 30', 118, 8], 148, 0]
FBtr0330617: ['5event', ['internal gap < 30', 118, 8], 148, 0]
FBtr0330618: ['5event', ['internal gap < 30', 118, 8], 148, 0]
Y71F9B.6a.1: [['internal gap >= 30', 97, 47], 109, 2]
Y71F9B.6b.1: [['internal gap >= 30', 97, 47], 109, 2]
Y71F9B.6c.1: [['internal gap >= 30', 97, 47], 109, 2]
Y71F9B.6d.1: ['exon skipping', 0, 0]
Y71F9B.6e.1: ['exon skipping', 0, 0]
>6
FBtr0087678: ['exon skipping', 0, 0]
FBtr0330617: ['no event', 32, 2]
FBtr0330618: ['exon skipping', 0, 0]
Y71F9B.6a.1: ['exon skipping', 0, 0]
Y71F9B.6b.1: ['exon skipping', 0, 0]
Y71F9B.6c.1: ['exon skipping', 0, 0]
Y71F9B.6d.1: ['exon skipping', 0, 0]
Y71F9B.6e.1: ['exon skipping', 0, 0]
>7
FBtr0087678: ['exon skipping', 0, 0]
FBtr0330617: ['exon skipping', 0, 0]
FBtr0330618: ['exon skipping', 0, 0]
Y71F9B.6a.1: ['5event', 19, 2]
Y71F9B.6b.1: ['5event', 19, 2]
Y71F9B.6c.1: ['5event', 19, 2]
Y71F9B.6d.1: ['exon skipping', 0, 0]
Y71F9B.6e.1: ['exon skipping', 0, 0]
>8
FBtr0087678: ['exon skipping', 0, 0]
FBtr0330617: ['exon skipping', 0, 0]
FBtr0330618: ['exon skipping', 0, 0]
Y71F9B.6a.1: ['no event', 84, 1]
Y71F9B.6b.1: ['no event', 84, 1]
Y71F9B.6c.1: ['no event', 84, 1]
Y71F9B.6d.1: ['exon skipping', 0, 0]
Y71F9B.6e.1: ['exon skipping', 0, 0]
>9
FBtr0087678: ['exon skipping', 0, 0]
FBtr0330617: ['exon skipping', 0, 0]
FBtr0330618: ['exon skipping', 0, 0]
Y71F9B.6a.1: ['no event', 149, 2]
Y71F9B.6b.1: ['exon skipping', 0, 0]
Y71F9B.6c.1: ['no event', 149, 2]
Y71F9B.6d.1: ['exon skipping', 0, 0]
Y71F9B.6e.1: ['exon skipping', 0, 0]
>10
FBtr0087678: ['exon skipping', 0, 0]
FBtr0330617: ['exon skipping', 0, 0]
FBtr0330618: ['exon skipping', 0, 0]
Y71F9B.6a.1: ['no event', 177, 2]
Y71F9B.6b.1: ['5event', 174, 2]
Y71F9B.6c.1: ['no event', 177, 2]
Y71F9B.6d.1: ['exon skipping', 0, 0]
Y71F9B.6e.1: ['exon skipping', 0, 0]
>11
FBtr0087678: ['5event', 117, 2]
FBtr0330617: ['5event', 117, 2]
FBtr0330618: ['5event', 117, 2]
Y71F9B.6a.1: ['exon skipping', 0, 0]
Y71F9B.6b.1: ['exon skipping', 0, 0]
Y71F9B.6c.1: ['exon skipping', 0, 0]
Y71F9B.6d.1: ['exon skipping', 0, 0]
Y71F9B.6e.1: ['exon skipping', 0, 0]
>12
FBtr0087678: ['3event', 186, 0]
FBtr0330617: ['3event', 186, 0]
FBtr0330618: ['3event', 186, 0]
Y71F9B.6a.1: ['5event', ['internal gap < 30', 207, 12], 440, 0]
Y71F9B.6b.1: ['5event', ['internal gap < 30', 207, 12], 440, 0]
Y71F9B.6c.1: ['5event', ['internal gap < 30', 207, 12], 440, 0]
Y71F9B.6d.1: ['5event', ['internal gap >= 30', 174, 45], 407, 0]
Y71F9B.6e.1: ['exon skipping', 0, 0]
>13
FBtr0087678: ['exon skipping', 0, 0]
FBtr0330617: ['exon skipping', 0, 0]
FBtr0330618: ['exon skipping', 0, 0]
Y71F9B.6a.1: ['no event', 98, 0]
Y71F9B.6b.1: ['exon skipping', 0, 0]
Y71F9B.6c.1: ['exon skipping', 0, 0]
Y71F9B.6d.1: ['exon skipping', 0, 0]
Y71F9B.6e.1: ['exon skipping', 0, 0]
>14
FBtr0087678: ['5event', 99, 2]
FBtr0330617: ['5event', 99, 2]
FBtr0330618: ['5event', 99, 2]
Y71F9B.6a.1: ['exon skipping', 0, 0]
Y71F9B.6b.1: ['exon skipping', 0, 0]
Y71F9B.6c.1: ['exon skipping', 0, 0]
Y71F9B.6d.1: ['exon skipping', 0, 0]
Y71F9B.6e.1: ['exon skipping', 0, 0]
>15
FBtr0087678: ['3event', 244, 0]
FBtr0330617: ['3event', 244, 0]
FBtr0330618: [['internal gap < 30', 154, 5], 246, 0]
Y71F9B.6a.1: ['5event', ['internal gap < 30', 132, 6], 245, 0]
Y71F9B.6b.1: ['5event', ['internal gap < 30', 132, 6], 245, 0]
Y71F9B.6c.1: ['5event', ['internal gap < 30', 132, 6], 245, 0]
Y71F9B.6d.1: ['5event', ['internal gap < 30', 132, 6], 245, 0]
Y71F9B.6e.1: ['5event', ['internal gap >= 30', 69, 69], 182, 0]
>16
FBtr0087678: ['exon skipping', 0, 0]
FBtr0330617: ['exon skipping', 0, 0]
FBtr0330618: ['no event', 83, 0]
Y71F9B.6a.1: ['exon skipping', 0, 0]
Y71F9B.6b.1: ['exon skipping', 0, 0]
Y71F9B.6c.1: ['exon skipping', 0, 0]
Y71F9B.6d.1: ['exon skipping', 0, 0]
Y71F9B.6e.1: ['exon skipping', 0, 0]
