>0
FBtr0334171: ['no event', 410, 0]
FBtr0081466: ['no event', 410, 0]
FBtr0306016: ['no event', 410, 0]
FBtr0299908: ['no event', 410, 0]
FBtr0306015: ['no event', 410, 0]
FBtr0334172: ['no event', 410, 0]
FBtr0334173: ['no event', 410, 0]
FBtr0299910: ['no event', 410, 0]
FBtr0299909: ['no event', 410, 0]
FBtr0299911: ['no event', 410, 0]
FBtr0299912: ['no event', 410, 0]
FBtr0081467: ['no event', 410, 0]
F14B8.1a.1: ['exon skipping', 0, 0]
F14B8.1a.2: ['exon skipping', 0, 0]
F14B8.1b.1: ['exon skipping', 0, 0]
>1
FBtr0334171: ['exon skipping', 0, 0]
FBtr0081466: ['exon skipping', 0, 0]
FBtr0306016: ['exon skipping', 0, 0]
FBtr0299908: ['exon skipping', 0, 0]
FBtr0306015: ['exon skipping', 0, 0]
FBtr0334172: ['exon skipping', 0, 0]
FBtr0334173: ['exon skipping', 0, 0]
FBtr0299910: ['exon skipping', 0, 0]
FBtr0299909: ['exon skipping', 0, 0]
FBtr0299911: ['exon skipping', 0, 0]
FBtr0299912: ['exon skipping', 0, 0]
FBtr0081467: ['exon skipping', 0, 0]
F14B8.1a.1: ['5event', 3, 0]
F14B8.1a.2: ['5event', 3, 0]
F14B8.1b.1: ['exon skipping', 0, 0]
>2
FBtr0334171: ['exon skipping', 0, 0]
FBtr0081466: ['exon skipping', 0, 0]
FBtr0306016: ['exon skipping', 0, 0]
FBtr0299908: ['exon skipping', 0, 0]
FBtr0306015: ['exon skipping', 0, 0]
FBtr0334172: ['exon skipping', 0, 0]
FBtr0334173: ['exon skipping', 0, 0]
FBtr0299910: ['exon skipping', 0, 0]
FBtr0299909: ['exon skipping', 0, 0]
FBtr0299911: ['exon skipping', 0, 0]
FBtr0299912: ['exon skipping', 0, 0]
FBtr0081467: ['exon skipping', 0, 0]
F14B8.1a.1: ['no event', 80, 1]
F14B8.1a.2: ['no event', 80, 1]
F14B8.1b.1: ['exon skipping', 0, 0]
>3
FBtr0334171: ['exon skipping', 0, 0]
FBtr0081466: ['exon skipping', 0, 0]
FBtr0306016: ['exon skipping', 0, 0]
FBtr0299908: ['exon skipping', 0, 0]
FBtr0306015: ['exon skipping', 0, 0]
FBtr0334172: ['exon skipping', 0, 0]
FBtr0334173: ['exon skipping', 0, 0]
FBtr0299910: ['exon skipping', 0, 0]
FBtr0299909: ['exon skipping', 0, 0]
FBtr0299911: ['exon skipping', 0, 0]
FBtr0299912: ['exon skipping', 0, 0]
FBtr0081467: ['exon skipping', 0, 0]
F14B8.1a.1: ['no event', 108, 1]
F14B8.1a.2: ['no event', 108, 1]
F14B8.1b.1: ['exon skipping', 0, 0]
>4
FBtr0334171: ['5event', 222, 0]
FBtr0081466: ['5event', 222, 0]
FBtr0306016: ['5event', 222, 0]
FBtr0299908: ['5event', 222, 0]
FBtr0306015: ['5event', 222, 0]
FBtr0334172: ['5event', 222, 0]
FBtr0334173: ['5event', 222, 0]
FBtr0299910: ['5event', 222, 0]
FBtr0299909: ['5event', 222, 0]
FBtr0299911: ['5event', 222, 0]
FBtr0299912: ['5event', 222, 0]
FBtr0081467: ['5event', 222, 0]
F14B8.1a.1: [['internal gap >= 30', 61, 68], 157, 2]
F14B8.1a.2: [['internal gap >= 30', 61, 68], 157, 2]
F14B8.1b.1: ['5event', ['internal gap >= 30', 57, 72], 153, 0]
>5
FBtr0334171: [['internal gap >= 30', 248, 204], 263, 1]
FBtr0081466: [['internal gap >= 30', 248, 204], 263, 1]
FBtr0306016: [['internal gap >= 30', 248, 204], 263, 1]
FBtr0299908: [['internal gap >= 30', 248, 204], 263, 1]
FBtr0306015: [['internal gap >= 30', 248, 204], 263, 1]
FBtr0334172: [['internal gap >= 30', 248, 204], 263, 1]
FBtr0334173: [['internal gap >= 30', 248, 204], 263, 1]
FBtr0299910: [['internal gap >= 30', 248, 204], 263, 1]
FBtr0299909: [['internal gap >= 30', 248, 204], 263, 1]
FBtr0299911: [['internal gap >= 30', 248, 204], 263, 1]
FBtr0299912: [['internal gap >= 30', 248, 204], 263, 1]
FBtr0081467: [['internal gap >= 30', 248, 204], 263, 1]
F14B8.1a.1: [['internal gap < 30', 101, 18], 449, 1]
F14B8.1a.2: [['internal gap < 30', 101, 18], 449, 1]
F14B8.1b.1: [['internal gap < 30', 101, 18], 449, 1]
>6
FBtr0334171: ['no event', 199, 1]
FBtr0081466: ['no event', 199, 1]
FBtr0306016: ['no event', 199, 1]
FBtr0299908: ['no event', 199, 1]
FBtr0306015: ['no event', 199, 1]
FBtr0334172: ['no event', 199, 1]
FBtr0334173: ['no event', 199, 1]
FBtr0299910: ['no event', 199, 1]
FBtr0299909: ['no event', 199, 1]
FBtr0299911: ['no event', 199, 1]
FBtr0299912: ['no event', 199, 1]
FBtr0081467: ['no event', 199, 1]
F14B8.1a.1: ['exon skipping', 0, 0]
F14B8.1a.2: ['exon skipping', 0, 0]
F14B8.1b.1: ['exon skipping', 0, 0]
>7
FBtr0334171: ['no event', 120, 0]
FBtr0081466: ['no event', 120, 0]
FBtr0306016: ['no event', 120, 0]
FBtr0299908: ['no event', 120, 0]
FBtr0306015: ['no event', 120, 0]
FBtr0334172: ['no event', 120, 0]
FBtr0334173: ['no event', 120, 0]
FBtr0299910: ['no event', 120, 0]
FBtr0299909: ['no event', 120, 0]
FBtr0299911: ['no event', 120, 0]
FBtr0299912: ['no event', 120, 0]
FBtr0081467: ['no event', 120, 0]
F14B8.1a.1: ['exon skipping', 0, 0]
F14B8.1a.2: ['exon skipping', 0, 0]
F14B8.1b.1: ['exon skipping', 0, 0]
>8
FBtr0334171: ['exon skipping', 0, 0]
FBtr0081466: ['exon skipping', 0, 0]
FBtr0306016: ['exon skipping', 0, 0]
FBtr0299908: ['exon skipping', 0, 0]
FBtr0306015: ['exon skipping', 0, 0]
FBtr0334172: ['exon skipping', 0, 0]
FBtr0334173: ['exon skipping', 0, 0]
FBtr0299910: ['exon skipping', 0, 0]
FBtr0299909: ['exon skipping', 0, 0]
FBtr0299911: ['exon skipping', 0, 0]
FBtr0299912: ['exon skipping', 0, 0]
FBtr0081467: ['exon skipping', 0, 0]
F14B8.1a.1: ['5event', 165, 1]
F14B8.1a.2: ['5event', 165, 1]
F14B8.1b.1: ['5event', 165, 1]
>9
FBtr0334171: ['5event', 138, 1]
FBtr0081466: ['5event', 138, 1]
FBtr0306016: ['5event', 138, 1]
FBtr0299908: ['5event', 138, 1]
FBtr0306015: ['5event', 138, 1]
FBtr0334172: ['5event', 138, 1]
FBtr0334173: ['5event', 138, 1]
FBtr0299910: ['5event', 138, 1]
FBtr0299909: ['5event', 138, 1]
FBtr0299911: ['5event', 138, 1]
FBtr0299912: ['5event', 138, 1]
FBtr0081467: ['5event', 138, 1]
F14B8.1a.1: [['internal gap >= 30', 1, 37], 102, 2]
F14B8.1a.2: [['internal gap >= 30', 1, 37], 102, 2]
F14B8.1b.1: [['internal gap >= 30', 1, 37], 102, 2]
>10
FBtr0334171: ['exon skipping', 0, 0]
FBtr0081466: ['exon skipping', 0, 0]
FBtr0306016: ['exon skipping', 0, 0]
FBtr0299908: ['exon skipping', 0, 0]
FBtr0306015: ['exon skipping', 0, 0]
FBtr0334172: ['exon skipping', 0, 0]
FBtr0334173: ['exon skipping', 0, 0]
FBtr0299910: ['exon skipping', 0, 0]
FBtr0299909: ['exon skipping', 0, 0]
FBtr0299911: ['exon skipping', 0, 0]
FBtr0299912: ['exon skipping', 0, 0]
FBtr0081467: ['exon skipping', 0, 0]
F14B8.1a.1: ['no event', 101, 2]
F14B8.1a.2: ['no event', 101, 2]
F14B8.1b.1: ['no event', 101, 2]
>11
FBtr0334171: ['5event', 217, 2]
FBtr0081466: ['5event', 217, 2]
FBtr0306016: ['5event', 217, 2]
FBtr0299908: ['5event', 217, 2]
FBtr0306015: ['5event', 217, 2]
FBtr0334172: ['5event', 217, 2]
FBtr0334173: ['5event', 217, 2]
FBtr0299910: ['5event', 217, 2]
FBtr0299909: ['5event', 217, 2]
FBtr0299911: ['5event', 217, 2]
FBtr0299912: ['5event', 217, 2]
FBtr0081467: ['5event', 217, 2]
F14B8.1a.1: ['exon skipping', 0, 0]
F14B8.1a.2: ['exon skipping', 0, 0]
F14B8.1b.1: ['exon skipping', 0, 0]
>12
FBtr0334171: ['exon skipping', 0, 0]
FBtr0081466: ['exon skipping', 0, 0]
FBtr0306016: ['exon skipping', 0, 0]
FBtr0299908: ['exon skipping', 0, 0]
FBtr0306015: ['exon skipping', 0, 0]
FBtr0334172: ['exon skipping', 0, 0]
FBtr0334173: ['exon skipping', 0, 0]
FBtr0299910: ['exon skipping', 0, 0]
FBtr0299909: ['exon skipping', 0, 0]
FBtr0299911: ['exon skipping', 0, 0]
FBtr0299912: ['exon skipping', 0, 0]
FBtr0081467: ['exon skipping', 0, 0]
F14B8.1a.1: ['5event', 115, 2]
F14B8.1a.2: ['5event', 115, 2]
F14B8.1b.1: ['5event', 115, 2]
>13
FBtr0334171: ['5event', ['internal gap < 30', 170, 26], 292, 1]
FBtr0081466: ['5event', ['internal gap < 30', 170, 26], 292, 1]
FBtr0306016: ['5event', ['internal gap < 30', 170, 26], 292, 1]
FBtr0299908: ['5event', ['internal gap < 30', 170, 26], 292, 1]
FBtr0306015: ['5event', ['internal gap < 30', 170, 26], 292, 1]
FBtr0334172: ['5event', ['internal gap < 30', 170, 26], 292, 1]
FBtr0334173: ['5event', ['internal gap < 30', 170, 26], 292, 1]
FBtr0299910: ['5event', ['internal gap < 30', 170, 26], 292, 1]
FBtr0299909: ['5event', ['internal gap < 30', 170, 26], 292, 1]
FBtr0299911: ['5event', ['internal gap < 30', 170, 26], 292, 1]
FBtr0299912: ['5event', ['internal gap < 30', 170, 26], 292, 1]
FBtr0081467: ['5event', ['internal gap < 30', 170, 26], 292, 1]
F14B8.1a.1: ['3event', 210, 1]
F14B8.1a.2: ['3event', 210, 1]
F14B8.1b.1: ['3event', 210, 1]
>14
FBtr0334171: ['no event', 125, 0]
FBtr0081466: ['no event', 125, 0]
FBtr0306016: ['no event', 125, 0]
FBtr0299908: ['no event', 125, 0]
FBtr0306015: ['no event', 125, 0]
FBtr0334172: ['no event', 125, 0]
FBtr0334173: ['no event', 125, 0]
FBtr0299910: ['no event', 125, 0]
FBtr0299909: ['no event', 125, 0]
FBtr0299911: ['no event', 125, 0]
FBtr0299912: ['no event', 125, 0]
FBtr0081467: ['no event', 125, 0]
F14B8.1a.1: ['exon skipping', 0, 0]
F14B8.1a.2: ['exon skipping', 0, 0]
F14B8.1b.1: ['exon skipping', 0, 0]
>15
FBtr0334171: ['exon skipping', 0, 0]
FBtr0081466: ['exon skipping', 0, 0]
FBtr0306016: ['exon skipping', 0, 0]
FBtr0299908: ['exon skipping', 0, 0]
FBtr0306015: ['exon skipping', 0, 0]
FBtr0334172: ['exon skipping', 0, 0]
FBtr0334173: ['exon skipping', 0, 0]
FBtr0299910: ['exon skipping', 0, 0]
FBtr0299909: ['no event', 20, 0]
FBtr0299911: ['exon skipping', 0, 0]
FBtr0299912: ['exon skipping', 0, 0]
FBtr0081467: ['exon skipping', 0, 0]
F14B8.1a.1: ['exon skipping', 0, 0]
F14B8.1a.2: ['exon skipping', 0, 0]
F14B8.1b.1: ['exon skipping', 0, 0]
>16
FBtr0334171: ['exon skipping', 0, 0]
FBtr0081466: ['exon skipping', 0, 0]
FBtr0306016: ['exon skipping', 0, 0]
FBtr0299908: ['exon skipping', 0, 0]
FBtr0306015: ['exon skipping', 0, 0]
FBtr0334172: ['exon skipping', 0, 0]
FBtr0334173: ['exon skipping', 0, 0]
FBtr0299910: ['exon skipping', 0, 0]
FBtr0299909: ['exon skipping', 0, 0]
FBtr0299911: ['5event', 173, 0]
FBtr0299912: ['exon skipping', 0, 0]
FBtr0081467: ['exon skipping', 0, 0]
F14B8.1a.1: ['exon skipping', 0, 0]
F14B8.1a.2: ['exon skipping', 0, 0]
F14B8.1b.1: ['exon skipping', 0, 0]
>17
FBtr0334171: ['5event', 157, 0]
FBtr0081466: ['5event', 157, 0]
FBtr0306016: ['5event', 157, 0]
FBtr0299908: ['5event', 157, 0]
FBtr0306015: ['5event', 157, 0]
FBtr0334172: ['5event', 157, 0]
FBtr0334173: ['5event', 157, 0]
FBtr0299910: ['5event', 157, 0]
FBtr0299909: ['exon skipping', 0, 0]
FBtr0299911: ['exon skipping', 0, 0]
FBtr0299912: ['5event', 157, 0]
FBtr0081467: ['5event', 157, 0]
F14B8.1a.1: ['exon skipping', 0, 0]
F14B8.1a.2: ['exon skipping', 0, 0]
F14B8.1b.1: ['exon skipping', 0, 0]
>18
FBtr0334171: ['no event', 29, 2]
FBtr0081466: ['exon skipping', 0, 0]
FBtr0306016: ['exon skipping', 0, 0]
FBtr0299908: ['exon skipping', 0, 0]
FBtr0306015: ['exon skipping', 0, 0]
FBtr0334172: ['no event', 29, 2]
FBtr0334173: ['no event', 29, 2]
FBtr0299910: ['no event', 29, 2]
FBtr0299909: ['exon skipping', 0, 0]
FBtr0299911: ['exon skipping', 0, 0]
FBtr0299912: ['exon skipping', 0, 0]
FBtr0081467: ['exon skipping', 0, 0]
F14B8.1a.1: ['exon skipping', 0, 0]
F14B8.1a.2: ['exon skipping', 0, 0]
F14B8.1b.1: ['exon skipping', 0, 0]
>19
FBtr0334171: ['no event', 140, 2]
FBtr0081466: ['5event', 138, 2]
FBtr0306016: ['5event', 138, 2]
FBtr0299908: ['5event', 138, 2]
FBtr0306015: ['5event', 138, 2]
FBtr0334172: ['no event', 140, 2]
FBtr0334173: ['no event', 140, 2]
FBtr0299910: ['no event', 140, 2]
FBtr0299909: ['exon skipping', 0, 0]
FBtr0299911: ['exon skipping', 0, 0]
FBtr0299912: ['5event', 138, 2]
FBtr0081467: ['5event', 138, 2]
F14B8.1a.1: ['exon skipping', 0, 0]
F14B8.1a.2: ['exon skipping', 0, 0]
F14B8.1b.1: ['exon skipping', 0, 0]
>20
FBtr0334171: ['no event', 14, 0]
FBtr0081466: ['exon skipping', 0, 0]
FBtr0306016: ['exon skipping', 0, 0]
FBtr0299908: ['exon skipping', 0, 0]
FBtr0306015: ['exon skipping', 0, 0]
FBtr0334172: ['exon skipping', 0, 0]
FBtr0334173: ['exon skipping', 0, 0]
FBtr0299910: ['exon skipping', 0, 0]
FBtr0299909: ['exon skipping', 0, 0]
FBtr0299911: ['exon skipping', 0, 0]
FBtr0299912: ['exon skipping', 0, 0]
FBtr0081467: ['exon skipping', 0, 0]
F14B8.1a.1: ['exon skipping', 0, 0]
F14B8.1a.2: ['exon skipping', 0, 0]
F14B8.1b.1: ['exon skipping', 0, 0]
>21
FBtr0334171: ['no event', 58, 0]
FBtr0081466: ['5event', 56, 0]
FBtr0306016: ['5event', 56, 0]
FBtr0299908: ['5event', 56, 0]
FBtr0306015: ['5event', 56, 0]
FBtr0334172: ['5event', 56, 0]
FBtr0334173: ['5event', 56, 0]
FBtr0299910: ['5event', 56, 0]
FBtr0299909: ['exon skipping', 0, 0]
FBtr0299911: ['exon skipping', 0, 0]
FBtr0299912: ['5event', 56, 0]
FBtr0081467: ['5event', 56, 0]
F14B8.1a.1: ['exon skipping', 0, 0]
F14B8.1a.2: ['exon skipping', 0, 0]
F14B8.1b.1: ['exon skipping', 0, 0]
>22
FBtr0334171: ['no event', 86, 0]
FBtr0081466: ['no event', 86, 0]
FBtr0306016: ['no event', 86, 0]
FBtr0299908: ['no event', 86, 0]
FBtr0306015: ['no event', 86, 0]
FBtr0334172: ['no event', 86, 0]
FBtr0334173: ['no event', 86, 0]
FBtr0299910: ['no event', 86, 0]
FBtr0299909: ['exon skipping', 0, 0]
FBtr0299911: ['exon skipping', 0, 0]
FBtr0299912: ['no event', 86, 0]
FBtr0081467: ['no event', 86, 0]
F14B8.1a.1: ['exon skipping', 0, 0]
F14B8.1a.2: ['exon skipping', 0, 0]
F14B8.1b.1: ['exon skipping', 0, 0]
>23
FBtr0334171: [['internal gap < 30', 2, 3], 78, 0]
FBtr0081466: ['no event', 81, 0]
FBtr0306016: ['no event', 81, 0]
FBtr0299908: ['no event', 81, 0]
FBtr0306015: ['no event', 81, 0]
FBtr0334172: ['no event', 81, 0]
FBtr0334173: ['no event', 81, 0]
FBtr0299910: ['no event', 81, 0]
FBtr0299909: ['exon skipping', 0, 0]
FBtr0299911: ['exon skipping', 0, 0]
FBtr0299912: ['no event', 81, 0]
FBtr0081467: ['no event', 81, 0]
F14B8.1a.1: ['exon skipping', 0, 0]
F14B8.1a.2: ['exon skipping', 0, 0]
F14B8.1b.1: ['exon skipping', 0, 0]
>24
FBtr0334171: ['exon skipping', 0, 0]
FBtr0081466: ['exon skipping', 0, 0]
FBtr0306016: ['no event', 92, 1]
FBtr0299908: ['exon skipping', 0, 0]
FBtr0306015: ['exon skipping', 0, 0]
FBtr0334172: ['exon skipping', 0, 0]
FBtr0334173: ['no event', 92, 1]
FBtr0299910: ['exon skipping', 0, 0]
FBtr0299909: ['exon skipping', 0, 0]
FBtr0299911: ['exon skipping', 0, 0]
FBtr0299912: ['no event', 92, 1]
FBtr0081467: ['exon skipping', 0, 0]
F14B8.1a.1: ['exon skipping', 0, 0]
F14B8.1a.2: ['exon skipping', 0, 0]
F14B8.1b.1: ['exon skipping', 0, 0]
>25
FBtr0334171: ['5event', ['internal gap >= 30', 55, 62], 92, 1]
FBtr0081466: ['5event', ['internal gap >= 30', 55, 62], 92, 1]
FBtr0306016: [['internal gap >= 30', 59, 58], 96, 1]
FBtr0299908: ['5event', ['internal gap >= 30', 55, 62], 92, 1]
FBtr0306015: ['5event', ['internal gap >= 30', 55, 62], 92, 1]
FBtr0334172: ['5event', ['internal gap >= 30', 85, 32], 122, 1]
FBtr0334173: [['internal gap < 30', 89, 28], 126, 1]
FBtr0299910: ['5event', ['internal gap >= 30', 55, 62], 92, 1]
FBtr0299909: ['exon skipping', 0, 0]
FBtr0299911: ['exon skipping', 0, 0]
FBtr0299912: [['internal gap >= 30', 59, 58], 96, 1]
FBtr0081467: ['5event', ['internal gap >= 30', 55, 62], 92, 1]
F14B8.1a.1: ['5event', ['internal gap >= 30', 28, 39], 115, 0]
F14B8.1a.2: ['5event', ['internal gap >= 30', 28, 39], 115, 0]
F14B8.1b.1: ['5event', ['internal gap >= 30', 28, 39], 115, 0]
>26
FBtr0334171: ['exon skipping', 0, 0]
FBtr0081466: ['exon skipping', 0, 0]
FBtr0306016: ['exon skipping', 0, 0]
FBtr0299908: ['exon skipping', 0, 0]
FBtr0306015: ['exon skipping', 0, 0]
FBtr0334172: ['exon skipping', 0, 0]
FBtr0334173: ['exon skipping', 0, 0]
FBtr0299910: ['exon skipping', 0, 0]
FBtr0299909: ['exon skipping', 0, 0]
FBtr0299911: ['exon skipping', 0, 0]
FBtr0299912: ['exon skipping', 0, 0]
FBtr0081467: ['exon skipping', 0, 0]
F14B8.1a.1: ['no event', 25, 2]
F14B8.1a.2: ['no event', 25, 2]
F14B8.1b.1: ['no event', 25, 2]
>27
FBtr0334171: ['5event', 215, 1]
FBtr0081466: ['5event', 215, 1]
FBtr0306016: ['5event', 215, 1]
FBtr0299908: ['exon skipping', 0, 0]
FBtr0306015: ['5event', 215, 1]
FBtr0334172: ['exon skipping', 0, 0]
FBtr0334173: ['exon skipping', 0, 0]
FBtr0299910: ['exon skipping', 0, 0]
FBtr0299909: ['exon skipping', 0, 0]
FBtr0299911: ['exon skipping', 0, 0]
FBtr0299912: ['5event', 215, 1]
FBtr0081467: ['5event', 215, 1]
F14B8.1a.1: ['exon skipping', 0, 0]
F14B8.1a.2: ['exon skipping', 0, 0]
F14B8.1b.1: ['exon skipping', 0, 0]
>28
FBtr0334171: ['exon skipping', 0, 0]
FBtr0081466: ['exon skipping', 0, 0]
FBtr0306016: ['exon skipping', 0, 0]
FBtr0299908: ['exon skipping', 0, 0]
FBtr0306015: ['exon skipping', 0, 0]
FBtr0334172: ['exon skipping', 0, 0]
FBtr0334173: ['exon skipping', 0, 0]
FBtr0299910: ['exon skipping', 0, 0]
FBtr0299909: ['exon skipping', 0, 0]
FBtr0299911: ['exon skipping', 0, 0]
FBtr0299912: ['exon skipping', 0, 0]
FBtr0081467: ['exon skipping', 0, 0]
F14B8.1a.1: ['5event', 90, 1]
F14B8.1a.2: ['5event', 90, 1]
F14B8.1b.1: ['5event', 90, 1]
>29
FBtr0334171: ['5event', 212, 1]
FBtr0081466: ['5event', 212, 1]
FBtr0306016: ['5event', 212, 1]
FBtr0299908: ['5event', 212, 1]
FBtr0306015: ['5event', 212, 1]
FBtr0334172: ['5event', 212, 1]
FBtr0334173: ['5event', 212, 1]
FBtr0299910: ['5event', 212, 1]
FBtr0299909: ['exon skipping', 0, 0]
FBtr0299911: ['exon skipping', 0, 0]
FBtr0299912: ['5event', 212, 1]
FBtr0081467: ['5event', 212, 1]
F14B8.1a.1: ['exon skipping', 0, 0]
F14B8.1a.2: ['exon skipping', 0, 0]
F14B8.1b.1: ['exon skipping', 0, 0]
>30
FBtr0334171: [['internal gap < 30', 208, 29], 342, 1]
FBtr0081466: [['internal gap < 30', 208, 29], 342, 1]
FBtr0306016: [['internal gap < 30', 208, 29], 342, 1]
FBtr0299908: [['internal gap < 30', 208, 29], 342, 1]
FBtr0306015: [['internal gap < 30', 208, 29], 342, 1]
FBtr0334172: [['internal gap < 30', 208, 29], 342, 1]
FBtr0334173: [['internal gap >= 30', 169, 68], 303, 1]
FBtr0299910: [['internal gap < 30', 208, 29], 342, 1]
FBtr0299909: ['exon skipping', 0, 0]
FBtr0299911: ['exon skipping', 0, 0]
FBtr0299912: [['internal gap < 30', 208, 29], 342, 1]
FBtr0081467: [['internal gap < 30', 208, 29], 342, 1]
F14B8.1a.1: ['5event', ['internal gap >= 30', 210, 127], 244, 2]
F14B8.1a.2: ['5event', ['internal gap >= 30', 210, 127], 244, 2]
F14B8.1b.1: ['5event', ['internal gap >= 30', 210, 127], 244, 2]
>31
FBtr0334171: ['exon skipping', 0, 0]
FBtr0081466: ['exon skipping', 0, 0]
FBtr0306016: ['exon skipping', 0, 0]
FBtr0299908: ['exon skipping', 0, 0]
FBtr0306015: ['no event', 282, 2]
FBtr0334172: ['no event', 282, 2]
FBtr0334173: ['exon skipping', 0, 0]
FBtr0299910: ['exon skipping', 0, 0]
FBtr0299909: ['exon skipping', 0, 0]
FBtr0299911: ['exon skipping', 0, 0]
FBtr0299912: ['exon skipping', 0, 0]
FBtr0081467: ['exon skipping', 0, 0]
F14B8.1a.1: ['exon skipping', 0, 0]
F14B8.1a.2: ['exon skipping', 0, 0]
F14B8.1b.1: ['exon skipping', 0, 0]
>32
FBtr0334171: ['exon skipping', 0, 0]
FBtr0081466: ['exon skipping', 0, 0]
FBtr0306016: ['5event', 21, 2]
FBtr0299908: ['exon skipping', 0, 0]
FBtr0306015: ['exon skipping', 0, 0]
FBtr0334172: [['internal gap < 30', 2, 1], 23, 2]
FBtr0334173: ['exon skipping', 0, 0]
FBtr0299910: ['exon skipping', 0, 0]
FBtr0299909: ['exon skipping', 0, 0]
FBtr0299911: ['exon skipping', 0, 0]
FBtr0299912: ['exon skipping', 0, 0]
FBtr0081467: ['exon skipping', 0, 0]
F14B8.1a.1: ['exon skipping', 0, 0]
F14B8.1a.2: ['exon skipping', 0, 0]
F14B8.1b.1: ['exon skipping', 0, 0]
>33
FBtr0334171: ['exon skipping', 0, 0]
FBtr0081466: ['exon skipping', 0, 0]
FBtr0306016: ['exon skipping', 0, 0]
FBtr0299908: ['exon skipping', 0, 0]
FBtr0306015: ['exon skipping', 0, 0]
FBtr0334172: ['exon skipping', 0, 0]
FBtr0334173: ['exon skipping', 0, 0]
FBtr0299910: ['exon skipping', 0, 0]
FBtr0299909: ['exon skipping', 0, 0]
FBtr0299911: ['exon skipping', 0, 0]
FBtr0299912: ['exon skipping', 0, 0]
FBtr0081467: ['exon skipping', 0, 0]
F14B8.1a.1: ['5event', 134, 1]
F14B8.1a.2: ['5event', 134, 1]
F14B8.1b.1: ['5event', 134, 1]
>34
FBtr0334171: ['exon skipping', 0, 0]
FBtr0081466: ['exon skipping', 0, 0]
FBtr0306016: ['exon skipping', 0, 0]
FBtr0299908: ['exon skipping', 0, 0]
FBtr0306015: ['exon skipping', 0, 0]
FBtr0334172: ['exon skipping', 0, 0]
FBtr0334173: ['exon skipping', 0, 0]
FBtr0299910: ['exon skipping', 0, 0]
FBtr0299909: ['exon skipping', 0, 0]
FBtr0299911: ['exon skipping', 0, 0]
FBtr0299912: ['exon skipping', 0, 0]
FBtr0081467: ['exon skipping', 0, 0]
F14B8.1a.1: ['no event', 142, 1]
F14B8.1a.2: ['no event', 142, 1]
F14B8.1b.1: ['no event', 142, 1]
>35
FBtr0334171: ['5event', 489, 2]
FBtr0081466: ['5event', 489, 2]
FBtr0306016: ['exon skipping', 0, 0]
FBtr0299908: ['5event', 489, 2]
FBtr0306015: ['exon skipping', 0, 0]
FBtr0334172: ['exon skipping', 0, 0]
FBtr0334173: ['5event', 489, 2]
FBtr0299910: ['5event', 489, 2]
FBtr0299909: ['exon skipping', 0, 0]
FBtr0299911: ['exon skipping', 0, 0]
FBtr0299912: ['5event', 489, 2]
FBtr0081467: ['5event', 489, 2]
F14B8.1a.1: ['exon skipping', 0, 0]
F14B8.1a.2: ['exon skipping', 0, 0]
F14B8.1b.1: ['exon skipping', 0, 0]
