>0
FBtr0112465: ['exon skipping', 0, 0]
FBtr0077022: ['exon skipping', 0, 0]
FBtr0333582: ['exon skipping', 0, 0]
FBtr0077021: ['no event', 11, 0]
FBtr0076994: ['exon skipping', 0, 0]
FBtr0076992: ['exon skipping', 0, 0]
FBtr0076995: ['exon skipping', 0, 0]
FBtr0077058: ['exon skipping', 0, 0]
FBtr0077061: ['exon skipping', 0, 0]
FBtr0077059: ['exon skipping', 0, 0]
FBtr0077056: ['exon skipping', 0, 0]
FBtr0077057: ['exon skipping', 0, 0]
FBtr0076991: ['exon skipping', 0, 0]
FBtr0333581: ['exon skipping', 0, 0]
FBtr0076990: ['exon skipping', 0, 0]
>1
FBtr0112465: ['exon skipping', 0, 0]
FBtr0077022: ['exon skipping', 0, 0]
FBtr0333582: ['exon skipping', 0, 0]
FBtr0077021: ['exon skipping', 0, 0]
FBtr0076994: ['exon skipping', 0, 0]
FBtr0076992: ['exon skipping', 0, 0]
FBtr0076995: ['exon skipping', 0, 0]
FBtr0077058: ['exon skipping', 0, 0]
FBtr0077061: ['exon skipping', 0, 0]
FBtr0077059: ['exon skipping', 0, 0]
FBtr0077056: ['exon skipping', 0, 0]
FBtr0077057: ['exon skipping', 0, 0]
FBtr0076991: ['exon skipping', 0, 0]
FBtr0333581: ['5event', 130, 0]
FBtr0076990: ['5event', 130, 0]
>2
FBtr0112465: ['3event', '5event', 306, 0]
FBtr0077022: ['3event', '5event', 306, 0]
FBtr0333582: ['3event', '5event', 306, 0]
FBtr0077021: ['3event', '5event', 303, 0]
FBtr0076994: ['3event', '5event', 312, 0]
FBtr0076992: ['3event', '5event', 312, 0]
FBtr0076995: ['3event', '5event', 306, 0]
FBtr0077058: ['3event', '5event', 315, 0]
FBtr0077061: ['3event', '5event', 315, 0]
FBtr0077059: ['3event', '5event', 315, 0]
FBtr0077056: ['3event', '5event', 297, 0]
FBtr0077057: ['3event', '5event', 300, 0]
FBtr0076991: ['5event', ['internal gap >= 30', 239, 90], 326, 0]
FBtr0333581: ['3event', 194, 2]
FBtr0076990: ['3event', 194, 2]
