>0
T05B11.6.1: ['exon skipping', 0, 0]
T05B11.2.1: ['exon skipping', 0, 0]
C13D9.3.1: ['exon skipping', 0, 0]
T01G5.4.1: ['exon skipping', 0, 0]
K11D12.3a.1: ['exon skipping', 0, 0]
K11D12.3b.1: ['exon skipping', 0, 0]
C13D9.1.1: ['exon skipping', 0, 0]
W07G4.6a.1: ['exon skipping', 0, 0]
W07G4.6a.2: ['exon skipping', 0, 0]
W07G4.6b.1: ['exon skipping', 0, 0]
T26H2.8.1: [['internal gap < 30', 33, 6], 200, 0]
F36D3.3.1: ['no event', 206, 0]
>1
T05B11.6.1: ['exon skipping', 0, 0]
T05B11.2.1: ['exon skipping', 0, 0]
C13D9.3.1: ['exon skipping', 0, 0]
T01G5.4.1: ['exon skipping', 0, 0]
K11D12.3a.1: ['5event', 51, 0]
K11D12.3b.1: ['exon skipping', 0, 0]
C13D9.1.1: ['exon skipping', 0, 0]
W07G4.6a.1: ['exon skipping', 0, 0]
W07G4.6a.2: ['exon skipping', 0, 0]
W07G4.6b.1: ['exon skipping', 0, 0]
T26H2.8.1: ['exon skipping', 0, 0]
F36D3.3.1: ['exon skipping', 0, 0]
>2
T05B11.6.1: ['exon skipping', 0, 0]
T05B11.2.1: ['exon skipping', 0, 0]
C13D9.3.1: ['exon skipping', 0, 0]
T01G5.4.1: ['exon skipping', 0, 0]
K11D12.3a.1: ['exon skipping', 0, 0]
K11D12.3b.1: ['exon skipping', 0, 0]
C13D9.1.1: ['exon skipping', 0, 0]
W07G4.6a.1: ['exon skipping', 0, 0]
W07G4.6a.2: ['exon skipping', 0, 0]
W07G4.6b.1: ['exon skipping', 0, 0]
T26H2.8.1: ['5event', 146, 0]
F36D3.3.1: ['5event', 146, 0]
>3
T05B11.6.1: ['exon skipping', 0, 0]
T05B11.2.1: ['exon skipping', 0, 0]
C13D9.3.1: ['exon skipping', 0, 0]
T01G5.4.1: ['exon skipping', 0, 0]
K11D12.3a.1: ['exon skipping', 0, 0]
K11D12.3b.1: ['exon skipping', 0, 0]
C13D9.1.1: ['exon skipping', 0, 0]
W07G4.6a.1: ['exon skipping', 0, 0]
W07G4.6a.2: ['exon skipping', 0, 0]
W07G4.6b.1: ['5event', 3, 0]
T26H2.8.1: ['exon skipping', 0, 0]
F36D3.3.1: ['exon skipping', 0, 0]
>4
T05B11.6.1: ['5event', ['internal gap < 30', 12, 22], 30, 0]
T05B11.2.1: ['5event', ['internal gap < 30', 21, 13], 39, 0]
C13D9.3.1: ['5event', ['internal gap < 30', 12, 22], 30, 0]
T01G5.4.1: ['exon skipping', 0, 0]
K11D12.3a.1: ['exon skipping', 0, 0]
K11D12.3b.1: ['5event', 51, 0]
C13D9.1.1: ['exon skipping', 0, 0]
W07G4.6a.1: ['exon skipping', 0, 0]
W07G4.6a.2: ['exon skipping', 0, 0]
W07G4.6b.1: ['exon skipping', 0, 0]
T26H2.8.1: ['exon skipping', 0, 0]
F36D3.3.1: ['exon skipping', 0, 0]
>5
T05B11.6.1: ['exon skipping', 0, 0]
T05B11.2.1: ['exon skipping', 0, 0]
C13D9.3.1: ['exon skipping', 0, 0]
T01G5.4.1: ['exon skipping', 0, 0]
K11D12.3a.1: ['5event', 48, 1]
K11D12.3b.1: ['no event', 49, 1]
C13D9.1.1: ['exon skipping', 0, 0]
W07G4.6a.1: ['exon skipping', 0, 0]
W07G4.6a.2: ['exon skipping', 0, 0]
W07G4.6b.1: ['exon skipping', 0, 0]
T26H2.8.1: ['exon skipping', 0, 0]
F36D3.3.1: ['exon skipping', 0, 0]
>6
T05B11.6.1: ['5event', ['internal gap >= 30', 86, 245], 169, 1]
T05B11.2.1: ['5event', ['internal gap >= 30', 86, 245], 169, 1]
C13D9.3.1: ['5event', ['internal gap >= 30', 86, 245], 169, 1]
T01G5.4.1: ['5event', ['internal gap >= 30', 201, 130], 284, 0]
K11D12.3a.1: ['3event', 79, 2]
K11D12.3b.1: ['3event', 79, 2]
C13D9.1.1: ['3event', '5event', 125, 0]
W07G4.6a.1: ['5event', ['internal gap >= 30', 120, 154], 260, 0]
W07G4.6a.2: ['5event', ['internal gap >= 30', 120, 154], 260, 0]
W07G4.6b.1: ['5event', ['internal gap >= 30', 134, 140], 274, 1]
T26H2.8.1: ['exon skipping', 0, 0]
F36D3.3.1: ['3event', '5event', 137, 0]
>7
T05B11.6.1: ['exon skipping', 0, 0]
T05B11.2.1: ['exon skipping', 0, 0]
C13D9.3.1: ['exon skipping', 0, 0]
T01G5.4.1: ['exon skipping', 0, 0]
K11D12.3a.1: ['exon skipping', 0, 0]
K11D12.3b.1: ['exon skipping', 0, 0]
C13D9.1.1: ['5event', 13, 2]
W07G4.6a.1: ['exon skipping', 0, 0]
W07G4.6a.2: ['exon skipping', 0, 0]
W07G4.6b.1: ['exon skipping', 0, 0]
T26H2.8.1: ['exon skipping', 0, 0]
F36D3.3.1: ['exon skipping', 0, 0]
>8
T05B11.6.1: ['exon skipping', 0, 0]
T05B11.2.1: ['exon skipping', 0, 0]
C13D9.3.1: ['exon skipping', 0, 0]
T01G5.4.1: ['exon skipping', 0, 0]
K11D12.3a.1: ['5event', ['internal gap >= 30', 9, 68], 69, 2]
K11D12.3b.1: ['5event', ['internal gap >= 30', 9, 68], 69, 2]
C13D9.1.1: [['internal gap < 30', 93, 3], 134, 1]
W07G4.6a.1: ['exon skipping', 0, 0]
W07G4.6a.2: ['exon skipping', 0, 0]
W07G4.6b.1: ['exon skipping', 0, 0]
T26H2.8.1: ['exon skipping', 0, 0]
F36D3.3.1: ['exon skipping', 0, 0]
>9
T05B11.6.1: ['5event', ['internal gap >= 30', 257, 40], 280, 0]
T05B11.2.1: ['5event', ['internal gap >= 30', 257, 40], 280, 0]
C13D9.3.1: ['5event', ['internal gap >= 30', 257, 40], 280, 0]
T01G5.4.1: ['5event', ['internal gap >= 30', 154, 37], 283, 0]
K11D12.3a.1: ['3event', 282, 0]
K11D12.3b.1: ['3event', 282, 0]
C13D9.1.1: ['3event', 282, 0]
W07G4.6a.1: ['3event', '5event', 287, 0]
W07G4.6a.2: ['3event', '5event', 287, 0]
W07G4.6b.1: ['3event', '5event', 287, 0]
T26H2.8.1: ['3event', '5event', 137, 0]
F36D3.3.1: ['exon skipping', 0, 0]
>10
T05B11.6.1: [['internal gap < 30', 35, 28], 172, 2]
T05B11.2.1: [['internal gap < 30', 35, 28], 172, 2]
C13D9.3.1: [['internal gap < 30', 35, 28], 172, 2]
T01G5.4.1: [['internal gap < 30', 38, 25], 175, 2]
K11D12.3a.1: ['5event', ['internal gap < 30', 34, 29], 171, 2]
K11D12.3b.1: ['5event', ['internal gap < 30', 34, 29], 171, 2]
C13D9.1.1: ['5event', ['internal gap < 30', 34, 29], 171, 2]
W07G4.6a.1: ['5event', 174, 2]
W07G4.6a.2: ['5event', 174, 2]
W07G4.6b.1: ['5event', 174, 2]
T26H2.8.1: ['5event', ['internal gap < 30', 70, 29], 171, 2]
F36D3.3.1: ['5event', ['internal gap < 30', 70, 29], 171, 2]
>11
T05B11.6.1: ['3event', 147, 0]
T05B11.2.1: ['3event', 147, 0]
C13D9.3.1: ['3event', 147, 0]
T01G5.4.1: ['3event', 147, 0]
K11D12.3a.1: ['3event', 147, 0]
K11D12.3b.1: ['3event', 147, 0]
C13D9.1.1: ['3event', 150, 0]
W07G4.6a.1: ['no event', 260, 0]
W07G4.6a.2: ['no event', 260, 0]
W07G4.6b.1: ['no event', 260, 0]
T26H2.8.1: ['3event', 80, 0]
F36D3.3.1: ['3event', 80, 0]
>12
T05B11.6.1: ['exon skipping', 0, 0]
T05B11.2.1: ['exon skipping', 0, 0]
C13D9.3.1: ['exon skipping', 0, 0]
T01G5.4.1: ['exon skipping', 0, 0]
K11D12.3a.1: ['exon skipping', 0, 0]
K11D12.3b.1: ['exon skipping', 0, 0]
C13D9.1.1: ['exon skipping', 0, 0]
W07G4.6a.1: ['exon skipping', 0, 0]
W07G4.6a.2: ['exon skipping', 0, 0]
W07G4.6b.1: ['exon skipping', 0, 0]
T26H2.8.1: ['5event', 69, 1]
F36D3.3.1: ['5event', 69, 1]
>13
T05B11.6.1: ['exon skipping', 0, 0]
T05B11.2.1: ['exon skipping', 0, 0]
C13D9.3.1: ['exon skipping', 0, 0]
T01G5.4.1: ['exon skipping', 0, 0]
K11D12.3a.1: ['exon skipping', 0, 0]
K11D12.3b.1: ['exon skipping', 0, 0]
C13D9.1.1: ['exon skipping', 0, 0]
W07G4.6a.1: ['exon skipping', 0, 0]
W07G4.6a.2: ['exon skipping', 0, 0]
W07G4.6b.1: ['exon skipping', 0, 0]
T26H2.8.1: ['no event', 111, 2]
F36D3.3.1: ['no event', 111, 2]
>14
T05B11.6.1: ['exon skipping', 0, 0]
T05B11.2.1: ['exon skipping', 0, 0]
C13D9.3.1: ['exon skipping', 0, 0]
T01G5.4.1: ['exon skipping', 0, 0]
K11D12.3a.1: ['exon skipping', 0, 0]
K11D12.3b.1: ['exon skipping', 0, 0]
C13D9.1.1: ['exon skipping', 0, 0]
W07G4.6a.1: ['5event', 62, 0]
W07G4.6a.2: ['5event', 62, 0]
W07G4.6b.1: ['5event', 62, 0]
T26H2.8.1: ['exon skipping', 0, 0]
F36D3.3.1: ['exon skipping', 0, 0]
>15
T05B11.6.1: ['5event', ['internal gap < 30', 300, 12], 357, 2]
T05B11.2.1: ['5event', ['internal gap < 30', 300, 12], 357, 2]
C13D9.3.1: ['5event', ['internal gap < 30', 300, 12], 357, 2]
T01G5.4.1: ['5event', ['internal gap < 30', 300, 12], 357, 2]
K11D12.3a.1: ['5event', ['internal gap < 30', 300, 12], 357, 2]
K11D12.3b.1: ['5event', ['internal gap < 30', 300, 12], 357, 2]
C13D9.1.1: ['5event', ['internal gap < 30', 300, 12], 357, 2]
W07G4.6a.1: ['3event', 172, 0]
W07G4.6a.2: ['3event', 172, 0]
W07G4.6b.1: ['3event', 172, 0]
T26H2.8.1: ['5event', ['internal gap >= 30', 188, 124], 245, 0]
F36D3.3.1: ['3event', '5event', 222, 0]
>16
T05B11.6.1: ['exon skipping', 0, 0]
T05B11.2.1: ['exon skipping', 0, 0]
C13D9.3.1: ['exon skipping', 0, 0]
T01G5.4.1: ['exon skipping', 0, 0]
K11D12.3a.1: ['no event', 5, 0]
K11D12.3b.1: ['no event', 5, 0]
C13D9.1.1: ['exon skipping', 0, 0]
W07G4.6a.1: ['exon skipping', 0, 0]
W07G4.6a.2: ['exon skipping', 0, 0]
W07G4.6b.1: ['exon skipping', 0, 0]
T26H2.8.1: ['exon skipping', 0, 0]
F36D3.3.1: ['exon skipping', 0, 0]
