>0
F54D10.2.1: ['exon skipping', 0, 0]
T12B5.13.1: ['no event', 14, 0]
Y119D3B.8.1: ['exon skipping', 0, 0]
T12B5.5.1: ['exon skipping', 0, 0]
Y119D3B.4.1: ['exon skipping', 0, 0]
Y119D3B.6.1: ['exon skipping', 0, 0]
Y119D3B.22.1: ['exon skipping', 0, 0]
Y82E9BL.4.1: ['exon skipping', 0, 0]
Y82E9BL.16.1: ['exon skipping', 0, 0]
Y82E9BL.19.1: ['exon skipping', 0, 0]
>1
F54D10.2.1: ['exon skipping', 0, 0]
T12B5.13.1: ['no event', 221, 0]
Y119D3B.8.1: ['exon skipping', 0, 0]
T12B5.5.1: ['exon skipping', 0, 0]
Y119D3B.4.1: ['exon skipping', 0, 0]
Y119D3B.6.1: ['exon skipping', 0, 0]
Y119D3B.22.1: ['exon skipping', 0, 0]
Y82E9BL.4.1: ['exon skipping', 0, 0]
Y82E9BL.16.1: ['exon skipping', 0, 0]
Y82E9BL.19.1: ['exon skipping', 0, 0]
>2
F54D10.2.1: ['exon skipping', 0, 0]
T12B5.13.1: ['3event', 58, 0]
Y119D3B.8.1: ['5event', ['internal gap >= 30', 13, 50], 88, 0]
T12B5.5.1: ['exon skipping', 0, 0]
Y119D3B.4.1: ['exon skipping', 0, 0]
Y119D3B.6.1: ['5event', ['internal gap >= 30', 18, 68], 70, 0]
Y119D3B.22.1: ['5event', ['internal gap >= 30', 18, 68], 70, 0]
Y82E9BL.4.1: ['5event', 136, 0]
Y82E9BL.16.1: ['5event', 52, 0]
Y82E9BL.19.1: ['exon skipping', 0, 0]
>3
F54D10.2.1: ['exon skipping', 0, 0]
T12B5.13.1: ['5event', 116, 2]
Y119D3B.8.1: ['exon skipping', 0, 0]
T12B5.5.1: ['exon skipping', 0, 0]
Y119D3B.4.1: ['exon skipping', 0, 0]
Y119D3B.6.1: ['exon skipping', 0, 0]
Y119D3B.22.1: ['exon skipping', 0, 0]
Y82E9BL.4.1: ['exon skipping', 0, 0]
Y82E9BL.16.1: ['exon skipping', 0, 0]
Y82E9BL.19.1: ['exon skipping', 0, 0]
>4
F54D10.2.1: ['exon skipping', 0, 0]
T12B5.13.1: ['exon skipping', 0, 0]
Y119D3B.8.1: ['exon skipping', 0, 0]
T12B5.5.1: ['exon skipping', 0, 0]
Y119D3B.4.1: ['exon skipping', 0, 0]
Y119D3B.6.1: ['exon skipping', 0, 0]
Y119D3B.22.1: ['exon skipping', 0, 0]
Y82E9BL.4.1: ['exon skipping', 0, 0]
Y82E9BL.16.1: ['5event', 69, 2]
Y82E9BL.19.1: ['exon skipping', 0, 0]
>5
F54D10.2.1: ['exon skipping', 0, 0]
T12B5.13.1: ['exon skipping', 0, 0]
Y119D3B.8.1: ['exon skipping', 0, 0]
T12B5.5.1: ['exon skipping', 0, 0]
Y119D3B.4.1: ['exon skipping', 0, 0]
Y119D3B.6.1: ['exon skipping', 0, 0]
Y119D3B.22.1: ['only gap', 0, 2]
Y82E9BL.4.1: ['exon skipping', 0, 0]
Y82E9BL.16.1: ['exon skipping', 0, 0]
Y82E9BL.19.1: ['exon skipping', 0, 0]
>6
F54D10.2.1: ['3event', '5event', 450, 0]
T12B5.13.1: ['5event', ['internal gap >= 30', 122, 519], 178, 2]
Y119D3B.8.1: ['3event', '5event', 625, 2]
T12B5.5.1: ['3event', '5event', 327, 0]
Y119D3B.4.1: ['3event', '5event', 90, 0]
Y119D3B.6.1: ['3event', '5event', 541, 2]
Y119D3B.22.1: ['3event', '5event', 556, 0]
Y82E9BL.4.1: ['3event', '5event', 463, 2]
Y82E9BL.16.1: ['3event', 397, 0]
Y82E9BL.19.1: ['3event', '5event', 570, 0]
>7
F54D10.2.1: ['3event', '5event', 210, 0]
T12B5.13.1: ['3event', 165, 1]
Y119D3B.8.1: ['3event', '5event', 207, 0]
T12B5.5.1: ['3event', '5event', 192, 0]
Y119D3B.4.1: ['5event', ['internal gap >= 30', 180, 81], 182, 0]
Y119D3B.6.1: ['5event', ['internal gap >= 30', 180, 81], 182, 0]
Y119D3B.22.1: ['5event', ['internal gap >= 30', 180, 81], 182, 0]
Y82E9BL.4.1: ['3event', '5event', 204, 0]
Y82E9BL.16.1: ['3event', '5event', 204, 0]
Y82E9BL.19.1: ['5event', ['internal gap >= 30', 172, 51], 212, 0]
