>0
B0244.4a.1: ['exon skipping', 0, 0]
B0244.4b.1: ['exon skipping', 0, 0]
B0244.4c.1: ['exon skipping', 0, 0]
B0244.5.1: ['exon skipping', 0, 0]
B0244.15.1: ['exon skipping', 0, 0]
B0244.10a.1: ['exon skipping', 0, 0]
B0244.10b.1: ['exon skipping', 0, 0]
B0244.17.1: ['exon skipping', 0, 0]
B0244.16.1: ['exon skipping', 0, 0]
B0244.6.1: ['no event', 2, 0]
B0244.7.1: ['exon skipping', 0, 0]
>1
B0244.4a.1: ['exon skipping', 0, 0]
B0244.4b.1: ['exon skipping', 0, 0]
B0244.4c.1: ['exon skipping', 0, 0]
B0244.5.1: ['exon skipping', 0, 0]
B0244.15.1: ['5event', 27, 0]
B0244.10a.1: ['exon skipping', 0, 0]
B0244.10b.1: ['exon skipping', 0, 0]
B0244.17.1: ['exon skipping', 0, 0]
B0244.16.1: ['exon skipping', 0, 0]
B0244.6.1: ['exon skipping', 0, 0]
B0244.7.1: ['exon skipping', 0, 0]
>2
B0244.4a.1: ['5event', ['internal gap < 30', 9, 22], 95, 0]
B0244.4b.1: ['5event', ['internal gap < 30', 9, 22], 95, 0]
B0244.4c.1: ['5event', ['internal gap < 30', 9, 22], 95, 0]
B0244.5.1: ['5event', ['internal gap < 30', 9, 22], 95, 0]
B0244.15.1: ['exon skipping', 0, 0]
B0244.10a.1: ['5event', ['internal gap < 30', 9, 22], 95, 0]
B0244.10b.1: ['5event', ['internal gap < 30', 9, 22], 95, 0]
B0244.17.1: ['5event', ['internal gap < 30', 9, 22], 95, 0]
B0244.16.1: ['5event', ['internal gap < 30', 15, 16], 101, 0]
B0244.6.1: ['5event', 110, 0]
B0244.7.1: ['exon skipping', 0, 0]
>3
B0244.4a.1: [['internal gap >= 30', 259, 1257], 295, 0]
B0244.4b.1: [['internal gap >= 30', 259, 1257], 295, 0]
B0244.4c.1: [['internal gap >= 30', 259, 1257], 295, 0]
B0244.5.1: [['internal gap >= 30', 259, 1257], 295, 0]
B0244.15.1: ['5event', ['internal gap >= 30', 316, 1163], 389, 1]
B0244.10a.1: [['internal gap >= 30', 250, 1245], 307, 0]
B0244.10b.1: ['3event', 135, 0]
B0244.17.1: [['internal gap >= 30', 256, 1248], 304, 0]
B0244.16.1: [['internal gap >= 30', 259, 1245], 307, 0]
B0244.6.1: [['internal gap >= 30', 246, 1245], 307, 0]
B0244.7.1: ['5event', ['internal gap >= 30', 345, 1144], 408, 0]
>4
B0244.4a.1: [['internal gap >= 30', 201, 221], 224, 1]
B0244.4b.1: [['internal gap >= 30', 201, 221], 224, 1]
B0244.4c.1: ['3event', 132, 1]
B0244.5.1: [['internal gap >= 30', 201, 221], 224, 1]
B0244.15.1: [['internal gap >= 30', 201, 221], 224, 1]
B0244.10a.1: [['internal gap >= 30', 201, 221], 224, 1]
B0244.10b.1: ['3event', '5event', 64, 2]
B0244.17.1: [['internal gap >= 30', 201, 221], 224, 1]
B0244.16.1: [['internal gap >= 30', 201, 221], 224, 1]
B0244.6.1: [['internal gap >= 30', 204, 218], 227, 1]
B0244.7.1: ['3event', 229, 1]
>5
B0244.4a.1: ['3event', 227, 1]
B0244.4b.1: ['3event', 227, 1]
B0244.4c.1: ['3event', '5event', 133, 0]
B0244.5.1: ['3event', 227, 1]
B0244.15.1: ['3event', 224, 1]
B0244.10a.1: ['3event', 221, 1]
B0244.10b.1: ['exon skipping', 0, 0]
B0244.17.1: ['3event', 221, 1]
B0244.16.1: [['internal gap >= 30', 63, 573], 91, 1]
B0244.6.1: ['3event', 221, 1]
B0244.7.1: ['3event', '5event', 228, 1]
>6
B0244.4a.1: ['exon skipping', 0, 0]
B0244.4b.1: ['exon skipping', 0, 0]
B0244.4c.1: ['exon skipping', 0, 0]
B0244.5.1: ['exon skipping', 0, 0]
B0244.15.1: ['5event', 81, 1]
B0244.10a.1: ['exon skipping', 0, 0]
B0244.10b.1: ['exon skipping', 0, 0]
B0244.17.1: ['exon skipping', 0, 0]
B0244.16.1: ['exon skipping', 0, 0]
B0244.6.1: ['exon skipping', 0, 0]
B0244.7.1: ['5event', 8, 1]
>7
B0244.4a.1: ['exon skipping', 0, 0]
B0244.4b.1: ['5event', ['internal gap < 30', 75, 11], 87, 1]
B0244.4c.1: ['5event', ['internal gap < 30', 75, 11], 87, 1]
B0244.5.1: ['5event', ['internal gap < 30', 75, 11], 87, 1]
B0244.15.1: ['exon skipping', 0, 0]
B0244.10a.1: ['5event', ['internal gap < 30', 78, 8], 90, 1]
B0244.10b.1: ['exon skipping', 0, 0]
B0244.17.1: ['5event', ['internal gap < 30', 72, 14], 84, 1]
B0244.16.1: ['exon skipping', 0, 0]
B0244.6.1: ['exon skipping', 0, 0]
B0244.7.1: [['internal gap < 30', 27, 16], 82, 1]
>8
B0244.4a.1: ['exon skipping', 0, 0]
B0244.4b.1: ['exon skipping', 0, 0]
B0244.4c.1: ['exon skipping', 0, 0]
B0244.5.1: ['exon skipping', 0, 0]
B0244.15.1: ['5event', 5, 2]
B0244.10a.1: ['exon skipping', 0, 0]
B0244.10b.1: ['exon skipping', 0, 0]
B0244.17.1: ['exon skipping', 0, 0]
B0244.16.1: ['exon skipping', 0, 0]
B0244.6.1: ['exon skipping', 0, 0]
B0244.7.1: ['exon skipping', 0, 0]
>9
B0244.4a.1: ['5event', ['internal gap >= 30', 67, 212], 75, 1]
B0244.4b.1: ['5event', ['internal gap >= 30', 67, 212], 75, 2]
B0244.4c.1: ['5event', ['internal gap >= 30', 67, 212], 75, 2]
B0244.5.1: ['5event', ['internal gap >= 30', 67, 212], 75, 2]
B0244.15.1: [['internal gap >= 30', 6, 88], 199, 2]
B0244.10a.1: ['5event', ['internal gap >= 30', 67, 212], 75, 2]
B0244.10b.1: ['exon skipping', 0, 0]
B0244.17.1: ['5event', ['internal gap >= 30', 67, 212], 75, 2]
B0244.16.1: ['exon skipping', 0, 0]
B0244.6.1: ['5event', ['internal gap >= 30', 155, 124], 163, 1]
B0244.7.1: ['5event', ['internal gap >= 30', 67, 212], 75, 2]
>10
B0244.4a.1: ['exon skipping', 0, 0]
B0244.4b.1: ['exon skipping', 0, 0]
B0244.4c.1: ['exon skipping', 0, 0]
B0244.5.1: ['exon skipping', 0, 0]
B0244.15.1: ['exon skipping', 0, 0]
B0244.10a.1: ['exon skipping', 0, 0]
B0244.10b.1: ['exon skipping', 0, 0]
B0244.17.1: ['exon skipping', 0, 0]
B0244.16.1: ['5event', 217, 0]
B0244.6.1: ['exon skipping', 0, 0]
B0244.7.1: ['exon skipping', 0, 0]
>11
B0244.4a.1: ['exon skipping', 0, 0]
B0244.4b.1: ['exon skipping', 0, 0]
B0244.4c.1: ['exon skipping', 0, 0]
B0244.5.1: ['exon skipping', 0, 0]
B0244.15.1: ['exon skipping', 0, 0]
B0244.10a.1: ['exon skipping', 0, 0]
B0244.10b.1: ['exon skipping', 0, 0]
B0244.17.1: ['exon skipping', 0, 0]
B0244.16.1: [['internal gap < 30', 65, 27], 138, 2]
B0244.6.1: ['5event', ['internal gap >= 30', 78, 73], 92, 0]
B0244.7.1: ['exon skipping', 0, 0]
>12
B0244.4a.1: ['3event', '5event', 13, 2]
B0244.4b.1: ['3event', '5event', 72, 0]
B0244.4c.1: ['3event', '5event', 72, 0]
B0244.5.1: ['5event', ['internal gap < 30', 67, 27], 83, 0]
B0244.15.1: ['exon skipping', 0, 0]
B0244.10a.1: ['5event', ['internal gap < 30', 63, 18], 92, 0]
B0244.10b.1: ['exon skipping', 0, 0]
B0244.17.1: ['3event', '5event', 54, 0]
B0244.16.1: ['exon skipping', 0, 0]
B0244.6.1: ['exon skipping', 0, 0]
B0244.7.1: ['3event', '5event', 63, 0]
>13
B0244.4a.1: ['exon skipping', 0, 0]
B0244.4b.1: ['exon skipping', 0, 0]
B0244.4c.1: ['exon skipping', 0, 0]
B0244.5.1: ['exon skipping', 0, 0]
B0244.15.1: ['exon skipping', 0, 0]
B0244.10a.1: ['exon skipping', 0, 0]
B0244.10b.1: ['exon skipping', 0, 0]
B0244.17.1: ['exon skipping', 0, 0]
B0244.16.1: ['only gap', 0, 2]
B0244.6.1: ['exon skipping', 0, 0]
B0244.7.1: ['exon skipping', 0, 0]
>14
B0244.4a.1: ['exon skipping', 0, 0]
B0244.4b.1: ['exon skipping', 0, 0]
B0244.4c.1: ['exon skipping', 0, 0]
B0244.5.1: ['exon skipping', 0, 0]
B0244.15.1: ['5event', 2, 0]
B0244.10a.1: ['exon skipping', 0, 0]
B0244.10b.1: ['exon skipping', 0, 0]
B0244.17.1: ['exon skipping', 0, 0]
B0244.16.1: ['exon skipping', 0, 0]
B0244.6.1: ['exon skipping', 0, 0]
B0244.7.1: ['exon skipping', 0, 0]
