>0
C17H12.6a.1: ['5event', 78, 0]
C17H12.6b.1: ['5event', 78, 0]
C17H12.8.1: ['5event', 51, 0]
C17H12.8.2: ['5event', 51, 0]
F08G5.6.1: ['5event', 51, 0]
F08G5.6.2: ['5event', 51, 0]
H20E11.3.1: ['5event', 57, 0]
H20E11.2.1: ['5event', 60, 0]
H20E11.1a.1: [['internal gap < 30', 53, 10], 72, 0]
>1
C17H12.6a.1: ['no event', 109, 1]
C17H12.6b.1: ['no event', 109, 1]
C17H12.8.1: [['internal gap < 30', 17, 3], 106, 1]
C17H12.8.2: [['internal gap < 30', 17, 3], 106, 1]
F08G5.6.1: ['no event', 109, 1]
F08G5.6.2: ['no event', 109, 1]
H20E11.3.1: ['no event', 109, 1]
H20E11.2.1: ['no event', 109, 1]
H20E11.1a.1: ['no event', 109, 1]
>2
C17H12.6a.1: [['internal gap < 30', 15, 12], 112, 0]
C17H12.6b.1: [['internal gap < 30', 15, 12], 112, 0]
C17H12.8.1: [['internal gap < 30', 15, 12], 112, 0]
C17H12.8.2: [['internal gap < 30', 15, 12], 112, 0]
F08G5.6.1: [['internal gap < 30', 15, 12], 112, 0]
F08G5.6.2: [['internal gap < 30', 15, 12], 112, 0]
H20E11.3.1: ['no event', 124, 0]
H20E11.2.1: ['no event', 124, 0]
H20E11.1a.1: [['internal gap < 30', 15, 12], 112, 0]
>3
C17H12.6a.1: [['internal gap < 30', 3, 9], 118, 2]
C17H12.6b.1: [['internal gap < 30', 3, 9], 118, 2]
C17H12.8.1: [['internal gap < 30', 3, 9], 118, 2]
C17H12.8.2: [['internal gap < 30', 3, 9], 118, 2]
F08G5.6.1: [['internal gap < 30', 3, 9], 118, 2]
F08G5.6.2: [['internal gap < 30', 3, 9], 118, 2]
H20E11.3.1: [['internal gap < 30', 29, 9], 118, 2]
H20E11.2.1: [['internal gap < 30', 29, 9], 118, 2]
H20E11.1a.1: [['internal gap < 30', 55, 15], 112, 2]
>4
C17H12.6a.1: ['exon skipping', 0, 0]
C17H12.6b.1: ['exon skipping', 0, 0]
C17H12.8.1: ['exon skipping', 0, 0]
C17H12.8.2: ['exon skipping', 0, 0]
F08G5.6.1: ['exon skipping', 0, 0]
F08G5.6.2: ['exon skipping', 0, 0]
H20E11.3.1: ['no event', 23, 1]
H20E11.2.1: ['no event', 23, 1]
H20E11.1a.1: [['internal gap < 30', 4, 15], 8, 1]
>5
C17H12.6a.1: ['5event', ['internal gap < 30', 37, 8], 112, 1]
C17H12.6b.1: ['5event', ['internal gap < 30', 37, 8], 112, 1]
C17H12.8.1: ['5event', ['internal gap < 30', 37, 8], 112, 1]
C17H12.8.2: ['5event', ['internal gap < 30', 37, 8], 112, 1]
F08G5.6.1: ['5event', ['internal gap < 30', 37, 8], 112, 1]
F08G5.6.2: ['5event', ['internal gap < 30', 37, 8], 112, 1]
H20E11.3.1: [['internal gap < 30', 72, 18], 102, 1]
H20E11.2.1: [['internal gap < 30', 72, 18], 102, 1]
H20E11.1a.1: ['3event', 100, 0]
>6
C17H12.6a.1: ['3event', 358, 0]
C17H12.6b.1: ['3event', 34, 0]
C17H12.8.1: ['3event', 358, 0]
C17H12.8.2: ['3event', 358, 0]
F08G5.6.1: ['3event', 361, 0]
F08G5.6.2: ['3event', 361, 0]
H20E11.3.1: [['internal gap >= 30', 262, 35], 371, 0]
H20E11.2.1: [['internal gap >= 30', 262, 35], 371, 0]
H20E11.1a.1: ['3event', '5event', 360, 0]
>7
C17H12.6a.1: ['3event', '5event', 183, 0]
C17H12.6b.1: ['exon skipping', 0, 0]
C17H12.8.1: ['5event', ['internal gap < 30', 173, 10], 186, 0]
C17H12.8.2: ['5event', ['internal gap < 30', 173, 10], 186, 0]
F08G5.6.1: ['3event', '5event', 171, 0]
F08G5.6.2: ['3event', '5event', 171, 0]
H20E11.3.1: [['internal gap < 30', 168, 15], 181, 0]
H20E11.2.1: [['internal gap < 30', 139, 12], 184, 0]
H20E11.1a.1: ['5event', ['internal gap < 30', 171, 12], 184, 0]
>8
C17H12.6a.1: ['exon skipping', 0, 0]
C17H12.6b.1: ['exon skipping', 0, 0]
C17H12.8.1: ['exon skipping', 0, 0]
C17H12.8.2: ['exon skipping', 0, 0]
F08G5.6.1: ['exon skipping', 0, 0]
F08G5.6.2: ['exon skipping', 0, 0]
H20E11.3.1: ['exon skipping', 0, 0]
H20E11.2.1: ['exon skipping', 0, 0]
H20E11.1a.1: ['no event', 49, 2]
>9
C17H12.6a.1: ['exon skipping', 0, 0]
C17H12.6b.1: ['exon skipping', 0, 0]
C17H12.8.1: ['exon skipping', 0, 0]
C17H12.8.2: ['exon skipping', 0, 0]
F08G5.6.1: ['exon skipping', 0, 0]
F08G5.6.2: ['exon skipping', 0, 0]
H20E11.3.1: ['exon skipping', 0, 0]
H20E11.2.1: ['exon skipping', 0, 0]
H20E11.1a.1: ['no event', 35, 1]
>10
C17H12.6a.1: ['exon skipping', 0, 0]
C17H12.6b.1: ['exon skipping', 0, 0]
C17H12.8.1: ['exon skipping', 0, 0]
C17H12.8.2: ['exon skipping', 0, 0]
F08G5.6.1: ['exon skipping', 0, 0]
F08G5.6.2: ['exon skipping', 0, 0]
H20E11.3.1: ['exon skipping', 0, 0]
H20E11.2.1: ['exon skipping', 0, 0]
H20E11.1a.1: ['no event', 123, 1]
>11
C17H12.6a.1: ['exon skipping', 0, 0]
C17H12.6b.1: ['exon skipping', 0, 0]
C17H12.8.1: ['exon skipping', 0, 0]
C17H12.8.2: ['exon skipping', 0, 0]
F08G5.6.1: ['exon skipping', 0, 0]
F08G5.6.2: ['exon skipping', 0, 0]
H20E11.3.1: ['exon skipping', 0, 0]
H20E11.2.1: ['exon skipping', 0, 0]
H20E11.1a.1: ['no event', 124, 2]
>12
C17H12.6a.1: ['exon skipping', 0, 0]
C17H12.6b.1: ['exon skipping', 0, 0]
C17H12.8.1: ['exon skipping', 0, 0]
C17H12.8.2: ['exon skipping', 0, 0]
F08G5.6.1: ['exon skipping', 0, 0]
F08G5.6.2: ['exon skipping', 0, 0]
H20E11.3.1: ['exon skipping', 0, 0]
H20E11.2.1: ['exon skipping', 0, 0]
H20E11.1a.1: ['no event', 52, 1]
