>0
F46C5.1.1: ['exon skipping', 0, 0]
F46C5.10.1: ['exon skipping', 0, 0]
FBtr0331981: ['no event', 68, 0]
FBtr0072209: ['no event', 68, 0]
FBtr0345932: ['no event', 68, 0]
>1
F46C5.1.1: ['exon skipping', 0, 0]
F46C5.10.1: ['exon skipping', 0, 0]
FBtr0331981: ['no event', 45, 0]
FBtr0072209: ['no event', 45, 0]
FBtr0345932: ['no event', 45, 0]
>2
F46C5.1.1: ['exon skipping', 0, 0]
F46C5.10.1: ['exon skipping', 0, 0]
FBtr0331981: ['no event', 265, 1]
FBtr0072209: ['exon skipping', 0, 0]
FBtr0345932: ['no event', 265, 1]
>3
F46C5.1.1: ['3event', '5event', 40, 0]
F46C5.10.1: ['3event', '5event', 43, 0]
FBtr0331981: ['exon skipping', 0, 0]
FBtr0072209: ['5event', 36, 1]
FBtr0345932: ['exon skipping', 0, 0]
>4
F46C5.1.1: ['5event', 8, 1]
F46C5.10.1: ['exon skipping', 0, 0]
FBtr0331981: ['exon skipping', 0, 0]
FBtr0072209: ['exon skipping', 0, 0]
FBtr0345932: ['exon skipping', 0, 0]
>5
F46C5.1.1: [['internal gap >= 30', 172, 38], 279, 1]
F46C5.10.1: ['5event', ['internal gap >= 30', 156, 54], 263, 1]
FBtr0331981: ['exon skipping', 0, 0]
FBtr0072209: ['5event', ['internal gap >= 30', 214, 71], 246, 2]
FBtr0345932: ['exon skipping', 0, 0]
>6
F46C5.1.1: ['5event', ['internal gap < 30', 30, 9], 38, 0]
F46C5.10.1: ['5event', ['internal gap < 30', 23, 3], 44, 0]
FBtr0331981: ['exon skipping', 0, 0]
FBtr0072209: ['exon skipping', 0, 0]
FBtr0345932: ['exon skipping', 0, 0]
