>0
FBtr0089024: [['internal gap < 30', 17, 9], 59, 0]
FBtr0340261: ['no event', 68, 0]
FBtr0300289: ['no event', 68, 0]
FBtr0079754: ['no event', 68, 0]
FBtr0089023: [['internal gap < 30', 17, 12], 56, 0]
FBtr0080265: ['exon skipping', 0, 0]
>1
FBtr0089024: ['no event', 164, 0]
FBtr0340261: ['exon skipping', 0, 0]
FBtr0300289: ['exon skipping', 0, 0]
FBtr0079754: ['exon skipping', 0, 0]
FBtr0089023: ['exon skipping', 0, 0]
FBtr0080265: ['exon skipping', 0, 0]
>2
FBtr0089024: ['exon skipping', 0, 0]
FBtr0340261: ['5event', ['internal gap >= 30', 563, 184], 602, 0]
FBtr0300289: ['5event', ['internal gap >= 30', 563, 184], 602, 0]
FBtr0079754: ['5event', ['internal gap >= 30', 563, 184], 602, 0]
FBtr0089023: ['exon skipping', 0, 0]
FBtr0080265: ['5event', ['internal gap >= 30', 619, 34], 752, 0]
>3
FBtr0089024: ['5event', 176, 0]
FBtr0340261: ['exon skipping', 0, 0]
FBtr0300289: ['exon skipping', 0, 0]
FBtr0079754: ['exon skipping', 0, 0]
FBtr0089023: ['exon skipping', 0, 0]
FBtr0080265: ['exon skipping', 0, 0]
>4
FBtr0089024: ['exon skipping', 0, 0]
FBtr0340261: ['exon skipping', 0, 0]
FBtr0300289: ['exon skipping', 0, 0]
FBtr0079754: ['exon skipping', 0, 0]
FBtr0089023: ['5event', 173, 0]
FBtr0080265: ['exon skipping', 0, 0]
>5
FBtr0089024: ['5event', ['internal gap >= 30', 132, 252], 173, 0]
FBtr0340261: ['exon skipping', 0, 0]
FBtr0300289: ['exon skipping', 0, 0]
FBtr0079754: ['exon skipping', 0, 0]
FBtr0089023: [['internal gap >= 30', 301, 65], 360, 0]
FBtr0080265: ['3event', '5event', 108, 0]
>6
FBtr0089024: ['no event', 10, 0]
FBtr0340261: ['exon skipping', 0, 0]
FBtr0300289: ['exon skipping', 0, 0]
FBtr0079754: ['exon skipping', 0, 0]
FBtr0089023: ['exon skipping', 0, 0]
FBtr0080265: ['exon skipping', 0, 0]
>7
FBtr0089024: ['exon skipping', 0, 0]
FBtr0340261: ['exon skipping', 0, 0]
FBtr0300289: ['exon skipping', 0, 0]
FBtr0079754: ['exon skipping', 0, 0]
FBtr0089023: ['exon skipping', 0, 0]
FBtr0080265: ['5event', 116, 0]
>8
FBtr0089024: ['only gap', 0, 2]
FBtr0340261: ['exon skipping', 0, 0]
FBtr0300289: ['exon skipping', 0, 0]
FBtr0079754: ['exon skipping', 0, 0]
FBtr0089023: ['exon skipping', 0, 0]
FBtr0080265: ['exon skipping', 0, 0]
>9
FBtr0089024: ['3event', '5event', 61, 0]
FBtr0340261: ['3event', '5event', 72, 0]
FBtr0300289: ['3event', '5event', 72, 0]
FBtr0079754: ['3event', '5event', 72, 0]
FBtr0089023: ['5event', ['internal gap < 30', 36, 12], 68, 0]
FBtr0080265: ['exon skipping', 0, 0]
>10
FBtr0089024: ['5event', 5, 0]
FBtr0340261: ['exon skipping', 0, 0]
FBtr0300289: ['exon skipping', 0, 0]
FBtr0079754: ['exon skipping', 0, 0]
FBtr0089023: ['exon skipping', 0, 0]
FBtr0080265: ['exon skipping', 0, 0]
