>0
F58D2.2.1: ['no event', 6, 0]
K07H8.5.1: ['exon skipping', 0, 0]
T08B6.4.1: ['exon skipping', 0, 0]
>1
F58D2.2.1: [['internal gap >= 30', 478, 96], 548, 1]
K07H8.5.1: ['exon skipping', 0, 0]
T08B6.4.1: ['5event', ['internal gap >= 30', 252, 54], 590, 0]
>2
F58D2.2.1: ['exon skipping', 0, 0]
K07H8.5.1: ['5event', 52, 0]
T08B6.4.1: ['exon skipping', 0, 0]
>3
F58D2.2.1: ['3event', '5event', 174, 0]
K07H8.5.1: ['exon skipping', 0, 0]
T08B6.4.1: ['5event', ['internal gap >= 30', 117, 33], 155, 0]
>4
F58D2.2.1: ['5event', ['internal gap >= 30', 476, 252], 539, 0]
K07H8.5.1: ['5event', ['internal gap >= 30', 303, 425], 366, 2]
T08B6.4.1: [['internal gap >= 30', 473, 239], 552, 0]
>5
F58D2.2.1: [['internal gap >= 30', 227, 71], 352, 0]
K07H8.5.1: [['internal gap >= 30', 240, 71], 352, 0]
T08B6.4.1: [['internal gap >= 30', 58, 47], 376, 0]
>6
F58D2.2.1: [['internal gap < 30', 162, 27], 208, 2]
K07H8.5.1: [['internal gap >= 30', 196, 37], 198, 2]
T08B6.4.1: [['internal gap < 30', 217, 16], 219, 2]
>7
F58D2.2.1: ['no event', 4, 1]
K07H8.5.1: ['exon skipping', 0, 0]
T08B6.4.1: ['exon skipping', 0, 0]
