>0
C04G6.2.1: ['exon skipping', 0, 0]
C04G6.13.1: ['exon skipping', 0, 0]
Y116F11B.2.1: ['no event', 5, 0]
F46B3.7.1: ['exon skipping', 0, 0]
F46B3.8.1: ['exon skipping', 0, 0]
F54B8.1.1: ['exon skipping', 0, 0]
M01B2.8.1: ['exon skipping', 0, 0]
K02E2.8a.1: ['exon skipping', 0, 0]
K02E2.8b.1: ['exon skipping', 0, 0]
>1
C04G6.2.1: ['3event', '5event', 70, 0]
C04G6.13.1: ['3event', '5event', 67, 0]
Y116F11B.2.1: ['3event', 80, 0]
F46B3.7.1: ['3event', '5event', 70, 0]
F46B3.8.1: ['3event', '5event', 70, 0]
F54B8.1.1: ['5event', ['internal gap < 30', 6, 4], 90, 0]
M01B2.8.1: ['5event', ['internal gap < 30', 6, 4], 90, 0]
K02E2.8a.1: ['3event', '5event', 64, 0]
K02E2.8b.1: ['3event', '5event', 64, 0]
>2
C04G6.2.1: ['exon skipping', 0, 0]
C04G6.13.1: ['exon skipping', 0, 0]
Y116F11B.2.1: ['5event', ['internal gap < 30', 8, 4], 35, 1]
F46B3.7.1: ['exon skipping', 0, 0]
F46B3.8.1: ['exon skipping', 0, 0]
F54B8.1.1: ['exon skipping', 0, 0]
M01B2.8.1: ['exon skipping', 0, 0]
K02E2.8a.1: ['5event', 38, 1]
K02E2.8b.1: ['exon skipping', 0, 0]
>3
C04G6.2.1: ['exon skipping', 0, 0]
C04G6.13.1: ['exon skipping', 0, 0]
Y116F11B.2.1: ['no event', 2, 1]
F46B3.7.1: ['exon skipping', 0, 0]
F46B3.8.1: ['exon skipping', 0, 0]
F54B8.1.1: ['exon skipping', 0, 0]
M01B2.8.1: ['exon skipping', 0, 0]
K02E2.8a.1: ['exon skipping', 0, 0]
K02E2.8b.1: ['exon skipping', 0, 0]
>4
C04G6.2.1: ['exon skipping', 0, 0]
C04G6.13.1: ['exon skipping', 0, 0]
Y116F11B.2.1: ['no event', 47, 1]
F46B3.7.1: ['exon skipping', 0, 0]
F46B3.8.1: ['exon skipping', 0, 0]
F54B8.1.1: ['exon skipping', 0, 0]
M01B2.8.1: ['exon skipping', 0, 0]
K02E2.8a.1: ['exon skipping', 0, 0]
K02E2.8b.1: ['exon skipping', 0, 0]
>5
C04G6.2.1: ['exon skipping', 0, 0]
C04G6.13.1: ['exon skipping', 0, 0]
Y116F11B.2.1: ['exon skipping', 0, 0]
F46B3.7.1: ['5event', 11, 1]
F46B3.8.1: ['5event', 11, 1]
F54B8.1.1: ['exon skipping', 0, 0]
M01B2.8.1: ['exon skipping', 0, 0]
K02E2.8a.1: ['exon skipping', 0, 0]
K02E2.8b.1: ['exon skipping', 0, 0]
>6
C04G6.2.1: ['exon skipping', 0, 0]
C04G6.13.1: ['exon skipping', 0, 0]
Y116F11B.2.1: ['exon skipping', 0, 0]
F46B3.7.1: ['exon skipping', 0, 0]
F46B3.8.1: ['exon skipping', 0, 0]
F54B8.1.1: ['exon skipping', 0, 0]
M01B2.8.1: ['exon skipping', 0, 0]
K02E2.8a.1: ['5event', 5, 1]
K02E2.8b.1: ['exon skipping', 0, 0]
>7
C04G6.2.1: ['5event', 107, 1]
C04G6.13.1: ['5event', ['internal gap >= 30', 52, 48], 60, 1]
Y116F11B.2.1: ['3event', '5event', 66, 1]
F46B3.7.1: ['exon skipping', 0, 0]
F46B3.8.1: ['exon skipping', 0, 0]
F54B8.1.1: ['exon skipping', 0, 0]
M01B2.8.1: ['exon skipping', 0, 0]
K02E2.8a.1: ['no event', 108, 1]
K02E2.8b.1: ['5event', 107, 1]
>8
C04G6.2.1: ['exon skipping', 0, 0]
C04G6.13.1: ['exon skipping', 0, 0]
Y116F11B.2.1: ['exon skipping', 0, 0]
F46B3.7.1: ['exon skipping', 0, 0]
F46B3.8.1: ['exon skipping', 0, 0]
F54B8.1.1: ['5event', 5, 1]
M01B2.8.1: ['5event', 5, 1]
K02E2.8a.1: ['exon skipping', 0, 0]
K02E2.8b.1: ['exon skipping', 0, 0]
>9
C04G6.2.1: ['5event', ['internal gap < 30', 104, 7], 141, 1]
C04G6.13.1: ['5event', ['internal gap < 30', 104, 7], 141, 1]
Y116F11B.2.1: ['3event', '5event', 133, 1]
F46B3.7.1: ['3event', '5event', 127, 1]
F46B3.8.1: ['3event', '5event', 130, 1]
F54B8.1.1: ['3event', 139, 1]
M01B2.8.1: ['3event', 139, 1]
K02E2.8a.1: ['3event', '5event', 138, 1]
K02E2.8b.1: ['3event', '5event', 138, 1]
>10
C04G6.2.1: ['exon skipping', 0, 0]
C04G6.13.1: ['exon skipping', 0, 0]
Y116F11B.2.1: ['exon skipping', 0, 0]
F46B3.7.1: ['exon skipping', 0, 0]
F46B3.8.1: ['exon skipping', 0, 0]
F54B8.1.1: ['exon skipping', 0, 0]
M01B2.8.1: ['exon skipping', 0, 0]
K02E2.8a.1: ['5event', 6, 1]
K02E2.8b.1: ['5event', 6, 1]
>11
C04G6.2.1: ['exon skipping', 0, 0]
C04G6.13.1: ['exon skipping', 0, 0]
Y116F11B.2.1: ['5event', 208, 2]
F46B3.7.1: ['exon skipping', 0, 0]
F46B3.8.1: ['exon skipping', 0, 0]
F54B8.1.1: ['exon skipping', 0, 0]
M01B2.8.1: ['exon skipping', 0, 0]
K02E2.8a.1: ['exon skipping', 0, 0]
K02E2.8b.1: ['exon skipping', 0, 0]
>12
C04G6.2.1: ['exon skipping', 0, 0]
C04G6.13.1: ['exon skipping', 0, 0]
Y116F11B.2.1: ['no event', 138, 1]
F46B3.7.1: ['exon skipping', 0, 0]
F46B3.8.1: ['exon skipping', 0, 0]
F54B8.1.1: ['exon skipping', 0, 0]
M01B2.8.1: ['exon skipping', 0, 0]
K02E2.8a.1: ['exon skipping', 0, 0]
K02E2.8b.1: ['exon skipping', 0, 0]
>13
C04G6.2.1: ['exon skipping', 0, 0]
C04G6.13.1: ['exon skipping', 0, 0]
Y116F11B.2.1: ['exon skipping', 0, 0]
F46B3.7.1: ['exon skipping', 0, 0]
F46B3.8.1: ['exon skipping', 0, 0]
F54B8.1.1: ['5event', 15, 1]
M01B2.8.1: ['5event', 15, 1]
K02E2.8a.1: ['exon skipping', 0, 0]
K02E2.8b.1: ['exon skipping', 0, 0]
>14
C04G6.2.1: ['exon skipping', 0, 0]
C04G6.13.1: ['exon skipping', 0, 0]
Y116F11B.2.1: ['5event', 184, 2]
F46B3.7.1: ['exon skipping', 0, 0]
F46B3.8.1: ['exon skipping', 0, 0]
F54B8.1.1: ['exon skipping', 0, 0]
M01B2.8.1: ['exon skipping', 0, 0]
K02E2.8a.1: ['exon skipping', 0, 0]
K02E2.8b.1: ['exon skipping', 0, 0]
>15
C04G6.2.1: ['exon skipping', 0, 0]
C04G6.13.1: ['exon skipping', 0, 0]
Y116F11B.2.1: ['no event', 129, 1]
F46B3.7.1: ['exon skipping', 0, 0]
F46B3.8.1: ['exon skipping', 0, 0]
F54B8.1.1: ['exon skipping', 0, 0]
M01B2.8.1: ['exon skipping', 0, 0]
K02E2.8a.1: ['exon skipping', 0, 0]
K02E2.8b.1: ['exon skipping', 0, 0]
>16
C04G6.2.1: ['5event', ['internal gap >= 30', 133, 30], 192, 2]
C04G6.13.1: ['5event', ['internal gap >= 30', 133, 30], 192, 2]
Y116F11B.2.1: [['internal gap >= 30', 151, 43], 179, 2]
F46B3.7.1: ['5event', ['internal gap >= 30', 149, 45], 177, 2]
F46B3.8.1: ['5event', ['internal gap >= 30', 164, 30], 192, 2]
F54B8.1.1: ['5event', ['internal gap < 30', 125, 21], 201, 2]
M01B2.8.1: ['5event', ['internal gap < 30', 125, 21], 201, 2]
K02E2.8a.1: ['5event', ['internal gap < 30', 67, 18], 204, 2]
K02E2.8b.1: ['5event', ['internal gap < 30', 67, 18], 204, 2]
