>0
K10D2.2.1: ['no event', 14, 0]
Y34F4.3.1: ['exon skipping', 0, 0]
R07H5.11a.1: ['exon skipping', 0, 0]
R07H5.11b.1: ['exon skipping', 0, 0]
T08B2.4.1: ['exon skipping', 0, 0]
>1
K10D2.2.1: ['no event', 237, 0]
Y34F4.3.1: ['exon skipping', 0, 0]
R07H5.11a.1: ['exon skipping', 0, 0]
R07H5.11b.1: ['exon skipping', 0, 0]
T08B2.4.1: ['exon skipping', 0, 0]
>2
K10D2.2.1: ['no event', 66, 1]
Y34F4.3.1: ['exon skipping', 0, 0]
R07H5.11a.1: ['exon skipping', 0, 0]
R07H5.11b.1: ['exon skipping', 0, 0]
T08B2.4.1: ['exon skipping', 0, 0]
>3
K10D2.2.1: ['no event', 413, 2]
Y34F4.3.1: ['exon skipping', 0, 0]
R07H5.11a.1: ['exon skipping', 0, 0]
R07H5.11b.1: ['exon skipping', 0, 0]
T08B2.4.1: ['exon skipping', 0, 0]
>4
K10D2.2.1: ['no event', 171, 2]
Y34F4.3.1: ['exon skipping', 0, 0]
R07H5.11a.1: ['exon skipping', 0, 0]
R07H5.11b.1: ['exon skipping', 0, 0]
T08B2.4.1: ['exon skipping', 0, 0]
>5
K10D2.2.1: [['internal gap < 30', 180, 24], 347, 0]
Y34F4.3.1: ['5event', ['internal gap >= 30', 25, 128], 243, 0]
R07H5.11a.1: ['5event', ['internal gap >= 30', 48, 272], 99, 0]
R07H5.11b.1: ['5event', ['internal gap >= 30', 48, 272], 99, 0]
T08B2.4.1: ['5event', ['internal gap >= 30', 48, 272], 99, 0]
>6
K10D2.2.1: ['3event', 159, 1]
Y34F4.3.1: ['3event', 123, 1]
R07H5.11a.1: ['no event', 259, 1]
R07H5.11b.1: ['3event', 151, 1]
T08B2.4.1: ['no event', 259, 1]
>7
K10D2.2.1: ['3event', '5event', 120, 0]
Y34F4.3.1: ['exon skipping', 0, 0]
R07H5.11a.1: ['exon skipping', 0, 0]
R07H5.11b.1: ['5event', ['internal gap >= 30', 68, 36], 121, 1]
T08B2.4.1: ['exon skipping', 0, 0]
