>0
F19B10.11.1: ['no event', 126, 0]
F19B10.5.1: ['exon skipping', 0, 0]
>1
F19B10.11.1: ['exon skipping', 0, 0]
F19B10.5.1: ['5event', 87, 0]
>2
F19B10.11.1: ['5event', 140, 1]
F19B10.5.1: ['exon skipping', 0, 0]
>3
F19B10.11.1: ['no event', 59, 1]
F19B10.5.1: ['exon skipping', 0, 0]
>4
F19B10.11.1: [['internal gap < 30', 2, 1], 127, 1]
F19B10.5.1: ['5event', ['internal gap >= 30', 45, 35], 93, 1]
>5
F19B10.11.1: ['no event', 200, 1]
F19B10.5.1: ['exon skipping', 0, 0]
>6
F19B10.11.1: ['no event', 101, 1]
F19B10.5.1: ['exon skipping', 0, 0]
>7
F19B10.11.1: ['no event', 98, 1]
F19B10.5.1: ['exon skipping', 0, 0]
>8
F19B10.11.1: ['no event', 86, 1]
F19B10.5.1: ['exon skipping', 0, 0]
>9
F19B10.11.1: ['exon skipping', 0, 0]
F19B10.5.1: ['5event', 10, 2]
>10
F19B10.11.1: ['5event', ['internal gap < 30', 29, 20], 71, 1]
F19B10.5.1: [['internal gap < 30', 76, 4], 87, 1]
>11
F19B10.11.1: ['exon skipping', 0, 0]
F19B10.5.1: ['no event', 2, 1]
>12
F19B10.11.1: ['exon skipping', 0, 0]
F19B10.5.1: ['no event', 86, 1]
>13
F19B10.11.1: ['exon skipping', 0, 0]
F19B10.5.1: ['no event', 191, 1]
>14
F19B10.11.1: ['5event', ['internal gap < 30', 194, 25], 224, 1]
F19B10.5.1: [['internal gap < 30', 141, 12], 237, 1]
>15
F19B10.11.1: ['no event', 129, 1]
F19B10.5.1: [['internal gap < 30', 98, 2], 127, 1]
>16
F19B10.11.1: ['no event', 1, 2]
F19B10.5.1: ['exon skipping', 0, 0]
>17
F19B10.11.1: ['exon skipping', 0, 0]
F19B10.5.1: [['internal gap < 30', 1, 2], 17, 0]
>18
F19B10.11.1: ['5event', 145, 1]
F19B10.5.1: ['exon skipping', 0, 0]
