>0
FBtr0075377: ['no event', 1772, 0]
FBtr0110866: ['no event', 1772, 0]
FBtr0332310: ['exon skipping', 0, 0]
FBtr0332309: ['exon skipping', 0, 0]
FBtr0332308: ['exon skipping', 0, 0]
FBtr0347416: ['exon skipping', 0, 0]
>1
FBtr0075377: ['exon skipping', 0, 0]
FBtr0110866: ['exon skipping', 0, 0]
FBtr0332310: ['5event', 212, 0]
FBtr0332309: ['5event', 212, 0]
FBtr0332308: ['5event', 212, 0]
FBtr0347416: ['5event', 212, 0]
>2
FBtr0075377: ['exon skipping', 0, 0]
FBtr0110866: ['5event', 881, 0]
FBtr0332310: ['exon skipping', 0, 0]
FBtr0332309: ['exon skipping', 0, 0]
FBtr0332308: ['exon skipping', 0, 0]
FBtr0347416: ['exon skipping', 0, 0]
>3
FBtr0075377: ['exon skipping', 0, 0]
FBtr0110866: ['exon skipping', 0, 0]
FBtr0332310: ['exon skipping', 0, 0]
FBtr0332309: ['5event', 8, 0]
FBtr0332308: ['exon skipping', 0, 0]
FBtr0347416: ['exon skipping', 0, 0]
>4
FBtr0075377: ['exon skipping', 0, 0]
FBtr0110866: ['exon skipping', 0, 0]
FBtr0332310: ['5event', 150, 0]
FBtr0332309: ['no event', 151, 0]
FBtr0332308: ['5event', 150, 0]
FBtr0347416: ['5event', 150, 0]
>5
FBtr0075377: ['exon skipping', 0, 0]
FBtr0110866: ['exon skipping', 0, 0]
FBtr0332310: ['no event', 156, 1]
FBtr0332309: ['no event', 156, 1]
FBtr0332308: ['no event', 156, 1]
FBtr0347416: ['no event', 156, 1]
>6
FBtr0075377: ['5event', 12, 0]
FBtr0110866: ['5event', 12, 0]
FBtr0332310: ['exon skipping', 0, 0]
FBtr0332309: ['exon skipping', 0, 0]
FBtr0332308: ['exon skipping', 0, 0]
FBtr0347416: ['exon skipping', 0, 0]
>7
FBtr0075377: ['exon skipping', 0, 0]
FBtr0110866: ['exon skipping', 0, 0]
FBtr0332310: ['5event', 15, 2]
FBtr0332309: ['exon skipping', 0, 0]
FBtr0332308: ['exon skipping', 0, 0]
FBtr0347416: ['exon skipping', 0, 0]
>8
FBtr0075377: ['3event', '5event', 286, 1]
FBtr0110866: ['3event', '5event', 286, 1]
FBtr0332310: ['exon skipping', 0, 0]
FBtr0332309: ['5event', ['internal gap < 30', 134, 24], 551, 2]
FBtr0332308: ['5event', ['internal gap < 30', 134, 24], 551, 2]
FBtr0347416: ['5event', ['internal gap < 30', 134, 24], 551, 2]
>9
FBtr0075377: ['5event', ['internal gap >= 30', 469, 55], 564, 2]
FBtr0110866: ['5event', ['internal gap >= 30', 469, 55], 564, 2]
FBtr0332310: ['exon skipping', 0, 0]
FBtr0332309: [['internal gap >= 30', 452, 108], 511, 2]
FBtr0332308: [['internal gap >= 30', 452, 108], 511, 2]
FBtr0347416: [['internal gap >= 30', 452, 108], 511, 2]
>10
FBtr0075377: ['no event', 35, 0]
FBtr0110866: ['no event', 35, 0]
FBtr0332310: ['exon skipping', 0, 0]
FBtr0332309: ['exon skipping', 0, 0]
FBtr0332308: ['exon skipping', 0, 0]
FBtr0347416: ['exon skipping', 0, 0]
