>0
FBtr0344339: [['internal gap < 30', 338, 12], 479, 0]
FBtr0074732: [['internal gap < 30', 338, 12], 479, 0]
FBtr0074731: [['internal gap < 30', 338, 12], 479, 0]
FBtr0308192: [['internal gap < 30', 338, 12], 479, 0]
FBtr0085194: [['internal gap < 30', 311, 9], 482, 0]
D1007.6.1: ['3event', 144, 0]
>1
FBtr0344339: ['exon skipping', 0, 0]
FBtr0074732: ['exon skipping', 0, 0]
FBtr0074731: ['exon skipping', 0, 0]
FBtr0308192: ['exon skipping', 0, 0]
FBtr0085194: ['exon skipping', 0, 0]
D1007.6.1: ['5event', 186, 0]
>2
FBtr0344339: ['exon skipping', 0, 0]
FBtr0074732: ['exon skipping', 0, 0]
FBtr0074731: ['exon skipping', 0, 0]
FBtr0308192: ['exon skipping', 0, 0]
FBtr0085194: ['exon skipping', 0, 0]
D1007.6.1: ['no event', 118, 1]
>3
FBtr0344339: ['exon skipping', 0, 0]
FBtr0074732: ['exon skipping', 0, 0]
FBtr0074731: ['exon skipping', 0, 0]
FBtr0308192: ['exon skipping', 0, 0]
FBtr0085194: ['5event', 5, 0]
D1007.6.1: ['exon skipping', 0, 0]
