>0
T23D5.6.1: ['3event', 192, 0]
T08G3.1.1: ['3event', 198, 0]
F59E11.14.1: [['internal gap >= 30', 197, 56], 282, 0]
F59E11.15.1: ['5event', ['internal gap >= 30', 182, 71], 267, 0]
R08H2.2.1: [['internal gap >= 30', 197, 56], 282, 0]
F07B10.2.1: [['internal gap >= 30', 197, 56], 282, 0]
F07B10.3.1: [['internal gap >= 30', 197, 56], 282, 0]
Y39H10B.1a.1: [['internal gap >= 30', 198, 56], 282, 0]
Y39H10B.1b.1: ['exon skipping', 0, 0]
F59B1.1a.1: [['internal gap >= 30', 197, 56], 282, 0]
F59B1.1b.1: [['internal gap >= 30', 197, 56], 282, 0]
>1
T23D5.6.1: ['5event', 36, 0]
T08G3.1.1: ['5event', 36, 0]
F59E11.14.1: ['exon skipping', 0, 0]
F59E11.15.1: ['exon skipping', 0, 0]
R08H2.2.1: ['exon skipping', 0, 0]
F07B10.2.1: ['exon skipping', 0, 0]
F07B10.3.1: ['exon skipping', 0, 0]
Y39H10B.1a.1: ['exon skipping', 0, 0]
Y39H10B.1b.1: ['exon skipping', 0, 0]
F59B1.1a.1: ['exon skipping', 0, 0]
F59B1.1b.1: ['exon skipping', 0, 0]
>2
T23D5.6.1: ['3event', 333, 1]
T08G3.1.1: ['3event', 333, 1]
F59E11.14.1: ['3event', '5event', 214, 1]
F59E11.15.1: ['3event', '5event', 214, 1]
R08H2.2.1: ['3event', '5event', 214, 1]
F07B10.2.1: ['5event', ['internal gap >= 30', 199, 206], 277, 1]
F07B10.3.1: ['5event', ['internal gap >= 30', 199, 206], 277, 1]
Y39H10B.1a.1: ['5event', ['internal gap >= 30', 214, 206], 277, 1]
Y39H10B.1b.1: ['exon skipping', 0, 0]
F59B1.1a.1: ['5event', ['internal gap >= 30', 214, 206], 277, 1]
F59B1.1b.1: ['5event', ['internal gap >= 30', 214, 206], 277, 1]
>3
T23D5.6.1: ['exon skipping', 0, 0]
T08G3.1.1: ['5event', 7, 0]
F59E11.14.1: ['exon skipping', 0, 0]
F59E11.15.1: ['exon skipping', 0, 0]
R08H2.2.1: ['exon skipping', 0, 0]
F07B10.2.1: ['exon skipping', 0, 0]
F07B10.3.1: ['exon skipping', 0, 0]
Y39H10B.1a.1: ['exon skipping', 0, 0]
Y39H10B.1b.1: ['exon skipping', 0, 0]
F59B1.1a.1: ['exon skipping', 0, 0]
F59B1.1b.1: ['exon skipping', 0, 0]
>4
T23D5.6.1: ['exon skipping', 0, 0]
T08G3.1.1: ['exon skipping', 0, 0]
F59E11.14.1: ['5event', 141, 2]
F59E11.15.1: ['5event', 141, 2]
R08H2.2.1: ['5event', 141, 2]
F07B10.2.1: ['exon skipping', 0, 0]
F07B10.3.1: ['exon skipping', 0, 0]
Y39H10B.1a.1: ['3event', '5event', 75, 0]
Y39H10B.1b.1: ['exon skipping', 0, 0]
F59B1.1a.1: ['exon skipping', 0, 0]
F59B1.1b.1: ['exon skipping', 0, 0]
>5
T23D5.6.1: ['exon skipping', 0, 0]
T08G3.1.1: ['5event', ['internal gap < 30', 38, 15], 69, 2]
F59E11.14.1: ['exon skipping', 0, 0]
F59E11.15.1: ['exon skipping', 0, 0]
R08H2.2.1: ['exon skipping', 0, 0]
F07B10.2.1: ['5event', ['internal gap < 30', 19, 7], 77, 0]
F07B10.3.1: ['5event', ['internal gap < 30', 19, 7], 77, 0]
Y39H10B.1a.1: ['exon skipping', 0, 0]
Y39H10B.1b.1: ['exon skipping', 0, 0]
F59B1.1a.1: ['5event', ['internal gap < 30', 43, 10], 74, 0]
F59B1.1b.1: ['5event', ['internal gap < 30', 43, 10], 74, 0]
>6
T23D5.6.1: ['3event', '5event', 385, 0]
T08G3.1.1: ['3event', 308, 0]
F59E11.14.1: ['5event', ['internal gap >= 30', 293, 595], 306, 0]
F59E11.15.1: ['5event', ['internal gap >= 30', 293, 595], 306, 0]
R08H2.2.1: ['5event', ['internal gap >= 30', 293, 595], 306, 0]
F07B10.2.1: ['3event', 305, 0]
F07B10.3.1: ['3event', 305, 0]
Y39H10B.1a.1: ['3event', '5event', 304, 0]
Y39H10B.1b.1: ['3event', '5event', 157, 0]
F59B1.1a.1: [['internal gap >= 30', 292, 596], 305, 0]
F59B1.1b.1: [['internal gap >= 30', 292, 596], 305, 0]
>7
T23D5.6.1: ['3event', '5event', 32, 1]
T08G3.1.1: ['3event', '5event', 71, 1]
F59E11.14.1: [['internal gap >= 30', 67, 43], 94, 1]
F59E11.15.1: ['3event', 93, 1]
R08H2.2.1: ['3event', 75, 1]
F07B10.2.1: ['3event', '5event', 110, 1]
F07B10.3.1: ['3event', '5event', 62, 1]
Y39H10B.1a.1: ['5event', ['internal gap >= 30', 58, 51], 86, 1]
Y39H10B.1b.1: ['5event', ['internal gap >= 30', 58, 51], 86, 1]
F59B1.1a.1: ['3event', '5event', 89, 1]
F59B1.1b.1: ['3event', '5event', 98, 1]
>8
T23D5.6.1: ['exon skipping', 0, 0]
T08G3.1.1: ['exon skipping', 0, 0]
F59E11.14.1: ['exon skipping', 0, 0]
F59E11.15.1: ['exon skipping', 0, 0]
R08H2.2.1: ['exon skipping', 0, 0]
F07B10.2.1: ['exon skipping', 0, 0]
F07B10.3.1: ['exon skipping', 0, 0]
Y39H10B.1a.1: ['exon skipping', 0, 0]
Y39H10B.1b.1: ['exon skipping', 0, 0]
F59B1.1a.1: ['5event', 16, 0]
F59B1.1b.1: ['5event', 16, 0]
>9
T23D5.6.1: ['exon skipping', 0, 0]
T08G3.1.1: ['exon skipping', 0, 0]
F59E11.14.1: ['exon skipping', 0, 0]
F59E11.15.1: ['exon skipping', 0, 0]
R08H2.2.1: ['exon skipping', 0, 0]
F07B10.2.1: ['exon skipping', 0, 0]
F07B10.3.1: ['exon skipping', 0, 0]
Y39H10B.1a.1: ['exon skipping', 0, 0]
Y39H10B.1b.1: ['exon skipping', 0, 0]
F59B1.1a.1: ['only gap', 0, 2]
F59B1.1b.1: ['only gap', 0, 2]
