>0
FBtr0339635: ['no event', 114, 0]
FBtr0087942: ['no event', 114, 0]
FBtr0087943: ['no event', 114, 0]
FBtr0087945: ['no event', 114, 0]
FBtr0087944: ['no event', 114, 0]
F22A3.5.1: ['exon skipping', 0, 0]
>1
FBtr0339635: ['exon skipping', 0, 0]
FBtr0087942: ['exon skipping', 0, 0]
FBtr0087943: ['exon skipping', 0, 0]
FBtr0087945: ['exon skipping', 0, 0]
FBtr0087944: ['exon skipping', 0, 0]
F22A3.5.1: ['5event', 67, 0]
>2
FBtr0339635: ['exon skipping', 0, 0]
FBtr0087942: ['exon skipping', 0, 0]
FBtr0087943: ['exon skipping', 0, 0]
FBtr0087945: ['exon skipping', 0, 0]
FBtr0087944: ['exon skipping', 0, 0]
F22A3.5.1: ['no event', 70, 2]
>3
FBtr0339635: ['exon skipping', 0, 0]
FBtr0087942: ['exon skipping', 0, 0]
FBtr0087943: ['exon skipping', 0, 0]
FBtr0087945: ['exon skipping', 0, 0]
FBtr0087944: ['exon skipping', 0, 0]
F22A3.5.1: ['no event', 67, 1]
>4
FBtr0339635: ['exon skipping', 0, 0]
FBtr0087942: ['exon skipping', 0, 0]
FBtr0087943: ['exon skipping', 0, 0]
FBtr0087945: ['exon skipping', 0, 0]
FBtr0087944: ['exon skipping', 0, 0]
F22A3.5.1: ['no event', 143, 0]
>5
FBtr0339635: ['exon skipping', 0, 0]
FBtr0087942: ['exon skipping', 0, 0]
FBtr0087943: ['exon skipping', 0, 0]
FBtr0087945: ['exon skipping', 0, 0]
FBtr0087944: ['exon skipping', 0, 0]
F22A3.5.1: ['no event', 74, 0]
>6
FBtr0339635: ['exon skipping', 0, 0]
FBtr0087942: ['exon skipping', 0, 0]
FBtr0087943: ['exon skipping', 0, 0]
FBtr0087945: ['exon skipping', 0, 0]
FBtr0087944: ['exon skipping', 0, 0]
F22A3.5.1: ['no event', 115, 0]
>7
FBtr0339635: ['5event', 493, 1]
FBtr0087942: ['5event', 493, 1]
FBtr0087943: ['5event', 493, 1]
FBtr0087945: ['3event', '5event', 401, 1]
FBtr0087944: ['5event', ['internal gap < 30', 52, 12], 487, 1]
F22A3.5.1: ['3event', 142, 2]
>8
FBtr0339635: ['no event', 149, 0]
FBtr0087942: ['no event', 149, 0]
FBtr0087943: ['no event', 149, 0]
FBtr0087945: ['5event', 148, 0]
FBtr0087944: ['no event', 149, 0]
F22A3.5.1: ['exon skipping', 0, 0]
>9
FBtr0339635: ['exon skipping', 0, 0]
FBtr0087942: ['exon skipping', 0, 0]
FBtr0087943: ['exon skipping', 0, 0]
FBtr0087945: ['exon skipping', 0, 0]
FBtr0087944: ['exon skipping', 0, 0]
F22A3.5.1: ['5event', 252, 0]
>10
FBtr0339635: ['5event', 386, 2]
FBtr0087942: ['5event', 386, 2]
FBtr0087943: ['exon skipping', 0, 0]
FBtr0087945: ['5event', 386, 2]
FBtr0087944: ['exon skipping', 0, 0]
F22A3.5.1: ['exon skipping', 0, 0]
>11
FBtr0339635: ['exon skipping', 0, 0]
FBtr0087942: ['exon skipping', 0, 0]
FBtr0087943: ['exon skipping', 0, 0]
FBtr0087945: ['exon skipping', 0, 0]
FBtr0087944: ['exon skipping', 0, 0]
F22A3.5.1: ['5event', 70, 1]
>12
FBtr0339635: ['5event', ['internal gap < 30', 17, 17], 101, 2]
FBtr0087942: ['5event', ['internal gap < 30', 17, 17], 101, 2]
FBtr0087943: ['5event', ['internal gap < 30', 17, 17], 101, 2]
FBtr0087945: ['5event', ['internal gap < 30', 17, 17], 101, 2]
FBtr0087944: ['5event', ['internal gap < 30', 17, 17], 101, 2]
F22A3.5.1: ['3event', 82, 0]
>13
FBtr0339635: ['no event', 121, 2]
FBtr0087942: ['no event', 121, 2]
FBtr0087943: ['no event', 121, 2]
FBtr0087945: ['no event', 121, 2]
FBtr0087944: ['no event', 121, 2]
F22A3.5.1: ['exon skipping', 0, 0]
>14
FBtr0339635: ['no event', 179, 1]
FBtr0087942: ['no event', 179, 1]
FBtr0087943: ['no event', 179, 1]
FBtr0087945: ['no event', 179, 1]
FBtr0087944: ['no event', 179, 1]
F22A3.5.1: ['exon skipping', 0, 0]
>15
FBtr0339635: ['no event', 115, 1]
FBtr0087942: ['no event', 115, 1]
FBtr0087943: ['no event', 115, 1]
FBtr0087945: ['no event', 115, 1]
FBtr0087944: ['no event', 115, 1]
F22A3.5.1: ['exon skipping', 0, 0]
