>0
ENSEBUT00000016926: ['exon skipping', 0, 0]
ENSEBUT00000016947: ['exon skipping', 0, 0]
ENSACIT00000031106: ['3event', 194, 0]
F46H6.2a.1: ['5event', ['internal gap >= 30', 63, 76], 132, 0]
F46H6.2b.1: ['exon skipping', 0, 0]
F46H6.2b.2: ['exon skipping', 0, 0]
F46H6.2c.1: ['exon skipping', 0, 0]
F46H6.2c.2: ['exon skipping', 0, 0]
F46H6.2c.3: ['exon skipping', 0, 0]
FBtr0339705: ['3event', '5event', 159, 0]
FBtr0087853: ['3event', '5event', 159, 0]
>1
ENSEBUT00000016926: ['exon skipping', 0, 0]
ENSEBUT00000016947: ['exon skipping', 0, 0]
ENSACIT00000031106: ['5event', 22, 2]
F46H6.2a.1: ['exon skipping', 0, 0]
F46H6.2b.1: ['exon skipping', 0, 0]
F46H6.2b.2: ['exon skipping', 0, 0]
F46H6.2c.1: ['exon skipping', 0, 0]
F46H6.2c.2: ['exon skipping', 0, 0]
F46H6.2c.3: ['exon skipping', 0, 0]
FBtr0339705: ['exon skipping', 0, 0]
FBtr0087853: ['exon skipping', 0, 0]
>2
ENSEBUT00000016926: ['exon skipping', 0, 0]
ENSEBUT00000016947: ['exon skipping', 0, 0]
ENSACIT00000031106: ['no event', 8, 1]
F46H6.2a.1: ['exon skipping', 0, 0]
F46H6.2b.1: ['exon skipping', 0, 0]
F46H6.2b.2: ['exon skipping', 0, 0]
F46H6.2c.1: ['exon skipping', 0, 0]
F46H6.2c.2: ['exon skipping', 0, 0]
F46H6.2c.3: ['exon skipping', 0, 0]
FBtr0339705: ['exon skipping', 0, 0]
FBtr0087853: ['exon skipping', 0, 0]
>3
ENSEBUT00000016926: ['exon skipping', 0, 0]
ENSEBUT00000016947: ['exon skipping', 0, 0]
ENSACIT00000031106: [['internal gap < 30', 64, 27], 81, 1]
F46H6.2a.1: ['5event', 106, 1]
F46H6.2b.1: ['exon skipping', 0, 0]
F46H6.2b.2: ['exon skipping', 0, 0]
F46H6.2c.1: ['exon skipping', 0, 0]
F46H6.2c.2: ['exon skipping', 0, 0]
F46H6.2c.3: ['exon skipping', 0, 0]
FBtr0339705: ['exon skipping', 0, 0]
FBtr0087853: ['exon skipping', 0, 0]
>4
ENSEBUT00000016926: ['5event', 8, 0]
ENSEBUT00000016947: ['exon skipping', 0, 0]
ENSACIT00000031106: ['exon skipping', 0, 0]
F46H6.2a.1: ['no event', 9, 0]
F46H6.2b.1: ['exon skipping', 0, 0]
F46H6.2b.2: ['exon skipping', 0, 0]
F46H6.2c.1: ['exon skipping', 0, 0]
F46H6.2c.2: ['exon skipping', 0, 0]
F46H6.2c.3: ['exon skipping', 0, 0]
FBtr0339705: ['exon skipping', 0, 0]
FBtr0087853: ['exon skipping', 0, 0]
>5
ENSEBUT00000016926: ['exon skipping', 0, 0]
ENSEBUT00000016947: ['exon skipping', 0, 0]
ENSACIT00000031106: ['exon skipping', 0, 0]
F46H6.2a.1: ['no event', 86, 0]
F46H6.2b.1: ['exon skipping', 0, 0]
F46H6.2b.2: ['exon skipping', 0, 0]
F46H6.2c.1: ['exon skipping', 0, 0]
F46H6.2c.2: ['exon skipping', 0, 0]
F46H6.2c.3: ['exon skipping', 0, 0]
FBtr0339705: ['exon skipping', 0, 0]
FBtr0087853: ['exon skipping', 0, 0]
>6
ENSEBUT00000016926: ['5event', 2, 0]
ENSEBUT00000016947: ['exon skipping', 0, 0]
ENSACIT00000031106: ['exon skipping', 0, 0]
F46H6.2a.1: ['exon skipping', 0, 0]
F46H6.2b.1: ['exon skipping', 0, 0]
F46H6.2b.2: ['exon skipping', 0, 0]
F46H6.2c.1: ['exon skipping', 0, 0]
F46H6.2c.2: ['exon skipping', 0, 0]
F46H6.2c.3: ['exon skipping', 0, 0]
FBtr0339705: ['exon skipping', 0, 0]
FBtr0087853: ['exon skipping', 0, 0]
>7
ENSEBUT00000016926: ['exon skipping', 0, 0]
ENSEBUT00000016947: ['5event', ['internal gap < 30', 62, 16], 77, 0]
ENSACIT00000031106: ['exon skipping', 0, 0]
F46H6.2a.1: ['5event', 88, 0]
F46H6.2b.1: ['exon skipping', 0, 0]
F46H6.2b.2: ['exon skipping', 0, 0]
F46H6.2c.1: ['exon skipping', 0, 0]
F46H6.2c.2: ['exon skipping', 0, 0]
F46H6.2c.3: ['exon skipping', 0, 0]
FBtr0339705: ['exon skipping', 0, 0]
FBtr0087853: ['exon skipping', 0, 0]
>8
ENSEBUT00000016926: ['exon skipping', 0, 0]
ENSEBUT00000016947: ['exon skipping', 0, 0]
ENSACIT00000031106: ['exon skipping', 0, 0]
F46H6.2a.1: ['no event', 129, 2]
F46H6.2b.1: ['exon skipping', 0, 0]
F46H6.2b.2: ['exon skipping', 0, 0]
F46H6.2c.1: ['exon skipping', 0, 0]
F46H6.2c.2: ['exon skipping', 0, 0]
F46H6.2c.3: ['exon skipping', 0, 0]
FBtr0339705: ['exon skipping', 0, 0]
FBtr0087853: ['exon skipping', 0, 0]
>9
ENSEBUT00000016926: ['exon skipping', 0, 0]
ENSEBUT00000016947: ['only gap', 0, 0]
ENSACIT00000031106: ['exon skipping', 0, 0]
F46H6.2a.1: ['no event', 4, 0]
F46H6.2b.1: ['5event', 2, 0]
F46H6.2b.2: ['5event', 2, 0]
F46H6.2c.1: ['5event', 2, 0]
F46H6.2c.2: ['5event', 2, 0]
F46H6.2c.3: ['5event', 2, 0]
FBtr0339705: ['exon skipping', 0, 0]
FBtr0087853: ['exon skipping', 0, 0]
>10
ENSEBUT00000016926: ['exon skipping', 0, 0]
ENSEBUT00000016947: ['no event', 1, 1]
ENSACIT00000031106: ['exon skipping', 0, 0]
F46H6.2a.1: ['exon skipping', 0, 0]
F46H6.2b.1: ['exon skipping', 0, 0]
F46H6.2b.2: ['exon skipping', 0, 0]
F46H6.2c.1: ['exon skipping', 0, 0]
F46H6.2c.2: ['exon skipping', 0, 0]
F46H6.2c.3: ['exon skipping', 0, 0]
FBtr0339705: ['exon skipping', 0, 0]
FBtr0087853: ['exon skipping', 0, 0]
>11
ENSEBUT00000016926: ['5event', 340, 0]
ENSEBUT00000016947: ['no event', 342, 0]
ENSACIT00000031106: ['3event', '5event', 100, 0]
F46H6.2a.1: ['exon skipping', 0, 0]
F46H6.2b.1: ['exon skipping', 0, 0]
F46H6.2b.2: ['exon skipping', 0, 0]
F46H6.2c.1: ['exon skipping', 0, 0]
F46H6.2c.2: ['exon skipping', 0, 0]
F46H6.2c.3: ['exon skipping', 0, 0]
FBtr0339705: ['exon skipping', 0, 0]
FBtr0087853: ['exon skipping', 0, 0]
>12
ENSEBUT00000016926: ['exon skipping', 0, 0]
ENSEBUT00000016947: ['exon skipping', 0, 0]
ENSACIT00000031106: ['5event', ['internal gap < 30', 53, 6], 85, 1]
F46H6.2a.1: ['exon skipping', 0, 0]
F46H6.2b.1: ['exon skipping', 0, 0]
F46H6.2b.2: ['exon skipping', 0, 0]
F46H6.2c.1: ['exon skipping', 0, 0]
F46H6.2c.2: ['exon skipping', 0, 0]
F46H6.2c.3: ['exon skipping', 0, 0]
FBtr0339705: ['exon skipping', 0, 0]
FBtr0087853: ['exon skipping', 0, 0]
>13
ENSEBUT00000016926: ['exon skipping', 0, 0]
ENSEBUT00000016947: ['exon skipping', 0, 0]
ENSACIT00000031106: ['no event', 125, 0]
F46H6.2a.1: ['exon skipping', 0, 0]
F46H6.2b.1: ['exon skipping', 0, 0]
F46H6.2b.2: ['exon skipping', 0, 0]
F46H6.2c.1: ['exon skipping', 0, 0]
F46H6.2c.2: ['exon skipping', 0, 0]
F46H6.2c.3: ['exon skipping', 0, 0]
FBtr0339705: ['exon skipping', 0, 0]
FBtr0087853: ['exon skipping', 0, 0]
>14
ENSEBUT00000016926: ['exon skipping', 0, 0]
ENSEBUT00000016947: ['exon skipping', 0, 0]
ENSACIT00000031106: ['no event', 173, 0]
F46H6.2a.1: ['exon skipping', 0, 0]
F46H6.2b.1: ['exon skipping', 0, 0]
F46H6.2b.2: ['exon skipping', 0, 0]
F46H6.2c.1: ['exon skipping', 0, 0]
F46H6.2c.2: ['exon skipping', 0, 0]
F46H6.2c.3: ['exon skipping', 0, 0]
FBtr0339705: ['exon skipping', 0, 0]
FBtr0087853: ['exon skipping', 0, 0]
>15
ENSEBUT00000016926: ['5event', ['internal gap >= 30', 8, 30], 21, 2]
ENSEBUT00000016947: ['5event', ['internal gap >= 30', 8, 30], 21, 2]
ENSACIT00000031106: ['exon skipping', 0, 0]
F46H6.2a.1: ['exon skipping', 0, 0]
F46H6.2b.1: ['exon skipping', 0, 0]
F46H6.2b.2: ['exon skipping', 0, 0]
F46H6.2c.1: ['exon skipping', 0, 0]
F46H6.2c.2: ['exon skipping', 0, 0]
F46H6.2c.3: ['exon skipping', 0, 0]
FBtr0339705: ['5event', 48, 0]
FBtr0087853: ['5event', 48, 0]
>16
ENSEBUT00000016926: ['exon skipping', 0, 0]
ENSEBUT00000016947: ['exon skipping', 0, 0]
ENSACIT00000031106: ['5event', 22, 0]
F46H6.2a.1: ['exon skipping', 0, 0]
F46H6.2b.1: ['exon skipping', 0, 0]
F46H6.2b.2: ['exon skipping', 0, 0]
F46H6.2c.1: ['exon skipping', 0, 0]
F46H6.2c.2: ['exon skipping', 0, 0]
F46H6.2c.3: ['exon skipping', 0, 0]
FBtr0339705: ['exon skipping', 0, 0]
FBtr0087853: ['exon skipping', 0, 0]
>17
ENSEBUT00000016926: ['exon skipping', 0, 0]
ENSEBUT00000016947: ['exon skipping', 0, 0]
ENSACIT00000031106: ['no event', 22, 2]
F46H6.2a.1: ['exon skipping', 0, 0]
F46H6.2b.1: ['exon skipping', 0, 0]
F46H6.2b.2: ['exon skipping', 0, 0]
F46H6.2c.1: ['exon skipping', 0, 0]
F46H6.2c.2: ['exon skipping', 0, 0]
F46H6.2c.3: ['exon skipping', 0, 0]
FBtr0339705: ['exon skipping', 0, 0]
FBtr0087853: ['exon skipping', 0, 0]
>18
ENSEBUT00000016926: ['exon skipping', 0, 0]
ENSEBUT00000016947: ['exon skipping', 0, 0]
ENSACIT00000031106: ['no event', 100, 1]
F46H6.2a.1: ['exon skipping', 0, 0]
F46H6.2b.1: ['exon skipping', 0, 0]
F46H6.2b.2: ['exon skipping', 0, 0]
F46H6.2c.1: ['exon skipping', 0, 0]
F46H6.2c.2: ['exon skipping', 0, 0]
F46H6.2c.3: ['exon skipping', 0, 0]
FBtr0339705: ['exon skipping', 0, 0]
FBtr0087853: ['exon skipping', 0, 0]
>19
ENSEBUT00000016926: ['exon skipping', 0, 0]
ENSEBUT00000016947: ['exon skipping', 0, 0]
ENSACIT00000031106: ['no event', 214, 0]
F46H6.2a.1: ['exon skipping', 0, 0]
F46H6.2b.1: ['exon skipping', 0, 0]
F46H6.2b.2: ['exon skipping', 0, 0]
F46H6.2c.1: ['exon skipping', 0, 0]
F46H6.2c.2: ['exon skipping', 0, 0]
F46H6.2c.3: ['exon skipping', 0, 0]
FBtr0339705: ['exon skipping', 0, 0]
FBtr0087853: ['exon skipping', 0, 0]
>20
ENSEBUT00000016926: ['exon skipping', 0, 0]
ENSEBUT00000016947: ['exon skipping', 0, 0]
ENSACIT00000031106: ['exon skipping', 0, 0]
F46H6.2a.1: ['exon skipping', 0, 0]
F46H6.2b.1: ['exon skipping', 0, 0]
F46H6.2b.2: ['exon skipping', 0, 0]
F46H6.2c.1: ['exon skipping', 0, 0]
F46H6.2c.2: ['exon skipping', 0, 0]
F46H6.2c.3: ['exon skipping', 0, 0]
FBtr0339705: ['5event', 28, 1]
FBtr0087853: ['5event', 28, 1]
>21
ENSEBUT00000016926: ['exon skipping', 0, 0]
ENSEBUT00000016947: ['exon skipping', 0, 0]
ENSACIT00000031106: ['exon skipping', 0, 0]
F46H6.2a.1: ['exon skipping', 0, 0]
F46H6.2b.1: ['exon skipping', 0, 0]
F46H6.2b.2: ['exon skipping', 0, 0]
F46H6.2c.1: ['exon skipping', 0, 0]
F46H6.2c.2: ['exon skipping', 0, 0]
F46H6.2c.3: ['exon skipping', 0, 0]
FBtr0339705: ['no event', 58, 0]
FBtr0087853: ['no event', 58, 0]
>22
ENSEBUT00000016926: ['exon skipping', 0, 0]
ENSEBUT00000016947: ['exon skipping', 0, 0]
ENSACIT00000031106: ['5event', 199, 2]
F46H6.2a.1: ['exon skipping', 0, 0]
F46H6.2b.1: ['exon skipping', 0, 0]
F46H6.2b.2: ['exon skipping', 0, 0]
F46H6.2c.1: ['exon skipping', 0, 0]
F46H6.2c.2: ['exon skipping', 0, 0]
F46H6.2c.3: ['exon skipping', 0, 0]
FBtr0339705: ['exon skipping', 0, 0]
FBtr0087853: ['exon skipping', 0, 0]
>23
ENSEBUT00000016926: ['exon skipping', 0, 0]
ENSEBUT00000016947: ['exon skipping', 0, 0]
ENSACIT00000031106: ['no event', 157, 1]
F46H6.2a.1: ['exon skipping', 0, 0]
F46H6.2b.1: ['exon skipping', 0, 0]
F46H6.2b.2: ['exon skipping', 0, 0]
F46H6.2c.1: ['exon skipping', 0, 0]
F46H6.2c.2: ['exon skipping', 0, 0]
F46H6.2c.3: ['exon skipping', 0, 0]
FBtr0339705: ['exon skipping', 0, 0]
FBtr0087853: ['exon skipping', 0, 0]
>24
ENSEBUT00000016926: ['3event', '5event', 372, 0]
ENSEBUT00000016947: ['3event', '5event', 372, 0]
ENSACIT00000031106: ['3event', 154, 0]
F46H6.2a.1: ['5event', ['internal gap >= 30', 282, 570], 287, 0]
F46H6.2b.1: ['5event', ['internal gap >= 30', 282, 570], 287, 0]
F46H6.2b.2: ['5event', ['internal gap >= 30', 282, 570], 287, 0]
F46H6.2c.1: ['5event', ['internal gap >= 30', 282, 570], 287, 0]
F46H6.2c.2: ['5event', ['internal gap >= 30', 282, 570], 287, 0]
F46H6.2c.3: ['5event', ['internal gap >= 30', 282, 570], 287, 0]
FBtr0339705: ['5event', ['internal gap >= 30', 479, 175], 682, 2]
FBtr0087853: ['5event', ['internal gap >= 30', 479, 175], 682, 2]
>25
ENSEBUT00000016926: ['5event', 143, 0]
ENSEBUT00000016947: ['5event', 143, 0]
ENSACIT00000031106: ['exon skipping', 0, 0]
F46H6.2a.1: ['exon skipping', 0, 0]
F46H6.2b.1: ['exon skipping', 0, 0]
F46H6.2b.2: ['exon skipping', 0, 0]
F46H6.2c.1: ['exon skipping', 0, 0]
F46H6.2c.2: ['exon skipping', 0, 0]
F46H6.2c.3: ['exon skipping', 0, 0]
FBtr0339705: ['exon skipping', 0, 0]
FBtr0087853: ['exon skipping', 0, 0]
>26
ENSEBUT00000016926: ['no event', 23, 0]
ENSEBUT00000016947: ['no event', 23, 0]
ENSACIT00000031106: ['exon skipping', 0, 0]
F46H6.2a.1: ['exon skipping', 0, 0]
F46H6.2b.1: ['exon skipping', 0, 0]
F46H6.2b.2: ['exon skipping', 0, 0]
F46H6.2c.1: ['exon skipping', 0, 0]
F46H6.2c.2: ['exon skipping', 0, 0]
F46H6.2c.3: ['exon skipping', 0, 0]
FBtr0339705: ['exon skipping', 0, 0]
FBtr0087853: ['exon skipping', 0, 0]
>27
ENSEBUT00000016926: ['exon skipping', 0, 0]
ENSEBUT00000016947: ['exon skipping', 0, 0]
ENSACIT00000031106: ['5event', 148, 2]
F46H6.2a.1: ['exon skipping', 0, 0]
F46H6.2b.1: ['exon skipping', 0, 0]
F46H6.2b.2: ['exon skipping', 0, 0]
F46H6.2c.1: ['exon skipping', 0, 0]
F46H6.2c.2: ['exon skipping', 0, 0]
F46H6.2c.3: ['exon skipping', 0, 0]
FBtr0339705: ['exon skipping', 0, 0]
FBtr0087853: ['exon skipping', 0, 0]
>28
ENSEBUT00000016926: ['5event', ['internal gap >= 30', 132, 141], 189, 0]
ENSEBUT00000016947: ['5event', ['internal gap >= 30', 132, 141], 189, 0]
ENSACIT00000031106: [['internal gap >= 30', 154, 150], 180, 1]
F46H6.2a.1: ['5event', ['internal gap >= 30', 144, 166], 164, 0]
F46H6.2b.1: ['3event', '5event', 144, 0]
F46H6.2b.2: ['3event', '5event', 144, 0]
F46H6.2c.1: ['5event', ['internal gap >= 30', 144, 166], 164, 0]
F46H6.2c.2: ['5event', ['internal gap >= 30', 144, 166], 164, 0]
F46H6.2c.3: ['5event', ['internal gap >= 30', 144, 166], 164, 0]
FBtr0339705: ['exon skipping', 0, 0]
FBtr0087853: ['exon skipping', 0, 0]
>29
ENSEBUT00000016926: ['exon skipping', 0, 0]
ENSEBUT00000016947: ['exon skipping', 0, 0]
ENSACIT00000031106: ['exon skipping', 0, 0]
F46H6.2a.1: ['exon skipping', 0, 0]
F46H6.2b.1: ['exon skipping', 0, 0]
F46H6.2b.2: ['exon skipping', 0, 0]
F46H6.2c.1: ['exon skipping', 0, 0]
F46H6.2c.2: ['exon skipping', 0, 0]
F46H6.2c.3: ['exon skipping', 0, 0]
FBtr0339705: ['5event', 181, 1]
FBtr0087853: ['5event', 181, 1]
>30
ENSEBUT00000016926: ['exon skipping', 0, 0]
ENSEBUT00000016947: ['exon skipping', 0, 0]
ENSACIT00000031106: ['exon skipping', 0, 0]
F46H6.2a.1: ['exon skipping', 0, 0]
F46H6.2b.1: ['exon skipping', 0, 0]
F46H6.2b.2: ['exon skipping', 0, 0]
F46H6.2c.1: ['exon skipping', 0, 0]
F46H6.2c.2: ['exon skipping', 0, 0]
F46H6.2c.3: ['exon skipping', 0, 0]
FBtr0339705: ['no event', 5, 0]
FBtr0087853: ['no event', 5, 0]
>31
ENSEBUT00000016926: ['5event', 100, 0]
ENSEBUT00000016947: ['5event', 100, 0]
ENSACIT00000031106: ['5event', 100, 0]
F46H6.2a.1: ['5event', ['internal gap < 30', 24, 5], 127, 0]
F46H6.2b.1: ['exon skipping', 0, 0]
F46H6.2b.2: ['exon skipping', 0, 0]
F46H6.2c.1: ['5event', ['internal gap < 30', 24, 5], 127, 0]
F46H6.2c.2: ['5event', ['internal gap < 30', 24, 5], 127, 0]
F46H6.2c.3: ['5event', ['internal gap < 30', 24, 5], 127, 0]
FBtr0339705: ['3event', 103, 0]
FBtr0087853: ['3event', 103, 0]
>32
ENSEBUT00000016926: ['no event', 12, 2]
ENSEBUT00000016947: ['no event', 12, 2]
ENSACIT00000031106: ['exon skipping', 0, 0]
F46H6.2a.1: ['exon skipping', 0, 0]
F46H6.2b.1: ['exon skipping', 0, 0]
F46H6.2b.2: ['exon skipping', 0, 0]
F46H6.2c.1: ['exon skipping', 0, 0]
F46H6.2c.2: ['exon skipping', 0, 0]
F46H6.2c.3: ['exon skipping', 0, 0]
FBtr0339705: ['exon skipping', 0, 0]
FBtr0087853: ['exon skipping', 0, 0]
>33
ENSEBUT00000016926: [['internal gap >= 30', 72, 1031], 160, 0]
ENSEBUT00000016947: [['internal gap >= 30', 72, 1031], 160, 0]
ENSACIT00000031106: ['3event', '5event', 147, 2]
F46H6.2a.1: ['5event', ['internal gap >= 30', 83, 1020], 171, 2]
F46H6.2b.1: ['exon skipping', 0, 0]
F46H6.2b.2: ['exon skipping', 0, 0]
F46H6.2c.1: ['5event', ['internal gap >= 30', 83, 1020], 171, 2]
F46H6.2c.2: ['5event', ['internal gap >= 30', 83, 1020], 171, 2]
F46H6.2c.3: ['5event', ['internal gap >= 30', 83, 1020], 171, 2]
FBtr0339705: ['exon skipping', 0, 0]
FBtr0087853: ['exon skipping', 0, 0]
>34
ENSEBUT00000016926: ['no event', 40, 0]
ENSEBUT00000016947: ['no event', 40, 0]
ENSACIT00000031106: ['exon skipping', 0, 0]
F46H6.2a.1: ['exon skipping', 0, 0]
F46H6.2b.1: ['exon skipping', 0, 0]
F46H6.2b.2: ['exon skipping', 0, 0]
F46H6.2c.1: ['exon skipping', 0, 0]
F46H6.2c.2: ['exon skipping', 0, 0]
F46H6.2c.3: ['exon skipping', 0, 0]
FBtr0339705: ['exon skipping', 0, 0]
FBtr0087853: ['exon skipping', 0, 0]
>35
ENSEBUT00000016926: [['internal gap >= 30', 8, 105], 113, 2]
ENSEBUT00000016947: [['internal gap >= 30', 8, 105], 113, 2]
ENSACIT00000031106: ['3event', '5event', 112, 2]
F46H6.2a.1: ['5event', ['internal gap >= 30', 41, 72], 146, 0]
F46H6.2b.1: ['exon skipping', 0, 0]
F46H6.2b.2: ['exon skipping', 0, 0]
F46H6.2c.1: ['5event', ['internal gap >= 30', 41, 72], 146, 0]
F46H6.2c.2: ['5event', ['internal gap >= 30', 41, 72], 146, 0]
F46H6.2c.3: ['5event', ['internal gap >= 30', 41, 72], 146, 0]
FBtr0339705: ['5event', 216, 2]
FBtr0087853: ['5event', 216, 2]
>36
ENSEBUT00000016926: ['exon skipping', 0, 0]
ENSEBUT00000016947: ['exon skipping', 0, 0]
ENSACIT00000031106: ['exon skipping', 0, 0]
F46H6.2a.1: ['no event', 37, 0]
F46H6.2b.1: ['exon skipping', 0, 0]
F46H6.2b.2: ['exon skipping', 0, 0]
F46H6.2c.1: ['no event', 37, 0]
F46H6.2c.2: ['no event', 37, 0]
F46H6.2c.3: ['no event', 37, 0]
FBtr0339705: ['exon skipping', 0, 0]
FBtr0087853: ['exon skipping', 0, 0]
>37
ENSEBUT00000016926: ['exon skipping', 0, 0]
ENSEBUT00000016947: ['exon skipping', 0, 0]
ENSACIT00000031106: ['5event', 59, 0]
F46H6.2a.1: ['exon skipping', 0, 0]
F46H6.2b.1: ['exon skipping', 0, 0]
F46H6.2b.2: ['exon skipping', 0, 0]
F46H6.2c.1: ['exon skipping', 0, 0]
F46H6.2c.2: ['exon skipping', 0, 0]
F46H6.2c.3: ['exon skipping', 0, 0]
FBtr0339705: ['exon skipping', 0, 0]
FBtr0087853: ['exon skipping', 0, 0]
>38
ENSEBUT00000016926: ['5event', ['internal gap < 30', 92, 20], 137, 0]
ENSEBUT00000016947: ['5event', ['internal gap < 30', 92, 20], 137, 0]
ENSACIT00000031106: ['3event', 127, 0]
F46H6.2a.1: ['3event', '5event', 115, 2]
F46H6.2b.1: ['exon skipping', 0, 0]
F46H6.2b.2: ['exon skipping', 0, 0]
F46H6.2c.1: ['3event', '5event', 115, 2]
F46H6.2c.2: ['3event', '5event', 115, 2]
F46H6.2c.3: ['3event', '5event', 115, 2]
FBtr0339705: ['3event', '5event', 117, 0]
FBtr0087853: ['3event', '5event', 117, 0]
>39
ENSEBUT00000016926: ['exon skipping', 0, 0]
ENSEBUT00000016947: ['exon skipping', 0, 0]
ENSACIT00000031106: ['5event', 32, 0]
F46H6.2a.1: ['exon skipping', 0, 0]
F46H6.2b.1: ['exon skipping', 0, 0]
F46H6.2b.2: ['exon skipping', 0, 0]
F46H6.2c.1: ['exon skipping', 0, 0]
F46H6.2c.2: ['exon skipping', 0, 0]
F46H6.2c.3: ['exon skipping', 0, 0]
FBtr0339705: ['exon skipping', 0, 0]
FBtr0087853: ['exon skipping', 0, 0]
>40
ENSEBUT00000016926: ['exon skipping', 0, 0]
ENSEBUT00000016947: ['exon skipping', 0, 0]
ENSACIT00000031106: ['no event', 35, 0]
F46H6.2a.1: ['exon skipping', 0, 0]
F46H6.2b.1: ['exon skipping', 0, 0]
F46H6.2b.2: ['exon skipping', 0, 0]
F46H6.2c.1: ['exon skipping', 0, 0]
F46H6.2c.2: ['exon skipping', 0, 0]
F46H6.2c.3: ['exon skipping', 0, 0]
FBtr0339705: ['exon skipping', 0, 0]
FBtr0087853: ['exon skipping', 0, 0]
