>0
FBtr0112756: ['exon skipping', 0, 0]
FBtr0343028: ['no event', 91, 0]
FBtr0331304: ['no event', 91, 0]
FBtr0112755: ['no event', 91, 0]
FBtr0343029: ['no event', 91, 0]
FBtr0112754: ['no event', 91, 0]
FBtr0308591: ['no event', 91, 0]
FBtr0112753: ['no event', 91, 0]
>1
FBtr0112756: ['exon skipping', 0, 0]
FBtr0343028: ['no event', 118, 2]
FBtr0331304: ['no event', 118, 2]
FBtr0112755: ['no event', 118, 2]
FBtr0343029: ['no event', 118, 2]
FBtr0112754: ['no event', 118, 2]
FBtr0308591: ['no event', 118, 2]
FBtr0112753: ['no event', 118, 2]
>2
FBtr0112756: ['exon skipping', 0, 0]
FBtr0343028: ['no event', 157, 1]
FBtr0331304: ['no event', 157, 1]
FBtr0112755: ['no event', 157, 1]
FBtr0343029: [['internal gap < 30', 2, 15], 142, 1]
FBtr0112754: ['no event', 157, 1]
FBtr0308591: ['no event', 157, 1]
FBtr0112753: ['no event', 157, 1]
>3
FBtr0112756: ['exon skipping', 0, 0]
FBtr0343028: ['no event', 172, 0]
FBtr0331304: ['no event', 172, 0]
FBtr0112755: ['no event', 172, 0]
FBtr0343029: ['no event', 172, 0]
FBtr0112754: ['no event', 172, 0]
FBtr0308591: ['no event', 172, 0]
FBtr0112753: ['no event', 172, 0]
>4
FBtr0112756: ['exon skipping', 0, 0]
FBtr0343028: ['no event', 194, 2]
FBtr0331304: ['no event', 194, 2]
FBtr0112755: ['no event', 194, 2]
FBtr0343029: ['no event', 194, 2]
FBtr0112754: ['no event', 194, 2]
FBtr0308591: ['no event', 194, 2]
FBtr0112753: ['no event', 194, 2]
>5
FBtr0112756: ['exon skipping', 0, 0]
FBtr0343028: ['no event', 312, 2]
FBtr0331304: ['no event', 312, 2]
FBtr0112755: ['3event', 249, 2]
FBtr0343029: ['3event', 249, 2]
FBtr0112754: ['3event', 249, 2]
FBtr0308591: ['no event', 312, 2]
FBtr0112753: ['no event', 312, 2]
>6
FBtr0112756: ['exon skipping', 0, 0]
FBtr0343028: ['no event', 244, 0]
FBtr0331304: ['no event', 244, 0]
FBtr0112755: ['5event', 238, 0]
FBtr0343029: ['5event', 238, 0]
FBtr0112754: ['5event', 238, 0]
FBtr0308591: ['no event', 244, 0]
FBtr0112753: ['no event', 244, 0]
>7
FBtr0112756: ['exon skipping', 0, 0]
FBtr0343028: ['exon skipping', 0, 0]
FBtr0331304: ['no event', 245, 2]
FBtr0112755: ['no event', 245, 2]
FBtr0343029: ['no event', 245, 2]
FBtr0112754: ['no event', 245, 2]
FBtr0308591: ['no event', 245, 2]
FBtr0112753: ['no event', 245, 2]
>8
FBtr0112756: ['exon skipping', 0, 0]
FBtr0343028: ['exon skipping', 0, 0]
FBtr0331304: ['exon skipping', 0, 0]
FBtr0112755: ['no event', 33, 2]
FBtr0343029: ['exon skipping', 0, 0]
FBtr0112754: ['exon skipping', 0, 0]
FBtr0308591: ['no event', 33, 2]
FBtr0112753: ['exon skipping', 0, 0]
>9
FBtr0112756: ['5event', 1124, 0]
FBtr0343028: ['exon skipping', 0, 0]
FBtr0331304: ['exon skipping', 0, 0]
FBtr0112755: ['exon skipping', 0, 0]
FBtr0343029: ['exon skipping', 0, 0]
FBtr0112754: ['exon skipping', 0, 0]
FBtr0308591: ['exon skipping', 0, 0]
FBtr0112753: ['exon skipping', 0, 0]
>10
FBtr0112756: ['exon skipping', 0, 0]
FBtr0343028: ['5event', 241, 2]
FBtr0331304: ['5event', 241, 2]
FBtr0112755: ['exon skipping', 0, 0]
FBtr0343029: ['5event', 241, 2]
FBtr0112754: ['5event', 241, 2]
FBtr0308591: ['exon skipping', 0, 0]
FBtr0112753: ['5event', 241, 2]
>11
FBtr0112756: ['exon skipping', 0, 0]
FBtr0343028: ['no event', 1024, 1]
FBtr0331304: ['no event', 1024, 1]
FBtr0112755: ['exon skipping', 0, 0]
FBtr0343029: ['no event', 1024, 1]
FBtr0112754: ['no event', 1024, 1]
FBtr0308591: ['exon skipping', 0, 0]
FBtr0112753: ['no event', 1024, 1]
>12
FBtr0112756: ['exon skipping', 0, 0]
FBtr0343028: ['exon skipping', 0, 0]
FBtr0331304: ['no event', 353, 0]
FBtr0112755: ['exon skipping', 0, 0]
FBtr0343029: ['exon skipping', 0, 0]
FBtr0112754: ['exon skipping', 0, 0]
FBtr0308591: ['exon skipping', 0, 0]
FBtr0112753: ['exon skipping', 0, 0]
