>0
FBtr0070776: ['exon skipping', 0, 0]
FBtr0086248: ['exon skipping', 0, 0]
FBtr0086249: ['no event', 36, 0]
FBtr0342721: ['no event', 36, 0]
>1
FBtr0070776: ['5event', ['internal gap < 30', 59, 25], 162, 0]
FBtr0086248: ['5event', ['internal gap >= 30', 119, 34], 153, 0]
FBtr0086249: [['internal gap < 30', 82, 28], 159, 1]
FBtr0342721: [['internal gap < 30', 82, 28], 159, 1]
>2
FBtr0070776: [['internal gap >= 30', 109, 59], 149, 1]
FBtr0086248: [['internal gap >= 30', 122, 56], 152, 1]
FBtr0086249: [['internal gap >= 30', 135, 56], 152, 1]
FBtr0342721: [['internal gap >= 30', 135, 56], 152, 1]
>3
FBtr0070776: ['3event', 145, 1]
FBtr0086248: ['3event', 133, 1]
FBtr0086249: [['internal gap < 30', 124, 1], 187, 1]
FBtr0342721: [['internal gap < 30', 124, 1], 187, 1]
