>0
F25D7.5.1: ['exon skipping', 0, 0]
Y70G10A.2.1: ['exon skipping', 0, 0]
FBtr0085128: ['no event', 236, 0]
FBtr0344121: ['no event', 236, 0]
>1
F25D7.5.1: ['exon skipping', 0, 0]
Y70G10A.2.1: ['exon skipping', 0, 0]
FBtr0085128: ['no event', 117, 0]
FBtr0344121: ['no event', 117, 0]
>2
F25D7.5.1: ['exon skipping', 0, 0]
Y70G10A.2.1: ['exon skipping', 0, 0]
FBtr0085128: ['no event', 187, 1]
FBtr0344121: ['no event', 187, 1]
>3
F25D7.5.1: ['exon skipping', 0, 0]
Y70G10A.2.1: ['5event', ['internal gap < 30', 67, 9], 75, 0]
FBtr0085128: [['internal gap < 30', 13, 27], 57, 0]
FBtr0344121: [['internal gap < 30', 13, 27], 57, 0]
>4
F25D7.5.1: ['exon skipping', 0, 0]
Y70G10A.2.1: ['no event', 107, 1]
FBtr0085128: ['exon skipping', 0, 0]
FBtr0344121: ['exon skipping', 0, 0]
>5
F25D7.5.1: ['3event', '5event', 145, 0]
Y70G10A.2.1: ['no event', 1400, 1]
FBtr0085128: ['exon skipping', 0, 0]
FBtr0344121: ['exon skipping', 0, 0]
>6
F25D7.5.1: ['5event', 534, 1]
Y70G10A.2.1: ['exon skipping', 0, 0]
FBtr0085128: ['exon skipping', 0, 0]
FBtr0344121: ['exon skipping', 0, 0]
>7
F25D7.5.1: ['no event', 107, 2]
Y70G10A.2.1: ['exon skipping', 0, 0]
FBtr0085128: ['exon skipping', 0, 0]
FBtr0344121: ['exon skipping', 0, 0]
>8
F25D7.5.1: [['internal gap >= 30', 661, 77], 840, 2]
Y70G10A.2.1: ['5event', ['internal gap >= 30', 709, 57], 860, 1]
FBtr0085128: ['exon skipping', 0, 0]
FBtr0344121: ['exon skipping', 0, 0]
>9
F25D7.5.1: ['no event', 108, 1]
Y70G10A.2.1: ['exon skipping', 0, 0]
FBtr0085128: ['exon skipping', 0, 0]
FBtr0344121: ['exon skipping', 0, 0]
>10
F25D7.5.1: ['no event', 91, 2]
Y70G10A.2.1: ['exon skipping', 0, 0]
FBtr0085128: ['exon skipping', 0, 0]
FBtr0344121: ['exon skipping', 0, 0]
>11
F25D7.5.1: [['internal gap >= 30', 116, 233], 151, 1]
Y70G10A.2.1: ['3event', '5event', 359, 1]
FBtr0085128: ['3event', '5event', 316, 1]
FBtr0344121: ['3event', '5event', 316, 1]
>12
F25D7.5.1: ['exon skipping', 0, 0]
Y70G10A.2.1: ['exon skipping', 0, 0]
FBtr0085128: ['5event', 133, 2]
FBtr0344121: ['5event', 133, 2]
>13
F25D7.5.1: ['exon skipping', 0, 0]
Y70G10A.2.1: ['exon skipping', 0, 0]
FBtr0085128: ['no event', 175, 1]
FBtr0344121: ['no event', 175, 1]
>14
F25D7.5.1: ['5event', ['internal gap < 30', 161, 6], 293, 0]
Y70G10A.2.1: ['5event', ['internal gap >= 30', 251, 33], 266, 0]
FBtr0085128: ['exon skipping', 0, 0]
FBtr0344121: ['exon skipping', 0, 0]
>15
F25D7.5.1: ['exon skipping', 0, 0]
Y70G10A.2.1: ['exon skipping', 0, 0]
FBtr0085128: ['5event', 243, 0]
FBtr0344121: ['5event', 243, 0]
>16
F25D7.5.1: ['exon skipping', 0, 0]
Y70G10A.2.1: ['exon skipping', 0, 0]
FBtr0085128: ['no event', 728, 1]
FBtr0344121: ['no event', 728, 1]
>17
F25D7.5.1: ['5event', 150, 0]
Y70G10A.2.1: ['5event', 150, 0]
FBtr0085128: ['exon skipping', 0, 0]
FBtr0344121: ['exon skipping', 0, 0]
>18
F25D7.5.1: ['3event', 178, 1]
Y70G10A.2.1: [['internal gap < 30', 1, 13], 231, 1]
FBtr0085128: ['5event', ['internal gap >= 30', 170, 50], 194, 1]
FBtr0344121: ['5event', ['internal gap >= 30', 170, 50], 194, 1]
>19
F25D7.5.1: ['exon skipping', 0, 0]
Y70G10A.2.1: ['exon skipping', 0, 0]
FBtr0085128: ['no event', 19, 1]
FBtr0344121: ['no event', 19, 1]
>20
F25D7.5.1: ['5event', 144, 1]
Y70G10A.2.1: ['exon skipping', 0, 0]
FBtr0085128: ['exon skipping', 0, 0]
FBtr0344121: ['exon skipping', 0, 0]
>21
F25D7.5.1: ['exon skipping', 0, 0]
Y70G10A.2.1: ['5event', 90, 1]
FBtr0085128: ['exon skipping', 0, 0]
FBtr0344121: ['exon skipping', 0, 0]
>22
F25D7.5.1: ['5event', 188, 2]
Y70G10A.2.1: ['no event', 189, 2]
FBtr0085128: ['exon skipping', 0, 0]
FBtr0344121: ['exon skipping', 0, 0]
>23
F25D7.5.1: ['no event', 70, 2]
Y70G10A.2.1: ['no event', 70, 2]
FBtr0085128: ['5event', 69, 0]
FBtr0344121: ['5event', 69, 0]
>24
F25D7.5.1: ['exon skipping', 0, 0]
Y70G10A.2.1: ['exon skipping', 0, 0]
FBtr0085128: ['no event', 5, 1]
FBtr0344121: ['no event', 5, 1]
>25
F25D7.5.1: ['exon skipping', 0, 0]
Y70G10A.2.1: ['5event', 1, 0]
FBtr0085128: ['exon skipping', 0, 0]
FBtr0344121: ['exon skipping', 0, 0]
>26
F25D7.5.1: ['exon skipping', 0, 0]
Y70G10A.2.1: ['exon skipping', 0, 0]
FBtr0085128: ['5event', 371, 1]
FBtr0344121: ['5event', 371, 1]
>27
F25D7.5.1: ['5event', ['internal gap >= 30', 501, 119], 548, 0]
Y70G10A.2.1: ['5event', ['internal gap >= 30', 517, 103], 564, 2]
FBtr0085128: [['internal gap >= 30', 348, 141], 526, 1]
FBtr0344121: [['internal gap >= 30', 348, 141], 526, 1]
>28
F25D7.5.1: ['no event', 70, 0]
Y70G10A.2.1: ['no event', 70, 0]
FBtr0085128: ['exon skipping', 0, 0]
FBtr0344121: ['exon skipping', 0, 0]
>29
F25D7.5.1: ['exon skipping', 0, 0]
Y70G10A.2.1: ['exon skipping', 0, 0]
FBtr0085128: ['5event', 81, 2]
FBtr0344121: ['5event', 81, 2]
>30
F25D7.5.1: ['5event', 24, 2]
Y70G10A.2.1: ['5event', 24, 2]
FBtr0085128: ['exon skipping', 0, 0]
FBtr0344121: ['exon skipping', 0, 0]
>31
F25D7.5.1: ['exon skipping', 0, 0]
Y70G10A.2.1: ['exon skipping', 0, 0]
FBtr0085128: ['5event', 752, 0]
FBtr0344121: ['5event', 752, 0]
>32
F25D7.5.1: ['exon skipping', 0, 0]
Y70G10A.2.1: ['5event', 2, 0]
FBtr0085128: ['exon skipping', 0, 0]
FBtr0344121: ['exon skipping', 0, 0]
