>0
FBtr0079624: ['3event', 13, 0]
FBtr0339567: ['3event', 13, 0]
FBtr0081450: ['3event', 13, 0]
FBtr0079470: ['3event', 13, 0]
FBtr0335485: ['3event', 13, 0]
FBtr0300357: ['3event', 13, 0]
FBtr0110841: ['3event', 13, 0]
FBtr0079557: ['exon skipping', 0, 0]
FBtr0309371: ['exon skipping', 0, 0]
FBtr0086164: ['5event', 6, 0]
FBtr0110777: ['exon skipping', 0, 0]
>1
FBtr0079624: ['exon skipping', 0, 0]
FBtr0339567: ['exon skipping', 0, 0]
FBtr0081450: ['exon skipping', 0, 0]
FBtr0079470: ['exon skipping', 0, 0]
FBtr0335485: ['exon skipping', 0, 0]
FBtr0300357: ['exon skipping', 0, 0]
FBtr0110841: ['exon skipping', 0, 0]
FBtr0079557: ['exon skipping', 0, 0]
FBtr0309371: ['exon skipping', 0, 0]
FBtr0086164: ['no event', 11, 1]
FBtr0110777: ['exon skipping', 0, 0]
>2
FBtr0079624: ['3event', '5event', 978, 1]
FBtr0339567: ['3event', '5event', 975, 1]
FBtr0081450: ['3event', '5event', 975, 1]
FBtr0079470: ['3event', '5event', 981, 1]
FBtr0335485: ['3event', '5event', 981, 1]
FBtr0300357: ['3event', '5event', 987, 1]
FBtr0110841: ['3event', '5event', 978, 1]
FBtr0079557: ['3event', '5event', 898, 0]
FBtr0309371: ['3event', '5event', 1030, 0]
FBtr0086164: ['3event', 1067, 1]
FBtr0110777: ['5event', ['internal gap >= 30', 944, 503], 1017, 0]
>3
FBtr0079624: ['exon skipping', 0, 0]
FBtr0339567: ['exon skipping', 0, 0]
FBtr0081450: ['exon skipping', 0, 0]
FBtr0079470: ['exon skipping', 0, 0]
FBtr0335485: ['exon skipping', 0, 0]
FBtr0300357: ['exon skipping', 0, 0]
FBtr0110841: ['5event', 23, 1]
FBtr0079557: ['5event', 18, 1]
FBtr0309371: ['exon skipping', 0, 0]
FBtr0086164: ['exon skipping', 0, 0]
FBtr0110777: ['exon skipping', 0, 0]
>4
FBtr0079624: ['exon skipping', 0, 0]
FBtr0339567: ['exon skipping', 0, 0]
FBtr0081450: ['exon skipping', 0, 0]
FBtr0079470: ['exon skipping', 0, 0]
FBtr0335485: ['exon skipping', 0, 0]
FBtr0300357: ['exon skipping', 0, 0]
FBtr0110841: ['exon skipping', 0, 0]
FBtr0079557: ['no event', 1, 2]
FBtr0309371: ['exon skipping', 0, 0]
FBtr0086164: ['exon skipping', 0, 0]
FBtr0110777: ['exon skipping', 0, 0]
>5
FBtr0079624: ['3event', '5event', 134, 1]
FBtr0339567: ['3event', '5event', 122, 1]
FBtr0081450: ['3event', '5event', 128, 1]
FBtr0079470: ['3event', '5event', 140, 1]
FBtr0335485: ['3event', '5event', 140, 1]
FBtr0300357: ['3event', '5event', 116, 1]
FBtr0110841: ['5event', ['internal gap >= 30', 21, 60], 136, 1]
FBtr0079557: ['3event', 121, 1]
FBtr0309371: ['3event', '5event', 128, 1]
FBtr0086164: ['3event', '5event', 128, 1]
FBtr0110777: ['3event', '5event', 119, 1]
