>0
ENSVURT00010005368: ['exon skipping', 0, 0]
ENSPCIT00000021720: ['exon skipping', 0, 0]
ENSPCIT00000021728: ['exon skipping', 0, 0]
ENSMEUT00000009294: ['exon skipping', 0, 0]
ENSOANT00000038506: ['exon skipping', 0, 0]
ENSMODT00000074472: ['exon skipping', 0, 0]
ENSMODT00000088109: ['no event', 51, 0]
ENSMODT00000020060: ['exon skipping', 0, 0]
ENSOANT00000028947: ['exon skipping', 0, 0]
ENSCPOT00000004191: ['exon skipping', 0, 0]
ENSCAPT00000022401: ['exon skipping', 0, 0]
ENSODET00000010770: ['exon skipping', 0, 0]
ENSCLAT00000004452: ['exon skipping', 0, 0]
>1
ENSVURT00010005368: ['exon skipping', 0, 0]
ENSPCIT00000021720: ['exon skipping', 0, 0]
ENSPCIT00000021728: ['exon skipping', 0, 0]
ENSMEUT00000009294: ['exon skipping', 0, 0]
ENSOANT00000038506: ['exon skipping', 0, 0]
ENSMODT00000074472: ['exon skipping', 0, 0]
ENSMODT00000088109: ['exon skipping', 0, 0]
ENSMODT00000020060: ['5event', 3, 0]
ENSOANT00000028947: ['exon skipping', 0, 0]
ENSCPOT00000004191: ['exon skipping', 0, 0]
ENSCAPT00000022401: ['exon skipping', 0, 0]
ENSODET00000010770: ['exon skipping', 0, 0]
ENSCLAT00000004452: ['exon skipping', 0, 0]
>2
ENSVURT00010005368: ['exon skipping', 0, 0]
ENSPCIT00000021720: ['exon skipping', 0, 0]
ENSPCIT00000021728: ['exon skipping', 0, 0]
ENSMEUT00000009294: ['exon skipping', 0, 0]
ENSOANT00000038506: ['exon skipping', 0, 0]
ENSMODT00000074472: ['exon skipping', 0, 0]
ENSMODT00000088109: ['5event', 25, 1]
ENSMODT00000020060: ['no event', 26, 1]
ENSOANT00000028947: ['exon skipping', 0, 0]
ENSCPOT00000004191: ['exon skipping', 0, 0]
ENSCAPT00000022401: ['exon skipping', 0, 0]
ENSODET00000010770: ['exon skipping', 0, 0]
ENSCLAT00000004452: ['exon skipping', 0, 0]
>3
ENSVURT00010005368: ['5event', ['internal gap < 30', 56, 7], 119, 0]
ENSPCIT00000021720: ['exon skipping', 0, 0]
ENSPCIT00000021728: ['5event', ['internal gap < 30', 56, 7], 119, 0]
ENSMEUT00000009294: ['5event', ['internal gap < 30', 56, 7], 119, 0]
ENSOANT00000038506: ['exon skipping', 0, 0]
ENSMODT00000074472: ['5event', ['internal gap < 30', 56, 7], 119, 0]
ENSMODT00000088109: [['internal gap < 30', 57, 6], 120, 0]
ENSMODT00000020060: [['internal gap < 30', 57, 6], 120, 0]
ENSOANT00000028947: ['exon skipping', 0, 0]
ENSCPOT00000004191: ['5event', ['internal gap < 30', 68, 4], 122, 0]
ENSCAPT00000022401: ['3event', '5event', 100, 0]
ENSODET00000010770: ['5event', 125, 0]
ENSCLAT00000004452: ['5event', ['internal gap < 30', 78, 4], 122, 0]
>4
ENSVURT00010005368: ['exon skipping', 0, 0]
ENSPCIT00000021720: ['exon skipping', 0, 0]
ENSPCIT00000021728: ['exon skipping', 0, 0]
ENSMEUT00000009294: ['exon skipping', 0, 0]
ENSOANT00000038506: ['exon skipping', 0, 0]
ENSMODT00000074472: ['exon skipping', 0, 0]
ENSMODT00000088109: ['exon skipping', 0, 0]
ENSMODT00000020060: ['exon skipping', 0, 0]
ENSOANT00000028947: ['exon skipping', 0, 0]
ENSCPOT00000004191: ['exon skipping', 0, 0]
ENSCAPT00000022401: ['5event', 25, 1]
ENSODET00000010770: ['exon skipping', 0, 0]
ENSCLAT00000004452: ['exon skipping', 0, 0]
>5
ENSVURT00010005368: ['5event', 109, 0]
ENSPCIT00000021720: ['exon skipping', 0, 0]
ENSPCIT00000021728: ['5event', 109, 0]
ENSMEUT00000009294: ['5event', 109, 0]
ENSOANT00000038506: ['exon skipping', 0, 0]
ENSMODT00000074472: ['5event', 109, 0]
ENSMODT00000088109: ['5event', 109, 0]
ENSMODT00000020060: ['5event', 109, 0]
ENSOANT00000028947: ['exon skipping', 0, 0]
ENSCPOT00000004191: ['5event', 109, 0]
ENSCAPT00000022401: [['internal gap < 30', 1, 6], 104, 0]
ENSODET00000010770: ['5event', 109, 0]
ENSCLAT00000004452: ['5event', 103, 0]
>6
ENSVURT00010005368: ['no event', 145, 2]
ENSPCIT00000021720: ['exon skipping', 0, 0]
ENSPCIT00000021728: ['no event', 145, 2]
ENSMEUT00000009294: ['no event', 145, 2]
ENSOANT00000038506: ['5event', 95, 0]
ENSMODT00000074472: ['no event', 145, 2]
ENSMODT00000088109: ['no event', 145, 2]
ENSMODT00000020060: ['no event', 145, 2]
ENSOANT00000028947: ['exon skipping', 0, 0]
ENSCPOT00000004191: ['no event', 145, 2]
ENSCAPT00000022401: ['no event', 145, 2]
ENSODET00000010770: ['no event', 145, 2]
ENSCLAT00000004452: ['no event', 145, 2]
>7
ENSVURT00010005368: ['exon skipping', 0, 0]
ENSPCIT00000021720: ['exon skipping', 0, 0]
ENSPCIT00000021728: ['exon skipping', 0, 0]
ENSMEUT00000009294: ['no event', 89, 0]
ENSOANT00000038506: ['exon skipping', 0, 0]
ENSMODT00000074472: ['exon skipping', 0, 0]
ENSMODT00000088109: ['exon skipping', 0, 0]
ENSMODT00000020060: ['exon skipping', 0, 0]
ENSOANT00000028947: ['exon skipping', 0, 0]
ENSCPOT00000004191: ['exon skipping', 0, 0]
ENSCAPT00000022401: ['exon skipping', 0, 0]
ENSODET00000010770: ['exon skipping', 0, 0]
ENSCLAT00000004452: ['exon skipping', 0, 0]
>8
ENSVURT00010005368: ['5event', 89, 0]
ENSPCIT00000021720: ['exon skipping', 0, 0]
ENSPCIT00000021728: ['5event', ['internal gap < 30', 30, 5], 86, 0]
ENSMEUT00000009294: ['exon skipping', 0, 0]
ENSOANT00000038506: ['5event', 89, 0]
ENSMODT00000074472: ['5event', 89, 0]
ENSMODT00000088109: ['5event', 89, 0]
ENSMODT00000020060: ['5event', 89, 0]
ENSOANT00000028947: ['exon skipping', 0, 0]
ENSCPOT00000004191: ['5event', 89, 0]
ENSCAPT00000022401: ['5event', 89, 0]
ENSODET00000010770: ['5event', 89, 0]
ENSCLAT00000004452: ['5event', 89, 0]
>9
ENSVURT00010005368: ['no event', 57, 0]
ENSPCIT00000021720: ['exon skipping', 0, 0]
ENSPCIT00000021728: ['no event', 57, 0]
ENSMEUT00000009294: ['5event', 56, 0]
ENSOANT00000038506: ['no event', 57, 0]
ENSMODT00000074472: ['no event', 57, 0]
ENSMODT00000088109: ['no event', 57, 0]
ENSMODT00000020060: ['no event', 57, 0]
ENSOANT00000028947: ['exon skipping', 0, 0]
ENSCPOT00000004191: ['no event', 57, 0]
ENSCAPT00000022401: ['no event', 57, 0]
ENSODET00000010770: ['no event', 57, 0]
ENSCLAT00000004452: ['no event', 57, 0]
>10
ENSVURT00010005368: ['no event', 92, 0]
ENSPCIT00000021720: ['exon skipping', 0, 0]
ENSPCIT00000021728: ['no event', 92, 0]
ENSMEUT00000009294: ['no event', 92, 0]
ENSOANT00000038506: ['no event', 92, 0]
ENSMODT00000074472: ['no event', 92, 0]
ENSMODT00000088109: ['no event', 92, 0]
ENSMODT00000020060: ['no event', 92, 0]
ENSOANT00000028947: ['exon skipping', 0, 0]
ENSCPOT00000004191: ['no event', 92, 0]
ENSCAPT00000022401: ['no event', 92, 0]
ENSODET00000010770: ['no event', 92, 0]
ENSCLAT00000004452: ['no event', 92, 0]
>11
ENSVURT00010005368: ['exon skipping', 0, 0]
ENSPCIT00000021720: ['exon skipping', 0, 0]
ENSPCIT00000021728: ['exon skipping', 0, 0]
ENSMEUT00000009294: ['exon skipping', 0, 0]
ENSOANT00000038506: ['no event', 29, 0]
ENSMODT00000074472: ['exon skipping', 0, 0]
ENSMODT00000088109: ['exon skipping', 0, 0]
ENSMODT00000020060: ['exon skipping', 0, 0]
ENSOANT00000028947: ['exon skipping', 0, 0]
ENSCPOT00000004191: ['exon skipping', 0, 0]
ENSCAPT00000022401: ['exon skipping', 0, 0]
ENSODET00000010770: ['exon skipping', 0, 0]
ENSCLAT00000004452: ['exon skipping', 0, 0]
>12
ENSVURT00010005368: ['exon skipping', 0, 0]
ENSPCIT00000021720: ['exon skipping', 0, 0]
ENSPCIT00000021728: ['exon skipping', 0, 0]
ENSMEUT00000009294: ['5event', 89, 0]
ENSOANT00000038506: ['exon skipping', 0, 0]
ENSMODT00000074472: ['exon skipping', 0, 0]
ENSMODT00000088109: ['exon skipping', 0, 0]
ENSMODT00000020060: ['exon skipping', 0, 0]
ENSOANT00000028947: ['exon skipping', 0, 0]
ENSCPOT00000004191: ['exon skipping', 0, 0]
ENSCAPT00000022401: ['exon skipping', 0, 0]
ENSODET00000010770: ['exon skipping', 0, 0]
ENSCLAT00000004452: ['exon skipping', 0, 0]
>13
ENSVURT00010005368: ['5event', 89, 0]
ENSPCIT00000021720: ['exon skipping', 0, 0]
ENSPCIT00000021728: ['5event', 89, 0]
ENSMEUT00000009294: ['exon skipping', 0, 0]
ENSOANT00000038506: ['exon skipping', 0, 0]
ENSMODT00000074472: ['5event', 89, 0]
ENSMODT00000088109: ['5event', 89, 0]
ENSMODT00000020060: ['5event', 89, 0]
ENSOANT00000028947: ['exon skipping', 0, 0]
ENSCPOT00000004191: ['5event', 89, 0]
ENSCAPT00000022401: ['5event', 89, 0]
ENSODET00000010770: ['5event', 89, 0]
ENSCLAT00000004452: ['5event', 89, 0]
>14
ENSVURT00010005368: ['no event', 129, 0]
ENSPCIT00000021720: ['exon skipping', 0, 0]
ENSPCIT00000021728: ['no event', 129, 0]
ENSMEUT00000009294: ['5event', 128, 0]
ENSOANT00000038506: ['exon skipping', 0, 0]
ENSMODT00000074472: ['no event', 129, 0]
ENSMODT00000088109: ['no event', 129, 0]
ENSMODT00000020060: ['no event', 129, 0]
ENSOANT00000028947: ['exon skipping', 0, 0]
ENSCPOT00000004191: ['no event', 129, 0]
ENSCAPT00000022401: ['no event', 129, 0]
ENSODET00000010770: ['exon skipping', 0, 0]
ENSCLAT00000004452: ['no event', 129, 0]
>15
ENSVURT00010005368: ['no event', 107, 0]
ENSPCIT00000021720: ['exon skipping', 0, 0]
ENSPCIT00000021728: ['no event', 107, 0]
ENSMEUT00000009294: ['no event', 107, 0]
ENSOANT00000038506: ['exon skipping', 0, 0]
ENSMODT00000074472: ['no event', 107, 0]
ENSMODT00000088109: ['no event', 107, 0]
ENSMODT00000020060: ['no event', 107, 0]
ENSOANT00000028947: ['exon skipping', 0, 0]
ENSCPOT00000004191: ['no event', 107, 0]
ENSCAPT00000022401: ['no event', 107, 0]
ENSODET00000010770: ['5event', 106, 0]
ENSCLAT00000004452: ['no event', 107, 0]
>16
ENSVURT00010005368: ['exon skipping', 0, 0]
ENSPCIT00000021720: ['exon skipping', 0, 0]
ENSPCIT00000021728: ['exon skipping', 0, 0]
ENSMEUT00000009294: ['no event', 138, 2]
ENSOANT00000038506: ['exon skipping', 0, 0]
ENSMODT00000074472: ['exon skipping', 0, 0]
ENSMODT00000088109: ['exon skipping', 0, 0]
ENSMODT00000020060: ['exon skipping', 0, 0]
ENSOANT00000028947: ['exon skipping', 0, 0]
ENSCPOT00000004191: ['exon skipping', 0, 0]
ENSCAPT00000022401: ['exon skipping', 0, 0]
ENSODET00000010770: ['exon skipping', 0, 0]
ENSCLAT00000004452: ['exon skipping', 0, 0]
>17
ENSVURT00010005368: ['5event', 141, 2]
ENSPCIT00000021720: ['exon skipping', 0, 0]
ENSPCIT00000021728: ['5event', 141, 2]
ENSMEUT00000009294: ['exon skipping', 0, 0]
ENSOANT00000038506: ['exon skipping', 0, 0]
ENSMODT00000074472: ['5event', 141, 2]
ENSMODT00000088109: ['5event', 141, 2]
ENSMODT00000020060: ['5event', 141, 2]
ENSOANT00000028947: ['exon skipping', 0, 0]
ENSCPOT00000004191: ['5event', ['internal gap < 30', 78, 5], 138, 2]
ENSCAPT00000022401: ['5event', ['internal gap < 30', 78, 5], 138, 2]
ENSODET00000010770: ['5event', ['internal gap < 30', 78, 5], 138, 2]
ENSCLAT00000004452: ['5event', ['internal gap < 30', 78, 5], 138, 2]
>18
ENSVURT00010005368: ['no event', 78, 0]
ENSPCIT00000021720: ['exon skipping', 0, 0]
ENSPCIT00000021728: ['no event', 78, 0]
ENSMEUT00000009294: ['5event', 77, 0]
ENSOANT00000038506: ['exon skipping', 0, 0]
ENSMODT00000074472: ['no event', 78, 0]
ENSMODT00000088109: ['no event', 78, 0]
ENSMODT00000020060: ['no event', 78, 0]
ENSOANT00000028947: ['exon skipping', 0, 0]
ENSCPOT00000004191: ['no event', 78, 0]
ENSCAPT00000022401: ['no event', 78, 0]
ENSODET00000010770: ['no event', 78, 0]
ENSCLAT00000004452: ['no event', 78, 0]
>19
ENSVURT00010005368: ['no event', 98, 0]
ENSPCIT00000021720: ['exon skipping', 0, 0]
ENSPCIT00000021728: ['no event', 98, 0]
ENSMEUT00000009294: ['no event', 98, 0]
ENSOANT00000038506: ['exon skipping', 0, 0]
ENSMODT00000074472: ['no event', 98, 0]
ENSMODT00000088109: ['no event', 98, 0]
ENSMODT00000020060: ['no event', 98, 0]
ENSOANT00000028947: ['exon skipping', 0, 0]
ENSCPOT00000004191: ['no event', 98, 0]
ENSCAPT00000022401: ['no event', 98, 0]
ENSODET00000010770: ['no event', 98, 0]
ENSCLAT00000004452: ['no event', 98, 0]
>20
ENSVURT00010005368: ['no event', 97, 0]
ENSPCIT00000021720: ['5event', 5, 0]
ENSPCIT00000021728: ['no event', 97, 0]
ENSMEUT00000009294: ['no event', 97, 0]
ENSOANT00000038506: ['exon skipping', 0, 0]
ENSMODT00000074472: ['no event', 97, 0]
ENSMODT00000088109: ['no event', 97, 0]
ENSMODT00000020060: ['no event', 97, 0]
ENSOANT00000028947: ['exon skipping', 0, 0]
ENSCPOT00000004191: ['no event', 97, 0]
ENSCAPT00000022401: ['no event', 97, 0]
ENSODET00000010770: ['no event', 97, 0]
ENSCLAT00000004452: ['no event', 97, 0]
>21
ENSVURT00010005368: ['exon skipping', 0, 0]
ENSPCIT00000021720: ['exon skipping', 0, 0]
ENSPCIT00000021728: ['exon skipping', 0, 0]
ENSMEUT00000009294: ['no event', 189, 0]
ENSOANT00000038506: ['exon skipping', 0, 0]
ENSMODT00000074472: ['exon skipping', 0, 0]
ENSMODT00000088109: ['exon skipping', 0, 0]
ENSMODT00000020060: ['exon skipping', 0, 0]
ENSOANT00000028947: ['exon skipping', 0, 0]
ENSCPOT00000004191: ['exon skipping', 0, 0]
ENSCAPT00000022401: ['exon skipping', 0, 0]
ENSODET00000010770: ['exon skipping', 0, 0]
ENSCLAT00000004452: ['exon skipping', 0, 0]
>22
ENSVURT00010005368: ['5event', 189, 0]
ENSPCIT00000021720: ['5event', 189, 0]
ENSPCIT00000021728: ['3event', '5event', 183, 0]
ENSMEUT00000009294: ['exon skipping', 0, 0]
ENSOANT00000038506: ['exon skipping', 0, 0]
ENSMODT00000074472: ['5event', 189, 0]
ENSMODT00000088109: ['5event', 189, 0]
ENSMODT00000020060: ['5event', 189, 0]
ENSOANT00000028947: ['exon skipping', 0, 0]
ENSCPOT00000004191: ['5event', 189, 0]
ENSCAPT00000022401: ['5event', 189, 0]
ENSODET00000010770: ['5event', 189, 0]
ENSCLAT00000004452: ['5event', 189, 0]
>23
ENSVURT00010005368: ['exon skipping', 0, 0]
ENSPCIT00000021720: ['exon skipping', 0, 0]
ENSPCIT00000021728: ['exon skipping', 0, 0]
ENSMEUT00000009294: ['exon skipping', 0, 0]
ENSOANT00000038506: ['exon skipping', 0, 0]
ENSMODT00000074472: ['exon skipping', 0, 0]
ENSMODT00000088109: ['exon skipping', 0, 0]
ENSMODT00000020060: ['exon skipping', 0, 0]
ENSOANT00000028947: ['exon skipping', 0, 0]
ENSCPOT00000004191: ['exon skipping', 0, 0]
ENSCAPT00000022401: ['no event', 121, 1]
ENSODET00000010770: ['exon skipping', 0, 0]
ENSCLAT00000004452: ['exon skipping', 0, 0]
>24
ENSVURT00010005368: ['5event', 157, 1]
ENSPCIT00000021720: ['5event', 157, 1]
ENSPCIT00000021728: ['exon skipping', 0, 0]
ENSMEUT00000009294: ['exon skipping', 0, 0]
ENSOANT00000038506: ['exon skipping', 0, 0]
ENSMODT00000074472: ['5event', 157, 1]
ENSMODT00000088109: ['5event', 157, 1]
ENSMODT00000020060: ['5event', 157, 1]
ENSOANT00000028947: ['exon skipping', 0, 0]
ENSCPOT00000004191: ['5event', 157, 1]
ENSCAPT00000022401: ['exon skipping', 0, 0]
ENSODET00000010770: ['5event', 157, 1]
ENSCLAT00000004452: ['5event', 157, 1]
>25
ENSVURT00010005368: ['exon skipping', 0, 0]
ENSPCIT00000021720: ['exon skipping', 0, 0]
ENSPCIT00000021728: ['exon skipping', 0, 0]
ENSMEUT00000009294: ['5event', 157, 1]
ENSOANT00000038506: ['exon skipping', 0, 0]
ENSMODT00000074472: ['exon skipping', 0, 0]
ENSMODT00000088109: ['exon skipping', 0, 0]
ENSMODT00000020060: ['exon skipping', 0, 0]
ENSOANT00000028947: ['exon skipping', 0, 0]
ENSCPOT00000004191: ['exon skipping', 0, 0]
ENSCAPT00000022401: ['exon skipping', 0, 0]
ENSODET00000010770: ['exon skipping', 0, 0]
ENSCLAT00000004452: ['exon skipping', 0, 0]
>26
ENSVURT00010005368: ['5event', 128, 0]
ENSPCIT00000021720: ['5event', 128, 0]
ENSPCIT00000021728: ['exon skipping', 0, 0]
ENSMEUT00000009294: ['no event', 129, 0]
ENSOANT00000038506: ['exon skipping', 0, 0]
ENSMODT00000074472: ['5event', 128, 0]
ENSMODT00000088109: ['5event', 128, 0]
ENSMODT00000020060: ['5event', 128, 0]
ENSOANT00000028947: ['5event', 128, 0]
ENSCPOT00000004191: ['5event', 128, 0]
ENSCAPT00000022401: ['5event', 128, 0]
ENSODET00000010770: ['5event', 128, 0]
ENSCLAT00000004452: ['5event', 128, 0]
>27
ENSVURT00010005368: ['exon skipping', 0, 0]
ENSPCIT00000021720: ['exon skipping', 0, 0]
ENSPCIT00000021728: ['exon skipping', 0, 0]
ENSMEUT00000009294: ['exon skipping', 0, 0]
ENSOANT00000038506: ['exon skipping', 0, 0]
ENSMODT00000074472: ['exon skipping', 0, 0]
ENSMODT00000088109: ['exon skipping', 0, 0]
ENSMODT00000020060: ['exon skipping', 0, 0]
ENSOANT00000028947: ['exon skipping', 0, 0]
ENSCPOT00000004191: ['exon skipping', 0, 0]
ENSCAPT00000022401: ['no event', 51, 0]
ENSODET00000010770: ['exon skipping', 0, 0]
ENSCLAT00000004452: ['exon skipping', 0, 0]
>28
ENSVURT00010005368: ['5event', 144, 0]
ENSPCIT00000021720: ['5event', 144, 0]
ENSPCIT00000021728: ['exon skipping', 0, 0]
ENSMEUT00000009294: ['5event', 144, 0]
ENSOANT00000038506: ['exon skipping', 0, 0]
ENSMODT00000074472: ['5event', 144, 0]
ENSMODT00000088109: ['5event', 144, 0]
ENSMODT00000020060: ['5event', 144, 0]
ENSOANT00000028947: ['5event', 144, 0]
ENSCPOT00000004191: ['5event', 144, 0]
ENSCAPT00000022401: ['exon skipping', 0, 0]
ENSODET00000010770: ['5event', 144, 0]
ENSCLAT00000004452: ['5event', 144, 0]
>29
ENSVURT00010005368: ['exon skipping', 0, 0]
ENSPCIT00000021720: ['exon skipping', 0, 0]
ENSPCIT00000021728: ['exon skipping', 0, 0]
ENSMEUT00000009294: ['exon skipping', 0, 0]
ENSOANT00000038506: ['exon skipping', 0, 0]
ENSMODT00000074472: ['exon skipping', 0, 0]
ENSMODT00000088109: ['exon skipping', 0, 0]
ENSMODT00000020060: ['exon skipping', 0, 0]
ENSOANT00000028947: ['exon skipping', 0, 0]
ENSCPOT00000004191: ['exon skipping', 0, 0]
ENSCAPT00000022401: ['5event', 26, 1]
ENSODET00000010770: ['exon skipping', 0, 0]
ENSCLAT00000004452: ['exon skipping', 0, 0]
>30
ENSVURT00010005368: ['5event', 210, 1]
ENSPCIT00000021720: ['5event', 210, 1]
ENSPCIT00000021728: ['exon skipping', 0, 0]
ENSMEUT00000009294: ['5event', 210, 1]
ENSOANT00000038506: ['exon skipping', 0, 0]
ENSMODT00000074472: ['5event', 210, 1]
ENSMODT00000088109: ['5event', 210, 1]
ENSMODT00000020060: ['5event', 210, 1]
ENSOANT00000028947: ['5event', 210, 1]
ENSCPOT00000004191: ['5event', 210, 1]
ENSCAPT00000022401: ['no event', 211, 1]
ENSODET00000010770: ['5event', 210, 1]
ENSCLAT00000004452: ['5event', 210, 1]
>31
ENSVURT00010005368: ['no event', 198, 2]
ENSPCIT00000021720: ['no event', 198, 2]
ENSPCIT00000021728: ['exon skipping', 0, 0]
ENSMEUT00000009294: ['3event', 142, 2]
ENSOANT00000038506: ['exon skipping', 0, 0]
ENSMODT00000074472: ['no event', 198, 2]
ENSMODT00000088109: ['no event', 198, 2]
ENSMODT00000020060: ['no event', 198, 2]
ENSOANT00000028947: ['no event', 198, 2]
ENSCPOT00000004191: ['no event', 198, 2]
ENSCAPT00000022401: ['no event', 198, 2]
ENSODET00000010770: ['no event', 198, 2]
ENSCLAT00000004452: ['no event', 198, 2]
>32
ENSVURT00010005368: ['exon skipping', 0, 0]
ENSPCIT00000021720: ['exon skipping', 0, 0]
ENSPCIT00000021728: ['exon skipping', 0, 0]
ENSMEUT00000009294: ['5event', 57, 2]
ENSOANT00000038506: ['exon skipping', 0, 0]
ENSMODT00000074472: ['exon skipping', 0, 0]
ENSMODT00000088109: ['exon skipping', 0, 0]
ENSMODT00000020060: ['exon skipping', 0, 0]
ENSOANT00000028947: ['exon skipping', 0, 0]
ENSCPOT00000004191: ['exon skipping', 0, 0]
ENSCAPT00000022401: ['exon skipping', 0, 0]
ENSODET00000010770: ['exon skipping', 0, 0]
ENSCLAT00000004452: ['exon skipping', 0, 0]
>33
ENSVURT00010005368: ['exon skipping', 0, 0]
ENSPCIT00000021720: ['exon skipping', 0, 0]
ENSPCIT00000021728: ['exon skipping', 0, 0]
ENSMEUT00000009294: ['no event', 110, 0]
ENSOANT00000038506: ['exon skipping', 0, 0]
ENSMODT00000074472: ['exon skipping', 0, 0]
ENSMODT00000088109: ['exon skipping', 0, 0]
ENSMODT00000020060: ['exon skipping', 0, 0]
ENSOANT00000028947: ['exon skipping', 0, 0]
ENSCPOT00000004191: ['exon skipping', 0, 0]
ENSCAPT00000022401: ['exon skipping', 0, 0]
ENSODET00000010770: ['exon skipping', 0, 0]
ENSCLAT00000004452: ['exon skipping', 0, 0]
>34
ENSVURT00010005368: ['exon skipping', 0, 0]
ENSPCIT00000021720: ['exon skipping', 0, 0]
ENSPCIT00000021728: ['exon skipping', 0, 0]
ENSMEUT00000009294: ['exon skipping', 0, 0]
ENSOANT00000038506: ['exon skipping', 0, 0]
ENSMODT00000074472: ['exon skipping', 0, 0]
ENSMODT00000088109: ['exon skipping', 0, 0]
ENSMODT00000020060: ['exon skipping', 0, 0]
ENSOANT00000028947: ['5event', 11, 0]
ENSCPOT00000004191: ['exon skipping', 0, 0]
ENSCAPT00000022401: ['exon skipping', 0, 0]
ENSODET00000010770: ['exon skipping', 0, 0]
ENSCLAT00000004452: ['exon skipping', 0, 0]
>35
ENSVURT00010005368: ['5event', 176, 0]
ENSPCIT00000021720: ['5event', 176, 0]
ENSPCIT00000021728: ['exon skipping', 0, 0]
ENSMEUT00000009294: ['5event', 65, 0]
ENSOANT00000038506: ['exon skipping', 0, 0]
ENSMODT00000074472: ['5event', 176, 0]
ENSMODT00000088109: ['5event', 176, 0]
ENSMODT00000020060: ['5event', 176, 0]
ENSOANT00000028947: ['exon skipping', 0, 0]
ENSCPOT00000004191: ['5event', 176, 0]
ENSCAPT00000022401: ['5event', 176, 0]
ENSODET00000010770: ['5event', 176, 0]
ENSCLAT00000004452: ['5event', 176, 0]
>36
ENSVURT00010005368: ['no event', 118, 0]
ENSPCIT00000021720: ['no event', 118, 0]
ENSPCIT00000021728: ['exon skipping', 0, 0]
ENSMEUT00000009294: ['exon skipping', 0, 0]
ENSOANT00000038506: ['exon skipping', 0, 0]
ENSMODT00000074472: ['no event', 118, 0]
ENSMODT00000088109: ['no event', 118, 0]
ENSMODT00000020060: ['no event', 118, 0]
ENSOANT00000028947: ['exon skipping', 0, 0]
ENSCPOT00000004191: ['no event', 118, 0]
ENSCAPT00000022401: ['no event', 118, 0]
ENSODET00000010770: ['no event', 118, 0]
ENSCLAT00000004452: ['no event', 118, 0]
>37
ENSVURT00010005368: ['exon skipping', 0, 0]
ENSPCIT00000021720: ['exon skipping', 0, 0]
ENSPCIT00000021728: ['exon skipping', 0, 0]
ENSMEUT00000009294: ['5event', 118, 0]
ENSOANT00000038506: ['exon skipping', 0, 0]
ENSMODT00000074472: ['exon skipping', 0, 0]
ENSMODT00000088109: ['exon skipping', 0, 0]
ENSMODT00000020060: ['exon skipping', 0, 0]
ENSOANT00000028947: ['exon skipping', 0, 0]
ENSCPOT00000004191: ['exon skipping', 0, 0]
ENSCAPT00000022401: ['exon skipping', 0, 0]
ENSODET00000010770: ['exon skipping', 0, 0]
ENSCLAT00000004452: ['exon skipping', 0, 0]
>38
ENSVURT00010005368: ['5event', 141, 2]
ENSPCIT00000021720: ['5event', 141, 2]
ENSPCIT00000021728: ['exon skipping', 0, 0]
ENSMEUT00000009294: ['exon skipping', 0, 0]
ENSOANT00000038506: ['exon skipping', 0, 0]
ENSMODT00000074472: ['5event', 141, 2]
ENSMODT00000088109: ['5event', 141, 2]
ENSMODT00000020060: ['5event', 141, 2]
ENSOANT00000028947: ['exon skipping', 0, 0]
ENSCPOT00000004191: ['5event', 141, 2]
ENSCAPT00000022401: ['3event', '5event', 133, 2]
ENSODET00000010770: ['5event', 141, 2]
ENSCLAT00000004452: ['5event', 141, 2]
>39
ENSVURT00010005368: ['no event', 66, 0]
ENSPCIT00000021720: ['no event', 66, 0]
ENSPCIT00000021728: ['exon skipping', 0, 0]
ENSMEUT00000009294: ['exon skipping', 0, 0]
ENSOANT00000038506: ['exon skipping', 0, 0]
ENSMODT00000074472: ['no event', 66, 0]
ENSMODT00000088109: ['no event', 66, 0]
ENSMODT00000020060: ['no event', 66, 0]
ENSOANT00000028947: ['exon skipping', 0, 0]
ENSCPOT00000004191: ['no event', 66, 0]
ENSCAPT00000022401: ['5event', 65, 0]
ENSODET00000010770: ['no event', 66, 0]
ENSCLAT00000004452: ['no event', 66, 0]
>40
ENSVURT00010005368: ['exon skipping', 0, 0]
ENSPCIT00000021720: ['exon skipping', 0, 0]
ENSPCIT00000021728: ['exon skipping', 0, 0]
ENSMEUT00000009294: ['5event', 141, 2]
ENSOANT00000038506: ['exon skipping', 0, 0]
ENSMODT00000074472: ['exon skipping', 0, 0]
ENSMODT00000088109: ['exon skipping', 0, 0]
ENSMODT00000020060: ['exon skipping', 0, 0]
ENSOANT00000028947: ['exon skipping', 0, 0]
ENSCPOT00000004191: ['exon skipping', 0, 0]
ENSCAPT00000022401: ['exon skipping', 0, 0]
ENSODET00000010770: ['exon skipping', 0, 0]
ENSCLAT00000004452: ['exon skipping', 0, 0]
>41
ENSVURT00010005368: ['exon skipping', 0, 0]
ENSPCIT00000021720: ['exon skipping', 0, 0]
ENSPCIT00000021728: ['exon skipping', 0, 0]
ENSMEUT00000009294: ['no event', 65, 0]
ENSOANT00000038506: ['exon skipping', 0, 0]
ENSMODT00000074472: ['exon skipping', 0, 0]
ENSMODT00000088109: ['exon skipping', 0, 0]
ENSMODT00000020060: ['exon skipping', 0, 0]
ENSOANT00000028947: ['exon skipping', 0, 0]
ENSCPOT00000004191: ['exon skipping', 0, 0]
ENSCAPT00000022401: ['exon skipping', 0, 0]
ENSODET00000010770: ['exon skipping', 0, 0]
ENSCLAT00000004452: ['exon skipping', 0, 0]
>42
ENSVURT00010005368: ['exon skipping', 0, 0]
ENSPCIT00000021720: ['exon skipping', 0, 0]
ENSPCIT00000021728: ['exon skipping', 0, 0]
ENSMEUT00000009294: ['no event', 63, 0]
ENSOANT00000038506: ['exon skipping', 0, 0]
ENSMODT00000074472: ['exon skipping', 0, 0]
ENSMODT00000088109: ['exon skipping', 0, 0]
ENSMODT00000020060: ['exon skipping', 0, 0]
ENSOANT00000028947: ['exon skipping', 0, 0]
ENSCPOT00000004191: ['exon skipping', 0, 0]
ENSCAPT00000022401: ['exon skipping', 0, 0]
ENSODET00000010770: ['exon skipping', 0, 0]
ENSCLAT00000004452: ['exon skipping', 0, 0]
>43
ENSVURT00010005368: ['5event', 63, 0]
ENSPCIT00000021720: ['5event', 63, 0]
ENSPCIT00000021728: ['exon skipping', 0, 0]
ENSMEUT00000009294: ['exon skipping', 0, 0]
ENSOANT00000038506: ['exon skipping', 0, 0]
ENSMODT00000074472: ['5event', 63, 0]
ENSMODT00000088109: ['5event', 63, 0]
ENSMODT00000020060: ['5event', 63, 0]
ENSOANT00000028947: ['exon skipping', 0, 0]
ENSCPOT00000004191: ['5event', 63, 0]
ENSCAPT00000022401: ['5event', 63, 0]
ENSODET00000010770: ['5event', 63, 0]
ENSCLAT00000004452: ['5event', 63, 0]
>44
ENSVURT00010005368: ['no event', 182, 1]
ENSPCIT00000021720: ['no event', 182, 1]
ENSPCIT00000021728: ['exon skipping', 0, 0]
ENSMEUT00000009294: ['5event', 181, 1]
ENSOANT00000038506: ['exon skipping', 0, 0]
ENSMODT00000074472: ['no event', 182, 1]
ENSMODT00000088109: ['no event', 182, 1]
ENSMODT00000020060: ['no event', 182, 1]
ENSOANT00000028947: ['exon skipping', 0, 0]
ENSCPOT00000004191: ['no event', 182, 1]
ENSCAPT00000022401: ['no event', 182, 1]
ENSODET00000010770: ['no event', 182, 1]
ENSCLAT00000004452: ['no event', 182, 1]
>45
ENSVURT00010005368: ['exon skipping', 0, 0]
ENSPCIT00000021720: ['exon skipping', 0, 0]
ENSPCIT00000021728: ['exon skipping', 0, 0]
ENSMEUT00000009294: ['no event', 52, 0]
ENSOANT00000038506: ['exon skipping', 0, 0]
ENSMODT00000074472: ['exon skipping', 0, 0]
ENSMODT00000088109: ['exon skipping', 0, 0]
ENSMODT00000020060: ['exon skipping', 0, 0]
ENSOANT00000028947: ['exon skipping', 0, 0]
ENSCPOT00000004191: ['exon skipping', 0, 0]
ENSCAPT00000022401: ['exon skipping', 0, 0]
ENSODET00000010770: ['exon skipping', 0, 0]
ENSCLAT00000004452: ['exon skipping', 0, 0]
>46
ENSVURT00010005368: ['5event', 194, 0]
ENSPCIT00000021720: ['5event', 194, 0]
ENSPCIT00000021728: ['exon skipping', 0, 0]
ENSMEUT00000009294: [['internal gap >= 30', 2, 53], 143, 2]
ENSOANT00000038506: ['exon skipping', 0, 0]
ENSMODT00000074472: ['5event', 194, 0]
ENSMODT00000088109: ['5event', 194, 0]
ENSMODT00000020060: ['5event', 194, 0]
ENSOANT00000028947: ['exon skipping', 0, 0]
ENSCPOT00000004191: ['5event', 194, 0]
ENSCAPT00000022401: ['5event', 194, 0]
ENSODET00000010770: ['5event', 194, 0]
ENSCLAT00000004452: ['5event', 194, 0]
>47
ENSVURT00010005368: ['no event', 67, 0]
ENSPCIT00000021720: ['no event', 67, 0]
ENSPCIT00000021728: ['exon skipping', 0, 0]
ENSMEUT00000009294: ['no event', 67, 0]
ENSOANT00000038506: ['exon skipping', 0, 0]
ENSMODT00000074472: ['no event', 67, 0]
ENSMODT00000088109: ['no event', 67, 0]
ENSMODT00000020060: ['no event', 67, 0]
ENSOANT00000028947: ['exon skipping', 0, 0]
ENSCPOT00000004191: ['no event', 67, 0]
ENSCAPT00000022401: ['no event', 67, 0]
ENSODET00000010770: ['no event', 67, 0]
ENSCLAT00000004452: ['no event', 67, 0]
>48
ENSVURT00010005368: ['no event', 75, 2]
ENSPCIT00000021720: ['no event', 75, 2]
ENSPCIT00000021728: ['exon skipping', 0, 0]
ENSMEUT00000009294: ['exon skipping', 0, 0]
ENSOANT00000038506: ['exon skipping', 0, 0]
ENSMODT00000074472: ['no event', 75, 2]
ENSMODT00000088109: ['no event', 75, 2]
ENSMODT00000020060: ['no event', 75, 2]
ENSOANT00000028947: ['exon skipping', 0, 0]
ENSCPOT00000004191: ['no event', 75, 2]
ENSCAPT00000022401: ['no event', 75, 2]
ENSODET00000010770: ['no event', 75, 2]
ENSCLAT00000004452: ['no event', 75, 2]
>49
ENSVURT00010005368: ['exon skipping', 0, 0]
ENSPCIT00000021720: ['exon skipping', 0, 0]
ENSPCIT00000021728: ['exon skipping', 0, 0]
ENSMEUT00000009294: ['5event', 75, 2]
ENSOANT00000038506: ['exon skipping', 0, 0]
ENSMODT00000074472: ['exon skipping', 0, 0]
ENSMODT00000088109: ['exon skipping', 0, 0]
ENSMODT00000020060: ['exon skipping', 0, 0]
ENSOANT00000028947: ['exon skipping', 0, 0]
ENSCPOT00000004191: ['exon skipping', 0, 0]
ENSCAPT00000022401: ['exon skipping', 0, 0]
ENSODET00000010770: ['exon skipping', 0, 0]
ENSCLAT00000004452: ['exon skipping', 0, 0]
>50
ENSVURT00010005368: ['exon skipping', 0, 0]
ENSPCIT00000021720: ['exon skipping', 0, 0]
ENSPCIT00000021728: ['exon skipping', 0, 0]
ENSMEUT00000009294: ['no event', 77, 0]
ENSOANT00000038506: ['exon skipping', 0, 0]
ENSMODT00000074472: ['exon skipping', 0, 0]
ENSMODT00000088109: ['exon skipping', 0, 0]
ENSMODT00000020060: ['exon skipping', 0, 0]
ENSOANT00000028947: ['exon skipping', 0, 0]
ENSCPOT00000004191: ['exon skipping', 0, 0]
ENSCAPT00000022401: ['exon skipping', 0, 0]
ENSODET00000010770: ['exon skipping', 0, 0]
ENSCLAT00000004452: ['exon skipping', 0, 0]
>51
ENSVURT00010005368: ['5event', 77, 0]
ENSPCIT00000021720: ['5event', 77, 0]
ENSPCIT00000021728: ['exon skipping', 0, 0]
ENSMEUT00000009294: ['exon skipping', 0, 0]
ENSOANT00000038506: ['exon skipping', 0, 0]
ENSMODT00000074472: ['5event', 77, 0]
ENSMODT00000088109: ['5event', 77, 0]
ENSMODT00000020060: ['5event', 77, 0]
ENSOANT00000028947: ['exon skipping', 0, 0]
ENSCPOT00000004191: ['5event', 77, 0]
ENSCAPT00000022401: ['5event', 77, 0]
ENSODET00000010770: ['5event', 77, 0]
ENSCLAT00000004452: ['5event', 77, 0]
>52
ENSVURT00010005368: ['no event', 108, 0]
ENSPCIT00000021720: [['internal gap < 30', 15, 3], 105, 0]
ENSPCIT00000021728: ['exon skipping', 0, 0]
ENSMEUT00000009294: ['5event', 107, 0]
ENSOANT00000038506: ['exon skipping', 0, 0]
ENSMODT00000074472: ['no event', 108, 0]
ENSMODT00000088109: ['no event', 108, 0]
ENSMODT00000020060: ['no event', 108, 0]
ENSOANT00000028947: ['exon skipping', 0, 0]
ENSCPOT00000004191: ['no event', 108, 0]
ENSCAPT00000022401: ['no event', 108, 0]
ENSODET00000010770: ['no event', 108, 0]
ENSCLAT00000004452: ['no event', 108, 0]
>53
ENSVURT00010005368: ['no event', 89, 0]
ENSPCIT00000021720: ['no event', 89, 0]
ENSPCIT00000021728: ['exon skipping', 0, 0]
ENSMEUT00000009294: ['no event', 89, 0]
ENSOANT00000038506: ['exon skipping', 0, 0]
ENSMODT00000074472: ['no event', 89, 0]
ENSMODT00000088109: ['no event', 89, 0]
ENSMODT00000020060: ['no event', 89, 0]
ENSOANT00000028947: ['exon skipping', 0, 0]
ENSCPOT00000004191: ['no event', 89, 0]
ENSCAPT00000022401: ['no event', 89, 0]
ENSODET00000010770: ['no event', 89, 0]
ENSCLAT00000004452: ['no event', 89, 0]
>54
ENSVURT00010005368: ['no event', 170, 0]
ENSPCIT00000021720: ['no event', 170, 0]
ENSPCIT00000021728: ['exon skipping', 0, 0]
ENSMEUT00000009294: ['no event', 170, 0]
ENSOANT00000038506: ['exon skipping', 0, 0]
ENSMODT00000074472: ['no event', 170, 0]
ENSMODT00000088109: ['no event', 170, 0]
ENSMODT00000020060: ['no event', 170, 0]
ENSOANT00000028947: ['exon skipping', 0, 0]
ENSCPOT00000004191: ['no event', 170, 0]
ENSCAPT00000022401: ['no event', 170, 0]
ENSODET00000010770: ['no event', 170, 0]
ENSCLAT00000004452: ['no event', 170, 0]
>55
ENSVURT00010005368: ['exon skipping', 0, 0]
ENSPCIT00000021720: ['exon skipping', 0, 0]
ENSPCIT00000021728: ['exon skipping', 0, 0]
ENSMEUT00000009294: ['no event', 2, 0]
ENSOANT00000038506: ['exon skipping', 0, 0]
ENSMODT00000074472: ['exon skipping', 0, 0]
ENSMODT00000088109: ['exon skipping', 0, 0]
ENSMODT00000020060: ['exon skipping', 0, 0]
ENSOANT00000028947: ['exon skipping', 0, 0]
ENSCPOT00000004191: ['exon skipping', 0, 0]
ENSCAPT00000022401: ['exon skipping', 0, 0]
ENSODET00000010770: ['exon skipping', 0, 0]
ENSCLAT00000004452: ['exon skipping', 0, 0]
>56
ENSVURT00010005368: [['internal gap < 30', 1, 3], 74, 0]
ENSPCIT00000021720: [['internal gap < 30', 1, 3], 74, 0]
ENSPCIT00000021728: ['exon skipping', 0, 0]
ENSMEUT00000009294: ['exon skipping', 0, 0]
ENSOANT00000038506: ['exon skipping', 0, 0]
ENSMODT00000074472: [['internal gap < 30', 1, 3], 74, 0]
ENSMODT00000088109: [['internal gap < 30', 1, 3], 74, 0]
ENSMODT00000020060: [['internal gap < 30', 1, 3], 74, 0]
ENSOANT00000028947: ['exon skipping', 0, 0]
ENSCPOT00000004191: [['internal gap < 30', 1, 3], 74, 0]
ENSCAPT00000022401: [['internal gap < 30', 1, 3], 74, 0]
ENSODET00000010770: [['internal gap < 30', 1, 3], 74, 0]
ENSCLAT00000004452: [['internal gap < 30', 1, 3], 74, 0]
>57
ENSVURT00010005368: ['no event', 100, 0]
ENSPCIT00000021720: ['no event', 100, 0]
ENSPCIT00000021728: ['exon skipping', 0, 0]
ENSMEUT00000009294: ['5event', 98, 0]
ENSOANT00000038506: ['exon skipping', 0, 0]
ENSMODT00000074472: ['no event', 100, 0]
ENSMODT00000088109: ['no event', 100, 0]
ENSMODT00000020060: ['no event', 100, 0]
ENSOANT00000028947: ['exon skipping', 0, 0]
ENSCPOT00000004191: ['no event', 100, 0]
ENSCAPT00000022401: ['no event', 100, 0]
ENSODET00000010770: ['no event', 100, 0]
ENSCLAT00000004452: ['no event', 100, 0]
>58
ENSVURT00010005368: ['no event', 59, 0]
ENSPCIT00000021720: ['no event', 59, 0]
ENSPCIT00000021728: ['exon skipping', 0, 0]
ENSMEUT00000009294: ['no event', 59, 0]
ENSOANT00000038506: ['exon skipping', 0, 0]
ENSMODT00000074472: ['no event', 59, 0]
ENSMODT00000088109: ['no event', 59, 0]
ENSMODT00000020060: ['no event', 59, 0]
ENSOANT00000028947: ['exon skipping', 0, 0]
ENSCPOT00000004191: ['no event', 59, 0]
ENSCAPT00000022401: ['no event', 59, 0]
ENSODET00000010770: ['no event', 59, 0]
ENSCLAT00000004452: ['no event', 59, 0]
>59
ENSVURT00010005368: ['no event', 112, 0]
ENSPCIT00000021720: ['no event', 112, 0]
ENSPCIT00000021728: ['exon skipping', 0, 0]
ENSMEUT00000009294: ['no event', 112, 0]
ENSOANT00000038506: ['exon skipping', 0, 0]
ENSMODT00000074472: ['no event', 112, 0]
ENSMODT00000088109: ['no event', 112, 0]
ENSMODT00000020060: ['no event', 112, 0]
ENSOANT00000028947: ['exon skipping', 0, 0]
ENSCPOT00000004191: ['no event', 112, 0]
ENSCAPT00000022401: ['no event', 112, 0]
ENSODET00000010770: ['no event', 112, 0]
ENSCLAT00000004452: ['no event', 112, 0]
>60
ENSVURT00010005368: ['no event', 129, 2]
ENSPCIT00000021720: [['internal gap < 30', 22, 3], 126, 2]
ENSPCIT00000021728: ['exon skipping', 0, 0]
ENSMEUT00000009294: ['no event', 129, 2]
ENSOANT00000038506: ['exon skipping', 0, 0]
ENSMODT00000074472: ['no event', 129, 2]
ENSMODT00000088109: ['no event', 129, 2]
ENSMODT00000020060: ['no event', 129, 2]
ENSOANT00000028947: ['exon skipping', 0, 0]
ENSCPOT00000004191: ['no event', 129, 2]
ENSCAPT00000022401: ['no event', 129, 2]
ENSODET00000010770: ['no event', 129, 2]
ENSCLAT00000004452: ['no event', 129, 2]
>61
ENSVURT00010005368: ['no event', 98, 0]
ENSPCIT00000021720: ['no event', 98, 0]
ENSPCIT00000021728: ['exon skipping', 0, 0]
ENSMEUT00000009294: ['no event', 98, 0]
ENSOANT00000038506: ['exon skipping', 0, 0]
ENSMODT00000074472: ['no event', 98, 0]
ENSMODT00000088109: ['no event', 98, 0]
ENSMODT00000020060: ['no event', 98, 0]
ENSOANT00000028947: ['exon skipping', 0, 0]
ENSCPOT00000004191: ['no event', 98, 0]
ENSCAPT00000022401: ['3event', 97, 0]
ENSODET00000010770: ['no event', 98, 0]
ENSCLAT00000004452: ['no event', 98, 0]
