>0
FBtr0071404: ['no event', 23, 0]
FBtr0100193: ['exon skipping', 0, 0]
FBtr0100192: ['exon skipping', 0, 0]
FBtr0333427: ['exon skipping', 0, 0]
FBtr0303558: ['exon skipping', 0, 0]
FBtr0071406: ['exon skipping', 0, 0]
FBtr0071405: ['exon skipping', 0, 0]
FBtr0303559: ['exon skipping', 0, 0]
FBtr0071407: ['exon skipping', 0, 0]
F44F4.2.1: ['exon skipping', 0, 0]
F44F4.2.2: ['exon skipping', 0, 0]
>1
FBtr0071404: ['exon skipping', 0, 0]
FBtr0100193: ['exon skipping', 0, 0]
FBtr0100192: ['exon skipping', 0, 0]
FBtr0333427: ['exon skipping', 0, 0]
FBtr0303558: ['exon skipping', 0, 0]
FBtr0071406: ['exon skipping', 0, 0]
FBtr0071405: ['5event', ['internal gap >= 30', 70, 41], 94, 0]
FBtr0303559: ['exon skipping', 0, 0]
FBtr0071407: ['exon skipping', 0, 0]
F44F4.2.1: ['5event', 134, 0]
F44F4.2.2: ['5event', 134, 0]
>2
FBtr0071404: ['exon skipping', 0, 0]
FBtr0100193: ['exon skipping', 0, 0]
FBtr0100192: ['exon skipping', 0, 0]
FBtr0333427: ['exon skipping', 0, 0]
FBtr0303558: ['exon skipping', 0, 0]
FBtr0071406: ['exon skipping', 0, 0]
FBtr0071405: ['exon skipping', 0, 0]
FBtr0303559: ['exon skipping', 0, 0]
FBtr0071407: ['exon skipping', 0, 0]
F44F4.2.1: ['no event', 229, 0]
F44F4.2.2: ['no event', 229, 0]
>3
FBtr0071404: ['exon skipping', 0, 0]
FBtr0100193: ['exon skipping', 0, 0]
FBtr0100192: ['exon skipping', 0, 0]
FBtr0333427: ['exon skipping', 0, 0]
FBtr0303558: ['exon skipping', 0, 0]
FBtr0071406: ['exon skipping', 0, 0]
FBtr0071405: ['5event', 18, 2]
FBtr0303559: ['exon skipping', 0, 0]
FBtr0071407: ['exon skipping', 0, 0]
F44F4.2.1: ['exon skipping', 0, 0]
F44F4.2.2: ['exon skipping', 0, 0]
>4
FBtr0071404: ['exon skipping', 0, 0]
FBtr0100193: ['exon skipping', 0, 0]
FBtr0100192: ['exon skipping', 0, 0]
FBtr0333427: ['exon skipping', 0, 0]
FBtr0303558: ['exon skipping', 0, 0]
FBtr0071406: ['exon skipping', 0, 0]
FBtr0071405: ['exon skipping', 0, 0]
FBtr0303559: ['exon skipping', 0, 0]
FBtr0071407: ['exon skipping', 0, 0]
F44F4.2.1: ['5event', 102, 2]
F44F4.2.2: ['5event', 102, 2]
>5
FBtr0071404: ['exon skipping', 0, 0]
FBtr0100193: ['exon skipping', 0, 0]
FBtr0100192: ['exon skipping', 0, 0]
FBtr0333427: ['exon skipping', 0, 0]
FBtr0303558: ['5event', 2, 0]
FBtr0071406: ['exon skipping', 0, 0]
FBtr0071405: ['exon skipping', 0, 0]
FBtr0303559: ['exon skipping', 0, 0]
FBtr0071407: ['exon skipping', 0, 0]
F44F4.2.1: ['exon skipping', 0, 0]
F44F4.2.2: ['exon skipping', 0, 0]
>6
FBtr0071404: ['exon skipping', 0, 0]
FBtr0100193: ['exon skipping', 0, 0]
FBtr0100192: ['exon skipping', 0, 0]
FBtr0333427: ['exon skipping', 0, 0]
FBtr0303558: ['exon skipping', 0, 0]
FBtr0071406: ['5event', 38, 0]
FBtr0071405: ['exon skipping', 0, 0]
FBtr0303559: ['exon skipping', 0, 0]
FBtr0071407: ['exon skipping', 0, 0]
F44F4.2.1: ['exon skipping', 0, 0]
F44F4.2.2: ['exon skipping', 0, 0]
>7
FBtr0071404: ['3event', '5event', 411, 0]
FBtr0100193: ['exon skipping', 0, 0]
FBtr0100192: ['exon skipping', 0, 0]
FBtr0333427: ['exon skipping', 0, 0]
FBtr0303558: ['3event', '5event', 411, 0]
FBtr0071406: ['3event', 412, 0]
FBtr0071405: ['3event', '5event', 411, 0]
FBtr0303559: ['exon skipping', 0, 0]
FBtr0071407: ['exon skipping', 0, 0]
F44F4.2.1: ['5event', ['internal gap >= 30', 349, 76], 406, 0]
F44F4.2.2: ['5event', ['internal gap >= 30', 349, 76], 406, 0]
>8
FBtr0071404: ['5event', 230, 0]
FBtr0100193: ['5event', 65, 0]
FBtr0100192: ['exon skipping', 0, 0]
FBtr0333427: ['exon skipping', 0, 0]
FBtr0303558: ['5event', 230, 0]
FBtr0071406: ['5event', 230, 0]
FBtr0071405: ['5event', 230, 0]
FBtr0303559: ['exon skipping', 0, 0]
FBtr0071407: ['exon skipping', 0, 0]
F44F4.2.1: ['exon skipping', 0, 0]
F44F4.2.2: ['exon skipping', 0, 0]
>9
FBtr0071404: ['no event', 902, 0]
FBtr0100193: ['no event', 902, 0]
FBtr0100192: ['5event', 670, 0]
FBtr0333427: ['5event', 670, 0]
FBtr0303558: ['no event', 902, 0]
FBtr0071406: ['no event', 902, 0]
FBtr0071405: ['no event', 902, 0]
FBtr0303559: ['5event', 670, 0]
FBtr0071407: ['5event', 670, 0]
F44F4.2.1: ['exon skipping', 0, 0]
F44F4.2.2: ['exon skipping', 0, 0]
>10
FBtr0071404: ['no event', 160, 2]
FBtr0100193: ['no event', 160, 2]
FBtr0100192: ['no event', 160, 2]
FBtr0333427: ['no event', 160, 2]
FBtr0303558: ['no event', 160, 2]
FBtr0071406: ['no event', 160, 2]
FBtr0071405: ['no event', 160, 2]
FBtr0303559: ['no event', 160, 2]
FBtr0071407: ['no event', 160, 2]
F44F4.2.1: ['exon skipping', 0, 0]
F44F4.2.2: ['exon skipping', 0, 0]
>11
FBtr0071404: ['exon skipping', 0, 0]
FBtr0100193: ['exon skipping', 0, 0]
FBtr0100192: ['exon skipping', 0, 0]
FBtr0333427: ['exon skipping', 0, 0]
FBtr0303558: ['exon skipping', 0, 0]
FBtr0071406: ['exon skipping', 0, 0]
FBtr0071405: ['exon skipping', 0, 0]
FBtr0303559: ['exon skipping', 0, 0]
FBtr0071407: ['exon skipping', 0, 0]
F44F4.2.1: ['5event', 40, 2]
F44F4.2.2: ['5event', 40, 2]
>12
FBtr0071404: ['5event', ['internal gap >= 30', 111, 61], 229, 1]
FBtr0100193: ['5event', ['internal gap >= 30', 111, 61], 229, 1]
FBtr0100192: ['5event', ['internal gap >= 30', 111, 61], 229, 1]
FBtr0333427: ['5event', ['internal gap >= 30', 111, 61], 229, 1]
FBtr0303558: ['5event', ['internal gap >= 30', 111, 61], 229, 1]
FBtr0071406: ['5event', ['internal gap >= 30', 111, 61], 229, 1]
FBtr0071405: ['5event', ['internal gap >= 30', 111, 61], 229, 1]
FBtr0303559: ['5event', ['internal gap >= 30', 111, 61], 229, 1]
FBtr0071407: ['5event', ['internal gap >= 30', 111, 61], 229, 1]
F44F4.2.1: ['no event', 290, 1]
F44F4.2.2: ['no event', 290, 1]
>13
FBtr0071404: ['no event', 207, 0]
FBtr0100193: ['no event', 207, 0]
FBtr0100192: ['no event', 207, 0]
FBtr0333427: ['no event', 207, 0]
FBtr0303558: ['no event', 207, 0]
FBtr0071406: ['no event', 207, 0]
FBtr0071405: ['no event', 207, 0]
FBtr0303559: ['no event', 207, 0]
FBtr0071407: ['no event', 207, 0]
F44F4.2.1: ['exon skipping', 0, 0]
F44F4.2.2: ['exon skipping', 0, 0]
>14
FBtr0071404: ['exon skipping', 0, 0]
FBtr0100193: ['exon skipping', 0, 0]
FBtr0100192: ['exon skipping', 0, 0]
FBtr0333427: ['exon skipping', 0, 0]
FBtr0303558: ['exon skipping', 0, 0]
FBtr0071406: ['exon skipping', 0, 0]
FBtr0071405: ['exon skipping', 0, 0]
FBtr0303559: ['exon skipping', 0, 0]
FBtr0071407: ['exon skipping', 0, 0]
F44F4.2.1: ['5event', 112, 0]
F44F4.2.2: ['5event', 112, 0]
>15
FBtr0071404: ['exon skipping', 0, 0]
FBtr0100193: ['exon skipping', 0, 0]
FBtr0100192: ['exon skipping', 0, 0]
FBtr0333427: ['exon skipping', 0, 0]
FBtr0303558: ['exon skipping', 0, 0]
FBtr0071406: ['exon skipping', 0, 0]
FBtr0071405: ['exon skipping', 0, 0]
FBtr0303559: ['exon skipping', 0, 0]
FBtr0071407: ['exon skipping', 0, 0]
F44F4.2.1: ['no event', 348, 2]
F44F4.2.2: ['no event', 348, 2]
>16
FBtr0071404: ['5event', 223, 1]
FBtr0100193: ['5event', 223, 1]
FBtr0100192: ['5event', 223, 1]
FBtr0333427: ['5event', 223, 1]
FBtr0303558: ['5event', 223, 1]
FBtr0071406: ['5event', 223, 1]
FBtr0071405: ['5event', 223, 1]
FBtr0303559: ['5event', 223, 1]
FBtr0071407: ['5event', 223, 1]
F44F4.2.1: ['exon skipping', 0, 0]
F44F4.2.2: ['exon skipping', 0, 0]
