>0
F55C9.7.1: ['5event', 76, 0]
H11E01.1.1: ['5event', ['internal gap >= 30', 21, 32], 53, 0]
Y113G7B.8.1: ['5event', 82, 0]
F55C9.8.1: ['no event', 85, 0]
C43D7.9.1: ['no event', 85, 0]
F55C9.13.1: ['no event', 85, 0]
F55C9.14.1: ['5event', 79, 0]
C43D7.2.1: ['no event', 85, 0]
F55C9.10.1: ['no event', 85, 0]
F55C9.11.1: ['no event', 85, 0]
C43D7.8.1: ['5event', 76, 0]
F55C9.4.1: ['5event', 79, 0]
>1
F55C9.7.1: [['internal gap >= 30', 731, 876], 754, 2]
H11E01.1.1: ['5event', ['internal gap >= 30', 622, 982], 648, 2]
Y113G7B.8.1: ['3event', 712, 2]
F55C9.8.1: ['3event', 734, 2]
C43D7.9.1: ['3event', 749, 2]
F55C9.13.1: ['3event', 737, 2]
F55C9.14.1: ['3event', 749, 2]
C43D7.2.1: ['3event', 748, 2]
F55C9.10.1: ['3event', 773, 2]
F55C9.11.1: ['3event', 89, 2]
C43D7.8.1: ['3event', 239, 2]
F55C9.4.1: ['3event', 788, 2]
>2
F55C9.7.1: ['exon skipping', 0, 0]
H11E01.1.1: ['exon skipping', 0, 0]
Y113G7B.8.1: ['5event', 3, 2]
F55C9.8.1: ['exon skipping', 0, 0]
C43D7.9.1: ['exon skipping', 0, 0]
F55C9.13.1: ['exon skipping', 0, 0]
F55C9.14.1: ['exon skipping', 0, 0]
C43D7.2.1: ['5event', 38, 2]
F55C9.10.1: ['exon skipping', 0, 0]
F55C9.11.1: ['exon skipping', 0, 0]
C43D7.8.1: ['exon skipping', 0, 0]
F55C9.4.1: ['exon skipping', 0, 0]
>3
F55C9.7.1: ['exon skipping', 0, 0]
H11E01.1.1: ['exon skipping', 0, 0]
Y113G7B.8.1: ['exon skipping', 0, 0]
F55C9.8.1: ['exon skipping', 0, 0]
C43D7.9.1: ['exon skipping', 0, 0]
F55C9.13.1: ['exon skipping', 0, 0]
F55C9.14.1: ['exon skipping', 0, 0]
C43D7.2.1: ['no event', 51, 2]
F55C9.10.1: ['exon skipping', 0, 0]
F55C9.11.1: ['exon skipping', 0, 0]
C43D7.8.1: ['exon skipping', 0, 0]
F55C9.4.1: ['exon skipping', 0, 0]
