>0
F29F11.2.1: ['5event', ['internal gap >= 30', 442, 79], 462, 0]
C32C4.7.1: ['3event', 469, 0]
C35A5.2.1: ['3event', '5event', 451, 0]
F10D2.2a.1: ['5event', ['internal gap >= 30', 433, 88], 453, 0]
F10D2.2b.1: ['exon skipping', 0, 0]
F10D2.7.1: ['5event', ['internal gap >= 30', 433, 88], 453, 0]
>1
F29F11.2.1: [['internal gap >= 30', 112, 48], 251, 1]
C32C4.7.1: ['5event', ['internal gap >= 30', 111, 49], 250, 1]
C35A5.2.1: ['5event', ['internal gap >= 30', 111, 49], 250, 1]
F10D2.2a.1: [['internal gap >= 30', 118, 48], 251, 1]
F10D2.2b.1: ['5event', ['internal gap >= 30', 112, 54], 245, 0]
F10D2.7.1: [['internal gap >= 30', 118, 48], 251, 1]
>2
F29F11.2.1: ['no event', 232, 0]
C32C4.7.1: ['no event', 232, 0]
C35A5.2.1: ['no event', 232, 0]
F10D2.2a.1: ['no event', 232, 0]
F10D2.2b.1: ['no event', 232, 0]
F10D2.7.1: ['no event', 232, 0]
>3
F29F11.2.1: [['internal gap < 30', 74, 3], 136, 2]
C32C4.7.1: [['internal gap < 30', 74, 3], 136, 2]
C35A5.2.1: [['internal gap < 30', 74, 3], 136, 2]
F10D2.2a.1: ['no event', 139, 2]
F10D2.2b.1: ['no event', 139, 2]
F10D2.7.1: ['no event', 139, 2]
>4
F29F11.2.1: [['internal gap >= 30', 214, 117], 222, 1]
C32C4.7.1: [['internal gap >= 30', 214, 117], 222, 1]
C35A5.2.1: [['internal gap >= 30', 214, 117], 222, 1]
F10D2.2a.1: [['internal gap >= 30', 88, 43], 296, 1]
F10D2.2b.1: [['internal gap >= 30', 88, 43], 296, 1]
F10D2.7.1: [['internal gap >= 30', 88, 43], 296, 1]
>5
F29F11.2.1: ['exon skipping', 0, 0]
C32C4.7.1: ['exon skipping', 0, 0]
C35A5.2.1: ['exon skipping', 0, 0]
F10D2.2a.1: [['internal gap < 30', 1, 3], 24, 1]
F10D2.2b.1: [['internal gap < 30', 1, 3], 24, 1]
F10D2.7.1: [['internal gap < 30', 1, 3], 24, 1]
>6
F29F11.2.1: ['5event', ['internal gap >= 30', 260, 32], 273, 2]
C32C4.7.1: ['5event', ['internal gap < 30', 234, 16], 289, 2]
C35A5.2.1: ['5event', ['internal gap >= 30', 260, 32], 273, 2]
F10D2.2a.1: [['internal gap >= 30', 163, 129], 176, 2]
F10D2.2b.1: [['internal gap >= 30', 163, 129], 176, 2]
F10D2.7.1: [['internal gap >= 30', 163, 129], 176, 2]
>7
F29F11.2.1: ['exon skipping', 0, 0]
C32C4.7.1: ['no event', 7, 1]
C35A5.2.1: ['exon skipping', 0, 0]
F10D2.2a.1: ['exon skipping', 0, 0]
F10D2.2b.1: ['exon skipping', 0, 0]
F10D2.7.1: ['exon skipping', 0, 0]
