>0
C28C12.4.1: ['5event', ['internal gap >= 30', 120, 95], 260, 0]
F13E9.8.1: ['5event', ['internal gap >= 30', 93, 86], 269, 0]
F13E9.14.1: [['internal gap < 30', 210, 5], 350, 0]
M7.10.1: ['5event', ['internal gap >= 30', 135, 74], 281, 0]
>1
C28C12.4.1: ['no event', 258, 0]
F13E9.8.1: [['internal gap < 30', 231, 6], 252, 0]
F13E9.14.1: [['internal gap >= 30', 174, 73], 185, 0]
M7.10.1: [['internal gap < 30', 232, 15], 243, 0]
>2
C28C12.4.1: [['internal gap < 30', 156, 22], 162, 1]
F13E9.8.1: [['internal gap >= 30', 51, 63], 121, 1]
F13E9.14.1: ['exon skipping', 0, 0]
M7.10.1: ['3event', 139, 1]
>3
C28C12.4.1: ['exon skipping', 0, 0]
F13E9.8.1: ['exon skipping', 0, 0]
F13E9.14.1: ['5event', 131, 0]
M7.10.1: ['exon skipping', 0, 0]
>4
C28C12.4.1: ['5event', 24, 2]
F13E9.8.1: ['exon skipping', 0, 0]
F13E9.14.1: ['exon skipping', 0, 0]
M7.10.1: ['exon skipping', 0, 0]
