>0
F49E11.9.1: ['exon skipping', 0, 0]
F49E11.5.1: ['no event', 48, 0]
C39E9.5.1: ['exon skipping', 0, 0]
C39E9.6.1: ['exon skipping', 0, 0]
F02E11.5.1: ['exon skipping', 0, 0]
Y51H7C.2.1: ['exon skipping', 0, 0]
ZK384.2.1: ['exon skipping', 0, 0]
ZK384.1.1: ['exon skipping', 0, 0]
>1
F49E11.9.1: ['5event', ['internal gap >= 30', 489, 1093], 524, 0]
F49E11.5.1: [['internal gap >= 30', 459, 1126], 491, 1]
C39E9.5.1: ['5event', ['internal gap >= 30', 495, 1087], 530, 0]
C39E9.6.1: ['5event', ['internal gap >= 30', 498, 1084], 533, 0]
F02E11.5.1: ['5event', ['internal gap >= 30', 489, 1093], 524, 0]
Y51H7C.2.1: ['3event', '5event', 524, 0]
ZK384.2.1: ['5event', ['internal gap >= 30', 533, 1079], 538, 0]
ZK384.1.1: ['5event', ['internal gap >= 30', 468, 1114], 503, 0]
>2
F49E11.9.1: ['5event', ['internal gap < 30', 68, 25], 99, 2]
F49E11.5.1: ['5event', ['internal gap < 30', 68, 25], 99, 2]
C39E9.5.1: ['5event', ['internal gap < 30', 68, 25], 99, 2]
C39E9.6.1: ['5event', ['internal gap < 30', 68, 25], 99, 2]
F02E11.5.1: ['5event', ['internal gap < 30', 68, 25], 99, 2]
Y51H7C.2.1: ['5event', ['internal gap < 30', 71, 22], 102, 2]
ZK384.2.1: [['internal gap < 30', 69, 24], 100, 2]
ZK384.1.1: ['5event', 120, 2]
>3
F49E11.9.1: ['exon skipping', 0, 0]
F49E11.5.1: ['exon skipping', 0, 0]
C39E9.5.1: ['exon skipping', 0, 0]
C39E9.6.1: ['exon skipping', 0, 0]
F02E11.5.1: ['exon skipping', 0, 0]
Y51H7C.2.1: ['no event', 113, 0]
ZK384.2.1: ['exon skipping', 0, 0]
ZK384.1.1: ['exon skipping', 0, 0]
