>0
FBtr0072527: [['internal gap < 30', 50, 23], 69, 0]
FBtr0072526: [['internal gap < 30', 50, 23], 69, 0]
B0513.2a.1: ['exon skipping', 0, 0]
B0513.2a.2: ['exon skipping', 0, 0]
B0513.2b.1: ['exon skipping', 0, 0]
ENSCHAT00000063263: ['exon skipping', 0, 0]
ENSCHAT00000063272: ['exon skipping', 0, 0]
ENSCHAT00000063276: ['exon skipping', 0, 0]
ENSDCDT00000030817: ['3event', 91, 0]
ENSAMXT00000014847: ['exon skipping', 0, 0]
>1
FBtr0072527: ['exon skipping', 0, 0]
FBtr0072526: ['exon skipping', 0, 0]
B0513.2a.1: ['exon skipping', 0, 0]
B0513.2a.2: ['exon skipping', 0, 0]
B0513.2b.1: ['exon skipping', 0, 0]
ENSCHAT00000063263: ['5event', 18, 0]
ENSCHAT00000063272: ['5event', 18, 0]
ENSCHAT00000063276: ['exon skipping', 0, 0]
ENSDCDT00000030817: ['exon skipping', 0, 0]
ENSAMXT00000014847: ['5event', 18, 0]
>2
FBtr0072527: ['exon skipping', 0, 0]
FBtr0072526: ['exon skipping', 0, 0]
B0513.2a.1: ['5event', 6, 0]
B0513.2a.2: ['5event', 6, 0]
B0513.2b.1: ['exon skipping', 0, 0]
ENSCHAT00000063263: ['exon skipping', 0, 0]
ENSCHAT00000063272: ['exon skipping', 0, 0]
ENSCHAT00000063276: ['3event', '5event', 4, 0]
ENSDCDT00000030817: ['exon skipping', 0, 0]
ENSAMXT00000014847: ['exon skipping', 0, 0]
>3
FBtr0072527: ['5event', ['internal gap < 30', 89, 21], 111, 1]
FBtr0072526: ['5event', ['internal gap < 30', 92, 18], 114, 1]
B0513.2a.1: ['no event', 132, 1]
B0513.2a.2: ['no event', 132, 1]
B0513.2b.1: ['exon skipping', 0, 0]
ENSCHAT00000063263: ['5event', ['internal gap < 30', 62, 12], 120, 1]
ENSCHAT00000063272: ['5event', ['internal gap < 30', 62, 12], 120, 1]
ENSCHAT00000063276: ['5event', ['internal gap < 30', 62, 12], 120, 1]
ENSDCDT00000030817: ['5event', ['internal gap < 30', 62, 12], 120, 1]
ENSAMXT00000014847: ['5event', ['internal gap < 30', 62, 12], 120, 1]
>4
FBtr0072527: ['exon skipping', 0, 0]
FBtr0072526: ['exon skipping', 0, 0]
B0513.2a.1: ['no event', 13, 1]
B0513.2a.2: ['no event', 13, 1]
B0513.2b.1: ['exon skipping', 0, 0]
ENSCHAT00000063263: ['exon skipping', 0, 0]
ENSCHAT00000063272: ['exon skipping', 0, 0]
ENSCHAT00000063276: ['exon skipping', 0, 0]
ENSDCDT00000030817: ['exon skipping', 0, 0]
ENSAMXT00000014847: ['exon skipping', 0, 0]
>5
FBtr0072527: ['5event', ['internal gap < 30', 491, 7], 526, 2]
FBtr0072526: ['5event', ['internal gap < 30', 491, 7], 526, 2]
B0513.2a.1: ['3event', 107, 0]
B0513.2a.2: ['3event', 107, 0]
B0513.2b.1: ['exon skipping', 0, 0]
ENSCHAT00000063263: ['5event', ['internal gap >= 30', 96, 406], 127, 2]
ENSCHAT00000063272: ['5event', ['internal gap >= 30', 96, 406], 127, 2]
ENSCHAT00000063276: ['5event', ['internal gap >= 30', 96, 406], 127, 2]
ENSDCDT00000030817: ['5event', ['internal gap >= 30', 96, 406], 127, 2]
ENSAMXT00000014847: ['5event', ['internal gap >= 30', 96, 406], 127, 2]
>6
FBtr0072527: ['exon skipping', 0, 0]
FBtr0072526: ['exon skipping', 0, 0]
B0513.2a.1: ['3event', '5event', 68, 0]
B0513.2a.2: ['3event', '5event', 68, 0]
B0513.2b.1: ['exon skipping', 0, 0]
ENSCHAT00000063263: ['no event', 86, 1]
ENSCHAT00000063272: ['no event', 86, 1]
ENSCHAT00000063276: ['no event', 86, 1]
ENSDCDT00000030817: ['no event', 86, 1]
ENSAMXT00000014847: ['no event', 86, 1]
>7
FBtr0072527: ['exon skipping', 0, 0]
FBtr0072526: ['exon skipping', 0, 0]
B0513.2a.1: ['exon skipping', 0, 0]
B0513.2a.2: ['exon skipping', 0, 0]
B0513.2b.1: ['exon skipping', 0, 0]
ENSCHAT00000063263: ['no event', 57, 1]
ENSCHAT00000063272: ['no event', 57, 1]
ENSCHAT00000063276: ['no event', 57, 1]
ENSDCDT00000030817: ['no event', 57, 1]
ENSAMXT00000014847: ['no event', 57, 1]
>8
FBtr0072527: ['exon skipping', 0, 0]
FBtr0072526: ['exon skipping', 0, 0]
B0513.2a.1: ['exon skipping', 0, 0]
B0513.2a.2: ['exon skipping', 0, 0]
B0513.2b.1: ['exon skipping', 0, 0]
ENSCHAT00000063263: ['no event', 66, 2]
ENSCHAT00000063272: ['no event', 66, 2]
ENSCHAT00000063276: ['no event', 66, 2]
ENSDCDT00000030817: ['no event', 66, 2]
ENSAMXT00000014847: ['no event', 66, 2]
>9
FBtr0072527: ['exon skipping', 0, 0]
FBtr0072526: ['exon skipping', 0, 0]
B0513.2a.1: ['5event', 205, 2]
B0513.2a.2: ['5event', 205, 2]
B0513.2b.1: ['exon skipping', 0, 0]
ENSCHAT00000063263: ['exon skipping', 0, 0]
ENSCHAT00000063272: ['exon skipping', 0, 0]
ENSCHAT00000063276: ['exon skipping', 0, 0]
ENSDCDT00000030817: ['exon skipping', 0, 0]
ENSAMXT00000014847: ['exon skipping', 0, 0]
>10
FBtr0072527: ['exon skipping', 0, 0]
FBtr0072526: ['exon skipping', 0, 0]
B0513.2a.1: ['exon skipping', 0, 0]
B0513.2a.2: ['exon skipping', 0, 0]
B0513.2b.1: ['exon skipping', 0, 0]
ENSCHAT00000063263: ['5event', 69, 0]
ENSCHAT00000063272: ['5event', 69, 0]
ENSCHAT00000063276: ['5event', 69, 0]
ENSDCDT00000030817: ['5event', 69, 0]
ENSAMXT00000014847: ['5event', 69, 0]
>11
FBtr0072527: ['exon skipping', 0, 0]
FBtr0072526: ['exon skipping', 0, 0]
B0513.2a.1: ['5event', 22, 1]
B0513.2a.2: ['5event', 22, 1]
B0513.2b.1: ['exon skipping', 0, 0]
ENSCHAT00000063263: ['exon skipping', 0, 0]
ENSCHAT00000063272: [['internal gap < 30', 1, 3], 20, 1]
ENSCHAT00000063276: ['exon skipping', 0, 0]
ENSDCDT00000030817: ['exon skipping', 0, 0]
ENSAMXT00000014847: ['exon skipping', 0, 0]
>12
FBtr0072527: ['5event', 151, 1]
FBtr0072526: ['5event', 151, 1]
B0513.2a.1: ['exon skipping', 0, 0]
B0513.2a.2: ['exon skipping', 0, 0]
B0513.2b.1: ['exon skipping', 0, 0]
ENSCHAT00000063263: ['exon skipping', 0, 0]
ENSCHAT00000063272: ['exon skipping', 0, 0]
ENSCHAT00000063276: ['exon skipping', 0, 0]
ENSDCDT00000030817: ['exon skipping', 0, 0]
ENSAMXT00000014847: ['exon skipping', 0, 0]
>13
FBtr0072527: ['exon skipping', 0, 0]
FBtr0072526: ['exon skipping', 0, 0]
B0513.2a.1: ['exon skipping', 0, 0]
B0513.2a.2: ['exon skipping', 0, 0]
B0513.2b.1: ['exon skipping', 0, 0]
ENSCHAT00000063263: ['exon skipping', 0, 0]
ENSCHAT00000063272: ['5event', 8, 0]
ENSCHAT00000063276: ['exon skipping', 0, 0]
ENSDCDT00000030817: ['exon skipping', 0, 0]
ENSAMXT00000014847: ['exon skipping', 0, 0]
>14
FBtr0072527: ['exon skipping', 0, 0]
FBtr0072526: ['exon skipping', 0, 0]
B0513.2a.1: ['5event', 71, 0]
B0513.2a.2: ['5event', 71, 0]
B0513.2b.1: ['5event', 68, 0]
ENSCHAT00000063263: ['5event', ['internal gap < 30', 28, 14], 58, 1]
ENSCHAT00000063272: ['exon skipping', 0, 0]
ENSCHAT00000063276: ['5event', ['internal gap < 30', 28, 14], 58, 1]
ENSDCDT00000030817: ['5event', ['internal gap < 30', 28, 14], 58, 1]
ENSAMXT00000014847: ['5event', ['internal gap < 30', 29, 11], 61, 1]
>15
FBtr0072527: ['exon skipping', 0, 0]
FBtr0072526: ['exon skipping', 0, 0]
B0513.2a.1: ['no event', 5, 0]
B0513.2a.2: ['no event', 5, 0]
B0513.2b.1: ['no event', 5, 0]
ENSCHAT00000063263: ['exon skipping', 0, 0]
ENSCHAT00000063272: ['exon skipping', 0, 0]
ENSCHAT00000063276: ['exon skipping', 0, 0]
ENSDCDT00000030817: ['exon skipping', 0, 0]
ENSAMXT00000014847: ['exon skipping', 0, 0]
