>0
F42F12.6.1: ['no event', 2, 0]
F42F12.7.1: ['no event', 2, 0]
F42F12.1.1: ['no event', 2, 0]
F42F12.10.1: ['no event', 2, 0]
F42F12.8.1: ['no event', 2, 0]
F42F12.8.2: ['no event', 2, 0]
F42F12.9.1: ['no event', 2, 0]
C03G5.8.1: ['no event', 2, 0]
C03G5.2.1: ['no event', 2, 0]
C03G5.10.1: ['no event', 2, 0]
C03G5.9.1: ['no event', 2, 0]
C03G5.13.1: ['no event', 2, 0]
C03G5.12.1: ['no event', 2, 0]
C03G5.11.1: ['no event', 2, 0]
D1025.9.1: ['no event', 2, 0]
D1025.6.1: ['no event', 2, 0]
D1025.4.1: ['no event', 2, 0]
D1025.8.1: ['no event', 2, 0]
D1025.7.1: ['no event', 2, 0]
>1
F42F12.6.1: ['exon skipping', 0, 0]
F42F12.7.1: ['exon skipping', 0, 0]
F42F12.1.1: ['exon skipping', 0, 0]
F42F12.10.1: ['exon skipping', 0, 0]
F42F12.8.1: ['exon skipping', 0, 0]
F42F12.8.2: ['exon skipping', 0, 0]
F42F12.9.1: ['exon skipping', 0, 0]
C03G5.8.1: ['exon skipping', 0, 0]
C03G5.2.1: ['exon skipping', 0, 0]
C03G5.10.1: ['exon skipping', 0, 0]
C03G5.9.1: ['exon skipping', 0, 0]
C03G5.13.1: ['exon skipping', 0, 0]
C03G5.12.1: ['exon skipping', 0, 0]
C03G5.11.1: ['exon skipping', 0, 0]
D1025.9.1: ['no event', 2, 0]
D1025.6.1: ['no event', 2, 0]
D1025.4.1: ['no event', 2, 0]
D1025.8.1: ['no event', 2, 0]
D1025.7.1: ['no event', 2, 0]
>2
F42F12.6.1: ['5event', 303, 0]
F42F12.7.1: ['5event', 303, 0]
F42F12.1.1: ['5event', 303, 0]
F42F12.10.1: ['5event', 303, 0]
F42F12.8.1: ['5event', 303, 0]
F42F12.8.2: ['5event', 303, 0]
F42F12.9.1: ['5event', 303, 0]
C03G5.8.1: ['5event', 303, 0]
C03G5.2.1: ['5event', 303, 0]
C03G5.10.1: ['5event', 303, 0]
C03G5.9.1: ['5event', 303, 0]
C03G5.13.1: ['5event', 303, 0]
C03G5.12.1: ['5event', 303, 0]
C03G5.11.1: ['5event', 303, 0]
D1025.9.1: ['no event', 305, 0]
D1025.6.1: ['no event', 305, 0]
D1025.4.1: ['no event', 305, 0]
D1025.8.1: ['no event', 305, 0]
D1025.7.1: ['no event', 305, 0]
