>0
K02A6.2.1: ['exon skipping', 0, 0]
M04B2.6.1: [['internal gap < 30', 74, 8], 88, 0]
K02A6.4.1: ['exon skipping', 0, 0]
K02A6.1.1: ['3event', 95, 0]
>1
K02A6.2.1: ['5event', ['internal gap < 30', 62, 16], 147, 0]
M04B2.6.1: ['exon skipping', 0, 0]
K02A6.4.1: ['5event', ['internal gap < 30', 127, 21], 142, 0]
K02A6.1.1: ['exon skipping', 0, 0]
>2
K02A6.2.1: ['no event', 72, 1]
M04B2.6.1: ['exon skipping', 0, 0]
K02A6.4.1: ['exon skipping', 0, 0]
K02A6.1.1: ['exon skipping', 0, 0]
>3
K02A6.2.1: [['internal gap >= 30', 157, 64], 215, 2]
M04B2.6.1: ['5event', ['internal gap >= 30', 149, 100], 179, 2]
K02A6.4.1: ['5event', ['internal gap >= 30', 156, 99], 180, 2]
K02A6.1.1: ['5event', ['internal gap >= 30', 151, 98], 181, 2]
>4
K02A6.2.1: ['only gap', 0, 0]
M04B2.6.1: ['exon skipping', 0, 0]
K02A6.4.1: ['exon skipping', 0, 0]
K02A6.1.1: ['exon skipping', 0, 0]
>5
K02A6.2.1: ['3event', 2, 1]
M04B2.6.1: [['internal gap < 30', 1, 2], 6, 2]
K02A6.4.1: ['exon skipping', 0, 0]
K02A6.1.1: [['internal gap < 30', 1, 1], 7, 1]
