>0
F19B10.10.1: ['5event', ['internal gap >= 30', 37, 32], 86, 0]
F19B10.10.2: ['5event', ['internal gap >= 30', 37, 32], 86, 0]
Y73C8C.3.1: ['exon skipping', 0, 0]
C16A11.5a.1: ['exon skipping', 0, 0]
C16A11.5a.2: ['exon skipping', 0, 0]
C16A11.5a.3: ['exon skipping', 0, 0]
C16A11.5b.1: ['exon skipping', 0, 0]
C16A11.5b.2: ['exon skipping', 0, 0]
C16A11.5b.3: ['exon skipping', 0, 0]
C16A11.5b.4: ['exon skipping', 0, 0]
C16A11.5b.5: ['exon skipping', 0, 0]
C16A11.5b.6: ['exon skipping', 0, 0]
C16A11.5c.1: [['internal gap < 30', 79, 14], 104, 0]
C16A11.5c.2: [['internal gap < 30', 79, 14], 104, 0]
C16A11.5d.1: [['internal gap < 30', 79, 14], 104, 0]
C16A11.5e.1: [['internal gap < 30', 79, 14], 104, 0]
C09E7.8a.1: ['5event', ['internal gap >= 30', 58, 35], 83, 0]
C09E7.8a.2: ['5event', ['internal gap >= 30', 58, 35], 83, 0]
C09E7.8b.1: ['exon skipping', 0, 0]
C09E7.8b.2: ['exon skipping', 0, 0]
>1
F19B10.10.1: ['exon skipping', 0, 0]
F19B10.10.2: ['exon skipping', 0, 0]
Y73C8C.3.1: ['exon skipping', 0, 0]
C16A11.5a.1: ['exon skipping', 0, 0]
C16A11.5a.2: ['exon skipping', 0, 0]
C16A11.5a.3: ['exon skipping', 0, 0]
C16A11.5b.1: ['exon skipping', 0, 0]
C16A11.5b.2: ['exon skipping', 0, 0]
C16A11.5b.3: ['exon skipping', 0, 0]
C16A11.5b.4: ['exon skipping', 0, 0]
C16A11.5b.5: ['exon skipping', 0, 0]
C16A11.5b.6: ['exon skipping', 0, 0]
C16A11.5c.1: ['exon skipping', 0, 0]
C16A11.5c.2: ['exon skipping', 0, 0]
C16A11.5d.1: ['exon skipping', 0, 0]
C16A11.5e.1: ['exon skipping', 0, 0]
C09E7.8a.1: ['no event', 7, 0]
C09E7.8a.2: ['no event', 7, 0]
C09E7.8b.1: ['exon skipping', 0, 0]
C09E7.8b.2: ['exon skipping', 0, 0]
>2
F19B10.10.1: ['exon skipping', 0, 0]
F19B10.10.2: ['exon skipping', 0, 0]
Y73C8C.3.1: ['5event', 165, 0]
C16A11.5a.1: ['exon skipping', 0, 0]
C16A11.5a.2: ['exon skipping', 0, 0]
C16A11.5a.3: ['exon skipping', 0, 0]
C16A11.5b.1: ['exon skipping', 0, 0]
C16A11.5b.2: ['exon skipping', 0, 0]
C16A11.5b.3: ['exon skipping', 0, 0]
C16A11.5b.4: ['exon skipping', 0, 0]
C16A11.5b.5: ['exon skipping', 0, 0]
C16A11.5b.6: ['exon skipping', 0, 0]
C16A11.5c.1: ['exon skipping', 0, 0]
C16A11.5c.2: ['exon skipping', 0, 0]
C16A11.5d.1: ['exon skipping', 0, 0]
C16A11.5e.1: ['exon skipping', 0, 0]
C09E7.8a.1: ['exon skipping', 0, 0]
C09E7.8a.2: ['exon skipping', 0, 0]
C09E7.8b.1: ['exon skipping', 0, 0]
C09E7.8b.2: ['exon skipping', 0, 0]
>3
F19B10.10.1: ['5event', ['internal gap >= 30', 45, 54], 111, 0]
F19B10.10.2: ['5event', ['internal gap >= 30', 45, 54], 111, 0]
Y73C8C.3.1: ['exon skipping', 0, 0]
C16A11.5a.1: ['exon skipping', 0, 0]
C16A11.5a.2: ['exon skipping', 0, 0]
C16A11.5a.3: ['exon skipping', 0, 0]
C16A11.5b.1: ['exon skipping', 0, 0]
C16A11.5b.2: ['exon skipping', 0, 0]
C16A11.5b.3: ['exon skipping', 0, 0]
C16A11.5b.4: ['exon skipping', 0, 0]
C16A11.5b.5: ['exon skipping', 0, 0]
C16A11.5b.6: ['exon skipping', 0, 0]
C16A11.5c.1: ['3event', '5event', 109, 0]
C16A11.5c.2: ['3event', '5event', 109, 0]
C16A11.5d.1: ['3event', '5event', 109, 0]
C16A11.5e.1: ['3event', '5event', 109, 0]
C09E7.8a.1: ['3event', '5event', 98, 2]
C09E7.8a.2: ['3event', '5event', 98, 2]
C09E7.8b.1: ['exon skipping', 0, 0]
C09E7.8b.2: ['exon skipping', 0, 0]
>4
F19B10.10.1: ['exon skipping', 0, 0]
F19B10.10.2: ['exon skipping', 0, 0]
Y73C8C.3.1: ['exon skipping', 0, 0]
C16A11.5a.1: ['exon skipping', 0, 0]
C16A11.5a.2: ['exon skipping', 0, 0]
C16A11.5a.3: ['exon skipping', 0, 0]
C16A11.5b.1: ['exon skipping', 0, 0]
C16A11.5b.2: ['exon skipping', 0, 0]
C16A11.5b.3: ['exon skipping', 0, 0]
C16A11.5b.4: ['exon skipping', 0, 0]
C16A11.5b.5: ['exon skipping', 0, 0]
C16A11.5b.6: ['exon skipping', 0, 0]
C16A11.5c.1: ['5event', 34, 1]
C16A11.5c.2: ['5event', 34, 1]
C16A11.5d.1: ['5event', 34, 1]
C16A11.5e.1: ['5event', 34, 1]
C09E7.8a.1: ['exon skipping', 0, 0]
C09E7.8a.2: ['exon skipping', 0, 0]
C09E7.8b.1: ['exon skipping', 0, 0]
C09E7.8b.2: ['exon skipping', 0, 0]
>5
F19B10.10.1: ['exon skipping', 0, 0]
F19B10.10.2: ['exon skipping', 0, 0]
Y73C8C.3.1: ['exon skipping', 0, 0]
C16A11.5a.1: ['exon skipping', 0, 0]
C16A11.5a.2: ['exon skipping', 0, 0]
C16A11.5a.3: ['exon skipping', 0, 0]
C16A11.5b.1: ['exon skipping', 0, 0]
C16A11.5b.2: ['exon skipping', 0, 0]
C16A11.5b.3: ['exon skipping', 0, 0]
C16A11.5b.4: ['exon skipping', 0, 0]
C16A11.5b.5: ['exon skipping', 0, 0]
C16A11.5b.6: ['exon skipping', 0, 0]
C16A11.5c.1: ['exon skipping', 0, 0]
C16A11.5c.2: ['exon skipping', 0, 0]
C16A11.5d.1: ['no event', 32, 0]
C16A11.5e.1: ['exon skipping', 0, 0]
C09E7.8a.1: ['exon skipping', 0, 0]
C09E7.8a.2: ['exon skipping', 0, 0]
C09E7.8b.1: ['exon skipping', 0, 0]
C09E7.8b.2: ['exon skipping', 0, 0]
>6
F19B10.10.1: ['exon skipping', 0, 0]
F19B10.10.2: ['exon skipping', 0, 0]
Y73C8C.3.1: ['exon skipping', 0, 0]
C16A11.5a.1: ['exon skipping', 0, 0]
C16A11.5a.2: ['exon skipping', 0, 0]
C16A11.5a.3: ['exon skipping', 0, 0]
C16A11.5b.1: ['exon skipping', 0, 0]
C16A11.5b.2: ['exon skipping', 0, 0]
C16A11.5b.3: ['exon skipping', 0, 0]
C16A11.5b.4: ['exon skipping', 0, 0]
C16A11.5b.5: ['exon skipping', 0, 0]
C16A11.5b.6: ['exon skipping', 0, 0]
C16A11.5c.1: ['5event', 104, 0]
C16A11.5c.2: ['5event', 104, 0]
C16A11.5d.1: ['no event', 106, 0]
C16A11.5e.1: ['5event', 104, 0]
C09E7.8a.1: ['exon skipping', 0, 0]
C09E7.8a.2: ['exon skipping', 0, 0]
C09E7.8b.1: ['exon skipping', 0, 0]
C09E7.8b.2: ['exon skipping', 0, 0]
>7
F19B10.10.1: ['exon skipping', 0, 0]
F19B10.10.2: ['exon skipping', 0, 0]
Y73C8C.3.1: ['exon skipping', 0, 0]
C16A11.5a.1: ['exon skipping', 0, 0]
C16A11.5a.2: ['exon skipping', 0, 0]
C16A11.5a.3: ['exon skipping', 0, 0]
C16A11.5b.1: ['exon skipping', 0, 0]
C16A11.5b.2: ['exon skipping', 0, 0]
C16A11.5b.3: ['exon skipping', 0, 0]
C16A11.5b.4: ['exon skipping', 0, 0]
C16A11.5b.5: ['exon skipping', 0, 0]
C16A11.5b.6: ['exon skipping', 0, 0]
C16A11.5c.1: ['no event', 164, 0]
C16A11.5c.2: ['no event', 164, 0]
C16A11.5d.1: ['no event', 164, 0]
C16A11.5e.1: ['no event', 164, 0]
C09E7.8a.1: ['exon skipping', 0, 0]
C09E7.8a.2: ['exon skipping', 0, 0]
C09E7.8b.1: ['exon skipping', 0, 0]
C09E7.8b.2: ['exon skipping', 0, 0]
>8
F19B10.10.1: ['5event', ['internal gap < 30', 83, 5], 103, 1]
F19B10.10.2: ['5event', ['internal gap < 30', 83, 5], 103, 1]
Y73C8C.3.1: ['5event', ['internal gap < 30', 83, 5], 103, 1]
C16A11.5a.1: ['exon skipping', 0, 0]
C16A11.5a.2: ['exon skipping', 0, 0]
C16A11.5a.3: ['exon skipping', 0, 0]
C16A11.5b.1: ['exon skipping', 0, 0]
C16A11.5b.2: ['exon skipping', 0, 0]
C16A11.5b.3: ['exon skipping', 0, 0]
C16A11.5b.4: ['exon skipping', 0, 0]
C16A11.5b.5: ['exon skipping', 0, 0]
C16A11.5b.6: ['exon skipping', 0, 0]
C16A11.5c.1: [['internal gap < 30', 70, 18], 90, 0]
C16A11.5c.2: [['internal gap < 30', 70, 18], 90, 0]
C16A11.5d.1: ['3event', 89, 0]
C16A11.5e.1: ['3event', 89, 0]
C09E7.8a.1: ['3event', '5event', 104, 1]
C09E7.8a.2: ['3event', '5event', 104, 1]
C09E7.8b.1: ['exon skipping', 0, 0]
C09E7.8b.2: ['exon skipping', 0, 0]
>9
F19B10.10.1: ['3event', 109, 0]
F19B10.10.2: ['3event', 109, 0]
Y73C8C.3.1: ['exon skipping', 0, 0]
C16A11.5a.1: ['exon skipping', 0, 0]
C16A11.5a.2: ['exon skipping', 0, 0]
C16A11.5a.3: ['exon skipping', 0, 0]
C16A11.5b.1: ['exon skipping', 0, 0]
C16A11.5b.2: ['exon skipping', 0, 0]
C16A11.5b.3: ['exon skipping', 0, 0]
C16A11.5b.4: ['exon skipping', 0, 0]
C16A11.5b.5: ['exon skipping', 0, 0]
C16A11.5b.6: ['exon skipping', 0, 0]
C16A11.5c.1: ['exon skipping', 0, 0]
C16A11.5c.2: ['exon skipping', 0, 0]
C16A11.5d.1: ['exon skipping', 0, 0]
C16A11.5e.1: ['exon skipping', 0, 0]
C09E7.8a.1: ['5event', ['internal gap < 30', 86, 19], 104, 0]
C09E7.8a.2: ['5event', ['internal gap < 30', 86, 19], 104, 0]
C09E7.8b.1: ['exon skipping', 0, 0]
C09E7.8b.2: ['exon skipping', 0, 0]
>10
F19B10.10.1: ['exon skipping', 0, 0]
F19B10.10.2: ['exon skipping', 0, 0]
Y73C8C.3.1: ['exon skipping', 0, 0]
C16A11.5a.1: ['exon skipping', 0, 0]
C16A11.5a.2: ['exon skipping', 0, 0]
C16A11.5a.3: ['exon skipping', 0, 0]
C16A11.5b.1: ['exon skipping', 0, 0]
C16A11.5b.2: ['exon skipping', 0, 0]
C16A11.5b.3: ['exon skipping', 0, 0]
C16A11.5b.4: ['exon skipping', 0, 0]
C16A11.5b.5: ['exon skipping', 0, 0]
C16A11.5b.6: ['exon skipping', 0, 0]
C16A11.5c.1: ['only gap', 0, 2]
C16A11.5c.2: ['only gap', 0, 2]
C16A11.5d.1: ['exon skipping', 0, 0]
C16A11.5e.1: ['exon skipping', 0, 0]
C09E7.8a.1: ['exon skipping', 0, 0]
C09E7.8a.2: ['exon skipping', 0, 0]
C09E7.8b.1: ['exon skipping', 0, 0]
C09E7.8b.2: ['exon skipping', 0, 0]
>11
F19B10.10.1: ['5event', ['internal gap < 30', 297, 13], 398, 0]
F19B10.10.2: ['5event', ['internal gap < 30', 297, 13], 398, 0]
Y73C8C.3.1: ['3event', '5event', 181, 0]
C16A11.5a.1: ['5event', ['internal gap >= 30', 103, 268], 143, 0]
C16A11.5a.2: ['5event', ['internal gap >= 30', 103, 268], 143, 0]
C16A11.5a.3: ['5event', ['internal gap >= 30', 103, 268], 143, 0]
C16A11.5b.1: ['exon skipping', 0, 0]
C16A11.5b.2: ['exon skipping', 0, 0]
C16A11.5b.3: ['exon skipping', 0, 0]
C16A11.5b.4: ['exon skipping', 0, 0]
C16A11.5b.5: ['exon skipping', 0, 0]
C16A11.5b.6: ['exon skipping', 0, 0]
C16A11.5c.1: ['exon skipping', 0, 0]
C16A11.5c.2: ['exon skipping', 0, 0]
C16A11.5d.1: ['exon skipping', 0, 0]
C16A11.5e.1: ['5event', ['internal gap >= 30', 118, 253], 158, 0]
C09E7.8a.1: ['3event', 151, 0]
C09E7.8a.2: ['3event', 151, 0]
C09E7.8b.1: ['exon skipping', 0, 0]
C09E7.8b.2: ['exon skipping', 0, 0]
>12
F19B10.10.1: ['exon skipping', 0, 0]
F19B10.10.2: ['exon skipping', 0, 0]
Y73C8C.3.1: ['5event', 64, 1]
C16A11.5a.1: ['exon skipping', 0, 0]
C16A11.5a.2: ['exon skipping', 0, 0]
C16A11.5a.3: ['exon skipping', 0, 0]
C16A11.5b.1: ['exon skipping', 0, 0]
C16A11.5b.2: ['exon skipping', 0, 0]
C16A11.5b.3: ['exon skipping', 0, 0]
C16A11.5b.4: ['exon skipping', 0, 0]
C16A11.5b.5: ['exon skipping', 0, 0]
C16A11.5b.6: ['exon skipping', 0, 0]
C16A11.5c.1: ['exon skipping', 0, 0]
C16A11.5c.2: ['exon skipping', 0, 0]
C16A11.5d.1: ['exon skipping', 0, 0]
C16A11.5e.1: ['exon skipping', 0, 0]
C09E7.8a.1: ['exon skipping', 0, 0]
C09E7.8a.2: ['exon skipping', 0, 0]
C09E7.8b.1: ['exon skipping', 0, 0]
C09E7.8b.2: ['exon skipping', 0, 0]
>13
F19B10.10.1: ['exon skipping', 0, 0]
F19B10.10.2: ['exon skipping', 0, 0]
Y73C8C.3.1: ['exon skipping', 0, 0]
C16A11.5a.1: ['exon skipping', 0, 0]
C16A11.5a.2: ['exon skipping', 0, 0]
C16A11.5a.3: ['exon skipping', 0, 0]
C16A11.5b.1: ['exon skipping', 0, 0]
C16A11.5b.2: ['exon skipping', 0, 0]
C16A11.5b.3: ['exon skipping', 0, 0]
C16A11.5b.4: ['exon skipping', 0, 0]
C16A11.5b.5: ['exon skipping', 0, 0]
C16A11.5b.6: ['exon skipping', 0, 0]
C16A11.5c.1: ['exon skipping', 0, 0]
C16A11.5c.2: ['exon skipping', 0, 0]
C16A11.5d.1: ['exon skipping', 0, 0]
C16A11.5e.1: ['exon skipping', 0, 0]
C09E7.8a.1: ['5event', 281, 0]
C09E7.8a.2: ['5event', 281, 0]
C09E7.8b.1: ['exon skipping', 0, 0]
C09E7.8b.2: ['exon skipping', 0, 0]
>14
F19B10.10.1: ['exon skipping', 0, 0]
F19B10.10.2: ['exon skipping', 0, 0]
Y73C8C.3.1: ['5event', 32, 0]
C16A11.5a.1: ['exon skipping', 0, 0]
C16A11.5a.2: ['exon skipping', 0, 0]
C16A11.5a.3: ['exon skipping', 0, 0]
C16A11.5b.1: ['exon skipping', 0, 0]
C16A11.5b.2: ['exon skipping', 0, 0]
C16A11.5b.3: ['exon skipping', 0, 0]
C16A11.5b.4: ['exon skipping', 0, 0]
C16A11.5b.5: ['exon skipping', 0, 0]
C16A11.5b.6: ['exon skipping', 0, 0]
C16A11.5c.1: ['exon skipping', 0, 0]
C16A11.5c.2: ['exon skipping', 0, 0]
C16A11.5d.1: ['exon skipping', 0, 0]
C16A11.5e.1: ['exon skipping', 0, 0]
C09E7.8a.1: ['exon skipping', 0, 0]
C09E7.8a.2: ['exon skipping', 0, 0]
C09E7.8b.1: ['exon skipping', 0, 0]
C09E7.8b.2: ['exon skipping', 0, 0]
>15
F19B10.10.1: ['5event', 5, 0]
F19B10.10.2: ['5event', 5, 0]
Y73C8C.3.1: ['exon skipping', 0, 0]
C16A11.5a.1: ['exon skipping', 0, 0]
C16A11.5a.2: ['exon skipping', 0, 0]
C16A11.5a.3: ['exon skipping', 0, 0]
C16A11.5b.1: ['exon skipping', 0, 0]
C16A11.5b.2: ['exon skipping', 0, 0]
C16A11.5b.3: ['exon skipping', 0, 0]
C16A11.5b.4: ['exon skipping', 0, 0]
C16A11.5b.5: ['exon skipping', 0, 0]
C16A11.5b.6: ['exon skipping', 0, 0]
C16A11.5c.1: ['exon skipping', 0, 0]
C16A11.5c.2: ['exon skipping', 0, 0]
C16A11.5d.1: ['exon skipping', 0, 0]
C16A11.5e.1: ['exon skipping', 0, 0]
C09E7.8a.1: ['exon skipping', 0, 0]
C09E7.8a.2: ['exon skipping', 0, 0]
C09E7.8b.1: ['exon skipping', 0, 0]
C09E7.8b.2: ['exon skipping', 0, 0]
>16
F19B10.10.1: [['internal gap >= 30', 156, 59], 200, 0]
F19B10.10.2: [['internal gap >= 30', 156, 59], 200, 0]
Y73C8C.3.1: ['exon skipping', 0, 0]
C16A11.5a.1: ['exon skipping', 0, 0]
C16A11.5a.2: ['exon skipping', 0, 0]
C16A11.5a.3: ['exon skipping', 0, 0]
C16A11.5b.1: ['exon skipping', 0, 0]
C16A11.5b.2: ['exon skipping', 0, 0]
C16A11.5b.3: ['exon skipping', 0, 0]
C16A11.5b.4: ['exon skipping', 0, 0]
C16A11.5b.5: ['exon skipping', 0, 0]
C16A11.5b.6: ['exon skipping', 0, 0]
C16A11.5c.1: ['exon skipping', 0, 0]
C16A11.5c.2: ['exon skipping', 0, 0]
C16A11.5d.1: ['exon skipping', 0, 0]
C16A11.5e.1: ['exon skipping', 0, 0]
C09E7.8a.1: ['3event', '5event', 210, 0]
C09E7.8a.2: ['3event', '5event', 210, 0]
C09E7.8b.1: ['3event', '5event', 126, 0]
C09E7.8b.2: ['3event', '5event', 126, 0]
>17
F19B10.10.1: ['exon skipping', 0, 0]
F19B10.10.2: ['exon skipping', 0, 0]
Y73C8C.3.1: ['exon skipping', 0, 0]
C16A11.5a.1: ['exon skipping', 0, 0]
C16A11.5a.2: ['exon skipping', 0, 0]
C16A11.5a.3: ['exon skipping', 0, 0]
C16A11.5b.1: ['5event', 47, 0]
C16A11.5b.2: ['5event', 47, 0]
C16A11.5b.3: ['5event', 47, 0]
C16A11.5b.4: ['5event', 47, 0]
C16A11.5b.5: ['5event', 47, 0]
C16A11.5b.6: ['5event', 47, 0]
C16A11.5c.1: ['exon skipping', 0, 0]
C16A11.5c.2: ['exon skipping', 0, 0]
C16A11.5d.1: ['exon skipping', 0, 0]
C16A11.5e.1: ['exon skipping', 0, 0]
C09E7.8a.1: ['exon skipping', 0, 0]
C09E7.8a.2: ['exon skipping', 0, 0]
C09E7.8b.1: ['exon skipping', 0, 0]
C09E7.8b.2: ['exon skipping', 0, 0]
>18
F19B10.10.1: ['3event', '5event', 204, 0]
F19B10.10.2: ['3event', '5event', 204, 0]
Y73C8C.3.1: ['3event', '5event', 249, 0]
C16A11.5a.1: ['exon skipping', 0, 0]
C16A11.5a.2: ['exon skipping', 0, 0]
C16A11.5a.3: ['exon skipping', 0, 0]
C16A11.5b.1: ['3event', 199, 0]
C16A11.5b.2: ['3event', 199, 0]
C16A11.5b.3: ['3event', 199, 0]
C16A11.5b.4: ['3event', 199, 0]
C16A11.5b.5: ['3event', 199, 0]
C16A11.5b.6: ['3event', 199, 0]
C16A11.5c.1: ['exon skipping', 0, 0]
C16A11.5c.2: ['exon skipping', 0, 0]
C16A11.5d.1: ['exon skipping', 0, 0]
C16A11.5e.1: ['exon skipping', 0, 0]
C09E7.8a.1: ['5event', ['internal gap >= 30', 191, 57], 209, 0]
C09E7.8a.2: ['5event', ['internal gap >= 30', 191, 57], 209, 0]
C09E7.8b.1: ['5event', ['internal gap >= 30', 191, 57], 209, 0]
C09E7.8b.2: ['5event', ['internal gap >= 30', 191, 57], 209, 0]
>19
F19B10.10.1: ['exon skipping', 0, 0]
F19B10.10.2: ['exon skipping', 0, 0]
Y73C8C.3.1: ['5event', 21, 0]
C16A11.5a.1: ['exon skipping', 0, 0]
C16A11.5a.2: ['exon skipping', 0, 0]
C16A11.5a.3: ['exon skipping', 0, 0]
C16A11.5b.1: ['exon skipping', 0, 0]
C16A11.5b.2: ['exon skipping', 0, 0]
C16A11.5b.3: ['exon skipping', 0, 0]
C16A11.5b.4: ['exon skipping', 0, 0]
C16A11.5b.5: ['exon skipping', 0, 0]
C16A11.5b.6: ['exon skipping', 0, 0]
C16A11.5c.1: ['exon skipping', 0, 0]
C16A11.5c.2: ['exon skipping', 0, 0]
C16A11.5d.1: ['exon skipping', 0, 0]
C16A11.5e.1: ['exon skipping', 0, 0]
C09E7.8a.1: ['exon skipping', 0, 0]
C09E7.8a.2: ['exon skipping', 0, 0]
C09E7.8b.1: ['exon skipping', 0, 0]
C09E7.8b.2: ['exon skipping', 0, 0]
>20
F19B10.10.1: ['5event', ['internal gap >= 30', 278, 405], 305, 0]
F19B10.10.2: ['5event', ['internal gap >= 30', 278, 405], 305, 0]
Y73C8C.3.1: [['internal gap < 30', 492, 17], 693, 1]
C16A11.5a.1: ['5event', ['internal gap >= 30', 296, 387], 323, 0]
C16A11.5a.2: ['5event', ['internal gap >= 30', 296, 387], 323, 0]
C16A11.5a.3: ['5event', ['internal gap >= 30', 296, 387], 323, 0]
C16A11.5b.1: ['5event', ['internal gap >= 30', 296, 387], 323, 0]
C16A11.5b.2: ['5event', ['internal gap >= 30', 296, 387], 323, 0]
C16A11.5b.3: ['5event', ['internal gap >= 30', 296, 387], 323, 0]
C16A11.5b.4: ['5event', ['internal gap >= 30', 296, 387], 323, 0]
C16A11.5b.5: ['5event', ['internal gap >= 30', 296, 387], 323, 0]
C16A11.5b.6: ['5event', ['internal gap >= 30', 296, 387], 323, 0]
C16A11.5c.1: ['exon skipping', 0, 0]
C16A11.5c.2: ['exon skipping', 0, 0]
C16A11.5d.1: ['exon skipping', 0, 0]
C16A11.5e.1: ['5event', ['internal gap >= 30', 296, 387], 323, 0]
C09E7.8a.1: ['5event', ['internal gap >= 30', 290, 393], 317, 0]
C09E7.8a.2: ['5event', ['internal gap >= 30', 290, 393], 317, 0]
C09E7.8b.1: ['5event', ['internal gap >= 30', 290, 393], 317, 0]
C09E7.8b.2: ['5event', ['internal gap >= 30', 290, 393], 317, 0]
>21
F19B10.10.1: ['exon skipping', 0, 0]
F19B10.10.2: ['exon skipping', 0, 0]
Y73C8C.3.1: ['exon skipping', 0, 0]
C16A11.5a.1: ['exon skipping', 0, 0]
C16A11.5a.2: ['exon skipping', 0, 0]
C16A11.5a.3: ['exon skipping', 0, 0]
C16A11.5b.1: ['exon skipping', 0, 0]
C16A11.5b.2: ['exon skipping', 0, 0]
C16A11.5b.3: ['exon skipping', 0, 0]
C16A11.5b.4: ['exon skipping', 0, 0]
C16A11.5b.5: ['exon skipping', 0, 0]
C16A11.5b.6: ['exon skipping', 0, 0]
C16A11.5c.1: ['exon skipping', 0, 0]
C16A11.5c.2: ['exon skipping', 0, 0]
C16A11.5d.1: ['exon skipping', 0, 0]
C16A11.5e.1: ['exon skipping', 0, 0]
C09E7.8a.1: ['no event', 111, 0]
C09E7.8a.2: ['no event', 111, 0]
C09E7.8b.1: ['no event', 111, 0]
C09E7.8b.2: ['no event', 111, 0]
>22
F19B10.10.1: ['exon skipping', 0, 0]
F19B10.10.2: ['exon skipping', 0, 0]
Y73C8C.3.1: ['5event', 327, 1]
C16A11.5a.1: ['exon skipping', 0, 0]
C16A11.5a.2: ['exon skipping', 0, 0]
C16A11.5a.3: ['exon skipping', 0, 0]
C16A11.5b.1: ['exon skipping', 0, 0]
C16A11.5b.2: ['exon skipping', 0, 0]
C16A11.5b.3: ['exon skipping', 0, 0]
C16A11.5b.4: ['exon skipping', 0, 0]
C16A11.5b.5: ['exon skipping', 0, 0]
C16A11.5b.6: ['exon skipping', 0, 0]
C16A11.5c.1: ['exon skipping', 0, 0]
C16A11.5c.2: ['exon skipping', 0, 0]
C16A11.5d.1: ['exon skipping', 0, 0]
C16A11.5e.1: ['exon skipping', 0, 0]
C09E7.8a.1: ['exon skipping', 0, 0]
C09E7.8a.2: ['exon skipping', 0, 0]
C09E7.8b.1: ['exon skipping', 0, 0]
C09E7.8b.2: ['exon skipping', 0, 0]
>23
F19B10.10.1: ['5event', ['internal gap >= 30', 356, 58], 389, 0]
F19B10.10.2: ['5event', ['internal gap >= 30', 356, 58], 389, 0]
Y73C8C.3.1: ['exon skipping', 0, 0]
C16A11.5a.1: ['5event', ['internal gap >= 30', 146, 95], 352, 0]
C16A11.5a.2: ['5event', ['internal gap >= 30', 146, 95], 352, 0]
C16A11.5a.3: ['5event', ['internal gap >= 30', 146, 95], 352, 0]
C16A11.5b.1: ['5event', ['internal gap >= 30', 146, 95], 352, 0]
C16A11.5b.2: ['5event', ['internal gap >= 30', 146, 95], 352, 0]
C16A11.5b.3: ['5event', ['internal gap >= 30', 146, 95], 352, 0]
C16A11.5b.4: ['5event', ['internal gap >= 30', 146, 95], 352, 0]
C16A11.5b.5: ['5event', ['internal gap >= 30', 146, 95], 352, 0]
C16A11.5b.6: ['5event', ['internal gap >= 30', 146, 95], 352, 0]
C16A11.5c.1: ['exon skipping', 0, 0]
C16A11.5c.2: ['exon skipping', 0, 0]
C16A11.5d.1: ['exon skipping', 0, 0]
C16A11.5e.1: ['5event', ['internal gap >= 30', 146, 95], 352, 0]
C09E7.8a.1: ['5event', ['internal gap >= 30', 283, 57], 390, 1]
C09E7.8a.2: ['5event', ['internal gap >= 30', 283, 57], 390, 1]
C09E7.8b.1: ['5event', ['internal gap >= 30', 283, 57], 390, 1]
C09E7.8b.2: ['5event', ['internal gap >= 30', 283, 57], 390, 1]
>24
F19B10.10.1: ['no event', 2, 0]
F19B10.10.2: ['no event', 2, 0]
Y73C8C.3.1: ['exon skipping', 0, 0]
C16A11.5a.1: ['exon skipping', 0, 0]
C16A11.5a.2: ['exon skipping', 0, 0]
C16A11.5a.3: ['exon skipping', 0, 0]
C16A11.5b.1: ['exon skipping', 0, 0]
C16A11.5b.2: ['exon skipping', 0, 0]
C16A11.5b.3: ['exon skipping', 0, 0]
C16A11.5b.4: ['exon skipping', 0, 0]
C16A11.5b.5: ['exon skipping', 0, 0]
C16A11.5b.6: ['exon skipping', 0, 0]
C16A11.5c.1: ['exon skipping', 0, 0]
C16A11.5c.2: ['exon skipping', 0, 0]
C16A11.5d.1: ['exon skipping', 0, 0]
C16A11.5e.1: ['exon skipping', 0, 0]
C09E7.8a.1: ['exon skipping', 0, 0]
C09E7.8a.2: ['exon skipping', 0, 0]
C09E7.8b.1: ['exon skipping', 0, 0]
C09E7.8b.2: ['exon skipping', 0, 0]
>25
F19B10.10.1: ['exon skipping', 0, 0]
F19B10.10.2: ['exon skipping', 0, 0]
Y73C8C.3.1: ['exon skipping', 0, 0]
C16A11.5a.1: ['exon skipping', 0, 0]
C16A11.5a.2: ['exon skipping', 0, 0]
C16A11.5a.3: ['exon skipping', 0, 0]
C16A11.5b.1: ['exon skipping', 0, 0]
C16A11.5b.2: ['exon skipping', 0, 0]
C16A11.5b.3: ['exon skipping', 0, 0]
C16A11.5b.4: ['exon skipping', 0, 0]
C16A11.5b.5: ['exon skipping', 0, 0]
C16A11.5b.6: ['exon skipping', 0, 0]
C16A11.5c.1: ['exon skipping', 0, 0]
C16A11.5c.2: ['exon skipping', 0, 0]
C16A11.5d.1: ['exon skipping', 0, 0]
C16A11.5e.1: ['exon skipping', 0, 0]
C09E7.8a.1: ['5event', 167, 2]
C09E7.8a.2: ['5event', 167, 2]
C09E7.8b.1: ['5event', 167, 2]
C09E7.8b.2: ['5event', 167, 2]
>26
F19B10.10.1: ['exon skipping', 0, 0]
F19B10.10.2: ['exon skipping', 0, 0]
Y73C8C.3.1: ['exon skipping', 0, 0]
C16A11.5a.1: ['exon skipping', 0, 0]
C16A11.5a.2: ['exon skipping', 0, 0]
C16A11.5a.3: ['exon skipping', 0, 0]
C16A11.5b.1: ['exon skipping', 0, 0]
C16A11.5b.2: ['exon skipping', 0, 0]
C16A11.5b.3: ['exon skipping', 0, 0]
C16A11.5b.4: ['exon skipping', 0, 0]
C16A11.5b.5: ['exon skipping', 0, 0]
C16A11.5b.6: ['exon skipping', 0, 0]
C16A11.5c.1: ['exon skipping', 0, 0]
C16A11.5c.2: ['exon skipping', 0, 0]
C16A11.5d.1: ['exon skipping', 0, 0]
C16A11.5e.1: ['exon skipping', 0, 0]
C09E7.8a.1: ['no event', 92, 2]
C09E7.8a.2: ['no event', 92, 2]
C09E7.8b.1: ['no event', 92, 2]
C09E7.8b.2: ['no event', 92, 2]
>27
F19B10.10.1: ['exon skipping', 0, 0]
F19B10.10.2: ['exon skipping', 0, 0]
Y73C8C.3.1: ['exon skipping', 0, 0]
C16A11.5a.1: ['5event', 104, 2]
C16A11.5a.2: ['5event', 104, 2]
C16A11.5a.3: ['5event', 104, 2]
C16A11.5b.1: ['5event', 104, 2]
C16A11.5b.2: ['5event', 104, 2]
C16A11.5b.3: ['5event', 104, 2]
C16A11.5b.4: ['5event', 104, 2]
C16A11.5b.5: ['5event', 104, 2]
C16A11.5b.6: ['5event', 104, 2]
C16A11.5c.1: ['exon skipping', 0, 0]
C16A11.5c.2: ['exon skipping', 0, 0]
C16A11.5d.1: ['exon skipping', 0, 0]
C16A11.5e.1: ['5event', 104, 2]
C09E7.8a.1: [['internal gap < 30', 85, 11], 109, 2]
C09E7.8a.2: [['internal gap < 30', 85, 11], 109, 2]
C09E7.8b.1: [['internal gap < 30', 85, 11], 109, 2]
C09E7.8b.2: [['internal gap < 30', 85, 11], 109, 2]
>28
F19B10.10.1: ['exon skipping', 0, 0]
F19B10.10.2: ['exon skipping', 0, 0]
Y73C8C.3.1: ['5event', 1, 2]
C16A11.5a.1: ['exon skipping', 0, 0]
C16A11.5a.2: ['exon skipping', 0, 0]
C16A11.5a.3: ['exon skipping', 0, 0]
C16A11.5b.1: ['exon skipping', 0, 0]
C16A11.5b.2: ['exon skipping', 0, 0]
C16A11.5b.3: ['exon skipping', 0, 0]
C16A11.5b.4: ['exon skipping', 0, 0]
C16A11.5b.5: ['exon skipping', 0, 0]
C16A11.5b.6: ['exon skipping', 0, 0]
C16A11.5c.1: ['exon skipping', 0, 0]
C16A11.5c.2: ['exon skipping', 0, 0]
C16A11.5d.1: ['exon skipping', 0, 0]
C16A11.5e.1: ['exon skipping', 0, 0]
C09E7.8a.1: ['exon skipping', 0, 0]
C09E7.8a.2: ['exon skipping', 0, 0]
C09E7.8b.1: ['exon skipping', 0, 0]
C09E7.8b.2: ['exon skipping', 0, 0]
>29
F19B10.10.1: ['exon skipping', 0, 0]
F19B10.10.2: ['exon skipping', 0, 0]
Y73C8C.3.1: ['no event', 42, 1]
C16A11.5a.1: ['exon skipping', 0, 0]
C16A11.5a.2: ['exon skipping', 0, 0]
C16A11.5a.3: ['exon skipping', 0, 0]
C16A11.5b.1: ['exon skipping', 0, 0]
C16A11.5b.2: ['exon skipping', 0, 0]
C16A11.5b.3: ['exon skipping', 0, 0]
C16A11.5b.4: ['exon skipping', 0, 0]
C16A11.5b.5: ['exon skipping', 0, 0]
C16A11.5b.6: ['exon skipping', 0, 0]
C16A11.5c.1: ['exon skipping', 0, 0]
C16A11.5c.2: ['exon skipping', 0, 0]
C16A11.5d.1: ['exon skipping', 0, 0]
C16A11.5e.1: ['exon skipping', 0, 0]
C09E7.8a.1: ['5event', 41, 2]
C09E7.8a.2: ['5event', 41, 2]
C09E7.8b.1: ['5event', 41, 2]
C09E7.8b.2: ['5event', 41, 2]
>30
F19B10.10.1: ['exon skipping', 0, 0]
F19B10.10.2: ['exon skipping', 0, 0]
Y73C8C.3.1: ['no event', 9, 1]
C16A11.5a.1: ['exon skipping', 0, 0]
C16A11.5a.2: ['exon skipping', 0, 0]
C16A11.5a.3: ['exon skipping', 0, 0]
C16A11.5b.1: ['exon skipping', 0, 0]
C16A11.5b.2: ['exon skipping', 0, 0]
C16A11.5b.3: ['exon skipping', 0, 0]
C16A11.5b.4: ['exon skipping', 0, 0]
C16A11.5b.5: ['exon skipping', 0, 0]
C16A11.5b.6: ['exon skipping', 0, 0]
C16A11.5c.1: ['exon skipping', 0, 0]
C16A11.5c.2: ['exon skipping', 0, 0]
C16A11.5d.1: ['exon skipping', 0, 0]
C16A11.5e.1: ['exon skipping', 0, 0]
C09E7.8a.1: ['exon skipping', 0, 0]
C09E7.8a.2: ['exon skipping', 0, 0]
C09E7.8b.1: ['exon skipping', 0, 0]
C09E7.8b.2: ['exon skipping', 0, 0]
>31
F19B10.10.1: ['exon skipping', 0, 0]
F19B10.10.2: ['exon skipping', 0, 0]
Y73C8C.3.1: ['exon skipping', 0, 0]
C16A11.5a.1: ['exon skipping', 0, 0]
C16A11.5a.2: ['exon skipping', 0, 0]
C16A11.5a.3: ['exon skipping', 0, 0]
C16A11.5b.1: ['exon skipping', 0, 0]
C16A11.5b.2: ['exon skipping', 0, 0]
C16A11.5b.3: ['exon skipping', 0, 0]
C16A11.5b.4: ['exon skipping', 0, 0]
C16A11.5b.5: ['exon skipping', 0, 0]
C16A11.5b.6: ['exon skipping', 0, 0]
C16A11.5c.1: ['exon skipping', 0, 0]
C16A11.5c.2: ['exon skipping', 0, 0]
C16A11.5d.1: ['exon skipping', 0, 0]
C16A11.5e.1: ['exon skipping', 0, 0]
C09E7.8a.1: ['5event', 233, 2]
C09E7.8a.2: ['5event', 233, 2]
C09E7.8b.1: ['5event', 233, 2]
C09E7.8b.2: ['5event', 233, 2]
>32
F19B10.10.1: ['exon skipping', 0, 0]
F19B10.10.2: ['exon skipping', 0, 0]
Y73C8C.3.1: ['exon skipping', 0, 0]
C16A11.5a.1: ['exon skipping', 0, 0]
C16A11.5a.2: ['exon skipping', 0, 0]
C16A11.5a.3: ['exon skipping', 0, 0]
C16A11.5b.1: ['exon skipping', 0, 0]
C16A11.5b.2: ['exon skipping', 0, 0]
C16A11.5b.3: ['exon skipping', 0, 0]
C16A11.5b.4: ['exon skipping', 0, 0]
C16A11.5b.5: ['exon skipping', 0, 0]
C16A11.5b.6: ['exon skipping', 0, 0]
C16A11.5c.1: ['exon skipping', 0, 0]
C16A11.5c.2: ['exon skipping', 0, 0]
C16A11.5d.1: ['exon skipping', 0, 0]
C16A11.5e.1: ['exon skipping', 0, 0]
C09E7.8a.1: ['no event', 537, 2]
C09E7.8a.2: ['no event', 537, 2]
C09E7.8b.1: ['no event', 537, 2]
C09E7.8b.2: ['no event', 537, 2]
>33
F19B10.10.1: ['exon skipping', 0, 0]
F19B10.10.2: ['exon skipping', 0, 0]
Y73C8C.3.1: ['3event', '5event', 84, 2]
C16A11.5a.1: ['5event', ['internal gap >= 30', 65, 39], 74, 2]
C16A11.5a.2: ['5event', ['internal gap >= 30', 65, 39], 74, 2]
C16A11.5a.3: ['5event', ['internal gap >= 30', 65, 39], 74, 2]
C16A11.5b.1: ['5event', ['internal gap >= 30', 65, 39], 74, 2]
C16A11.5b.2: ['5event', ['internal gap >= 30', 65, 39], 74, 2]
C16A11.5b.3: ['5event', ['internal gap >= 30', 65, 39], 74, 2]
C16A11.5b.4: ['5event', ['internal gap >= 30', 65, 39], 74, 2]
C16A11.5b.5: ['5event', ['internal gap >= 30', 65, 39], 74, 2]
C16A11.5b.6: ['5event', ['internal gap >= 30', 65, 39], 74, 2]
C16A11.5c.1: ['exon skipping', 0, 0]
C16A11.5c.2: ['exon skipping', 0, 0]
C16A11.5d.1: ['exon skipping', 0, 0]
C16A11.5e.1: ['5event', ['internal gap >= 30', 65, 39], 74, 2]
C09E7.8a.1: [['internal gap >= 30', 23, 37], 76, 0]
C09E7.8a.2: [['internal gap >= 30', 23, 37], 76, 0]
C09E7.8b.1: [['internal gap >= 30', 23, 37], 76, 0]
C09E7.8b.2: [['internal gap >= 30', 23, 37], 76, 0]
>34
F19B10.10.1: ['exon skipping', 0, 0]
F19B10.10.2: ['exon skipping', 0, 0]
Y73C8C.3.1: ['5event', 501, 2]
C16A11.5a.1: ['exon skipping', 0, 0]
C16A11.5a.2: ['exon skipping', 0, 0]
C16A11.5a.3: ['exon skipping', 0, 0]
C16A11.5b.1: ['exon skipping', 0, 0]
C16A11.5b.2: ['exon skipping', 0, 0]
C16A11.5b.3: ['exon skipping', 0, 0]
C16A11.5b.4: ['exon skipping', 0, 0]
C16A11.5b.5: ['exon skipping', 0, 0]
C16A11.5b.6: ['exon skipping', 0, 0]
C16A11.5c.1: ['exon skipping', 0, 0]
C16A11.5c.2: ['exon skipping', 0, 0]
C16A11.5d.1: ['exon skipping', 0, 0]
C16A11.5e.1: ['exon skipping', 0, 0]
C09E7.8a.1: ['exon skipping', 0, 0]
C09E7.8a.2: ['exon skipping', 0, 0]
C09E7.8b.1: ['exon skipping', 0, 0]
C09E7.8b.2: ['exon skipping', 0, 0]
>35
F19B10.10.1: ['exon skipping', 0, 0]
F19B10.10.2: ['exon skipping', 0, 0]
Y73C8C.3.1: ['exon skipping', 0, 0]
C16A11.5a.1: ['exon skipping', 0, 0]
C16A11.5a.2: ['exon skipping', 0, 0]
C16A11.5a.3: ['exon skipping', 0, 0]
C16A11.5b.1: ['exon skipping', 0, 0]
C16A11.5b.2: ['exon skipping', 0, 0]
C16A11.5b.3: ['exon skipping', 0, 0]
C16A11.5b.4: ['exon skipping', 0, 0]
C16A11.5b.5: ['exon skipping', 0, 0]
C16A11.5b.6: ['exon skipping', 0, 0]
C16A11.5c.1: ['exon skipping', 0, 0]
C16A11.5c.2: ['exon skipping', 0, 0]
C16A11.5d.1: ['exon skipping', 0, 0]
C16A11.5e.1: ['exon skipping', 0, 0]
C09E7.8a.1: ['5event', 14, 0]
C09E7.8a.2: ['5event', 14, 0]
C09E7.8b.1: ['5event', 14, 0]
C09E7.8b.2: ['5event', 14, 0]
>36
F19B10.10.1: ['exon skipping', 0, 0]
F19B10.10.2: ['exon skipping', 0, 0]
Y73C8C.3.1: ['exon skipping', 0, 0]
C16A11.5a.1: ['5event', 237, 2]
C16A11.5a.2: ['5event', 237, 2]
C16A11.5a.3: ['5event', 237, 2]
C16A11.5b.1: ['5event', 237, 2]
C16A11.5b.2: ['5event', 237, 2]
C16A11.5b.3: ['5event', 237, 2]
C16A11.5b.4: ['5event', 237, 2]
C16A11.5b.5: ['5event', 237, 2]
C16A11.5b.6: ['5event', 237, 2]
C16A11.5c.1: ['exon skipping', 0, 0]
C16A11.5c.2: ['exon skipping', 0, 0]
C16A11.5d.1: ['exon skipping', 0, 0]
C16A11.5e.1: ['5event', 237, 2]
C09E7.8a.1: ['exon skipping', 0, 0]
C09E7.8a.2: ['exon skipping', 0, 0]
C09E7.8b.1: ['exon skipping', 0, 0]
C09E7.8b.2: ['exon skipping', 0, 0]
