>0
FBtr0088778: ['exon skipping', 0, 0]
FBtr0332247: ['exon skipping', 0, 0]
FBtr0088779: ['exon skipping', 0, 0]
FBtr0088777: [['internal gap < 30', 7, 2], 92, 0]
FBtr0085966: [['internal gap < 30', 21, 5], 89, 0]
FBtr0335266: [['internal gap < 30', 21, 5], 89, 0]
>1
FBtr0088778: ['5event', ['internal gap >= 30', 14, 121], 137, 0]
FBtr0332247: ['5event', 13, 0]
FBtr0088779: ['5event', ['internal gap >= 30', 19, 142], 116, 0]
FBtr0088777: [['internal gap >= 30', 8, 153], 105, 0]
FBtr0085966: [['internal gap >= 30', 14, 147], 111, 0]
FBtr0335266: [['internal gap >= 30', 14, 147], 111, 0]
>2
FBtr0088778: ['no event', 160, 0]
FBtr0332247: ['exon skipping', 0, 0]
FBtr0088779: ['exon skipping', 0, 0]
FBtr0088777: ['exon skipping', 0, 0]
FBtr0085966: ['exon skipping', 0, 0]
FBtr0335266: ['exon skipping', 0, 0]
>3
FBtr0088778: [['internal gap >= 30', 453, 363], 602, 2]
FBtr0332247: ['5event', ['internal gap >= 30', 644, 230], 735, 2]
FBtr0088779: ['5event', ['internal gap >= 30', 652, 222], 743, 0]
FBtr0088777: ['5event', ['internal gap >= 30', 632, 210], 755, 0]
FBtr0085966: ['5event', ['internal gap >= 30', 635, 207], 758, 0]
FBtr0335266: ['5event', ['internal gap >= 30', 635, 207], 758, 0]
>4
FBtr0088778: [['internal gap >= 30', 246, 71], 321, 0]
FBtr0332247: [['internal gap >= 30', 213, 77], 315, 0]
FBtr0088779: [['internal gap >= 30', 213, 77], 315, 0]
FBtr0088777: [['internal gap >= 30', 238, 77], 315, 0]
FBtr0085966: [['internal gap >= 30', 238, 77], 315, 0]
FBtr0335266: [['internal gap >= 30', 238, 77], 315, 0]
>5
FBtr0088778: ['no event', 250, 1]
FBtr0332247: ['no event', 250, 1]
FBtr0088779: ['no event', 250, 1]
FBtr0088777: ['no event', 250, 1]
FBtr0085966: ['no event', 250, 1]
FBtr0335266: ['no event', 250, 1]
>6
FBtr0088778: ['exon skipping', 0, 0]
FBtr0332247: ['exon skipping', 0, 0]
FBtr0088779: ['exon skipping', 0, 0]
FBtr0088777: ['exon skipping', 0, 0]
FBtr0085966: ['no event', 20, 0]
FBtr0335266: ['no event', 20, 0]
