>0
R03A10.4a.1: ['exon skipping', 0, 0]
R03A10.4a.2: ['exon skipping', 0, 0]
R03A10.4b.1: ['exon skipping', 0, 0]
R03A10.4b.2: ['exon skipping', 0, 0]
F28H6.3.1: ['exon skipping', 0, 0]
YJL060W_mRNA: ['no event', 35, 0]
>1
R03A10.4a.1: ['5event', ['internal gap >= 30', 29, 504], 50, 0]
R03A10.4a.2: ['5event', ['internal gap >= 30', 29, 504], 50, 0]
R03A10.4b.1: ['exon skipping', 0, 0]
R03A10.4b.2: ['exon skipping', 0, 0]
F28H6.3.1: ['exon skipping', 0, 0]
YJL060W_mRNA: ['no event', 554, 0]
>2
R03A10.4a.1: ['exon skipping', 0, 0]
R03A10.4a.2: ['exon skipping', 0, 0]
R03A10.4b.1: ['exon skipping', 0, 0]
R03A10.4b.2: ['exon skipping', 0, 0]
F28H6.3.1: ['exon skipping', 0, 0]
YJL060W_mRNA: ['no event', 73, 2]
>3
R03A10.4a.1: ['5event', ['internal gap >= 30', 45, 608], 61, 0]
R03A10.4a.2: ['5event', ['internal gap >= 30', 45, 608], 61, 0]
R03A10.4b.1: ['5event', ['internal gap >= 30', 45, 608], 61, 0]
R03A10.4b.2: ['5event', ['internal gap >= 30', 45, 608], 61, 0]
F28H6.3.1: ['5event', ['internal gap >= 30', 45, 608], 61, 0]
YJL060W_mRNA: ['no event', 669, 1]
>4
R03A10.4a.1: ['no event', 310, 2]
R03A10.4a.2: ['no event', 310, 2]
R03A10.4b.1: ['no event', 310, 2]
R03A10.4b.2: ['no event', 310, 2]
F28H6.3.1: ['no event', 310, 2]
YJL060W_mRNA: ['exon skipping', 0, 0]
>5
R03A10.4a.1: ['no event', 317, 1]
R03A10.4a.2: ['no event', 317, 1]
R03A10.4b.1: ['no event', 317, 1]
R03A10.4b.2: ['no event', 317, 1]
F28H6.3.1: ['no event', 317, 1]
YJL060W_mRNA: ['exon skipping', 0, 0]
>6
R03A10.4a.1: ['no event', 368, 1]
R03A10.4a.2: ['no event', 368, 1]
R03A10.4b.1: ['no event', 368, 1]
R03A10.4b.2: ['no event', 368, 1]
F28H6.3.1: ['no event', 368, 1]
YJL060W_mRNA: ['exon skipping', 0, 0]
>7
R03A10.4a.1: ['exon skipping', 0, 0]
R03A10.4a.2: ['exon skipping', 0, 0]
R03A10.4b.1: ['exon skipping', 0, 0]
R03A10.4b.2: ['exon skipping', 0, 0]
F28H6.3.1: ['exon skipping', 0, 0]
YJL060W_mRNA: ['5event', 2, 0]
>8
R03A10.4a.1: ['exon skipping', 0, 0]
R03A10.4a.2: ['exon skipping', 0, 0]
R03A10.4b.1: ['exon skipping', 0, 0]
R03A10.4b.2: ['exon skipping', 0, 0]
F28H6.3.1: ['5event', 8, 1]
YJL060W_mRNA: ['exon skipping', 0, 0]
>9
R03A10.4a.1: ['3event', '5event', 215, 1]
R03A10.4a.2: ['3event', '5event', 215, 1]
R03A10.4b.1: ['3event', '5event', 215, 1]
R03A10.4b.2: ['3event', '5event', 215, 1]
F28H6.3.1: [['internal gap < 30', 197, 1], 247, 1]
YJL060W_mRNA: ['exon skipping', 0, 0]
