>0
ENSPFOT00000001779: ['exon skipping', 0, 0]
ENSPFOT00000023511: ['exon skipping', 0, 0]
ENSPLAT00000018564: ['exon skipping', 0, 0]
ENSPMET00000027063: ['exon skipping', 0, 0]
ENSPRET00000029017: ['exon skipping', 0, 0]
ENSGAFT00000014104: ['exon skipping', 0, 0]
ENSGAFT00000014105: ['exon skipping', 0, 0]
ENSXMAT00000031493: ['exon skipping', 0, 0]
ENSXCOT00000012659: ['no event', 307, 0]
ENSXCOT00000012661: ['no event', 307, 0]
ENSCVAT00000020653: ['exon skipping', 0, 0]
ENSCVAT00000030628: ['exon skipping', 0, 0]
ENSFHET00000006029: ['exon skipping', 0, 0]
ENSKMAT00000026688: ['exon skipping', 0, 0]
>1
ENSPFOT00000001779: ['exon skipping', 0, 0]
ENSPFOT00000023511: ['exon skipping', 0, 0]
ENSPLAT00000018564: ['exon skipping', 0, 0]
ENSPMET00000027063: ['exon skipping', 0, 0]
ENSPRET00000029017: ['exon skipping', 0, 0]
ENSGAFT00000014104: ['exon skipping', 0, 0]
ENSGAFT00000014105: ['exon skipping', 0, 0]
ENSXMAT00000031493: ['exon skipping', 0, 0]
ENSXCOT00000012659: ['no event', 31, 2]
ENSXCOT00000012661: [['internal gap < 30', 1, 21], 10, 2]
ENSCVAT00000020653: ['exon skipping', 0, 0]
ENSCVAT00000030628: ['exon skipping', 0, 0]
ENSFHET00000006029: ['exon skipping', 0, 0]
ENSKMAT00000026688: ['exon skipping', 0, 0]
>2
ENSPFOT00000001779: ['5event', ['internal gap < 30', 321, 5], 761, 0]
ENSPFOT00000023511: ['5event', ['internal gap >= 30', 375, 161], 605, 0]
ENSPLAT00000018564: ['5event', ['internal gap < 30', 321, 5], 761, 0]
ENSPMET00000027063: ['5event', ['internal gap < 30', 321, 5], 761, 0]
ENSPRET00000029017: ['5event', ['internal gap < 30', 513, 8], 758, 0]
ENSGAFT00000014104: ['5event', ['internal gap < 30', 321, 5], 761, 0]
ENSGAFT00000014105: ['5event', ['internal gap < 30', 321, 5], 761, 0]
ENSXMAT00000031493: ['5event', ['internal gap < 30', 504, 17], 749, 0]
ENSXCOT00000012659: [['internal gap >= 30', 2, 529], 237, 1]
ENSXCOT00000012661: [['internal gap >= 30', 2, 529], 237, 1]
ENSCVAT00000020653: ['5event', ['internal gap < 30', 494, 23], 743, 0]
ENSCVAT00000030628: ['5event', ['internal gap < 30', 494, 23], 743, 0]
ENSFHET00000006029: ['5event', ['internal gap < 30', 503, 14], 752, 0]
ENSKMAT00000026688: ['5event', ['internal gap >= 30', 490, 32], 734, 0]
>3
ENSPFOT00000001779: ['exon skipping', 0, 0]
ENSPFOT00000023511: ['exon skipping', 0, 0]
ENSPLAT00000018564: ['exon skipping', 0, 0]
ENSPMET00000027063: ['exon skipping', 0, 0]
ENSPRET00000029017: ['exon skipping', 0, 0]
ENSGAFT00000014104: ['exon skipping', 0, 0]
ENSGAFT00000014105: ['exon skipping', 0, 0]
ENSXMAT00000031493: ['exon skipping', 0, 0]
ENSXCOT00000012659: ['no event', 25, 0]
ENSXCOT00000012661: ['3event', 20, 0]
ENSCVAT00000020653: ['exon skipping', 0, 0]
ENSCVAT00000030628: ['exon skipping', 0, 0]
ENSFHET00000006029: ['exon skipping', 0, 0]
ENSKMAT00000026688: ['exon skipping', 0, 0]
>4
ENSPFOT00000001779: ['exon skipping', 0, 0]
ENSPFOT00000023511: ['exon skipping', 0, 0]
ENSPLAT00000018564: ['exon skipping', 0, 0]
ENSPMET00000027063: ['exon skipping', 0, 0]
ENSPRET00000029017: ['exon skipping', 0, 0]
ENSGAFT00000014104: ['exon skipping', 0, 0]
ENSGAFT00000014105: ['exon skipping', 0, 0]
ENSXMAT00000031493: ['exon skipping', 0, 0]
ENSXCOT00000012659: ['exon skipping', 0, 0]
ENSXCOT00000012661: ['5event', ['internal gap < 30', 118, 5], 124, 1]
ENSCVAT00000020653: ['exon skipping', 0, 0]
ENSCVAT00000030628: ['exon skipping', 0, 0]
ENSFHET00000006029: ['exon skipping', 0, 0]
ENSKMAT00000026688: ['exon skipping', 0, 0]
>5
ENSPFOT00000001779: ['exon skipping', 0, 0]
ENSPFOT00000023511: ['exon skipping', 0, 0]
ENSPLAT00000018564: ['exon skipping', 0, 0]
ENSPMET00000027063: ['exon skipping', 0, 0]
ENSPRET00000029017: ['exon skipping', 0, 0]
ENSGAFT00000014104: ['exon skipping', 0, 0]
ENSGAFT00000014105: ['exon skipping', 0, 0]
ENSXMAT00000031493: ['exon skipping', 0, 0]
ENSXCOT00000012659: ['5event', 72, 2]
ENSXCOT00000012661: ['exon skipping', 0, 0]
ENSCVAT00000020653: ['exon skipping', 0, 0]
ENSCVAT00000030628: ['exon skipping', 0, 0]
ENSFHET00000006029: ['exon skipping', 0, 0]
ENSKMAT00000026688: ['exon skipping', 0, 0]
>6
ENSPFOT00000001779: ['5event', 225, 0]
ENSPFOT00000023511: ['5event', 225, 0]
ENSPLAT00000018564: ['5event', 225, 0]
ENSPMET00000027063: ['5event', 225, 0]
ENSPRET00000029017: ['5event', 225, 0]
ENSGAFT00000014104: ['5event', 225, 0]
ENSGAFT00000014105: ['5event', 225, 0]
ENSXMAT00000031493: ['5event', 225, 0]
ENSXCOT00000012659: ['exon skipping', 0, 0]
ENSXCOT00000012661: ['exon skipping', 0, 0]
ENSCVAT00000020653: ['5event', 225, 0]
ENSCVAT00000030628: ['5event', 225, 0]
ENSFHET00000006029: ['5event', 225, 0]
ENSKMAT00000026688: ['5event', 225, 0]
>7
ENSPFOT00000001779: [['internal gap < 30', 100, 9], 238, 1]
ENSPFOT00000023511: [['internal gap < 30', 100, 9], 238, 1]
ENSPLAT00000018564: [['internal gap < 30', 100, 9], 238, 1]
ENSPMET00000027063: [['internal gap < 30', 100, 9], 238, 1]
ENSPRET00000029017: [['internal gap < 30', 100, 9], 238, 1]
ENSGAFT00000014104: [['internal gap < 30', 22, 6], 241, 1]
ENSGAFT00000014105: [['internal gap < 30', 22, 6], 241, 1]
ENSXMAT00000031493: [['internal gap < 30', 100, 9], 238, 1]
ENSXCOT00000012659: ['exon skipping', 0, 0]
ENSXCOT00000012661: ['exon skipping', 0, 0]
ENSCVAT00000020653: [['internal gap < 30', 100, 9], 238, 1]
ENSCVAT00000030628: [['internal gap < 30', 100, 9], 238, 1]
ENSFHET00000006029: [['internal gap < 30', 94, 15], 232, 1]
ENSKMAT00000026688: [['internal gap < 30', 106, 3], 244, 1]
