>0
ENSCHAT00000005532: ['no event', 23, 0]
ENSCHAT00000005778: ['exon skipping', 0, 0]
ENSDCDT00000027198: ['no event', 23, 0]
ENSDCDT00000027279: ['exon skipping', 0, 0]
ENSDCDT00000027284: ['exon skipping', 0, 0]
ENSDCDT00000027461: ['exon skipping', 0, 0]
ENSDCDT00000028105: ['exon skipping', 0, 0]
ENSAMXT00000045240: ['exon skipping', 0, 0]
ENSAMXT00000051898: ['exon skipping', 0, 0]
ENSAMXT00000032889: ['exon skipping', 0, 0]
ENSAMXT00000048532: ['exon skipping', 0, 0]
>1
ENSCHAT00000005532: ['no event', 27, 0]
ENSCHAT00000005778: ['exon skipping', 0, 0]
ENSDCDT00000027198: ['no event', 27, 0]
ENSDCDT00000027279: ['5event', 26, 0]
ENSDCDT00000027284: ['5event', 26, 0]
ENSDCDT00000027461: ['exon skipping', 0, 0]
ENSDCDT00000028105: ['exon skipping', 0, 0]
ENSAMXT00000045240: ['5event', 26, 0]
ENSAMXT00000051898: ['5event', 26, 0]
ENSAMXT00000032889: ['5event', 26, 0]
ENSAMXT00000048532: ['5event', 26, 0]
>2
ENSCHAT00000005532: ['no event', 41, 0]
ENSCHAT00000005778: ['exon skipping', 0, 0]
ENSDCDT00000027198: ['no event', 41, 0]
ENSDCDT00000027279: ['no event', 41, 0]
ENSDCDT00000027284: ['no event', 41, 0]
ENSDCDT00000027461: ['exon skipping', 0, 0]
ENSDCDT00000028105: ['exon skipping', 0, 0]
ENSAMXT00000045240: ['no event', 41, 0]
ENSAMXT00000051898: ['exon skipping', 0, 0]
ENSAMXT00000032889: ['no event', 41, 0]
ENSAMXT00000048532: ['no event', 41, 0]
>3
ENSCHAT00000005532: ['exon skipping', 0, 0]
ENSCHAT00000005778: ['exon skipping', 0, 0]
ENSDCDT00000027198: ['exon skipping', 0, 0]
ENSDCDT00000027279: ['exon skipping', 0, 0]
ENSDCDT00000027284: ['exon skipping', 0, 0]
ENSDCDT00000027461: ['exon skipping', 0, 0]
ENSDCDT00000028105: ['5event', 16, 0]
ENSAMXT00000045240: ['exon skipping', 0, 0]
ENSAMXT00000051898: ['exon skipping', 0, 0]
ENSAMXT00000032889: ['exon skipping', 0, 0]
ENSAMXT00000048532: ['exon skipping', 0, 0]
>4
ENSCHAT00000005532: ['exon skipping', 0, 0]
ENSCHAT00000005778: ['5event', 26, 0]
ENSDCDT00000027198: ['exon skipping', 0, 0]
ENSDCDT00000027279: ['exon skipping', 0, 0]
ENSDCDT00000027284: ['exon skipping', 0, 0]
ENSDCDT00000027461: ['exon skipping', 0, 0]
ENSDCDT00000028105: ['exon skipping', 0, 0]
ENSAMXT00000045240: ['exon skipping', 0, 0]
ENSAMXT00000051898: ['exon skipping', 0, 0]
ENSAMXT00000032889: ['exon skipping', 0, 0]
ENSAMXT00000048532: ['exon skipping', 0, 0]
>5
ENSCHAT00000005532: ['5event', 89, 0]
ENSCHAT00000005778: ['no event', 90, 0]
ENSDCDT00000027198: ['5event', 89, 0]
ENSDCDT00000027279: ['5event', 89, 0]
ENSDCDT00000027284: ['5event', 89, 0]
ENSDCDT00000027461: ['exon skipping', 0, 0]
ENSDCDT00000028105: ['5event', 72, 2]
ENSAMXT00000045240: ['5event', 89, 0]
ENSAMXT00000051898: ['5event', 89, 0]
ENSAMXT00000032889: ['5event', 89, 0]
ENSAMXT00000048532: ['5event', 89, 0]
>6
ENSCHAT00000005532: ['no event', 47, 0]
ENSCHAT00000005778: ['no event', 47, 0]
ENSDCDT00000027198: ['no event', 47, 0]
ENSDCDT00000027279: ['no event', 47, 0]
ENSDCDT00000027284: ['no event', 47, 0]
ENSDCDT00000027461: ['exon skipping', 0, 0]
ENSDCDT00000028105: ['no event', 47, 0]
ENSAMXT00000045240: ['no event', 47, 0]
ENSAMXT00000051898: ['no event', 47, 0]
ENSAMXT00000032889: ['exon skipping', 0, 0]
ENSAMXT00000048532: ['no event', 47, 0]
>7
ENSCHAT00000005532: ['exon skipping', 0, 0]
ENSCHAT00000005778: ['exon skipping', 0, 0]
ENSDCDT00000027198: ['exon skipping', 0, 0]
ENSDCDT00000027279: ['exon skipping', 0, 0]
ENSDCDT00000027284: ['exon skipping', 0, 0]
ENSDCDT00000027461: ['5event', 26, 0]
ENSDCDT00000028105: ['exon skipping', 0, 0]
ENSAMXT00000045240: ['exon skipping', 0, 0]
ENSAMXT00000051898: ['exon skipping', 0, 0]
ENSAMXT00000032889: ['exon skipping', 0, 0]
ENSAMXT00000048532: ['exon skipping', 0, 0]
>8
ENSCHAT00000005532: ['5event', 95, 0]
ENSCHAT00000005778: ['5event', 95, 0]
ENSDCDT00000027198: ['5event', 95, 0]
ENSDCDT00000027279: ['5event', 95, 0]
ENSDCDT00000027284: ['5event', 95, 0]
ENSDCDT00000027461: ['no event', 96, 0]
ENSDCDT00000028105: ['5event', 95, 0]
ENSAMXT00000045240: ['5event', 95, 0]
ENSAMXT00000051898: ['5event', 95, 0]
ENSAMXT00000032889: ['exon skipping', 0, 0]
ENSAMXT00000048532: ['5event', 95, 0]
>9
ENSCHAT00000005532: ['exon skipping', 0, 0]
ENSCHAT00000005778: ['no event', 3, 0]
ENSDCDT00000027198: ['exon skipping', 0, 0]
ENSDCDT00000027279: ['exon skipping', 0, 0]
ENSDCDT00000027284: ['exon skipping', 0, 0]
ENSDCDT00000027461: ['exon skipping', 0, 0]
ENSDCDT00000028105: ['exon skipping', 0, 0]
ENSAMXT00000045240: ['exon skipping', 0, 0]
ENSAMXT00000051898: ['exon skipping', 0, 0]
ENSAMXT00000032889: ['exon skipping', 0, 0]
ENSAMXT00000048532: ['exon skipping', 0, 0]
>10
ENSCHAT00000005532: ['5event', 62, 0]
ENSCHAT00000005778: ['exon skipping', 0, 0]
ENSDCDT00000027198: ['5event', 62, 0]
ENSDCDT00000027279: ['5event', 62, 0]
ENSDCDT00000027284: ['5event', 62, 0]
ENSDCDT00000027461: ['5event', 62, 0]
ENSDCDT00000028105: ['5event', 62, 0]
ENSAMXT00000045240: ['5event', 62, 0]
ENSAMXT00000051898: ['5event', 62, 0]
ENSAMXT00000032889: ['exon skipping', 0, 0]
ENSAMXT00000048532: ['5event', 62, 0]
>11
ENSCHAT00000005532: ['exon skipping', 0, 0]
ENSCHAT00000005778: ['5event', 9, 1]
ENSDCDT00000027198: ['exon skipping', 0, 0]
ENSDCDT00000027279: ['exon skipping', 0, 0]
ENSDCDT00000027284: ['exon skipping', 0, 0]
ENSDCDT00000027461: ['exon skipping', 0, 0]
ENSDCDT00000028105: ['exon skipping', 0, 0]
ENSAMXT00000045240: ['exon skipping', 0, 0]
ENSAMXT00000051898: ['exon skipping', 0, 0]
ENSAMXT00000032889: ['exon skipping', 0, 0]
ENSAMXT00000048532: ['exon skipping', 0, 0]
>12
ENSCHAT00000005532: ['5event', 125, 0]
ENSCHAT00000005778: [['internal gap >= 30', 1, 38], 88, 2]
ENSDCDT00000027198: ['5event', 125, 0]
ENSDCDT00000027279: ['5event', 125, 0]
ENSDCDT00000027284: ['5event', 125, 0]
ENSDCDT00000027461: ['5event', 125, 0]
ENSDCDT00000028105: ['5event', 125, 0]
ENSAMXT00000045240: ['5event', 125, 0]
ENSAMXT00000051898: ['5event', 125, 0]
ENSAMXT00000032889: ['5event', 125, 0]
ENSAMXT00000048532: ['5event', 125, 0]
>13
ENSCHAT00000005532: ['no event', 59, 0]
ENSCHAT00000005778: ['no event', 59, 0]
ENSDCDT00000027198: ['no event', 59, 0]
ENSDCDT00000027279: ['no event', 59, 0]
ENSDCDT00000027284: ['no event', 59, 0]
ENSDCDT00000027461: ['no event', 59, 0]
ENSDCDT00000028105: ['no event', 59, 0]
ENSAMXT00000045240: ['no event', 59, 0]
ENSAMXT00000051898: ['no event', 59, 0]
ENSAMXT00000032889: ['no event', 59, 0]
ENSAMXT00000048532: ['no event', 59, 0]
>14
ENSCHAT00000005532: [['internal gap < 30', 184, 8], 209, 0]
ENSCHAT00000005778: ['3event', 203, 0]
ENSDCDT00000027198: ['3event', 206, 0]
ENSDCDT00000027279: ['3event', 206, 0]
ENSDCDT00000027284: ['3event', 206, 0]
ENSDCDT00000027461: ['3event', 206, 0]
ENSDCDT00000028105: ['3event', 206, 0]
ENSAMXT00000045240: ['3event', 206, 0]
ENSAMXT00000051898: ['3event', 206, 0]
ENSAMXT00000032889: ['3event', 206, 0]
ENSAMXT00000048532: ['3event', 206, 0]
>15
ENSCHAT00000005532: ['exon skipping', 0, 0]
ENSCHAT00000005778: ['exon skipping', 0, 0]
ENSDCDT00000027198: ['exon skipping', 0, 0]
ENSDCDT00000027279: ['exon skipping', 0, 0]
ENSDCDT00000027284: ['exon skipping', 0, 0]
ENSDCDT00000027461: ['exon skipping', 0, 0]
ENSDCDT00000028105: ['no event', 29, 0]
ENSAMXT00000045240: ['exon skipping', 0, 0]
ENSAMXT00000051898: ['exon skipping', 0, 0]
ENSAMXT00000032889: ['exon skipping', 0, 0]
ENSAMXT00000048532: ['exon skipping', 0, 0]
>16
ENSCHAT00000005532: ['exon skipping', 0, 0]
ENSCHAT00000005778: ['exon skipping', 0, 0]
ENSDCDT00000027198: ['5event', 5, 0]
ENSDCDT00000027279: ['exon skipping', 0, 0]
ENSDCDT00000027284: ['exon skipping', 0, 0]
ENSDCDT00000027461: ['5event', 5, 0]
ENSDCDT00000028105: ['no event', 9, 0]
ENSAMXT00000045240: ['exon skipping', 0, 0]
ENSAMXT00000051898: ['exon skipping', 0, 0]
ENSAMXT00000032889: ['exon skipping', 0, 0]
ENSAMXT00000048532: ['exon skipping', 0, 0]
>17
ENSCHAT00000005532: ['5event', 145, 0]
ENSCHAT00000005778: ['5event', 145, 0]
ENSDCDT00000027198: ['no event', 146, 0]
ENSDCDT00000027279: ['5event', 145, 0]
ENSDCDT00000027284: ['5event', 145, 0]
ENSDCDT00000027461: ['no event', 146, 0]
ENSDCDT00000028105: ['no event', 146, 0]
ENSAMXT00000045240: ['5event', 145, 0]
ENSAMXT00000051898: ['5event', 145, 0]
ENSAMXT00000032889: ['5event', 145, 0]
ENSAMXT00000048532: ['5event', 145, 0]
>18
ENSCHAT00000005532: ['exon skipping', 0, 0]
ENSCHAT00000005778: ['no event', 3, 2]
ENSDCDT00000027198: ['exon skipping', 0, 0]
ENSDCDT00000027279: ['exon skipping', 0, 0]
ENSDCDT00000027284: ['exon skipping', 0, 0]
ENSDCDT00000027461: ['exon skipping', 0, 0]
ENSDCDT00000028105: ['exon skipping', 0, 0]
ENSAMXT00000045240: ['exon skipping', 0, 0]
ENSAMXT00000051898: ['exon skipping', 0, 0]
ENSAMXT00000032889: ['exon skipping', 0, 0]
ENSAMXT00000048532: ['exon skipping', 0, 0]
>19
ENSCHAT00000005532: ['3event', '5event', 151, 2]
ENSCHAT00000005778: ['3event', 149, 0]
ENSDCDT00000027198: ['5event', 156, 2]
ENSDCDT00000027279: ['5event', 156, 2]
ENSDCDT00000027284: ['5event', 156, 2]
ENSDCDT00000027461: ['5event', 156, 2]
ENSDCDT00000028105: ['5event', 156, 2]
ENSAMXT00000045240: ['3event', '5event', 154, 2]
ENSAMXT00000051898: ['3event', '5event', 154, 2]
ENSAMXT00000032889: ['3event', '5event', 154, 2]
ENSAMXT00000048532: ['3event', '5event', 154, 2]
>20
ENSCHAT00000005532: ['5event', 85, 0]
ENSCHAT00000005778: ['5event', 85, 0]
ENSDCDT00000027198: [['internal gap < 30', 1, 3], 83, 0]
ENSDCDT00000027279: [['internal gap < 30', 1, 21], 65, 0]
ENSDCDT00000027284: [['internal gap < 30', 1, 21], 65, 0]
ENSDCDT00000027461: [['internal gap < 30', 1, 3], 83, 0]
ENSDCDT00000028105: [['internal gap < 30', 1, 3], 83, 0]
ENSAMXT00000045240: ['5event', 85, 0]
ENSAMXT00000051898: ['5event', 85, 0]
ENSAMXT00000032889: ['5event', 85, 0]
ENSAMXT00000048532: ['5event', 85, 0]
>21
ENSCHAT00000005532: ['no event', 72, 2]
ENSCHAT00000005778: ['no event', 72, 2]
ENSDCDT00000027198: ['no event', 72, 2]
ENSDCDT00000027279: ['no event', 72, 2]
ENSDCDT00000027284: ['no event', 72, 2]
ENSDCDT00000027461: ['no event', 72, 2]
ENSDCDT00000028105: ['no event', 72, 2]
ENSAMXT00000045240: ['no event', 72, 2]
ENSAMXT00000051898: ['no event', 72, 2]
ENSAMXT00000032889: ['no event', 72, 2]
ENSAMXT00000048532: ['no event', 72, 2]
>22
ENSCHAT00000005532: ['no event', 161, 0]
ENSCHAT00000005778: ['no event', 161, 0]
ENSDCDT00000027198: ['no event', 161, 0]
ENSDCDT00000027279: ['no event', 161, 0]
ENSDCDT00000027284: ['no event', 161, 0]
ENSDCDT00000027461: ['no event', 161, 0]
ENSDCDT00000028105: ['no event', 161, 0]
ENSAMXT00000045240: ['no event', 161, 0]
ENSAMXT00000051898: ['no event', 161, 0]
ENSAMXT00000032889: ['no event', 161, 0]
ENSAMXT00000048532: ['no event', 161, 0]
>23
ENSCHAT00000005532: ['no event', 197, 0]
ENSCHAT00000005778: ['no event', 197, 0]
ENSDCDT00000027198: ['no event', 197, 0]
ENSDCDT00000027279: ['no event', 197, 0]
ENSDCDT00000027284: ['no event', 197, 0]
ENSDCDT00000027461: ['no event', 197, 0]
ENSDCDT00000028105: ['no event', 197, 0]
ENSAMXT00000045240: ['no event', 197, 0]
ENSAMXT00000051898: ['no event', 197, 0]
ENSAMXT00000032889: ['no event', 197, 0]
ENSAMXT00000048532: ['no event', 197, 0]
>24
ENSCHAT00000005532: ['exon skipping', 0, 0]
ENSCHAT00000005778: ['exon skipping', 0, 0]
ENSDCDT00000027198: ['exon skipping', 0, 0]
ENSDCDT00000027279: ['exon skipping', 0, 0]
ENSDCDT00000027284: ['exon skipping', 0, 0]
ENSDCDT00000027461: ['exon skipping', 0, 0]
ENSDCDT00000028105: ['no event', 75, 0]
ENSAMXT00000045240: ['exon skipping', 0, 0]
ENSAMXT00000051898: ['exon skipping', 0, 0]
ENSAMXT00000032889: ['exon skipping', 0, 0]
ENSAMXT00000048532: ['exon skipping', 0, 0]
>25
ENSCHAT00000005532: ['5event', ['internal gap >= 30', 419, 38], 443, 0]
ENSCHAT00000005778: ['3event', '5event', 387, 0]
ENSDCDT00000027198: ['3event', '5event', 318, 0]
ENSDCDT00000027279: ['3event', '5event', 318, 0]
ENSDCDT00000027284: ['3event', '5event', 325, 0]
ENSDCDT00000027461: ['3event', '5event', 318, 0]
ENSDCDT00000028105: ['exon skipping', 0, 0]
ENSAMXT00000045240: ['5event', ['internal gap >= 30', 270, 101], 380, 0]
ENSAMXT00000051898: ['5event', ['internal gap >= 30', 270, 101], 380, 0]
ENSAMXT00000032889: ['5event', ['internal gap >= 30', 264, 107], 374, 0]
ENSAMXT00000048532: ['5event', ['internal gap >= 30', 270, 101], 380, 0]
>26
ENSCHAT00000005532: [['internal gap < 30', 43, 6], 84, 0]
ENSCHAT00000005778: ['exon skipping', 0, 0]
ENSDCDT00000027198: ['5event', ['internal gap < 30', 40, 10], 80, 0]
ENSDCDT00000027279: ['exon skipping', 0, 0]
ENSDCDT00000027284: ['exon skipping', 0, 0]
ENSDCDT00000027461: ['5event', ['internal gap < 30', 40, 10], 80, 0]
ENSDCDT00000028105: ['exon skipping', 0, 0]
ENSAMXT00000045240: ['no event', 90, 0]
ENSAMXT00000051898: ['no event', 90, 0]
ENSAMXT00000032889: ['no event', 90, 0]
ENSAMXT00000048532: ['no event', 90, 0]
>27
ENSCHAT00000005532: ['no event', 157, 0]
ENSCHAT00000005778: ['5event', 48, 0]
ENSDCDT00000027198: [['internal gap >= 30', 73, 36], 121, 0]
ENSDCDT00000027279: ['5event', ['internal gap >= 30', 72, 37], 120, 0]
ENSDCDT00000027284: ['exon skipping', 0, 0]
ENSDCDT00000027461: [['internal gap >= 30', 73, 36], 121, 0]
ENSDCDT00000028105: ['exon skipping', 0, 0]
ENSAMXT00000045240: [['internal gap >= 30', 70, 39], 118, 0]
ENSAMXT00000051898: [['internal gap >= 30', 70, 39], 118, 0]
ENSAMXT00000032889: [['internal gap >= 30', 70, 39], 118, 0]
ENSAMXT00000048532: [['internal gap >= 30', 70, 39], 118, 0]
>28
ENSCHAT00000005532: [['internal gap < 30', 18, 3], 45, 1]
ENSCHAT00000005778: [['internal gap < 30', 18, 3], 45, 1]
ENSDCDT00000027198: [['internal gap < 30', 18, 3], 45, 1]
ENSDCDT00000027279: ['exon skipping', 0, 0]
ENSDCDT00000027284: ['5event', ['internal gap < 30', 17, 4], 44, 1]
ENSDCDT00000027461: [['internal gap < 30', 18, 3], 45, 1]
ENSDCDT00000028105: ['5event', ['internal gap < 30', 17, 4], 44, 1]
ENSAMXT00000045240: ['no event', 48, 1]
ENSAMXT00000051898: ['no event', 48, 1]
ENSAMXT00000032889: ['no event', 48, 1]
ENSAMXT00000048532: ['no event', 48, 1]
>29
ENSCHAT00000005532: ['3event', 370, 1]
ENSCHAT00000005778: ['3event', 324, 1]
ENSDCDT00000027198: ['3event', 372, 1]
ENSDCDT00000027279: ['5event', ['internal gap >= 30', 292, 90], 336, 1]
ENSDCDT00000027284: [['internal gap >= 30', 293, 89], 337, 1]
ENSDCDT00000027461: ['3event', 372, 1]
ENSDCDT00000028105: ['3event', 285, 1]
ENSAMXT00000045240: ['3event', 348, 1]
ENSAMXT00000051898: ['3event', 348, 1]
ENSAMXT00000032889: ['3event', 348, 1]
ENSAMXT00000048532: ['3event', 348, 1]
>30
ENSCHAT00000005532: ['5event', 25, 1]
ENSCHAT00000005778: ['exon skipping', 0, 0]
ENSDCDT00000027198: ['exon skipping', 0, 0]
ENSDCDT00000027279: ['exon skipping', 0, 0]
ENSDCDT00000027284: ['exon skipping', 0, 0]
ENSDCDT00000027461: ['exon skipping', 0, 0]
ENSDCDT00000028105: ['exon skipping', 0, 0]
ENSAMXT00000045240: ['exon skipping', 0, 0]
ENSAMXT00000051898: ['exon skipping', 0, 0]
ENSAMXT00000032889: ['exon skipping', 0, 0]
ENSAMXT00000048532: ['exon skipping', 0, 0]
>31
ENSCHAT00000005532: ['no event', 73, 0]
ENSCHAT00000005778: ['5event', 72, 0]
ENSDCDT00000027198: ['5event', 69, 0]
ENSDCDT00000027279: ['5event', 52, 2]
ENSDCDT00000027284: ['5event', 52, 2]
ENSDCDT00000027461: ['5event', 69, 0]
ENSDCDT00000028105: ['exon skipping', 0, 0]
ENSAMXT00000045240: ['5event', 72, 0]
ENSAMXT00000051898: ['5event', 72, 0]
ENSAMXT00000032889: ['5event', 72, 0]
ENSAMXT00000048532: ['5event', 72, 0]
>32
ENSCHAT00000005532: ['exon skipping', 0, 0]
ENSCHAT00000005778: ['exon skipping', 0, 0]
ENSDCDT00000027198: ['exon skipping', 0, 0]
ENSDCDT00000027279: ['no event', 11, 1]
ENSDCDT00000027284: ['no event', 11, 1]
ENSDCDT00000027461: ['exon skipping', 0, 0]
ENSDCDT00000028105: ['exon skipping', 0, 0]
ENSAMXT00000045240: ['exon skipping', 0, 0]
ENSAMXT00000051898: ['exon skipping', 0, 0]
ENSAMXT00000032889: ['exon skipping', 0, 0]
ENSAMXT00000048532: ['exon skipping', 0, 0]
>33
ENSCHAT00000005532: ['5event', ['internal gap < 30', 15, 17], 70, 1]
ENSCHAT00000005778: ['5event', ['internal gap < 30', 15, 17], 70, 1]
ENSDCDT00000027198: ['5event', ['internal gap < 30', 15, 17], 70, 1]
ENSDCDT00000027279: [['internal gap < 30', 17, 15], 72, 1]
ENSDCDT00000027284: [['internal gap < 30', 17, 15], 72, 1]
ENSDCDT00000027461: ['5event', ['internal gap < 30', 15, 17], 70, 1]
ENSDCDT00000028105: ['exon skipping', 0, 0]
ENSAMXT00000045240: ['5event', 85, 1]
ENSAMXT00000051898: ['5event', 85, 1]
ENSAMXT00000032889: ['5event', 85, 1]
ENSAMXT00000048532: ['5event', 85, 1]
>34
ENSCHAT00000005532: ['no event', 148, 0]
ENSCHAT00000005778: ['no event', 148, 0]
ENSDCDT00000027198: [['internal gap < 30', 26, 12], 136, 0]
ENSDCDT00000027279: [['internal gap < 30', 26, 12], 136, 0]
ENSDCDT00000027284: [['internal gap < 30', 26, 12], 136, 0]
ENSDCDT00000027461: [['internal gap < 30', 26, 12], 136, 0]
ENSDCDT00000028105: ['5event', ['internal gap < 30', 25, 13], 135, 0]
ENSAMXT00000045240: [['internal gap < 30', 70, 12], 136, 0]
ENSAMXT00000051898: [['internal gap < 30', 70, 12], 136, 0]
ENSAMXT00000032889: [['internal gap < 30', 70, 12], 136, 0]
ENSAMXT00000048532: [['internal gap < 30', 70, 12], 136, 0]
>35
ENSCHAT00000005532: ['exon skipping', 0, 0]
ENSCHAT00000005778: ['exon skipping', 0, 0]
ENSDCDT00000027198: ['exon skipping', 0, 0]
ENSDCDT00000027279: ['exon skipping', 0, 0]
ENSDCDT00000027284: ['exon skipping', 0, 0]
ENSDCDT00000027461: ['exon skipping', 0, 0]
ENSDCDT00000028105: ['no event', 34, 1]
ENSAMXT00000045240: ['exon skipping', 0, 0]
ENSAMXT00000051898: ['exon skipping', 0, 0]
ENSAMXT00000032889: ['exon skipping', 0, 0]
ENSAMXT00000048532: ['exon skipping', 0, 0]
>36
ENSCHAT00000005532: ['5event', ['internal gap < 30', 67, 11], 175, 1]
ENSCHAT00000005778: ['5event', ['internal gap < 30', 67, 11], 175, 1]
ENSDCDT00000027198: ['5event', 184, 1]
ENSDCDT00000027279: ['5event', 184, 1]
ENSDCDT00000027284: ['5event', 184, 1]
ENSDCDT00000027461: ['5event', 184, 1]
ENSDCDT00000028105: ['exon skipping', 0, 0]
ENSAMXT00000045240: ['5event', 184, 1]
ENSAMXT00000051898: ['5event', 184, 1]
ENSAMXT00000032889: ['5event', 184, 1]
ENSAMXT00000048532: ['exon skipping', 0, 0]
>37
ENSCHAT00000005532: ['no event', 140, 0]
ENSCHAT00000005778: ['no event', 140, 0]
ENSDCDT00000027198: ['no event', 140, 0]
ENSDCDT00000027279: ['no event', 140, 0]
ENSDCDT00000027284: ['no event', 140, 0]
ENSDCDT00000027461: ['no event', 140, 0]
ENSDCDT00000028105: ['exon skipping', 0, 0]
ENSAMXT00000045240: ['no event', 140, 0]
ENSAMXT00000051898: ['no event', 140, 0]
ENSAMXT00000032889: ['no event', 140, 0]
ENSAMXT00000048532: ['3event', '5event', 47, 1]
