>0
F20D6.4a.1: ['exon skipping', 0, 0]
F20D6.4b.1: ['exon skipping', 0, 0]
F20D6.4c.1: ['exon skipping', 0, 0]
F20D6.4d.1: ['3event', 20, 0]
F20D6.3.1: [['internal gap < 30', 9, 9], 19, 0]
C03G6.19.1: ['3event', 26, 0]
>1
F20D6.4a.1: ['5event', 277, 0]
F20D6.4b.1: ['5event', 277, 0]
F20D6.4c.1: ['5event', 277, 0]
F20D6.4d.1: ['5event', 278, 2]
F20D6.3.1: ['no event', 279, 2]
C03G6.19.1: ['5event', 278, 2]
>2
F20D6.4a.1: ['no event', 178, 2]
F20D6.4b.1: ['no event', 178, 2]
F20D6.4c.1: ['no event', 178, 2]
F20D6.4d.1: ['no event', 178, 2]
F20D6.3.1: ['no event', 178, 2]
C03G6.19.1: ['no event', 178, 2]
>3
F20D6.4a.1: ['no event', 322, 1]
F20D6.4b.1: ['no event', 322, 1]
F20D6.4c.1: ['no event', 322, 1]
F20D6.4d.1: ['no event', 322, 1]
F20D6.3.1: ['no event', 322, 1]
C03G6.19.1: ['no event', 322, 1]
>4
F20D6.4a.1: ['no event', 155, 0]
F20D6.4b.1: ['no event', 155, 0]
F20D6.4c.1: ['no event', 155, 0]
F20D6.4d.1: ['no event', 155, 0]
F20D6.3.1: ['no event', 155, 0]
C03G6.19.1: ['no event', 155, 0]
>5
F20D6.4a.1: ['no event', 164, 0]
F20D6.4b.1: ['exon skipping', 0, 0]
F20D6.4c.1: ['exon skipping', 0, 0]
F20D6.4d.1: ['no event', 164, 0]
F20D6.3.1: [['internal gap < 30', 22, 6], 158, 0]
C03G6.19.1: ['no event', 164, 0]
>6
F20D6.4a.1: ['exon skipping', 0, 0]
F20D6.4b.1: ['5event', 164, 0]
F20D6.4c.1: ['exon skipping', 0, 0]
F20D6.4d.1: ['exon skipping', 0, 0]
F20D6.3.1: ['exon skipping', 0, 0]
C03G6.19.1: ['exon skipping', 0, 0]
>7
F20D6.4a.1: ['exon skipping', 0, 0]
F20D6.4b.1: ['exon skipping', 0, 0]
F20D6.4c.1: ['5event', 161, 0]
F20D6.4d.1: ['exon skipping', 0, 0]
F20D6.3.1: ['exon skipping', 0, 0]
C03G6.19.1: ['exon skipping', 0, 0]
>8
F20D6.4a.1: ['exon skipping', 0, 0]
F20D6.4b.1: ['exon skipping', 0, 0]
F20D6.4c.1: ['exon skipping', 0, 0]
F20D6.4d.1: ['exon skipping', 0, 0]
F20D6.3.1: ['5event', 2, 0]
C03G6.19.1: ['exon skipping', 0, 0]
