>0
ENSCSAVT00000013921: ['3event', '5event', 173, 0]
ENSCSAVT00000013922: ['3event', '5event', 173, 0]
ENSCSAVT00000013923: ['3event', '5event', 173, 0]
ENSCSAVT00000013924: ['3event', '5event', 173, 0]
ENSCSAVT00000013925: ['3event', '5event', 141, 0]
ENSCSAVT00000013926: ['3event', '5event', 141, 0]
ENSCSAVT00000013927: ['3event', '5event', 159, 0]
FBtr0306679: ['no event', 211, 0]
FBtr0332489: ['no event', 211, 0]
FBtr0332488: ['no event', 211, 0]
FBtr0075195: ['exon skipping', 0, 0]
FBtr0332307: ['exon skipping', 0, 0]
FBtr0332306: ['exon skipping', 0, 0]
Y39D8C.1.1: ['3event', '5event', 135, 0]
>1
ENSCSAVT00000013921: ['exon skipping', 0, 0]
ENSCSAVT00000013922: ['exon skipping', 0, 0]
ENSCSAVT00000013923: ['exon skipping', 0, 0]
ENSCSAVT00000013924: ['exon skipping', 0, 0]
ENSCSAVT00000013925: ['exon skipping', 0, 0]
ENSCSAVT00000013926: ['exon skipping', 0, 0]
ENSCSAVT00000013927: ['exon skipping', 0, 0]
FBtr0306679: ['no event', 65, 2]
FBtr0332489: ['exon skipping', 0, 0]
FBtr0332488: ['exon skipping', 0, 0]
FBtr0075195: ['exon skipping', 0, 0]
FBtr0332307: ['exon skipping', 0, 0]
FBtr0332306: ['exon skipping', 0, 0]
Y39D8C.1.1: ['exon skipping', 0, 0]
>2
ENSCSAVT00000013921: ['3event', '5event', 88, 2]
ENSCSAVT00000013922: ['5event', 198, 2]
ENSCSAVT00000013923: ['3event', '5event', 88, 2]
ENSCSAVT00000013924: ['3event', '5event', 88, 2]
ENSCSAVT00000013925: ['exon skipping', 0, 0]
ENSCSAVT00000013926: ['exon skipping', 0, 0]
ENSCSAVT00000013927: ['3event', '5event', 135, 0]
FBtr0306679: ['exon skipping', 0, 0]
FBtr0332489: ['exon skipping', 0, 0]
FBtr0332488: ['exon skipping', 0, 0]
FBtr0075195: ['exon skipping', 0, 0]
FBtr0332307: ['exon skipping', 0, 0]
FBtr0332306: ['exon skipping', 0, 0]
Y39D8C.1.1: ['exon skipping', 0, 0]
>3
ENSCSAVT00000013921: ['exon skipping', 0, 0]
ENSCSAVT00000013922: ['exon skipping', 0, 0]
ENSCSAVT00000013923: ['exon skipping', 0, 0]
ENSCSAVT00000013924: ['exon skipping', 0, 0]
ENSCSAVT00000013925: ['exon skipping', 0, 0]
ENSCSAVT00000013926: ['exon skipping', 0, 0]
ENSCSAVT00000013927: ['5event', 15, 0]
FBtr0306679: ['exon skipping', 0, 0]
FBtr0332489: ['exon skipping', 0, 0]
FBtr0332488: ['exon skipping', 0, 0]
FBtr0075195: ['exon skipping', 0, 0]
FBtr0332307: ['exon skipping', 0, 0]
FBtr0332306: ['exon skipping', 0, 0]
Y39D8C.1.1: ['exon skipping', 0, 0]
>4
ENSCSAVT00000013921: ['3event', '5event', 64, 0]
ENSCSAVT00000013922: ['exon skipping', 0, 0]
ENSCSAVT00000013923: ['exon skipping', 0, 0]
ENSCSAVT00000013924: ['exon skipping', 0, 0]
ENSCSAVT00000013925: ['5event', 168, 0]
ENSCSAVT00000013926: ['5event', 168, 0]
ENSCSAVT00000013927: ['exon skipping', 0, 0]
FBtr0306679: ['exon skipping', 0, 0]
FBtr0332489: ['exon skipping', 0, 0]
FBtr0332488: ['exon skipping', 0, 0]
FBtr0075195: ['exon skipping', 0, 0]
FBtr0332307: ['exon skipping', 0, 0]
FBtr0332306: ['exon skipping', 0, 0]
Y39D8C.1.1: ['exon skipping', 0, 0]
>5
ENSCSAVT00000013921: ['exon skipping', 0, 0]
ENSCSAVT00000013922: ['exon skipping', 0, 0]
ENSCSAVT00000013923: ['5event', 69, 0]
ENSCSAVT00000013924: ['5event', 69, 0]
ENSCSAVT00000013925: ['exon skipping', 0, 0]
ENSCSAVT00000013926: ['exon skipping', 0, 0]
ENSCSAVT00000013927: ['exon skipping', 0, 0]
FBtr0306679: ['exon skipping', 0, 0]
FBtr0332489: ['exon skipping', 0, 0]
FBtr0332488: ['exon skipping', 0, 0]
FBtr0075195: ['exon skipping', 0, 0]
FBtr0332307: ['exon skipping', 0, 0]
FBtr0332306: ['exon skipping', 0, 0]
Y39D8C.1.1: ['exon skipping', 0, 0]
>6
ENSCSAVT00000013921: ['3event', '5event', 196, 1]
ENSCSAVT00000013922: ['3event', '5event', 131, 0]
ENSCSAVT00000013923: ['3event', 197, 1]
ENSCSAVT00000013924: ['3event', 197, 1]
ENSCSAVT00000013925: ['3event', '5event', 196, 1]
ENSCSAVT00000013926: ['3event', '5event', 196, 1]
ENSCSAVT00000013927: ['3event', '5event', 196, 1]
FBtr0306679: ['exon skipping', 0, 0]
FBtr0332489: ['exon skipping', 0, 0]
FBtr0332488: ['exon skipping', 0, 0]
FBtr0075195: ['exon skipping', 0, 0]
FBtr0332307: ['exon skipping', 0, 0]
FBtr0332306: ['exon skipping', 0, 0]
Y39D8C.1.1: ['5event', ['internal gap >= 30', 70, 30], 204, 0]
>7
ENSCSAVT00000013921: ['3event', '5event', 107, 2]
ENSCSAVT00000013922: ['3event', '5event', 104, 2]
ENSCSAVT00000013923: ['3event', '5event', 107, 2]
ENSCSAVT00000013924: ['3event', '5event', 107, 2]
ENSCSAVT00000013925: ['3event', '5event', 107, 2]
ENSCSAVT00000013926: ['3event', '5event', 107, 2]
ENSCSAVT00000013927: ['3event', '5event', 107, 2]
FBtr0306679: ['5event', ['internal gap >= 30', 518, 339], 588, 2]
FBtr0332489: ['5event', ['internal gap >= 30', 518, 339], 588, 2]
FBtr0332488: ['5event', ['internal gap >= 30', 518, 339], 588, 2]
FBtr0075195: ['exon skipping', 0, 0]
FBtr0332307: ['5event', ['internal gap >= 30', 833, 54], 873, 0]
FBtr0332306: ['5event', ['internal gap >= 30', 833, 54], 873, 0]
Y39D8C.1.1: ['exon skipping', 0, 0]
>8
ENSCSAVT00000013921: ['exon skipping', 0, 0]
ENSCSAVT00000013922: ['exon skipping', 0, 0]
ENSCSAVT00000013923: ['exon skipping', 0, 0]
ENSCSAVT00000013924: ['exon skipping', 0, 0]
ENSCSAVT00000013925: ['exon skipping', 0, 0]
ENSCSAVT00000013926: ['exon skipping', 0, 0]
ENSCSAVT00000013927: ['exon skipping', 0, 0]
FBtr0306679: ['exon skipping', 0, 0]
FBtr0332489: ['exon skipping', 0, 0]
FBtr0332488: ['exon skipping', 0, 0]
FBtr0075195: ['exon skipping', 0, 0]
FBtr0332307: ['exon skipping', 0, 0]
FBtr0332306: ['exon skipping', 0, 0]
Y39D8C.1.1: ['5event', 242, 1]
>9
ENSCSAVT00000013921: ['5event', ['internal gap >= 30', 123, 49], 134, 1]
ENSCSAVT00000013922: ['5event', ['internal gap >= 30', 123, 49], 134, 1]
ENSCSAVT00000013923: ['5event', ['internal gap >= 30', 123, 49], 134, 1]
ENSCSAVT00000013924: ['5event', ['internal gap >= 30', 123, 49], 134, 1]
ENSCSAVT00000013925: ['5event', ['internal gap >= 30', 123, 49], 134, 1]
ENSCSAVT00000013926: ['5event', ['internal gap >= 30', 123, 49], 134, 1]
ENSCSAVT00000013927: ['5event', ['internal gap >= 30', 123, 49], 134, 1]
FBtr0306679: ['exon skipping', 0, 0]
FBtr0332489: ['exon skipping', 0, 0]
FBtr0332488: ['exon skipping', 0, 0]
FBtr0075195: ['exon skipping', 0, 0]
FBtr0332307: ['5event', ['internal gap >= 30', 57, 40], 143, 0]
FBtr0332306: ['5event', ['internal gap >= 30', 57, 40], 143, 0]
Y39D8C.1.1: ['exon skipping', 0, 0]
>10
ENSCSAVT00000013921: ['3event', 105, 1]
ENSCSAVT00000013922: ['3event', 105, 1]
ENSCSAVT00000013923: ['3event', 105, 1]
ENSCSAVT00000013924: ['3event', 105, 1]
ENSCSAVT00000013925: ['3event', 105, 1]
ENSCSAVT00000013926: ['3event', 105, 1]
ENSCSAVT00000013927: ['3event', 105, 1]
FBtr0306679: ['exon skipping', 0, 0]
FBtr0332489: ['exon skipping', 0, 0]
FBtr0332488: ['exon skipping', 0, 0]
FBtr0075195: ['exon skipping', 0, 0]
FBtr0332307: ['exon skipping', 0, 0]
FBtr0332306: ['exon skipping', 0, 0]
Y39D8C.1.1: ['5event', ['internal gap < 30', 70, 29], 106, 1]
>11
ENSCSAVT00000013921: ['5event', 116, 0]
ENSCSAVT00000013922: ['5event', 116, 0]
ENSCSAVT00000013923: ['5event', 116, 0]
ENSCSAVT00000013924: ['5event', 116, 0]
ENSCSAVT00000013925: ['5event', 116, 0]
ENSCSAVT00000013926: ['5event', 116, 0]
ENSCSAVT00000013927: ['5event', 116, 0]
FBtr0306679: ['exon skipping', 0, 0]
FBtr0332489: ['exon skipping', 0, 0]
FBtr0332488: ['exon skipping', 0, 0]
FBtr0075195: ['exon skipping', 0, 0]
FBtr0332307: ['exon skipping', 0, 0]
FBtr0332306: ['exon skipping', 0, 0]
Y39D8C.1.1: ['exon skipping', 0, 0]
>12
ENSCSAVT00000013921: ['3event', 119, 0]
ENSCSAVT00000013922: ['3event', 152, 0]
ENSCSAVT00000013923: ['3event', 119, 0]
ENSCSAVT00000013924: ['3event', 119, 0]
ENSCSAVT00000013925: ['3event', 119, 0]
ENSCSAVT00000013926: ['3event', 119, 0]
ENSCSAVT00000013927: ['3event', 119, 0]
FBtr0306679: ['3event', '5event', 1425, 0]
FBtr0332489: ['3event', '5event', 1425, 0]
FBtr0332488: ['3event', '5event', 1425, 0]
FBtr0075195: ['5event', ['internal gap >= 30', 1914, 58], 5068, 0]
FBtr0332307: ['3event', '5event', 1293, 0]
FBtr0332306: ['3event', '5event', 1293, 0]
Y39D8C.1.1: ['exon skipping', 0, 0]
>13
ENSCSAVT00000013921: ['exon skipping', 0, 0]
ENSCSAVT00000013922: ['exon skipping', 0, 0]
ENSCSAVT00000013923: ['exon skipping', 0, 0]
ENSCSAVT00000013924: ['exon skipping', 0, 0]
ENSCSAVT00000013925: ['exon skipping', 0, 0]
ENSCSAVT00000013926: ['exon skipping', 0, 0]
ENSCSAVT00000013927: ['exon skipping', 0, 0]
FBtr0306679: ['exon skipping', 0, 0]
FBtr0332489: ['exon skipping', 0, 0]
FBtr0332488: ['exon skipping', 0, 0]
FBtr0075195: ['no event', 30, 2]
FBtr0332307: ['exon skipping', 0, 0]
FBtr0332306: ['exon skipping', 0, 0]
Y39D8C.1.1: ['exon skipping', 0, 0]
>14
ENSCSAVT00000013921: ['exon skipping', 0, 0]
ENSCSAVT00000013922: ['5event', 173, 1]
ENSCSAVT00000013923: ['5event', 173, 1]
ENSCSAVT00000013924: ['5event', 173, 1]
ENSCSAVT00000013925: ['5event', 173, 1]
ENSCSAVT00000013926: ['5event', 173, 1]
ENSCSAVT00000013927: ['5event', 173, 1]
FBtr0306679: ['exon skipping', 0, 0]
FBtr0332489: ['exon skipping', 0, 0]
FBtr0332488: ['exon skipping', 0, 0]
FBtr0075195: ['exon skipping', 0, 0]
FBtr0332307: ['exon skipping', 0, 0]
FBtr0332306: ['exon skipping', 0, 0]
Y39D8C.1.1: ['exon skipping', 0, 0]
>15
ENSCSAVT00000013921: ['5event', 67, 1]
ENSCSAVT00000013922: ['no event', 68, 1]
ENSCSAVT00000013923: ['no event', 68, 1]
ENSCSAVT00000013924: ['no event', 68, 1]
ENSCSAVT00000013925: ['no event', 68, 1]
ENSCSAVT00000013926: ['no event', 68, 1]
ENSCSAVT00000013927: ['no event', 68, 1]
FBtr0306679: ['exon skipping', 0, 0]
FBtr0332489: ['exon skipping', 0, 0]
FBtr0332488: ['exon skipping', 0, 0]
FBtr0075195: ['exon skipping', 0, 0]
FBtr0332307: ['exon skipping', 0, 0]
FBtr0332306: ['exon skipping', 0, 0]
Y39D8C.1.1: ['exon skipping', 0, 0]
>16
ENSCSAVT00000013921: ['3event', 115, 0]
ENSCSAVT00000013922: ['3event', 167, 0]
ENSCSAVT00000013923: ['3event', 115, 0]
ENSCSAVT00000013924: ['3event', 115, 0]
ENSCSAVT00000013925: ['3event', 115, 0]
ENSCSAVT00000013926: ['3event', 119, 0]
ENSCSAVT00000013927: ['3event', 115, 0]
FBtr0306679: ['exon skipping', 0, 0]
FBtr0332489: ['exon skipping', 0, 0]
FBtr0332488: ['exon skipping', 0, 0]
FBtr0075195: ['exon skipping', 0, 0]
FBtr0332307: ['exon skipping', 0, 0]
FBtr0332306: ['exon skipping', 0, 0]
Y39D8C.1.1: ['5event', 938, 0]
>17
ENSCSAVT00000013921: ['5event', 173, 0]
ENSCSAVT00000013922: ['5event', 97, 1]
ENSCSAVT00000013923: ['5event', 173, 0]
ENSCSAVT00000013924: ['5event', 173, 0]
ENSCSAVT00000013925: ['5event', 122, 0]
ENSCSAVT00000013926: ['5event', ['internal gap >= 30', 32, 77], 97, 1]
ENSCSAVT00000013927: ['5event', 173, 0]
FBtr0306679: ['exon skipping', 0, 0]
FBtr0332489: ['exon skipping', 0, 0]
FBtr0332488: ['exon skipping', 0, 0]
FBtr0075195: ['exon skipping', 0, 0]
FBtr0332307: ['exon skipping', 0, 0]
FBtr0332306: ['exon skipping', 0, 0]
Y39D8C.1.1: ['exon skipping', 0, 0]
>18
ENSCSAVT00000013921: ['no event', 129, 0]
ENSCSAVT00000013922: ['no event', 129, 0]
ENSCSAVT00000013923: ['no event', 129, 0]
ENSCSAVT00000013924: ['no event', 129, 0]
ENSCSAVT00000013925: ['no event', 129, 0]
ENSCSAVT00000013926: ['no event', 129, 0]
ENSCSAVT00000013927: ['no event', 129, 0]
FBtr0306679: ['exon skipping', 0, 0]
FBtr0332489: ['exon skipping', 0, 0]
FBtr0332488: ['exon skipping', 0, 0]
FBtr0075195: ['exon skipping', 0, 0]
FBtr0332307: ['exon skipping', 0, 0]
FBtr0332306: ['exon skipping', 0, 0]
Y39D8C.1.1: ['exon skipping', 0, 0]
>19
ENSCSAVT00000013921: ['no event', 154, 1]
ENSCSAVT00000013922: ['no event', 154, 1]
ENSCSAVT00000013923: ['no event', 154, 1]
ENSCSAVT00000013924: ['no event', 154, 1]
ENSCSAVT00000013925: ['no event', 154, 1]
ENSCSAVT00000013926: ['no event', 154, 1]
ENSCSAVT00000013927: ['no event', 154, 1]
FBtr0306679: ['exon skipping', 0, 0]
FBtr0332489: ['exon skipping', 0, 0]
FBtr0332488: ['exon skipping', 0, 0]
FBtr0075195: ['exon skipping', 0, 0]
FBtr0332307: ['exon skipping', 0, 0]
FBtr0332306: ['exon skipping', 0, 0]
Y39D8C.1.1: ['exon skipping', 0, 0]
>20
ENSCSAVT00000013921: [['internal gap >= 30', 159, 1795], 336, 0]
ENSCSAVT00000013922: [['internal gap >= 30', 159, 1795], 336, 0]
ENSCSAVT00000013923: [['internal gap >= 30', 159, 1795], 336, 0]
ENSCSAVT00000013924: [['internal gap >= 30', 159, 1795], 336, 0]
ENSCSAVT00000013925: [['internal gap >= 30', 159, 1795], 336, 0]
ENSCSAVT00000013926: [['internal gap >= 30', 159, 1795], 336, 0]
ENSCSAVT00000013927: [['internal gap >= 30', 159, 1795], 336, 0]
FBtr0306679: ['exon skipping', 0, 0]
FBtr0332489: ['exon skipping', 0, 0]
FBtr0332488: ['exon skipping', 0, 0]
FBtr0075195: ['exon skipping', 0, 0]
FBtr0332307: ['exon skipping', 0, 0]
FBtr0332306: ['exon skipping', 0, 0]
Y39D8C.1.1: ['3event', '5event', 751, 0]
>21
ENSCSAVT00000013921: ['3event', 87, 1]
ENSCSAVT00000013922: ['3event', 87, 1]
ENSCSAVT00000013923: ['3event', 87, 1]
ENSCSAVT00000013924: ['3event', 87, 1]
ENSCSAVT00000013925: ['3event', 87, 1]
ENSCSAVT00000013926: ['3event', 87, 1]
ENSCSAVT00000013927: ['3event', 87, 1]
FBtr0306679: ['exon skipping', 0, 0]
FBtr0332489: ['exon skipping', 0, 0]
FBtr0332488: ['exon skipping', 0, 0]
FBtr0075195: ['exon skipping', 0, 0]
FBtr0332307: ['exon skipping', 0, 0]
FBtr0332306: ['exon skipping', 0, 0]
Y39D8C.1.1: ['5event', 164, 1]
>22
ENSCSAVT00000013921: ['3event', '5event', 197, 0]
ENSCSAVT00000013922: ['3event', '5event', 197, 0]
ENSCSAVT00000013923: ['3event', '5event', 197, 0]
ENSCSAVT00000013924: ['3event', '5event', 197, 0]
ENSCSAVT00000013925: ['3event', '5event', 197, 0]
ENSCSAVT00000013926: ['3event', '5event', 197, 0]
ENSCSAVT00000013927: ['3event', '5event', 197, 0]
FBtr0306679: ['3event', '5event', 337, 0]
FBtr0332489: ['3event', '5event', 337, 0]
FBtr0332488: ['3event', '5event', 337, 0]
FBtr0075195: ['exon skipping', 0, 0]
FBtr0332307: ['5event', ['internal gap >= 30', 367, 255], 379, 0]
FBtr0332306: ['5event', ['internal gap >= 30', 367, 255], 379, 0]
Y39D8C.1.1: ['3event', 563, 1]
>23
ENSCSAVT00000013921: ['5event', 124, 2]
ENSCSAVT00000013922: ['5event', 124, 2]
ENSCSAVT00000013923: ['exon skipping', 0, 0]
ENSCSAVT00000013924: ['5event', 124, 2]
ENSCSAVT00000013925: ['5event', 124, 2]
ENSCSAVT00000013926: ['5event', 124, 2]
ENSCSAVT00000013927: ['5event', 124, 2]
FBtr0306679: ['exon skipping', 0, 0]
FBtr0332489: ['exon skipping', 0, 0]
FBtr0332488: ['exon skipping', 0, 0]
FBtr0075195: ['exon skipping', 0, 0]
FBtr0332307: ['exon skipping', 0, 0]
FBtr0332306: ['exon skipping', 0, 0]
Y39D8C.1.1: ['exon skipping', 0, 0]
>24
ENSCSAVT00000013921: ['3event', 108, 1]
ENSCSAVT00000013922: ['3event', 108, 1]
ENSCSAVT00000013923: ['exon skipping', 0, 0]
ENSCSAVT00000013924: ['3event', 108, 1]
ENSCSAVT00000013925: ['3event', 108, 1]
ENSCSAVT00000013926: ['3event', 108, 1]
ENSCSAVT00000013927: ['no event', 115, 1]
FBtr0306679: ['exon skipping', 0, 0]
FBtr0332489: ['exon skipping', 0, 0]
FBtr0332488: ['exon skipping', 0, 0]
FBtr0075195: ['exon skipping', 0, 0]
FBtr0332307: ['exon skipping', 0, 0]
FBtr0332306: ['exon skipping', 0, 0]
Y39D8C.1.1: ['exon skipping', 0, 0]
>25
ENSCSAVT00000013921: ['5event', 96, 0]
ENSCSAVT00000013922: ['5event', 96, 0]
ENSCSAVT00000013923: ['exon skipping', 0, 0]
ENSCSAVT00000013924: ['5event', 96, 0]
ENSCSAVT00000013925: ['5event', 96, 0]
ENSCSAVT00000013926: ['5event', 96, 0]
ENSCSAVT00000013927: [['internal gap < 30', 2, 15], 83, 0]
FBtr0306679: ['exon skipping', 0, 0]
FBtr0332489: ['exon skipping', 0, 0]
FBtr0332488: ['exon skipping', 0, 0]
FBtr0075195: ['exon skipping', 0, 0]
FBtr0332307: ['exon skipping', 0, 0]
FBtr0332306: ['exon skipping', 0, 0]
Y39D8C.1.1: ['exon skipping', 0, 0]
>26
ENSCSAVT00000013921: ['no event', 104, 1]
ENSCSAVT00000013922: ['no event', 104, 1]
ENSCSAVT00000013923: ['exon skipping', 0, 0]
ENSCSAVT00000013924: ['no event', 104, 1]
ENSCSAVT00000013925: ['no event', 104, 1]
ENSCSAVT00000013926: ['no event', 104, 1]
ENSCSAVT00000013927: ['no event', 104, 1]
FBtr0306679: ['exon skipping', 0, 0]
FBtr0332489: ['exon skipping', 0, 0]
FBtr0332488: ['exon skipping', 0, 0]
FBtr0075195: ['exon skipping', 0, 0]
FBtr0332307: ['exon skipping', 0, 0]
FBtr0332306: ['exon skipping', 0, 0]
Y39D8C.1.1: ['exon skipping', 0, 0]
>27
ENSCSAVT00000013921: ['3event', 128, 1]
ENSCSAVT00000013922: ['3event', 110, 1]
ENSCSAVT00000013923: ['exon skipping', 0, 0]
ENSCSAVT00000013924: ['3event', 128, 1]
ENSCSAVT00000013925: ['3event', 128, 1]
ENSCSAVT00000013926: ['3event', 128, 1]
ENSCSAVT00000013927: ['3event', 128, 1]
FBtr0306679: ['exon skipping', 0, 0]
FBtr0332489: ['exon skipping', 0, 0]
FBtr0332488: ['exon skipping', 0, 0]
FBtr0075195: ['exon skipping', 0, 0]
FBtr0332307: ['exon skipping', 0, 0]
FBtr0332306: ['exon skipping', 0, 0]
Y39D8C.1.1: ['5event', 187, 2]
>28
ENSCSAVT00000013921: ['exon skipping', 0, 0]
ENSCSAVT00000013922: ['exon skipping', 0, 0]
ENSCSAVT00000013923: ['exon skipping', 0, 0]
ENSCSAVT00000013924: ['exon skipping', 0, 0]
ENSCSAVT00000013925: ['exon skipping', 0, 0]
ENSCSAVT00000013926: ['exon skipping', 0, 0]
ENSCSAVT00000013927: ['exon skipping', 0, 0]
FBtr0306679: ['5event', 367, 1]
FBtr0332489: ['5event', 367, 1]
FBtr0332488: ['5event', 367, 1]
FBtr0075195: ['exon skipping', 0, 0]
FBtr0332307: ['exon skipping', 0, 0]
FBtr0332306: ['exon skipping', 0, 0]
Y39D8C.1.1: ['exon skipping', 0, 0]
>29
ENSCSAVT00000013921: ['3event', '5event', 187, 1]
ENSCSAVT00000013922: ['3event', '5event', 187, 1]
ENSCSAVT00000013923: ['exon skipping', 0, 0]
ENSCSAVT00000013924: ['3event', '5event', 187, 1]
ENSCSAVT00000013925: ['3event', '5event', 187, 1]
ENSCSAVT00000013926: ['3event', '5event', 187, 1]
ENSCSAVT00000013927: ['3event', '5event', 187, 1]
FBtr0306679: ['exon skipping', 0, 0]
FBtr0332489: ['exon skipping', 0, 0]
FBtr0332488: ['exon skipping', 0, 0]
FBtr0075195: ['exon skipping', 0, 0]
FBtr0332307: ['exon skipping', 0, 0]
FBtr0332306: ['exon skipping', 0, 0]
Y39D8C.1.1: ['5event', ['internal gap >= 30', 55, 100], 100, 1]
>30
ENSCSAVT00000013921: ['3event', '5event', 205, 2]
ENSCSAVT00000013922: ['3event', '5event', 205, 2]
ENSCSAVT00000013923: ['3event', '5event', 205, 2]
ENSCSAVT00000013924: ['3event', '5event', 205, 2]
ENSCSAVT00000013925: ['3event', '5event', 205, 2]
ENSCSAVT00000013926: ['3event', '5event', 205, 2]
ENSCSAVT00000013927: ['3event', '5event', 205, 2]
FBtr0306679: ['5event', ['internal gap >= 30', 720, 681], 852, 0]
FBtr0332489: ['5event', ['internal gap >= 30', 720, 681], 852, 0]
FBtr0332488: ['5event', ['internal gap >= 30', 720, 681], 852, 0]
FBtr0075195: ['exon skipping', 0, 0]
FBtr0332307: ['5event', ['internal gap >= 30', 1085, 416], 1117, 2]
FBtr0332306: ['5event', ['internal gap >= 30', 1085, 416], 1117, 2]
Y39D8C.1.1: ['exon skipping', 0, 0]
>31
ENSCSAVT00000013921: ['exon skipping', 0, 0]
ENSCSAVT00000013922: ['exon skipping', 0, 0]
ENSCSAVT00000013923: ['exon skipping', 0, 0]
ENSCSAVT00000013924: ['exon skipping', 0, 0]
ENSCSAVT00000013925: ['exon skipping', 0, 0]
ENSCSAVT00000013926: ['exon skipping', 0, 0]
ENSCSAVT00000013927: ['exon skipping', 0, 0]
FBtr0306679: ['exon skipping', 0, 0]
FBtr0332489: ['exon skipping', 0, 0]
FBtr0332488: ['exon skipping', 0, 0]
FBtr0075195: ['exon skipping', 0, 0]
FBtr0332307: ['exon skipping', 0, 0]
FBtr0332306: ['exon skipping', 0, 0]
Y39D8C.1.1: ['5event', 96, 0]
>32
ENSCSAVT00000013921: ['exon skipping', 0, 0]
ENSCSAVT00000013922: ['exon skipping', 0, 0]
ENSCSAVT00000013923: ['exon skipping', 0, 0]
ENSCSAVT00000013924: ['exon skipping', 0, 0]
ENSCSAVT00000013925: ['exon skipping', 0, 0]
ENSCSAVT00000013926: ['exon skipping', 0, 0]
ENSCSAVT00000013927: ['exon skipping', 0, 0]
FBtr0306679: ['exon skipping', 0, 0]
FBtr0332489: ['exon skipping', 0, 0]
FBtr0332488: ['exon skipping', 0, 0]
FBtr0075195: ['exon skipping', 0, 0]
FBtr0332307: ['5event', 348, 1]
FBtr0332306: ['5event', 348, 1]
Y39D8C.1.1: ['exon skipping', 0, 0]
>33
ENSCSAVT00000013921: ['3event', '5event', 223, 0]
ENSCSAVT00000013922: ['3event', '5event', 223, 0]
ENSCSAVT00000013923: ['3event', '5event', 223, 0]
ENSCSAVT00000013924: ['3event', '5event', 223, 0]
ENSCSAVT00000013925: ['3event', '5event', 214, 0]
ENSCSAVT00000013926: ['3event', '5event', 223, 0]
ENSCSAVT00000013927: ['3event', '5event', 230, 0]
FBtr0306679: ['exon skipping', 0, 0]
FBtr0332489: ['exon skipping', 0, 0]
FBtr0332488: ['exon skipping', 0, 0]
FBtr0075195: ['exon skipping', 0, 0]
FBtr0332307: ['exon skipping', 0, 0]
FBtr0332306: ['exon skipping', 0, 0]
Y39D8C.1.1: ['5event', 472, 1]
>34
ENSCSAVT00000013921: ['5event', 152, 1]
ENSCSAVT00000013922: ['5event', 152, 1]
ENSCSAVT00000013923: ['5event', 152, 1]
ENSCSAVT00000013924: ['5event', 152, 1]
ENSCSAVT00000013925: ['5event', 152, 1]
ENSCSAVT00000013926: ['5event', 152, 1]
ENSCSAVT00000013927: ['5event', 133, 2]
FBtr0306679: ['exon skipping', 0, 0]
FBtr0332489: ['exon skipping', 0, 0]
FBtr0332488: ['exon skipping', 0, 0]
FBtr0075195: ['exon skipping', 0, 0]
FBtr0332307: ['exon skipping', 0, 0]
FBtr0332306: ['exon skipping', 0, 0]
Y39D8C.1.1: ['exon skipping', 0, 0]
>35
ENSCSAVT00000013921: ['exon skipping', 0, 0]
ENSCSAVT00000013922: ['exon skipping', 0, 0]
ENSCSAVT00000013923: ['exon skipping', 0, 0]
ENSCSAVT00000013924: ['exon skipping', 0, 0]
ENSCSAVT00000013925: ['exon skipping', 0, 0]
ENSCSAVT00000013926: ['exon skipping', 0, 0]
ENSCSAVT00000013927: ['exon skipping', 0, 0]
FBtr0306679: ['exon skipping', 0, 0]
FBtr0332489: ['exon skipping', 0, 0]
FBtr0332488: ['exon skipping', 0, 0]
FBtr0075195: ['exon skipping', 0, 0]
FBtr0332307: ['exon skipping', 0, 0]
FBtr0332306: ['exon skipping', 0, 0]
Y39D8C.1.1: ['5event', 406, 0]
>36
ENSCSAVT00000013921: ['5event', ['internal gap < 30', 118, 15], 195, 1]
ENSCSAVT00000013922: ['3event', '5event', 167, 1]
ENSCSAVT00000013923: ['5event', ['internal gap < 30', 118, 15], 195, 1]
ENSCSAVT00000013924: ['5event', ['internal gap < 30', 118, 15], 195, 1]
ENSCSAVT00000013925: ['5event', ['internal gap < 30', 118, 15], 195, 1]
ENSCSAVT00000013926: ['3event', '5event', 167, 1]
ENSCSAVT00000013927: ['3event', '5event', 167, 1]
FBtr0306679: ['3event', '5event', 151, 1]
FBtr0332489: ['3event', '5event', 151, 1]
FBtr0332488: ['3event', '5event', 151, 1]
FBtr0075195: ['exon skipping', 0, 0]
FBtr0332307: ['exon skipping', 0, 0]
FBtr0332306: ['exon skipping', 0, 0]
Y39D8C.1.1: ['exon skipping', 0, 0]
>37
ENSCSAVT00000013921: ['exon skipping', 0, 0]
ENSCSAVT00000013922: ['exon skipping', 0, 0]
ENSCSAVT00000013923: ['exon skipping', 0, 0]
ENSCSAVT00000013924: ['exon skipping', 0, 0]
ENSCSAVT00000013925: ['exon skipping', 0, 0]
ENSCSAVT00000013926: ['exon skipping', 0, 0]
ENSCSAVT00000013927: ['exon skipping', 0, 0]
FBtr0306679: ['5event', 176, 2]
FBtr0332489: ['5event', 176, 2]
FBtr0332488: ['5event', 176, 2]
FBtr0075195: ['exon skipping', 0, 0]
FBtr0332307: ['exon skipping', 0, 0]
FBtr0332306: ['exon skipping', 0, 0]
Y39D8C.1.1: ['exon skipping', 0, 0]
>38
ENSCSAVT00000013921: ['3event', '5event', 106, 2]
ENSCSAVT00000013922: ['3event', '5event', 136, 0]
ENSCSAVT00000013923: ['3event', '5event', 106, 2]
ENSCSAVT00000013924: ['3event', '5event', 106, 2]
ENSCSAVT00000013925: ['3event', '5event', 106, 2]
ENSCSAVT00000013926: ['3event', '5event', 132, 0]
ENSCSAVT00000013927: ['5event', 143, 0]
FBtr0306679: ['exon skipping', 0, 0]
FBtr0332489: ['exon skipping', 0, 0]
FBtr0332488: ['exon skipping', 0, 0]
FBtr0075195: ['exon skipping', 0, 0]
FBtr0332307: ['exon skipping', 0, 0]
FBtr0332306: ['exon skipping', 0, 0]
Y39D8C.1.1: ['exon skipping', 0, 0]
>39
ENSCSAVT00000013921: ['3event', '5event', 198, 0]
ENSCSAVT00000013922: ['3event', '5event', 185, 1]
ENSCSAVT00000013923: ['3event', '5event', 198, 0]
ENSCSAVT00000013924: ['3event', '5event', 198, 0]
ENSCSAVT00000013925: ['3event', '5event', 198, 0]
ENSCSAVT00000013926: ['3event', '5event', 198, 0]
ENSCSAVT00000013927: ['3event', 190, 0]
FBtr0306679: ['exon skipping', 0, 0]
FBtr0332489: ['exon skipping', 0, 0]
FBtr0332488: ['exon skipping', 0, 0]
FBtr0075195: ['exon skipping', 0, 0]
FBtr0332307: ['exon skipping', 0, 0]
FBtr0332306: ['exon skipping', 0, 0]
Y39D8C.1.1: ['5event', ['internal gap < 30', 55, 15], 306, 2]
>40
ENSCSAVT00000013921: ['3event', '5event', 188, 0]
ENSCSAVT00000013922: ['3event', '5event', 188, 0]
ENSCSAVT00000013923: ['3event', '5event', 188, 0]
ENSCSAVT00000013924: ['3event', '5event', 188, 0]
ENSCSAVT00000013925: ['3event', '5event', 188, 0]
ENSCSAVT00000013926: ['3event', '5event', 188, 0]
ENSCSAVT00000013927: ['3event', '5event', 188, 0]
FBtr0306679: ['5event', ['internal gap >= 30', 630, 58], 773, 2]
FBtr0332489: ['5event', ['internal gap >= 30', 630, 58], 773, 2]
FBtr0332488: ['5event', ['internal gap >= 30', 630, 58], 773, 2]
FBtr0075195: ['exon skipping', 0, 0]
FBtr0332307: ['5event', ['internal gap >= 30', 707, 82], 749, 2]
FBtr0332306: ['5event', ['internal gap >= 30', 707, 82], 749, 2]
Y39D8C.1.1: ['exon skipping', 0, 0]
>41
ENSCSAVT00000013921: ['3event', '5event', 171, 2]
ENSCSAVT00000013922: ['3event', '5event', 171, 2]
ENSCSAVT00000013923: ['3event', '5event', 171, 2]
ENSCSAVT00000013924: ['3event', '5event', 171, 2]
ENSCSAVT00000013925: ['3event', '5event', 171, 2]
ENSCSAVT00000013926: ['3event', '5event', 171, 2]
ENSCSAVT00000013927: ['3event', '5event', 171, 2]
FBtr0306679: ['exon skipping', 0, 0]
FBtr0332489: ['exon skipping', 0, 0]
FBtr0332488: ['exon skipping', 0, 0]
FBtr0075195: ['exon skipping', 0, 0]
FBtr0332307: ['exon skipping', 0, 0]
FBtr0332306: ['exon skipping', 0, 0]
Y39D8C.1.1: ['5event', 285, 0]
>42
ENSCSAVT00000013921: ['3event', '5event', 394, 2]
ENSCSAVT00000013922: ['3event', '5event', 370, 2]
ENSCSAVT00000013923: ['3event', '5event', 394, 2]
ENSCSAVT00000013924: ['3event', '5event', 394, 2]
ENSCSAVT00000013925: ['3event', '5event', 430, 2]
ENSCSAVT00000013926: ['3event', '5event', 364, 2]
ENSCSAVT00000013927: ['3event', '5event', 367, 2]
FBtr0306679: ['3event', '5event', 190, 2]
FBtr0332489: ['3event', '5event', 190, 2]
FBtr0332488: ['3event', '5event', 189, 2]
FBtr0075195: ['exon skipping', 0, 0]
FBtr0332307: ['3event', '5event', 178, 2]
FBtr0332306: ['3event', '5event', 178, 2]
Y39D8C.1.1: [['internal gap >= 30', 210, 1105], 442, 1]
>43
ENSCSAVT00000013921: ['exon skipping', 0, 0]
ENSCSAVT00000013922: ['exon skipping', 0, 0]
ENSCSAVT00000013923: ['exon skipping', 0, 0]
ENSCSAVT00000013924: ['exon skipping', 0, 0]
ENSCSAVT00000013925: ['exon skipping', 0, 0]
ENSCSAVT00000013926: ['exon skipping', 0, 0]
ENSCSAVT00000013927: ['exon skipping', 0, 0]
FBtr0306679: ['exon skipping', 0, 0]
FBtr0332489: ['exon skipping', 0, 0]
FBtr0332488: ['5event', 51, 2]
FBtr0075195: ['exon skipping', 0, 0]
FBtr0332307: ['exon skipping', 0, 0]
FBtr0332306: ['exon skipping', 0, 0]
Y39D8C.1.1: ['exon skipping', 0, 0]
