>0
F18A11.1.1: [['internal gap >= 30', 32, 45], 104, 0]
F18A11.1.2: [['internal gap >= 30', 32, 45], 104, 0]
B0273.2.1: [['internal gap >= 30', 32, 45], 104, 0]
B0273.2.2: [['internal gap >= 30', 32, 45], 104, 0]
F54C9.8.1: ['3event', 106, 0]
>1
F18A11.1.1: [['internal gap >= 30', 128, 180], 459, 0]
F18A11.1.2: [['internal gap >= 30', 128, 180], 459, 0]
B0273.2.1: [['internal gap >= 30', 128, 180], 459, 0]
B0273.2.2: [['internal gap >= 30', 128, 180], 459, 0]
F54C9.8.1: ['5event', 637, 1]
>2
F18A11.1.1: [['internal gap >= 30', 245, 47], 652, 0]
F18A11.1.2: [['internal gap >= 30', 245, 47], 652, 0]
B0273.2.1: [['internal gap >= 30', 245, 47], 652, 0]
B0273.2.2: [['internal gap >= 30', 245, 47], 652, 0]
F54C9.8.1: [['internal gap >= 30', 245, 47], 652, 0]
>3
F18A11.1.1: [['internal gap < 30', 228, 21], 240, 2]
F18A11.1.2: [['internal gap < 30', 228, 21], 240, 2]
B0273.2.1: [['internal gap < 30', 228, 21], 240, 2]
B0273.2.2: [['internal gap < 30', 228, 21], 240, 2]
F54C9.8.1: [['internal gap < 30', 175, 1], 260, 2]
>4
F18A11.1.1: ['exon skipping', 0, 0]
F18A11.1.2: ['exon skipping', 0, 0]
B0273.2.1: ['exon skipping', 0, 0]
B0273.2.2: ['exon skipping', 0, 0]
F54C9.8.1: ['no event', 3, 2]
