>0
M01F1.4a.1: ['no event', 2, 0]
M01F1.4b.1: ['exon skipping', 0, 0]
FBtr0308076: ['exon skipping', 0, 0]
FBtr0335225: ['exon skipping', 0, 0]
FBtr0308075: ['exon skipping', 0, 0]
FBtr0335228: ['exon skipping', 0, 0]
FBtr0081784: ['exon skipping', 0, 0]
FBtr0335226: ['exon skipping', 0, 0]
FBtr0335227: ['exon skipping', 0, 0]
>1
M01F1.4a.1: ['exon skipping', 0, 0]
M01F1.4b.1: ['exon skipping', 0, 0]
FBtr0308076: ['5event', 524, 0]
FBtr0335225: ['5event', 524, 0]
FBtr0308075: ['5event', 524, 0]
FBtr0335228: ['5event', 524, 0]
FBtr0081784: ['5event', 524, 0]
FBtr0335226: ['5event', 524, 0]
FBtr0335227: ['5event', 524, 0]
>2
M01F1.4a.1: ['5event', 98, 0]
M01F1.4b.1: ['5event', 98, 0]
FBtr0308076: ['exon skipping', 0, 0]
FBtr0335225: ['exon skipping', 0, 0]
FBtr0308075: ['exon skipping', 0, 0]
FBtr0335228: ['exon skipping', 0, 0]
FBtr0081784: ['exon skipping', 0, 0]
FBtr0335226: ['exon skipping', 0, 0]
FBtr0335227: ['exon skipping', 0, 0]
>3
M01F1.4a.1: ['exon skipping', 0, 0]
M01F1.4b.1: ['exon skipping', 0, 0]
FBtr0308076: ['5event', 605, 0]
FBtr0335225: ['5event', 605, 0]
FBtr0308075: ['5event', 605, 0]
FBtr0335228: ['5event', 605, 0]
FBtr0081784: ['5event', 605, 0]
FBtr0335226: ['5event', 605, 0]
FBtr0335227: ['5event', 605, 0]
>4
M01F1.4a.1: ['5event', 132, 0]
M01F1.4b.1: ['5event', 132, 0]
FBtr0308076: ['exon skipping', 0, 0]
FBtr0335225: ['exon skipping', 0, 0]
FBtr0308075: ['exon skipping', 0, 0]
FBtr0335228: ['exon skipping', 0, 0]
FBtr0081784: ['exon skipping', 0, 0]
FBtr0335226: ['exon skipping', 0, 0]
FBtr0335227: ['exon skipping', 0, 0]
>5
M01F1.4a.1: ['exon skipping', 0, 0]
M01F1.4b.1: ['exon skipping', 0, 0]
FBtr0308076: ['5event', 540, 0]
FBtr0335225: ['5event', 540, 0]
FBtr0308075: ['5event', 540, 0]
FBtr0335228: ['5event', 540, 0]
FBtr0081784: ['5event', 540, 0]
FBtr0335226: ['5event', 540, 0]
FBtr0335227: ['5event', 540, 0]
>6
M01F1.4a.1: ['5event', 363, 1]
M01F1.4b.1: ['5event', 363, 1]
FBtr0308076: ['exon skipping', 0, 0]
FBtr0335225: ['exon skipping', 0, 0]
FBtr0308075: ['exon skipping', 0, 0]
FBtr0335228: ['exon skipping', 0, 0]
FBtr0081784: ['exon skipping', 0, 0]
FBtr0335226: ['exon skipping', 0, 0]
FBtr0335227: ['exon skipping', 0, 0]
>7
M01F1.4a.1: ['no event', 217, 2]
M01F1.4b.1: ['no event', 217, 2]
FBtr0308076: ['exon skipping', 0, 0]
FBtr0335225: ['exon skipping', 0, 0]
FBtr0308075: ['exon skipping', 0, 0]
FBtr0335228: ['exon skipping', 0, 0]
FBtr0081784: ['exon skipping', 0, 0]
FBtr0335226: ['exon skipping', 0, 0]
FBtr0335227: ['exon skipping', 0, 0]
>8
M01F1.4a.1: ['no event', 583, 1]
M01F1.4b.1: ['no event', 583, 1]
FBtr0308076: ['exon skipping', 0, 0]
FBtr0335225: ['exon skipping', 0, 0]
FBtr0308075: ['exon skipping', 0, 0]
FBtr0335228: ['exon skipping', 0, 0]
FBtr0081784: ['exon skipping', 0, 0]
FBtr0335226: ['exon skipping', 0, 0]
FBtr0335227: ['exon skipping', 0, 0]
>9
M01F1.4a.1: ['exon skipping', 0, 0]
M01F1.4b.1: ['exon skipping', 0, 0]
FBtr0308076: ['exon skipping', 0, 0]
FBtr0335225: ['exon skipping', 0, 0]
FBtr0308075: ['5event', 112, 1]
FBtr0335228: ['exon skipping', 0, 0]
FBtr0081784: ['exon skipping', 0, 0]
FBtr0335226: ['exon skipping', 0, 0]
FBtr0335227: ['exon skipping', 0, 0]
>10
M01F1.4a.1: ['3event', '5event', 157, 0]
M01F1.4b.1: ['3event', '5event', 157, 0]
FBtr0308076: ['5event', ['internal gap < 30', 45, 25], 190, 1]
FBtr0335225: ['5event', ['internal gap < 30', 57, 13], 202, 1]
FBtr0308075: ['exon skipping', 0, 0]
FBtr0335228: ['5event', ['internal gap >= 30', 33, 37], 178, 1]
FBtr0081784: ['5event', ['internal gap < 30', 45, 25], 190, 1]
FBtr0335226: ['5event', ['internal gap >= 30', 33, 37], 178, 1]
FBtr0335227: ['5event', ['internal gap >= 30', 33, 37], 178, 1]
>11
M01F1.4a.1: ['5event', 118, 1]
M01F1.4b.1: ['5event', 118, 1]
FBtr0308076: ['exon skipping', 0, 0]
FBtr0335225: ['exon skipping', 0, 0]
FBtr0308075: ['exon skipping', 0, 0]
FBtr0335228: ['exon skipping', 0, 0]
FBtr0081784: ['exon skipping', 0, 0]
FBtr0335226: ['exon skipping', 0, 0]
FBtr0335227: ['exon skipping', 0, 0]
>12
M01F1.4a.1: ['no event', 122, 0]
M01F1.4b.1: ['no event', 122, 0]
FBtr0308076: ['exon skipping', 0, 0]
FBtr0335225: ['exon skipping', 0, 0]
FBtr0308075: ['exon skipping', 0, 0]
FBtr0335228: ['exon skipping', 0, 0]
FBtr0081784: ['exon skipping', 0, 0]
FBtr0335226: ['exon skipping', 0, 0]
FBtr0335227: ['exon skipping', 0, 0]
>13
M01F1.4a.1: ['no event', 157, 0]
M01F1.4b.1: ['no event', 157, 0]
FBtr0308076: ['exon skipping', 0, 0]
FBtr0335225: ['exon skipping', 0, 0]
FBtr0308075: ['exon skipping', 0, 0]
FBtr0335228: ['exon skipping', 0, 0]
FBtr0081784: ['exon skipping', 0, 0]
FBtr0335226: ['exon skipping', 0, 0]
FBtr0335227: ['exon skipping', 0, 0]
>14
M01F1.4a.1: ['no event', 100, 2]
M01F1.4b.1: ['no event', 100, 2]
FBtr0308076: ['exon skipping', 0, 0]
FBtr0335225: ['exon skipping', 0, 0]
FBtr0308075: ['exon skipping', 0, 0]
FBtr0335228: ['exon skipping', 0, 0]
FBtr0081784: ['exon skipping', 0, 0]
FBtr0335226: ['exon skipping', 0, 0]
FBtr0335227: ['exon skipping', 0, 0]
>15
M01F1.4a.1: ['3event', 240, 1]
M01F1.4b.1: ['3event', 240, 1]
FBtr0308076: ['5event', ['internal gap < 30', 267, 14], 409, 0]
FBtr0335225: ['5event', ['internal gap < 30', 267, 14], 409, 0]
FBtr0308075: ['exon skipping', 0, 0]
FBtr0335228: ['5event', ['internal gap < 30', 267, 14], 409, 0]
FBtr0081784: ['5event', ['internal gap < 30', 267, 14], 409, 0]
FBtr0335226: ['5event', ['internal gap < 30', 267, 14], 409, 0]
FBtr0335227: ['5event', ['internal gap < 30', 267, 14], 409, 0]
>16
M01F1.4a.1: ['5event', ['internal gap >= 30', 53, 64], 93, 0]
M01F1.4b.1: ['5event', ['internal gap >= 30', 53, 64], 93, 0]
FBtr0308076: [['internal gap < 30', 142, 7], 150, 2]
FBtr0335225: [['internal gap < 30', 142, 7], 150, 2]
FBtr0308075: ['exon skipping', 0, 0]
FBtr0335228: [['internal gap < 30', 142, 7], 150, 2]
FBtr0081784: [['internal gap < 30', 142, 7], 150, 2]
FBtr0335226: [['internal gap < 30', 142, 7], 150, 2]
FBtr0335227: [['internal gap < 30', 142, 7], 150, 2]
>17
M01F1.4a.1: ['exon skipping', 0, 0]
M01F1.4b.1: ['exon skipping', 0, 0]
FBtr0308076: ['exon skipping', 0, 0]
FBtr0335225: ['exon skipping', 0, 0]
FBtr0308075: ['exon skipping', 0, 0]
FBtr0335228: ['no event', 6, 2]
FBtr0081784: ['exon skipping', 0, 0]
FBtr0335226: ['exon skipping', 0, 0]
FBtr0335227: ['exon skipping', 0, 0]
>18
M01F1.4a.1: ['5event', 37, 1]
M01F1.4b.1: ['5event', 37, 1]
FBtr0308076: ['exon skipping', 0, 0]
FBtr0335225: ['exon skipping', 0, 0]
FBtr0308075: ['exon skipping', 0, 0]
FBtr0335228: ['exon skipping', 0, 0]
FBtr0081784: ['exon skipping', 0, 0]
FBtr0335226: ['exon skipping', 0, 0]
FBtr0335227: ['exon skipping', 0, 0]
>19
M01F1.4a.1: ['exon skipping', 0, 0]
M01F1.4b.1: ['exon skipping', 0, 0]
FBtr0308076: ['5event', 27, 2]
FBtr0335225: ['5event', 27, 2]
FBtr0308075: ['exon skipping', 0, 0]
FBtr0335228: ['exon skipping', 0, 0]
FBtr0081784: ['5event', 27, 2]
FBtr0335226: ['5event', 27, 2]
FBtr0335227: ['5event', 27, 2]
>20
M01F1.4a.1: ['exon skipping', 0, 0]
M01F1.4b.1: ['exon skipping', 0, 0]
FBtr0308076: ['5event', 156, 2]
FBtr0335225: ['exon skipping', 0, 0]
FBtr0308075: ['exon skipping', 0, 0]
FBtr0335228: ['exon skipping', 0, 0]
FBtr0081784: ['exon skipping', 0, 0]
FBtr0335226: ['exon skipping', 0, 0]
FBtr0335227: ['5event', 156, 2]
