>0
ENSAOWT00000021038: ['no event', 53, 0]
ENSAOWT00000021043: ['no event', 53, 0]
ENSAHAT00000024731: ['no event', 53, 0]
ENSARWT00000014587: ['no event', 53, 0]
ENSARWT00000014589: ['no event', 53, 0]
ENSARWT00000014590: ['no event', 53, 0]
ENSDNVT00000028484: ['no event', 53, 0]
ENSDNVT00000028487: ['no event', 53, 0]
ENSDNVT00000028490: ['no event', 53, 0]
ENSDNVT00000028493: ['no event', 53, 0]
ENSDNVT00000028498: ['no event', 53, 0]
>1
ENSAOWT00000021038: ['no event', 203, 0]
ENSAOWT00000021043: ['no event', 203, 0]
ENSAHAT00000024731: ['no event', 203, 0]
ENSARWT00000014587: ['no event', 203, 0]
ENSARWT00000014589: ['no event', 203, 0]
ENSARWT00000014590: ['no event', 203, 0]
ENSDNVT00000028484: ['no event', 203, 0]
ENSDNVT00000028487: ['no event', 203, 0]
ENSDNVT00000028490: ['no event', 203, 0]
ENSDNVT00000028493: ['no event', 203, 0]
ENSDNVT00000028498: ['no event', 203, 0]
>2
ENSAOWT00000021038: ['no event', 143, 0]
ENSAOWT00000021043: ['no event', 143, 0]
ENSAHAT00000024731: ['no event', 143, 0]
ENSARWT00000014587: ['no event', 143, 0]
ENSARWT00000014589: ['no event', 143, 0]
ENSARWT00000014590: ['no event', 143, 0]
ENSDNVT00000028484: ['no event', 143, 0]
ENSDNVT00000028487: ['no event', 143, 0]
ENSDNVT00000028490: ['no event', 143, 0]
ENSDNVT00000028493: ['no event', 143, 0]
ENSDNVT00000028498: ['no event', 143, 0]
>3
ENSAOWT00000021038: ['no event', 186, 0]
ENSAOWT00000021043: ['no event', 186, 0]
ENSAHAT00000024731: ['no event', 186, 0]
ENSARWT00000014587: ['no event', 186, 0]
ENSARWT00000014589: ['no event', 186, 0]
ENSARWT00000014590: ['no event', 186, 0]
ENSDNVT00000028484: ['no event', 186, 0]
ENSDNVT00000028487: ['no event', 186, 0]
ENSDNVT00000028490: ['no event', 186, 0]
ENSDNVT00000028493: ['no event', 186, 0]
ENSDNVT00000028498: ['no event', 186, 0]
>4
ENSAOWT00000021038: ['no event', 47, 1]
ENSAOWT00000021043: ['no event', 47, 1]
ENSAHAT00000024731: ['no event', 47, 1]
ENSARWT00000014587: ['no event', 47, 1]
ENSARWT00000014589: ['no event', 47, 1]
ENSARWT00000014590: ['no event', 47, 1]
ENSDNVT00000028484: ['no event', 47, 1]
ENSDNVT00000028487: ['no event', 47, 1]
ENSDNVT00000028490: ['no event', 47, 1]
ENSDNVT00000028493: ['no event', 47, 1]
ENSDNVT00000028498: ['exon skipping', 0, 0]
>5
ENSAOWT00000021038: ['no event', 177, 1]
ENSAOWT00000021043: ['no event', 177, 1]
ENSAHAT00000024731: ['no event', 177, 1]
ENSARWT00000014587: ['no event', 177, 1]
ENSARWT00000014589: ['no event', 177, 1]
ENSARWT00000014590: ['no event', 177, 1]
ENSDNVT00000028484: ['no event', 177, 1]
ENSDNVT00000028487: ['no event', 177, 1]
ENSDNVT00000028490: ['no event', 177, 1]
ENSDNVT00000028493: ['no event', 177, 1]
ENSDNVT00000028498: ['5event', 172, 1]
>6
ENSAOWT00000021038: ['exon skipping', 0, 0]
ENSAOWT00000021043: ['exon skipping', 0, 0]
ENSAHAT00000024731: ['exon skipping', 0, 0]
ENSARWT00000014587: ['exon skipping', 0, 0]
ENSARWT00000014589: ['exon skipping', 0, 0]
ENSARWT00000014590: ['exon skipping', 0, 0]
ENSDNVT00000028484: ['exon skipping', 0, 0]
ENSDNVT00000028487: ['no event', 23, 0]
ENSDNVT00000028490: ['exon skipping', 0, 0]
ENSDNVT00000028493: ['exon skipping', 0, 0]
ENSDNVT00000028498: ['exon skipping', 0, 0]
>7
ENSAOWT00000021038: ['5event', 129, 0]
ENSAOWT00000021043: ['5event', 129, 0]
ENSAHAT00000024731: ['5event', 129, 0]
ENSARWT00000014587: ['5event', 129, 0]
ENSARWT00000014589: ['5event', 129, 0]
ENSARWT00000014590: ['5event', 129, 0]
ENSDNVT00000028484: ['5event', 129, 0]
ENSDNVT00000028487: ['no event', 131, 0]
ENSDNVT00000028490: ['5event', 129, 0]
ENSDNVT00000028493: ['5event', 129, 0]
ENSDNVT00000028498: ['5event', 129, 0]
>8
ENSAOWT00000021038: ['no event', 135, 1]
ENSAOWT00000021043: ['no event', 135, 1]
ENSAHAT00000024731: ['no event', 135, 1]
ENSARWT00000014587: ['no event', 135, 1]
ENSARWT00000014589: ['no event', 135, 1]
ENSARWT00000014590: ['no event', 135, 1]
ENSDNVT00000028484: ['no event', 135, 1]
ENSDNVT00000028487: ['no event', 135, 1]
ENSDNVT00000028490: ['no event', 135, 1]
ENSDNVT00000028493: ['no event', 135, 1]
ENSDNVT00000028498: ['no event', 135, 1]
>9
ENSAOWT00000021038: ['no event', 321, 2]
ENSAOWT00000021043: ['no event', 321, 2]
ENSAHAT00000024731: ['no event', 321, 2]
ENSARWT00000014587: ['no event', 321, 2]
ENSARWT00000014589: ['no event', 321, 2]
ENSARWT00000014590: ['no event', 321, 2]
ENSDNVT00000028484: [['internal gap >= 30', 2, 96], 225, 2]
ENSDNVT00000028487: ['no event', 321, 2]
ENSDNVT00000028490: ['no event', 321, 2]
ENSDNVT00000028493: ['no event', 321, 2]
ENSDNVT00000028498: ['no event', 321, 2]
