>0
ENSNSUT00000016034: ['exon skipping', 0, 0]
ENSNSUT00000016035: ['exon skipping', 0, 0]
ENSNSUT00000016046: ['exon skipping', 0, 0]
ENSNSUT00000016050: ['exon skipping', 0, 0]
ENSACAT00000001549: ['no event', 2, 0]
ENSPVIT00000000233: ['no event', 2, 0]
ENSPVIT00000000236: ['no event', 2, 0]
ENSPVIT00000000240: ['no event', 2, 0]
>1
ENSNSUT00000016034: ['exon skipping', 0, 0]
ENSNSUT00000016035: ['exon skipping', 0, 0]
ENSNSUT00000016046: ['exon skipping', 0, 0]
ENSNSUT00000016050: ['exon skipping', 0, 0]
ENSACAT00000001549: ['no event', 5, 0]
ENSPVIT00000000233: ['exon skipping', 0, 0]
ENSPVIT00000000236: ['exon skipping', 0, 0]
ENSPVIT00000000240: ['exon skipping', 0, 0]
>2
ENSNSUT00000016034: ['exon skipping', 0, 0]
ENSNSUT00000016035: ['exon skipping', 0, 0]
ENSNSUT00000016046: ['exon skipping', 0, 0]
ENSNSUT00000016050: ['exon skipping', 0, 0]
ENSACAT00000001549: ['no event', 74, 0]
ENSPVIT00000000233: ['5event', ['internal gap < 30', 27, 17], 57, 0]
ENSPVIT00000000236: ['5event', ['internal gap < 30', 27, 17], 57, 0]
ENSPVIT00000000240: ['5event', ['internal gap < 30', 27, 17], 57, 0]
>3
ENSNSUT00000016034: ['5event', ['internal gap < 30', 20, 8], 53, 0]
ENSNSUT00000016035: ['5event', ['internal gap < 30', 20, 8], 53, 0]
ENSNSUT00000016046: ['5event', ['internal gap < 30', 20, 8], 53, 0]
ENSNSUT00000016050: ['5event', ['internal gap < 30', 20, 8], 53, 0]
ENSACAT00000001549: ['exon skipping', 0, 0]
ENSPVIT00000000233: ['exon skipping', 0, 0]
ENSPVIT00000000236: ['exon skipping', 0, 0]
ENSPVIT00000000240: ['exon skipping', 0, 0]
>4
ENSNSUT00000016034: [['internal gap < 30', 39, 6], 421, 0]
ENSNSUT00000016035: [['internal gap < 30', 39, 6], 421, 0]
ENSNSUT00000016046: [['internal gap < 30', 39, 6], 421, 0]
ENSNSUT00000016050: [['internal gap < 30', 39, 6], 421, 0]
ENSACAT00000001549: ['5event', ['internal gap >= 30', 15, 38], 389, 1]
ENSPVIT00000000233: ['5event', ['internal gap >= 30', 15, 38], 389, 1]
ENSPVIT00000000236: ['5event', ['internal gap >= 30', 15, 38], 389, 1]
ENSPVIT00000000240: ['5event', ['internal gap >= 30', 15, 38], 389, 1]
>5
ENSNSUT00000016034: ['no event', 107, 1]
ENSNSUT00000016035: ['no event', 107, 1]
ENSNSUT00000016046: ['no event', 107, 1]
ENSNSUT00000016050: ['3event', 98, 1]
ENSACAT00000001549: ['no event', 107, 1]
ENSPVIT00000000233: ['no event', 107, 1]
ENSPVIT00000000236: ['no event', 107, 1]
ENSPVIT00000000240: ['no event', 107, 1]
>6
ENSNSUT00000016034: ['exon skipping', 0, 0]
ENSNSUT00000016035: ['exon skipping', 0, 0]
ENSNSUT00000016046: ['exon skipping', 0, 0]
ENSNSUT00000016050: ['5event', 10, 2]
ENSACAT00000001549: ['exon skipping', 0, 0]
ENSPVIT00000000233: ['exon skipping', 0, 0]
ENSPVIT00000000236: ['exon skipping', 0, 0]
ENSPVIT00000000240: ['exon skipping', 0, 0]
>7
ENSNSUT00000016034: ['5event', 152, 1]
ENSNSUT00000016035: ['exon skipping', 0, 0]
ENSNSUT00000016046: ['5event', 152, 1]
ENSNSUT00000016050: ['no event', 189, 1]
ENSACAT00000001549: ['5event', 188, 1]
ENSPVIT00000000233: ['5event', 188, 1]
ENSPVIT00000000236: ['5event', 188, 1]
ENSPVIT00000000240: ['5event', 188, 1]
>8
ENSNSUT00000016034: ['exon skipping', 0, 0]
ENSNSUT00000016035: ['exon skipping', 0, 0]
ENSNSUT00000016046: ['exon skipping', 0, 0]
ENSNSUT00000016050: ['exon skipping', 0, 0]
ENSACAT00000001549: ['no event', 185, 1]
ENSPVIT00000000233: ['no event', 185, 1]
ENSPVIT00000000236: ['no event', 185, 1]
ENSPVIT00000000240: ['no event', 185, 1]
>9
ENSNSUT00000016034: ['exon skipping', 0, 0]
ENSNSUT00000016035: ['exon skipping', 0, 0]
ENSNSUT00000016046: ['exon skipping', 0, 0]
ENSNSUT00000016050: ['exon skipping', 0, 0]
ENSACAT00000001549: ['no event', 185, 1]
ENSPVIT00000000233: ['no event', 185, 1]
ENSPVIT00000000236: ['exon skipping', 0, 0]
ENSPVIT00000000240: ['no event', 185, 1]
>10
ENSNSUT00000016034: ['exon skipping', 0, 0]
ENSNSUT00000016035: ['exon skipping', 0, 0]
ENSNSUT00000016046: ['exon skipping', 0, 0]
ENSNSUT00000016050: ['exon skipping', 0, 0]
ENSACAT00000001549: ['exon skipping', 0, 0]
ENSPVIT00000000233: ['exon skipping', 0, 0]
ENSPVIT00000000236: ['exon skipping', 0, 0]
ENSPVIT00000000240: ['exon skipping', 0, 0]
>11
ENSNSUT00000016034: ['5event', ['internal gap >= 30', 184, 7161], 371, 1]
ENSNSUT00000016035: ['5event', ['internal gap >= 30', 184, 7161], 371, 1]
ENSNSUT00000016046: ['5event', ['internal gap >= 30', 184, 7161], 371, 1]
ENSNSUT00000016050: ['3event', '5event', 186, 1]
ENSACAT00000001549: [['internal gap >= 30', 187, 7158], 374, 1]
ENSPVIT00000000233: [['internal gap >= 30', 187, 7158], 374, 1]
ENSPVIT00000000236: ['5event', ['internal gap >= 30', 184, 7161], 371, 1]
ENSPVIT00000000240: [['internal gap >= 30', 187, 7158], 374, 1]
>12
ENSNSUT00000016034: ['exon skipping', 0, 0]
ENSNSUT00000016035: ['exon skipping', 0, 0]
ENSNSUT00000016046: ['exon skipping', 0, 0]
ENSNSUT00000016050: ['5event', 64, 1]
ENSACAT00000001549: ['exon skipping', 0, 0]
ENSPVIT00000000233: ['exon skipping', 0, 0]
ENSPVIT00000000236: ['exon skipping', 0, 0]
ENSPVIT00000000240: ['exon skipping', 0, 0]
>13
ENSNSUT00000016034: ['exon skipping', 0, 0]
ENSNSUT00000016035: ['exon skipping', 0, 0]
ENSNSUT00000016046: ['exon skipping', 0, 0]
ENSNSUT00000016050: ['exon skipping', 0, 0]
ENSACAT00000001549: ['exon skipping', 0, 0]
ENSPVIT00000000233: ['5event', 185, 1]
ENSPVIT00000000236: ['5event', 185, 1]
ENSPVIT00000000240: ['5event', 185, 1]
>14
ENSNSUT00000016034: ['exon skipping', 0, 0]
ENSNSUT00000016035: ['exon skipping', 0, 0]
ENSNSUT00000016046: ['exon skipping', 0, 0]
ENSNSUT00000016050: ['exon skipping', 0, 0]
ENSACAT00000001549: ['5event', 185, 1]
ENSPVIT00000000233: ['no event', 186, 1]
ENSPVIT00000000236: ['no event', 186, 1]
ENSPVIT00000000240: ['no event', 186, 1]
>15
ENSNSUT00000016034: ['exon skipping', 0, 0]
ENSNSUT00000016035: ['exon skipping', 0, 0]
ENSNSUT00000016046: ['exon skipping', 0, 0]
ENSNSUT00000016050: ['exon skipping', 0, 0]
ENSACAT00000001549: ['no event', 185, 1]
ENSPVIT00000000233: ['no event', 185, 1]
ENSPVIT00000000236: ['no event', 185, 1]
ENSPVIT00000000240: ['no event', 185, 1]
>16
ENSNSUT00000016034: ['exon skipping', 0, 0]
ENSNSUT00000016035: ['exon skipping', 0, 0]
ENSNSUT00000016046: ['exon skipping', 0, 0]
ENSNSUT00000016050: ['exon skipping', 0, 0]
ENSACAT00000001549: ['no event', 17, 1]
ENSPVIT00000000233: ['exon skipping', 0, 0]
ENSPVIT00000000236: ['exon skipping', 0, 0]
ENSPVIT00000000240: ['exon skipping', 0, 0]
>17
ENSNSUT00000016034: ['5event', 185, 1]
ENSNSUT00000016035: ['5event', 185, 1]
ENSNSUT00000016046: ['5event', 185, 1]
ENSNSUT00000016050: ['exon skipping', 0, 0]
ENSACAT00000001549: ['no event', 188, 1]
ENSPVIT00000000233: ['5event', 185, 1]
ENSPVIT00000000236: ['5event', 185, 1]
ENSPVIT00000000240: ['5event', 185, 1]
>18
ENSNSUT00000016034: ['3event', 171, 1]
ENSNSUT00000016035: ['3event', 171, 1]
ENSNSUT00000016046: ['no event', 185, 1]
ENSNSUT00000016050: ['exon skipping', 0, 0]
ENSACAT00000001549: ['no event', 185, 1]
ENSPVIT00000000233: ['no event', 185, 1]
ENSPVIT00000000236: ['no event', 185, 1]
ENSPVIT00000000240: ['no event', 185, 1]
>19
ENSNSUT00000016034: ['exon skipping', 0, 0]
ENSNSUT00000016035: ['exon skipping', 0, 0]
ENSNSUT00000016046: ['no event', 63, 1]
ENSNSUT00000016050: ['exon skipping', 0, 0]
ENSACAT00000001549: ['exon skipping', 0, 0]
ENSPVIT00000000233: ['exon skipping', 0, 0]
ENSPVIT00000000236: ['exon skipping', 0, 0]
ENSPVIT00000000240: ['exon skipping', 0, 0]
>20
ENSNSUT00000016034: ['exon skipping', 0, 0]
ENSNSUT00000016035: ['exon skipping', 0, 0]
ENSNSUT00000016046: [['internal gap >= 30', 3, 73], 115, 2]
ENSNSUT00000016050: ['exon skipping', 0, 0]
ENSACAT00000001549: ['exon skipping', 0, 0]
ENSPVIT00000000233: ['5event', 185, 1]
ENSPVIT00000000236: ['5event', 185, 1]
ENSPVIT00000000240: ['5event', 185, 1]
>21
ENSNSUT00000016034: ['exon skipping', 0, 0]
ENSNSUT00000016035: ['exon skipping', 0, 0]
ENSNSUT00000016046: ['no event', 91, 1]
ENSNSUT00000016050: ['exon skipping', 0, 0]
ENSACAT00000001549: ['exon skipping', 0, 0]
ENSPVIT00000000233: ['exon skipping', 0, 0]
ENSPVIT00000000236: ['exon skipping', 0, 0]
ENSPVIT00000000240: ['exon skipping', 0, 0]
>22
ENSNSUT00000016034: ['exon skipping', 0, 0]
ENSNSUT00000016035: ['exon skipping', 0, 0]
ENSNSUT00000016046: ['exon skipping', 0, 0]
ENSNSUT00000016050: ['exon skipping', 0, 0]
ENSACAT00000001549: ['5event', 122, 1]
ENSPVIT00000000233: ['5event', 122, 1]
ENSPVIT00000000236: ['5event', 122, 1]
ENSPVIT00000000240: ['5event', 122, 1]
>23
ENSNSUT00000016034: ['exon skipping', 0, 0]
ENSNSUT00000016035: ['exon skipping', 0, 0]
ENSNSUT00000016046: ['exon skipping', 0, 0]
ENSNSUT00000016050: ['exon skipping', 0, 0]
ENSACAT00000001549: ['no event', 30, 1]
ENSPVIT00000000233: ['no event', 30, 1]
ENSPVIT00000000236: ['no event', 30, 1]
ENSPVIT00000000240: ['no event', 30, 1]
>24
ENSNSUT00000016034: ['5event', 88, 0]
ENSNSUT00000016035: ['5event', 88, 0]
ENSNSUT00000016046: ['exon skipping', 0, 0]
ENSNSUT00000016050: ['exon skipping', 0, 0]
ENSACAT00000001549: ['exon skipping', 0, 0]
ENSPVIT00000000233: ['exon skipping', 0, 0]
ENSPVIT00000000236: ['exon skipping', 0, 0]
ENSPVIT00000000240: ['exon skipping', 0, 0]
>25
ENSNSUT00000016034: ['no event', 18, 2]
ENSNSUT00000016035: ['no event', 18, 2]
ENSNSUT00000016046: ['exon skipping', 0, 0]
ENSNSUT00000016050: ['exon skipping', 0, 0]
ENSACAT00000001549: ['exon skipping', 0, 0]
ENSPVIT00000000233: ['exon skipping', 0, 0]
ENSPVIT00000000236: ['exon skipping', 0, 0]
ENSPVIT00000000240: ['exon skipping', 0, 0]
>26
ENSNSUT00000016034: ['exon skipping', 0, 0]
ENSNSUT00000016035: ['exon skipping', 0, 0]
ENSNSUT00000016046: ['exon skipping', 0, 0]
ENSNSUT00000016050: ['exon skipping', 0, 0]
ENSACAT00000001549: ['exon skipping', 0, 0]
ENSPVIT00000000233: ['5event', 6, 2]
ENSPVIT00000000236: ['5event', 6, 2]
ENSPVIT00000000240: ['exon skipping', 0, 0]
>27
ENSNSUT00000016034: ['exon skipping', 0, 0]
ENSNSUT00000016035: ['exon skipping', 0, 0]
ENSNSUT00000016046: ['exon skipping', 0, 0]
ENSNSUT00000016050: ['exon skipping', 0, 0]
ENSACAT00000001549: ['5event', 54, 2]
ENSPVIT00000000233: ['exon skipping', 0, 0]
ENSPVIT00000000236: ['exon skipping', 0, 0]
ENSPVIT00000000240: ['5event', 54, 2]
