>0
FBtr0091449: ['no event', 149, 0]
FBtr0300360: ['exon skipping', 0, 0]
FBtr0346727: ['exon skipping', 0, 0]
FBtr0081464: ['exon skipping', 0, 0]
FBtr0332033: ['exon skipping', 0, 0]
FBtr0332034: ['exon skipping', 0, 0]
>1
FBtr0091449: [['internal gap >= 30', 110, 256], 139, 0]
FBtr0300360: ['5event', ['internal gap >= 30', 325, 44], 351, 0]
FBtr0346727: ['5event', ['internal gap >= 30', 275, 80], 315, 0]
FBtr0081464: ['exon skipping', 0, 0]
FBtr0332033: ['exon skipping', 0, 0]
FBtr0332034: ['exon skipping', 0, 0]
>2
FBtr0091449: ['exon skipping', 0, 0]
FBtr0300360: ['exon skipping', 0, 0]
FBtr0346727: ['exon skipping', 0, 0]
FBtr0081464: ['5event', 28, 0]
FBtr0332033: ['5event', 28, 0]
FBtr0332034: ['5event', 28, 0]
>3
FBtr0091449: ['3event', '5event', 878, 1]
FBtr0300360: ['3event', '5event', 924, 1]
FBtr0346727: ['5event', ['internal gap >= 30', 860, 456], 928, 1]
FBtr0081464: ['3event', 1238, 2]
FBtr0332033: ['3event', 1238, 2]
FBtr0332034: ['3event', 1238, 2]
>4
FBtr0091449: ['exon skipping', 0, 0]
FBtr0300360: ['5event', 1, 1]
FBtr0346727: ['exon skipping', 0, 0]
FBtr0081464: ['exon skipping', 0, 0]
FBtr0332033: ['exon skipping', 0, 0]
FBtr0332034: ['exon skipping', 0, 0]
