>0
C06A5.9.1: ['no event', 6, 0]
C06A5.8a.1: ['exon skipping', 0, 0]
C06A5.8a.2: ['exon skipping', 0, 0]
C06A5.8b.1: ['exon skipping', 0, 0]
C06A5.8b.2: ['exon skipping', 0, 0]
>1
C06A5.9.1: ['exon skipping', 0, 0]
C06A5.8a.1: ['5event', 48, 0]
C06A5.8a.2: ['5event', 48, 0]
C06A5.8b.1: ['exon skipping', 0, 0]
C06A5.8b.2: ['exon skipping', 0, 0]
>2
C06A5.9.1: ['5event', ['internal gap < 30', 41, 19], 73, 1]
C06A5.8a.1: [['internal gap < 30', 1, 12], 80, 1]
C06A5.8a.2: [['internal gap < 30', 1, 12], 80, 1]
C06A5.8b.1: ['exon skipping', 0, 0]
C06A5.8b.2: ['exon skipping', 0, 0]
>3
C06A5.9.1: ['no event', 175, 0]
C06A5.8a.1: ['no event', 175, 0]
C06A5.8a.2: ['no event', 175, 0]
C06A5.8b.1: ['5event', 99, 0]
C06A5.8b.2: ['5event', 99, 0]
>4
C06A5.9.1: ['3event', 193, 1]
C06A5.8a.1: [['internal gap < 30', 183, 22], 197, 1]
C06A5.8a.2: [['internal gap < 30', 183, 22], 197, 1]
C06A5.8b.1: [['internal gap < 30', 183, 22], 197, 1]
C06A5.8b.2: [['internal gap < 30', 183, 22], 197, 1]
>5
C06A5.9.1: ['5event', ['internal gap >= 30', 138, 105], 142, 1]
C06A5.8a.1: [['internal gap < 30', 84, 3], 244, 1]
C06A5.8a.2: [['internal gap < 30', 84, 3], 244, 1]
C06A5.8b.1: [['internal gap < 30', 84, 3], 244, 1]
C06A5.8b.2: [['internal gap < 30', 84, 3], 244, 1]
>6
C06A5.9.1: ['3event', 118, 0]
C06A5.8a.1: [['internal gap >= 30', 26, 38], 104, 0]
C06A5.8a.2: [['internal gap >= 30', 26, 38], 104, 0]
C06A5.8b.1: [['internal gap >= 30', 26, 38], 104, 0]
C06A5.8b.2: [['internal gap >= 30', 26, 38], 104, 0]
>7
C06A5.9.1: ['5event', 83, 0]
C06A5.8a.1: ['exon skipping', 0, 0]
C06A5.8a.2: ['exon skipping', 0, 0]
C06A5.8b.1: ['exon skipping', 0, 0]
C06A5.8b.2: ['exon skipping', 0, 0]
>8
C06A5.9.1: ['no event', 86, 0]
C06A5.8a.1: ['exon skipping', 0, 0]
C06A5.8a.2: ['exon skipping', 0, 0]
C06A5.8b.1: ['exon skipping', 0, 0]
C06A5.8b.2: ['exon skipping', 0, 0]
>9
C06A5.9.1: ['no event', 101, 0]
C06A5.8a.1: ['exon skipping', 0, 0]
C06A5.8a.2: ['exon skipping', 0, 0]
C06A5.8b.1: ['exon skipping', 0, 0]
C06A5.8b.2: ['exon skipping', 0, 0]
>10
C06A5.9.1: ['no event', 164, 0]
C06A5.8a.1: ['exon skipping', 0, 0]
C06A5.8a.2: ['exon skipping', 0, 0]
C06A5.8b.1: ['exon skipping', 0, 0]
C06A5.8b.2: ['exon skipping', 0, 0]
