>0
ZC132.9.1: ['no event', 221, 0]
ZK218.4.1: ['5event', ['internal gap >= 30', 24, 78], 143, 0]
F47D2.11.1: ['5event', ['internal gap >= 30', 58, 33], 188, 0]
>1
ZC132.9.1: ['no event', 106, 0]
ZK218.4.1: ['no event', 106, 0]
F47D2.11.1: ['no event', 106, 0]
>2
ZC132.9.1: ['no event', 426, 2]
ZK218.4.1: [['internal gap < 30', 360, 24], 402, 2]
F47D2.11.1: [['internal gap < 30', 234, 6], 420, 2]
>3
ZC132.9.1: ['no event', 53, 0]
ZK218.4.1: ['3event', 51, 0]
F47D2.11.1: ['no event', 53, 0]
>4
ZC132.9.1: ['no event', 125, 0]
ZK218.4.1: ['3event', '5event', 105, 0]
F47D2.11.1: ['no event', 125, 0]
