>0
FBtr0070618: ['5event', ['internal gap < 30', 47, 23], 63, 0]
FBtr0342739: ['5event', ['internal gap < 30', 47, 23], 63, 0]
FBtr0070616: ['5event', ['internal gap < 30', 47, 23], 63, 0]
FBtr0070617: ['5event', ['internal gap < 30', 47, 23], 63, 0]
FBtr0076683: ['exon skipping', 0, 0]
F54H5.3.1: ['3event', 81, 0]
YER120W_mRNA: ['exon skipping', 0, 0]
YBL091C-A_mRNA: ['5event', ['internal gap >= 30', 18, 53], 33, 0]
>1
FBtr0070618: ['exon skipping', 0, 0]
FBtr0342739: ['exon skipping', 0, 0]
FBtr0070616: ['exon skipping', 0, 0]
FBtr0070617: ['exon skipping', 0, 0]
FBtr0076683: ['exon skipping', 0, 0]
F54H5.3.1: ['5event', 64, 0]
YER120W_mRNA: ['exon skipping', 0, 0]
YBL091C-A_mRNA: ['exon skipping', 0, 0]
>2
FBtr0070618: ['exon skipping', 0, 0]
FBtr0342739: ['exon skipping', 0, 0]
FBtr0070616: ['exon skipping', 0, 0]
FBtr0070617: ['exon skipping', 0, 0]
FBtr0076683: ['exon skipping', 0, 0]
F54H5.3.1: ['no event', 260, 2]
YER120W_mRNA: ['exon skipping', 0, 0]
YBL091C-A_mRNA: ['exon skipping', 0, 0]
>3
FBtr0070618: ['exon skipping', 0, 0]
FBtr0342739: ['exon skipping', 0, 0]
FBtr0070616: ['exon skipping', 0, 0]
FBtr0070617: ['exon skipping', 0, 0]
FBtr0076683: ['exon skipping', 0, 0]
F54H5.3.1: ['exon skipping', 0, 0]
YER120W_mRNA: ['5event', 41, 0]
YBL091C-A_mRNA: ['exon skipping', 0, 0]
>4
FBtr0070618: ['3event', '5event', 153, 1]
FBtr0342739: ['3event', '5event', 153, 1]
FBtr0070616: ['3event', '5event', 153, 1]
FBtr0070617: ['3event', '5event', 153, 1]
FBtr0076683: ['3event', '5event', 446, 0]
F54H5.3.1: ['3event', '5event', 332, 2]
YER120W_mRNA: ['3event', 378, 0]
YBL091C-A_mRNA: ['5event', ['internal gap >= 30', 345, 133], 493, 1]
>5
FBtr0070618: ['exon skipping', 0, 0]
FBtr0342739: ['exon skipping', 0, 0]
FBtr0070616: ['exon skipping', 0, 0]
FBtr0070617: ['exon skipping', 0, 0]
FBtr0076683: ['exon skipping', 0, 0]
F54H5.3.1: ['5event', 19, 1]
YER120W_mRNA: ['exon skipping', 0, 0]
YBL091C-A_mRNA: ['exon skipping', 0, 0]
>6
FBtr0070618: ['5event', ['internal gap < 30', 47, 7], 109, 1]
FBtr0342739: ['5event', ['internal gap < 30', 47, 7], 109, 1]
FBtr0070616: ['5event', ['internal gap < 30', 47, 7], 109, 1]
FBtr0070617: ['5event', ['internal gap < 30', 47, 7], 109, 1]
FBtr0076683: ['exon skipping', 0, 0]
F54H5.3.1: ['3event', 82, 0]
YER120W_mRNA: ['exon skipping', 0, 0]
YBL091C-A_mRNA: ['exon skipping', 0, 0]
>7
FBtr0070618: ['exon skipping', 0, 0]
FBtr0342739: ['exon skipping', 0, 0]
FBtr0070616: ['exon skipping', 0, 0]
FBtr0070617: ['exon skipping', 0, 0]
FBtr0076683: ['5event', ['internal gap >= 30', 180, 75], 207, 2]
F54H5.3.1: ['exon skipping', 0, 0]
YER120W_mRNA: ['5event', 272, 2]
YBL091C-A_mRNA: ['exon skipping', 0, 0]
>8
FBtr0070618: ['5event', 212, 0]
FBtr0342739: ['5event', 212, 0]
FBtr0070616: ['5event', 212, 0]
FBtr0070617: ['5event', ['internal gap >= 30', 65, 103], 110, 0]
FBtr0076683: ['exon skipping', 0, 0]
F54H5.3.1: ['exon skipping', 0, 0]
YER120W_mRNA: ['exon skipping', 0, 0]
YBL091C-A_mRNA: ['exon skipping', 0, 0]
>9
FBtr0070618: ['no event', 113, 0]
FBtr0342739: ['no event', 113, 0]
FBtr0070616: ['no event', 113, 0]
FBtr0070617: ['no event', 113, 0]
FBtr0076683: ['exon skipping', 0, 0]
F54H5.3.1: ['exon skipping', 0, 0]
YER120W_mRNA: ['exon skipping', 0, 0]
YBL091C-A_mRNA: ['exon skipping', 0, 0]
>10
FBtr0070618: ['no event', 152, 0]
FBtr0342739: ['no event', 152, 0]
FBtr0070616: ['no event', 152, 0]
FBtr0070617: ['no event', 152, 0]
FBtr0076683: ['exon skipping', 0, 0]
F54H5.3.1: ['exon skipping', 0, 0]
YER120W_mRNA: ['exon skipping', 0, 0]
YBL091C-A_mRNA: ['exon skipping', 0, 0]
>11
FBtr0070618: ['exon skipping', 0, 0]
FBtr0342739: ['exon skipping', 0, 0]
FBtr0070616: ['exon skipping', 0, 0]
FBtr0070617: ['exon skipping', 0, 0]
FBtr0076683: ['exon skipping', 0, 0]
F54H5.3.1: ['exon skipping', 0, 0]
YER120W_mRNA: ['5event', 42, 2]
YBL091C-A_mRNA: ['exon skipping', 0, 0]
