>0
F35C5.11.1: [['internal gap < 30', 24, 13], 146, 0]
F35C5.11.2: [['internal gap < 30', 24, 13], 146, 0]
F28A12.3.1: ['5event', 152, 0]
>1
F35C5.11.1: ['no event', 72, 0]
F35C5.11.2: ['no event', 72, 0]
F28A12.3.1: ['no event', 72, 0]
>2
F35C5.11.1: ['no event', 55, 1]
F35C5.11.2: ['no event', 55, 1]
F28A12.3.1: ['no event', 55, 1]
>3
F35C5.11.1: ['no event', 92, 0]
F35C5.11.2: ['no event', 92, 0]
F28A12.3.1: ['no event', 92, 0]
>4
F35C5.11.1: ['no event', 116, 0]
F35C5.11.2: ['no event', 116, 0]
F28A12.3.1: [['internal gap < 30', 89, 9], 107, 0]
