>0
B0222.11.1: ['3event', 144, 0]
T16H12.9.1: ['3event', 78, 0]
Y95B8A.6a.1: ['exon skipping', 0, 0]
Y95B8A.6a.2: ['exon skipping', 0, 0]
Y95B8A.6b.1: ['exon skipping', 0, 0]
Y95B8A.6b.2: ['exon skipping', 0, 0]
Y95B8A.6c.1: ['exon skipping', 0, 0]
Y95B8A.6d.1: ['exon skipping', 0, 0]
F39D8.3a.1: ['exon skipping', 0, 0]
F39D8.3b.1: ['3event', '5event', 106, 0]
F39D8.3c.1: ['exon skipping', 0, 0]
F39D8.3d.1: ['exon skipping', 0, 0]
F25B3.2.1: ['5event', ['internal gap >= 30', 108, 33], 152, 0]
>1
B0222.11.1: ['exon skipping', 0, 0]
T16H12.9.1: ['exon skipping', 0, 0]
Y95B8A.6a.1: ['exon skipping', 0, 0]
Y95B8A.6a.2: ['exon skipping', 0, 0]
Y95B8A.6b.1: ['exon skipping', 0, 0]
Y95B8A.6b.2: ['exon skipping', 0, 0]
Y95B8A.6c.1: ['5event', 68, 0]
Y95B8A.6d.1: ['5event', 68, 0]
F39D8.3a.1: ['exon skipping', 0, 0]
F39D8.3b.1: ['exon skipping', 0, 0]
F39D8.3c.1: ['exon skipping', 0, 0]
F39D8.3d.1: ['exon skipping', 0, 0]
F25B3.2.1: ['exon skipping', 0, 0]
>2
B0222.11.1: ['exon skipping', 0, 0]
T16H12.9.1: ['exon skipping', 0, 0]
Y95B8A.6a.1: ['exon skipping', 0, 0]
Y95B8A.6a.2: ['exon skipping', 0, 0]
Y95B8A.6b.1: ['exon skipping', 0, 0]
Y95B8A.6b.2: ['exon skipping', 0, 0]
Y95B8A.6c.1: ['no event', 136, 0]
Y95B8A.6d.1: ['no event', 136, 0]
F39D8.3a.1: ['exon skipping', 0, 0]
F39D8.3b.1: ['exon skipping', 0, 0]
F39D8.3c.1: ['exon skipping', 0, 0]
F39D8.3d.1: ['exon skipping', 0, 0]
F25B3.2.1: ['exon skipping', 0, 0]
>3
B0222.11.1: ['3event', '5event', 144, 0]
T16H12.9.1: ['5event', ['internal gap < 30', 104, 16], 131, 0]
Y95B8A.6a.1: ['exon skipping', 0, 0]
Y95B8A.6a.2: ['exon skipping', 0, 0]
Y95B8A.6b.1: ['exon skipping', 0, 0]
Y95B8A.6b.2: ['exon skipping', 0, 0]
Y95B8A.6c.1: ['exon skipping', 0, 0]
Y95B8A.6d.1: ['exon skipping', 0, 0]
F39D8.3a.1: ['exon skipping', 0, 0]
F39D8.3b.1: ['exon skipping', 0, 0]
F39D8.3c.1: ['exon skipping', 0, 0]
F39D8.3d.1: ['exon skipping', 0, 0]
F25B3.2.1: ['exon skipping', 0, 0]
>4
B0222.11.1: ['5event', ['internal gap >= 30', 16, 151], 74, 0]
T16H12.9.1: [['internal gap >= 30', 19, 144], 81, 0]
Y95B8A.6a.1: ['5event', ['internal gap >= 30', 83, 125], 100, 0]
Y95B8A.6a.2: ['5event', ['internal gap >= 30', 83, 125], 100, 0]
Y95B8A.6b.1: ['exon skipping', 0, 0]
Y95B8A.6b.2: ['exon skipping', 0, 0]
Y95B8A.6c.1: ['5event', ['internal gap < 30', 183, 25], 200, 2]
Y95B8A.6d.1: ['5event', ['internal gap < 30', 183, 25], 200, 2]
F39D8.3a.1: ['3event', '5event', 75, 0]
F39D8.3b.1: ['3event', '5event', 92, 1]
F39D8.3c.1: ['exon skipping', 0, 0]
F39D8.3d.1: ['exon skipping', 0, 0]
F25B3.2.1: ['5event', ['internal gap >= 30', 82, 126], 99, 0]
>5
B0222.11.1: ['exon skipping', 0, 0]
T16H12.9.1: ['exon skipping', 0, 0]
Y95B8A.6a.1: ['exon skipping', 0, 0]
Y95B8A.6a.2: ['exon skipping', 0, 0]
Y95B8A.6b.1: ['exon skipping', 0, 0]
Y95B8A.6b.2: ['exon skipping', 0, 0]
Y95B8A.6c.1: ['exon skipping', 0, 0]
Y95B8A.6d.1: ['exon skipping', 0, 0]
F39D8.3a.1: ['5event', 28, 0]
F39D8.3b.1: ['5event', 28, 0]
F39D8.3c.1: ['exon skipping', 0, 0]
F39D8.3d.1: ['exon skipping', 0, 0]
F25B3.2.1: ['5event', ['internal gap < 30', 9, 14], 15, 0]
>6
B0222.11.1: ['exon skipping', 0, 0]
T16H12.9.1: ['exon skipping', 0, 0]
Y95B8A.6a.1: ['exon skipping', 0, 0]
Y95B8A.6a.2: ['exon skipping', 0, 0]
Y95B8A.6b.1: ['exon skipping', 0, 0]
Y95B8A.6b.2: ['exon skipping', 0, 0]
Y95B8A.6c.1: ['exon skipping', 0, 0]
Y95B8A.6d.1: ['exon skipping', 0, 0]
F39D8.3a.1: ['exon skipping', 0, 0]
F39D8.3b.1: ['exon skipping', 0, 0]
F39D8.3c.1: ['exon skipping', 0, 0]
F39D8.3d.1: ['exon skipping', 0, 0]
F25B3.2.1: ['no event', 3, 1]
>7
B0222.11.1: ['exon skipping', 0, 0]
T16H12.9.1: ['exon skipping', 0, 0]
Y95B8A.6a.1: ['exon skipping', 0, 0]
Y95B8A.6a.2: ['exon skipping', 0, 0]
Y95B8A.6b.1: ['exon skipping', 0, 0]
Y95B8A.6b.2: ['exon skipping', 0, 0]
Y95B8A.6c.1: ['exon skipping', 0, 0]
Y95B8A.6d.1: ['exon skipping', 0, 0]
F39D8.3a.1: ['5event', 177, 2]
F39D8.3b.1: ['5event', 177, 2]
F39D8.3c.1: ['exon skipping', 0, 0]
F39D8.3d.1: ['exon skipping', 0, 0]
F25B3.2.1: ['exon skipping', 0, 0]
>8
B0222.11.1: ['exon skipping', 0, 0]
T16H12.9.1: ['exon skipping', 0, 0]
Y95B8A.6a.1: ['5event', ['internal gap >= 30', 156, 50], 178, 2]
Y95B8A.6a.2: ['5event', ['internal gap >= 30', 156, 50], 178, 2]
Y95B8A.6b.1: ['exon skipping', 0, 0]
Y95B8A.6b.2: ['exon skipping', 0, 0]
Y95B8A.6c.1: ['5event', ['internal gap >= 30', 156, 50], 178, 2]
Y95B8A.6d.1: ['5event', ['internal gap >= 30', 156, 50], 178, 2]
F39D8.3a.1: [['internal gap >= 30', 76, 76], 152, 0]
F39D8.3b.1: [['internal gap >= 30', 76, 76], 152, 0]
F39D8.3c.1: ['exon skipping', 0, 0]
F39D8.3d.1: ['exon skipping', 0, 0]
F25B3.2.1: ['5event', ['internal gap >= 30', 186, 31], 197, 2]
>9
B0222.11.1: ['3event', '5event', 151, 0]
T16H12.9.1: ['3event', '5event', 100, 0]
Y95B8A.6a.1: ['exon skipping', 0, 0]
Y95B8A.6a.2: ['exon skipping', 0, 0]
Y95B8A.6b.1: ['exon skipping', 0, 0]
Y95B8A.6b.2: ['exon skipping', 0, 0]
Y95B8A.6c.1: ['exon skipping', 0, 0]
Y95B8A.6d.1: ['exon skipping', 0, 0]
F39D8.3a.1: [['internal gap >= 30', 2, 45], 139, 0]
F39D8.3b.1: [['internal gap >= 30', 2, 45], 139, 0]
F39D8.3c.1: ['exon skipping', 0, 0]
F39D8.3d.1: ['exon skipping', 0, 0]
F25B3.2.1: ['exon skipping', 0, 0]
>10
B0222.11.1: ['5event', 1, 1]
T16H12.9.1: ['exon skipping', 0, 0]
Y95B8A.6a.1: ['exon skipping', 0, 0]
Y95B8A.6a.2: ['exon skipping', 0, 0]
Y95B8A.6b.1: ['exon skipping', 0, 0]
Y95B8A.6b.2: ['exon skipping', 0, 0]
Y95B8A.6c.1: ['exon skipping', 0, 0]
Y95B8A.6d.1: ['exon skipping', 0, 0]
F39D8.3a.1: ['exon skipping', 0, 0]
F39D8.3b.1: ['exon skipping', 0, 0]
F39D8.3c.1: ['exon skipping', 0, 0]
F39D8.3d.1: ['exon skipping', 0, 0]
F25B3.2.1: ['exon skipping', 0, 0]
>11
B0222.11.1: ['exon skipping', 0, 0]
T16H12.9.1: ['exon skipping', 0, 0]
Y95B8A.6a.1: ['exon skipping', 0, 0]
Y95B8A.6a.2: ['exon skipping', 0, 0]
Y95B8A.6b.1: ['exon skipping', 0, 0]
Y95B8A.6b.2: ['exon skipping', 0, 0]
Y95B8A.6c.1: ['exon skipping', 0, 0]
Y95B8A.6d.1: ['5event', 7, 1]
F39D8.3a.1: ['exon skipping', 0, 0]
F39D8.3b.1: ['exon skipping', 0, 0]
F39D8.3c.1: ['exon skipping', 0, 0]
F39D8.3d.1: ['exon skipping', 0, 0]
F25B3.2.1: ['5event', 3, 2]
>12
B0222.11.1: ['exon skipping', 0, 0]
T16H12.9.1: ['5event', 58, 1]
Y95B8A.6a.1: ['exon skipping', 0, 0]
Y95B8A.6a.2: ['exon skipping', 0, 0]
Y95B8A.6b.1: ['exon skipping', 0, 0]
Y95B8A.6b.2: ['exon skipping', 0, 0]
Y95B8A.6c.1: ['exon skipping', 0, 0]
Y95B8A.6d.1: ['exon skipping', 0, 0]
F39D8.3a.1: ['exon skipping', 0, 0]
F39D8.3b.1: ['exon skipping', 0, 0]
F39D8.3c.1: ['exon skipping', 0, 0]
F39D8.3d.1: ['exon skipping', 0, 0]
F25B3.2.1: ['exon skipping', 0, 0]
>13
B0222.11.1: ['exon skipping', 0, 0]
T16H12.9.1: [['internal gap < 30', 1, 16], 5, 0]
Y95B8A.6a.1: ['exon skipping', 0, 0]
Y95B8A.6a.2: ['exon skipping', 0, 0]
Y95B8A.6b.1: ['exon skipping', 0, 0]
Y95B8A.6b.2: ['exon skipping', 0, 0]
Y95B8A.6c.1: ['exon skipping', 0, 0]
Y95B8A.6d.1: ['exon skipping', 0, 0]
F39D8.3a.1: ['exon skipping', 0, 0]
F39D8.3b.1: ['exon skipping', 0, 0]
F39D8.3c.1: ['exon skipping', 0, 0]
F39D8.3d.1: ['exon skipping', 0, 0]
F25B3.2.1: ['5event', 20, 0]
>14
B0222.11.1: ['3event', '5event', 154, 0]
T16H12.9.1: ['exon skipping', 0, 0]
Y95B8A.6a.1: ['exon skipping', 0, 0]
Y95B8A.6a.2: ['exon skipping', 0, 0]
Y95B8A.6b.1: ['exon skipping', 0, 0]
Y95B8A.6b.2: ['exon skipping', 0, 0]
Y95B8A.6c.1: ['exon skipping', 0, 0]
Y95B8A.6d.1: ['exon skipping', 0, 0]
F39D8.3a.1: ['5event', 181, 2]
F39D8.3b.1: ['5event', 181, 2]
F39D8.3c.1: ['exon skipping', 0, 0]
F39D8.3d.1: ['exon skipping', 0, 0]
F25B3.2.1: ['exon skipping', 0, 0]
>15
B0222.11.1: ['exon skipping', 0, 0]
T16H12.9.1: ['exon skipping', 0, 0]
Y95B8A.6a.1: ['exon skipping', 0, 0]
Y95B8A.6a.2: ['exon skipping', 0, 0]
Y95B8A.6b.1: ['exon skipping', 0, 0]
Y95B8A.6b.2: ['exon skipping', 0, 0]
Y95B8A.6c.1: ['exon skipping', 0, 0]
Y95B8A.6d.1: ['exon skipping', 0, 0]
F39D8.3a.1: ['exon skipping', 0, 0]
F39D8.3b.1: ['exon skipping', 0, 0]
F39D8.3c.1: ['exon skipping', 0, 0]
F39D8.3d.1: ['exon skipping', 0, 0]
F25B3.2.1: ['5event', 3, 0]
>16
B0222.11.1: ['3event', '5event', 168, 1]
T16H12.9.1: ['3event', '5event', 257, 2]
Y95B8A.6a.1: ['5event', ['internal gap >= 30', 138, 198], 196, 1]
Y95B8A.6a.2: ['5event', ['internal gap >= 30', 138, 198], 196, 1]
Y95B8A.6b.1: ['5event', ['internal gap >= 30', 136, 200], 194, 0]
Y95B8A.6b.2: ['5event', ['internal gap >= 30', 136, 200], 194, 0]
Y95B8A.6c.1: ['5event', ['internal gap >= 30', 138, 198], 196, 1]
Y95B8A.6d.1: ['exon skipping', 0, 0]
F39D8.3a.1: ['3event', '5event', 177, 1]
F39D8.3b.1: ['3event', '5event', 177, 1]
F39D8.3c.1: ['exon skipping', 0, 0]
F39D8.3d.1: ['exon skipping', 0, 0]
F25B3.2.1: [['internal gap >= 30', 326, 52], 342, 1]
>17
B0222.11.1: ['exon skipping', 0, 0]
T16H12.9.1: ['exon skipping', 0, 0]
Y95B8A.6a.1: ['exon skipping', 0, 0]
Y95B8A.6a.2: ['exon skipping', 0, 0]
Y95B8A.6b.1: ['exon skipping', 0, 0]
Y95B8A.6b.2: ['exon skipping', 0, 0]
Y95B8A.6c.1: ['exon skipping', 0, 0]
Y95B8A.6d.1: ['exon skipping', 0, 0]
F39D8.3a.1: ['exon skipping', 0, 0]
F39D8.3b.1: ['exon skipping', 0, 0]
F39D8.3c.1: ['exon skipping', 0, 0]
F39D8.3d.1: ['5event', 45, 0]
F25B3.2.1: ['exon skipping', 0, 0]
>18
B0222.11.1: ['5event', ['internal gap >= 30', 170, 149], 180, 1]
T16H12.9.1: ['3event', '5event', 200, 1]
Y95B8A.6a.1: ['5event', ['internal gap >= 30', 106, 213], 116, 0]
Y95B8A.6a.2: ['5event', ['internal gap >= 30', 106, 213], 116, 0]
Y95B8A.6b.1: ['5event', ['internal gap >= 30', 106, 213], 116, 0]
Y95B8A.6b.2: ['5event', ['internal gap >= 30', 106, 213], 116, 0]
Y95B8A.6c.1: ['5event', ['internal gap >= 30', 106, 213], 116, 0]
Y95B8A.6d.1: ['exon skipping', 0, 0]
F39D8.3a.1: ['3event', '5event', 123, 1]
F39D8.3b.1: ['3event', '5event', 123, 1]
F39D8.3c.1: ['3event', '5event', 97, 0]
F39D8.3d.1: ['3event', 124, 1]
F25B3.2.1: ['5event', ['internal gap >= 30', 143, 170], 159, 1]
>19
B0222.11.1: ['exon skipping', 0, 0]
T16H12.9.1: ['exon skipping', 0, 0]
Y95B8A.6a.1: ['exon skipping', 0, 0]
Y95B8A.6a.2: ['exon skipping', 0, 0]
Y95B8A.6b.1: ['exon skipping', 0, 0]
Y95B8A.6b.2: ['exon skipping', 0, 0]
Y95B8A.6c.1: ['exon skipping', 0, 0]
Y95B8A.6d.1: ['exon skipping', 0, 0]
F39D8.3a.1: ['5event', 31, 1]
F39D8.3b.1: ['5event', 31, 1]
F39D8.3c.1: ['5event', 31, 1]
F39D8.3d.1: ['5event', 31, 1]
F25B3.2.1: ['exon skipping', 0, 0]
>20
B0222.11.1: ['5event', 52, 1]
T16H12.9.1: ['exon skipping', 0, 0]
Y95B8A.6a.1: ['exon skipping', 0, 0]
Y95B8A.6a.2: ['exon skipping', 0, 0]
Y95B8A.6b.1: ['exon skipping', 0, 0]
Y95B8A.6b.2: ['exon skipping', 0, 0]
Y95B8A.6c.1: ['exon skipping', 0, 0]
Y95B8A.6d.1: ['exon skipping', 0, 0]
F39D8.3a.1: ['exon skipping', 0, 0]
F39D8.3b.1: ['exon skipping', 0, 0]
F39D8.3c.1: ['exon skipping', 0, 0]
F39D8.3d.1: ['exon skipping', 0, 0]
F25B3.2.1: ['3event', '5event', 7, 2]
