>0
C50C10.7.1: ['exon skipping', 0, 0]
C50C10.6.1: ['exon skipping', 0, 0]
R10E8.5.1: ['exon skipping', 0, 0]
W08G11.5.1: ['exon skipping', 0, 0]
Y116A8C.40a.1: ['no event', 14, 0]
Y116A8C.40b.1: ['no event', 14, 0]
>1
C50C10.7.1: ['5event', 197, 0]
C50C10.6.1: ['5event', 197, 0]
R10E8.5.1: ['5event', ['internal gap < 30', 9, 19], 182, 0]
W08G11.5.1: ['5event', ['internal gap < 30', 12, 16], 185, 0]
Y116A8C.40a.1: [['internal gap >= 30', 1, 45], 156, 0]
Y116A8C.40b.1: [['internal gap >= 30', 1, 45], 156, 0]
>2
C50C10.7.1: [['internal gap >= 30', 89, 634], 166, 0]
C50C10.6.1: [['internal gap >= 30', 79, 643], 157, 0]
R10E8.5.1: ['3event', 93, 0]
W08G11.5.1: [['internal gap >= 30', 89, 634], 166, 0]
Y116A8C.40a.1: [['internal gap >= 30', 89, 634], 166, 0]
Y116A8C.40b.1: [['internal gap >= 30', 89, 634], 166, 0]
>3
C50C10.7.1: ['exon skipping', 0, 0]
C50C10.6.1: ['exon skipping', 0, 0]
R10E8.5.1: ['5event', 11, 2]
W08G11.5.1: ['exon skipping', 0, 0]
Y116A8C.40a.1: ['exon skipping', 0, 0]
Y116A8C.40b.1: ['exon skipping', 0, 0]
>4
C50C10.7.1: ['5event', 134, 2]
C50C10.6.1: ['5event', 134, 2]
R10E8.5.1: ['no event', 135, 2]
W08G11.5.1: ['5event', 134, 2]
Y116A8C.40a.1: ['5event', 134, 2]
Y116A8C.40b.1: ['5event', 134, 2]
>5
C50C10.7.1: [['internal gap < 30', 24, 3], 141, 2]
C50C10.6.1: [['internal gap < 30', 24, 3], 141, 2]
R10E8.5.1: [['internal gap < 30', 23, 3], 141, 2]
W08G11.5.1: [['internal gap < 30', 23, 3], 141, 2]
Y116A8C.40a.1: [['internal gap < 30', 1, 3], 141, 2]
Y116A8C.40b.1: [['internal gap < 30', 1, 3], 141, 2]
>6
C50C10.7.1: ['3event', 363, 0]
C50C10.6.1: [['internal gap < 30', 241, 1], 410, 0]
R10E8.5.1: ['3event', 368, 0]
W08G11.5.1: ['3event', 290, 0]
Y116A8C.40a.1: ['3event', 318, 0]
Y116A8C.40b.1: ['3event', 318, 0]
>7
C50C10.7.1: ['exon skipping', 0, 0]
C50C10.6.1: ['exon skipping', 0, 0]
R10E8.5.1: ['exon skipping', 0, 0]
W08G11.5.1: ['exon skipping', 0, 0]
Y116A8C.40a.1: ['5event', 115, 1]
Y116A8C.40b.1: ['3event', '5event', 8, 1]
>8
C50C10.7.1: ['5event', 73, 1]
C50C10.6.1: ['exon skipping', 0, 0]
R10E8.5.1: ['exon skipping', 0, 0]
W08G11.5.1: ['exon skipping', 0, 0]
Y116A8C.40a.1: ['exon skipping', 0, 0]
Y116A8C.40b.1: ['exon skipping', 0, 0]
