>0
F52G2.3.1: [['internal gap < 30', 13, 3], 109, 0]
K04G11.3.1: [['internal gap < 30', 13, 3], 109, 0]
F52G2.2a.1: ['no event', 112, 0]
F52G2.2b.1: ['exon skipping', 0, 0]
F52G2.2b.2: ['exon skipping', 0, 0]
F52G2.2c.1: ['exon skipping', 0, 0]
F52G2.2d.1: ['exon skipping', 0, 0]
>1
F52G2.3.1: ['exon skipping', 0, 0]
K04G11.3.1: ['exon skipping', 0, 0]
F52G2.2a.1: ['no event', 5, 2]
F52G2.2b.1: ['exon skipping', 0, 0]
F52G2.2b.2: ['exon skipping', 0, 0]
F52G2.2c.1: ['exon skipping', 0, 0]
F52G2.2d.1: ['exon skipping', 0, 0]
>2
F52G2.3.1: ['5event', ['internal gap < 30', 160, 26], 305, 2]
K04G11.3.1: ['5event', ['internal gap >= 30', 278, 32], 299, 2]
F52G2.2a.1: [['internal gap >= 30', 277, 33], 298, 2]
F52G2.2b.1: ['exon skipping', 0, 0]
F52G2.2b.2: ['exon skipping', 0, 0]
F52G2.2c.1: ['exon skipping', 0, 0]
F52G2.2d.1: ['exon skipping', 0, 0]
>3
F52G2.3.1: ['3event', 139, 2]
K04G11.3.1: [['internal gap < 30', 53, 1], 143, 2]
F52G2.2a.1: ['3event', 139, 2]
F52G2.2b.1: ['exon skipping', 0, 0]
F52G2.2b.2: ['exon skipping', 0, 0]
F52G2.2c.1: ['exon skipping', 0, 0]
F52G2.2d.1: ['exon skipping', 0, 0]
>4
F52G2.3.1: ['exon skipping', 0, 0]
K04G11.3.1: ['exon skipping', 0, 0]
F52G2.2a.1: ['5event', 134, 2]
F52G2.2b.1: ['5event', 118, 0]
F52G2.2b.2: ['5event', 118, 0]
F52G2.2c.1: ['exon skipping', 0, 0]
F52G2.2d.1: ['exon skipping', 0, 0]
>5
F52G2.3.1: ['5event', 8, 2]
K04G11.3.1: ['exon skipping', 0, 0]
F52G2.2a.1: ['exon skipping', 0, 0]
F52G2.2b.1: ['exon skipping', 0, 0]
F52G2.2b.2: ['exon skipping', 0, 0]
F52G2.2c.1: ['exon skipping', 0, 0]
F52G2.2d.1: ['exon skipping', 0, 0]
>6
F52G2.3.1: ['3event', 136, 2]
K04G11.3.1: ['exon skipping', 0, 0]
F52G2.2a.1: ['5event', ['internal gap < 30', 91, 12], 132, 2]
F52G2.2b.1: ['5event', ['internal gap < 30', 91, 12], 132, 2]
F52G2.2b.2: ['5event', ['internal gap < 30', 91, 12], 132, 2]
F52G2.2c.1: ['exon skipping', 0, 0]
F52G2.2d.1: ['exon skipping', 0, 0]
>7
F52G2.3.1: ['exon skipping', 0, 0]
K04G11.3.1: ['exon skipping', 0, 0]
F52G2.2a.1: ['no event', 142, 0]
F52G2.2b.1: ['no event', 142, 0]
F52G2.2b.2: ['no event', 142, 0]
F52G2.2c.1: ['exon skipping', 0, 0]
F52G2.2d.1: ['exon skipping', 0, 0]
>8
F52G2.3.1: ['exon skipping', 0, 0]
K04G11.3.1: ['exon skipping', 0, 0]
F52G2.2a.1: ['no event', 365, 2]
F52G2.2b.1: ['no event', 365, 2]
F52G2.2b.2: ['no event', 365, 2]
F52G2.2c.1: ['exon skipping', 0, 0]
F52G2.2d.1: ['exon skipping', 0, 0]
>9
F52G2.3.1: ['5event', ['internal gap < 30', 45, 25], 162, 2]
K04G11.3.1: ['exon skipping', 0, 0]
F52G2.2a.1: [['internal gap < 30', 153, 8], 179, 2]
F52G2.2b.1: [['internal gap < 30', 153, 8], 179, 2]
F52G2.2b.2: [['internal gap < 30', 153, 8], 179, 2]
F52G2.2c.1: ['exon skipping', 0, 0]
F52G2.2d.1: ['5event', ['internal gap < 30', 137, 24], 163, 0]
>10
F52G2.3.1: ['exon skipping', 0, 0]
K04G11.3.1: ['exon skipping', 0, 0]
F52G2.2a.1: ['no event', 278, 2]
F52G2.2b.1: ['no event', 278, 2]
F52G2.2b.2: ['no event', 278, 2]
F52G2.2c.1: ['exon skipping', 0, 0]
F52G2.2d.1: ['no event', 278, 2]
>11
F52G2.3.1: ['exon skipping', 0, 0]
K04G11.3.1: ['exon skipping', 0, 0]
F52G2.2a.1: ['no event', 216, 2]
F52G2.2b.1: ['no event', 216, 2]
F52G2.2b.2: ['no event', 216, 2]
F52G2.2c.1: ['exon skipping', 0, 0]
F52G2.2d.1: ['no event', 216, 2]
>12
F52G2.3.1: ['exon skipping', 0, 0]
K04G11.3.1: ['exon skipping', 0, 0]
F52G2.2a.1: ['no event', 163, 0]
F52G2.2b.1: ['no event', 163, 0]
F52G2.2b.2: ['no event', 163, 0]
F52G2.2c.1: ['exon skipping', 0, 0]
F52G2.2d.1: ['no event', 163, 0]
>13
F52G2.3.1: ['exon skipping', 0, 0]
K04G11.3.1: ['exon skipping', 0, 0]
F52G2.2a.1: ['no event', 105, 2]
F52G2.2b.1: ['no event', 105, 2]
F52G2.2b.2: ['no event', 105, 2]
F52G2.2c.1: ['exon skipping', 0, 0]
F52G2.2d.1: ['no event', 105, 2]
>14
F52G2.3.1: ['exon skipping', 0, 0]
K04G11.3.1: ['exon skipping', 0, 0]
F52G2.2a.1: ['no event', 127, 0]
F52G2.2b.1: ['no event', 127, 0]
F52G2.2b.2: ['no event', 127, 0]
F52G2.2c.1: ['exon skipping', 0, 0]
F52G2.2d.1: ['no event', 127, 0]
>15
F52G2.3.1: ['5event', 40, 0]
K04G11.3.1: ['exon skipping', 0, 0]
F52G2.2a.1: ['exon skipping', 0, 0]
F52G2.2b.1: ['exon skipping', 0, 0]
F52G2.2b.2: ['exon skipping', 0, 0]
F52G2.2c.1: ['exon skipping', 0, 0]
F52G2.2d.1: ['exon skipping', 0, 0]
>16
F52G2.3.1: ['exon skipping', 0, 0]
K04G11.3.1: ['exon skipping', 0, 0]
F52G2.2a.1: ['5event', 175, 2]
F52G2.2b.1: ['5event', 175, 2]
F52G2.2b.2: ['5event', 175, 2]
F52G2.2c.1: ['exon skipping', 0, 0]
F52G2.2d.1: ['5event', 175, 2]
>17
F52G2.3.1: ['exon skipping', 0, 0]
K04G11.3.1: ['exon skipping', 0, 0]
F52G2.2a.1: ['no event', 108, 1]
F52G2.2b.1: ['no event', 108, 1]
F52G2.2b.2: ['no event', 108, 1]
F52G2.2c.1: ['exon skipping', 0, 0]
F52G2.2d.1: ['no event', 108, 1]
>18
F52G2.3.1: ['5event', ['internal gap >= 30', 51, 43], 122, 2]
K04G11.3.1: ['5event', ['internal gap >= 30', 47, 74], 91, 2]
F52G2.2a.1: [['internal gap < 30', 31, 8], 157, 2]
F52G2.2b.1: [['internal gap < 30', 31, 8], 157, 2]
F52G2.2b.2: [['internal gap < 30', 31, 8], 157, 2]
F52G2.2c.1: ['5event', ['internal gap < 30', 10, 29], 136, 0]
F52G2.2d.1: [['internal gap < 30', 31, 8], 157, 2]
>19
F52G2.3.1: ['exon skipping', 0, 0]
K04G11.3.1: ['no event', 6, 1]
F52G2.2a.1: ['exon skipping', 0, 0]
F52G2.2b.1: ['exon skipping', 0, 0]
F52G2.2b.2: ['exon skipping', 0, 0]
F52G2.2c.1: ['exon skipping', 0, 0]
F52G2.2d.1: ['exon skipping', 0, 0]
>20
F52G2.3.1: ['exon skipping', 0, 0]
K04G11.3.1: ['no event', 83, 2]
F52G2.2a.1: ['exon skipping', 0, 0]
F52G2.2b.1: ['exon skipping', 0, 0]
F52G2.2b.2: ['exon skipping', 0, 0]
F52G2.2c.1: ['exon skipping', 0, 0]
F52G2.2d.1: ['exon skipping', 0, 0]
>21
F52G2.3.1: ['5event', 102, 2]
K04G11.3.1: ['3event', 72, 2]
F52G2.2a.1: ['5event', ['internal gap < 30', 17, 5], 102, 2]
F52G2.2b.1: ['5event', ['internal gap < 30', 17, 5], 102, 2]
F52G2.2b.2: ['5event', ['internal gap < 30', 17, 5], 102, 2]
F52G2.2c.1: ['5event', ['internal gap < 30', 17, 5], 102, 2]
F52G2.2d.1: ['5event', ['internal gap < 30', 17, 5], 102, 2]
>22
F52G2.3.1: ['exon skipping', 0, 0]
K04G11.3.1: ['5event', 6, 2]
F52G2.2a.1: ['exon skipping', 0, 0]
F52G2.2b.1: ['exon skipping', 0, 0]
F52G2.2b.2: ['exon skipping', 0, 0]
F52G2.2c.1: ['exon skipping', 0, 0]
F52G2.2d.1: ['exon skipping', 0, 0]
>23
F52G2.3.1: ['5event', ['internal gap >= 30', 105, 35], 176, 0]
K04G11.3.1: ['3event', 183, 0]
F52G2.2a.1: ['5event', ['internal gap >= 30', 105, 35], 176, 0]
F52G2.2b.1: ['5event', ['internal gap >= 30', 105, 35], 176, 0]
F52G2.2b.2: ['5event', ['internal gap >= 30', 105, 35], 176, 0]
F52G2.2c.1: ['5event', ['internal gap >= 30', 105, 35], 176, 0]
F52G2.2d.1: ['5event', ['internal gap >= 30', 105, 35], 176, 0]
>24
F52G2.3.1: ['exon skipping', 0, 0]
K04G11.3.1: ['5event', 111, 2]
F52G2.2a.1: ['exon skipping', 0, 0]
F52G2.2b.1: ['exon skipping', 0, 0]
F52G2.2b.2: ['exon skipping', 0, 0]
F52G2.2c.1: ['exon skipping', 0, 0]
F52G2.2d.1: ['exon skipping', 0, 0]
>25
F52G2.3.1: ['5event', ['internal gap < 30', 200, 14], 245, 0]
K04G11.3.1: ['exon skipping', 0, 0]
F52G2.2a.1: ['5event', ['internal gap < 30', 225, 20], 239, 0]
F52G2.2b.1: ['5event', ['internal gap < 30', 225, 20], 239, 0]
F52G2.2b.2: ['5event', ['internal gap < 30', 225, 20], 239, 0]
F52G2.2c.1: ['5event', ['internal gap < 30', 225, 20], 239, 0]
F52G2.2d.1: ['5event', ['internal gap < 30', 225, 20], 239, 0]
>26
F52G2.3.1: ['3event', 406, 0]
K04G11.3.1: ['exon skipping', 0, 0]
F52G2.2a.1: [['internal gap >= 30', 312, 31], 560, 0]
F52G2.2b.1: [['internal gap >= 30', 312, 31], 560, 0]
F52G2.2b.2: [['internal gap >= 30', 312, 31], 560, 0]
F52G2.2c.1: [['internal gap >= 30', 312, 31], 560, 0]
F52G2.2d.1: [['internal gap >= 30', 312, 31], 560, 0]
>27
F52G2.3.1: ['exon skipping', 0, 0]
K04G11.3.1: ['exon skipping', 0, 0]
F52G2.2a.1: ['no event', 35, 0]
F52G2.2b.1: ['no event', 35, 0]
F52G2.2b.2: ['no event', 35, 0]
F52G2.2c.1: ['no event', 35, 0]
F52G2.2d.1: ['no event', 35, 0]
