>0
K11C4.1.1: [['internal gap >= 30', 148, 47], 167, 0]
C17C3.11.1: [['internal gap >= 30', 145, 50], 164, 0]
C17C3.11.2: [['internal gap >= 30', 145, 50], 164, 0]
C25H3.1.1: ['5event', ['internal gap >= 30', 151, 44], 170, 0]
F59E12.3.1: ['3event', '5event', 180, 0]
>1
K11C4.1.1: ['3event', 74, 0]
C17C3.11.1: ['3event', 74, 0]
C17C3.11.2: ['3event', 74, 0]
C25H3.1.1: [['internal gap < 30', 59, 9], 73, 0]
F59E12.3.1: ['5event', ['internal gap < 30', 46, 19], 63, 0]
>2
K11C4.1.1: ['5event', ['internal gap < 30', 224, 4], 246, 1]
C17C3.11.1: ['5event', ['internal gap < 30', 225, 3], 247, 1]
C17C3.11.2: ['5event', ['internal gap < 30', 225, 3], 247, 1]
C25H3.1.1: [['internal gap < 30', 200, 6], 244, 1]
F59E12.3.1: ['3event', 183, 1]
>3
K11C4.1.1: ['no event', 147, 2]
C17C3.11.1: ['exon skipping', 0, 0]
C17C3.11.2: ['exon skipping', 0, 0]
C25H3.1.1: ['no event', 147, 2]
F59E12.3.1: ['exon skipping', 0, 0]
>4
K11C4.1.1: [['internal gap < 30', 1, 1], 158, 2]
C17C3.11.1: ['exon skipping', 0, 0]
C17C3.11.2: ['exon skipping', 0, 0]
C25H3.1.1: ['exon skipping', 0, 0]
F59E12.3.1: ['exon skipping', 0, 0]
>5
K11C4.1.1: ['no event', 132, 2]
C17C3.11.1: ['exon skipping', 0, 0]
C17C3.11.2: ['exon skipping', 0, 0]
C25H3.1.1: ['exon skipping', 0, 0]
F59E12.3.1: ['exon skipping', 0, 0]
