>0
T28B4.1a.1: ['exon skipping', 0, 0]
T28B4.1b.1: ['exon skipping', 0, 0]
T28B4.1c.1: ['no event', 38, 0]
T28B4.1c.2: ['no event', 38, 0]
FBtr0085428: ['exon skipping', 0, 0]
FBtr0333187: ['exon skipping', 0, 0]
FBtr0085427: ['exon skipping', 0, 0]
>1
T28B4.1a.1: ['exon skipping', 0, 0]
T28B4.1b.1: ['exon skipping', 0, 0]
T28B4.1c.1: ['exon skipping', 0, 0]
T28B4.1c.2: ['exon skipping', 0, 0]
FBtr0085428: ['exon skipping', 0, 0]
FBtr0333187: ['5event', 83, 0]
FBtr0085427: ['5event', 83, 0]
>2
T28B4.1a.1: ['exon skipping', 0, 0]
T28B4.1b.1: ['exon skipping', 0, 0]
T28B4.1c.1: ['5event', 152, 0]
T28B4.1c.2: ['5event', 152, 0]
FBtr0085428: ['exon skipping', 0, 0]
FBtr0333187: ['exon skipping', 0, 0]
FBtr0085427: ['exon skipping', 0, 0]
>3
T28B4.1a.1: ['exon skipping', 0, 0]
T28B4.1b.1: ['5event', ['internal gap < 30', 31, 10], 89, 0]
T28B4.1c.1: ['exon skipping', 0, 0]
T28B4.1c.2: ['exon skipping', 0, 0]
FBtr0085428: ['3event', '5event', 96, 0]
FBtr0333187: ['exon skipping', 0, 0]
FBtr0085427: ['exon skipping', 0, 0]
>4
T28B4.1a.1: ['5event', 140, 0]
T28B4.1b.1: ['exon skipping', 0, 0]
T28B4.1c.1: ['exon skipping', 0, 0]
T28B4.1c.2: ['exon skipping', 0, 0]
FBtr0085428: ['exon skipping', 0, 0]
FBtr0333187: ['exon skipping', 0, 0]
FBtr0085427: ['exon skipping', 0, 0]
>5
T28B4.1a.1: ['no event', 63, 0]
T28B4.1b.1: ['5event', 62, 0]
T28B4.1c.1: ['5event', 62, 0]
T28B4.1c.2: ['5event', 62, 0]
FBtr0085428: ['5event', 62, 0]
FBtr0333187: ['5event', 62, 0]
FBtr0085427: ['5event', 62, 0]
>6
T28B4.1a.1: ['no event', 101, 0]
T28B4.1b.1: ['no event', 101, 0]
T28B4.1c.1: ['no event', 101, 0]
T28B4.1c.2: ['no event', 101, 0]
FBtr0085428: ['exon skipping', 0, 0]
FBtr0333187: ['exon skipping', 0, 0]
FBtr0085427: ['exon skipping', 0, 0]
>7
T28B4.1a.1: ['no event', 150, 0]
T28B4.1b.1: ['no event', 150, 0]
T28B4.1c.1: ['no event', 150, 0]
T28B4.1c.2: ['no event', 150, 0]
FBtr0085428: ['exon skipping', 0, 0]
FBtr0333187: ['exon skipping', 0, 0]
FBtr0085427: ['exon skipping', 0, 0]
>8
T28B4.1a.1: ['no event', 161, 1]
T28B4.1b.1: ['no event', 161, 1]
T28B4.1c.1: ['no event', 161, 1]
T28B4.1c.2: ['no event', 161, 1]
FBtr0085428: ['exon skipping', 0, 0]
FBtr0333187: ['exon skipping', 0, 0]
FBtr0085427: ['exon skipping', 0, 0]
>9
T28B4.1a.1: ['no event', 266, 1]
T28B4.1b.1: ['no event', 266, 1]
T28B4.1c.1: ['no event', 266, 1]
T28B4.1c.2: ['no event', 266, 1]
FBtr0085428: ['exon skipping', 0, 0]
FBtr0333187: ['exon skipping', 0, 0]
FBtr0085427: ['exon skipping', 0, 0]
>10
T28B4.1a.1: ['exon skipping', 0, 0]
T28B4.1b.1: ['exon skipping', 0, 0]
T28B4.1c.1: ['exon skipping', 0, 0]
T28B4.1c.2: ['exon skipping', 0, 0]
FBtr0085428: ['5event', 261, 0]
FBtr0333187: ['5event', 261, 0]
FBtr0085427: ['5event', 261, 0]
>11
T28B4.1a.1: ['exon skipping', 0, 0]
T28B4.1b.1: ['exon skipping', 0, 0]
T28B4.1c.1: ['exon skipping', 0, 0]
T28B4.1c.2: ['exon skipping', 0, 0]
FBtr0085428: ['no event', 618, 1]
FBtr0333187: ['no event', 618, 1]
FBtr0085427: ['no event', 618, 1]
>12
T28B4.1a.1: ['5event', 369, 1]
T28B4.1b.1: ['5event', 369, 1]
T28B4.1c.1: ['5event', 369, 1]
T28B4.1c.2: ['5event', 369, 1]
FBtr0085428: [['internal gap >= 30', 12, 202], 169, 2]
FBtr0333187: [['internal gap >= 30', 12, 202], 169, 2]
FBtr0085427: [['internal gap >= 30', 12, 202], 169, 2]
>13
T28B4.1a.1: [['internal gap >= 30', 155, 37], 158, 2]
T28B4.1b.1: [['internal gap >= 30', 155, 37], 158, 2]
T28B4.1c.1: [['internal gap >= 30', 155, 37], 158, 2]
T28B4.1c.2: [['internal gap >= 30', 155, 37], 158, 2]
FBtr0085428: [['internal gap < 30', 25, 12], 183, 2]
FBtr0333187: [['internal gap < 30', 25, 12], 183, 2]
FBtr0085427: [['internal gap < 30', 25, 12], 183, 2]
>14
T28B4.1a.1: ['exon skipping', 0, 0]
T28B4.1b.1: ['exon skipping', 0, 0]
T28B4.1c.1: ['exon skipping', 0, 0]
T28B4.1c.2: ['exon skipping', 0, 0]
FBtr0085428: ['no event', 19, 0]
FBtr0333187: ['no event', 19, 0]
FBtr0085427: ['no event', 19, 0]
>15
T28B4.1a.1: ['5event', 192, 2]
T28B4.1b.1: ['5event', 192, 2]
T28B4.1c.1: ['5event', 192, 2]
T28B4.1c.2: ['5event', 192, 2]
FBtr0085428: ['3event', 136, 2]
FBtr0333187: ['3event', 136, 2]
FBtr0085427: ['3event', 136, 2]
