>0
K08H2.9.1: ['3event', '5event', 84, 0]
C18G1.3a.1: ['exon skipping', 0, 0]
C18G1.3b.1: ['3event', 90, 0]
F22F7.6.1: ['5event', ['internal gap >= 30', 28, 41], 77, 0]
F21H7.10.1: ['3event', '5event', 72, 0]
C54C8.2.1: ['3event', '5event', 87, 0]
T15D6.4.1: ['3event', '5event', 75, 0]
F56H6.6.1: ['exon skipping', 0, 0]
>1
K08H2.9.1: ['5event', ['internal gap >= 30', 45, 62], 127, 0]
C18G1.3a.1: ['exon skipping', 0, 0]
C18G1.3b.1: ['5event', ['internal gap >= 30', 55, 56], 133, 0]
F22F7.6.1: [['internal gap >= 30', 68, 52], 137, 0]
F21H7.10.1: ['5event', ['internal gap < 30', 76, 17], 172, 0]
C54C8.2.1: ['5event', ['internal gap >= 30', 42, 83], 106, 0]
T15D6.4.1: ['5event', ['internal gap >= 30', 54, 71], 118, 0]
F56H6.6.1: ['5event', ['internal gap < 30', 73, 20], 169, 0]
>2
K08H2.9.1: [['internal gap < 30', 10, 3], 192, 2]
C18G1.3a.1: ['exon skipping', 0, 0]
C18G1.3b.1: [['internal gap < 30', 10, 3], 192, 2]
F22F7.6.1: [['internal gap < 30', 10, 3], 192, 2]
F21H7.10.1: ['no event', 195, 2]
C54C8.2.1: [['internal gap < 30', 10, 3], 192, 2]
T15D6.4.1: [['internal gap < 30', 10, 3], 192, 2]
F56H6.6.1: [['internal gap < 30', 10, 3], 192, 2]
>3
K08H2.9.1: [['internal gap >= 30', 105, 1145], 309, 0]
C18G1.3a.1: ['5event', 148, 0]
C18G1.3b.1: [['internal gap >= 30', 105, 1145], 309, 0]
F22F7.6.1: [['internal gap >= 30', 105, 1145], 309, 0]
F21H7.10.1: [['internal gap >= 30', 105, 1145], 309, 0]
C54C8.2.1: [['internal gap >= 30', 102, 1148], 306, 0]
T15D6.4.1: [['internal gap >= 30', 102, 1148], 306, 0]
F56H6.6.1: [['internal gap >= 30', 102, 1148], 306, 0]
>4
K08H2.9.1: [['internal gap < 30', 23, 6], 71, 2]
C18G1.3a.1: [['internal gap < 30', 23, 6], 71, 2]
C18G1.3b.1: [['internal gap < 30', 23, 6], 71, 2]
F22F7.6.1: [['internal gap < 30', 26, 3], 74, 2]
F21H7.10.1: [['internal gap < 30', 10, 3], 74, 2]
C54C8.2.1: [['internal gap < 30', 23, 6], 71, 2]
T15D6.4.1: [['internal gap < 30', 23, 6], 71, 2]
F56H6.6.1: [['internal gap < 30', 23, 6], 71, 2]
>5
K08H2.9.1: ['no event', 116, 2]
C18G1.3a.1: ['no event', 116, 2]
C18G1.3b.1: ['no event', 116, 2]
F22F7.6.1: ['no event', 116, 2]
F21H7.10.1: ['no event', 116, 2]
C54C8.2.1: ['no event', 116, 2]
T15D6.4.1: ['no event', 116, 2]
F56H6.6.1: ['no event', 116, 2]
>6
K08H2.9.1: ['no event', 93, 2]
C18G1.3a.1: ['no event', 93, 2]
C18G1.3b.1: ['no event', 93, 2]
F22F7.6.1: ['no event', 93, 2]
F21H7.10.1: ['no event', 93, 2]
C54C8.2.1: ['no event', 93, 2]
T15D6.4.1: ['no event', 93, 2]
F56H6.6.1: ['no event', 93, 2]
>7
K08H2.9.1: ['no event', 140, 0]
C18G1.3a.1: ['no event', 140, 0]
C18G1.3b.1: ['no event', 140, 0]
F22F7.6.1: ['no event', 140, 0]
F21H7.10.1: ['no event', 140, 0]
C54C8.2.1: ['no event', 140, 0]
T15D6.4.1: ['no event', 140, 0]
F56H6.6.1: ['no event', 140, 0]
>8
K08H2.9.1: ['3event', 80, 2]
C18G1.3a.1: ['exon skipping', 0, 0]
C18G1.3b.1: ['exon skipping', 0, 0]
F22F7.6.1: [['internal gap < 30', 1, 4], 81, 2]
F21H7.10.1: [['internal gap < 30', 1, 4], 81, 2]
C54C8.2.1: ['3event', 80, 2]
T15D6.4.1: ['3event', 80, 2]
F56H6.6.1: ['3event', 80, 2]
>9
K08H2.9.1: ['exon skipping', 0, 0]
C18G1.3a.1: ['5event', 6, 2]
C18G1.3b.1: ['exon skipping', 0, 0]
F22F7.6.1: ['exon skipping', 0, 0]
F21H7.10.1: ['exon skipping', 0, 0]
C54C8.2.1: ['exon skipping', 0, 0]
T15D6.4.1: ['exon skipping', 0, 0]
F56H6.6.1: ['exon skipping', 0, 0]
