>0
K09E10.2a.1: ['no event', 124, 0]
K09E10.2b.1: ['no event', 124, 0]
K09E10.2b.2: ['no event', 124, 0]
K09E10.1a.1: [['internal gap < 30', 6, 6], 118, 0]
K09E10.1b.1: [['internal gap < 30', 6, 6], 118, 0]
>1
K09E10.2a.1: ['no event', 403, 2]
K09E10.2b.1: ['no event', 403, 2]
K09E10.2b.2: ['no event', 403, 2]
K09E10.1a.1: ['no event', 403, 2]
K09E10.1b.1: ['no event', 403, 2]
>2
K09E10.2a.1: ['3event', 348, 1]
K09E10.2b.1: [['internal gap < 30', 237, 8], 363, 1]
K09E10.2b.2: [['internal gap < 30', 237, 8], 363, 1]
K09E10.1a.1: [['internal gap < 30', 253, 20], 351, 1]
K09E10.1b.1: [['internal gap < 30', 253, 20], 351, 1]
>3
K09E10.2a.1: ['exon skipping', 0, 0]
K09E10.2b.1: ['no event', 3, 2]
K09E10.2b.2: ['no event', 3, 2]
K09E10.1a.1: ['exon skipping', 0, 0]
K09E10.1b.1: ['exon skipping', 0, 0]
>4
K09E10.2a.1: ['5event', 166, 2]
K09E10.2b.1: ['exon skipping', 0, 0]
K09E10.2b.2: ['exon skipping', 0, 0]
K09E10.1a.1: ['5event', 166, 2]
K09E10.1b.1: ['5event', 166, 2]
>5
K09E10.2a.1: ['no event', 63, 1]
K09E10.2b.1: ['exon skipping', 0, 0]
K09E10.2b.2: ['exon skipping', 0, 0]
K09E10.1a.1: ['no event', 63, 1]
K09E10.1b.1: ['exon skipping', 0, 0]
>6
K09E10.2a.1: [['internal gap < 30', 61, 12], 178, 2]
K09E10.2b.1: ['exon skipping', 0, 0]
K09E10.2b.2: ['exon skipping', 0, 0]
K09E10.1a.1: [['internal gap < 30', 141, 6], 184, 2]
K09E10.1b.1: ['exon skipping', 0, 0]
>7
K09E10.2a.1: ['no event', 109, 1]
K09E10.2b.1: ['exon skipping', 0, 0]
K09E10.2b.2: ['exon skipping', 0, 0]
K09E10.1a.1: ['no event', 109, 1]
K09E10.1b.1: ['exon skipping', 0, 0]
>8
K09E10.2a.1: ['no event', 120, 0]
K09E10.2b.1: ['exon skipping', 0, 0]
K09E10.2b.2: ['exon skipping', 0, 0]
K09E10.1a.1: ['no event', 120, 0]
K09E10.1b.1: ['exon skipping', 0, 0]
>9
K09E10.2a.1: ['no event', 116, 1]
K09E10.2b.1: ['exon skipping', 0, 0]
K09E10.2b.2: ['exon skipping', 0, 0]
K09E10.1a.1: [['internal gap < 30', 35, 6], 110, 1]
K09E10.1b.1: ['5event', ['internal gap < 30', 30, 11], 105, 1]
>10
K09E10.2a.1: ['no event', 213, 2]
K09E10.2b.1: ['exon skipping', 0, 0]
K09E10.2b.2: ['exon skipping', 0, 0]
K09E10.1a.1: [['internal gap < 30', 46, 9], 204, 2]
K09E10.1b.1: [['internal gap < 30', 46, 9], 204, 2]
>11
K09E10.2a.1: ['no event', 245, 0]
K09E10.2b.1: ['exon skipping', 0, 0]
K09E10.2b.2: ['exon skipping', 0, 0]
K09E10.1a.1: ['no event', 245, 0]
K09E10.1b.1: ['no event', 245, 0]
