>0
F59A7.2.1: ['5event', 84, 0]
Y48G9A.7.1: ['exon skipping', 0, 0]
R08E5.4.1: [['internal gap < 30', 28, 12], 87, 0]
Y39H10A.1.1: [['internal gap < 30', 33, 6], 93, 0]
>1
F59A7.2.1: [['internal gap >= 30', 67, 36], 183, 1]
Y48G9A.7.1: ['5event', ['internal gap >= 30', 90, 72], 147, 0]
R08E5.4.1: [['internal gap < 30', 30, 3], 216, 1]
Y39H10A.1.1: [['internal gap < 30', 60, 3], 216, 1]
>2
F59A7.2.1: ['no event', 82, 1]
Y48G9A.7.1: ['no event', 82, 1]
R08E5.4.1: ['no event', 82, 1]
Y39H10A.1.1: ['no event', 82, 1]
>3
F59A7.2.1: ['exon skipping', 0, 0]
Y48G9A.7.1: ['exon skipping', 0, 0]
R08E5.4.1: ['exon skipping', 0, 0]
Y39H10A.1.1: ['no event', 2, 0]
