>0
ENSPMAT00000006561: ['exon skipping', 0, 0]
ENSEBUT00000021594: ['no event', 89, 0]
ENSDCDT00000063585: ['exon skipping', 0, 0]
ENSDCDT00000063599: ['exon skipping', 0, 0]
ENSDCDT00000063608: ['exon skipping', 0, 0]
ENSDCDT00000063609: ['exon skipping', 0, 0]
ENSDCDT00000063611: ['exon skipping', 0, 0]
ENSDCDT00000063615: ['exon skipping', 0, 0]
ENSDCDT00000063616: ['exon skipping', 0, 0]
ENSCHAT00000056176: ['exon skipping', 0, 0]
ENSCHAT00000056193: ['exon skipping', 0, 0]
ENSCHAT00000056205: ['exon skipping', 0, 0]
ENSCHAT00000056223: ['exon skipping', 0, 0]
ENSCHAT00000056243: ['exon skipping', 0, 0]
ENSCHAT00000056255: ['exon skipping', 0, 0]
ENSCHAT00000056262: ['exon skipping', 0, 0]
ENSCHAT00000056274: ['exon skipping', 0, 0]
ENSCHAT00000056283: ['exon skipping', 0, 0]
ENSCHAT00000056295: ['exon skipping', 0, 0]
ENSAMXT00000008899: ['exon skipping', 0, 0]
>1
ENSPMAT00000006561: ['5event', ['internal gap < 30', 126, 11], 213, 0]
ENSEBUT00000021594: [['internal gap < 30', 63, 25], 199, 0]
ENSDCDT00000063585: ['5event', ['internal gap < 30', 108, 29], 195, 0]
ENSDCDT00000063599: ['5event', ['internal gap < 30', 108, 29], 195, 0]
ENSDCDT00000063608: ['5event', ['internal gap < 30', 108, 29], 195, 0]
ENSDCDT00000063609: ['5event', ['internal gap < 30', 108, 29], 195, 0]
ENSDCDT00000063611: ['5event', ['internal gap < 30', 108, 29], 195, 0]
ENSDCDT00000063615: ['5event', ['internal gap < 30', 108, 29], 195, 0]
ENSDCDT00000063616: ['5event', ['internal gap < 30', 108, 29], 195, 0]
ENSCHAT00000056176: ['5event', ['internal gap >= 30', 105, 32], 192, 0]
ENSCHAT00000056193: ['5event', ['internal gap >= 30', 105, 32], 192, 0]
ENSCHAT00000056205: ['5event', ['internal gap >= 30', 105, 32], 192, 0]
ENSCHAT00000056223: ['5event', ['internal gap >= 30', 105, 32], 192, 0]
ENSCHAT00000056243: ['5event', ['internal gap >= 30', 105, 32], 192, 0]
ENSCHAT00000056255: ['5event', ['internal gap >= 30', 105, 32], 192, 0]
ENSCHAT00000056262: ['5event', ['internal gap >= 30', 105, 32], 192, 0]
ENSCHAT00000056274: ['5event', ['internal gap >= 30', 105, 32], 192, 0]
ENSCHAT00000056283: ['5event', ['internal gap >= 30', 105, 32], 192, 0]
ENSCHAT00000056295: ['5event', ['internal gap >= 30', 105, 32], 192, 0]
ENSAMXT00000008899: ['5event', ['internal gap < 30', 59, 29], 195, 0]
>2
ENSPMAT00000006561: ['no event', 76, 1]
ENSEBUT00000021594: ['no event', 76, 1]
ENSDCDT00000063585: ['no event', 76, 1]
ENSDCDT00000063599: ['no event', 76, 1]
ENSDCDT00000063608: ['no event', 76, 1]
ENSDCDT00000063609: ['no event', 76, 1]
ENSDCDT00000063611: ['no event', 76, 1]
ENSDCDT00000063615: ['no event', 76, 1]
ENSDCDT00000063616: ['no event', 76, 1]
ENSCHAT00000056176: ['no event', 76, 1]
ENSCHAT00000056193: ['no event', 76, 1]
ENSCHAT00000056205: ['no event', 76, 1]
ENSCHAT00000056223: ['no event', 76, 1]
ENSCHAT00000056243: ['no event', 76, 1]
ENSCHAT00000056255: ['no event', 76, 1]
ENSCHAT00000056262: ['no event', 76, 1]
ENSCHAT00000056274: ['no event', 76, 1]
ENSCHAT00000056283: ['no event', 76, 1]
ENSCHAT00000056295: ['no event', 76, 1]
ENSAMXT00000008899: ['no event', 76, 1]
>3
ENSPMAT00000006561: ['no event', 39, 0]
ENSEBUT00000021594: ['exon skipping', 0, 0]
ENSDCDT00000063585: ['exon skipping', 0, 0]
ENSDCDT00000063599: ['exon skipping', 0, 0]
ENSDCDT00000063608: ['exon skipping', 0, 0]
ENSDCDT00000063609: ['exon skipping', 0, 0]
ENSDCDT00000063611: ['exon skipping', 0, 0]
ENSDCDT00000063615: ['exon skipping', 0, 0]
ENSDCDT00000063616: ['exon skipping', 0, 0]
ENSCHAT00000056176: ['exon skipping', 0, 0]
ENSCHAT00000056193: ['exon skipping', 0, 0]
ENSCHAT00000056205: ['exon skipping', 0, 0]
ENSCHAT00000056223: ['exon skipping', 0, 0]
ENSCHAT00000056243: ['exon skipping', 0, 0]
ENSCHAT00000056255: ['exon skipping', 0, 0]
ENSCHAT00000056262: ['exon skipping', 0, 0]
ENSCHAT00000056274: ['exon skipping', 0, 0]
ENSCHAT00000056283: ['exon skipping', 0, 0]
ENSCHAT00000056295: ['exon skipping', 0, 0]
ENSAMXT00000008899: ['exon skipping', 0, 0]
>4
ENSPMAT00000006561: ['no event', 78, 1]
ENSEBUT00000021594: ['exon skipping', 0, 0]
ENSDCDT00000063585: ['exon skipping', 0, 0]
ENSDCDT00000063599: ['exon skipping', 0, 0]
ENSDCDT00000063608: ['exon skipping', 0, 0]
ENSDCDT00000063609: ['exon skipping', 0, 0]
ENSDCDT00000063611: ['exon skipping', 0, 0]
ENSDCDT00000063615: ['exon skipping', 0, 0]
ENSDCDT00000063616: ['exon skipping', 0, 0]
ENSCHAT00000056176: ['exon skipping', 0, 0]
ENSCHAT00000056193: ['exon skipping', 0, 0]
ENSCHAT00000056205: ['exon skipping', 0, 0]
ENSCHAT00000056223: ['exon skipping', 0, 0]
ENSCHAT00000056243: ['exon skipping', 0, 0]
ENSCHAT00000056255: ['exon skipping', 0, 0]
ENSCHAT00000056262: ['exon skipping', 0, 0]
ENSCHAT00000056274: ['exon skipping', 0, 0]
ENSCHAT00000056283: ['exon skipping', 0, 0]
ENSCHAT00000056295: ['exon skipping', 0, 0]
ENSAMXT00000008899: ['exon skipping', 0, 0]
>5
ENSPMAT00000006561: ['no event', 24, 2]
ENSEBUT00000021594: ['exon skipping', 0, 0]
ENSDCDT00000063585: ['exon skipping', 0, 0]
ENSDCDT00000063599: ['exon skipping', 0, 0]
ENSDCDT00000063608: ['exon skipping', 0, 0]
ENSDCDT00000063609: ['exon skipping', 0, 0]
ENSDCDT00000063611: ['exon skipping', 0, 0]
ENSDCDT00000063615: ['exon skipping', 0, 0]
ENSDCDT00000063616: ['exon skipping', 0, 0]
ENSCHAT00000056176: ['exon skipping', 0, 0]
ENSCHAT00000056193: ['exon skipping', 0, 0]
ENSCHAT00000056205: ['exon skipping', 0, 0]
ENSCHAT00000056223: ['exon skipping', 0, 0]
ENSCHAT00000056243: ['exon skipping', 0, 0]
ENSCHAT00000056255: ['exon skipping', 0, 0]
ENSCHAT00000056262: ['exon skipping', 0, 0]
ENSCHAT00000056274: ['exon skipping', 0, 0]
ENSCHAT00000056283: ['exon skipping', 0, 0]
ENSCHAT00000056295: ['exon skipping', 0, 0]
ENSAMXT00000008899: ['exon skipping', 0, 0]
>6
ENSPMAT00000006561: ['no event', 106, 0]
ENSEBUT00000021594: ['5event', 101, 0]
ENSDCDT00000063585: ['5event', 101, 0]
ENSDCDT00000063599: ['5event', 101, 0]
ENSDCDT00000063608: ['5event', 101, 0]
ENSDCDT00000063609: ['5event', 101, 0]
ENSDCDT00000063611: ['5event', 101, 0]
ENSDCDT00000063615: ['5event', 101, 0]
ENSDCDT00000063616: ['5event', 101, 0]
ENSCHAT00000056176: ['5event', 101, 0]
ENSCHAT00000056193: ['5event', 101, 0]
ENSCHAT00000056205: ['5event', 101, 0]
ENSCHAT00000056223: ['5event', 101, 0]
ENSCHAT00000056243: ['5event', 101, 0]
ENSCHAT00000056255: ['5event', 101, 0]
ENSCHAT00000056262: ['5event', 101, 0]
ENSCHAT00000056274: ['5event', 101, 0]
ENSCHAT00000056283: ['5event', 101, 0]
ENSCHAT00000056295: ['5event', 101, 0]
ENSAMXT00000008899: ['5event', 101, 0]
>7
ENSPMAT00000006561: ['no event', 59, 0]
ENSEBUT00000021594: ['no event', 59, 0]
ENSDCDT00000063585: ['no event', 59, 0]
ENSDCDT00000063599: ['no event', 59, 0]
ENSDCDT00000063608: ['no event', 59, 0]
ENSDCDT00000063609: ['no event', 59, 0]
ENSDCDT00000063611: ['no event', 59, 0]
ENSDCDT00000063615: ['no event', 59, 0]
ENSDCDT00000063616: ['no event', 59, 0]
ENSCHAT00000056176: ['no event', 59, 0]
ENSCHAT00000056193: ['no event', 59, 0]
ENSCHAT00000056205: ['no event', 59, 0]
ENSCHAT00000056223: ['no event', 59, 0]
ENSCHAT00000056243: ['no event', 59, 0]
ENSCHAT00000056255: ['no event', 59, 0]
ENSCHAT00000056262: ['no event', 59, 0]
ENSCHAT00000056274: ['no event', 59, 0]
ENSCHAT00000056283: ['no event', 59, 0]
ENSCHAT00000056295: ['no event', 59, 0]
ENSAMXT00000008899: ['no event', 59, 0]
>8
ENSPMAT00000006561: ['exon skipping', 0, 0]
ENSEBUT00000021594: ['exon skipping', 0, 0]
ENSDCDT00000063585: ['exon skipping', 0, 0]
ENSDCDT00000063599: ['exon skipping', 0, 0]
ENSDCDT00000063608: ['exon skipping', 0, 0]
ENSDCDT00000063609: ['exon skipping', 0, 0]
ENSDCDT00000063611: ['exon skipping', 0, 0]
ENSDCDT00000063615: ['exon skipping', 0, 0]
ENSDCDT00000063616: ['exon skipping', 0, 0]
ENSCHAT00000056176: ['no event', 11, 0]
ENSCHAT00000056193: ['no event', 11, 0]
ENSCHAT00000056205: ['no event', 11, 0]
ENSCHAT00000056223: ['exon skipping', 0, 0]
ENSCHAT00000056243: ['no event', 11, 0]
ENSCHAT00000056255: ['no event', 11, 0]
ENSCHAT00000056262: ['exon skipping', 0, 0]
ENSCHAT00000056274: ['no event', 11, 0]
ENSCHAT00000056283: ['exon skipping', 0, 0]
ENSCHAT00000056295: ['no event', 11, 0]
ENSAMXT00000008899: ['exon skipping', 0, 0]
>9
ENSPMAT00000006561: ['5event', 69, 0]
ENSEBUT00000021594: ['5event', 69, 0]
ENSDCDT00000063585: ['5event', 69, 0]
ENSDCDT00000063599: ['5event', 69, 0]
ENSDCDT00000063608: ['5event', 69, 0]
ENSDCDT00000063609: ['5event', 69, 0]
ENSDCDT00000063611: ['5event', 69, 0]
ENSDCDT00000063615: ['5event', 69, 0]
ENSDCDT00000063616: ['5event', 69, 0]
ENSCHAT00000056176: ['exon skipping', 0, 0]
ENSCHAT00000056193: ['exon skipping', 0, 0]
ENSCHAT00000056205: ['exon skipping', 0, 0]
ENSCHAT00000056223: ['5event', 69, 0]
ENSCHAT00000056243: ['exon skipping', 0, 0]
ENSCHAT00000056255: ['exon skipping', 0, 0]
ENSCHAT00000056262: ['5event', 69, 0]
ENSCHAT00000056274: ['exon skipping', 0, 0]
ENSCHAT00000056283: ['5event', 69, 0]
ENSCHAT00000056295: ['exon skipping', 0, 0]
ENSAMXT00000008899: ['5event', 69, 0]
>10
ENSPMAT00000006561: ['exon skipping', 0, 0]
ENSEBUT00000021594: ['exon skipping', 0, 0]
ENSDCDT00000063585: ['exon skipping', 0, 0]
ENSDCDT00000063599: ['exon skipping', 0, 0]
ENSDCDT00000063608: ['exon skipping', 0, 0]
ENSDCDT00000063609: ['exon skipping', 0, 0]
ENSDCDT00000063611: ['exon skipping', 0, 0]
ENSDCDT00000063615: ['exon skipping', 0, 0]
ENSDCDT00000063616: ['exon skipping', 0, 0]
ENSCHAT00000056176: ['5event', 51, 0]
ENSCHAT00000056193: ['5event', 51, 0]
ENSCHAT00000056205: ['5event', 51, 0]
ENSCHAT00000056223: ['exon skipping', 0, 0]
ENSCHAT00000056243: ['5event', 51, 0]
ENSCHAT00000056255: ['5event', 51, 0]
ENSCHAT00000056262: ['exon skipping', 0, 0]
ENSCHAT00000056274: ['5event', 51, 0]
ENSCHAT00000056283: ['exon skipping', 0, 0]
ENSCHAT00000056295: ['5event', 51, 0]
ENSAMXT00000008899: ['exon skipping', 0, 0]
>11
ENSPMAT00000006561: ['5event', 165, 1]
ENSEBUT00000021594: ['5event', 165, 1]
ENSDCDT00000063585: ['5event', 165, 1]
ENSDCDT00000063599: ['5event', 165, 1]
ENSDCDT00000063608: ['5event', 165, 1]
ENSDCDT00000063609: ['5event', 165, 1]
ENSDCDT00000063611: ['5event', 165, 1]
ENSDCDT00000063615: ['5event', 165, 1]
ENSDCDT00000063616: ['5event', 165, 1]
ENSCHAT00000056176: ['no event', 166, 1]
ENSCHAT00000056193: ['no event', 166, 1]
ENSCHAT00000056205: ['no event', 166, 1]
ENSCHAT00000056223: ['5event', 165, 1]
ENSCHAT00000056243: ['no event', 166, 1]
ENSCHAT00000056255: ['no event', 166, 1]
ENSCHAT00000056262: ['5event', 165, 1]
ENSCHAT00000056274: ['no event', 166, 1]
ENSCHAT00000056283: ['5event', 165, 1]
ENSCHAT00000056295: ['no event', 166, 1]
ENSAMXT00000008899: ['5event', 165, 1]
>12
ENSPMAT00000006561: [['internal gap >= 30', 70, 839], 225, 2]
ENSEBUT00000021594: [['internal gap >= 30', 70, 839], 225, 2]
ENSDCDT00000063585: [['internal gap >= 30', 71, 839], 225, 2]
ENSDCDT00000063599: [['internal gap >= 30', 71, 839], 225, 2]
ENSDCDT00000063608: [['internal gap >= 30', 71, 839], 225, 2]
ENSDCDT00000063609: [['internal gap >= 30', 71, 839], 225, 2]
ENSDCDT00000063611: [['internal gap >= 30', 71, 839], 225, 2]
ENSDCDT00000063615: [['internal gap >= 30', 71, 839], 225, 2]
ENSDCDT00000063616: [['internal gap >= 30', 71, 839], 225, 2]
ENSCHAT00000056176: [['internal gap >= 30', 70, 839], 225, 2]
ENSCHAT00000056193: [['internal gap >= 30', 70, 839], 225, 2]
ENSCHAT00000056205: [['internal gap >= 30', 70, 839], 225, 2]
ENSCHAT00000056223: [['internal gap >= 30', 70, 839], 225, 2]
ENSCHAT00000056243: [['internal gap >= 30', 70, 839], 225, 2]
ENSCHAT00000056255: [['internal gap >= 30', 70, 839], 225, 2]
ENSCHAT00000056262: [['internal gap >= 30', 70, 839], 225, 2]
ENSCHAT00000056274: [['internal gap >= 30', 70, 839], 225, 2]
ENSCHAT00000056283: [['internal gap >= 30', 70, 839], 225, 2]
ENSCHAT00000056295: [['internal gap >= 30', 70, 839], 225, 2]
ENSAMXT00000008899: ['3event', 221, 2]
>13
ENSPMAT00000006561: ['exon skipping', 0, 0]
ENSEBUT00000021594: ['exon skipping', 0, 0]
ENSDCDT00000063585: ['exon skipping', 0, 0]
ENSDCDT00000063599: ['no event', 13, 0]
ENSDCDT00000063608: ['no event', 13, 0]
ENSDCDT00000063609: ['no event', 13, 0]
ENSDCDT00000063611: ['no event', 13, 0]
ENSDCDT00000063615: ['exon skipping', 0, 0]
ENSDCDT00000063616: ['no event', 13, 0]
ENSCHAT00000056176: ['exon skipping', 0, 0]
ENSCHAT00000056193: ['exon skipping', 0, 0]
ENSCHAT00000056205: ['exon skipping', 0, 0]
ENSCHAT00000056223: ['exon skipping', 0, 0]
ENSCHAT00000056243: ['exon skipping', 0, 0]
ENSCHAT00000056255: ['exon skipping', 0, 0]
ENSCHAT00000056262: ['exon skipping', 0, 0]
ENSCHAT00000056274: ['exon skipping', 0, 0]
ENSCHAT00000056283: ['exon skipping', 0, 0]
ENSCHAT00000056295: ['exon skipping', 0, 0]
ENSAMXT00000008899: ['exon skipping', 0, 0]
>14
ENSPMAT00000006561: ['exon skipping', 0, 0]
ENSEBUT00000021594: ['exon skipping', 0, 0]
ENSDCDT00000063585: ['exon skipping', 0, 0]
ENSDCDT00000063599: ['no event', 9, 2]
ENSDCDT00000063608: ['exon skipping', 0, 0]
ENSDCDT00000063609: ['exon skipping', 0, 0]
ENSDCDT00000063611: ['no event', 9, 2]
ENSDCDT00000063615: ['exon skipping', 0, 0]
ENSDCDT00000063616: ['exon skipping', 0, 0]
ENSCHAT00000056176: ['exon skipping', 0, 0]
ENSCHAT00000056193: ['exon skipping', 0, 0]
ENSCHAT00000056205: ['exon skipping', 0, 0]
ENSCHAT00000056223: ['exon skipping', 0, 0]
ENSCHAT00000056243: ['exon skipping', 0, 0]
ENSCHAT00000056255: ['exon skipping', 0, 0]
ENSCHAT00000056262: ['exon skipping', 0, 0]
ENSCHAT00000056274: ['exon skipping', 0, 0]
ENSCHAT00000056283: ['exon skipping', 0, 0]
ENSCHAT00000056295: ['exon skipping', 0, 0]
ENSAMXT00000008899: ['exon skipping', 0, 0]
>15
ENSPMAT00000006561: ['5event', 56, 0]
ENSEBUT00000021594: ['5event', 56, 0]
ENSDCDT00000063585: ['5event', 56, 0]
ENSDCDT00000063599: [['internal gap < 30', 4, 24], 36, 0]
ENSDCDT00000063608: ['5event', 39, 2]
ENSDCDT00000063609: ['5event', 39, 2]
ENSDCDT00000063611: [['internal gap < 30', 4, 24], 36, 0]
ENSDCDT00000063615: ['5event', 56, 0]
ENSDCDT00000063616: ['5event', 39, 2]
ENSCHAT00000056176: ['5event', 56, 0]
ENSCHAT00000056193: ['5event', 56, 0]
ENSCHAT00000056205: ['5event', 56, 0]
ENSCHAT00000056223: ['5event', 56, 0]
ENSCHAT00000056243: ['5event', 56, 0]
ENSCHAT00000056255: ['5event', 56, 0]
ENSCHAT00000056262: ['5event', 56, 0]
ENSCHAT00000056274: ['5event', 56, 0]
ENSCHAT00000056283: ['5event', 56, 0]
ENSCHAT00000056295: ['5event', 56, 0]
ENSAMXT00000008899: ['5event', 56, 0]
>16
ENSPMAT00000006561: ['no event', 125, 0]
ENSEBUT00000021594: ['no event', 125, 0]
ENSDCDT00000063585: ['no event', 125, 0]
ENSDCDT00000063599: ['no event', 125, 0]
ENSDCDT00000063608: ['no event', 125, 0]
ENSDCDT00000063609: ['no event', 125, 0]
ENSDCDT00000063611: ['no event', 125, 0]
ENSDCDT00000063615: ['no event', 125, 0]
ENSDCDT00000063616: ['no event', 125, 0]
ENSCHAT00000056176: ['no event', 125, 0]
ENSCHAT00000056193: ['no event', 125, 0]
ENSCHAT00000056205: ['no event', 125, 0]
ENSCHAT00000056223: ['no event', 125, 0]
ENSCHAT00000056243: ['no event', 125, 0]
ENSCHAT00000056255: ['no event', 125, 0]
ENSCHAT00000056262: ['no event', 125, 0]
ENSCHAT00000056274: ['no event', 125, 0]
ENSCHAT00000056283: ['no event', 125, 0]
ENSCHAT00000056295: ['no event', 125, 0]
ENSAMXT00000008899: ['no event', 125, 0]
>17
ENSPMAT00000006561: ['no event', 124, 0]
ENSEBUT00000021594: ['no event', 124, 0]
ENSDCDT00000063585: ['no event', 124, 0]
ENSDCDT00000063599: ['no event', 124, 0]
ENSDCDT00000063608: ['no event', 124, 0]
ENSDCDT00000063609: ['no event', 124, 0]
ENSDCDT00000063611: ['no event', 124, 0]
ENSDCDT00000063615: ['no event', 124, 0]
ENSDCDT00000063616: ['no event', 124, 0]
ENSCHAT00000056176: ['no event', 124, 0]
ENSCHAT00000056193: ['no event', 124, 0]
ENSCHAT00000056205: ['no event', 124, 0]
ENSCHAT00000056223: ['no event', 124, 0]
ENSCHAT00000056243: ['no event', 124, 0]
ENSCHAT00000056255: ['no event', 124, 0]
ENSCHAT00000056262: ['no event', 124, 0]
ENSCHAT00000056274: ['no event', 124, 0]
ENSCHAT00000056283: ['no event', 124, 0]
ENSCHAT00000056295: ['no event', 124, 0]
ENSAMXT00000008899: ['no event', 124, 0]
>18
ENSPMAT00000006561: ['no event', 51, 2]
ENSEBUT00000021594: ['no event', 51, 2]
ENSDCDT00000063585: ['no event', 51, 2]
ENSDCDT00000063599: ['no event', 51, 2]
ENSDCDT00000063608: ['no event', 51, 2]
ENSDCDT00000063609: ['no event', 51, 2]
ENSDCDT00000063611: ['no event', 51, 2]
ENSDCDT00000063615: ['no event', 51, 2]
ENSDCDT00000063616: ['no event', 51, 2]
ENSCHAT00000056176: ['no event', 51, 2]
ENSCHAT00000056193: ['no event', 51, 2]
ENSCHAT00000056205: ['no event', 51, 2]
ENSCHAT00000056223: ['no event', 51, 2]
ENSCHAT00000056243: ['no event', 51, 2]
ENSCHAT00000056255: ['no event', 51, 2]
ENSCHAT00000056262: ['no event', 51, 2]
ENSCHAT00000056274: ['no event', 51, 2]
ENSCHAT00000056283: ['no event', 51, 2]
ENSCHAT00000056295: ['no event', 51, 2]
ENSAMXT00000008899: ['no event', 51, 2]
>19
ENSPMAT00000006561: ['no event', 70, 0]
ENSEBUT00000021594: ['no event', 70, 0]
ENSDCDT00000063585: ['no event', 70, 0]
ENSDCDT00000063599: ['no event', 70, 0]
ENSDCDT00000063608: ['no event', 70, 0]
ENSDCDT00000063609: ['no event', 70, 0]
ENSDCDT00000063611: ['no event', 70, 0]
ENSDCDT00000063615: ['no event', 70, 0]
ENSDCDT00000063616: ['no event', 70, 0]
ENSCHAT00000056176: ['no event', 70, 0]
ENSCHAT00000056193: ['no event', 70, 0]
ENSCHAT00000056205: ['no event', 70, 0]
ENSCHAT00000056223: ['no event', 70, 0]
ENSCHAT00000056243: ['no event', 70, 0]
ENSCHAT00000056255: ['no event', 70, 0]
ENSCHAT00000056262: ['no event', 70, 0]
ENSCHAT00000056274: ['no event', 70, 0]
ENSCHAT00000056283: ['no event', 70, 0]
ENSCHAT00000056295: ['no event', 70, 0]
ENSAMXT00000008899: ['no event', 70, 0]
>20
ENSPMAT00000006561: ['no event', 167, 2]
ENSEBUT00000021594: ['no event', 167, 2]
ENSDCDT00000063585: ['no event', 167, 2]
ENSDCDT00000063599: ['no event', 167, 2]
ENSDCDT00000063608: ['no event', 167, 2]
ENSDCDT00000063609: ['no event', 167, 2]
ENSDCDT00000063611: ['no event', 167, 2]
ENSDCDT00000063615: ['no event', 167, 2]
ENSDCDT00000063616: ['no event', 167, 2]
ENSCHAT00000056176: ['no event', 167, 2]
ENSCHAT00000056193: ['no event', 167, 2]
ENSCHAT00000056205: ['no event', 167, 2]
ENSCHAT00000056223: ['no event', 167, 2]
ENSCHAT00000056243: ['no event', 167, 2]
ENSCHAT00000056255: ['no event', 167, 2]
ENSCHAT00000056262: ['no event', 167, 2]
ENSCHAT00000056274: ['no event', 167, 2]
ENSCHAT00000056283: ['no event', 167, 2]
ENSCHAT00000056295: ['no event', 167, 2]
ENSAMXT00000008899: ['no event', 167, 2]
>21
ENSPMAT00000006561: ['no event', 108, 2]
ENSEBUT00000021594: ['no event', 108, 2]
ENSDCDT00000063585: ['no event', 108, 2]
ENSDCDT00000063599: ['no event', 108, 2]
ENSDCDT00000063608: ['no event', 108, 2]
ENSDCDT00000063609: ['no event', 108, 2]
ENSDCDT00000063611: ['no event', 108, 2]
ENSDCDT00000063615: ['no event', 108, 2]
ENSDCDT00000063616: ['no event', 108, 2]
ENSCHAT00000056176: ['no event', 108, 2]
ENSCHAT00000056193: ['no event', 108, 2]
ENSCHAT00000056205: ['no event', 108, 2]
ENSCHAT00000056223: ['no event', 108, 2]
ENSCHAT00000056243: ['no event', 108, 2]
ENSCHAT00000056255: ['no event', 108, 2]
ENSCHAT00000056262: ['no event', 108, 2]
ENSCHAT00000056274: ['no event', 108, 2]
ENSCHAT00000056283: ['no event', 108, 2]
ENSCHAT00000056295: ['no event', 108, 2]
ENSAMXT00000008899: ['no event', 108, 2]
>22
ENSPMAT00000006561: ['3event', 151, 0]
ENSEBUT00000021594: ['3event', 220, 0]
ENSDCDT00000063585: ['3event', 155, 0]
ENSDCDT00000063599: ['3event', 119, 0]
ENSDCDT00000063608: ['3event', 123, 0]
ENSDCDT00000063609: ['3event', 119, 0]
ENSDCDT00000063611: ['3event', 123, 0]
ENSDCDT00000063615: [['internal gap >= 30', 307, 35], 347, 0]
ENSDCDT00000063616: ['3event', 119, 0]
ENSCHAT00000056176: ['3event', 145, 0]
ENSCHAT00000056193: ['3event', 121, 0]
ENSCHAT00000056205: ['3event', 137, 0]
ENSCHAT00000056223: [['internal gap >= 30', 257, 35], 347, 0]
ENSCHAT00000056243: [['internal gap >= 30', 257, 35], 347, 0]
ENSCHAT00000056255: ['3event', 123, 0]
ENSCHAT00000056262: ['3event', 123, 0]
ENSCHAT00000056274: ['3event', 176, 0]
ENSCHAT00000056283: ['3event', 134, 0]
ENSCHAT00000056295: ['3event', 205, 0]
ENSAMXT00000008899: ['3event', 211, 0]
>23
ENSPMAT00000006561: ['exon skipping', 0, 0]
ENSEBUT00000021594: ['exon skipping', 0, 0]
ENSDCDT00000063585: ['exon skipping', 0, 0]
ENSDCDT00000063599: ['exon skipping', 0, 0]
ENSDCDT00000063608: ['exon skipping', 0, 0]
ENSDCDT00000063609: ['exon skipping', 0, 0]
ENSDCDT00000063611: ['exon skipping', 0, 0]
ENSDCDT00000063615: ['exon skipping', 0, 0]
ENSDCDT00000063616: ['5event', 19, 1]
ENSCHAT00000056176: ['exon skipping', 0, 0]
ENSCHAT00000056193: ['exon skipping', 0, 0]
ENSCHAT00000056205: ['exon skipping', 0, 0]
ENSCHAT00000056223: ['exon skipping', 0, 0]
ENSCHAT00000056243: ['exon skipping', 0, 0]
ENSCHAT00000056255: ['exon skipping', 0, 0]
ENSCHAT00000056262: ['exon skipping', 0, 0]
ENSCHAT00000056274: ['exon skipping', 0, 0]
ENSCHAT00000056283: ['exon skipping', 0, 0]
ENSCHAT00000056295: ['5event', 20, 0]
ENSAMXT00000008899: ['exon skipping', 0, 0]
>24
ENSPMAT00000006561: ['exon skipping', 0, 0]
ENSEBUT00000021594: ['exon skipping', 0, 0]
ENSDCDT00000063585: ['exon skipping', 0, 0]
ENSDCDT00000063599: ['exon skipping', 0, 0]
ENSDCDT00000063608: ['exon skipping', 0, 0]
ENSDCDT00000063609: ['exon skipping', 0, 0]
ENSDCDT00000063611: ['exon skipping', 0, 0]
ENSDCDT00000063615: ['exon skipping', 0, 0]
ENSDCDT00000063616: ['exon skipping', 0, 0]
ENSCHAT00000056176: ['exon skipping', 0, 0]
ENSCHAT00000056193: ['exon skipping', 0, 0]
ENSCHAT00000056205: ['exon skipping', 0, 0]
ENSCHAT00000056223: ['exon skipping', 0, 0]
ENSCHAT00000056243: ['exon skipping', 0, 0]
ENSCHAT00000056255: ['exon skipping', 0, 0]
ENSCHAT00000056262: ['exon skipping', 0, 0]
ENSCHAT00000056274: ['exon skipping', 0, 0]
ENSCHAT00000056283: ['5event', 82, 1]
ENSCHAT00000056295: ['exon skipping', 0, 0]
ENSAMXT00000008899: ['exon skipping', 0, 0]
>25
ENSPMAT00000006561: ['exon skipping', 0, 0]
ENSEBUT00000021594: ['exon skipping', 0, 0]
ENSDCDT00000063585: ['exon skipping', 0, 0]
ENSDCDT00000063599: ['exon skipping', 0, 0]
ENSDCDT00000063608: ['exon skipping', 0, 0]
ENSDCDT00000063609: ['exon skipping', 0, 0]
ENSDCDT00000063611: ['exon skipping', 0, 0]
ENSDCDT00000063615: ['exon skipping', 0, 0]
ENSDCDT00000063616: ['exon skipping', 0, 0]
ENSCHAT00000056176: ['exon skipping', 0, 0]
ENSCHAT00000056193: ['exon skipping', 0, 0]
ENSCHAT00000056205: ['exon skipping', 0, 0]
ENSCHAT00000056223: ['exon skipping', 0, 0]
ENSCHAT00000056243: ['exon skipping', 0, 0]
ENSCHAT00000056255: ['exon skipping', 0, 0]
ENSCHAT00000056262: ['exon skipping', 0, 0]
ENSCHAT00000056274: ['5event', 154, 1]
ENSCHAT00000056283: ['exon skipping', 0, 0]
ENSCHAT00000056295: ['exon skipping', 0, 0]
ENSAMXT00000008899: ['exon skipping', 0, 0]
>26
ENSPMAT00000006561: ['exon skipping', 0, 0]
ENSEBUT00000021594: ['exon skipping', 0, 0]
ENSDCDT00000063585: ['exon skipping', 0, 0]
ENSDCDT00000063599: ['exon skipping', 0, 0]
ENSDCDT00000063608: ['exon skipping', 0, 0]
ENSDCDT00000063609: ['exon skipping', 0, 0]
ENSDCDT00000063611: ['exon skipping', 0, 0]
ENSDCDT00000063615: ['exon skipping', 0, 0]
ENSDCDT00000063616: ['exon skipping', 0, 0]
ENSCHAT00000056176: ['exon skipping', 0, 0]
ENSCHAT00000056193: ['exon skipping', 0, 0]
ENSCHAT00000056205: ['exon skipping', 0, 0]
ENSCHAT00000056223: ['exon skipping', 0, 0]
ENSCHAT00000056243: ['exon skipping', 0, 0]
ENSCHAT00000056255: ['exon skipping', 0, 0]
ENSCHAT00000056262: ['5event', 75, 2]
ENSCHAT00000056274: ['exon skipping', 0, 0]
ENSCHAT00000056283: ['exon skipping', 0, 0]
ENSCHAT00000056295: ['exon skipping', 0, 0]
ENSAMXT00000008899: ['exon skipping', 0, 0]
>27
ENSPMAT00000006561: ['exon skipping', 0, 0]
ENSEBUT00000021594: ['exon skipping', 0, 0]
ENSDCDT00000063585: ['exon skipping', 0, 0]
ENSDCDT00000063599: ['exon skipping', 0, 0]
ENSDCDT00000063608: ['exon skipping', 0, 0]
ENSDCDT00000063609: ['exon skipping', 0, 0]
ENSDCDT00000063611: ['5event', ['internal gap < 30', 94, 23], 96, 2]
ENSDCDT00000063615: ['exon skipping', 0, 0]
ENSDCDT00000063616: ['exon skipping', 0, 0]
ENSCHAT00000056176: ['exon skipping', 0, 0]
ENSCHAT00000056193: ['exon skipping', 0, 0]
ENSCHAT00000056205: ['exon skipping', 0, 0]
ENSCHAT00000056223: ['exon skipping', 0, 0]
ENSCHAT00000056243: ['exon skipping', 0, 0]
ENSCHAT00000056255: ['5event', ['internal gap < 30', 83, 14], 105, 2]
ENSCHAT00000056262: ['exon skipping', 0, 0]
ENSCHAT00000056274: ['exon skipping', 0, 0]
ENSCHAT00000056283: ['exon skipping', 0, 0]
ENSCHAT00000056295: ['exon skipping', 0, 0]
ENSAMXT00000008899: ['exon skipping', 0, 0]
>28
ENSPMAT00000006561: ['exon skipping', 0, 0]
ENSEBUT00000021594: ['exon skipping', 0, 0]
ENSDCDT00000063585: ['exon skipping', 0, 0]
ENSDCDT00000063599: ['exon skipping', 0, 0]
ENSDCDT00000063608: ['exon skipping', 0, 0]
ENSDCDT00000063609: ['5event', 21, 1]
ENSDCDT00000063611: ['exon skipping', 0, 0]
ENSDCDT00000063615: ['exon skipping', 0, 0]
ENSDCDT00000063616: ['exon skipping', 0, 0]
ENSCHAT00000056176: ['exon skipping', 0, 0]
ENSCHAT00000056193: ['exon skipping', 0, 0]
ENSCHAT00000056205: ['5event', 28, 1]
ENSCHAT00000056223: ['exon skipping', 0, 0]
ENSCHAT00000056243: ['exon skipping', 0, 0]
ENSCHAT00000056255: ['exon skipping', 0, 0]
ENSCHAT00000056262: ['exon skipping', 0, 0]
ENSCHAT00000056274: ['exon skipping', 0, 0]
ENSCHAT00000056283: ['exon skipping', 0, 0]
ENSCHAT00000056295: ['exon skipping', 0, 0]
ENSAMXT00000008899: ['exon skipping', 0, 0]
>29
ENSPMAT00000006561: ['exon skipping', 0, 0]
ENSEBUT00000021594: ['exon skipping', 0, 0]
ENSDCDT00000063585: ['exon skipping', 0, 0]
ENSDCDT00000063599: ['exon skipping', 0, 0]
ENSDCDT00000063608: ['exon skipping', 0, 0]
ENSDCDT00000063609: ['no event', 12, 2]
ENSDCDT00000063611: ['exon skipping', 0, 0]
ENSDCDT00000063615: ['exon skipping', 0, 0]
ENSDCDT00000063616: ['exon skipping', 0, 0]
ENSCHAT00000056176: ['exon skipping', 0, 0]
ENSCHAT00000056193: ['exon skipping', 0, 0]
ENSCHAT00000056205: ['exon skipping', 0, 0]
ENSCHAT00000056223: ['exon skipping', 0, 0]
ENSCHAT00000056243: ['exon skipping', 0, 0]
ENSCHAT00000056255: ['exon skipping', 0, 0]
ENSCHAT00000056262: ['exon skipping', 0, 0]
ENSCHAT00000056274: ['exon skipping', 0, 0]
ENSCHAT00000056283: ['exon skipping', 0, 0]
ENSCHAT00000056295: ['exon skipping', 0, 0]
ENSAMXT00000008899: ['exon skipping', 0, 0]
>30
ENSPMAT00000006561: ['exon skipping', 0, 0]
ENSEBUT00000021594: ['exon skipping', 0, 0]
ENSDCDT00000063585: ['exon skipping', 0, 0]
ENSDCDT00000063599: ['exon skipping', 0, 0]
ENSDCDT00000063608: ['5event', 34, 2]
ENSDCDT00000063609: ['exon skipping', 0, 0]
ENSDCDT00000063611: ['exon skipping', 0, 0]
ENSDCDT00000063615: ['exon skipping', 0, 0]
ENSDCDT00000063616: ['exon skipping', 0, 0]
ENSCHAT00000056176: ['exon skipping', 0, 0]
ENSCHAT00000056193: ['5event', 29, 0]
ENSCHAT00000056205: ['exon skipping', 0, 0]
ENSCHAT00000056223: ['exon skipping', 0, 0]
ENSCHAT00000056243: ['exon skipping', 0, 0]
ENSCHAT00000056255: ['exon skipping', 0, 0]
ENSCHAT00000056262: ['exon skipping', 0, 0]
ENSCHAT00000056274: ['exon skipping', 0, 0]
ENSCHAT00000056283: ['exon skipping', 0, 0]
ENSCHAT00000056295: ['exon skipping', 0, 0]
ENSAMXT00000008899: ['exon skipping', 0, 0]
>31
ENSPMAT00000006561: ['exon skipping', 0, 0]
ENSEBUT00000021594: ['exon skipping', 0, 0]
ENSDCDT00000063585: ['exon skipping', 0, 0]
ENSDCDT00000063599: ['exon skipping', 0, 0]
ENSDCDT00000063608: ['no event', 1, 1]
ENSDCDT00000063609: ['exon skipping', 0, 0]
ENSDCDT00000063611: ['exon skipping', 0, 0]
ENSDCDT00000063615: ['exon skipping', 0, 0]
ENSDCDT00000063616: ['exon skipping', 0, 0]
ENSCHAT00000056176: ['exon skipping', 0, 0]
ENSCHAT00000056193: ['exon skipping', 0, 0]
ENSCHAT00000056205: ['exon skipping', 0, 0]
ENSCHAT00000056223: ['exon skipping', 0, 0]
ENSCHAT00000056243: ['exon skipping', 0, 0]
ENSCHAT00000056255: ['exon skipping', 0, 0]
ENSCHAT00000056262: ['exon skipping', 0, 0]
ENSCHAT00000056274: ['exon skipping', 0, 0]
ENSCHAT00000056283: ['exon skipping', 0, 0]
ENSCHAT00000056295: ['exon skipping', 0, 0]
ENSAMXT00000008899: ['exon skipping', 0, 0]
>32
ENSPMAT00000006561: ['exon skipping', 0, 0]
ENSEBUT00000021594: ['exon skipping', 0, 0]
ENSDCDT00000063585: ['exon skipping', 0, 0]
ENSDCDT00000063599: ['5event', 16, 1]
ENSDCDT00000063608: ['exon skipping', 0, 0]
ENSDCDT00000063609: ['exon skipping', 0, 0]
ENSDCDT00000063611: ['exon skipping', 0, 0]
ENSDCDT00000063615: ['exon skipping', 0, 0]
ENSDCDT00000063616: ['exon skipping', 0, 0]
ENSCHAT00000056176: ['5event', 16, 0]
ENSCHAT00000056193: ['exon skipping', 0, 0]
ENSCHAT00000056205: ['exon skipping', 0, 0]
ENSCHAT00000056223: ['exon skipping', 0, 0]
ENSCHAT00000056243: ['exon skipping', 0, 0]
ENSCHAT00000056255: ['exon skipping', 0, 0]
ENSCHAT00000056262: ['exon skipping', 0, 0]
ENSCHAT00000056274: ['exon skipping', 0, 0]
ENSCHAT00000056283: ['exon skipping', 0, 0]
ENSCHAT00000056295: ['exon skipping', 0, 0]
ENSAMXT00000008899: ['exon skipping', 0, 0]
>33
ENSPMAT00000006561: ['exon skipping', 0, 0]
ENSEBUT00000021594: ['exon skipping', 0, 0]
ENSDCDT00000063585: ['exon skipping', 0, 0]
ENSDCDT00000063599: ['exon skipping', 0, 0]
ENSDCDT00000063608: ['exon skipping', 0, 0]
ENSDCDT00000063609: ['exon skipping', 0, 0]
ENSDCDT00000063611: ['exon skipping', 0, 0]
ENSDCDT00000063615: ['exon skipping', 0, 0]
ENSDCDT00000063616: ['exon skipping', 0, 0]
ENSCHAT00000056176: ['no event', 3, 2]
ENSCHAT00000056193: ['exon skipping', 0, 0]
ENSCHAT00000056205: ['exon skipping', 0, 0]
ENSCHAT00000056223: ['exon skipping', 0, 0]
ENSCHAT00000056243: ['exon skipping', 0, 0]
ENSCHAT00000056255: ['exon skipping', 0, 0]
ENSCHAT00000056262: ['exon skipping', 0, 0]
ENSCHAT00000056274: ['exon skipping', 0, 0]
ENSCHAT00000056283: ['exon skipping', 0, 0]
ENSCHAT00000056295: ['exon skipping', 0, 0]
ENSAMXT00000008899: ['exon skipping', 0, 0]
>34
ENSPMAT00000006561: ['exon skipping', 0, 0]
ENSEBUT00000021594: ['exon skipping', 0, 0]
ENSDCDT00000063585: ['5event', 46, 1]
ENSDCDT00000063599: ['exon skipping', 0, 0]
ENSDCDT00000063608: ['exon skipping', 0, 0]
ENSDCDT00000063609: ['exon skipping', 0, 0]
ENSDCDT00000063611: ['exon skipping', 0, 0]
ENSDCDT00000063615: ['exon skipping', 0, 0]
ENSDCDT00000063616: ['exon skipping', 0, 0]
ENSCHAT00000056176: ['exon skipping', 0, 0]
ENSCHAT00000056193: ['exon skipping', 0, 0]
ENSCHAT00000056205: ['exon skipping', 0, 0]
ENSCHAT00000056223: ['exon skipping', 0, 0]
ENSCHAT00000056243: ['exon skipping', 0, 0]
ENSCHAT00000056255: ['exon skipping', 0, 0]
ENSCHAT00000056262: ['exon skipping', 0, 0]
ENSCHAT00000056274: ['exon skipping', 0, 0]
ENSCHAT00000056283: ['exon skipping', 0, 0]
ENSCHAT00000056295: ['exon skipping', 0, 0]
ENSAMXT00000008899: ['exon skipping', 0, 0]
