>0
FBtr0078556: ['exon skipping', 0, 0]
FBtr0078557: ['exon skipping', 0, 0]
FBtr0078555: ['exon skipping', 0, 0]
FBtr0273277: ['no event', 25, 0]
FBtr0075159: ['exon skipping', 0, 0]
FBtr0110881: ['exon skipping', 0, 0]
FBtr0334105: ['exon skipping', 0, 0]
FBtr0301185: ['exon skipping', 0, 0]
FBtr0110880: ['exon skipping', 0, 0]
FBtr0100360: ['exon skipping', 0, 0]
>1
FBtr0078556: ['exon skipping', 0, 0]
FBtr0078557: ['exon skipping', 0, 0]
FBtr0078555: ['exon skipping', 0, 0]
FBtr0273277: ['only gap', 0, 2]
FBtr0075159: ['exon skipping', 0, 0]
FBtr0110881: ['exon skipping', 0, 0]
FBtr0334105: ['exon skipping', 0, 0]
FBtr0301185: ['exon skipping', 0, 0]
FBtr0110880: ['exon skipping', 0, 0]
FBtr0100360: ['exon skipping', 0, 0]
>2
FBtr0078556: ['exon skipping', 0, 0]
FBtr0078557: ['exon skipping', 0, 0]
FBtr0078555: ['exon skipping', 0, 0]
FBtr0273277: [['internal gap < 30', 64, 6], 342, 0]
FBtr0075159: ['5event', ['internal gap < 30', 62, 8], 340, 0]
FBtr0110881: ['5event', ['internal gap >= 30', 221, 108], 240, 0]
FBtr0334105: ['5event', ['internal gap >= 30', 221, 108], 240, 0]
FBtr0301185: ['5event', ['internal gap >= 30', 221, 108], 240, 0]
FBtr0110880: ['5event', ['internal gap >= 30', 221, 108], 240, 0]
FBtr0100360: ['5event', ['internal gap >= 30', 221, 108], 240, 0]
>3
FBtr0078556: ['exon skipping', 0, 0]
FBtr0078557: ['exon skipping', 0, 0]
FBtr0078555: ['exon skipping', 0, 0]
FBtr0273277: ['no event', 25, 2]
FBtr0075159: ['no event', 25, 2]
FBtr0110881: ['exon skipping', 0, 0]
FBtr0334105: ['exon skipping', 0, 0]
FBtr0301185: ['exon skipping', 0, 0]
FBtr0110880: ['exon skipping', 0, 0]
FBtr0100360: ['exon skipping', 0, 0]
>4
FBtr0078556: ['exon skipping', 0, 0]
FBtr0078557: ['exon skipping', 0, 0]
FBtr0078555: ['exon skipping', 0, 0]
FBtr0273277: ['no event', 18, 1]
FBtr0075159: ['no event', 18, 1]
FBtr0110881: ['exon skipping', 0, 0]
FBtr0334105: ['exon skipping', 0, 0]
FBtr0301185: ['exon skipping', 0, 0]
FBtr0110880: ['exon skipping', 0, 0]
FBtr0100360: ['exon skipping', 0, 0]
>5
FBtr0078556: ['5event', 615, 0]
FBtr0078557: ['5event', 615, 0]
FBtr0078555: ['5event', 615, 0]
FBtr0273277: ['exon skipping', 0, 0]
FBtr0075159: ['exon skipping', 0, 0]
FBtr0110881: ['exon skipping', 0, 0]
FBtr0334105: ['exon skipping', 0, 0]
FBtr0301185: ['exon skipping', 0, 0]
FBtr0110880: ['exon skipping', 0, 0]
FBtr0100360: ['exon skipping', 0, 0]
>6
FBtr0078556: ['exon skipping', 0, 0]
FBtr0078557: ['exon skipping', 0, 0]
FBtr0078555: ['exon skipping', 0, 0]
FBtr0273277: ['5event', ['internal gap >= 30', 209, 63], 241, 2]
FBtr0075159: ['5event', ['internal gap >= 30', 209, 63], 241, 2]
FBtr0110881: ['5event', ['internal gap < 30', 15, 20], 284, 1]
FBtr0334105: ['5event', ['internal gap < 30', 15, 20], 284, 1]
FBtr0301185: ['5event', ['internal gap < 30', 15, 20], 284, 1]
FBtr0110880: ['5event', ['internal gap < 30', 15, 20], 284, 1]
FBtr0100360: ['5event', ['internal gap < 30', 15, 20], 284, 1]
>7
FBtr0078556: ['exon skipping', 0, 0]
FBtr0078557: ['exon skipping', 0, 0]
FBtr0078555: ['exon skipping', 0, 0]
FBtr0273277: ['exon skipping', 0, 0]
FBtr0075159: ['exon skipping', 0, 0]
FBtr0110881: ['no event', 104, 1]
FBtr0334105: ['no event', 104, 1]
FBtr0301185: ['no event', 104, 1]
FBtr0110880: ['no event', 104, 1]
FBtr0100360: ['no event', 104, 1]
>8
FBtr0078556: ['3event', '5event', 513, 1]
FBtr0078557: ['3event', '5event', 513, 1]
FBtr0078555: ['3event', '5event', 513, 1]
FBtr0273277: ['5event', ['internal gap >= 30', 669, 48], 785, 1]
FBtr0075159: ['5event', ['internal gap >= 30', 669, 48], 785, 1]
FBtr0110881: [['internal gap < 30', 450, 16], 817, 1]
FBtr0334105: [['internal gap < 30', 450, 16], 817, 1]
FBtr0301185: [['internal gap < 30', 450, 16], 817, 1]
FBtr0110880: [['internal gap < 30', 450, 16], 817, 1]
FBtr0100360: [['internal gap < 30', 450, 16], 817, 1]
>9
FBtr0078556: ['5event', 6, 1]
FBtr0078557: ['5event', 6, 1]
FBtr0078555: ['5event', 6, 1]
FBtr0273277: ['exon skipping', 0, 0]
FBtr0075159: ['exon skipping', 0, 0]
FBtr0110881: ['exon skipping', 0, 0]
FBtr0334105: ['exon skipping', 0, 0]
FBtr0301185: ['exon skipping', 0, 0]
FBtr0110880: ['exon skipping', 0, 0]
FBtr0100360: ['exon skipping', 0, 0]
>10
FBtr0078556: [['internal gap < 30', 135, 19], 497, 2]
FBtr0078557: [['internal gap < 30', 135, 19], 497, 2]
FBtr0078555: [['internal gap < 30', 135, 19], 497, 2]
FBtr0273277: ['5event', ['internal gap >= 30', 159, 241], 275, 1]
FBtr0075159: ['5event', ['internal gap >= 30', 159, 241], 275, 1]
FBtr0110881: ['5event', ['internal gap >= 30', 159, 241], 275, 1]
FBtr0334105: ['5event', ['internal gap >= 30', 159, 241], 275, 1]
FBtr0301185: ['5event', ['internal gap >= 30', 159, 241], 275, 1]
FBtr0110880: ['5event', ['internal gap >= 30', 159, 241], 275, 1]
FBtr0100360: ['5event', ['internal gap >= 30', 159, 241], 275, 1]
>11
FBtr0078556: ['exon skipping', 0, 0]
FBtr0078557: ['exon skipping', 0, 0]
FBtr0078555: ['exon skipping', 0, 0]
FBtr0273277: ['exon skipping', 0, 0]
FBtr0075159: ['exon skipping', 0, 0]
FBtr0110881: ['no event', 1465, 1]
FBtr0334105: ['exon skipping', 0, 0]
FBtr0301185: ['exon skipping', 0, 0]
FBtr0110880: ['exon skipping', 0, 0]
FBtr0100360: ['no event', 1465, 1]
>12
FBtr0078556: ['3event', '5event', 171, 1]
FBtr0078557: ['3event', '5event', 171, 1]
FBtr0078555: ['3event', '5event', 171, 1]
FBtr0273277: ['5event', ['internal gap < 30', 144, 29], 172, 1]
FBtr0075159: ['5event', ['internal gap < 30', 144, 29], 172, 1]
FBtr0110881: ['exon skipping', 0, 0]
FBtr0334105: ['3event', '5event', 98, 1]
FBtr0301185: ['3event', '5event', 98, 1]
FBtr0110880: ['3event', '5event', 98, 1]
FBtr0100360: ['exon skipping', 0, 0]
>13
FBtr0078556: ['5event', 7, 1]
FBtr0078557: ['5event', 7, 1]
FBtr0078555: ['5event', 7, 1]
FBtr0273277: ['exon skipping', 0, 0]
FBtr0075159: ['exon skipping', 0, 0]
FBtr0110881: ['exon skipping', 0, 0]
FBtr0334105: ['exon skipping', 0, 0]
FBtr0301185: ['exon skipping', 0, 0]
FBtr0110880: ['exon skipping', 0, 0]
FBtr0100360: ['exon skipping', 0, 0]
