>0
ZC434.3.1: ['5event', ['internal gap >= 30', 153, 45], 161, 0]
ZC434.10.1: ['exon skipping', 0, 0]
F35D2.2.1: [['internal gap >= 30', 64, 43], 163, 0]
F35D2.1.1: ['5event', ['internal gap >= 30', 136, 43], 163, 0]
C26B9.2.1: ['5event', ['internal gap >= 30', 98, 81], 125, 0]
>1
ZC434.3.1: ['exon skipping', 0, 0]
ZC434.10.1: ['exon skipping', 0, 0]
F35D2.2.1: ['no event', 61, 2]
F35D2.1.1: ['no event', 61, 2]
C26B9.2.1: ['exon skipping', 0, 0]
>2
ZC434.3.1: ['5event', 95, 0]
ZC434.10.1: ['5event', 95, 0]
F35D2.2.1: [['internal gap >= 30', 13, 142], 111, 1]
F35D2.1.1: [['internal gap >= 30', 13, 142], 111, 1]
C26B9.2.1: ['5event', ['internal gap >= 30', 97, 44], 209, 0]
>3
ZC434.3.1: ['no event', 57, 0]
ZC434.10.1: ['exon skipping', 0, 0]
F35D2.2.1: ['exon skipping', 0, 0]
F35D2.1.1: ['exon skipping', 0, 0]
C26B9.2.1: ['exon skipping', 0, 0]
>4
ZC434.3.1: [['internal gap >= 30', 13, 123], 133, 1]
ZC434.10.1: ['5event', ['internal gap >= 30', 71, 67], 189, 0]
F35D2.2.1: ['5event', ['internal gap >= 30', 71, 67], 189, 0]
F35D2.1.1: ['5event', ['internal gap >= 30', 74, 64], 192, 0]
C26B9.2.1: ['5event', ['internal gap >= 30', 81, 64], 192, 0]
>5
ZC434.3.1: ['exon skipping', 0, 0]
ZC434.10.1: ['exon skipping', 0, 0]
F35D2.2.1: ['no event', 103, 1]
F35D2.1.1: ['no event', 103, 1]
C26B9.2.1: ['no event', 103, 1]
>6
ZC434.3.1: ['exon skipping', 0, 0]
ZC434.10.1: ['exon skipping', 0, 0]
F35D2.2.1: ['exon skipping', 0, 0]
F35D2.1.1: [['internal gap < 30', 2, 9], 111, 0]
C26B9.2.1: [['internal gap < 30', 26, 9], 111, 0]
>7
ZC434.3.1: ['3event', '5event', 338, 1]
ZC434.10.1: ['5event', ['internal gap >= 30', 382, 104], 424, 1]
F35D2.2.1: ['3event', '5event', 112, 0]
F35D2.1.1: ['3event', 228, 1]
C26B9.2.1: ['3event', 125, 1]
>8
ZC434.3.1: ['exon skipping', 0, 0]
ZC434.10.1: ['exon skipping', 0, 0]
F35D2.2.1: ['exon skipping', 0, 0]
F35D2.1.1: ['5event', 19, 1]
C26B9.2.1: ['exon skipping', 0, 0]
>9
ZC434.3.1: ['exon skipping', 0, 0]
ZC434.10.1: ['exon skipping', 0, 0]
F35D2.2.1: ['exon skipping', 0, 0]
F35D2.1.1: ['no event', 155, 0]
C26B9.2.1: ['exon skipping', 0, 0]
>10
ZC434.3.1: ['exon skipping', 0, 0]
ZC434.10.1: ['exon skipping', 0, 0]
F35D2.2.1: ['5event', 391, 1]
F35D2.1.1: ['exon skipping', 0, 0]
C26B9.2.1: ['exon skipping', 0, 0]
