>0
F54D12.6a.1: ['no event', 156, 0]
F54D12.6b.1: ['no event', 156, 0]
FBtr0331990: ['exon skipping', 0, 0]
FBtr0079710: ['exon skipping', 0, 0]
>1
F54D12.6a.1: [['internal gap >= 30', 167, 966], 194, 1]
F54D12.6b.1: [['internal gap >= 30', 167, 966], 194, 1]
FBtr0331990: ['5event', ['internal gap < 30', 211, 4], 1156, 0]
FBtr0079710: ['5event', ['internal gap < 30', 211, 4], 1156, 0]
>2
F54D12.6a.1: [['internal gap < 30', 1, 8], 144, 0]
F54D12.6b.1: [['internal gap < 30', 1, 8], 144, 0]
FBtr0331990: [['internal gap < 30', 113, 18], 134, 2]
FBtr0079710: [['internal gap < 30', 113, 18], 134, 2]
>3
F54D12.6a.1: ['no event', 149, 1]
F54D12.6b.1: ['no event', 149, 1]
FBtr0331990: ['exon skipping', 0, 0]
FBtr0079710: ['exon skipping', 0, 0]
>4
F54D12.6a.1: ['no event', 138, 1]
F54D12.6b.1: [['internal gap < 30', 3, 9], 129, 1]
FBtr0331990: ['exon skipping', 0, 0]
FBtr0079710: ['exon skipping', 0, 0]
>5
F54D12.6a.1: ['no event', 164, 2]
F54D12.6b.1: ['no event', 164, 2]
FBtr0331990: ['exon skipping', 0, 0]
FBtr0079710: ['exon skipping', 0, 0]
>6
F54D12.6a.1: ['no event', 465, 2]
F54D12.6b.1: ['no event', 465, 2]
FBtr0331990: ['exon skipping', 0, 0]
FBtr0079710: ['exon skipping', 0, 0]
>7
F54D12.6a.1: ['no event', 283, 0]
F54D12.6b.1: ['no event', 283, 0]
FBtr0331990: ['exon skipping', 0, 0]
FBtr0079710: ['exon skipping', 0, 0]
>8
F54D12.6a.1: ['no event', 99, 2]
F54D12.6b.1: ['no event', 99, 2]
FBtr0331990: ['exon skipping', 0, 0]
FBtr0079710: ['exon skipping', 0, 0]
>9
F54D12.6a.1: ['exon skipping', 0, 0]
F54D12.6b.1: ['exon skipping', 0, 0]
FBtr0331990: ['5event', 33, 2]
FBtr0079710: ['5event', 33, 2]
