>0
Y56A3A.5.1: ['exon skipping', 0, 0]
Y56A3A.12a.1: ['no event', 8, 0]
Y56A3A.12a.2: ['no event', 8, 0]
Y56A3A.12b.1: ['no event', 8, 0]
>1
Y56A3A.5.1: ['5event', 107, 0]
Y56A3A.12a.1: [['internal gap < 30', 79, 12], 96, 0]
Y56A3A.12a.2: [['internal gap < 30', 79, 12], 96, 0]
Y56A3A.12b.1: ['exon skipping', 0, 0]
>2
Y56A3A.5.1: [['internal gap < 30', 1, 3], 196, 0]
Y56A3A.12a.1: [['internal gap < 30', 32, 6], 193, 0]
Y56A3A.12a.2: [['internal gap < 30', 32, 6], 193, 0]
Y56A3A.12b.1: ['5event', ['internal gap < 30', 31, 7], 192, 0]
>3
Y56A3A.5.1: [['internal gap >= 30', 146, 1042], 205, 1]
Y56A3A.12a.1: [['internal gap >= 30', 174, 1039], 208, 1]
Y56A3A.12a.2: [['internal gap >= 30', 174, 1039], 208, 1]
Y56A3A.12b.1: [['internal gap >= 30', 174, 1039], 208, 1]
>4
Y56A3A.5.1: ['no event', 713, 0]
Y56A3A.12a.1: [['internal gap < 30', 488, 3], 710, 0]
Y56A3A.12a.2: [['internal gap < 30', 488, 3], 710, 0]
Y56A3A.12b.1: [['internal gap < 30', 488, 3], 710, 0]
>5
Y56A3A.5.1: ['no event', 318, 0]
Y56A3A.12a.1: [['internal gap < 30', 164, 6], 312, 0]
Y56A3A.12a.2: [['internal gap < 30', 164, 6], 312, 0]
Y56A3A.12b.1: [['internal gap < 30', 164, 6], 312, 0]
>6
Y56A3A.5.1: [['internal gap >= 30', 372, 31], 382, 1]
Y56A3A.12a.1: [['internal gap < 30', 332, 1], 412, 1]
Y56A3A.12a.2: [['internal gap < 30', 332, 1], 412, 1]
Y56A3A.12b.1: [['internal gap < 30', 332, 1], 412, 1]
>7
Y56A3A.5.1: ['no event', 5, 0]
Y56A3A.12a.1: ['exon skipping', 0, 0]
Y56A3A.12a.2: ['exon skipping', 0, 0]
Y56A3A.12b.1: ['exon skipping', 0, 0]
