>0
MGP_CAROLIEiJ_T0026021: ['no event', 22, 0]
MGP_PahariEiJ_T0029934: ['no event', 22, 0]
>1
MGP_CAROLIEiJ_T0026021: ['no event', 207, 2]
MGP_PahariEiJ_T0029934: ['no event', 207, 2]
>2
MGP_CAROLIEiJ_T0026021: ['no event', 153, 0]
MGP_PahariEiJ_T0029934: ['no event', 153, 0]
>3
MGP_CAROLIEiJ_T0026021: ['no event', 115, 1]
MGP_PahariEiJ_T0029934: ['no event', 115, 1]
>4
MGP_CAROLIEiJ_T0026021: ['no event', 109, 0]
MGP_PahariEiJ_T0029934: ['no event', 109, 0]
>5
MGP_CAROLIEiJ_T0026021: ['no event', 84, 2]
MGP_PahariEiJ_T0029934: ['no event', 84, 2]
>6
MGP_CAROLIEiJ_T0026021: ['exon skipping', 0, 0]
MGP_PahariEiJ_T0029934: ['exon skipping', 0, 0]
