>0
C50H11.13.1: [['internal gap < 30', 263, 18], 288, 0]
C54E10.3.1: [['internal gap < 30', 263, 18], 288, 0]
ZK863.1.1: ['5event', ['internal gap >= 30', 218, 63], 243, 0]
C04C3.6.1: [['internal gap >= 30', 245, 36], 270, 0]
T01B11.1.1: ['3event', '5event', 226, 0]
>1
C50H11.13.1: ['exon skipping', 0, 0]
C54E10.3.1: ['exon skipping', 0, 0]
ZK863.1.1: ['exon skipping', 0, 0]
C04C3.6.1: ['no event', 2, 1]
T01B11.1.1: ['exon skipping', 0, 0]
>2
C50H11.13.1: ['5event', 97, 1]
C54E10.3.1: ['5event', 97, 1]
ZK863.1.1: ['5event', 97, 1]
C04C3.6.1: ['no event', 99, 1]
T01B11.1.1: ['5event', 85, 1]
>3
C50H11.13.1: ['exon skipping', 0, 0]
C54E10.3.1: ['exon skipping', 0, 0]
ZK863.1.1: [['internal gap >= 30', 66, 30], 73, 0]
C04C3.6.1: ['exon skipping', 0, 0]
T01B11.1.1: [['internal gap < 30', 27, 8], 95, 0]
>4
C50H11.13.1: ['exon skipping', 0, 0]
C54E10.3.1: ['exon skipping', 0, 0]
ZK863.1.1: ['exon skipping', 0, 0]
C04C3.6.1: ['exon skipping', 0, 0]
T01B11.1.1: ['no event', 17, 0]
>5
C50H11.13.1: ['exon skipping', 0, 0]
C54E10.3.1: ['exon skipping', 0, 0]
ZK863.1.1: ['exon skipping', 0, 0]
C04C3.6.1: ['5event', ['internal gap < 30', 35, 29], 67, 0]
T01B11.1.1: [['internal gap < 30', 3, 2], 94, 0]
>6
C50H11.13.1: ['exon skipping', 0, 0]
C54E10.3.1: ['exon skipping', 0, 0]
ZK863.1.1: ['exon skipping', 0, 0]
C04C3.6.1: ['no event', 2, 2]
T01B11.1.1: ['exon skipping', 0, 0]
>7
C50H11.13.1: ['3event', '5event', 381, 0]
C54E10.3.1: ['3event', '5event', 390, 0]
ZK863.1.1: ['3event', '5event', 316, 2]
C04C3.6.1: [['internal gap >= 30', 239, 748], 333, 2]
T01B11.1.1: ['3event', '5event', 114, 2]
>8
C50H11.13.1: ['exon skipping', 0, 0]
C54E10.3.1: ['exon skipping', 0, 0]
ZK863.1.1: ['exon skipping', 0, 0]
C04C3.6.1: ['exon skipping', 0, 0]
T01B11.1.1: ['5event', 335, 2]
>9
C50H11.13.1: ['5event', ['internal gap >= 30', 90, 63], 158, 0]
C54E10.3.1: ['5event', ['internal gap >= 30', 90, 63], 158, 0]
ZK863.1.1: ['5event', ['internal gap >= 30', 91, 63], 158, 0]
C04C3.6.1: ['5event', ['internal gap >= 30', 90, 63], 158, 0]
T01B11.1.1: ['3event', 65, 2]
>10
C50H11.13.1: [['internal gap < 30', 69, 2], 94, 0]
C54E10.3.1: ['exon skipping', 0, 0]
ZK863.1.1: ['no event', 96, 0]
C04C3.6.1: [['internal gap < 30', 69, 2], 94, 0]
T01B11.1.1: ['exon skipping', 0, 0]
>11
C50H11.13.1: ['exon skipping', 0, 0]
C54E10.3.1: ['5event', 20, 0]
ZK863.1.1: ['exon skipping', 0, 0]
C04C3.6.1: ['exon skipping', 0, 0]
T01B11.1.1: ['exon skipping', 0, 0]
>12
C50H11.13.1: ['exon skipping', 0, 0]
C54E10.3.1: ['exon skipping', 0, 0]
ZK863.1.1: ['5event', 126, 2]
C04C3.6.1: ['exon skipping', 0, 0]
T01B11.1.1: ['exon skipping', 0, 0]
>13
C50H11.13.1: ['exon skipping', 0, 0]
C54E10.3.1: ['exon skipping', 0, 0]
ZK863.1.1: ['exon skipping', 0, 0]
C04C3.6.1: ['5event', 5, 0]
T01B11.1.1: ['exon skipping', 0, 0]
>14
C50H11.13.1: ['5event', 30, 2]
C54E10.3.1: ['exon skipping', 0, 0]
ZK863.1.1: ['exon skipping', 0, 0]
C04C3.6.1: ['exon skipping', 0, 0]
T01B11.1.1: ['exon skipping', 0, 0]
