>0
C47A10.1.1: ['exon skipping', 0, 0]
K08E7.9.1: ['exon skipping', 0, 0]
T21E8.1a.1: ['exon skipping', 0, 0]
T21E8.1b.1: ['exon skipping', 0, 0]
T21E8.1b.2: ['exon skipping', 0, 0]
T21E8.1c.1: ['no event', 7, 0]
T21E8.2.1: ['exon skipping', 0, 0]
T21E8.3.1: ['exon skipping', 0, 0]
>1
C47A10.1.1: ['3event', '5event', 44, 0]
K08E7.9.1: ['5event', ['internal gap >= 30', 131, 789], 183, 0]
T21E8.1a.1: ['5event', ['internal gap >= 30', 25, 880], 92, 0]
T21E8.1b.1: ['exon skipping', 0, 0]
T21E8.1b.2: ['exon skipping', 0, 0]
T21E8.1c.1: [['internal gap >= 30', 1, 905], 67, 2]
T21E8.2.1: ['5event', ['internal gap >= 30', 25, 880], 92, 0]
T21E8.3.1: ['5event', ['internal gap >= 30', 37, 889], 83, 0]
>2
C47A10.1.1: ['exon skipping', 0, 0]
K08E7.9.1: ['no event', 10, 1]
T21E8.1a.1: ['exon skipping', 0, 0]
T21E8.1b.1: ['exon skipping', 0, 0]
T21E8.1b.2: ['exon skipping', 0, 0]
T21E8.1c.1: ['exon skipping', 0, 0]
T21E8.2.1: ['exon skipping', 0, 0]
T21E8.3.1: ['exon skipping', 0, 0]
>3
C47A10.1.1: ['5event', 57, 2]
K08E7.9.1: ['exon skipping', 0, 0]
T21E8.1a.1: ['exon skipping', 0, 0]
T21E8.1b.1: ['exon skipping', 0, 0]
T21E8.1b.2: ['exon skipping', 0, 0]
T21E8.1c.1: ['exon skipping', 0, 0]
T21E8.2.1: ['exon skipping', 0, 0]
T21E8.3.1: ['exon skipping', 0, 0]
>4
C47A10.1.1: ['3event', 100, 0]
K08E7.9.1: ['5event', 156, 0]
T21E8.1a.1: ['5event', 156, 0]
T21E8.1b.1: ['5event', 72, 0]
T21E8.1b.2: ['5event', 72, 0]
T21E8.1c.1: ['5event', 156, 0]
T21E8.2.1: ['5event', 156, 0]
T21E8.3.1: ['5event', 156, 0]
>5
C47A10.1.1: ['exon skipping', 0, 0]
K08E7.9.1: ['no event', 2, 1]
T21E8.1a.1: ['exon skipping', 0, 0]
T21E8.1b.1: ['exon skipping', 0, 0]
T21E8.1b.2: ['exon skipping', 0, 0]
T21E8.1c.1: ['exon skipping', 0, 0]
T21E8.2.1: ['exon skipping', 0, 0]
T21E8.3.1: ['exon skipping', 0, 0]
>6
C47A10.1.1: ['5event', ['internal gap < 30', 143, 20], 167, 0]
K08E7.9.1: [['internal gap >= 30', 25, 55], 132, 1]
T21E8.1a.1: ['5event', ['internal gap >= 30', 85, 78], 109, 1]
T21E8.1b.1: ['5event', ['internal gap >= 30', 85, 78], 109, 1]
T21E8.1b.2: ['5event', ['internal gap >= 30', 85, 78], 109, 1]
T21E8.1c.1: ['5event', ['internal gap >= 30', 85, 78], 109, 1]
T21E8.2.1: ['5event', ['internal gap >= 30', 85, 78], 109, 1]
T21E8.3.1: ['5event', ['internal gap >= 30', 85, 78], 109, 1]
>7
C47A10.1.1: [['internal gap < 30', 20, 6], 133, 0]
K08E7.9.1: [['internal gap < 30', 7, 24], 115, 0]
T21E8.1a.1: [['internal gap < 30', 1, 6], 133, 0]
T21E8.1b.1: [['internal gap < 30', 1, 6], 133, 0]
T21E8.1b.2: [['internal gap < 30', 1, 6], 133, 0]
T21E8.1c.1: [['internal gap < 30', 1, 6], 133, 0]
T21E8.2.1: [['internal gap < 30', 1, 6], 133, 0]
T21E8.3.1: [['internal gap < 30', 1, 6], 133, 0]
>8
C47A10.1.1: ['no event', 42, 2]
K08E7.9.1: ['exon skipping', 0, 0]
T21E8.1a.1: ['exon skipping', 0, 0]
T21E8.1b.1: ['exon skipping', 0, 0]
T21E8.1b.2: ['exon skipping', 0, 0]
T21E8.1c.1: ['exon skipping', 0, 0]
T21E8.2.1: ['exon skipping', 0, 0]
T21E8.3.1: ['exon skipping', 0, 0]
>9
C47A10.1.1: ['exon skipping', 0, 0]
K08E7.9.1: ['5event', ['internal gap < 30', 208, 29], 296, 2]
T21E8.1a.1: ['5event', ['internal gap < 30', 158, 29], 296, 2]
T21E8.1b.1: ['5event', ['internal gap < 30', 158, 29], 296, 2]
T21E8.1b.2: ['5event', ['internal gap < 30', 158, 29], 296, 2]
T21E8.1c.1: ['5event', ['internal gap < 30', 158, 29], 296, 2]
T21E8.2.1: ['5event', ['internal gap < 30', 158, 29], 296, 2]
T21E8.3.1: ['5event', ['internal gap < 30', 158, 29], 296, 2]
>10
C47A10.1.1: ['exon skipping', 0, 0]
K08E7.9.1: ['no event', 171, 2]
T21E8.1a.1: ['exon skipping', 0, 0]
T21E8.1b.1: ['exon skipping', 0, 0]
T21E8.1b.2: ['exon skipping', 0, 0]
T21E8.1c.1: ['exon skipping', 0, 0]
T21E8.2.1: ['exon skipping', 0, 0]
T21E8.3.1: ['exon skipping', 0, 0]
>11
C47A10.1.1: ['exon skipping', 0, 0]
K08E7.9.1: ['3event', 116, 0]
T21E8.1a.1: ['5event', 171, 2]
T21E8.1b.1: ['5event', 171, 2]
T21E8.1b.2: ['5event', 171, 2]
T21E8.1c.1: ['5event', 171, 2]
T21E8.2.1: ['5event', 171, 2]
T21E8.3.1: ['5event', 171, 2]
>12
C47A10.1.1: ['3event', '5event', 979, 0]
K08E7.9.1: ['3event', '5event', 354, 0]
T21E8.1a.1: [['internal gap >= 30', 172, 423], 728, 0]
T21E8.1b.1: [['internal gap >= 30', 172, 423], 728, 0]
T21E8.1b.2: [['internal gap >= 30', 172, 423], 728, 0]
T21E8.1c.1: [['internal gap >= 30', 172, 423], 728, 0]
T21E8.2.1: [['internal gap >= 30', 172, 423], 728, 0]
T21E8.3.1: [['internal gap >= 30', 178, 417], 734, 0]
>13
C47A10.1.1: ['5event', ['internal gap >= 30', 356, 88], 367, 1]
K08E7.9.1: ['5event', 453, 0]
T21E8.1a.1: ['exon skipping', 0, 0]
T21E8.1b.1: ['exon skipping', 0, 0]
T21E8.1b.2: ['exon skipping', 0, 0]
T21E8.1c.1: ['exon skipping', 0, 0]
T21E8.2.1: ['exon skipping', 0, 0]
T21E8.3.1: ['exon skipping', 0, 0]
>14
C47A10.1.1: ['no event', 53, 0]
K08E7.9.1: ['exon skipping', 0, 0]
T21E8.1a.1: ['exon skipping', 0, 0]
T21E8.1b.1: ['exon skipping', 0, 0]
T21E8.1b.2: ['exon skipping', 0, 0]
T21E8.1c.1: ['exon skipping', 0, 0]
T21E8.2.1: ['exon skipping', 0, 0]
T21E8.3.1: ['exon skipping', 0, 0]
>15
C47A10.1.1: ['exon skipping', 0, 0]
K08E7.9.1: ['exon skipping', 0, 0]
T21E8.1a.1: ['5event', 89, 0]
T21E8.1b.1: ['5event', 89, 0]
T21E8.1b.2: ['5event', 89, 0]
T21E8.1c.1: ['5event', 89, 0]
T21E8.2.1: ['5event', 89, 0]
T21E8.3.1: ['5event', 89, 0]
>16
C47A10.1.1: ['exon skipping', 0, 0]
K08E7.9.1: ['3event', '5event', 288, 1]
T21E8.1a.1: [['internal gap >= 30', 97, 59], 380, 0]
T21E8.1b.1: [['internal gap >= 30', 97, 59], 380, 0]
T21E8.1b.2: [['internal gap >= 30', 97, 59], 380, 0]
T21E8.1c.1: [['internal gap >= 30', 97, 59], 380, 0]
T21E8.2.1: [['internal gap >= 30', 97, 59], 380, 0]
T21E8.3.1: [['internal gap >= 30', 156, 98], 341, 0]
>17
C47A10.1.1: ['5event', 248, 0]
K08E7.9.1: ['5event', ['internal gap >= 30', 22, 192], 58, 1]
T21E8.1a.1: ['exon skipping', 0, 0]
T21E8.1b.1: ['exon skipping', 0, 0]
T21E8.1b.2: ['exon skipping', 0, 0]
T21E8.1c.1: ['exon skipping', 0, 0]
T21E8.2.1: ['exon skipping', 0, 0]
T21E8.3.1: ['exon skipping', 0, 0]
>18
C47A10.1.1: ['3event', 282, 0]
K08E7.9.1: [['internal gap < 30', 13, 3], 363, 0]
T21E8.1a.1: ['5event', ['internal gap < 30', 12, 4], 362, 0]
T21E8.1b.1: ['5event', ['internal gap < 30', 12, 4], 362, 0]
T21E8.1b.2: ['5event', ['internal gap < 30', 12, 4], 362, 0]
T21E8.1c.1: ['5event', ['internal gap < 30', 12, 4], 362, 0]
T21E8.2.1: ['5event', ['internal gap < 30', 12, 4], 362, 0]
T21E8.3.1: ['5event', ['internal gap < 30', 12, 4], 362, 0]
>19
C47A10.1.1: ['exon skipping', 0, 0]
K08E7.9.1: ['exon skipping', 0, 0]
T21E8.1a.1: ['no event', 104, 0]
T21E8.1b.1: ['no event', 104, 0]
T21E8.1b.2: ['no event', 104, 0]
T21E8.1c.1: ['no event', 104, 0]
T21E8.2.1: ['no event', 104, 0]
T21E8.3.1: ['no event', 104, 0]
>20
C47A10.1.1: ['exon skipping', 0, 0]
K08E7.9.1: ['5event', ['internal gap < 30', 149, 12], 247, 0]
T21E8.1a.1: [['internal gap >= 30', 97, 129], 130, 0]
T21E8.1b.1: [['internal gap >= 30', 97, 129], 130, 0]
T21E8.1b.2: [['internal gap >= 30', 97, 129], 130, 0]
T21E8.1c.1: [['internal gap >= 30', 97, 129], 130, 0]
T21E8.2.1: [['internal gap >= 30', 97, 129], 130, 0]
T21E8.3.1: [['internal gap >= 30', 97, 129], 130, 0]
>21
C47A10.1.1: ['5event', 62, 2]
K08E7.9.1: ['exon skipping', 0, 0]
T21E8.1a.1: ['exon skipping', 0, 0]
T21E8.1b.1: ['exon skipping', 0, 0]
T21E8.1b.2: ['exon skipping', 0, 0]
T21E8.1c.1: ['exon skipping', 0, 0]
T21E8.2.1: ['exon skipping', 0, 0]
T21E8.3.1: ['exon skipping', 0, 0]
>22
C47A10.1.1: [['internal gap < 30', 569, 21], 727, 2]
K08E7.9.1: ['3event', '5event', 262, 2]
T21E8.1a.1: ['5event', ['internal gap >= 30', 270, 284], 464, 0]
T21E8.1b.1: ['5event', ['internal gap >= 30', 270, 284], 464, 0]
T21E8.1b.2: ['5event', ['internal gap >= 30', 270, 284], 464, 0]
T21E8.1c.1: ['5event', ['internal gap >= 30', 270, 284], 464, 0]
T21E8.2.1: ['5event', ['internal gap >= 30', 270, 284], 464, 0]
T21E8.3.1: ['5event', ['internal gap >= 30', 270, 284], 464, 0]
>23
C47A10.1.1: ['exon skipping', 0, 0]
K08E7.9.1: ['5event', 194, 0]
T21E8.1a.1: ['exon skipping', 0, 0]
T21E8.1b.1: ['exon skipping', 0, 0]
T21E8.1b.2: ['exon skipping', 0, 0]
T21E8.1c.1: ['exon skipping', 0, 0]
T21E8.2.1: ['exon skipping', 0, 0]
T21E8.3.1: ['exon skipping', 0, 0]
>24
C47A10.1.1: ['5event', 206, 0]
K08E7.9.1: ['3event', 128, 0]
T21E8.1a.1: ['5event', ['internal gap < 30', 136, 4], 203, 0]
T21E8.1b.1: ['5event', ['internal gap < 30', 136, 4], 203, 0]
T21E8.1b.2: ['5event', ['internal gap < 30', 136, 4], 203, 0]
T21E8.1c.1: ['5event', ['internal gap < 30', 136, 4], 203, 0]
T21E8.2.1: ['5event', ['internal gap < 30', 136, 4], 203, 0]
T21E8.3.1: ['5event', ['internal gap < 30', 136, 4], 203, 0]
>25
C47A10.1.1: ['exon skipping', 0, 0]
K08E7.9.1: ['5event', 79, 1]
T21E8.1a.1: ['exon skipping', 0, 0]
T21E8.1b.1: ['exon skipping', 0, 0]
T21E8.1b.2: ['exon skipping', 0, 0]
T21E8.1c.1: ['exon skipping', 0, 0]
T21E8.2.1: ['exon skipping', 0, 0]
T21E8.3.1: ['exon skipping', 0, 0]
>26
C47A10.1.1: ['5event', ['internal gap >= 30', 272, 64], 410, 0]
K08E7.9.1: ['3event', 352, 0]
T21E8.1a.1: ['3event', '5event', 363, 0]
T21E8.1b.1: ['3event', '5event', 363, 0]
T21E8.1b.2: ['3event', '5event', 363, 0]
T21E8.1c.1: ['3event', '5event', 363, 0]
T21E8.2.1: ['3event', '5event', 363, 0]
T21E8.3.1: ['3event', '5event', 345, 0]
