>0
T01B7.8.1: [['internal gap < 30', 38, 6], 59, 0]
R13H4.8.1: ['exon skipping', 0, 0]
C27A2.5.1: [['internal gap < 30', 37, 9], 56, 0]
C04G6.7.1: [['internal gap < 30', 37, 9], 56, 0]
C04G6.10.1: ['exon skipping', 0, 0]
C06A1.7.1: [['internal gap < 30', 31, 15], 50, 0]
C06A1.6.1: ['no event', 65, 0]
F29D10.2.1: [['internal gap < 30', 31, 15], 50, 0]
>1
T01B7.8.1: ['exon skipping', 0, 0]
R13H4.8.1: ['exon skipping', 0, 0]
C27A2.5.1: ['exon skipping', 0, 0]
C04G6.7.1: ['exon skipping', 0, 0]
C04G6.10.1: ['5event', 59, 0]
C06A1.7.1: ['exon skipping', 0, 0]
C06A1.6.1: ['exon skipping', 0, 0]
F29D10.2.1: ['exon skipping', 0, 0]
>2
T01B7.8.1: ['3event', '5event', 435, 0]
R13H4.8.1: ['3event', '5event', 590, 0]
C27A2.5.1: ['5event', ['internal gap >= 30', 488, 528], 509, 0]
C04G6.7.1: ['3event', '5event', 346, 0]
C04G6.10.1: ['3event', 442, 0]
C06A1.7.1: ['3event', '5event', 393, 0]
C06A1.6.1: ['3event', '5event', 393, 0]
F29D10.2.1: ['3event', '5event', 399, 0]
>3
T01B7.8.1: ['exon skipping', 0, 0]
R13H4.8.1: ['exon skipping', 0, 0]
C27A2.5.1: ['exon skipping', 0, 0]
C04G6.7.1: ['5event', 52, 1]
C04G6.10.1: ['exon skipping', 0, 0]
C06A1.7.1: ['exon skipping', 0, 0]
C06A1.6.1: ['exon skipping', 0, 0]
F29D10.2.1: ['exon skipping', 0, 0]
>4
T01B7.8.1: ['exon skipping', 0, 0]
R13H4.8.1: ['5event', 48, 2]
C27A2.5.1: ['exon skipping', 0, 0]
C04G6.7.1: ['exon skipping', 0, 0]
C04G6.10.1: ['exon skipping', 0, 0]
C06A1.7.1: ['exon skipping', 0, 0]
C06A1.6.1: ['exon skipping', 0, 0]
F29D10.2.1: ['exon skipping', 0, 0]
>5
T01B7.8.1: ['exon skipping', 0, 0]
R13H4.8.1: ['exon skipping', 0, 0]
C27A2.5.1: ['exon skipping', 0, 0]
C04G6.7.1: ['5event', 137, 0]
C04G6.10.1: ['exon skipping', 0, 0]
C06A1.7.1: ['exon skipping', 0, 0]
C06A1.6.1: ['exon skipping', 0, 0]
F29D10.2.1: ['exon skipping', 0, 0]
