>0
FBtr0336619: ['exon skipping', 0, 0]
FBtr0081257: ['no event', 128, 0]
FBtr0081256: ['exon skipping', 0, 0]
FBtr0303779: ['exon skipping', 0, 0]
FBtr0081277: ['exon skipping', 0, 0]
FBtr0303780: ['exon skipping', 0, 0]
FBtr0344843: ['exon skipping', 0, 0]
FBtr0081278: ['exon skipping', 0, 0]
>1
FBtr0336619: ['exon skipping', 0, 0]
FBtr0081257: ['exon skipping', 0, 0]
FBtr0081256: ['5event', 665, 0]
FBtr0303779: ['exon skipping', 0, 0]
FBtr0081277: ['exon skipping', 0, 0]
FBtr0303780: ['exon skipping', 0, 0]
FBtr0344843: ['exon skipping', 0, 0]
FBtr0081278: ['exon skipping', 0, 0]
>2
FBtr0336619: ['5event', ['internal gap < 30', 13, 11], 176, 0]
FBtr0081257: ['5event', ['internal gap < 30', 13, 11], 176, 0]
FBtr0081256: ['exon skipping', 0, 0]
FBtr0303779: ['5event', ['internal gap < 30', 51, 23], 164, 0]
FBtr0081277: ['5event', ['internal gap < 30', 51, 23], 164, 0]
FBtr0303780: ['5event', ['internal gap < 30', 51, 23], 164, 0]
FBtr0344843: ['5event', ['internal gap < 30', 51, 23], 164, 0]
FBtr0081278: ['5event', ['internal gap < 30', 51, 23], 164, 0]
>3
FBtr0336619: ['3event', 194, 0]
FBtr0081257: ['3event', 194, 0]
FBtr0081256: ['exon skipping', 0, 0]
FBtr0303779: [['internal gap < 30', 170, 5], 192, 0]
FBtr0081277: [['internal gap < 30', 170, 5], 192, 0]
FBtr0303780: [['internal gap < 30', 170, 5], 192, 0]
FBtr0344843: [['internal gap < 30', 170, 5], 192, 0]
FBtr0081278: [['internal gap < 30', 170, 5], 192, 0]
>4
FBtr0336619: ['5event', ['internal gap < 30', 224, 28], 308, 1]
FBtr0081257: ['5event', ['internal gap < 30', 224, 28], 308, 1]
FBtr0081256: ['exon skipping', 0, 0]
FBtr0303779: [['internal gap < 30', 288, 11], 325, 1]
FBtr0081277: [['internal gap < 30', 288, 11], 325, 1]
FBtr0303780: [['internal gap < 30', 288, 11], 325, 1]
FBtr0344843: [['internal gap < 30', 288, 11], 325, 1]
FBtr0081278: [['internal gap < 30', 288, 11], 325, 1]
