>0
FBtr0073011: ['5event', 60, 0]
FBtr0085146: [['internal gap < 30', 52, 9], 65, 0]
FBtr0085137: [['internal gap < 30', 52, 9], 65, 0]
FBtr0114372: [['internal gap < 30', 52, 9], 65, 0]
FBtr0112834: [['internal gap < 30', 52, 9], 65, 0]
FBtr0085145: [['internal gap < 30', 52, 9], 65, 0]
FBtr0085139: [['internal gap < 30', 52, 9], 65, 0]
FBtr0085138: [['internal gap < 30', 52, 9], 65, 0]
FBtr0085140: [['internal gap < 30', 52, 9], 65, 0]
>1
FBtr0073011: ['no event', 1, 1]
FBtr0085146: ['exon skipping', 0, 0]
FBtr0085137: ['exon skipping', 0, 0]
FBtr0114372: ['exon skipping', 0, 0]
FBtr0112834: ['exon skipping', 0, 0]
FBtr0085145: ['exon skipping', 0, 0]
FBtr0085139: ['exon skipping', 0, 0]
FBtr0085138: ['exon skipping', 0, 0]
FBtr0085140: ['exon skipping', 0, 0]
>2
FBtr0073011: [['internal gap >= 30', 72, 34], 145, 0]
FBtr0085146: ['exon skipping', 0, 0]
FBtr0085137: ['exon skipping', 0, 0]
FBtr0114372: ['exon skipping', 0, 0]
FBtr0112834: ['5event', ['internal gap >= 30', 89, 42], 137, 0]
FBtr0085145: ['exon skipping', 0, 0]
FBtr0085139: ['exon skipping', 0, 0]
FBtr0085138: ['exon skipping', 0, 0]
FBtr0085140: ['5event', ['internal gap >= 30', 89, 42], 137, 0]
>3
FBtr0073011: ['no event', 10, 0]
FBtr0085146: ['exon skipping', 0, 0]
FBtr0085137: ['exon skipping', 0, 0]
FBtr0114372: ['exon skipping', 0, 0]
FBtr0112834: ['exon skipping', 0, 0]
FBtr0085145: ['exon skipping', 0, 0]
FBtr0085139: ['exon skipping', 0, 0]
FBtr0085138: ['exon skipping', 0, 0]
FBtr0085140: ['exon skipping', 0, 0]
>4
FBtr0073011: ['no event', 263, 2]
FBtr0085146: ['exon skipping', 0, 0]
FBtr0085137: ['exon skipping', 0, 0]
FBtr0114372: ['exon skipping', 0, 0]
FBtr0112834: ['exon skipping', 0, 0]
FBtr0085145: ['exon skipping', 0, 0]
FBtr0085139: ['exon skipping', 0, 0]
FBtr0085138: ['exon skipping', 0, 0]
FBtr0085140: ['exon skipping', 0, 0]
>5
FBtr0073011: ['exon skipping', 0, 0]
FBtr0085146: ['5event', 77, 0]
FBtr0085137: ['5event', 77, 0]
FBtr0114372: ['exon skipping', 0, 0]
FBtr0112834: ['5event', 77, 0]
FBtr0085145: ['exon skipping', 0, 0]
FBtr0085139: ['5event', 77, 0]
FBtr0085138: ['exon skipping', 0, 0]
FBtr0085140: ['exon skipping', 0, 0]
>6
FBtr0073011: ['exon skipping', 0, 0]
FBtr0085146: ['exon skipping', 0, 0]
FBtr0085137: ['no event', 219, 0]
FBtr0114372: ['3event', '5event', 156, 0]
FBtr0112834: ['exon skipping', 0, 0]
FBtr0085145: ['exon skipping', 0, 0]
FBtr0085139: ['exon skipping', 0, 0]
FBtr0085138: ['5event', 218, 0]
FBtr0085140: ['exon skipping', 0, 0]
>7
FBtr0073011: ['exon skipping', 0, 0]
FBtr0085146: ['5event', 57, 0]
FBtr0085137: ['no event', 58, 0]
FBtr0114372: ['5event', 57, 0]
FBtr0112834: ['5event', 57, 0]
FBtr0085145: ['5event', 57, 0]
FBtr0085139: ['5event', 57, 0]
FBtr0085138: ['no event', 58, 0]
FBtr0085140: ['5event', 57, 0]
>8
FBtr0073011: ['5event', ['internal gap < 30', 467, 18], 512, 2]
FBtr0085146: ['3event', 356, 1]
FBtr0085137: ['3event', 383, 1]
FBtr0114372: ['3event', 356, 1]
FBtr0112834: ['3event', 356, 1]
FBtr0085145: ['3event', 383, 1]
FBtr0085139: ['3event', 383, 1]
FBtr0085138: ['3event', 383, 1]
FBtr0085140: ['3event', 383, 1]
>9
FBtr0073011: [['internal gap < 30', 100, 13], 166, 2]
FBtr0085146: ['5event', 174, 2]
FBtr0085137: ['5event', 174, 2]
FBtr0114372: ['5event', 174, 2]
FBtr0112834: ['5event', 174, 2]
FBtr0085145: ['5event', 174, 2]
FBtr0085139: ['5event', 174, 2]
FBtr0085138: ['5event', 174, 2]
FBtr0085140: ['5event', 174, 2]
