>0
FBtr0302724: ['no event', 53, 0]
FBtr0303165: ['no event', 53, 0]
FBtr0335519: ['exon skipping', 0, 0]
FBtr0302726: ['exon skipping', 0, 0]
FBtr0302727: ['exon skipping', 0, 0]
FBtr0302725: ['no event', 53, 0]
FBtr0087012: ['exon skipping', 0, 0]
FBtr0087011: ['exon skipping', 0, 0]
FBtr0113378: ['exon skipping', 0, 0]
FBtr0302611: ['exon skipping', 0, 0]
FBtr0087010: ['exon skipping', 0, 0]
FBtr0273340: ['exon skipping', 0, 0]
FBtr0273341: ['exon skipping', 0, 0]
FBtr0087009: ['exon skipping', 0, 0]
FBtr0300958: ['exon skipping', 0, 0]
>1
FBtr0302724: ['exon skipping', 0, 0]
FBtr0303165: ['exon skipping', 0, 0]
FBtr0335519: ['exon skipping', 0, 0]
FBtr0302726: ['exon skipping', 0, 0]
FBtr0302727: ['5event', 140, 0]
FBtr0302725: ['exon skipping', 0, 0]
FBtr0087012: ['exon skipping', 0, 0]
FBtr0087011: ['exon skipping', 0, 0]
FBtr0113378: ['exon skipping', 0, 0]
FBtr0302611: ['exon skipping', 0, 0]
FBtr0087010: ['exon skipping', 0, 0]
FBtr0273340: ['exon skipping', 0, 0]
FBtr0273341: ['exon skipping', 0, 0]
FBtr0087009: ['exon skipping', 0, 0]
FBtr0300958: ['exon skipping', 0, 0]
>2
FBtr0302724: ['exon skipping', 0, 0]
FBtr0303165: ['exon skipping', 0, 0]
FBtr0335519: ['5event', 180, 0]
FBtr0302726: ['exon skipping', 0, 0]
FBtr0302727: ['exon skipping', 0, 0]
FBtr0302725: ['exon skipping', 0, 0]
FBtr0087012: ['exon skipping', 0, 0]
FBtr0087011: ['exon skipping', 0, 0]
FBtr0113378: ['5event', ['internal gap >= 30', 131, 37], 144, 0]
FBtr0302611: ['exon skipping', 0, 0]
FBtr0087010: ['exon skipping', 0, 0]
FBtr0273340: ['exon skipping', 0, 0]
FBtr0273341: ['exon skipping', 0, 0]
FBtr0087009: ['exon skipping', 0, 0]
FBtr0300958: ['exon skipping', 0, 0]
>3
FBtr0302724: ['exon skipping', 0, 0]
FBtr0303165: ['exon skipping', 0, 0]
FBtr0335519: ['no event', 4, 1]
FBtr0302726: ['exon skipping', 0, 0]
FBtr0302727: ['exon skipping', 0, 0]
FBtr0302725: ['exon skipping', 0, 0]
FBtr0087012: ['exon skipping', 0, 0]
FBtr0087011: ['exon skipping', 0, 0]
FBtr0113378: ['exon skipping', 0, 0]
FBtr0302611: ['exon skipping', 0, 0]
FBtr0087010: ['exon skipping', 0, 0]
FBtr0273340: ['exon skipping', 0, 0]
FBtr0273341: ['exon skipping', 0, 0]
FBtr0087009: ['exon skipping', 0, 0]
FBtr0300958: ['exon skipping', 0, 0]
>4
FBtr0302724: ['5event', ['internal gap >= 30', 531, 149], 551, 0]
FBtr0303165: ['5event', ['internal gap >= 30', 531, 149], 551, 0]
FBtr0335519: [['internal gap >= 30', 533, 147], 553, 0]
FBtr0302726: ['exon skipping', 0, 0]
FBtr0302727: ['5event', ['internal gap >= 30', 531, 149], 551, 0]
FBtr0302725: ['5event', ['internal gap >= 30', 531, 149], 551, 0]
FBtr0087012: ['exon skipping', 0, 0]
FBtr0087011: ['exon skipping', 0, 0]
FBtr0113378: ['exon skipping', 0, 0]
FBtr0302611: ['exon skipping', 0, 0]
FBtr0087010: ['5event', ['internal gap >= 30', 316, 142], 558, 0]
FBtr0273340: ['3event', '5event', 409, 0]
FBtr0273341: ['5event', ['internal gap >= 30', 316, 142], 558, 0]
FBtr0087009: ['exon skipping', 0, 0]
FBtr0300958: ['exon skipping', 0, 0]
>5
FBtr0302724: ['exon skipping', 0, 0]
FBtr0303165: ['exon skipping', 0, 0]
FBtr0335519: ['exon skipping', 0, 0]
FBtr0302726: ['5event', 17, 0]
FBtr0302727: ['exon skipping', 0, 0]
FBtr0302725: ['exon skipping', 0, 0]
FBtr0087012: ['exon skipping', 0, 0]
FBtr0087011: ['exon skipping', 0, 0]
FBtr0113378: ['exon skipping', 0, 0]
FBtr0302611: ['exon skipping', 0, 0]
FBtr0087010: ['exon skipping', 0, 0]
FBtr0273340: ['exon skipping', 0, 0]
FBtr0273341: ['exon skipping', 0, 0]
FBtr0087009: ['exon skipping', 0, 0]
FBtr0300958: ['exon skipping', 0, 0]
>6
FBtr0302724: ['exon skipping', 0, 0]
FBtr0303165: ['exon skipping', 0, 0]
FBtr0335519: ['exon skipping', 0, 0]
FBtr0302726: ['exon skipping', 0, 0]
FBtr0302727: ['exon skipping', 0, 0]
FBtr0302725: ['exon skipping', 0, 0]
FBtr0087012: ['exon skipping', 0, 0]
FBtr0087011: ['exon skipping', 0, 0]
FBtr0113378: ['exon skipping', 0, 0]
FBtr0302611: ['exon skipping', 0, 0]
FBtr0087010: ['5event', 28, 1]
FBtr0273340: ['exon skipping', 0, 0]
FBtr0273341: ['5event', 28, 1]
FBtr0087009: ['exon skipping', 0, 0]
FBtr0300958: ['exon skipping', 0, 0]
>7
FBtr0302724: ['5event', 35, 0]
FBtr0303165: ['5event', 35, 0]
FBtr0335519: ['5event', 35, 0]
FBtr0302726: ['5event', 35, 0]
FBtr0302727: ['5event', 35, 0]
FBtr0302725: ['5event', 35, 0]
FBtr0087012: ['exon skipping', 0, 0]
FBtr0087011: ['exon skipping', 0, 0]
FBtr0113378: ['exon skipping', 0, 0]
FBtr0302611: ['exon skipping', 0, 0]
FBtr0087010: ['3event', 29, 0]
FBtr0273340: ['exon skipping', 0, 0]
FBtr0273341: ['3event', 29, 0]
FBtr0087009: ['exon skipping', 0, 0]
FBtr0300958: ['exon skipping', 0, 0]
>8
FBtr0302724: ['exon skipping', 0, 0]
FBtr0303165: ['exon skipping', 0, 0]
FBtr0335519: ['exon skipping', 0, 0]
FBtr0302726: ['exon skipping', 0, 0]
FBtr0302727: ['exon skipping', 0, 0]
FBtr0302725: ['exon skipping', 0, 0]
FBtr0087012: ['exon skipping', 0, 0]
FBtr0087011: ['exon skipping', 0, 0]
FBtr0113378: ['5event', 7, 1]
FBtr0302611: ['exon skipping', 0, 0]
FBtr0087010: ['5event', 7, 1]
FBtr0273340: ['5event', 7, 1]
FBtr0273341: ['5event', 7, 1]
FBtr0087009: ['exon skipping', 0, 0]
FBtr0300958: ['exon skipping', 0, 0]
>9
FBtr0302724: ['3event', '5event', 507, 0]
FBtr0303165: ['3event', '5event', 507, 0]
FBtr0335519: ['3event', '5event', 507, 0]
FBtr0302726: ['3event', '5event', 507, 0]
FBtr0302727: ['3event', '5event', 507, 0]
FBtr0302725: ['3event', '5event', 507, 0]
FBtr0087012: ['exon skipping', 0, 0]
FBtr0087011: ['5event', ['internal gap >= 30', 188, 592], 364, 0]
FBtr0113378: [['internal gap >= 30', 609, 171], 785, 0]
FBtr0302611: ['exon skipping', 0, 0]
FBtr0087010: [['internal gap >= 30', 609, 171], 785, 0]
FBtr0273340: [['internal gap >= 30', 609, 171], 785, 0]
FBtr0273341: [['internal gap >= 30', 609, 171], 785, 0]
FBtr0087009: ['5event', ['internal gap >= 30', 188, 592], 364, 0]
FBtr0300958: ['5event', ['internal gap >= 30', 188, 592], 364, 0]
>10
FBtr0302724: ['exon skipping', 0, 0]
FBtr0303165: ['exon skipping', 0, 0]
FBtr0335519: ['exon skipping', 0, 0]
FBtr0302726: ['exon skipping', 0, 0]
FBtr0302727: ['exon skipping', 0, 0]
FBtr0302725: ['exon skipping', 0, 0]
FBtr0087012: ['5event', 10, 0]
FBtr0087011: ['exon skipping', 0, 0]
FBtr0113378: ['exon skipping', 0, 0]
FBtr0302611: ['5event', 10, 0]
FBtr0087010: ['exon skipping', 0, 0]
FBtr0273340: ['exon skipping', 0, 0]
FBtr0273341: ['exon skipping', 0, 0]
FBtr0087009: ['exon skipping', 0, 0]
FBtr0300958: ['exon skipping', 0, 0]
>11
FBtr0302724: ['exon skipping', 0, 0]
FBtr0303165: ['exon skipping', 0, 0]
FBtr0335519: ['exon skipping', 0, 0]
FBtr0302726: ['exon skipping', 0, 0]
FBtr0302727: ['exon skipping', 0, 0]
FBtr0302725: ['exon skipping', 0, 0]
FBtr0087012: ['no event', 129, 2]
FBtr0087011: ['5event', 128, 2]
FBtr0113378: ['5event', 128, 2]
FBtr0302611: ['no event', 129, 2]
FBtr0087010: ['5event', 128, 2]
FBtr0273340: ['5event', 128, 2]
FBtr0273341: ['5event', 128, 2]
FBtr0087009: ['5event', 128, 2]
FBtr0300958: ['5event', 128, 2]
>12
FBtr0302724: ['exon skipping', 0, 0]
FBtr0303165: ['exon skipping', 0, 0]
FBtr0335519: ['exon skipping', 0, 0]
FBtr0302726: ['exon skipping', 0, 0]
FBtr0302727: ['exon skipping', 0, 0]
FBtr0302725: ['exon skipping', 0, 0]
FBtr0087012: ['no event', 385, 2]
FBtr0087011: ['no event', 385, 2]
FBtr0113378: ['no event', 385, 2]
FBtr0302611: ['no event', 385, 2]
FBtr0087010: ['no event', 385, 2]
FBtr0273340: ['no event', 385, 2]
FBtr0273341: ['exon skipping', 0, 0]
FBtr0087009: ['exon skipping', 0, 0]
FBtr0300958: ['no event', 385, 2]
>13
FBtr0302724: ['exon skipping', 0, 0]
FBtr0303165: ['exon skipping', 0, 0]
FBtr0335519: ['exon skipping', 0, 0]
FBtr0302726: ['exon skipping', 0, 0]
FBtr0302727: ['exon skipping', 0, 0]
FBtr0302725: ['exon skipping', 0, 0]
FBtr0087012: ['no event', 777, 1]
FBtr0087011: ['no event', 777, 1]
FBtr0113378: ['no event', 777, 1]
FBtr0302611: ['no event', 777, 1]
FBtr0087010: ['no event', 777, 1]
FBtr0273340: ['no event', 777, 1]
FBtr0273341: ['exon skipping', 0, 0]
FBtr0087009: ['exon skipping', 0, 0]
FBtr0300958: ['no event', 777, 1]
>14
FBtr0302724: ['exon skipping', 0, 0]
FBtr0303165: ['exon skipping', 0, 0]
FBtr0335519: ['exon skipping', 0, 0]
FBtr0302726: ['exon skipping', 0, 0]
FBtr0302727: ['exon skipping', 0, 0]
FBtr0302725: ['exon skipping', 0, 0]
FBtr0087012: ['no event', 2234, 2]
FBtr0087011: ['no event', 2234, 2]
FBtr0113378: ['no event', 2234, 2]
FBtr0302611: [['internal gap >= 30', 3, 1542], 692, 2]
FBtr0087010: ['no event', 2234, 2]
FBtr0273340: ['no event', 2234, 2]
FBtr0273341: ['5event', 2231, 2]
FBtr0087009: ['5event', 2231, 2]
FBtr0300958: [['internal gap >= 30', 3, 1542], 692, 2]
>15
FBtr0302724: ['exon skipping', 0, 0]
FBtr0303165: ['exon skipping', 0, 0]
FBtr0335519: ['exon skipping', 0, 0]
FBtr0302726: ['exon skipping', 0, 0]
FBtr0302727: ['exon skipping', 0, 0]
FBtr0302725: ['exon skipping', 0, 0]
FBtr0087012: ['no event', 669, 2]
FBtr0087011: ['no event', 669, 2]
FBtr0113378: ['no event', 669, 2]
FBtr0302611: ['no event', 669, 2]
FBtr0087010: ['no event', 669, 2]
FBtr0273340: ['no event', 669, 2]
FBtr0273341: ['no event', 669, 2]
FBtr0087009: ['no event', 669, 2]
FBtr0300958: ['no event', 669, 2]
