>0
FBtr0100174: ['no event', 4, 0]
FBtr0114623: ['exon skipping', 0, 0]
FBtr0086584: ['exon skipping', 0, 0]
FBtr0086582: ['no event', 4, 0]
FBtr0340450: ['no event', 4, 0]
FBtr0086583: ['no event', 4, 0]
FBtr0100176: ['no event', 4, 0]
Y50D4C.1a.1: ['no event', 4, 0]
Y50D4C.1b.1: ['exon skipping', 0, 0]
Y50D4C.1c.1: ['no event', 4, 0]
Y50D4C.1d.1: ['exon skipping', 0, 0]
Y50D4C.1e.1: ['exon skipping', 0, 0]
Y50D4C.1f.1: ['exon skipping', 0, 0]
Y50D4C.1g.1: ['exon skipping', 0, 0]
>1
FBtr0100174: ['exon skipping', 0, 0]
FBtr0114623: ['5event', 892, 0]
FBtr0086584: ['3event', '5event', 440, 0]
FBtr0086582: ['exon skipping', 0, 0]
FBtr0340450: ['exon skipping', 0, 0]
FBtr0086583: ['exon skipping', 0, 0]
FBtr0100176: ['exon skipping', 0, 0]
Y50D4C.1a.1: ['exon skipping', 0, 0]
Y50D4C.1b.1: ['exon skipping', 0, 0]
Y50D4C.1c.1: ['exon skipping', 0, 0]
Y50D4C.1d.1: ['exon skipping', 0, 0]
Y50D4C.1e.1: ['exon skipping', 0, 0]
Y50D4C.1f.1: ['exon skipping', 0, 0]
Y50D4C.1g.1: ['exon skipping', 0, 0]
>2
FBtr0100174: ['exon skipping', 0, 0]
FBtr0114623: ['exon skipping', 0, 0]
FBtr0086584: ['exon skipping', 0, 0]
FBtr0086582: ['exon skipping', 0, 0]
FBtr0340450: ['exon skipping', 0, 0]
FBtr0086583: ['exon skipping', 0, 0]
FBtr0100176: ['exon skipping', 0, 0]
Y50D4C.1a.1: ['5event', 2, 2]
Y50D4C.1b.1: ['exon skipping', 0, 0]
Y50D4C.1c.1: ['5event', 2, 2]
Y50D4C.1d.1: ['exon skipping', 0, 0]
Y50D4C.1e.1: ['exon skipping', 0, 0]
Y50D4C.1f.1: ['exon skipping', 0, 0]
Y50D4C.1g.1: ['exon skipping', 0, 0]
>3
FBtr0100174: ['5event', ['internal gap < 30', 237, 21], 321, 2]
FBtr0114623: ['5event', ['internal gap < 30', 237, 21], 321, 2]
FBtr0086584: ['5event', ['internal gap < 30', 237, 21], 321, 2]
FBtr0086582: ['5event', ['internal gap < 30', 237, 21], 321, 2]
FBtr0340450: ['5event', ['internal gap < 30', 237, 21], 321, 2]
FBtr0086583: ['5event', ['internal gap < 30', 237, 21], 321, 2]
FBtr0100176: ['5event', ['internal gap < 30', 237, 21], 321, 2]
Y50D4C.1a.1: [['internal gap < 30', 79, 17], 325, 2]
Y50D4C.1b.1: ['5event', ['internal gap >= 30', 44, 52], 290, 0]
Y50D4C.1c.1: [['internal gap < 30', 79, 17], 325, 2]
Y50D4C.1d.1: ['5event', ['internal gap >= 30', 56, 40], 302, 0]
Y50D4C.1e.1: ['exon skipping', 0, 0]
Y50D4C.1f.1: ['exon skipping', 0, 0]
Y50D4C.1g.1: ['exon skipping', 0, 0]
>4
FBtr0100174: ['exon skipping', 0, 0]
FBtr0114623: ['exon skipping', 0, 0]
FBtr0086584: ['exon skipping', 0, 0]
FBtr0086582: ['exon skipping', 0, 0]
FBtr0340450: ['exon skipping', 0, 0]
FBtr0086583: ['exon skipping', 0, 0]
FBtr0100176: ['exon skipping', 0, 0]
Y50D4C.1a.1: ['no event', 51, 0]
Y50D4C.1b.1: ['no event', 51, 0]
Y50D4C.1c.1: ['no event', 51, 0]
Y50D4C.1d.1: ['no event', 51, 0]
Y50D4C.1e.1: ['exon skipping', 0, 0]
Y50D4C.1f.1: ['exon skipping', 0, 0]
Y50D4C.1g.1: ['exon skipping', 0, 0]
>5
FBtr0100174: ['5event', 232, 0]
FBtr0114623: ['5event', 232, 0]
FBtr0086584: ['5event', 232, 0]
FBtr0086582: ['5event', 232, 0]
FBtr0340450: ['5event', 232, 0]
FBtr0086583: ['5event', 232, 0]
FBtr0100176: ['5event', 232, 0]
Y50D4C.1a.1: ['exon skipping', 0, 0]
Y50D4C.1b.1: ['exon skipping', 0, 0]
Y50D4C.1c.1: ['exon skipping', 0, 0]
Y50D4C.1d.1: ['exon skipping', 0, 0]
Y50D4C.1e.1: ['exon skipping', 0, 0]
Y50D4C.1f.1: ['exon skipping', 0, 0]
Y50D4C.1g.1: ['exon skipping', 0, 0]
>6
FBtr0100174: ['no event', 252, 2]
FBtr0114623: [['internal gap < 30', 1, 12], 240, 2]
FBtr0086584: ['no event', 252, 2]
FBtr0086582: [['internal gap < 30', 1, 12], 240, 2]
FBtr0340450: ['no event', 252, 2]
FBtr0086583: [['internal gap < 30', 1, 12], 240, 2]
FBtr0100176: [['internal gap < 30', 1, 12], 240, 2]
Y50D4C.1a.1: ['exon skipping', 0, 0]
Y50D4C.1b.1: ['exon skipping', 0, 0]
Y50D4C.1c.1: ['exon skipping', 0, 0]
Y50D4C.1d.1: ['exon skipping', 0, 0]
Y50D4C.1e.1: ['exon skipping', 0, 0]
Y50D4C.1f.1: ['exon skipping', 0, 0]
Y50D4C.1g.1: ['exon skipping', 0, 0]
>7
FBtr0100174: ['exon skipping', 0, 0]
FBtr0114623: ['exon skipping', 0, 0]
FBtr0086584: ['exon skipping', 0, 0]
FBtr0086582: ['exon skipping', 0, 0]
FBtr0340450: ['exon skipping', 0, 0]
FBtr0086583: ['exon skipping', 0, 0]
FBtr0100176: ['exon skipping', 0, 0]
Y50D4C.1a.1: ['5event', 96, 1]
Y50D4C.1b.1: ['5event', 96, 1]
Y50D4C.1c.1: ['5event', 96, 1]
Y50D4C.1d.1: ['5event', 96, 1]
Y50D4C.1e.1: ['5event', 58, 0]
Y50D4C.1f.1: ['exon skipping', 0, 0]
Y50D4C.1g.1: ['exon skipping', 0, 0]
>8
FBtr0100174: ['3event', '5event', 882, 0]
FBtr0114623: ['3event', '5event', 885, 0]
FBtr0086584: ['3event', '5event', 885, 0]
FBtr0086582: ['3event', '5event', 885, 0]
FBtr0340450: ['3event', '5event', 813, 0]
FBtr0086583: ['3event', '5event', 885, 0]
FBtr0100176: ['3event', '5event', 885, 0]
Y50D4C.1a.1: ['3event', 423, 2]
Y50D4C.1b.1: [['internal gap >= 30', 455, 502], 492, 2]
Y50D4C.1c.1: [['internal gap >= 30', 455, 502], 492, 2]
Y50D4C.1d.1: ['3event', 423, 2]
Y50D4C.1e.1: ['3event', 423, 2]
Y50D4C.1f.1: ['3event', '5event', 127, 0]
Y50D4C.1g.1: ['exon skipping', 0, 0]
>9
FBtr0100174: ['5event', ['internal gap >= 30', 131, 45], 221, 0]
FBtr0114623: ['5event', ['internal gap >= 30', 131, 45], 221, 0]
FBtr0086584: ['5event', ['internal gap >= 30', 131, 45], 221, 0]
FBtr0086582: ['5event', ['internal gap >= 30', 131, 45], 221, 0]
FBtr0340450: ['5event', ['internal gap >= 30', 131, 45], 221, 0]
FBtr0086583: ['5event', ['internal gap >= 30', 131, 45], 221, 0]
FBtr0100176: ['5event', ['internal gap >= 30', 131, 45], 221, 0]
Y50D4C.1a.1: ['3event', '5event', 244, 1]
Y50D4C.1b.1: ['exon skipping', 0, 0]
Y50D4C.1c.1: ['exon skipping', 0, 0]
Y50D4C.1d.1: ['3event', '5event', 244, 1]
Y50D4C.1e.1: ['3event', '5event', 244, 1]
Y50D4C.1f.1: ['3event', '5event', 244, 1]
Y50D4C.1g.1: ['3event', '5event', 233, 0]
>10
FBtr0100174: ['exon skipping', 0, 0]
FBtr0114623: ['exon skipping', 0, 0]
FBtr0086584: ['exon skipping', 0, 0]
FBtr0086582: ['exon skipping', 0, 0]
FBtr0340450: ['exon skipping', 0, 0]
FBtr0086583: ['exon skipping', 0, 0]
FBtr0100176: ['exon skipping', 0, 0]
Y50D4C.1a.1: ['5event', 125, 2]
Y50D4C.1b.1: ['exon skipping', 0, 0]
Y50D4C.1c.1: ['exon skipping', 0, 0]
Y50D4C.1d.1: ['5event', 125, 2]
Y50D4C.1e.1: ['5event', 125, 2]
Y50D4C.1f.1: ['5event', 125, 2]
Y50D4C.1g.1: ['5event', 125, 2]
>11
FBtr0100174: ['3event', '5event', 118, 0]
FBtr0114623: ['3event', '5event', 118, 0]
FBtr0086584: ['3event', '5event', 121, 0]
FBtr0086582: ['3event', '5event', 118, 0]
FBtr0340450: ['3event', '5event', 118, 0]
FBtr0086583: ['3event', '5event', 118, 0]
FBtr0100176: ['3event', '5event', 118, 0]
Y50D4C.1a.1: [['internal gap >= 30', 1, 53], 132, 2]
Y50D4C.1b.1: ['exon skipping', 0, 0]
Y50D4C.1c.1: ['exon skipping', 0, 0]
Y50D4C.1d.1: [['internal gap >= 30', 1, 53], 132, 2]
Y50D4C.1e.1: [['internal gap >= 30', 1, 53], 132, 2]
Y50D4C.1f.1: [['internal gap >= 30', 1, 53], 132, 2]
Y50D4C.1g.1: [['internal gap >= 30', 1, 53], 132, 2]
>12
FBtr0100174: ['5event', 25, 1]
FBtr0114623: ['5event', 25, 1]
FBtr0086584: ['5event', 25, 1]
FBtr0086582: ['5event', 25, 1]
FBtr0340450: ['5event', 25, 1]
FBtr0086583: ['5event', 25, 1]
FBtr0100176: ['5event', 25, 1]
Y50D4C.1a.1: ['exon skipping', 0, 0]
Y50D4C.1b.1: ['exon skipping', 0, 0]
Y50D4C.1c.1: ['exon skipping', 0, 0]
Y50D4C.1d.1: ['exon skipping', 0, 0]
Y50D4C.1e.1: ['exon skipping', 0, 0]
Y50D4C.1f.1: ['exon skipping', 0, 0]
Y50D4C.1g.1: ['exon skipping', 0, 0]
