>0
F14F8.12.1: ['5event', ['internal gap < 30', 99, 15], 143, 0]
F14F8.13.1: ['5event', ['internal gap < 30', 99, 15], 143, 0]
T25E12.11.1: ['5event', ['internal gap < 30', 99, 15], 143, 0]
T25E12.13.1: ['5event', ['internal gap < 30', 99, 15], 143, 0]
F14F8.4.1: ['5event', ['internal gap < 30', 99, 15], 143, 0]
F08H9.12.1: ['5event', ['internal gap < 30', 99, 15], 143, 0]
Y68A4A.6.1: ['5event', ['internal gap < 30', 99, 15], 143, 0]
Y102A5C.33.1: ['5event', ['internal gap < 30', 99, 15], 143, 0]
F49H6.11.1: ['5event', ['internal gap < 30', 99, 15], 143, 0]
C18D4.9.1: [['internal gap < 30', 102, 12], 146, 0]
Y6G8.4.1: [['internal gap < 30', 102, 12], 146, 0]
B0205.2a.1: ['exon skipping', 0, 0]
B0205.2b.1: ['5event', ['internal gap < 30', 22, 12], 146, 0]
>1
F14F8.12.1: ['3event', 138, 0]
F14F8.13.1: [['internal gap >= 30', 101, 124], 139, 0]
T25E12.11.1: ['3event', 132, 0]
T25E12.13.1: ['3event', 132, 0]
F14F8.4.1: [['internal gap >= 30', 118, 131], 132, 0]
F08H9.12.1: ['3event', 117, 0]
Y68A4A.6.1: ['3event', 120, 0]
Y102A5C.33.1: ['3event', 135, 0]
F49H6.11.1: ['3event', 125, 0]
C18D4.9.1: ['3event', 136, 0]
Y6G8.4.1: ['3event', 141, 0]
B0205.2a.1: ['3event', '5event', 212, 0]
B0205.2b.1: ['3event', 129, 0]
>2
F14F8.12.1: ['5event', 8, 2]
F14F8.13.1: ['exon skipping', 0, 0]
T25E12.11.1: ['exon skipping', 0, 0]
T25E12.13.1: ['exon skipping', 0, 0]
F14F8.4.1: ['exon skipping', 0, 0]
F08H9.12.1: ['exon skipping', 0, 0]
Y68A4A.6.1: ['exon skipping', 0, 0]
Y102A5C.33.1: ['exon skipping', 0, 0]
F49H6.11.1: ['exon skipping', 0, 0]
C18D4.9.1: ['3event', '5event', 8, 0]
Y6G8.4.1: ['exon skipping', 0, 0]
B0205.2a.1: ['exon skipping', 0, 0]
B0205.2b.1: ['exon skipping', 0, 0]
>3
F14F8.12.1: ['exon skipping', 0, 0]
F14F8.13.1: ['exon skipping', 0, 0]
T25E12.11.1: ['exon skipping', 0, 0]
T25E12.13.1: ['exon skipping', 0, 0]
F14F8.4.1: ['exon skipping', 0, 0]
F08H9.12.1: ['exon skipping', 0, 0]
Y68A4A.6.1: ['exon skipping', 0, 0]
Y102A5C.33.1: ['exon skipping', 0, 0]
F49H6.11.1: ['exon skipping', 0, 0]
C18D4.9.1: ['exon skipping', 0, 0]
Y6G8.4.1: ['5event', 14, 2]
B0205.2a.1: ['exon skipping', 0, 0]
B0205.2b.1: ['exon skipping', 0, 0]
>4
F14F8.12.1: ['5event', ['internal gap >= 30', 258, 55], 288, 2]
F14F8.13.1: ['5event', ['internal gap >= 30', 258, 55], 288, 2]
T25E12.11.1: ['5event', ['internal gap >= 30', 261, 52], 291, 2]
T25E12.13.1: ['5event', ['internal gap >= 30', 255, 58], 285, 2]
F14F8.4.1: ['5event', ['internal gap >= 30', 261, 52], 291, 2]
F08H9.12.1: ['5event', ['internal gap >= 30', 258, 55], 288, 2]
Y68A4A.6.1: ['5event', ['internal gap >= 30', 251, 46], 297, 2]
Y102A5C.33.1: ['5event', ['internal gap >= 30', 258, 55], 288, 2]
F49H6.11.1: ['5event', ['internal gap >= 30', 271, 42], 301, 1]
C18D4.9.1: ['5event', ['internal gap >= 30', 252, 61], 282, 2]
Y6G8.4.1: [['internal gap >= 30', 256, 57], 286, 2]
B0205.2a.1: ['5event', ['internal gap >= 30', 267, 46], 297, 2]
B0205.2b.1: ['5event', ['internal gap >= 30', 267, 46], 297, 2]
>5
F14F8.12.1: [['internal gap < 30', 87, 3], 164, 0]
F14F8.13.1: [['internal gap < 30', 87, 3], 164, 0]
T25E12.11.1: [['internal gap < 30', 87, 3], 164, 0]
T25E12.13.1: [['internal gap < 30', 87, 3], 164, 0]
F14F8.4.1: [['internal gap < 30', 87, 3], 164, 0]
F08H9.12.1: [['internal gap < 30', 87, 3], 164, 0]
Y68A4A.6.1: [['internal gap < 30', 87, 3], 164, 0]
Y102A5C.33.1: [['internal gap < 30', 87, 3], 164, 0]
F49H6.11.1: [['internal gap < 30', 87, 3], 164, 0]
C18D4.9.1: [['internal gap < 30', 84, 6], 161, 0]
Y6G8.4.1: ['no event', 167, 0]
B0205.2a.1: [['internal gap < 30', 87, 3], 164, 0]
B0205.2b.1: [['internal gap < 30', 87, 3], 164, 0]
>6
F14F8.12.1: [['internal gap >= 30', 201, 34], 248, 0]
F14F8.13.1: [['internal gap >= 30', 201, 34], 248, 0]
T25E12.11.1: [['internal gap >= 30', 204, 31], 251, 0]
T25E12.13.1: [['internal gap >= 30', 204, 31], 251, 0]
F14F8.4.1: [['internal gap >= 30', 201, 34], 248, 0]
F08H9.12.1: ['3event', 137, 0]
Y68A4A.6.1: [['internal gap >= 30', 201, 34], 248, 0]
Y102A5C.33.1: [['internal gap >= 30', 201, 34], 248, 0]
F49H6.11.1: [['internal gap >= 30', 201, 34], 248, 0]
C18D4.9.1: [['internal gap >= 30', 183, 52], 230, 0]
Y6G8.4.1: [['internal gap >= 30', 183, 52], 230, 0]
B0205.2a.1: [['internal gap >= 30', 245, 31], 251, 0]
B0205.2b.1: [['internal gap >= 30', 245, 31], 251, 0]
>7
F14F8.12.1: ['exon skipping', 0, 0]
F14F8.13.1: ['exon skipping', 0, 0]
T25E12.11.1: ['exon skipping', 0, 0]
T25E12.13.1: ['exon skipping', 0, 0]
F14F8.4.1: ['exon skipping', 0, 0]
F08H9.12.1: ['5event', 14, 0]
Y68A4A.6.1: ['exon skipping', 0, 0]
Y102A5C.33.1: ['exon skipping', 0, 0]
F49H6.11.1: ['exon skipping', 0, 0]
C18D4.9.1: ['exon skipping', 0, 0]
Y6G8.4.1: ['exon skipping', 0, 0]
B0205.2a.1: ['exon skipping', 0, 0]
B0205.2b.1: ['exon skipping', 0, 0]
