>0
B0379.7.1: [['internal gap >= 30', 675, 147], 690, 0]
B0379.7.2: [['internal gap >= 30', 675, 147], 690, 0]
B0205.10.1: [['internal gap < 30', 710, 27], 810, 0]
B0205.10.2: [['internal gap < 30', 710, 27], 810, 0]
>1
B0379.7.1: [['internal gap < 30', 15, 4], 421, 1]
B0379.7.2: [['internal gap < 30', 15, 4], 421, 1]
B0205.10.1: [['internal gap < 30', 407, 8], 417, 1]
B0205.10.2: [['internal gap < 30', 407, 8], 417, 1]
>2
B0379.7.1: ['exon skipping', 0, 0]
B0379.7.2: ['exon skipping', 0, 0]
B0205.10.1: ['no event', 27, 2]
B0205.10.2: ['no event', 27, 2]
>3
B0379.7.1: ['5event', 48, 0]
B0379.7.2: ['5event', 48, 0]
B0205.10.1: [['internal gap < 30', 21, 3], 54, 0]
B0205.10.2: [['internal gap < 30', 21, 3], 54, 0]
>4
B0379.7.1: ['exon skipping', 0, 0]
B0379.7.2: ['exon skipping', 0, 0]
B0205.10.1: ['no event', 8, 1]
B0205.10.2: ['no event', 8, 1]
>5
B0379.7.1: ['5event', 67, 1]
B0379.7.2: ['5event', 67, 1]
B0205.10.1: [['internal gap < 30', 20, 18], 51, 1]
B0205.10.2: [['internal gap < 30', 20, 18], 51, 1]
