>0
FBtr0112452: ['3event', '5event', 50, 0]
FBtr0091698: ['5event', ['internal gap < 30', 27, 12], 73, 0]
FBtr0074914: ['3event', 65, 0]
FBtr0084638: ['exon skipping', 0, 0]
FBtr0305958: ['3event', '5event', 52, 0]
>1
FBtr0112452: ['5event', 30, 2]
FBtr0091698: ['exon skipping', 0, 0]
FBtr0074914: ['3event', '5event', 5, 2]
FBtr0084638: ['exon skipping', 0, 0]
FBtr0305958: ['exon skipping', 0, 0]
>2
FBtr0112452: [['internal gap < 30', 1, 20], 21, 0]
FBtr0091698: ['3event', '5event', 32, 2]
FBtr0074914: ['exon skipping', 0, 0]
FBtr0084638: ['exon skipping', 0, 0]
FBtr0305958: ['exon skipping', 0, 0]
>3
FBtr0112452: [['internal gap >= 30', 121, 97], 172, 1]
FBtr0091698: ['5event', ['internal gap >= 30', 119, 99], 170, 1]
FBtr0074914: ['5event', ['internal gap >= 30', 117, 99], 170, 1]
FBtr0084638: ['5event', 267, 0]
FBtr0305958: ['3event', '5event', 189, 1]
>4
FBtr0112452: ['3event', 222, 1]
FBtr0091698: ['3event', 210, 1]
FBtr0074914: [['internal gap >= 30', 147, 68], 209, 1]
FBtr0084638: [['internal gap >= 30', 162, 55], 222, 1]
FBtr0305958: ['5event', ['internal gap < 30', 202, 21], 256, 1]
>5
FBtr0112452: ['exon skipping', 0, 0]
FBtr0091698: ['exon skipping', 0, 0]
FBtr0074914: ['exon skipping', 0, 0]
FBtr0084638: ['no event', 7, 1]
FBtr0305958: ['exon skipping', 0, 0]
