>0
R03A10.6.1: ['exon skipping', 0, 0]
R03A10.6.2: ['exon skipping', 0, 0]
Y69A2AR.15.1: ['no event', 32, 0]
FBtr0344824: ['exon skipping', 0, 0]
FBtr0339781: ['exon skipping', 0, 0]
FBtr0070778: ['exon skipping', 0, 0]
>1
R03A10.6.1: ['exon skipping', 0, 0]
R03A10.6.2: ['exon skipping', 0, 0]
Y69A2AR.15.1: ['exon skipping', 0, 0]
FBtr0344824: ['5event', 384, 0]
FBtr0339781: ['5event', 384, 0]
FBtr0070778: ['5event', 384, 0]
>2
R03A10.6.1: ['exon skipping', 0, 0]
R03A10.6.2: ['exon skipping', 0, 0]
Y69A2AR.15.1: ['5event', 98, 0]
FBtr0344824: ['exon skipping', 0, 0]
FBtr0339781: ['exon skipping', 0, 0]
FBtr0070778: ['exon skipping', 0, 0]
>3
R03A10.6.1: ['exon skipping', 0, 0]
R03A10.6.2: ['exon skipping', 0, 0]
Y69A2AR.15.1: ['no event', 110, 0]
FBtr0344824: ['exon skipping', 0, 0]
FBtr0339781: ['exon skipping', 0, 0]
FBtr0070778: ['exon skipping', 0, 0]
>4
R03A10.6.1: ['exon skipping', 0, 0]
R03A10.6.2: ['exon skipping', 0, 0]
Y69A2AR.15.1: ['no event', 27, 0]
FBtr0344824: ['exon skipping', 0, 0]
FBtr0339781: ['exon skipping', 0, 0]
FBtr0070778: ['exon skipping', 0, 0]
>5
R03A10.6.1: ['exon skipping', 0, 0]
R03A10.6.2: ['exon skipping', 0, 0]
Y69A2AR.15.1: [['internal gap < 30', 103, 11], 122, 1]
FBtr0344824: ['5event', 130, 1]
FBtr0339781: ['5event', 130, 1]
FBtr0070778: ['5event', 130, 1]
>6
R03A10.6.1: ['exon skipping', 0, 0]
R03A10.6.2: ['exon skipping', 0, 0]
Y69A2AR.15.1: ['5event', 11, 0]
FBtr0344824: ['exon skipping', 0, 0]
FBtr0339781: ['exon skipping', 0, 0]
FBtr0070778: ['exon skipping', 0, 0]
>7
R03A10.6.1: ['exon skipping', 0, 0]
R03A10.6.2: ['exon skipping', 0, 0]
Y69A2AR.15.1: ['no event', 62, 0]
FBtr0344824: ['5event', 61, 0]
FBtr0339781: ['5event', 61, 0]
FBtr0070778: ['5event', 61, 0]
>8
R03A10.6.1: ['exon skipping', 0, 0]
R03A10.6.2: ['exon skipping', 0, 0]
Y69A2AR.15.1: ['no event', 153, 2]
FBtr0344824: ['exon skipping', 0, 0]
FBtr0339781: ['exon skipping', 0, 0]
FBtr0070778: ['exon skipping', 0, 0]
>9
R03A10.6.1: ['exon skipping', 0, 0]
R03A10.6.2: ['exon skipping', 0, 0]
Y69A2AR.15.1: ['only gap', 0, 0]
FBtr0344824: ['exon skipping', 0, 0]
FBtr0339781: ['exon skipping', 0, 0]
FBtr0070778: ['exon skipping', 0, 0]
>10
R03A10.6.1: ['5event', ['internal gap >= 30', 23, 31], 65, 0]
R03A10.6.2: ['5event', ['internal gap >= 30', 23, 31], 65, 0]
Y69A2AR.15.1: ['3event', 89, 1]
FBtr0344824: ['exon skipping', 0, 0]
FBtr0339781: ['exon skipping', 0, 0]
FBtr0070778: ['exon skipping', 0, 0]
>11
R03A10.6.1: ['exon skipping', 0, 0]
R03A10.6.2: ['exon skipping', 0, 0]
Y69A2AR.15.1: ['5event', 109, 0]
FBtr0344824: ['exon skipping', 0, 0]
FBtr0339781: ['exon skipping', 0, 0]
FBtr0070778: ['exon skipping', 0, 0]
>12
R03A10.6.1: ['exon skipping', 0, 0]
R03A10.6.2: ['exon skipping', 0, 0]
Y69A2AR.15.1: ['no event', 83, 2]
FBtr0344824: ['exon skipping', 0, 0]
FBtr0339781: ['exon skipping', 0, 0]
FBtr0070778: ['exon skipping', 0, 0]
>13
R03A10.6.1: ['exon skipping', 0, 0]
R03A10.6.2: ['exon skipping', 0, 0]
Y69A2AR.15.1: ['no event', 196, 2]
FBtr0344824: ['exon skipping', 0, 0]
FBtr0339781: ['exon skipping', 0, 0]
FBtr0070778: ['exon skipping', 0, 0]
>14
R03A10.6.1: ['exon skipping', 0, 0]
R03A10.6.2: ['exon skipping', 0, 0]
Y69A2AR.15.1: ['no event', 105, 1]
FBtr0344824: ['exon skipping', 0, 0]
FBtr0339781: ['exon skipping', 0, 0]
FBtr0070778: ['exon skipping', 0, 0]
>15
R03A10.6.1: ['5event', ['internal gap >= 30', 137, 37], 210, 0]
R03A10.6.2: ['5event', ['internal gap >= 30', 137, 37], 210, 0]
Y69A2AR.15.1: ['3event', 200, 2]
FBtr0344824: ['exon skipping', 0, 0]
FBtr0339781: ['exon skipping', 0, 0]
FBtr0070778: ['exon skipping', 0, 0]
>16
R03A10.6.1: ['no event', 193, 1]
R03A10.6.2: ['no event', 193, 1]
Y69A2AR.15.1: ['exon skipping', 0, 0]
FBtr0344824: ['exon skipping', 0, 0]
FBtr0339781: ['exon skipping', 0, 0]
FBtr0070778: ['exon skipping', 0, 0]
>17
R03A10.6.1: ['no event', 99, 0]
R03A10.6.2: ['no event', 99, 0]
Y69A2AR.15.1: ['exon skipping', 0, 0]
FBtr0344824: ['exon skipping', 0, 0]
FBtr0339781: ['exon skipping', 0, 0]
FBtr0070778: ['exon skipping', 0, 0]
>18
R03A10.6.1: ['3event', 347, 1]
R03A10.6.2: ['3event', 347, 1]
Y69A2AR.15.1: ['exon skipping', 0, 0]
FBtr0344824: ['5event', 726, 2]
FBtr0339781: ['5event', 726, 2]
FBtr0070778: ['5event', 726, 2]
>19
R03A10.6.1: ['5event', 145, 0]
R03A10.6.2: ['5event', 145, 0]
Y69A2AR.15.1: ['exon skipping', 0, 0]
FBtr0344824: ['exon skipping', 0, 0]
FBtr0339781: ['exon skipping', 0, 0]
FBtr0070778: ['exon skipping', 0, 0]
>20
R03A10.6.1: ['no event', 185, 2]
R03A10.6.2: ['no event', 185, 2]
Y69A2AR.15.1: ['exon skipping', 0, 0]
FBtr0344824: ['exon skipping', 0, 0]
FBtr0339781: ['exon skipping', 0, 0]
FBtr0070778: ['exon skipping', 0, 0]
>21
R03A10.6.1: ['no event', 75, 2]
R03A10.6.2: ['no event', 75, 2]
Y69A2AR.15.1: ['exon skipping', 0, 0]
FBtr0344824: ['exon skipping', 0, 0]
FBtr0339781: ['exon skipping', 0, 0]
FBtr0070778: ['exon skipping', 0, 0]
>22
R03A10.6.1: ['no event', 120, 0]
R03A10.6.2: ['no event', 120, 0]
Y69A2AR.15.1: ['exon skipping', 0, 0]
FBtr0344824: ['exon skipping', 0, 0]
FBtr0339781: ['exon skipping', 0, 0]
FBtr0070778: ['exon skipping', 0, 0]
>23
R03A10.6.1: ['no event', 139, 1]
R03A10.6.2: ['no event', 139, 1]
Y69A2AR.15.1: ['exon skipping', 0, 0]
FBtr0344824: ['exon skipping', 0, 0]
FBtr0339781: ['exon skipping', 0, 0]
FBtr0070778: ['exon skipping', 0, 0]
