>0
ENSAHAT00000031082: ['no event', 66, 0]
ENSAOWT00000016519: ['no event', 66, 0]
ENSARWT00000017816: ['no event', 66, 0]
ENSDNVT00000006568: ['5event', 51, 0]
ENSNPET00000010870: ['no event', 66, 0]
>1
ENSAHAT00000031082: ['no event', 266, 1]
ENSAOWT00000016519: ['no event', 266, 1]
ENSARWT00000017816: ['no event', 266, 1]
ENSDNVT00000006568: ['no event', 266, 1]
ENSNPET00000010870: ['no event', 266, 1]
>2
ENSAHAT00000031082: ['no event', 217, 1]
ENSAOWT00000016519: ['no event', 217, 1]
ENSARWT00000017816: ['no event', 217, 1]
ENSDNVT00000006568: ['no event', 217, 1]
ENSNPET00000010870: ['no event', 217, 1]
>3
ENSAHAT00000031082: ['no event', 99, 0]
ENSAOWT00000016519: ['no event', 99, 0]
ENSARWT00000017816: ['no event', 99, 0]
ENSDNVT00000006568: ['no event', 99, 0]
ENSNPET00000010870: ['no event', 99, 0]
>4
ENSAHAT00000031082: ['no event', 146, 1]
ENSAOWT00000016519: ['no event', 146, 1]
ENSARWT00000017816: ['no event', 146, 1]
ENSDNVT00000006568: ['no event', 146, 1]
ENSNPET00000010870: ['no event', 146, 1]
>5
ENSAHAT00000031082: ['no event', 275, 1]
ENSAOWT00000016519: ['no event', 275, 1]
ENSARWT00000017816: ['no event', 275, 1]
ENSDNVT00000006568: ['no event', 275, 1]
ENSNPET00000010870: ['no event', 275, 1]
>6
ENSAHAT00000031082: ['no event', 197, 1]
ENSAOWT00000016519: ['no event', 197, 1]
ENSARWT00000017816: ['no event', 197, 1]
ENSDNVT00000006568: ['no event', 197, 1]
ENSNPET00000010870: ['no event', 197, 1]
>7
ENSAHAT00000031082: ['no event', 130, 1]
ENSAOWT00000016519: ['no event', 130, 1]
ENSARWT00000017816: ['no event', 130, 1]
ENSDNVT00000006568: ['no event', 130, 1]
ENSNPET00000010870: ['no event', 130, 1]
>8
ENSAHAT00000031082: ['no event', 134, 0]
ENSAOWT00000016519: ['no event', 134, 0]
ENSARWT00000017816: ['no event', 134, 0]
ENSDNVT00000006568: ['no event', 134, 0]
ENSNPET00000010870: ['no event', 134, 0]
