>0
ENSMUST00000227772: ['no event', 71, 0]
ENSMUST00000179647: ['no event', 71, 0]
ENSMSIT00000024762: ['no event', 71, 0]
MGP_CAROLIEiJ_T0038019: ['no event', 71, 0]
MGP_PahariEiJ_T0041405: ['no event', 71, 0]
ENSRNOT00000075584: ['3event', 42, 0]
>1
ENSMUST00000227772: ['exon skipping', 0, 0]
ENSMUST00000179647: ['exon skipping', 0, 0]
ENSMSIT00000024762: ['exon skipping', 0, 0]
MGP_CAROLIEiJ_T0038019: ['exon skipping', 0, 0]
MGP_PahariEiJ_T0041405: ['exon skipping', 0, 0]
ENSRNOT00000075584: ['5event', 16, 0]
>2
ENSMUST00000227772: ['exon skipping', 0, 0]
ENSMUST00000179647: ['exon skipping', 0, 0]
ENSMSIT00000024762: ['exon skipping', 0, 0]
MGP_CAROLIEiJ_T0038019: ['exon skipping', 0, 0]
MGP_PahariEiJ_T0041405: ['exon skipping', 0, 0]
ENSRNOT00000075584: ['no event', 12, 2]
>3
ENSMUST00000227772: ['5event', 90, 0]
ENSMUST00000179647: ['5event', 90, 0]
ENSMSIT00000024762: ['5event', 90, 0]
MGP_CAROLIEiJ_T0038019: ['5event', 90, 0]
MGP_PahariEiJ_T0041405: ['5event', 90, 0]
ENSRNOT00000075584: ['no event', 92, 0]
>4
ENSMUST00000227772: ['exon skipping', 0, 0]
ENSMUST00000179647: ['exon skipping', 0, 0]
ENSMSIT00000024762: ['no event', 49, 1]
MGP_CAROLIEiJ_T0038019: ['exon skipping', 0, 0]
MGP_PahariEiJ_T0041405: ['exon skipping', 0, 0]
ENSRNOT00000075584: ['no event', 49, 1]
>5
ENSMUST00000227772: ['exon skipping', 0, 0]
ENSMUST00000179647: ['exon skipping', 0, 0]
ENSMSIT00000024762: [['internal gap < 30', 18, 1], 32, 0]
MGP_CAROLIEiJ_T0038019: ['exon skipping', 0, 0]
MGP_PahariEiJ_T0041405: ['exon skipping', 0, 0]
ENSRNOT00000075584: [['internal gap < 30', 2, 1], 32, 0]
>6
ENSMUST00000227772: ['exon skipping', 0, 0]
ENSMUST00000179647: ['exon skipping', 0, 0]
ENSMSIT00000024762: ['no event', 9, 0]
MGP_CAROLIEiJ_T0038019: ['exon skipping', 0, 0]
MGP_PahariEiJ_T0041405: ['exon skipping', 0, 0]
ENSRNOT00000075584: ['exon skipping', 0, 0]
>7
ENSMUST00000227772: ['5event', ['internal gap < 30', 95, 6], 172, 1]
ENSMUST00000179647: ['5event', ['internal gap < 30', 95, 6], 172, 1]
ENSMSIT00000024762: [['internal gap >= 30', 4, 98], 80, 1]
MGP_CAROLIEiJ_T0038019: ['5event', ['internal gap < 30', 69, 5], 173, 1]
MGP_PahariEiJ_T0041405: ['3event', '5event', 170, 1]
ENSRNOT00000075584: ['5event', 83, 0]
