>0
F53A2.3.1: ['exon skipping', 0, 0]
T25D1.1.1: ['no event', 431, 0]
T25D1.2.1: ['exon skipping', 0, 0]
C36C9.4.1: ['exon skipping', 0, 0]
T27A8.5.1: ['exon skipping', 0, 0]
R12C12.7.1: ['exon skipping', 0, 0]
R12C12.7.2: ['exon skipping', 0, 0]
Y74C9A.1.1: ['exon skipping', 0, 0]
>1
F53A2.3.1: ['exon skipping', 0, 0]
T25D1.1.1: ['no event', 32, 0]
T25D1.2.1: ['exon skipping', 0, 0]
C36C9.4.1: ['exon skipping', 0, 0]
T27A8.5.1: ['exon skipping', 0, 0]
R12C12.7.1: ['exon skipping', 0, 0]
R12C12.7.2: ['exon skipping', 0, 0]
Y74C9A.1.1: ['exon skipping', 0, 0]
>2
F53A2.3.1: ['exon skipping', 0, 0]
T25D1.1.1: [['internal gap < 30', 2, 6], 46, 0]
T25D1.2.1: ['5event', 50, 0]
C36C9.4.1: ['exon skipping', 0, 0]
T27A8.5.1: ['exon skipping', 0, 0]
R12C12.7.1: ['exon skipping', 0, 0]
R12C12.7.2: ['exon skipping', 0, 0]
Y74C9A.1.1: ['exon skipping', 0, 0]
>3
F53A2.3.1: ['exon skipping', 0, 0]
T25D1.1.1: ['no event', 191, 0]
T25D1.2.1: ['exon skipping', 0, 0]
C36C9.4.1: ['exon skipping', 0, 0]
T27A8.5.1: ['exon skipping', 0, 0]
R12C12.7.1: ['exon skipping', 0, 0]
R12C12.7.2: ['exon skipping', 0, 0]
Y74C9A.1.1: ['exon skipping', 0, 0]
>4
F53A2.3.1: ['exon skipping', 0, 0]
T25D1.1.1: ['no event', 12, 0]
T25D1.2.1: ['exon skipping', 0, 0]
C36C9.4.1: ['exon skipping', 0, 0]
T27A8.5.1: ['exon skipping', 0, 0]
R12C12.7.1: ['exon skipping', 0, 0]
R12C12.7.2: ['exon skipping', 0, 0]
Y74C9A.1.1: ['exon skipping', 0, 0]
>5
F53A2.3.1: ['3event', '5event', 82, 0]
T25D1.1.1: ['3event', 93, 1]
T25D1.2.1: ['exon skipping', 0, 0]
C36C9.4.1: ['5event', ['internal gap >= 30', 116, 46], 129, 0]
T27A8.5.1: ['3event', '5event', 104, 0]
R12C12.7.1: ['3event', '5event', 136, 0]
R12C12.7.2: ['3event', '5event', 136, 0]
Y74C9A.1.1: ['exon skipping', 0, 0]
>6
F53A2.3.1: ['5event', 89, 1]
T25D1.1.1: ['exon skipping', 0, 0]
T25D1.2.1: ['exon skipping', 0, 0]
C36C9.4.1: ['exon skipping', 0, 0]
T27A8.5.1: ['exon skipping', 0, 0]
R12C12.7.1: ['exon skipping', 0, 0]
R12C12.7.2: ['exon skipping', 0, 0]
Y74C9A.1.1: ['exon skipping', 0, 0]
>7
F53A2.3.1: ['no event', 3, 1]
T25D1.1.1: ['exon skipping', 0, 0]
T25D1.2.1: ['exon skipping', 0, 0]
C36C9.4.1: ['exon skipping', 0, 0]
T27A8.5.1: ['exon skipping', 0, 0]
R12C12.7.1: ['exon skipping', 0, 0]
R12C12.7.2: ['exon skipping', 0, 0]
Y74C9A.1.1: ['exon skipping', 0, 0]
>8
F53A2.3.1: ['exon skipping', 0, 0]
T25D1.1.1: ['5event', 90, 1]
T25D1.2.1: ['exon skipping', 0, 0]
C36C9.4.1: ['exon skipping', 0, 0]
T27A8.5.1: ['exon skipping', 0, 0]
R12C12.7.1: ['exon skipping', 0, 0]
R12C12.7.2: ['exon skipping', 0, 0]
Y74C9A.1.1: ['exon skipping', 0, 0]
>9
F53A2.3.1: ['5event', 10, 2]
T25D1.1.1: ['exon skipping', 0, 0]
T25D1.2.1: ['exon skipping', 0, 0]
C36C9.4.1: ['exon skipping', 0, 0]
T27A8.5.1: ['exon skipping', 0, 0]
R12C12.7.1: ['exon skipping', 0, 0]
R12C12.7.2: ['exon skipping', 0, 0]
Y74C9A.1.1: ['exon skipping', 0, 0]
>10
F53A2.3.1: ['exon skipping', 0, 0]
T25D1.1.1: ['exon skipping', 0, 0]
T25D1.2.1: ['only gap', 0, 0]
C36C9.4.1: ['exon skipping', 0, 0]
T27A8.5.1: ['exon skipping', 0, 0]
R12C12.7.1: ['exon skipping', 0, 0]
R12C12.7.2: ['exon skipping', 0, 0]
Y74C9A.1.1: ['exon skipping', 0, 0]
>11
F53A2.3.1: ['3event', 147, 1]
T25D1.1.1: ['3event', '5event', 111, 2]
T25D1.2.1: ['3event', '5event', 295, 1]
C36C9.4.1: ['exon skipping', 0, 0]
T27A8.5.1: ['exon skipping', 0, 0]
R12C12.7.1: ['3event', '5event', 135, 1]
R12C12.7.2: ['3event', '5event', 135, 1]
Y74C9A.1.1: ['5event', ['internal gap >= 30', 165, 90], 228, 0]
>12
F53A2.3.1: ['5event', 3, 0]
T25D1.1.1: ['exon skipping', 0, 0]
T25D1.2.1: ['exon skipping', 0, 0]
C36C9.4.1: ['exon skipping', 0, 0]
T27A8.5.1: ['exon skipping', 0, 0]
R12C12.7.1: ['exon skipping', 0, 0]
R12C12.7.2: ['exon skipping', 0, 0]
Y74C9A.1.1: ['exon skipping', 0, 0]
>13
F53A2.3.1: ['no event', 3, 1]
T25D1.1.1: ['exon skipping', 0, 0]
T25D1.2.1: ['exon skipping', 0, 0]
C36C9.4.1: ['exon skipping', 0, 0]
T27A8.5.1: ['exon skipping', 0, 0]
R12C12.7.1: ['5event', 2, 1]
R12C12.7.2: ['5event', 2, 1]
Y74C9A.1.1: ['exon skipping', 0, 0]
>14
F53A2.3.1: ['5event', 102, 0]
T25D1.1.1: ['exon skipping', 0, 0]
T25D1.2.1: ['exon skipping', 0, 0]
C36C9.4.1: ['exon skipping', 0, 0]
T27A8.5.1: ['exon skipping', 0, 0]
R12C12.7.1: ['exon skipping', 0, 0]
R12C12.7.2: ['exon skipping', 0, 0]
Y74C9A.1.1: ['exon skipping', 0, 0]
>15
F53A2.3.1: ['exon skipping', 0, 0]
T25D1.1.1: ['exon skipping', 0, 0]
T25D1.2.1: ['5event', ['internal gap < 30', 24, 6], 83, 1]
C36C9.4.1: ['5event', ['internal gap < 30', 24, 6], 83, 1]
T27A8.5.1: ['exon skipping', 0, 0]
R12C12.7.1: ['5event', ['internal gap < 30', 65, 14], 75, 1]
R12C12.7.2: ['5event', ['internal gap < 30', 65, 14], 75, 1]
Y74C9A.1.1: ['exon skipping', 0, 0]
>16
F53A2.3.1: ['5event', 22, 1]
T25D1.1.1: ['exon skipping', 0, 0]
T25D1.2.1: ['exon skipping', 0, 0]
C36C9.4.1: ['exon skipping', 0, 0]
T27A8.5.1: ['exon skipping', 0, 0]
R12C12.7.1: ['exon skipping', 0, 0]
R12C12.7.2: ['exon skipping', 0, 0]
Y74C9A.1.1: ['exon skipping', 0, 0]
>17
F53A2.3.1: ['exon skipping', 0, 0]
T25D1.1.1: ['exon skipping', 0, 0]
T25D1.2.1: ['5event', 138, 1]
C36C9.4.1: ['5event', 138, 1]
T27A8.5.1: ['exon skipping', 0, 0]
R12C12.7.1: ['exon skipping', 0, 0]
R12C12.7.2: ['exon skipping', 0, 0]
Y74C9A.1.1: ['exon skipping', 0, 0]
>18
F53A2.3.1: ['exon skipping', 0, 0]
T25D1.1.1: ['exon skipping', 0, 0]
T25D1.2.1: [['internal gap < 30', 1, 3], 246, 2]
C36C9.4.1: [['internal gap < 30', 1, 3], 246, 2]
T27A8.5.1: ['5event', 248, 2]
R12C12.7.1: ['exon skipping', 0, 0]
R12C12.7.2: ['exon skipping', 0, 0]
Y74C9A.1.1: ['exon skipping', 0, 0]
>19
F53A2.3.1: ['exon skipping', 0, 0]
T25D1.1.1: ['exon skipping', 0, 0]
T25D1.2.1: ['no event', 225, 2]
C36C9.4.1: ['no event', 225, 2]
T27A8.5.1: ['no event', 225, 2]
R12C12.7.1: ['exon skipping', 0, 0]
R12C12.7.2: ['exon skipping', 0, 0]
Y74C9A.1.1: ['exon skipping', 0, 0]
>20
F53A2.3.1: ['5event', ['internal gap >= 30', 116, 84], 227, 0]
T25D1.1.1: ['exon skipping', 0, 0]
T25D1.2.1: [['internal gap >= 30', 234, 46], 265, 0]
C36C9.4.1: [['internal gap >= 30', 234, 46], 265, 0]
T27A8.5.1: [['internal gap >= 30', 234, 46], 265, 0]
R12C12.7.1: ['exon skipping', 0, 0]
R12C12.7.2: ['exon skipping', 0, 0]
Y74C9A.1.1: ['exon skipping', 0, 0]
>21
F53A2.3.1: ['exon skipping', 0, 0]
T25D1.1.1: ['exon skipping', 0, 0]
T25D1.2.1: ['no event', 151, 1]
C36C9.4.1: ['no event', 151, 1]
T27A8.5.1: [['internal gap < 30', 25, 6], 145, 1]
R12C12.7.1: ['exon skipping', 0, 0]
R12C12.7.2: ['exon skipping', 0, 0]
Y74C9A.1.1: ['exon skipping', 0, 0]
>22
F53A2.3.1: ['exon skipping', 0, 0]
T25D1.1.1: ['exon skipping', 0, 0]
T25D1.2.1: [['internal gap < 30', 176, 12], 206, 0]
C36C9.4.1: [['internal gap < 30', 176, 12], 206, 0]
T27A8.5.1: ['no event', 218, 0]
R12C12.7.1: ['exon skipping', 0, 0]
R12C12.7.2: ['exon skipping', 0, 0]
Y74C9A.1.1: ['exon skipping', 0, 0]
>23
F53A2.3.1: ['exon skipping', 0, 0]
T25D1.1.1: ['exon skipping', 0, 0]
T25D1.2.1: ['exon skipping', 0, 0]
C36C9.4.1: ['exon skipping', 0, 0]
T27A8.5.1: ['no event', 191, 0]
R12C12.7.1: ['exon skipping', 0, 0]
R12C12.7.2: ['exon skipping', 0, 0]
Y74C9A.1.1: ['exon skipping', 0, 0]
>24
F53A2.3.1: ['5event', 57, 0]
T25D1.1.1: ['exon skipping', 0, 0]
T25D1.2.1: ['exon skipping', 0, 0]
C36C9.4.1: ['exon skipping', 0, 0]
T27A8.5.1: ['3event', 7, 0]
R12C12.7.1: ['exon skipping', 0, 0]
R12C12.7.2: ['exon skipping', 0, 0]
Y74C9A.1.1: ['3event', '5event', 54, 1]
>25
F53A2.3.1: ['exon skipping', 0, 0]
T25D1.1.1: ['exon skipping', 0, 0]
T25D1.2.1: ['exon skipping', 0, 0]
C36C9.4.1: ['exon skipping', 0, 0]
T27A8.5.1: ['exon skipping', 0, 0]
R12C12.7.1: ['exon skipping', 0, 0]
R12C12.7.2: ['exon skipping', 0, 0]
Y74C9A.1.1: ['only gap', 0, 1]
>26
F53A2.3.1: ['3event', 137, 1]
T25D1.1.1: ['exon skipping', 0, 0]
T25D1.2.1: ['3event', '5event', 149, 0]
C36C9.4.1: ['3event', '5event', 149, 0]
T27A8.5.1: ['3event', '5event', 95, 2]
R12C12.7.1: ['5event', ['internal gap >= 30', 62, 49], 123, 1]
R12C12.7.2: ['5event', ['internal gap >= 30', 62, 49], 123, 1]
Y74C9A.1.1: ['5event', ['internal gap < 30', 89, 22], 150, 2]
>27
F53A2.3.1: ['exon skipping', 0, 0]
T25D1.1.1: ['exon skipping', 0, 0]
T25D1.2.1: ['exon skipping', 0, 0]
C36C9.4.1: ['exon skipping', 0, 0]
T27A8.5.1: ['exon skipping', 0, 0]
R12C12.7.1: ['exon skipping', 0, 0]
R12C12.7.2: ['exon skipping', 0, 0]
Y74C9A.1.1: ['no event', 43, 2]
>28
F53A2.3.1: ['3event', '5event', 79, 2]
T25D1.1.1: ['exon skipping', 0, 0]
T25D1.2.1: ['exon skipping', 0, 0]
C36C9.4.1: ['exon skipping', 0, 0]
T27A8.5.1: ['5event', ['internal gap < 30', 53, 19], 90, 1]
R12C12.7.1: ['exon skipping', 0, 0]
R12C12.7.2: ['exon skipping', 0, 0]
Y74C9A.1.1: [['internal gap < 30', 40, 11], 98, 1]
>29
F53A2.3.1: ['exon skipping', 0, 0]
T25D1.1.1: ['5event', 5, 2]
T25D1.2.1: ['exon skipping', 0, 0]
C36C9.4.1: ['exon skipping', 0, 0]
T27A8.5.1: ['exon skipping', 0, 0]
R12C12.7.1: ['exon skipping', 0, 0]
R12C12.7.2: ['exon skipping', 0, 0]
Y74C9A.1.1: [['internal gap < 30', 1, 2], 4, 2]
>30
F53A2.3.1: ['exon skipping', 0, 0]
T25D1.1.1: ['exon skipping', 0, 0]
T25D1.2.1: ['exon skipping', 0, 0]
C36C9.4.1: ['exon skipping', 0, 0]
T27A8.5.1: ['exon skipping', 0, 0]
R12C12.7.1: ['exon skipping', 0, 0]
R12C12.7.2: ['exon skipping', 0, 0]
Y74C9A.1.1: ['no event', 2, 0]
>31
F53A2.3.1: ['exon skipping', 0, 0]
T25D1.1.1: ['exon skipping', 0, 0]
T25D1.2.1: ['exon skipping', 0, 0]
C36C9.4.1: ['exon skipping', 0, 0]
T27A8.5.1: ['5event', 114, 2]
R12C12.7.1: ['exon skipping', 0, 0]
R12C12.7.2: ['exon skipping', 0, 0]
Y74C9A.1.1: ['exon skipping', 0, 0]
>32
F53A2.3.1: ['exon skipping', 0, 0]
T25D1.1.1: ['3event', '5event', 157, 2]
T25D1.2.1: ['3event', '5event', 462, 2]
C36C9.4.1: ['5event', ['internal gap >= 30', 150, 268], 204, 2]
T27A8.5.1: ['exon skipping', 0, 0]
R12C12.7.1: ['3event', '5event', 166, 2]
R12C12.7.2: ['3event', '5event', 166, 2]
Y74C9A.1.1: ['3event', '5event', 150, 0]
>33
F53A2.3.1: ['exon skipping', 0, 0]
T25D1.1.1: ['exon skipping', 0, 0]
T25D1.2.1: ['5event', 107, 2]
C36C9.4.1: ['exon skipping', 0, 0]
T27A8.5.1: ['exon skipping', 0, 0]
R12C12.7.1: ['exon skipping', 0, 0]
R12C12.7.2: ['exon skipping', 0, 0]
Y74C9A.1.1: ['exon skipping', 0, 0]
>34
F53A2.3.1: ['exon skipping', 0, 0]
T25D1.1.1: ['exon skipping', 0, 0]
T25D1.2.1: ['no event', 27, 2]
C36C9.4.1: ['exon skipping', 0, 0]
T27A8.5.1: ['exon skipping', 0, 0]
R12C12.7.1: ['exon skipping', 0, 0]
R12C12.7.2: ['exon skipping', 0, 0]
Y74C9A.1.1: ['exon skipping', 0, 0]
