>0
C52B9.8.1: ['exon skipping', 0, 0]
F52F12.9.1: ['no event', 20, 0]
Y34B4A.7.1: ['exon skipping', 0, 0]
Y34B4A.7.2: ['exon skipping', 0, 0]
Y34B4A.7.3: ['exon skipping', 0, 0]
>1
C52B9.8.1: ['exon skipping', 0, 0]
F52F12.9.1: ['exon skipping', 0, 0]
Y34B4A.7.1: ['5event', 49, 0]
Y34B4A.7.2: ['5event', 49, 0]
Y34B4A.7.3: ['5event', 49, 0]
>2
C52B9.8.1: ['exon skipping', 0, 0]
F52F12.9.1: ['5event', 50, 0]
Y34B4A.7.1: ['exon skipping', 0, 0]
Y34B4A.7.2: ['exon skipping', 0, 0]
Y34B4A.7.3: ['exon skipping', 0, 0]
>3
C52B9.8.1: ['5event', 114, 0]
F52F12.9.1: [['internal gap < 30', 71, 25], 90, 0]
Y34B4A.7.1: ['5event', ['internal gap >= 30', 65, 31], 84, 2]
Y34B4A.7.2: ['5event', ['internal gap >= 30', 65, 31], 84, 2]
Y34B4A.7.3: ['5event', ['internal gap >= 30', 65, 31], 84, 2]
>4
C52B9.8.1: [['internal gap < 30', 1, 1], 10, 1]
F52F12.9.1: ['no event', 11, 0]
Y34B4A.7.1: ['exon skipping', 0, 0]
Y34B4A.7.2: ['exon skipping', 0, 0]
Y34B4A.7.3: ['exon skipping', 0, 0]
>5
C52B9.8.1: ['exon skipping', 0, 0]
F52F12.9.1: ['no event', 7, 0]
Y34B4A.7.1: ['exon skipping', 0, 0]
Y34B4A.7.2: ['exon skipping', 0, 0]
Y34B4A.7.3: ['exon skipping', 0, 0]
>6
C52B9.8.1: ['3event', '5event', 93, 0]
F52F12.9.1: [['internal gap >= 30', 22, 44], 79, 2]
Y34B4A.7.1: ['5event', ['internal gap >= 30', 47, 44], 79, 0]
Y34B4A.7.2: ['5event', ['internal gap >= 30', 47, 44], 79, 0]
Y34B4A.7.3: ['5event', ['internal gap >= 30', 47, 44], 79, 0]
>7
C52B9.8.1: ['exon skipping', 0, 0]
F52F12.9.1: ['no event', 44, 2]
Y34B4A.7.1: ['exon skipping', 0, 0]
Y34B4A.7.2: ['exon skipping', 0, 0]
Y34B4A.7.3: ['exon skipping', 0, 0]
>8
C52B9.8.1: ['exon skipping', 0, 0]
F52F12.9.1: [['internal gap >= 30', 90, 64], 127, 2]
Y34B4A.7.1: ['3event', '5event', 176, 2]
Y34B4A.7.2: ['3event', '5event', 176, 2]
Y34B4A.7.3: ['3event', '5event', 176, 2]
>9
C52B9.8.1: ['5event', ['internal gap < 30', 19, 10], 68, 0]
F52F12.9.1: ['exon skipping', 0, 0]
Y34B4A.7.1: ['5event', ['internal gap < 30', 33, 11], 67, 1]
Y34B4A.7.2: ['5event', ['internal gap < 30', 33, 11], 67, 1]
Y34B4A.7.3: ['5event', ['internal gap < 30', 33, 11], 67, 1]
>10
C52B9.8.1: ['no event', 16, 0]
F52F12.9.1: ['exon skipping', 0, 0]
Y34B4A.7.1: ['exon skipping', 0, 0]
Y34B4A.7.2: ['exon skipping', 0, 0]
Y34B4A.7.3: ['exon skipping', 0, 0]
>11
C52B9.8.1: ['no event', 79, 2]
F52F12.9.1: ['exon skipping', 0, 0]
Y34B4A.7.1: ['exon skipping', 0, 0]
Y34B4A.7.2: ['exon skipping', 0, 0]
Y34B4A.7.3: ['exon skipping', 0, 0]
>12
C52B9.8.1: ['no event', 103, 1]
F52F12.9.1: ['exon skipping', 0, 0]
Y34B4A.7.1: ['exon skipping', 0, 0]
Y34B4A.7.2: ['exon skipping', 0, 0]
Y34B4A.7.3: ['exon skipping', 0, 0]
>13
C52B9.8.1: [['internal gap >= 30', 88, 44], 98, 0]
F52F12.9.1: ['5event', ['internal gap < 30', 85, 27], 115, 1]
Y34B4A.7.1: ['5event', 138, 0]
Y34B4A.7.2: ['5event', 138, 0]
Y34B4A.7.3: ['5event', 138, 0]
>14
C52B9.8.1: ['3event', 129, 0]
F52F12.9.1: [['internal gap < 30', 1, 4], 136, 0]
Y34B4A.7.1: ['5event', 135, 0]
Y34B4A.7.2: ['5event', 135, 0]
Y34B4A.7.3: ['5event', 135, 0]
>15
C52B9.8.1: ['5event', 2, 1]
F52F12.9.1: ['exon skipping', 0, 0]
Y34B4A.7.1: ['exon skipping', 0, 0]
Y34B4A.7.2: ['exon skipping', 0, 0]
Y34B4A.7.3: ['exon skipping', 0, 0]
>16
C52B9.8.1: ['3event', 169, 1]
F52F12.9.1: ['5event', ['internal gap >= 30', 130, 284], 182, 1]
Y34B4A.7.1: ['3event', '5event', 123, 1]
Y34B4A.7.2: ['3event', '5event', 123, 1]
Y34B4A.7.3: ['3event', '5event', 123, 1]
>17
C52B9.8.1: ['3event', '5event', 80, 1]
F52F12.9.1: ['3event', 78, 1]
Y34B4A.7.1: ['5event', 55, 1]
Y34B4A.7.2: ['5event', 55, 1]
Y34B4A.7.3: ['5event', 55, 1]
>18
C52B9.8.1: ['5event', ['internal gap < 30', 29, 14], 112, 0]
F52F12.9.1: ['5event', ['internal gap >= 30', 79, 31], 95, 0]
Y34B4A.7.1: ['exon skipping', 0, 0]
Y34B4A.7.2: ['exon skipping', 0, 0]
Y34B4A.7.3: ['exon skipping', 0, 0]
>19
C52B9.8.1: ['no event', 6, 2]
F52F12.9.1: ['exon skipping', 0, 0]
Y34B4A.7.1: ['exon skipping', 0, 0]
Y34B4A.7.2: ['exon skipping', 0, 0]
Y34B4A.7.3: ['exon skipping', 0, 0]
>20
C52B9.8.1: ['exon skipping', 0, 0]
F52F12.9.1: ['5event', 14, 0]
Y34B4A.7.1: ['exon skipping', 0, 0]
Y34B4A.7.2: ['exon skipping', 0, 0]
Y34B4A.7.3: ['exon skipping', 0, 0]
>21
C52B9.8.1: ['exon skipping', 0, 0]
F52F12.9.1: ['exon skipping', 0, 0]
Y34B4A.7.1: ['5event', 197, 0]
Y34B4A.7.2: ['5event', 197, 0]
Y34B4A.7.3: ['5event', 197, 0]
