>0
C04G2.9.1: ['exon skipping', 0, 0]
Y69E1A.2.1: ['exon skipping', 0, 0]
Y59E9AL.3.1: ['exon skipping', 0, 0]
Y59E9AL.2.1: ['exon skipping', 0, 0]
T04A6.4.1: ['exon skipping', 0, 0]
ZK265.3.1: ['exon skipping', 0, 0]
K08F8.5a.1: ['no event', 29, 0]
K08F8.5b.1: ['no event', 29, 0]
>1
C04G2.9.1: ['5event', ['internal gap < 30', 97, 13], 267, 0]
Y69E1A.2.1: ['5event', ['internal gap < 30', 97, 13], 267, 0]
Y59E9AL.3.1: ['5event', ['internal gap < 30', 106, 4], 276, 0]
Y59E9AL.2.1: ['5event', ['internal gap < 30', 106, 4], 276, 0]
T04A6.4.1: ['3event', '5event', 111, 0]
ZK265.3.1: ['5event', ['internal gap < 30', 68, 19], 261, 0]
K08F8.5a.1: ['3event', 160, 0]
K08F8.5b.1: ['3event', 160, 0]
>2
C04G2.9.1: ['exon skipping', 0, 0]
Y69E1A.2.1: ['exon skipping', 0, 0]
Y59E9AL.3.1: ['exon skipping', 0, 0]
Y59E9AL.2.1: ['exon skipping', 0, 0]
T04A6.4.1: ['exon skipping', 0, 0]
ZK265.3.1: ['no event', 69, 1]
K08F8.5a.1: ['exon skipping', 0, 0]
K08F8.5b.1: ['exon skipping', 0, 0]
>3
C04G2.9.1: ['exon skipping', 0, 0]
Y69E1A.2.1: ['exon skipping', 0, 0]
Y59E9AL.3.1: ['exon skipping', 0, 0]
Y59E9AL.2.1: ['exon skipping', 0, 0]
T04A6.4.1: ['exon skipping', 0, 0]
ZK265.3.1: ['exon skipping', 0, 0]
K08F8.5a.1: ['5event', 65, 0]
K08F8.5b.1: ['exon skipping', 0, 0]
>4
C04G2.9.1: ['exon skipping', 0, 0]
Y69E1A.2.1: ['exon skipping', 0, 0]
Y59E9AL.3.1: ['exon skipping', 0, 0]
Y59E9AL.2.1: ['exon skipping', 0, 0]
T04A6.4.1: ['exon skipping', 0, 0]
ZK265.3.1: ['exon skipping', 0, 0]
K08F8.5a.1: ['no event', 270, 0]
K08F8.5b.1: ['5event', 269, 0]
>5
C04G2.9.1: ['3event', '5event', 482, 1]
Y69E1A.2.1: ['3event', '5event', 467, 1]
Y59E9AL.3.1: ['3event', '5event', 500, 1]
Y59E9AL.2.1: ['3event', '5event', 500, 1]
T04A6.4.1: ['3event', '5event', 84, 0]
ZK265.3.1: ['3event', '5event', 187, 2]
K08F8.5a.1: [['internal gap >= 30', 266, 380], 304, 0]
K08F8.5b.1: [['internal gap >= 30', 266, 380], 304, 0]
>6
C04G2.9.1: ['exon skipping', 0, 0]
Y69E1A.2.1: ['exon skipping', 0, 0]
Y59E9AL.3.1: ['exon skipping', 0, 0]
Y59E9AL.2.1: ['exon skipping', 0, 0]
T04A6.4.1: ['exon skipping', 0, 0]
ZK265.3.1: ['5event', 29, 0]
K08F8.5a.1: ['exon skipping', 0, 0]
K08F8.5b.1: ['exon skipping', 0, 0]
>7
C04G2.9.1: ['3event', '5event', 366, 0]
Y69E1A.2.1: ['3event', '5event', 366, 0]
Y59E9AL.3.1: ['3event', '5event', 369, 0]
Y59E9AL.2.1: ['3event', '5event', 369, 0]
T04A6.4.1: ['3event', '5event', 369, 0]
ZK265.3.1: [['internal gap >= 30', 433, 54], 473, 0]
K08F8.5a.1: ['3event', '5event', 106, 2]
K08F8.5b.1: ['3event', '5event', 106, 2]
>8
C04G2.9.1: ['exon skipping', 0, 0]
Y69E1A.2.1: ['exon skipping', 0, 0]
Y59E9AL.3.1: ['exon skipping', 0, 0]
Y59E9AL.2.1: ['exon skipping', 0, 0]
T04A6.4.1: ['exon skipping', 0, 0]
ZK265.3.1: ['exon skipping', 0, 0]
K08F8.5a.1: ['5event', 90, 0]
K08F8.5b.1: ['5event', 90, 0]
>9
C04G2.9.1: ['exon skipping', 0, 0]
Y69E1A.2.1: ['exon skipping', 0, 0]
Y59E9AL.3.1: ['exon skipping', 0, 0]
Y59E9AL.2.1: ['exon skipping', 0, 0]
T04A6.4.1: ['exon skipping', 0, 0]
ZK265.3.1: ['exon skipping', 0, 0]
K08F8.5a.1: ['no event', 130, 1]
K08F8.5b.1: ['no event', 130, 1]
