>0
R08C7.7.1: [['internal gap >= 30', 429, 1126], 502, 0]
C31E10.1.1: [['internal gap >= 30', 426, 1129], 499, 0]
R11D1.5.1: [['internal gap >= 30', 477, 1132], 496, 0]
R11D1.6.1: [['internal gap >= 30', 477, 1132], 496, 0]
ZK285.1.1: ['5event', ['internal gap >= 30', 462, 1147], 481, 0]
Y37H2C.4.1: ['3event', '5event', 347, 0]
Y68A4A.3.1: ['5event', ['internal gap >= 30', 447, 1162], 466, 0]
F20E11.4.1: ['5event', ['internal gap >= 30', 447, 1162], 466, 0]
T01G6.3.1: [['internal gap >= 30', 483, 1126], 502, 0]
>1
R08C7.7.1: [['internal gap >= 30', 1, 30], 142, 2]
C31E10.1.1: ['no event', 172, 2]
R11D1.5.1: [['internal gap >= 30', 1, 30], 142, 2]
R11D1.6.1: [['internal gap >= 30', 1, 30], 142, 2]
ZK285.1.1: [['internal gap >= 30', 1, 30], 142, 2]
Y37H2C.4.1: ['5event', 141, 2]
Y68A4A.3.1: [['internal gap >= 30', 1, 30], 142, 2]
F20E11.4.1: [['internal gap >= 30', 1, 30], 142, 2]
T01G6.3.1: [['internal gap >= 30', 1, 30], 142, 2]
>2
R08C7.7.1: ['3event', 373, 0]
C31E10.1.1: ['3event', 382, 0]
R11D1.5.1: [['internal gap >= 30', 310, 368], 343, 0]
R11D1.6.1: ['3event', 403, 0]
ZK285.1.1: [['internal gap >= 30', 356, 349], 362, 0]
Y37H2C.4.1: [['internal gap >= 30', 356, 349], 362, 0]
Y68A4A.3.1: [['internal gap >= 30', 356, 349], 362, 0]
F20E11.4.1: [['internal gap >= 30', 356, 349], 362, 0]
T01G6.3.1: [['internal gap >= 30', 356, 349], 362, 0]
>3
R08C7.7.1: ['3event', '5event', 54, 0]
C31E10.1.1: ['exon skipping', 0, 0]
R11D1.5.1: ['3event', 75, 2]
R11D1.6.1: ['exon skipping', 0, 0]
ZK285.1.1: ['exon skipping', 0, 0]
Y37H2C.4.1: ['exon skipping', 0, 0]
Y68A4A.3.1: ['exon skipping', 0, 0]
F20E11.4.1: ['exon skipping', 0, 0]
T01G6.3.1: [['internal gap < 30', 23, 15], 65, 0]
