>0
C09B9.2.1: ['3event', 56, 0]
F58D5.8.1: ['5event', 37, 0]
>1
C09B9.2.1: ['5event', ['internal gap >= 30', 27, 58], 125, 2]
F58D5.8.1: ['no event', 183, 2]
>2
C09B9.2.1: [['internal gap < 30', 1, 6], 141, 2]
F58D5.8.1: [['internal gap < 30', 113, 15], 132, 2]
>3
C09B9.2.1: [['internal gap < 30', 86, 8], 136, 0]
F58D5.8.1: [['internal gap < 30', 13, 6], 138, 0]
>4
C09B9.2.1: ['no event', 223, 2]
F58D5.8.1: [['internal gap < 30', 1, 2], 221, 2]
>5
C09B9.2.1: [['internal gap < 30', 2, 6], 252, 2]
F58D5.8.1: [['internal gap < 30', 204, 12], 246, 2]
>6
C09B9.2.1: ['no event', 40, 0]
F58D5.8.1: [['internal gap < 30', 20, 14], 26, 0]
>7
C09B9.2.1: ['no event', 9, 2]
F58D5.8.1: ['exon skipping', 0, 0]
