>0
C52E2.1.1: ['exon skipping', 0, 0]
C16C4.6.1: ['no event', 146, 0]
C52E2.7.1: ['exon skipping', 0, 0]
C52E2.6.1: ['5event', ['internal gap >= 30', 46, 78], 68, 0]
Y63D3A.9a.1: ['exon skipping', 0, 0]
Y63D3A.9b.1: ['exon skipping', 0, 0]
>1
C52E2.1.1: ['exon skipping', 0, 0]
C16C4.6.1: ['no event', 20, 0]
C52E2.7.1: ['exon skipping', 0, 0]
C52E2.6.1: ['exon skipping', 0, 0]
Y63D3A.9a.1: ['exon skipping', 0, 0]
Y63D3A.9b.1: ['exon skipping', 0, 0]
>2
C52E2.1.1: ['5event', 82, 0]
C16C4.6.1: ['no event', 84, 0]
C52E2.7.1: ['5event', 82, 0]
C52E2.6.1: ['5event', 82, 0]
Y63D3A.9a.1: ['5event', 82, 0]
Y63D3A.9b.1: ['5event', 82, 0]
>3
C52E2.1.1: [['internal gap >= 30', 682, 48], 801, 2]
C16C4.6.1: ['3event', 759, 2]
C52E2.7.1: ['3event', 698, 2]
C52E2.6.1: ['3event', 704, 2]
Y63D3A.9a.1: ['3event', 498, 2]
Y63D3A.9b.1: ['3event', 521, 2]
>4
C52E2.1.1: ['exon skipping', 0, 0]
C16C4.6.1: ['exon skipping', 0, 0]
C52E2.7.1: ['exon skipping', 0, 0]
C52E2.6.1: ['exon skipping', 0, 0]
Y63D3A.9a.1: ['5event', 289, 1]
Y63D3A.9b.1: ['exon skipping', 0, 0]
>5
C52E2.1.1: ['exon skipping', 0, 0]
C16C4.6.1: ['3event', '5event', 92, 1]
C52E2.7.1: ['3event', '5event', 123, 0]
C52E2.6.1: ['5event', 149, 0]
Y63D3A.9a.1: ['exon skipping', 0, 0]
Y63D3A.9b.1: ['exon skipping', 0, 0]
