>0
FBtr0080018: ['no event', 55, 0]
FBtr0302038: ['no event', 55, 0]
FBtr0302039: ['no event', 55, 0]
FBtr0331642: ['no event', 55, 0]
T01G1.1a.1: ['5event', 31, 0]
T01G1.1c.1: ['5event', 31, 0]
T01G1.1d.1: ['exon skipping', 0, 0]
T01G1.1d.2: ['exon skipping', 0, 0]
T01G1.1d.3: ['exon skipping', 0, 0]
T01G1.1d.4: ['exon skipping', 0, 0]
>1
FBtr0080018: [['internal gap >= 30', 127, 77], 138, 2]
FBtr0302038: [['internal gap >= 30', 127, 77], 138, 2]
FBtr0302039: [['internal gap >= 30', 127, 77], 138, 2]
FBtr0331642: [['internal gap >= 30', 127, 77], 138, 2]
T01G1.1a.1: ['no event', 215, 2]
T01G1.1c.1: ['no event', 215, 2]
T01G1.1d.1: ['exon skipping', 0, 0]
T01G1.1d.2: ['exon skipping', 0, 0]
T01G1.1d.3: ['exon skipping', 0, 0]
T01G1.1d.4: ['exon skipping', 0, 0]
>2
FBtr0080018: ['exon skipping', 0, 0]
FBtr0302038: ['exon skipping', 0, 0]
FBtr0302039: ['exon skipping', 0, 0]
FBtr0331642: ['exon skipping', 0, 0]
T01G1.1a.1: ['no event', 6, 2]
T01G1.1c.1: ['no event', 6, 2]
T01G1.1d.1: ['exon skipping', 0, 0]
T01G1.1d.2: ['exon skipping', 0, 0]
T01G1.1d.3: ['exon skipping', 0, 0]
T01G1.1d.4: ['exon skipping', 0, 0]
>3
FBtr0080018: ['5event', ['internal gap < 30', 336, 23], 424, 0]
FBtr0302038: ['5event', ['internal gap < 30', 336, 23], 424, 0]
FBtr0302039: ['5event', ['internal gap < 30', 336, 23], 424, 0]
FBtr0331642: ['5event', ['internal gap < 30', 336, 23], 424, 0]
T01G1.1a.1: ['3event', 327, 0]
T01G1.1c.1: ['3event', 327, 0]
T01G1.1d.1: ['exon skipping', 0, 0]
T01G1.1d.2: ['exon skipping', 0, 0]
T01G1.1d.3: ['exon skipping', 0, 0]
T01G1.1d.4: ['exon skipping', 0, 0]
>4
FBtr0080018: ['exon skipping', 0, 0]
FBtr0302038: ['exon skipping', 0, 0]
FBtr0302039: ['exon skipping', 0, 0]
FBtr0331642: ['exon skipping', 0, 0]
T01G1.1a.1: ['5event', 284, 0]
T01G1.1c.1: ['5event', 284, 0]
T01G1.1d.1: ['exon skipping', 0, 0]
T01G1.1d.2: ['exon skipping', 0, 0]
T01G1.1d.3: ['exon skipping', 0, 0]
T01G1.1d.4: ['exon skipping', 0, 0]
>5
FBtr0080018: ['exon skipping', 0, 0]
FBtr0302038: ['exon skipping', 0, 0]
FBtr0302039: ['exon skipping', 0, 0]
FBtr0331642: ['exon skipping', 0, 0]
T01G1.1a.1: ['no event', 115, 0]
T01G1.1c.1: ['no event', 115, 0]
T01G1.1d.1: ['exon skipping', 0, 0]
T01G1.1d.2: ['exon skipping', 0, 0]
T01G1.1d.3: ['exon skipping', 0, 0]
T01G1.1d.4: ['exon skipping', 0, 0]
>6
FBtr0080018: ['3event', '5event', 571, 2]
FBtr0302038: ['3event', '5event', 571, 2]
FBtr0302039: ['3event', '5event', 571, 2]
FBtr0331642: ['3event', '5event', 571, 2]
T01G1.1a.1: [['internal gap >= 30', 2, 375], 267, 2]
T01G1.1c.1: [['internal gap >= 30', 2, 375], 267, 2]
T01G1.1d.1: ['exon skipping', 0, 0]
T01G1.1d.2: ['exon skipping', 0, 0]
T01G1.1d.3: ['exon skipping', 0, 0]
T01G1.1d.4: ['exon skipping', 0, 0]
>7
FBtr0080018: ['5event', ['internal gap >= 30', 152, 110], 342, 0]
FBtr0302038: ['5event', ['internal gap >= 30', 152, 110], 342, 0]
FBtr0302039: ['5event', ['internal gap >= 30', 152, 110], 342, 0]
FBtr0331642: ['5event', ['internal gap >= 30', 152, 110], 342, 0]
T01G1.1a.1: ['3event', 406, 0]
T01G1.1c.1: ['3event', 406, 0]
T01G1.1d.1: ['exon skipping', 0, 0]
T01G1.1d.2: ['exon skipping', 0, 0]
T01G1.1d.3: ['exon skipping', 0, 0]
T01G1.1d.4: ['exon skipping', 0, 0]
>8
FBtr0080018: [['internal gap >= 30', 120, 155], 131, 1]
FBtr0302038: [['internal gap >= 30', 120, 155], 131, 1]
FBtr0302039: [['internal gap >= 30', 120, 155], 131, 1]
FBtr0331642: [['internal gap >= 30', 120, 155], 131, 1]
T01G1.1a.1: ['5event', 284, 1]
T01G1.1c.1: ['5event', 284, 1]
T01G1.1d.1: ['exon skipping', 0, 0]
T01G1.1d.2: ['exon skipping', 0, 0]
T01G1.1d.3: ['exon skipping', 0, 0]
T01G1.1d.4: ['exon skipping', 0, 0]
>9
FBtr0080018: ['no event', 191, 1]
FBtr0302038: ['no event', 191, 1]
FBtr0302039: ['no event', 191, 1]
FBtr0331642: [['internal gap < 30', 2, 3], 188, 1]
T01G1.1a.1: ['exon skipping', 0, 0]
T01G1.1c.1: ['exon skipping', 0, 0]
T01G1.1d.1: ['exon skipping', 0, 0]
T01G1.1d.2: ['exon skipping', 0, 0]
T01G1.1d.3: ['exon skipping', 0, 0]
T01G1.1d.4: ['exon skipping', 0, 0]
>10
FBtr0080018: ['no event', 202, 1]
FBtr0302038: ['no event', 202, 1]
FBtr0302039: ['no event', 202, 1]
FBtr0331642: ['no event', 202, 1]
T01G1.1a.1: ['exon skipping', 0, 0]
T01G1.1c.1: ['exon skipping', 0, 0]
T01G1.1d.1: ['exon skipping', 0, 0]
T01G1.1d.2: ['exon skipping', 0, 0]
T01G1.1d.3: ['exon skipping', 0, 0]
T01G1.1d.4: ['exon skipping', 0, 0]
>11
FBtr0080018: [['internal gap >= 30', 781, 40], 982, 0]
FBtr0302038: [['internal gap >= 30', 781, 40], 982, 0]
FBtr0302039: [['internal gap >= 30', 781, 40], 982, 0]
FBtr0331642: [['internal gap >= 30', 781, 40], 982, 0]
T01G1.1a.1: ['3event', '5event', 719, 1]
T01G1.1c.1: ['3event', '5event', 719, 1]
T01G1.1d.1: ['exon skipping', 0, 0]
T01G1.1d.2: ['exon skipping', 0, 0]
T01G1.1d.3: ['exon skipping', 0, 0]
T01G1.1d.4: ['exon skipping', 0, 0]
>12
FBtr0080018: ['exon skipping', 0, 0]
FBtr0302038: ['exon skipping', 0, 0]
FBtr0302039: ['exon skipping', 0, 0]
FBtr0331642: ['exon skipping', 0, 0]
T01G1.1a.1: ['5event', 137, 0]
T01G1.1c.1: ['5event', 137, 0]
T01G1.1d.1: ['exon skipping', 0, 0]
T01G1.1d.2: ['exon skipping', 0, 0]
T01G1.1d.3: ['exon skipping', 0, 0]
T01G1.1d.4: ['exon skipping', 0, 0]
>13
FBtr0080018: ['exon skipping', 0, 0]
FBtr0302038: ['exon skipping', 0, 0]
FBtr0302039: ['exon skipping', 0, 0]
FBtr0331642: ['exon skipping', 0, 0]
T01G1.1a.1: ['no event', 106, 0]
T01G1.1c.1: ['no event', 106, 0]
T01G1.1d.1: ['exon skipping', 0, 0]
T01G1.1d.2: ['exon skipping', 0, 0]
T01G1.1d.3: ['exon skipping', 0, 0]
T01G1.1d.4: ['exon skipping', 0, 0]
>14
FBtr0080018: ['exon skipping', 0, 0]
FBtr0302038: ['exon skipping', 0, 0]
FBtr0302039: ['exon skipping', 0, 0]
FBtr0331642: ['exon skipping', 0, 0]
T01G1.1a.1: ['no event', 75, 2]
T01G1.1c.1: ['no event', 75, 2]
T01G1.1d.1: ['exon skipping', 0, 0]
T01G1.1d.2: ['exon skipping', 0, 0]
T01G1.1d.3: ['exon skipping', 0, 0]
T01G1.1d.4: ['exon skipping', 0, 0]
>15
FBtr0080018: ['exon skipping', 0, 0]
FBtr0302038: ['exon skipping', 0, 0]
FBtr0302039: ['exon skipping', 0, 0]
FBtr0331642: ['exon skipping', 0, 0]
T01G1.1a.1: ['no event', 87, 0]
T01G1.1c.1: ['no event', 87, 0]
T01G1.1d.1: ['exon skipping', 0, 0]
T01G1.1d.2: ['exon skipping', 0, 0]
T01G1.1d.3: ['exon skipping', 0, 0]
T01G1.1d.4: ['exon skipping', 0, 0]
>16
FBtr0080018: ['exon skipping', 0, 0]
FBtr0302038: ['exon skipping', 0, 0]
FBtr0302039: ['exon skipping', 0, 0]
FBtr0331642: ['exon skipping', 0, 0]
T01G1.1a.1: ['no event', 95, 1]
T01G1.1c.1: ['no event', 95, 1]
T01G1.1d.1: ['exon skipping', 0, 0]
T01G1.1d.2: ['exon skipping', 0, 0]
T01G1.1d.3: ['exon skipping', 0, 0]
T01G1.1d.4: ['exon skipping', 0, 0]
>17
FBtr0080018: ['exon skipping', 0, 0]
FBtr0302038: ['exon skipping', 0, 0]
FBtr0302039: ['exon skipping', 0, 0]
FBtr0331642: ['exon skipping', 0, 0]
T01G1.1a.1: ['no event', 13, 1]
T01G1.1c.1: ['no event', 13, 1]
T01G1.1d.1: ['exon skipping', 0, 0]
T01G1.1d.2: ['exon skipping', 0, 0]
T01G1.1d.3: ['exon skipping', 0, 0]
T01G1.1d.4: ['exon skipping', 0, 0]
>18
FBtr0080018: ['5event', ['internal gap >= 30', 69, 69], 81, 2]
FBtr0302038: ['5event', ['internal gap >= 30', 69, 69], 81, 2]
FBtr0302039: ['5event', ['internal gap >= 30', 69, 69], 81, 2]
FBtr0331642: ['5event', ['internal gap >= 30', 69, 69], 81, 2]
T01G1.1a.1: [['internal gap < 30', 10, 4], 146, 0]
T01G1.1c.1: [['internal gap < 30', 10, 4], 146, 0]
T01G1.1d.1: ['exon skipping', 0, 0]
T01G1.1d.2: ['exon skipping', 0, 0]
T01G1.1d.3: ['exon skipping', 0, 0]
T01G1.1d.4: ['exon skipping', 0, 0]
>19
FBtr0080018: ['exon skipping', 0, 0]
FBtr0302038: ['exon skipping', 0, 0]
FBtr0302039: ['exon skipping', 0, 0]
FBtr0331642: ['exon skipping', 0, 0]
T01G1.1a.1: ['no event', 22, 0]
T01G1.1c.1: ['no event', 22, 0]
T01G1.1d.1: ['exon skipping', 0, 0]
T01G1.1d.2: ['exon skipping', 0, 0]
T01G1.1d.3: ['exon skipping', 0, 0]
T01G1.1d.4: ['exon skipping', 0, 0]
>20
FBtr0080018: ['exon skipping', 0, 0]
FBtr0302038: ['exon skipping', 0, 0]
FBtr0302039: ['exon skipping', 0, 0]
FBtr0331642: ['exon skipping', 0, 0]
T01G1.1a.1: ['no event', 182, 2]
T01G1.1c.1: ['no event', 182, 2]
T01G1.1d.1: ['exon skipping', 0, 0]
T01G1.1d.2: ['exon skipping', 0, 0]
T01G1.1d.3: ['exon skipping', 0, 0]
T01G1.1d.4: ['exon skipping', 0, 0]
>21
FBtr0080018: ['exon skipping', 0, 0]
FBtr0302038: ['exon skipping', 0, 0]
FBtr0302039: ['exon skipping', 0, 0]
FBtr0331642: ['exon skipping', 0, 0]
T01G1.1a.1: ['no event', 248, 2]
T01G1.1c.1: ['3event', 177, 2]
T01G1.1d.1: ['exon skipping', 0, 0]
T01G1.1d.2: ['exon skipping', 0, 0]
T01G1.1d.3: ['exon skipping', 0, 0]
T01G1.1d.4: ['exon skipping', 0, 0]
>22
FBtr0080018: ['exon skipping', 0, 0]
FBtr0302038: ['exon skipping', 0, 0]
FBtr0302039: ['exon skipping', 0, 0]
FBtr0331642: ['exon skipping', 0, 0]
T01G1.1a.1: ['no event', 37, 2]
T01G1.1c.1: ['5event', 33, 2]
T01G1.1d.1: ['exon skipping', 0, 0]
T01G1.1d.2: ['exon skipping', 0, 0]
T01G1.1d.3: ['exon skipping', 0, 0]
T01G1.1d.4: ['exon skipping', 0, 0]
>23
FBtr0080018: ['exon skipping', 0, 0]
FBtr0302038: ['exon skipping', 0, 0]
FBtr0302039: ['exon skipping', 0, 0]
FBtr0331642: ['exon skipping', 0, 0]
T01G1.1a.1: ['no event', 103, 0]
T01G1.1c.1: ['no event', 103, 0]
T01G1.1d.1: ['5event', 102, 0]
T01G1.1d.2: ['5event', 102, 0]
T01G1.1d.3: ['5event', 102, 0]
T01G1.1d.4: ['5event', 102, 0]
>24
FBtr0080018: ['exon skipping', 0, 0]
FBtr0302038: ['exon skipping', 0, 0]
FBtr0302039: ['exon skipping', 0, 0]
FBtr0331642: ['exon skipping', 0, 0]
T01G1.1a.1: ['no event', 206, 1]
T01G1.1c.1: ['no event', 206, 1]
T01G1.1d.1: ['no event', 206, 1]
T01G1.1d.2: ['no event', 206, 1]
T01G1.1d.3: ['no event', 206, 1]
T01G1.1d.4: ['no event', 206, 1]
>25
FBtr0080018: ['5event', 17, 0]
FBtr0302038: ['5event', 17, 0]
FBtr0302039: ['5event', 17, 0]
FBtr0331642: ['5event', 17, 0]
T01G1.1a.1: ['exon skipping', 0, 0]
T01G1.1c.1: ['exon skipping', 0, 0]
T01G1.1d.1: ['exon skipping', 0, 0]
T01G1.1d.2: ['exon skipping', 0, 0]
T01G1.1d.3: ['exon skipping', 0, 0]
T01G1.1d.4: ['exon skipping', 0, 0]
>26
FBtr0080018: ['exon skipping', 0, 0]
FBtr0302038: ['exon skipping', 0, 0]
FBtr0302039: ['exon skipping', 0, 0]
FBtr0331642: ['exon skipping', 0, 0]
T01G1.1a.1: ['5event', 592, 1]
T01G1.1c.1: ['5event', 592, 1]
T01G1.1d.1: ['5event', 592, 1]
T01G1.1d.2: ['5event', 592, 1]
T01G1.1d.3: ['5event', 592, 1]
T01G1.1d.4: ['5event', 592, 1]
>27
FBtr0080018: ['exon skipping', 0, 0]
FBtr0302038: ['exon skipping', 0, 0]
FBtr0302039: ['exon skipping', 0, 0]
FBtr0331642: ['exon skipping', 0, 0]
T01G1.1a.1: ['no event', 110, 0]
T01G1.1c.1: ['no event', 110, 0]
T01G1.1d.1: ['no event', 110, 0]
T01G1.1d.2: ['no event', 110, 0]
T01G1.1d.3: ['no event', 110, 0]
T01G1.1d.4: ['no event', 110, 0]
