>0
Y38E10A.13.1: [['internal gap >= 30', 156, 703], 215, 0]
Y38E10A.26.1: [['internal gap >= 30', 156, 703], 215, 0]
Y38E10A.12.1: [['internal gap >= 30', 159, 700], 218, 0]
Y38E10A.11.1: [['internal gap >= 30', 156, 703], 215, 0]
Y38E10A.9.1: [['internal gap >= 30', 168, 691], 227, 0]
Y38E10A.25.1: [['internal gap >= 30', 161, 697], 221, 0]
Y38E10A.15.1: [['internal gap >= 30', 162, 697], 221, 0]
Y38E10A.29.1: ['5event', ['internal gap >= 30', 167, 691], 227, 0]
Y38E10A.16.1: [['internal gap >= 30', 162, 697], 221, 0]
>1
Y38E10A.13.1: ['exon skipping', 0, 0]
Y38E10A.26.1: ['exon skipping', 0, 0]
Y38E10A.12.1: ['exon skipping', 0, 0]
Y38E10A.11.1: ['exon skipping', 0, 0]
Y38E10A.9.1: ['no event', 5, 0]
Y38E10A.25.1: ['exon skipping', 0, 0]
Y38E10A.15.1: [['internal gap < 30', 1, 3], 2, 0]
Y38E10A.29.1: ['exon skipping', 0, 0]
Y38E10A.16.1: [['internal gap < 30', 1, 3], 2, 0]
