>0
F25E5.4.1: ['5event', ['internal gap < 30', 38, 24], 102, 0]
F25E5.7.1: [['internal gap < 30', 58, 24], 102, 0]
F25E5.3.1: ['exon skipping', 0, 0]
F25E5.10.1: ['5event', 114, 0]
ZC581.6.1: ['5event', ['internal gap < 30', 89, 21], 105, 0]
>1
F25E5.4.1: ['exon skipping', 0, 0]
F25E5.7.1: ['exon skipping', 0, 0]
F25E5.3.1: ['exon skipping', 0, 0]
F25E5.10.1: ['no event', 9, 1]
ZC581.6.1: [['internal gap < 30', 1, 1], 8, 1]
>2
F25E5.4.1: ['5event', ['internal gap >= 30', 555, 240], 598, 1]
F25E5.7.1: ['5event', ['internal gap >= 30', 573, 222], 616, 1]
F25E5.3.1: ['5event', ['internal gap >= 30', 607, 134], 704, 0]
F25E5.10.1: ['3event', 460, 1]
ZC581.6.1: ['3event', 222, 1]
>3
F25E5.4.1: ['exon skipping', 0, 0]
F25E5.7.1: ['exon skipping', 0, 0]
F25E5.3.1: ['exon skipping', 0, 0]
F25E5.10.1: ['exon skipping', 0, 0]
ZC581.6.1: ['5event', 229, 2]
>4
F25E5.4.1: ['exon skipping', 0, 0]
F25E5.7.1: ['exon skipping', 0, 0]
F25E5.3.1: ['exon skipping', 0, 0]
F25E5.10.1: ['exon skipping', 0, 0]
ZC581.6.1: ['no event', 59, 1]
>5
F25E5.4.1: ['exon skipping', 0, 0]
F25E5.7.1: ['exon skipping', 0, 0]
F25E5.3.1: ['exon skipping', 0, 0]
F25E5.10.1: ['5event', 160, 1]
ZC581.6.1: ['exon skipping', 0, 0]
>6
F25E5.4.1: ['exon skipping', 0, 0]
F25E5.7.1: ['exon skipping', 0, 0]
F25E5.3.1: ['exon skipping', 0, 0]
F25E5.10.1: ['exon skipping', 0, 0]
ZC581.6.1: ['5event', 139, 1]
>7
F25E5.4.1: ['exon skipping', 0, 0]
F25E5.7.1: ['exon skipping', 0, 0]
F25E5.3.1: ['exon skipping', 0, 0]
F25E5.10.1: ['exon skipping', 0, 0]
ZC581.6.1: ['no event', 69, 0]
>8
F25E5.4.1: ['5event', ['internal gap >= 30', 567, 57], 575, 0]
F25E5.7.1: ['3event', '5event', 420, 0]
F25E5.3.1: ['5event', ['internal gap >= 30', 372, 204], 428, 0]
F25E5.10.1: ['3event', '5event', 462, 0]
ZC581.6.1: ['3event', 150, 1]
>9
F25E5.4.1: ['exon skipping', 0, 0]
F25E5.7.1: ['exon skipping', 0, 0]
F25E5.3.1: ['exon skipping', 0, 0]
F25E5.10.1: ['exon skipping', 0, 0]
ZC581.6.1: ['5event', 159, 2]
