>0
ENSPMAT00000000230: ['5event', ['internal gap < 30', 54, 12], 102, 0]
ENSEBUT00000027104: ['5event', ['internal gap < 30', 42, 24], 90, 0]
ENSFALT00000009272: [['internal gap < 30', 18, 12], 102, 0]
ENSZALT00000026865: [['internal gap < 30', 18, 12], 102, 0]
>1
ENSPMAT00000000230: ['no event', 56, 1]
ENSEBUT00000027104: ['no event', 56, 1]
ENSFALT00000009272: ['no event', 56, 1]
ENSZALT00000026865: ['no event', 56, 1]
>2
ENSPMAT00000000230: ['no event', 73, 1]
ENSEBUT00000027104: ['no event', 73, 1]
ENSFALT00000009272: ['no event', 73, 1]
ENSZALT00000026865: ['no event', 73, 1]
>3
ENSPMAT00000000230: ['no event', 191, 0]
ENSEBUT00000027104: ['no event', 191, 0]
ENSFALT00000009272: ['no event', 191, 0]
ENSZALT00000026865: ['no event', 191, 0]
>4
ENSPMAT00000000230: ['no event', 233, 0]
ENSEBUT00000027104: [['internal gap < 30', 207, 3], 230, 0]
ENSFALT00000009272: [['internal gap < 30', 204, 6], 227, 0]
ENSZALT00000026865: [['internal gap < 30', 204, 6], 227, 0]
