>0
ENSZALT00000000842: ['no event', 84, 0]
ENSSCAT00000021015: ['exon skipping', 0, 0]
ENSSCAT00000021018: ['exon skipping', 0, 0]
ENSSCAT00000021024: ['exon skipping', 0, 0]
>1
ENSZALT00000000842: ['exon skipping', 0, 0]
ENSSCAT00000021015: ['5event', 113, 0]
ENSSCAT00000021018: ['5event', 113, 0]
ENSSCAT00000021024: ['exon skipping', 0, 0]
>2
ENSZALT00000000842: ['5event', 610, 1]
ENSSCAT00000021015: [['internal gap >= 30', 1, 459], 276, 0]
ENSSCAT00000021018: [['internal gap >= 30', 1, 459], 276, 0]
ENSSCAT00000021024: ['5event', 734, 0]
>3
ENSZALT00000000842: ['3event', 167, 0]
ENSSCAT00000021015: ['no event', 189, 0]
ENSSCAT00000021018: ['no event', 189, 0]
ENSSCAT00000021024: ['3event', 167, 0]
>4
ENSZALT00000000842: ['5event', 172, 1]
ENSSCAT00000021015: [['internal gap >= 30', 2, 45], 129, 1]
ENSSCAT00000021018: [['internal gap >= 30', 2, 45], 129, 1]
ENSSCAT00000021024: ['5event', 172, 1]
>5
ENSZALT00000000842: ['no event', 83, 0]
ENSSCAT00000021015: ['no event', 83, 0]
ENSSCAT00000021018: ['no event', 83, 0]
ENSSCAT00000021024: ['no event', 83, 0]
>6
ENSZALT00000000842: ['no event', 157, 0]
ENSSCAT00000021015: ['no event', 157, 0]
ENSSCAT00000021018: ['no event', 157, 0]
ENSSCAT00000021024: ['no event', 157, 0]
>7
ENSZALT00000000842: ['no event', 43, 2]
ENSSCAT00000021015: ['no event', 43, 2]
ENSSCAT00000021018: ['no event', 43, 2]
ENSSCAT00000021024: ['no event', 43, 2]
>8
ENSZALT00000000842: ['no event', 105, 1]
ENSSCAT00000021015: ['no event', 105, 1]
ENSSCAT00000021018: ['no event', 105, 1]
ENSSCAT00000021024: ['no event', 105, 1]
>9
ENSZALT00000000842: ['no event', 140, 2]
ENSSCAT00000021015: ['no event', 140, 2]
ENSSCAT00000021018: ['no event', 140, 2]
ENSSCAT00000021024: ['no event', 140, 2]
>10
ENSZALT00000000842: ['no event', 150, 2]
ENSSCAT00000021015: ['no event', 150, 2]
ENSSCAT00000021018: ['no event', 150, 2]
ENSSCAT00000021024: ['no event', 150, 2]
>11
ENSZALT00000000842: ['no event', 101, 0]
ENSSCAT00000021015: ['no event', 101, 0]
ENSSCAT00000021018: ['no event', 101, 0]
ENSSCAT00000021024: ['no event', 101, 0]
>12
ENSZALT00000000842: ['no event', 130, 0]
ENSSCAT00000021015: ['no event', 130, 0]
ENSSCAT00000021018: ['no event', 130, 0]
ENSSCAT00000021024: ['no event', 130, 0]
>13
ENSZALT00000000842: ['no event', 169, 2]
ENSSCAT00000021015: ['no event', 169, 2]
ENSSCAT00000021018: ['no event', 169, 2]
ENSSCAT00000021024: ['no event', 169, 2]
>14
ENSZALT00000000842: ['no event', 127, 1]
ENSSCAT00000021015: ['no event', 127, 1]
ENSSCAT00000021018: ['no event', 127, 1]
ENSSCAT00000021024: ['no event', 127, 1]
>15
ENSZALT00000000842: ['no event', 120, 0]
ENSSCAT00000021015: ['no event', 120, 0]
ENSSCAT00000021018: ['no event', 120, 0]
ENSSCAT00000021024: ['no event', 120, 0]
>16
ENSZALT00000000842: ['no event', 80, 1]
ENSSCAT00000021015: ['no event', 80, 1]
ENSSCAT00000021018: ['exon skipping', 0, 0]
ENSSCAT00000021024: ['no event', 80, 1]
>17
ENSZALT00000000842: ['no event', 170, 1]
ENSSCAT00000021015: ['no event', 170, 1]
ENSSCAT00000021018: ['5event', 157, 1]
ENSSCAT00000021024: ['no event', 170, 1]
>18
ENSZALT00000000842: ['no event', 153, 0]
ENSSCAT00000021015: ['no event', 153, 0]
ENSSCAT00000021018: ['no event', 153, 0]
ENSSCAT00000021024: ['no event', 153, 0]
>19
ENSZALT00000000842: ['no event', 135, 1]
ENSSCAT00000021015: ['no event', 135, 1]
ENSSCAT00000021018: ['no event', 135, 1]
ENSSCAT00000021024: ['no event', 135, 1]
>20
ENSZALT00000000842: ['no event', 204, 2]
ENSSCAT00000021015: ['no event', 204, 2]
ENSSCAT00000021018: ['no event', 204, 2]
ENSSCAT00000021024: ['no event', 204, 2]
>21
ENSZALT00000000842: ['no event', 152, 0]
ENSSCAT00000021015: ['no event', 152, 0]
ENSSCAT00000021018: ['no event', 152, 0]
ENSSCAT00000021024: ['no event', 152, 0]
>22
ENSZALT00000000842: ['no event', 177, 0]
ENSSCAT00000021015: ['no event', 177, 0]
ENSSCAT00000021018: ['no event', 177, 0]
ENSSCAT00000021024: ['no event', 177, 0]
>23
ENSZALT00000000842: ['no event', 151, 1]
ENSSCAT00000021015: ['no event', 151, 1]
ENSSCAT00000021018: ['no event', 151, 1]
ENSSCAT00000021024: ['no event', 151, 1]
