>0
Y48G1BM.1.1: ['no event', 53, 0]
B0273.3.1: ['no event', 53, 0]
Y48G1BL.1.1: ['no event', 53, 0]
Y48G1BL.8.1: ['5event', 49, 0]
T02C12.2.1: ['5event', 47, 0]
FBtr0300659: ['exon skipping', 0, 0]
FBtr0339298: ['exon skipping', 0, 0]
FBtr0300658: ['exon skipping', 0, 0]
>1
Y48G1BM.1.1: ['3event', 12, 0]
B0273.3.1: ['3event', 12, 0]
Y48G1BL.1.1: ['exon skipping', 0, 0]
Y48G1BL.8.1: ['exon skipping', 0, 0]
T02C12.2.1: ['no event', 54, 0]
FBtr0300659: ['exon skipping', 0, 0]
FBtr0339298: ['exon skipping', 0, 0]
FBtr0300658: ['exon skipping', 0, 0]
>2
Y48G1BM.1.1: ['exon skipping', 0, 0]
B0273.3.1: ['exon skipping', 0, 0]
Y48G1BL.1.1: ['exon skipping', 0, 0]
Y48G1BL.8.1: ['exon skipping', 0, 0]
T02C12.2.1: ['no event', 138, 1]
FBtr0300659: ['exon skipping', 0, 0]
FBtr0339298: ['exon skipping', 0, 0]
FBtr0300658: ['exon skipping', 0, 0]
>3
Y48G1BM.1.1: ['exon skipping', 0, 0]
B0273.3.1: ['exon skipping', 0, 0]
Y48G1BL.1.1: ['exon skipping', 0, 0]
Y48G1BL.8.1: ['exon skipping', 0, 0]
T02C12.2.1: ['no event', 104, 2]
FBtr0300659: ['exon skipping', 0, 0]
FBtr0339298: ['exon skipping', 0, 0]
FBtr0300658: ['exon skipping', 0, 0]
>4
Y48G1BM.1.1: ['exon skipping', 0, 0]
B0273.3.1: ['exon skipping', 0, 0]
Y48G1BL.1.1: ['exon skipping', 0, 0]
Y48G1BL.8.1: ['exon skipping', 0, 0]
T02C12.2.1: ['exon skipping', 0, 0]
FBtr0300659: ['5event', 35, 0]
FBtr0339298: ['5event', 35, 0]
FBtr0300658: ['5event', 35, 0]
>5
Y48G1BM.1.1: ['3event', '5event', 135, 2]
B0273.3.1: ['3event', '5event', 135, 2]
Y48G1BL.1.1: ['3event', '5event', 133, 0]
Y48G1BL.8.1: ['3event', '5event', 92, 2]
T02C12.2.1: ['5event', ['internal gap >= 30', 56, 40], 111, 2]
FBtr0300659: ['exon skipping', 0, 0]
FBtr0339298: ['exon skipping', 0, 0]
FBtr0300658: ['exon skipping', 0, 0]
>6
Y48G1BM.1.1: ['exon skipping', 0, 0]
B0273.3.1: ['exon skipping', 0, 0]
Y48G1BL.1.1: ['exon skipping', 0, 0]
Y48G1BL.8.1: ['5event', 3, 1]
T02C12.2.1: ['exon skipping', 0, 0]
FBtr0300659: ['exon skipping', 0, 0]
FBtr0339298: ['exon skipping', 0, 0]
FBtr0300658: ['exon skipping', 0, 0]
>7
Y48G1BM.1.1: ['exon skipping', 0, 0]
B0273.3.1: ['exon skipping', 0, 0]
Y48G1BL.1.1: ['exon skipping', 0, 0]
Y48G1BL.8.1: ['exon skipping', 0, 0]
T02C12.2.1: ['5event', 185, 0]
FBtr0300659: ['exon skipping', 0, 0]
FBtr0339298: ['exon skipping', 0, 0]
FBtr0300658: ['exon skipping', 0, 0]
>8
Y48G1BM.1.1: ['3event', '5event', 630, 2]
B0273.3.1: ['3event', '5event', 630, 2]
Y48G1BL.1.1: ['3event', '5event', 593, 1]
Y48G1BL.8.1: ['exon skipping', 0, 0]
T02C12.2.1: [['internal gap >= 30', 149, 936], 153, 0]
FBtr0300659: ['5event', ['internal gap < 30', 999, 16], 1073, 0]
FBtr0339298: ['5event', ['internal gap >= 30', 942, 73], 1016, 0]
FBtr0300658: ['5event', ['internal gap < 30', 999, 16], 1073, 0]
>9
Y48G1BM.1.1: ['exon skipping', 0, 0]
B0273.3.1: ['exon skipping', 0, 0]
Y48G1BL.1.1: ['exon skipping', 0, 0]
Y48G1BL.8.1: ['exon skipping', 0, 0]
T02C12.2.1: ['3event', 6, 0]
FBtr0300659: ['no event', 20, 0]
FBtr0339298: ['no event', 20, 0]
FBtr0300658: ['no event', 20, 0]
>10
Y48G1BM.1.1: ['5event', ['internal gap >= 30', 165, 61], 167, 2]
B0273.3.1: ['5event', ['internal gap >= 30', 165, 61], 167, 2]
Y48G1BL.1.1: ['exon skipping', 0, 0]
Y48G1BL.8.1: ['exon skipping', 0, 0]
T02C12.2.1: ['5event', ['internal gap < 30', 36, 9], 219, 2]
FBtr0300659: ['exon skipping', 0, 0]
FBtr0339298: ['exon skipping', 0, 0]
FBtr0300658: ['exon skipping', 0, 0]
>11
Y48G1BM.1.1: ['exon skipping', 0, 0]
B0273.3.1: ['exon skipping', 0, 0]
Y48G1BL.1.1: ['exon skipping', 0, 0]
Y48G1BL.8.1: ['exon skipping', 0, 0]
T02C12.2.1: ['no event', 46, 0]
FBtr0300659: ['exon skipping', 0, 0]
FBtr0339298: ['exon skipping', 0, 0]
FBtr0300658: ['exon skipping', 0, 0]
>12
Y48G1BM.1.1: ['5event', 95, 2]
B0273.3.1: ['5event', 95, 2]
Y48G1BL.1.1: ['exon skipping', 0, 0]
Y48G1BL.8.1: ['exon skipping', 0, 0]
T02C12.2.1: ['exon skipping', 0, 0]
FBtr0300659: ['exon skipping', 0, 0]
FBtr0339298: ['exon skipping', 0, 0]
FBtr0300658: ['exon skipping', 0, 0]
>13
Y48G1BM.1.1: ['no event', 184, 2]
B0273.3.1: ['no event', 184, 2]
Y48G1BL.1.1: ['exon skipping', 0, 0]
Y48G1BL.8.1: ['5event', 183, 2]
T02C12.2.1: ['5event', ['internal gap < 30', 77, 7], 177, 2]
FBtr0300659: ['exon skipping', 0, 0]
FBtr0339298: ['exon skipping', 0, 0]
FBtr0300658: ['exon skipping', 0, 0]
>14
Y48G1BM.1.1: ['exon skipping', 0, 0]
B0273.3.1: ['exon skipping', 0, 0]
Y48G1BL.1.1: ['exon skipping', 0, 0]
Y48G1BL.8.1: ['exon skipping', 0, 0]
T02C12.2.1: ['no event', 8, 0]
FBtr0300659: ['exon skipping', 0, 0]
FBtr0339298: ['exon skipping', 0, 0]
FBtr0300658: ['exon skipping', 0, 0]
