>0
C23G10.6.1: [['internal gap < 30', 41, 12], 146, 0]
C10H11.5.1: [['internal gap < 30', 44, 9], 149, 0]
C10H11.6a.1: ['no event', 158, 0]
C10H11.6b.1: ['3event', 156, 0]
F47C10.6.1: [['internal gap < 30', 47, 6], 152, 0]
>1
C23G10.6.1: [['internal gap >= 30', 80, 60], 174, 0]
C10H11.5.1: [['internal gap >= 30', 80, 60], 174, 0]
C10H11.6a.1: [['internal gap >= 30', 80, 60], 174, 0]
C10H11.6b.1: ['5event', ['internal gap >= 30', 79, 61], 173, 0]
F47C10.6.1: ['exon skipping', 0, 0]
>2
C23G10.6.1: ['exon skipping', 0, 0]
C10H11.5.1: ['exon skipping', 0, 0]
C10H11.6a.1: ['exon skipping', 0, 0]
C10H11.6b.1: ['exon skipping', 0, 0]
F47C10.6.1: ['5event', 80, 0]
>3
C23G10.6.1: ['exon skipping', 0, 0]
C10H11.5.1: ['exon skipping', 0, 0]
C10H11.6a.1: ['exon skipping', 0, 0]
C10H11.6b.1: ['exon skipping', 0, 0]
F47C10.6.1: ['no event', 73, 0]
>4
C23G10.6.1: ['5event', ['internal gap < 30', 12, 21], 243, 0]
C10H11.5.1: ['5event', ['internal gap < 30', 12, 21], 243, 0]
C10H11.6a.1: ['5event', ['internal gap < 30', 12, 21], 243, 0]
C10H11.6b.1: ['5event', ['internal gap < 30', 12, 21], 243, 0]
F47C10.6.1: ['no event', 264, 2]
>5
C23G10.6.1: ['3event', 69, 1]
C10H11.5.1: ['3event', 69, 1]
C10H11.6a.1: ['3event', 69, 1]
C10H11.6b.1: ['3event', 69, 1]
F47C10.6.1: ['no event', 364, 1]
>6
C23G10.6.1: ['exon skipping', 0, 0]
C10H11.5.1: ['exon skipping', 0, 0]
C10H11.6a.1: ['exon skipping', 0, 0]
C10H11.6b.1: ['exon skipping', 0, 0]
F47C10.6.1: ['no event', 14, 0]
>7
C23G10.6.1: ['exon skipping', 0, 0]
C10H11.5.1: ['exon skipping', 0, 0]
C10H11.6a.1: ['exon skipping', 0, 0]
C10H11.6b.1: ['exon skipping', 0, 0]
F47C10.6.1: ['no event', 138, 0]
>8
C23G10.6.1: ['exon skipping', 0, 0]
C10H11.5.1: ['exon skipping', 0, 0]
C10H11.6a.1: ['exon skipping', 0, 0]
C10H11.6b.1: ['exon skipping', 0, 0]
F47C10.6.1: ['no event', 85, 1]
>9
C23G10.6.1: ['5event', ['internal gap >= 30', 320, 427], 775, 0]
C10H11.5.1: ['5event', ['internal gap >= 30', 320, 427], 775, 0]
C10H11.6a.1: ['5event', ['internal gap >= 30', 320, 427], 775, 0]
C10H11.6b.1: ['5event', ['internal gap >= 30', 320, 427], 775, 0]
F47C10.6.1: [['internal gap >= 30', 5, 965], 237, 0]
>10
C23G10.6.1: ['3event', 178, 2]
C10H11.5.1: ['3event', 170, 2]
C10H11.6a.1: ['3event', 170, 2]
C10H11.6b.1: ['3event', 170, 2]
F47C10.6.1: [['internal gap < 30', 162, 11], 174, 2]
>11
C23G10.6.1: ['5event', 12, 2]
C10H11.5.1: ['exon skipping', 0, 0]
C10H11.6a.1: ['exon skipping', 0, 0]
C10H11.6b.1: ['exon skipping', 0, 0]
F47C10.6.1: ['exon skipping', 0, 0]
