>0
Y51H4A.5.1: ['5event', ['internal gap < 30', 45, 21], 91, 0]
C39B5.14.1: ['5event', ['internal gap < 30', 45, 21], 91, 0]
C39B5.14.2: ['5event', ['internal gap < 30', 45, 21], 91, 0]
Y49E10.18.1: ['5event', ['internal gap < 30', 35, 15], 97, 0]
Y49E10.16a.1: ['5event', ['internal gap >= 30', 36, 30], 82, 0]
Y49E10.16b.1: ['exon skipping', 0, 0]
Y54G2A.45a.1: ['5event', ['internal gap < 30', 66, 24], 88, 0]
Y54G2A.45a.2: ['5event', ['internal gap < 30', 66, 24], 88, 0]
Y54G2A.45b.1: ['exon skipping', 0, 0]
Y54G2A.45c.1: ['exon skipping', 0, 0]
K03H6.2a.1: ['5event', ['internal gap < 30', 69, 21], 91, 0]
K03H6.2b.1: ['exon skipping', 0, 0]
K03H6.2c.1: ['5event', ['internal gap < 30', 69, 21], 91, 0]
Y49E10.25.1: [['internal gap < 30', 63, 3], 109, 0]
>1
Y51H4A.5.1: [['internal gap < 30', 38, 3], 54, 2]
C39B5.14.1: [['internal gap < 30', 38, 3], 54, 2]
C39B5.14.2: [['internal gap < 30', 38, 3], 54, 2]
Y49E10.18.1: [['internal gap < 30', 38, 3], 54, 2]
Y49E10.16a.1: [['internal gap < 30', 38, 3], 54, 2]
Y49E10.16b.1: ['exon skipping', 0, 0]
Y54G2A.45a.1: [['internal gap < 30', 38, 3], 54, 2]
Y54G2A.45a.2: [['internal gap < 30', 38, 3], 54, 2]
Y54G2A.45b.1: ['exon skipping', 0, 0]
Y54G2A.45c.1: ['exon skipping', 0, 0]
K03H6.2a.1: [['internal gap < 30', 38, 3], 54, 2]
K03H6.2b.1: ['exon skipping', 0, 0]
K03H6.2c.1: [['internal gap < 30', 38, 3], 54, 2]
Y49E10.25.1: ['no event', 57, 2]
>2
Y51H4A.5.1: ['no event', 121, 0]
C39B5.14.1: ['no event', 121, 0]
C39B5.14.2: ['no event', 121, 0]
Y49E10.18.1: ['no event', 121, 0]
Y49E10.16a.1: ['no event', 121, 0]
Y49E10.16b.1: ['exon skipping', 0, 0]
Y54G2A.45a.1: ['no event', 121, 0]
Y54G2A.45a.2: ['no event', 121, 0]
Y54G2A.45b.1: ['exon skipping', 0, 0]
Y54G2A.45c.1: ['exon skipping', 0, 0]
K03H6.2a.1: ['no event', 121, 0]
K03H6.2b.1: ['exon skipping', 0, 0]
K03H6.2c.1: ['no event', 121, 0]
Y49E10.25.1: ['no event', 121, 0]
>3
Y51H4A.5.1: ['exon skipping', 0, 0]
C39B5.14.1: ['exon skipping', 0, 0]
C39B5.14.2: ['exon skipping', 0, 0]
Y49E10.18.1: ['exon skipping', 0, 0]
Y49E10.16a.1: ['exon skipping', 0, 0]
Y49E10.16b.1: ['exon skipping', 0, 0]
Y54G2A.45a.1: ['exon skipping', 0, 0]
Y54G2A.45a.2: ['exon skipping', 0, 0]
Y54G2A.45b.1: ['exon skipping', 0, 0]
Y54G2A.45c.1: ['exon skipping', 0, 0]
K03H6.2a.1: ['exon skipping', 0, 0]
K03H6.2b.1: ['exon skipping', 0, 0]
K03H6.2c.1: ['no event', 30, 2]
Y49E10.25.1: ['exon skipping', 0, 0]
>4
Y51H4A.5.1: ['5event', ['internal gap >= 30', 65, 702], 179, 2]
C39B5.14.1: ['5event', ['internal gap >= 30', 65, 702], 179, 2]
C39B5.14.2: ['5event', ['internal gap >= 30', 65, 702], 179, 2]
Y49E10.18.1: ['5event', ['internal gap >= 30', 65, 702], 179, 2]
Y49E10.16a.1: ['5event', ['internal gap >= 30', 65, 702], 179, 2]
Y49E10.16b.1: ['5event', 109, 0]
Y54G2A.45a.1: ['3event', '5event', 74, 2]
Y54G2A.45a.2: ['3event', '5event', 74, 2]
Y54G2A.45b.1: ['exon skipping', 0, 0]
Y54G2A.45c.1: ['exon skipping', 0, 0]
K03H6.2a.1: ['3event', '5event', 74, 2]
K03H6.2b.1: ['exon skipping', 0, 0]
K03H6.2c.1: ['exon skipping', 0, 0]
Y49E10.25.1: ['5event', ['internal gap >= 30', 149, 618], 263, 2]
>5
Y51H4A.5.1: ['exon skipping', 0, 0]
C39B5.14.1: ['exon skipping', 0, 0]
C39B5.14.2: ['exon skipping', 0, 0]
Y49E10.18.1: ['exon skipping', 0, 0]
Y49E10.16a.1: ['exon skipping', 0, 0]
Y49E10.16b.1: ['exon skipping', 0, 0]
Y54G2A.45a.1: ['5event', 114, 1]
Y54G2A.45a.2: ['5event', 114, 1]
Y54G2A.45b.1: ['5event', 100, 0]
Y54G2A.45c.1: ['exon skipping', 0, 0]
K03H6.2a.1: ['5event', 114, 1]
K03H6.2b.1: ['exon skipping', 0, 0]
K03H6.2c.1: ['exon skipping', 0, 0]
Y49E10.25.1: ['exon skipping', 0, 0]
>6
Y51H4A.5.1: ['5event', ['internal gap >= 30', 355, 1073], 389, 2]
C39B5.14.1: ['5event', ['internal gap >= 30', 355, 1073], 389, 2]
C39B5.14.2: ['5event', ['internal gap >= 30', 355, 1073], 389, 2]
Y49E10.18.1: ['5event', ['internal gap >= 30', 355, 1073], 389, 2]
Y49E10.16a.1: ['5event', ['internal gap >= 30', 352, 1076], 386, 2]
Y49E10.16b.1: ['5event', ['internal gap >= 30', 352, 1076], 386, 2]
Y54G2A.45a.1: [['internal gap >= 30', 286, 1066], 396, 2]
Y54G2A.45a.2: [['internal gap >= 30', 286, 1066], 396, 2]
Y54G2A.45b.1: [['internal gap >= 30', 286, 1066], 396, 2]
Y54G2A.45c.1: ['5event', 25, 0]
K03H6.2a.1: [['internal gap >= 30', 286, 1066], 396, 2]
K03H6.2b.1: ['5event', ['internal gap >= 30', 68, 1284], 178, 0]
K03H6.2c.1: ['exon skipping', 0, 0]
Y49E10.25.1: ['5event', ['internal gap >= 30', 355, 1073], 389, 2]
>7
Y51H4A.5.1: ['exon skipping', 0, 0]
C39B5.14.1: ['exon skipping', 0, 0]
C39B5.14.2: ['exon skipping', 0, 0]
Y49E10.18.1: ['exon skipping', 0, 0]
Y49E10.16a.1: ['exon skipping', 0, 0]
Y49E10.16b.1: ['exon skipping', 0, 0]
Y54G2A.45a.1: ['exon skipping', 0, 0]
Y54G2A.45a.2: ['exon skipping', 0, 0]
Y54G2A.45b.1: ['exon skipping', 0, 0]
Y54G2A.45c.1: ['exon skipping', 0, 0]
K03H6.2a.1: ['exon skipping', 0, 0]
K03H6.2b.1: ['exon skipping', 0, 0]
K03H6.2c.1: ['exon skipping', 0, 0]
Y49E10.25.1: ['no event', 1, 2]
>8
Y51H4A.5.1: ['3event', '5event', 151, 2]
C39B5.14.1: ['3event', '5event', 151, 2]
C39B5.14.2: ['3event', '5event', 151, 2]
Y49E10.18.1: ['5event', 162, 2]
Y49E10.16a.1: ['3event', '5event', 157, 2]
Y49E10.16b.1: ['3event', '5event', 157, 2]
Y54G2A.45a.1: ['5event', 162, 2]
Y54G2A.45a.2: ['5event', 162, 2]
Y54G2A.45b.1: ['5event', 162, 2]
Y54G2A.45c.1: ['5event', 162, 2]
K03H6.2a.1: ['5event', 162, 2]
K03H6.2b.1: ['5event', 162, 2]
K03H6.2c.1: ['exon skipping', 0, 0]
Y49E10.25.1: ['3event', 157, 1]
>9
Y51H4A.5.1: ['exon skipping', 0, 0]
C39B5.14.1: ['exon skipping', 0, 0]
C39B5.14.2: ['exon skipping', 0, 0]
Y49E10.18.1: ['exon skipping', 0, 0]
Y49E10.16a.1: ['exon skipping', 0, 0]
Y49E10.16b.1: ['exon skipping', 0, 0]
Y54G2A.45a.1: ['exon skipping', 0, 0]
Y54G2A.45a.2: ['exon skipping', 0, 0]
Y54G2A.45b.1: ['exon skipping', 0, 0]
Y54G2A.45c.1: ['exon skipping', 0, 0]
K03H6.2a.1: ['no event', 2, 0]
K03H6.2b.1: ['no event', 2, 0]
K03H6.2c.1: ['exon skipping', 0, 0]
Y49E10.25.1: ['exon skipping', 0, 0]
