>0
C07G3.3a.1: [['internal gap < 30', 11, 3], 197, 0]
C07G3.3b.1: ['exon skipping', 0, 0]
C07G3.4.1: [['internal gap < 30', 11, 3], 197, 0]
C07G3.5.1: [['internal gap < 30', 11, 3], 197, 0]
C07G3.6.1: [['internal gap < 30', 11, 3], 197, 0]
Y46H3D.3.1: ['no event', 200, 0]
Y46H3D.2.1: ['no event', 200, 0]
C55A1.1.1: ['5event', 80, 0]
>1
C07G3.3a.1: [['internal gap < 30', 161, 5], 167, 0]
C07G3.3b.1: ['5event', ['internal gap >= 30', 43, 123], 49, 0]
C07G3.4.1: [['internal gap < 30', 161, 5], 167, 0]
C07G3.5.1: [['internal gap < 30', 161, 5], 167, 0]
C07G3.6.1: [['internal gap < 30', 161, 5], 167, 0]
Y46H3D.3.1: [['internal gap < 30', 23, 4], 168, 0]
Y46H3D.2.1: [['internal gap < 30', 161, 5], 167, 0]
C55A1.1.1: ['3event', 89, 0]
>2
C07G3.3a.1: ['exon skipping', 0, 0]
C07G3.3b.1: ['exon skipping', 0, 0]
C07G3.4.1: ['exon skipping', 0, 0]
C07G3.5.1: ['exon skipping', 0, 0]
C07G3.6.1: ['exon skipping', 0, 0]
Y46H3D.3.1: ['exon skipping', 0, 0]
Y46H3D.2.1: ['exon skipping', 0, 0]
C55A1.1.1: ['5event', 78, 1]
>3
C07G3.3a.1: ['5event', 134, 2]
C07G3.3b.1: ['5event', 134, 2]
C07G3.4.1: ['5event', 134, 2]
C07G3.5.1: ['5event', 134, 2]
C07G3.6.1: ['5event', 134, 2]
Y46H3D.3.1: ['5event', 134, 2]
Y46H3D.2.1: ['5event', 134, 2]
C55A1.1.1: ['no event', 135, 2]
>4
C07G3.3a.1: ['3event', 143, 2]
C07G3.3b.1: ['3event', 143, 2]
C07G3.4.1: ['3event', 143, 2]
C07G3.5.1: ['3event', 143, 2]
C07G3.6.1: ['3event', 143, 2]
Y46H3D.3.1: ['3event', 143, 2]
Y46H3D.2.1: ['3event', 140, 2]
C55A1.1.1: [['internal gap < 30', 83, 27], 132, 2]
>5
C07G3.3a.1: ['5event', ['internal gap >= 30', 129, 270], 312, 0]
C07G3.3b.1: ['5event', ['internal gap >= 30', 129, 270], 312, 0]
C07G3.4.1: ['5event', ['internal gap >= 30', 129, 270], 312, 0]
C07G3.5.1: ['5event', ['internal gap >= 30', 129, 270], 312, 0]
C07G3.6.1: ['5event', ['internal gap >= 30', 129, 270], 312, 0]
Y46H3D.3.1: ['5event', ['internal gap >= 30', 126, 273], 309, 0]
Y46H3D.2.1: ['5event', ['internal gap >= 30', 126, 273], 309, 0]
C55A1.1.1: ['3event', 296, 0]
>6
C07G3.3a.1: ['exon skipping', 0, 0]
C07G3.3b.1: ['exon skipping', 0, 0]
C07G3.4.1: ['exon skipping', 0, 0]
C07G3.5.1: ['exon skipping', 0, 0]
C07G3.6.1: ['exon skipping', 0, 0]
Y46H3D.3.1: ['no event', 36, 1]
Y46H3D.2.1: ['no event', 36, 1]
C55A1.1.1: ['exon skipping', 0, 0]
>7
C07G3.3a.1: ['3event', '5event', 101, 1]
C07G3.3b.1: ['3event', '5event', 101, 1]
C07G3.4.1: ['3event', '5event', 74, 1]
C07G3.5.1: ['3event', '5event', 74, 1]
C07G3.6.1: ['5event', ['internal gap >= 30', 67, 34], 88, 1]
Y46H3D.3.1: [['internal gap < 30', 69, 9], 113, 2]
Y46H3D.2.1: [['internal gap < 30', 30, 6], 116, 2]
C55A1.1.1: ['exon skipping', 0, 0]
