>0
FBtr0308126: ['no event', 27, 0]
FBtr0308125: ['no event', 27, 0]
FBtr0308127: ['no event', 27, 0]
FBtr0077465: ['exon skipping', 0, 0]
FBtr0334266: ['exon skipping', 0, 0]
FBtr0334265: ['exon skipping', 0, 0]
F39H12.4.1: ['exon skipping', 0, 0]
>1
FBtr0308126: ['exon skipping', 0, 0]
FBtr0308125: ['exon skipping', 0, 0]
FBtr0308127: ['exon skipping', 0, 0]
FBtr0077465: ['5event', 93, 0]
FBtr0334266: ['5event', 93, 0]
FBtr0334265: ['5event', 93, 0]
F39H12.4.1: ['5event', ['internal gap >= 30', 10, 56], 38, 0]
>2
FBtr0308126: ['exon skipping', 0, 0]
FBtr0308125: ['exon skipping', 0, 0]
FBtr0308127: ['exon skipping', 0, 0]
FBtr0077465: ['exon skipping', 0, 0]
FBtr0334266: ['exon skipping', 0, 0]
FBtr0334265: ['exon skipping', 0, 0]
F39H12.4.1: ['no event', 24, 0]
>3
FBtr0308126: ['5event', ['internal gap < 30', 92, 9], 201, 1]
FBtr0308125: ['5event', ['internal gap < 30', 92, 9], 201, 1]
FBtr0308127: ['5event', ['internal gap < 30', 92, 9], 201, 1]
FBtr0077465: ['5event', ['internal gap < 30', 89, 12], 198, 1]
FBtr0334266: ['5event', ['internal gap < 30', 89, 12], 198, 1]
FBtr0334265: ['5event', ['internal gap < 30', 89, 12], 198, 1]
F39H12.4.1: ['3event', 159, 1]
>4
FBtr0308126: ['exon skipping', 0, 0]
FBtr0308125: ['exon skipping', 0, 0]
FBtr0308127: ['exon skipping', 0, 0]
FBtr0077465: ['exon skipping', 0, 0]
FBtr0334266: ['exon skipping', 0, 0]
FBtr0334265: ['exon skipping', 0, 0]
F39H12.4.1: ['5event', 199, 2]
>5
FBtr0308126: ['5event', 260, 2]
FBtr0308125: ['5event', 260, 2]
FBtr0308127: ['5event', 260, 2]
FBtr0077465: ['5event', 260, 2]
FBtr0334266: ['5event', 260, 2]
FBtr0334265: ['5event', 260, 2]
F39H12.4.1: [['internal gap >= 30', 45, 149], 112, 1]
>6
FBtr0308126: ['exon skipping', 0, 0]
FBtr0308125: ['exon skipping', 0, 0]
FBtr0308127: ['exon skipping', 0, 0]
FBtr0077465: ['exon skipping', 0, 0]
FBtr0334266: ['exon skipping', 0, 0]
FBtr0334265: ['exon skipping', 0, 0]
F39H12.4.1: ['no event', 83, 2]
>7
FBtr0308126: ['5event', ['internal gap >= 30', 148, 215], 196, 2]
FBtr0308125: ['5event', ['internal gap >= 30', 148, 215], 196, 2]
FBtr0308127: ['5event', ['internal gap >= 30', 148, 215], 196, 2]
FBtr0077465: ['5event', ['internal gap >= 30', 148, 215], 196, 2]
FBtr0334266: ['5event', ['internal gap >= 30', 148, 215], 196, 2]
FBtr0334265: ['5event', ['internal gap >= 30', 148, 215], 196, 2]
F39H12.4.1: ['3event', 399, 2]
>8
FBtr0308126: [['internal gap < 30', 2137, 14], 2231, 1]
FBtr0308125: [['internal gap < 30', 2137, 14], 2231, 1]
FBtr0308127: [['internal gap < 30', 2137, 14], 2231, 1]
FBtr0077465: [['internal gap >= 30', 2083, 56], 2189, 1]
FBtr0334266: [['internal gap >= 30', 2083, 56], 2189, 1]
FBtr0334265: [['internal gap >= 30', 2083, 56], 2189, 1]
F39H12.4.1: ['exon skipping', 0, 0]
>9
FBtr0308126: ['exon skipping', 0, 0]
FBtr0308125: ['exon skipping', 0, 0]
FBtr0308127: ['exon skipping', 0, 0]
FBtr0077465: ['exon skipping', 0, 0]
FBtr0334266: ['exon skipping', 0, 0]
FBtr0334265: ['exon skipping', 0, 0]
F39H12.4.1: ['5event', 142, 0]
>10
FBtr0308126: ['5event', ['internal gap >= 30', 469, 32], 659, 1]
FBtr0308125: ['5event', ['internal gap >= 30', 469, 32], 659, 1]
FBtr0308127: ['5event', ['internal gap >= 30', 469, 32], 659, 1]
FBtr0077465: ['5event', ['internal gap >= 30', 487, 185], 506, 1]
FBtr0334266: ['5event', ['internal gap >= 30', 487, 185], 506, 1]
FBtr0334265: ['5event', ['internal gap >= 30', 487, 185], 506, 1]
F39H12.4.1: ['exon skipping', 0, 0]
>11
FBtr0308126: ['exon skipping', 0, 0]
FBtr0308125: ['exon skipping', 0, 0]
FBtr0308127: ['exon skipping', 0, 0]
FBtr0077465: ['exon skipping', 0, 0]
FBtr0334266: ['exon skipping', 0, 0]
FBtr0334265: ['exon skipping', 0, 0]
F39H12.4.1: ['5event', 222, 2]
>12
FBtr0308126: ['5event', 14, 1]
FBtr0308125: ['5event', 14, 1]
FBtr0308127: ['5event', 14, 1]
FBtr0077465: ['exon skipping', 0, 0]
FBtr0334266: ['exon skipping', 0, 0]
FBtr0334265: ['exon skipping', 0, 0]
F39H12.4.1: ['exon skipping', 0, 0]
>13
FBtr0308126: ['exon skipping', 0, 0]
FBtr0308125: ['exon skipping', 0, 0]
FBtr0308127: ['exon skipping', 0, 0]
FBtr0077465: ['exon skipping', 0, 0]
FBtr0334266: ['exon skipping', 0, 0]
FBtr0334265: ['exon skipping', 0, 0]
F39H12.4.1: ['5event', 155, 0]
>14
FBtr0308126: ['exon skipping', 0, 0]
FBtr0308125: ['exon skipping', 0, 0]
FBtr0308127: ['5event', 371, 1]
FBtr0077465: ['exon skipping', 0, 0]
FBtr0334266: ['exon skipping', 0, 0]
FBtr0334265: ['exon skipping', 0, 0]
F39H12.4.1: ['exon skipping', 0, 0]
>15
FBtr0308126: ['exon skipping', 0, 0]
FBtr0308125: ['exon skipping', 0, 0]
FBtr0308127: ['exon skipping', 0, 0]
FBtr0077465: ['exon skipping', 0, 0]
FBtr0334266: ['exon skipping', 0, 0]
FBtr0334265: ['exon skipping', 0, 0]
F39H12.4.1: ['5event', 857, 0]
>16
FBtr0308126: ['exon skipping', 0, 0]
FBtr0308125: ['5event', ['internal gap >= 30', 233, 82], 347, 1]
FBtr0308127: ['5event', ['internal gap >= 30', 233, 82], 347, 1]
FBtr0077465: ['5event', ['internal gap >= 30', 358, 61], 368, 1]
FBtr0334266: ['5event', ['internal gap >= 30', 358, 61], 368, 1]
FBtr0334265: ['5event', ['internal gap >= 30', 358, 61], 368, 1]
F39H12.4.1: ['exon skipping', 0, 0]
>17
FBtr0308126: ['exon skipping', 0, 0]
FBtr0308125: ['exon skipping', 0, 0]
FBtr0308127: ['exon skipping', 0, 0]
FBtr0077465: ['exon skipping', 0, 0]
FBtr0334266: ['exon skipping', 0, 0]
FBtr0334265: ['exon skipping', 0, 0]
F39H12.4.1: ['5event', 215, 0]
>18
FBtr0308126: ['exon skipping', 0, 0]
FBtr0308125: ['5event', 25, 1]
FBtr0308127: ['5event', 25, 1]
FBtr0077465: ['exon skipping', 0, 0]
FBtr0334266: ['5event', 25, 1]
FBtr0334265: ['exon skipping', 0, 0]
F39H12.4.1: ['exon skipping', 0, 0]
>19
FBtr0308126: ['exon skipping', 0, 0]
FBtr0308125: ['exon skipping', 0, 0]
FBtr0308127: ['exon skipping', 0, 0]
FBtr0077465: ['5event', ['internal gap >= 30', 167, 35], 178, 1]
FBtr0334266: ['exon skipping', 0, 0]
FBtr0334265: ['5event', ['internal gap >= 30', 167, 35], 178, 1]
F39H12.4.1: ['3event', '5event', 181, 0]
>20
FBtr0308126: ['exon skipping', 0, 0]
FBtr0308125: ['exon skipping', 0, 0]
FBtr0308127: ['exon skipping', 0, 0]
FBtr0077465: ['exon skipping', 0, 0]
FBtr0334266: ['exon skipping', 0, 0]
FBtr0334265: ['exon skipping', 0, 0]
F39H12.4.1: ['5event', 135, 1]
>21
FBtr0308126: ['exon skipping', 0, 0]
FBtr0308125: ['exon skipping', 0, 0]
FBtr0308127: ['exon skipping', 0, 0]
FBtr0077465: ['exon skipping', 0, 0]
FBtr0334266: ['exon skipping', 0, 0]
FBtr0334265: ['exon skipping', 0, 0]
F39H12.4.1: ['no event', 110, 2]
>22
FBtr0308126: ['exon skipping', 0, 0]
FBtr0308125: ['exon skipping', 0, 0]
FBtr0308127: ['exon skipping', 0, 0]
FBtr0077465: ['exon skipping', 0, 0]
FBtr0334266: ['exon skipping', 0, 0]
FBtr0334265: ['exon skipping', 0, 0]
F39H12.4.1: ['no event', 97, 2]
>23
FBtr0308126: ['exon skipping', 0, 0]
FBtr0308125: ['exon skipping', 0, 0]
FBtr0308127: ['exon skipping', 0, 0]
FBtr0077465: ['exon skipping', 0, 0]
FBtr0334266: ['exon skipping', 0, 0]
FBtr0334265: ['exon skipping', 0, 0]
F39H12.4.1: ['no event', 85, 1]
