>0
T28C6.6.1: ['exon skipping', 0, 0]
T28C6.4.1: ['exon skipping', 0, 0]
C29F4.1.1: ['exon skipping', 0, 0]
Y41D4A.2.1: ['exon skipping', 0, 0]
W01B6.7.1: ['exon skipping', 0, 0]
F02D10.1.1: ['exon skipping', 0, 0]
F58F6.2.1: ['exon skipping', 0, 0]
T05A1.2.1: [['internal gap < 30', 11, 3], 20, 0]
Y57A10A.11.1: ['no event', 23, 0]
>1
T28C6.6.1: ['exon skipping', 0, 0]
T28C6.4.1: ['exon skipping', 0, 0]
C29F4.1.1: ['exon skipping', 0, 0]
Y41D4A.2.1: ['exon skipping', 0, 0]
W01B6.7.1: ['exon skipping', 0, 0]
F02D10.1.1: ['exon skipping', 0, 0]
F58F6.2.1: ['exon skipping', 0, 0]
T05A1.2.1: ['exon skipping', 0, 0]
Y57A10A.11.1: ['no event', 137, 0]
>2
T28C6.6.1: ['exon skipping', 0, 0]
T28C6.4.1: ['exon skipping', 0, 0]
C29F4.1.1: ['exon skipping', 0, 0]
Y41D4A.2.1: ['exon skipping', 0, 0]
W01B6.7.1: ['exon skipping', 0, 0]
F02D10.1.1: ['exon skipping', 0, 0]
F58F6.2.1: ['exon skipping', 0, 0]
T05A1.2.1: ['exon skipping', 0, 0]
Y57A10A.11.1: ['no event', 173, 0]
>3
T28C6.6.1: ['exon skipping', 0, 0]
T28C6.4.1: ['exon skipping', 0, 0]
C29F4.1.1: ['exon skipping', 0, 0]
Y41D4A.2.1: ['exon skipping', 0, 0]
W01B6.7.1: ['exon skipping', 0, 0]
F02D10.1.1: ['exon skipping', 0, 0]
F58F6.2.1: ['exon skipping', 0, 0]
T05A1.2.1: ['exon skipping', 0, 0]
Y57A10A.11.1: ['no event', 114, 0]
>4
T28C6.6.1: ['5event', 80, 0]
T28C6.4.1: ['5event', 80, 0]
C29F4.1.1: ['5event', 80, 0]
Y41D4A.2.1: ['5event', 80, 0]
W01B6.7.1: ['5event', 80, 0]
F02D10.1.1: ['5event', ['internal gap < 30', 31, 10], 86, 0]
F58F6.2.1: ['5event', ['internal gap < 30', 9, 22], 74, 0]
T05A1.2.1: ['5event', 56, 0]
Y57A10A.11.1: ['exon skipping', 0, 0]
>5
T28C6.6.1: ['exon skipping', 0, 0]
T28C6.4.1: ['exon skipping', 0, 0]
C29F4.1.1: ['exon skipping', 0, 0]
Y41D4A.2.1: ['exon skipping', 0, 0]
W01B6.7.1: ['no event', 80, 0]
F02D10.1.1: ['no event', 80, 0]
F58F6.2.1: ['exon skipping', 0, 0]
T05A1.2.1: ['exon skipping', 0, 0]
Y57A10A.11.1: ['exon skipping', 0, 0]
>6
T28C6.6.1: ['exon skipping', 0, 0]
T28C6.4.1: ['exon skipping', 0, 0]
C29F4.1.1: ['exon skipping', 0, 0]
Y41D4A.2.1: ['exon skipping', 0, 0]
W01B6.7.1: ['no event', 117, 0]
F02D10.1.1: ['exon skipping', 0, 0]
F58F6.2.1: ['exon skipping', 0, 0]
T05A1.2.1: ['exon skipping', 0, 0]
Y57A10A.11.1: ['exon skipping', 0, 0]
>7
T28C6.6.1: ['5event', ['internal gap >= 30', 767, 559], 818, 0]
T28C6.4.1: ['5event', ['internal gap >= 30', 767, 559], 818, 0]
C29F4.1.1: ['5event', ['internal gap >= 30', 767, 559], 818, 0]
Y41D4A.2.1: ['5event', ['internal gap >= 30', 782, 544], 833, 0]
W01B6.7.1: [['internal gap >= 30', 574, 752], 625, 1]
F02D10.1.1: ['5event', ['internal gap >= 30', 728, 598], 779, 0]
F58F6.2.1: ['5event', ['internal gap >= 30', 746, 580], 797, 0]
T05A1.2.1: ['5event', ['internal gap >= 30', 773, 553], 824, 0]
Y57A10A.11.1: ['5event', ['internal gap >= 30', 874, 452], 925, 1]
>8
T28C6.6.1: ['exon skipping', 0, 0]
T28C6.4.1: ['exon skipping', 0, 0]
C29F4.1.1: ['exon skipping', 0, 0]
Y41D4A.2.1: ['exon skipping', 0, 0]
W01B6.7.1: ['exon skipping', 0, 0]
F02D10.1.1: [['internal gap < 30', 1, 3], 2, 0]
F58F6.2.1: ['exon skipping', 0, 0]
T05A1.2.1: ['exon skipping', 0, 0]
Y57A10A.11.1: ['exon skipping', 0, 0]
