>0
ZK697.2a.1: ['no event', 74, 0]
ZK697.2b.1: ['exon skipping', 0, 0]
ZK697.2c.1: ['exon skipping', 0, 0]
T26H2.9a.1: ['no event', 74, 0]
T26H2.9b.1: ['no event', 74, 0]
>1
ZK697.2a.1: [['internal gap >= 30', 86, 54], 151, 0]
ZK697.2b.1: ['5event', 12, 0]
ZK697.2c.1: ['exon skipping', 0, 0]
T26H2.9a.1: [['internal gap >= 30', 92, 48], 157, 0]
T26H2.9b.1: [['internal gap >= 30', 92, 48], 157, 0]
>2
ZK697.2a.1: [['internal gap < 30', 39, 18], 74, 1]
ZK697.2b.1: [['internal gap < 30', 39, 18], 74, 1]
ZK697.2c.1: ['exon skipping', 0, 0]
T26H2.9a.1: ['no event', 92, 1]
T26H2.9b.1: ['no event', 92, 1]
>3
ZK697.2a.1: ['exon skipping', 0, 0]
ZK697.2b.1: ['exon skipping', 0, 0]
ZK697.2c.1: ['exon skipping', 0, 0]
T26H2.9a.1: ['no event', 17, 1]
T26H2.9b.1: ['no event', 17, 1]
>4
ZK697.2a.1: ['5event', ['internal gap >= 30', 169, 575], 304, 1]
ZK697.2b.1: ['5event', ['internal gap >= 30', 169, 575], 304, 1]
ZK697.2c.1: ['exon skipping', 0, 0]
T26H2.9a.1: [['internal gap >= 30', 212, 521], 358, 1]
T26H2.9b.1: [['internal gap >= 30', 212, 521], 358, 1]
>5
ZK697.2a.1: ['no event', 197, 0]
ZK697.2b.1: ['no event', 197, 0]
ZK697.2c.1: ['5event', 178, 0]
T26H2.9a.1: ['3event', 133, 0]
T26H2.9b.1: ['3event', 133, 0]
>6
ZK697.2a.1: ['exon skipping', 0, 0]
ZK697.2b.1: ['exon skipping', 0, 0]
ZK697.2c.1: ['exon skipping', 0, 0]
T26H2.9a.1: ['5event', 64, 0]
T26H2.9b.1: ['exon skipping', 0, 0]
>7
ZK697.2a.1: ['5event', ['internal gap < 30', 111, 2], 125, 2]
ZK697.2b.1: ['5event', ['internal gap < 30', 111, 2], 125, 2]
ZK697.2c.1: ['5event', ['internal gap < 30', 111, 2], 125, 2]
T26H2.9a.1: ['no event', 127, 2]
T26H2.9b.1: ['3event', '5event', 111, 0]
>8
ZK697.2a.1: ['exon skipping', 0, 0]
ZK697.2b.1: ['exon skipping', 0, 0]
ZK697.2c.1: ['exon skipping', 0, 0]
T26H2.9a.1: ['no event', 1, 0]
T26H2.9b.1: ['exon skipping', 0, 0]
>9
ZK697.2a.1: ['5event', 115, 2]
ZK697.2b.1: ['5event', 115, 2]
ZK697.2c.1: ['5event', 115, 2]
T26H2.9a.1: ['no event', 117, 2]
T26H2.9b.1: ['exon skipping', 0, 0]
>10
ZK697.2a.1: ['no event', 250, 1]
ZK697.2b.1: ['no event', 250, 1]
ZK697.2c.1: ['no event', 250, 1]
T26H2.9a.1: ['no event', 250, 1]
T26H2.9b.1: ['exon skipping', 0, 0]
