>0
AC8.10.1: ['exon skipping', 0, 0]
AC8.3.1: ['exon skipping', 0, 0]
F25G6.1.1: ['no event', 55, 0]
Y119C1B.10a.1: ['exon skipping', 0, 0]
Y119C1B.10b.1: ['exon skipping', 0, 0]
Y54F10BM.9.1: ['exon skipping', 0, 0]
>1
AC8.10.1: ['5event', 22, 0]
AC8.3.1: ['5event', 22, 0]
F25G6.1.1: ['exon skipping', 0, 0]
Y119C1B.10a.1: ['exon skipping', 0, 0]
Y119C1B.10b.1: ['exon skipping', 0, 0]
Y54F10BM.9.1: ['exon skipping', 0, 0]
>2
AC8.10.1: ['exon skipping', 0, 0]
AC8.3.1: ['exon skipping', 0, 0]
F25G6.1.1: ['exon skipping', 0, 0]
Y119C1B.10a.1: ['5event', 15, 0]
Y119C1B.10b.1: ['5event', 15, 0]
Y54F10BM.9.1: ['exon skipping', 0, 0]
>3
AC8.10.1: ['3event', '5event', 253, 2]
AC8.3.1: ['3event', '5event', 253, 2]
F25G6.1.1: ['3event', '5event', 244, 2]
Y119C1B.10a.1: [['internal gap >= 30', 127, 204], 179, 1]
Y119C1B.10b.1: [['internal gap >= 30', 127, 204], 179, 1]
Y54F10BM.9.1: ['3event', '5event', 188, 0]
>4
AC8.10.1: ['exon skipping', 0, 0]
AC8.3.1: ['exon skipping', 0, 0]
F25G6.1.1: ['5event', ['internal gap >= 30', 74, 55], 86, 0]
Y119C1B.10a.1: ['exon skipping', 0, 0]
Y119C1B.10b.1: ['exon skipping', 0, 0]
Y54F10BM.9.1: ['5event', 139, 2]
>5
AC8.10.1: ['exon skipping', 0, 0]
AC8.3.1: ['exon skipping', 0, 0]
F25G6.1.1: ['exon skipping', 0, 0]
Y119C1B.10a.1: ['exon skipping', 0, 0]
Y119C1B.10b.1: ['exon skipping', 0, 0]
Y54F10BM.9.1: ['no event', 106, 1]
>6
AC8.10.1: ['exon skipping', 0, 0]
AC8.3.1: ['exon skipping', 0, 0]
F25G6.1.1: ['exon skipping', 0, 0]
Y119C1B.10a.1: ['exon skipping', 0, 0]
Y119C1B.10b.1: ['exon skipping', 0, 0]
Y54F10BM.9.1: ['no event', 358, 0]
>7
AC8.10.1: ['exon skipping', 0, 0]
AC8.3.1: ['exon skipping', 0, 0]
F25G6.1.1: ['exon skipping', 0, 0]
Y119C1B.10a.1: ['exon skipping', 0, 0]
Y119C1B.10b.1: ['exon skipping', 0, 0]
Y54F10BM.9.1: ['no event', 139, 2]
>8
AC8.10.1: ['exon skipping', 0, 0]
AC8.3.1: ['exon skipping', 0, 0]
F25G6.1.1: ['exon skipping', 0, 0]
Y119C1B.10a.1: ['exon skipping', 0, 0]
Y119C1B.10b.1: ['exon skipping', 0, 0]
Y54F10BM.9.1: ['no event', 106, 1]
>9
AC8.10.1: ['exon skipping', 0, 0]
AC8.3.1: ['exon skipping', 0, 0]
F25G6.1.1: ['exon skipping', 0, 0]
Y119C1B.10a.1: ['exon skipping', 0, 0]
Y119C1B.10b.1: ['exon skipping', 0, 0]
Y54F10BM.9.1: ['no event', 394, 0]
>10
AC8.10.1: ['exon skipping', 0, 0]
AC8.3.1: ['exon skipping', 0, 0]
F25G6.1.1: ['exon skipping', 0, 0]
Y119C1B.10a.1: ['exon skipping', 0, 0]
Y119C1B.10b.1: ['exon skipping', 0, 0]
Y54F10BM.9.1: ['no event', 139, 2]
>11
AC8.10.1: ['exon skipping', 0, 0]
AC8.3.1: ['exon skipping', 0, 0]
F25G6.1.1: ['exon skipping', 0, 0]
Y119C1B.10a.1: ['exon skipping', 0, 0]
Y119C1B.10b.1: ['exon skipping', 0, 0]
Y54F10BM.9.1: ['no event', 106, 1]
>12
AC8.10.1: ['exon skipping', 0, 0]
AC8.3.1: ['exon skipping', 0, 0]
F25G6.1.1: ['exon skipping', 0, 0]
Y119C1B.10a.1: ['exon skipping', 0, 0]
Y119C1B.10b.1: ['exon skipping', 0, 0]
Y54F10BM.9.1: ['no event', 466, 0]
>13
AC8.10.1: ['exon skipping', 0, 0]
AC8.3.1: ['exon skipping', 0, 0]
F25G6.1.1: ['5event', 9, 0]
Y119C1B.10a.1: ['exon skipping', 0, 0]
Y119C1B.10b.1: ['exon skipping', 0, 0]
Y54F10BM.9.1: ['exon skipping', 0, 0]
>14
AC8.10.1: ['exon skipping', 0, 0]
AC8.3.1: ['exon skipping', 0, 0]
F25G6.1.1: ['exon skipping', 0, 0]
Y119C1B.10a.1: ['5event', 5, 1]
Y119C1B.10b.1: ['5event', 5, 1]
Y54F10BM.9.1: ['exon skipping', 0, 0]
>15
AC8.10.1: ['exon skipping', 0, 0]
AC8.3.1: ['exon skipping', 0, 0]
F25G6.1.1: ['5event', ['internal gap >= 30', 54, 35], 87, 1]
Y119C1B.10a.1: ['3event', 105, 1]
Y119C1B.10b.1: ['3event', 105, 1]
Y54F10BM.9.1: ['3event', '5event', 99, 2]
>16
AC8.10.1: ['5event', 209, 0]
AC8.3.1: ['5event', 209, 0]
F25G6.1.1: ['exon skipping', 0, 0]
Y119C1B.10a.1: ['exon skipping', 0, 0]
Y119C1B.10b.1: ['exon skipping', 0, 0]
Y54F10BM.9.1: ['exon skipping', 0, 0]
>17
AC8.10.1: ['exon skipping', 0, 0]
AC8.3.1: ['exon skipping', 0, 0]
F25G6.1.1: ['5event', 15, 2]
Y119C1B.10a.1: ['exon skipping', 0, 0]
Y119C1B.10b.1: ['exon skipping', 0, 0]
Y54F10BM.9.1: ['exon skipping', 0, 0]
>18
AC8.10.1: ['3event', '5event', 127, 0]
AC8.3.1: ['3event', '5event', 127, 0]
F25G6.1.1: ['3event', 128, 0]
Y119C1B.10a.1: ['5event', ['internal gap >= 30', 72, 31], 102, 0]
Y119C1B.10b.1: ['5event', ['internal gap >= 30', 72, 31], 102, 0]
Y54F10BM.9.1: ['exon skipping', 0, 0]
>19
AC8.10.1: ['exon skipping', 0, 0]
AC8.3.1: ['exon skipping', 0, 0]
F25G6.1.1: ['exon skipping', 0, 0]
Y119C1B.10a.1: ['3event', 102, 1]
Y119C1B.10b.1: ['no event', 112, 1]
Y54F10BM.9.1: ['exon skipping', 0, 0]
>20
AC8.10.1: ['exon skipping', 0, 0]
AC8.3.1: ['exon skipping', 0, 0]
F25G6.1.1: ['exon skipping', 0, 0]
Y119C1B.10a.1: ['exon skipping', 0, 0]
Y119C1B.10b.1: ['exon skipping', 0, 0]
Y54F10BM.9.1: ['5event', 40, 2]
>21
AC8.10.1: ['exon skipping', 0, 0]
AC8.3.1: ['exon skipping', 0, 0]
F25G6.1.1: ['exon skipping', 0, 0]
Y119C1B.10a.1: ['5event', 138, 0]
Y119C1B.10b.1: ['exon skipping', 0, 0]
Y54F10BM.9.1: ['exon skipping', 0, 0]
>22
AC8.10.1: ['5event', ['internal gap >= 30', 220, 45], 279, 1]
AC8.3.1: ['5event', ['internal gap >= 30', 220, 45], 279, 1]
F25G6.1.1: ['5event', ['internal gap >= 30', 220, 45], 279, 1]
Y119C1B.10a.1: ['3event', 279, 1]
Y119C1B.10b.1: ['exon skipping', 0, 0]
Y54F10BM.9.1: ['exon skipping', 0, 0]
>23
AC8.10.1: [['internal gap < 30', 136, 6], 192, 2]
AC8.3.1: [['internal gap < 30', 136, 6], 192, 2]
F25G6.1.1: [['internal gap < 30', 108, 6], 192, 2]
Y119C1B.10a.1: ['exon skipping', 0, 0]
Y119C1B.10b.1: ['exon skipping', 0, 0]
Y54F10BM.9.1: ['exon skipping', 0, 0]
>24
AC8.10.1: [['internal gap < 30', 53, 1], 113, 0]
AC8.3.1: [['internal gap < 30', 53, 1], 113, 0]
F25G6.1.1: [['internal gap < 30', 53, 1], 113, 0]
Y119C1B.10a.1: ['exon skipping', 0, 0]
Y119C1B.10b.1: ['exon skipping', 0, 0]
Y54F10BM.9.1: ['5event', 106, 1]
>25
AC8.10.1: ['5event', 122, 0]
AC8.3.1: ['5event', 122, 0]
F25G6.1.1: ['3event', '5event', 107, 0]
Y119C1B.10a.1: ['exon skipping', 0, 0]
Y119C1B.10b.1: ['exon skipping', 0, 0]
Y54F10BM.9.1: ['exon skipping', 0, 0]
>26
AC8.10.1: ['exon skipping', 0, 0]
AC8.3.1: ['exon skipping', 0, 0]
F25G6.1.1: ['exon skipping', 0, 0]
Y119C1B.10a.1: ['exon skipping', 0, 0]
Y119C1B.10b.1: ['exon skipping', 0, 0]
Y54F10BM.9.1: ['5event', 502, 0]
>27
AC8.10.1: ['exon skipping', 0, 0]
AC8.3.1: ['exon skipping', 0, 0]
F25G6.1.1: ['exon skipping', 0, 0]
Y119C1B.10a.1: ['exon skipping', 0, 0]
Y119C1B.10b.1: ['exon skipping', 0, 0]
Y54F10BM.9.1: ['no event', 151, 2]
>28
AC8.10.1: ['exon skipping', 0, 0]
AC8.3.1: ['exon skipping', 0, 0]
F25G6.1.1: ['exon skipping', 0, 0]
Y119C1B.10a.1: ['exon skipping', 0, 0]
Y119C1B.10b.1: ['exon skipping', 0, 0]
Y54F10BM.9.1: ['no event', 106, 1]
>29
AC8.10.1: ['exon skipping', 0, 0]
AC8.3.1: ['exon skipping', 0, 0]
F25G6.1.1: ['5event', ['internal gap >= 30', 174, 68], 184, 2]
Y119C1B.10a.1: ['exon skipping', 0, 0]
Y119C1B.10b.1: ['exon skipping', 0, 0]
Y54F10BM.9.1: [['internal gap < 30', 114, 10], 242, 0]
>30
AC8.10.1: ['exon skipping', 0, 0]
AC8.3.1: ['exon skipping', 0, 0]
F25G6.1.1: ['exon skipping', 0, 0]
Y119C1B.10a.1: ['exon skipping', 0, 0]
Y119C1B.10b.1: ['exon skipping', 0, 0]
Y54F10BM.9.1: ['no event', 29, 0]
>31
AC8.10.1: ['exon skipping', 0, 0]
AC8.3.1: ['exon skipping', 0, 0]
F25G6.1.1: ['5event', 171, 1]
Y119C1B.10a.1: ['exon skipping', 0, 0]
Y119C1B.10b.1: ['exon skipping', 0, 0]
Y54F10BM.9.1: ['exon skipping', 0, 0]
>32
AC8.10.1: ['exon skipping', 0, 0]
AC8.3.1: ['exon skipping', 0, 0]
F25G6.1.1: ['no event', 6, 2]
Y119C1B.10a.1: ['exon skipping', 0, 0]
Y119C1B.10b.1: ['exon skipping', 0, 0]
Y54F10BM.9.1: ['exon skipping', 0, 0]
