>0
FBtr0335258: ['no event', 447, 0]
FBtr0111115: ['exon skipping', 0, 0]
FBtr0086082: ['no event', 447, 0]
FBtr0086083: ['no event', 447, 0]
FBtr0346118: ['exon skipping', 0, 0]
FBtr0073849: ['exon skipping', 0, 0]
C28H8.9a.1: ['exon skipping', 0, 0]
C28H8.9b.1: ['exon skipping', 0, 0]
C28H8.9c.1: ['exon skipping', 0, 0]
>1
FBtr0335258: ['exon skipping', 0, 0]
FBtr0111115: ['exon skipping', 0, 0]
FBtr0086082: ['exon skipping', 0, 0]
FBtr0086083: ['exon skipping', 0, 0]
FBtr0346118: ['exon skipping', 0, 0]
FBtr0073849: ['exon skipping', 0, 0]
C28H8.9a.1: ['5event', 82, 0]
C28H8.9b.1: ['5event', 82, 0]
C28H8.9c.1: ['5event', 82, 0]
>2
FBtr0335258: ['exon skipping', 0, 0]
FBtr0111115: ['exon skipping', 0, 0]
FBtr0086082: ['exon skipping', 0, 0]
FBtr0086083: ['exon skipping', 0, 0]
FBtr0346118: ['5event', ['internal gap >= 30', 262, 46], 280, 0]
FBtr0073849: ['5event', ['internal gap >= 30', 262, 46], 280, 0]
C28H8.9a.1: [['internal gap >= 30', 139, 72], 254, 2]
C28H8.9b.1: [['internal gap >= 30', 139, 72], 254, 2]
C28H8.9c.1: [['internal gap >= 30', 139, 72], 254, 2]
>3
FBtr0335258: ['exon skipping', 0, 0]
FBtr0111115: ['exon skipping', 0, 0]
FBtr0086082: ['exon skipping', 0, 0]
FBtr0086083: ['exon skipping', 0, 0]
FBtr0346118: ['no event', 23, 2]
FBtr0073849: ['no event', 23, 2]
C28H8.9a.1: ['exon skipping', 0, 0]
C28H8.9b.1: ['exon skipping', 0, 0]
C28H8.9c.1: ['exon skipping', 0, 0]
>4
FBtr0335258: ['3event', '5event', 264, 1]
FBtr0111115: ['5event', ['internal gap >= 30', 222, 544], 240, 0]
FBtr0086082: ['5event', ['internal gap >= 30', 248, 518], 266, 1]
FBtr0086083: ['3event', '5event', 261, 1]
FBtr0346118: ['3event', 767, 2]
FBtr0073849: ['3event', 767, 2]
C28H8.9a.1: ['3event', '5event', 206, 1]
C28H8.9b.1: ['3event', '5event', 206, 1]
C28H8.9c.1: ['3event', '5event', 218, 1]
>5
FBtr0335258: ['exon skipping', 0, 0]
FBtr0111115: ['exon skipping', 0, 0]
FBtr0086082: ['exon skipping', 0, 0]
FBtr0086083: ['exon skipping', 0, 0]
FBtr0346118: ['exon skipping', 0, 0]
FBtr0073849: ['exon skipping', 0, 0]
C28H8.9a.1: ['5event', 102, 0]
C28H8.9b.1: ['exon skipping', 0, 0]
C28H8.9c.1: ['exon skipping', 0, 0]
>6
FBtr0335258: ['exon skipping', 0, 0]
FBtr0111115: ['exon skipping', 0, 0]
FBtr0086082: ['exon skipping', 0, 0]
FBtr0086083: ['exon skipping', 0, 0]
FBtr0346118: ['5event', 213, 2]
FBtr0073849: ['5event', 213, 2]
C28H8.9a.1: ['exon skipping', 0, 0]
C28H8.9b.1: ['exon skipping', 0, 0]
C28H8.9c.1: ['exon skipping', 0, 0]
>7
FBtr0335258: ['exon skipping', 0, 0]
FBtr0111115: ['exon skipping', 0, 0]
FBtr0086082: ['exon skipping', 0, 0]
FBtr0086083: ['exon skipping', 0, 0]
FBtr0346118: ['exon skipping', 0, 0]
FBtr0073849: ['exon skipping', 0, 0]
C28H8.9a.1: ['5event', 35, 1]
C28H8.9b.1: ['5event', 35, 0]
C28H8.9c.1: ['5event', 35, 0]
>8
FBtr0335258: ['exon skipping', 0, 0]
FBtr0111115: ['exon skipping', 0, 0]
FBtr0086082: ['exon skipping', 0, 0]
FBtr0086083: ['exon skipping', 0, 0]
FBtr0346118: ['exon skipping', 0, 0]
FBtr0073849: ['exon skipping', 0, 0]
C28H8.9a.1: ['no event', 53, 1]
C28H8.9b.1: ['exon skipping', 0, 0]
C28H8.9c.1: ['exon skipping', 0, 0]
>9
FBtr0335258: ['5event', ['internal gap < 30', 285, 3], 775, 1]
FBtr0111115: ['5event', ['internal gap < 30', 285, 3], 775, 1]
FBtr0086082: ['5event', ['internal gap < 30', 285, 3], 775, 1]
FBtr0086083: ['5event', ['internal gap < 30', 285, 3], 775, 1]
FBtr0346118: ['exon skipping', 0, 0]
FBtr0073849: ['exon skipping', 0, 0]
C28H8.9a.1: ['3event', 235, 1]
C28H8.9b.1: ['exon skipping', 0, 0]
C28H8.9c.1: ['exon skipping', 0, 0]
>10
FBtr0335258: ['exon skipping', 0, 0]
FBtr0111115: ['exon skipping', 0, 0]
FBtr0086082: ['exon skipping', 0, 0]
FBtr0086083: ['exon skipping', 0, 0]
FBtr0346118: ['exon skipping', 0, 0]
FBtr0073849: ['exon skipping', 0, 0]
C28H8.9a.1: ['5event', 149, 0]
C28H8.9b.1: ['exon skipping', 0, 0]
C28H8.9c.1: ['exon skipping', 0, 0]
