>0
FBtr0082376: ['exon skipping', 0, 0]
FBtr0308027: ['exon skipping', 0, 0]
FBtr0085813: ['exon skipping', 0, 0]
FBtr0082375: ['exon skipping', 0, 0]
FBtr0082374: ['exon skipping', 0, 0]
FBtr0303507: ['exon skipping', 0, 0]
FBtr0084419: ['exon skipping', 0, 0]
FBtr0084418: ['exon skipping', 0, 0]
FBtr0084420: ['exon skipping', 0, 0]
FBtr0335217: ['exon skipping', 0, 0]
FBtr0082340: ['exon skipping', 0, 0]
FBtr0082373: ['exon skipping', 0, 0]
FBtr0082338: ['exon skipping', 0, 0]
FBtr0082337: ['exon skipping', 0, 0]
FBtr0082378: ['exon skipping', 0, 0]
FBtr0346101: ['exon skipping', 0, 0]
FBtr0075037: ['exon skipping', 0, 0]
FBtr0332648: ['exon skipping', 0, 0]
FBtr0082657: ['exon skipping', 0, 0]
FBtr0302379: ['exon skipping', 0, 0]
FBtr0081372: ['exon skipping', 0, 0]
FBtr0079242: ['exon skipping', 0, 0]
FBtr0080909: ['exon skipping', 0, 0]
FBtr0331620: ['exon skipping', 0, 0]
FBtr0087076: ['exon skipping', 0, 0]
FBtr0080910: ['exon skipping', 0, 0]
FBtr0344850: ['exon skipping', 0, 0]
FBtr0080911: ['exon skipping', 0, 0]
FBtr0080912: ['exon skipping', 0, 0]
FBtr0289952: ['exon skipping', 0, 0]
FBtr0073204: ['exon skipping', 0, 0]
FBtr0332979: ['exon skipping', 0, 0]
C07A9.6.1: ['no event', 121, 0]
>1
FBtr0082376: ['exon skipping', 0, 0]
FBtr0308027: ['exon skipping', 0, 0]
FBtr0085813: ['exon skipping', 0, 0]
FBtr0082375: ['exon skipping', 0, 0]
FBtr0082374: ['exon skipping', 0, 0]
FBtr0303507: ['exon skipping', 0, 0]
FBtr0084419: ['exon skipping', 0, 0]
FBtr0084418: ['exon skipping', 0, 0]
FBtr0084420: ['exon skipping', 0, 0]
FBtr0335217: ['exon skipping', 0, 0]
FBtr0082340: ['exon skipping', 0, 0]
FBtr0082373: ['exon skipping', 0, 0]
FBtr0082338: ['exon skipping', 0, 0]
FBtr0082337: ['exon skipping', 0, 0]
FBtr0082378: ['exon skipping', 0, 0]
FBtr0346101: ['exon skipping', 0, 0]
FBtr0075037: ['exon skipping', 0, 0]
FBtr0332648: ['exon skipping', 0, 0]
FBtr0082657: ['exon skipping', 0, 0]
FBtr0302379: ['exon skipping', 0, 0]
FBtr0081372: ['exon skipping', 0, 0]
FBtr0079242: ['exon skipping', 0, 0]
FBtr0080909: ['exon skipping', 0, 0]
FBtr0331620: ['exon skipping', 0, 0]
FBtr0087076: ['exon skipping', 0, 0]
FBtr0080910: ['exon skipping', 0, 0]
FBtr0344850: ['exon skipping', 0, 0]
FBtr0080911: ['exon skipping', 0, 0]
FBtr0080912: ['exon skipping', 0, 0]
FBtr0289952: ['exon skipping', 0, 0]
FBtr0073204: ['exon skipping', 0, 0]
FBtr0332979: ['exon skipping', 0, 0]
C07A9.6.1: ['no event', 141, 2]
>2
FBtr0082376: ['5event', 11, 0]
FBtr0308027: ['exon skipping', 0, 0]
FBtr0085813: ['exon skipping', 0, 0]
FBtr0082375: ['exon skipping', 0, 0]
FBtr0082374: ['exon skipping', 0, 0]
FBtr0303507: ['exon skipping', 0, 0]
FBtr0084419: ['exon skipping', 0, 0]
FBtr0084418: ['exon skipping', 0, 0]
FBtr0084420: ['exon skipping', 0, 0]
FBtr0335217: ['exon skipping', 0, 0]
FBtr0082340: ['exon skipping', 0, 0]
FBtr0082373: ['exon skipping', 0, 0]
FBtr0082338: ['exon skipping', 0, 0]
FBtr0082337: ['5event', 5, 0]
FBtr0082378: ['exon skipping', 0, 0]
FBtr0346101: ['exon skipping', 0, 0]
FBtr0075037: ['exon skipping', 0, 0]
FBtr0332648: ['exon skipping', 0, 0]
FBtr0082657: ['exon skipping', 0, 0]
FBtr0302379: ['exon skipping', 0, 0]
FBtr0081372: ['exon skipping', 0, 0]
FBtr0079242: ['exon skipping', 0, 0]
FBtr0080909: ['exon skipping', 0, 0]
FBtr0331620: ['exon skipping', 0, 0]
FBtr0087076: ['exon skipping', 0, 0]
FBtr0080910: ['exon skipping', 0, 0]
FBtr0344850: ['exon skipping', 0, 0]
FBtr0080911: ['exon skipping', 0, 0]
FBtr0080912: ['exon skipping', 0, 0]
FBtr0289952: ['exon skipping', 0, 0]
FBtr0073204: ['exon skipping', 0, 0]
FBtr0332979: ['exon skipping', 0, 0]
C07A9.6.1: ['exon skipping', 0, 0]
>3
FBtr0082376: ['3event', 242, 0]
FBtr0308027: ['3event', '5event', 241, 0]
FBtr0085813: ['3event', '5event', 232, 0]
FBtr0082375: ['3event', '5event', 238, 0]
FBtr0082374: ['3event', '5event', 274, 0]
FBtr0303507: ['3event', '5event', 241, 0]
FBtr0084419: ['3event', '5event', 250, 0]
FBtr0084418: ['3event', '5event', 256, 0]
FBtr0084420: ['3event', '5event', 262, 0]
FBtr0335217: ['3event', '5event', 262, 0]
FBtr0082340: ['3event', '5event', 262, 0]
FBtr0082373: ['3event', '5event', 256, 0]
FBtr0082338: ['3event', '5event', 253, 0]
FBtr0082337: ['3event', 239, 0]
FBtr0082378: ['3event', '5event', 238, 0]
FBtr0346101: ['3event', '5event', 238, 0]
FBtr0075037: ['3event', '5event', 397, 0]
FBtr0332648: ['3event', '5event', 397, 0]
FBtr0082657: ['exon skipping', 0, 0]
FBtr0302379: ['exon skipping', 0, 0]
FBtr0081372: ['exon skipping', 0, 0]
FBtr0079242: ['exon skipping', 0, 0]
FBtr0080909: ['exon skipping', 0, 0]
FBtr0331620: ['exon skipping', 0, 0]
FBtr0087076: ['exon skipping', 0, 0]
FBtr0080910: ['exon skipping', 0, 0]
FBtr0344850: ['exon skipping', 0, 0]
FBtr0080911: ['exon skipping', 0, 0]
FBtr0080912: ['exon skipping', 0, 0]
FBtr0289952: ['5event', ['internal gap >= 30', 224, 45], 629, 0]
FBtr0073204: ['exon skipping', 0, 0]
FBtr0332979: ['exon skipping', 0, 0]
C07A9.6.1: ['3event', '5event', 216, 0]
>4
FBtr0082376: ['exon skipping', 0, 0]
FBtr0308027: ['exon skipping', 0, 0]
FBtr0085813: ['exon skipping', 0, 0]
FBtr0082375: ['exon skipping', 0, 0]
FBtr0082374: ['exon skipping', 0, 0]
FBtr0303507: ['exon skipping', 0, 0]
FBtr0084419: ['exon skipping', 0, 0]
FBtr0084418: ['exon skipping', 0, 0]
FBtr0084420: ['exon skipping', 0, 0]
FBtr0335217: ['exon skipping', 0, 0]
FBtr0082340: ['exon skipping', 0, 0]
FBtr0082373: ['exon skipping', 0, 0]
FBtr0082338: ['exon skipping', 0, 0]
FBtr0082337: ['exon skipping', 0, 0]
FBtr0082378: ['exon skipping', 0, 0]
FBtr0346101: ['exon skipping', 0, 0]
FBtr0075037: ['exon skipping', 0, 0]
FBtr0332648: ['exon skipping', 0, 0]
FBtr0082657: ['exon skipping', 0, 0]
FBtr0302379: ['exon skipping', 0, 0]
FBtr0081372: ['exon skipping', 0, 0]
FBtr0079242: ['exon skipping', 0, 0]
FBtr0080909: ['exon skipping', 0, 0]
FBtr0331620: ['exon skipping', 0, 0]
FBtr0087076: ['exon skipping', 0, 0]
FBtr0080910: ['exon skipping', 0, 0]
FBtr0344850: ['exon skipping', 0, 0]
FBtr0080911: ['exon skipping', 0, 0]
FBtr0080912: ['exon skipping', 0, 0]
FBtr0289952: ['exon skipping', 0, 0]
FBtr0073204: ['exon skipping', 0, 0]
FBtr0332979: ['exon skipping', 0, 0]
C07A9.6.1: ['5event', 99, 0]
>5
FBtr0082376: ['exon skipping', 0, 0]
FBtr0308027: ['exon skipping', 0, 0]
FBtr0085813: ['exon skipping', 0, 0]
FBtr0082375: ['exon skipping', 0, 0]
FBtr0082374: ['exon skipping', 0, 0]
FBtr0303507: ['exon skipping', 0, 0]
FBtr0084419: ['exon skipping', 0, 0]
FBtr0084418: ['exon skipping', 0, 0]
FBtr0084420: ['exon skipping', 0, 0]
FBtr0335217: ['exon skipping', 0, 0]
FBtr0082340: ['exon skipping', 0, 0]
FBtr0082373: ['exon skipping', 0, 0]
FBtr0082338: ['exon skipping', 0, 0]
FBtr0082337: ['exon skipping', 0, 0]
FBtr0082378: ['exon skipping', 0, 0]
FBtr0346101: ['exon skipping', 0, 0]
FBtr0075037: ['5event', 48, 1]
FBtr0332648: ['5event', 48, 1]
FBtr0082657: ['exon skipping', 0, 0]
FBtr0302379: ['exon skipping', 0, 0]
FBtr0081372: ['exon skipping', 0, 0]
FBtr0079242: ['exon skipping', 0, 0]
FBtr0080909: ['exon skipping', 0, 0]
FBtr0331620: ['exon skipping', 0, 0]
FBtr0087076: ['exon skipping', 0, 0]
FBtr0080910: ['exon skipping', 0, 0]
FBtr0344850: ['exon skipping', 0, 0]
FBtr0080911: ['exon skipping', 0, 0]
FBtr0080912: ['exon skipping', 0, 0]
FBtr0289952: ['5event', 16, 0]
FBtr0073204: ['exon skipping', 0, 0]
FBtr0332979: ['exon skipping', 0, 0]
C07A9.6.1: ['exon skipping', 0, 0]
>6
FBtr0082376: ['exon skipping', 0, 0]
FBtr0308027: ['exon skipping', 0, 0]
FBtr0085813: ['exon skipping', 0, 0]
FBtr0082375: ['exon skipping', 0, 0]
FBtr0082374: ['exon skipping', 0, 0]
FBtr0303507: ['exon skipping', 0, 0]
FBtr0084419: ['exon skipping', 0, 0]
FBtr0084418: ['exon skipping', 0, 0]
FBtr0084420: ['exon skipping', 0, 0]
FBtr0335217: ['exon skipping', 0, 0]
FBtr0082340: ['exon skipping', 0, 0]
FBtr0082373: ['exon skipping', 0, 0]
FBtr0082338: ['exon skipping', 0, 0]
FBtr0082337: ['exon skipping', 0, 0]
FBtr0082378: ['exon skipping', 0, 0]
FBtr0346101: ['exon skipping', 0, 0]
FBtr0075037: ['exon skipping', 0, 0]
FBtr0332648: ['exon skipping', 0, 0]
FBtr0082657: ['exon skipping', 0, 0]
FBtr0302379: ['exon skipping', 0, 0]
FBtr0081372: ['exon skipping', 0, 0]
FBtr0079242: ['exon skipping', 0, 0]
FBtr0080909: ['exon skipping', 0, 0]
FBtr0331620: ['exon skipping', 0, 0]
FBtr0087076: ['exon skipping', 0, 0]
FBtr0080910: ['exon skipping', 0, 0]
FBtr0344850: ['exon skipping', 0, 0]
FBtr0080911: ['exon skipping', 0, 0]
FBtr0080912: ['exon skipping', 0, 0]
FBtr0289952: ['exon skipping', 0, 0]
FBtr0073204: ['exon skipping', 0, 0]
FBtr0332979: ['exon skipping', 0, 0]
C07A9.6.1: ['5event', 116, 1]
>7
FBtr0082376: ['exon skipping', 0, 0]
FBtr0308027: ['exon skipping', 0, 0]
FBtr0085813: ['exon skipping', 0, 0]
FBtr0082375: ['exon skipping', 0, 0]
FBtr0082374: ['exon skipping', 0, 0]
FBtr0303507: ['exon skipping', 0, 0]
FBtr0084419: ['exon skipping', 0, 0]
FBtr0084418: ['exon skipping', 0, 0]
FBtr0084420: ['exon skipping', 0, 0]
FBtr0335217: ['exon skipping', 0, 0]
FBtr0082340: ['exon skipping', 0, 0]
FBtr0082373: ['exon skipping', 0, 0]
FBtr0082338: ['exon skipping', 0, 0]
FBtr0082337: ['exon skipping', 0, 0]
FBtr0082378: ['exon skipping', 0, 0]
FBtr0346101: ['exon skipping', 0, 0]
FBtr0075037: ['exon skipping', 0, 0]
FBtr0332648: ['exon skipping', 0, 0]
FBtr0082657: ['exon skipping', 0, 0]
FBtr0302379: ['exon skipping', 0, 0]
FBtr0081372: ['exon skipping', 0, 0]
FBtr0079242: ['exon skipping', 0, 0]
FBtr0080909: ['5event', 12, 0]
FBtr0331620: ['5event', 12, 0]
FBtr0087076: ['exon skipping', 0, 0]
FBtr0080910: ['exon skipping', 0, 0]
FBtr0344850: ['exon skipping', 0, 0]
FBtr0080911: ['exon skipping', 0, 0]
FBtr0080912: ['exon skipping', 0, 0]
FBtr0289952: ['exon skipping', 0, 0]
FBtr0073204: ['exon skipping', 0, 0]
FBtr0332979: ['exon skipping', 0, 0]
C07A9.6.1: ['exon skipping', 0, 0]
>8
FBtr0082376: ['exon skipping', 0, 0]
FBtr0308027: ['exon skipping', 0, 0]
FBtr0085813: ['exon skipping', 0, 0]
FBtr0082375: ['exon skipping', 0, 0]
FBtr0082374: ['exon skipping', 0, 0]
FBtr0303507: ['exon skipping', 0, 0]
FBtr0084419: ['exon skipping', 0, 0]
FBtr0084418: ['exon skipping', 0, 0]
FBtr0084420: ['exon skipping', 0, 0]
FBtr0335217: ['exon skipping', 0, 0]
FBtr0082340: ['exon skipping', 0, 0]
FBtr0082373: ['exon skipping', 0, 0]
FBtr0082338: ['exon skipping', 0, 0]
FBtr0082337: ['exon skipping', 0, 0]
FBtr0082378: ['exon skipping', 0, 0]
FBtr0346101: ['exon skipping', 0, 0]
FBtr0075037: ['exon skipping', 0, 0]
FBtr0332648: ['exon skipping', 0, 0]
FBtr0082657: ['exon skipping', 0, 0]
FBtr0302379: ['exon skipping', 0, 0]
FBtr0081372: ['exon skipping', 0, 0]
FBtr0079242: ['exon skipping', 0, 0]
FBtr0080909: ['exon skipping', 0, 0]
FBtr0331620: ['exon skipping', 0, 0]
FBtr0087076: ['exon skipping', 0, 0]
FBtr0080910: ['exon skipping', 0, 0]
FBtr0344850: ['exon skipping', 0, 0]
FBtr0080911: ['exon skipping', 0, 0]
FBtr0080912: ['exon skipping', 0, 0]
FBtr0289952: ['5event', 8, 2]
FBtr0073204: ['exon skipping', 0, 0]
FBtr0332979: ['exon skipping', 0, 0]
C07A9.6.1: ['exon skipping', 0, 0]
>9
FBtr0082376: ['3event', '5event', 1328, 1]
FBtr0308027: ['3event', '5event', 1340, 1]
FBtr0085813: ['3event', '5event', 1331, 1]
FBtr0082375: ['3event', '5event', 1310, 1]
FBtr0082374: ['5event', ['internal gap >= 30', 1319, 1257], 1337, 1]
FBtr0303507: ['3event', '5event', 1307, 1]
FBtr0084419: ['3event', '5event', 1307, 1]
FBtr0084418: ['5event', ['internal gap >= 30', 1343, 1233], 1361, 1]
FBtr0084420: ['3event', '5event', 1355, 1]
FBtr0335217: ['3event', '5event', 1316, 1]
FBtr0082340: ['3event', '5event', 1316, 1]
FBtr0082373: ['3event', '5event', 1331, 1]
FBtr0082338: ['3event', '5event', 1331, 1]
FBtr0082337: ['3event', '5event', 1319, 1]
FBtr0082378: ['3event', '5event', 1319, 1]
FBtr0346101: ['3event', '5event', 1319, 1]
FBtr0075037: ['3event', '5event', 1230, 2]
FBtr0332648: ['3event', '5event', 1230, 2]
FBtr0082657: ['3event', '5event', 1590, 0]
FBtr0302379: ['3event', '5event', 1590, 0]
FBtr0081372: ['3event', '5event', 1440, 0]
FBtr0079242: ['3event', '5event', 1611, 0]
FBtr0080909: ['3event', '5event', 1556, 1]
FBtr0331620: ['3event', '5event', 1556, 1]
FBtr0087076: ['3event', '5event', 1455, 0]
FBtr0080910: ['3event', '5event', 1617, 0]
FBtr0344850: ['3event', '5event', 1629, 0]
FBtr0080911: ['3event', '5event', 1629, 0]
FBtr0080912: ['3event', '5event', 1629, 0]
FBtr0289952: ['3event', 851, 2]
FBtr0073204: ['3event', '5event', 1749, 0]
FBtr0332979: ['3event', '5event', 1749, 0]
C07A9.6.1: ['3event', '5event', 464, 1]
>10
FBtr0082376: ['exon skipping', 0, 0]
FBtr0308027: ['exon skipping', 0, 0]
FBtr0085813: ['exon skipping', 0, 0]
FBtr0082375: ['exon skipping', 0, 0]
FBtr0082374: ['exon skipping', 0, 0]
FBtr0303507: ['exon skipping', 0, 0]
FBtr0084419: ['exon skipping', 0, 0]
FBtr0084418: ['exon skipping', 0, 0]
FBtr0084420: ['exon skipping', 0, 0]
FBtr0335217: ['exon skipping', 0, 0]
FBtr0082340: ['exon skipping', 0, 0]
FBtr0082373: ['exon skipping', 0, 0]
FBtr0082338: ['exon skipping', 0, 0]
FBtr0082337: ['exon skipping', 0, 0]
FBtr0082378: ['exon skipping', 0, 0]
FBtr0346101: ['exon skipping', 0, 0]
FBtr0075037: ['exon skipping', 0, 0]
FBtr0332648: ['exon skipping', 0, 0]
FBtr0082657: ['exon skipping', 0, 0]
FBtr0302379: ['exon skipping', 0, 0]
FBtr0081372: ['exon skipping', 0, 0]
FBtr0079242: ['exon skipping', 0, 0]
FBtr0080909: ['exon skipping', 0, 0]
FBtr0331620: ['exon skipping', 0, 0]
FBtr0087076: ['exon skipping', 0, 0]
FBtr0080910: ['exon skipping', 0, 0]
FBtr0344850: ['exon skipping', 0, 0]
FBtr0080911: ['exon skipping', 0, 0]
FBtr0080912: ['exon skipping', 0, 0]
FBtr0289952: ['exon skipping', 0, 0]
FBtr0073204: ['exon skipping', 0, 0]
FBtr0332979: ['exon skipping', 0, 0]
C07A9.6.1: ['5event', 151, 0]
>11
FBtr0082376: ['exon skipping', 0, 0]
FBtr0308027: ['exon skipping', 0, 0]
FBtr0085813: ['exon skipping', 0, 0]
FBtr0082375: ['exon skipping', 0, 0]
FBtr0082374: ['exon skipping', 0, 0]
FBtr0303507: ['exon skipping', 0, 0]
FBtr0084419: ['exon skipping', 0, 0]
FBtr0084418: ['exon skipping', 0, 0]
FBtr0084420: ['exon skipping', 0, 0]
FBtr0335217: ['exon skipping', 0, 0]
FBtr0082340: ['exon skipping', 0, 0]
FBtr0082373: ['exon skipping', 0, 0]
FBtr0082338: ['exon skipping', 0, 0]
FBtr0082337: ['exon skipping', 0, 0]
FBtr0082378: ['exon skipping', 0, 0]
FBtr0346101: ['exon skipping', 0, 0]
FBtr0075037: ['exon skipping', 0, 0]
FBtr0332648: ['exon skipping', 0, 0]
FBtr0082657: ['exon skipping', 0, 0]
FBtr0302379: ['exon skipping', 0, 0]
FBtr0081372: ['exon skipping', 0, 0]
FBtr0079242: ['exon skipping', 0, 0]
FBtr0080909: ['exon skipping', 0, 0]
FBtr0331620: ['exon skipping', 0, 0]
FBtr0087076: ['exon skipping', 0, 0]
FBtr0080910: ['exon skipping', 0, 0]
FBtr0344850: ['exon skipping', 0, 0]
FBtr0080911: ['exon skipping', 0, 0]
FBtr0080912: ['exon skipping', 0, 0]
FBtr0289952: ['exon skipping', 0, 0]
FBtr0073204: ['exon skipping', 0, 0]
FBtr0332979: ['exon skipping', 0, 0]
C07A9.6.1: ['no event', 210, 2]
>12
FBtr0082376: ['exon skipping', 0, 0]
FBtr0308027: ['exon skipping', 0, 0]
FBtr0085813: ['exon skipping', 0, 0]
FBtr0082375: ['exon skipping', 0, 0]
FBtr0082374: ['exon skipping', 0, 0]
FBtr0303507: ['exon skipping', 0, 0]
FBtr0084419: ['exon skipping', 0, 0]
FBtr0084418: ['exon skipping', 0, 0]
FBtr0084420: ['exon skipping', 0, 0]
FBtr0335217: ['exon skipping', 0, 0]
FBtr0082340: ['exon skipping', 0, 0]
FBtr0082373: ['exon skipping', 0, 0]
FBtr0082338: ['exon skipping', 0, 0]
FBtr0082337: ['exon skipping', 0, 0]
FBtr0082378: ['exon skipping', 0, 0]
FBtr0346101: ['exon skipping', 0, 0]
FBtr0075037: ['5event', 205, 2]
FBtr0332648: ['5event', 205, 2]
FBtr0082657: ['exon skipping', 0, 0]
FBtr0302379: ['exon skipping', 0, 0]
FBtr0081372: ['exon skipping', 0, 0]
FBtr0079242: ['exon skipping', 0, 0]
FBtr0080909: ['exon skipping', 0, 0]
FBtr0331620: ['exon skipping', 0, 0]
FBtr0087076: ['exon skipping', 0, 0]
FBtr0080910: ['exon skipping', 0, 0]
FBtr0344850: ['exon skipping', 0, 0]
FBtr0080911: ['exon skipping', 0, 0]
FBtr0080912: ['exon skipping', 0, 0]
FBtr0289952: ['exon skipping', 0, 0]
FBtr0073204: ['exon skipping', 0, 0]
FBtr0332979: ['exon skipping', 0, 0]
C07A9.6.1: ['exon skipping', 0, 0]
>13
FBtr0082376: ['exon skipping', 0, 0]
FBtr0308027: ['exon skipping', 0, 0]
FBtr0085813: ['exon skipping', 0, 0]
FBtr0082375: ['exon skipping', 0, 0]
FBtr0082374: ['exon skipping', 0, 0]
FBtr0303507: ['exon skipping', 0, 0]
FBtr0084419: ['exon skipping', 0, 0]
FBtr0084418: ['5event', 1, 1]
FBtr0084420: ['exon skipping', 0, 0]
FBtr0335217: ['exon skipping', 0, 0]
FBtr0082340: ['exon skipping', 0, 0]
FBtr0082373: ['exon skipping', 0, 0]
FBtr0082338: ['exon skipping', 0, 0]
FBtr0082337: ['exon skipping', 0, 0]
FBtr0082378: ['exon skipping', 0, 0]
FBtr0346101: ['exon skipping', 0, 0]
FBtr0075037: ['no event', 25, 1]
FBtr0332648: ['no event', 25, 1]
FBtr0082657: ['exon skipping', 0, 0]
FBtr0302379: ['exon skipping', 0, 0]
FBtr0081372: ['exon skipping', 0, 0]
FBtr0079242: ['exon skipping', 0, 0]
FBtr0080909: ['exon skipping', 0, 0]
FBtr0331620: ['exon skipping', 0, 0]
FBtr0087076: ['exon skipping', 0, 0]
FBtr0080910: ['exon skipping', 0, 0]
FBtr0344850: ['exon skipping', 0, 0]
FBtr0080911: ['exon skipping', 0, 0]
FBtr0080912: ['exon skipping', 0, 0]
FBtr0289952: ['exon skipping', 0, 0]
FBtr0073204: ['exon skipping', 0, 0]
FBtr0332979: ['exon skipping', 0, 0]
C07A9.6.1: ['exon skipping', 0, 0]
