>0
FBtr0331930: ['5event', ['internal gap >= 30', 270, 159], 415, 0]
FBtr0084260: ['5event', ['internal gap >= 30', 270, 159], 415, 0]
FBtr0301484: ['5event', ['internal gap >= 30', 270, 159], 415, 0]
FBtr0100322: ['5event', ['internal gap >= 30', 270, 159], 415, 0]
FBtr0301944: [['internal gap >= 30', 403, 63], 511, 0]
FBtr0290335: [['internal gap >= 30', 403, 63], 511, 0]
FBtr0308597: [['internal gap >= 30', 403, 63], 511, 0]
FBtr0290334: [['internal gap >= 30', 403, 63], 511, 0]
>1
FBtr0331930: [['internal gap < 30', 98, 3], 197, 2]
FBtr0084260: [['internal gap < 30', 98, 3], 197, 2]
FBtr0301484: [['internal gap < 30', 98, 3], 197, 2]
FBtr0100322: [['internal gap < 30', 98, 3], 197, 2]
FBtr0301944: ['no event', 200, 2]
FBtr0290335: ['no event', 200, 2]
FBtr0308597: ['no event', 200, 2]
FBtr0290334: ['no event', 200, 2]
>2
FBtr0331930: [['internal gap >= 30', 174, 1076], 275, 2]
FBtr0084260: [['internal gap >= 30', 174, 1076], 275, 2]
FBtr0301484: [['internal gap >= 30', 174, 1076], 275, 2]
FBtr0100322: [['internal gap >= 30', 174, 1076], 275, 2]
FBtr0301944: [['internal gap >= 30', 174, 1076], 275, 2]
FBtr0290335: [['internal gap >= 30', 174, 1076], 275, 2]
FBtr0308597: [['internal gap >= 30', 174, 1076], 275, 2]
FBtr0290334: [['internal gap >= 30', 174, 1076], 275, 2]
>3
FBtr0331930: ['exon skipping', 0, 0]
FBtr0084260: ['exon skipping', 0, 0]
FBtr0301484: ['exon skipping', 0, 0]
FBtr0100322: ['exon skipping', 0, 0]
FBtr0301944: ['3event', 64, 2]
FBtr0290335: ['no event', 177, 2]
FBtr0308597: ['no event', 177, 2]
FBtr0290334: ['no event', 177, 2]
>4
FBtr0331930: ['exon skipping', 0, 0]
FBtr0084260: ['exon skipping', 0, 0]
FBtr0301484: ['exon skipping', 0, 0]
FBtr0100322: ['exon skipping', 0, 0]
FBtr0301944: ['exon skipping', 0, 0]
FBtr0290335: ['no event', 1869, 0]
FBtr0308597: ['exon skipping', 0, 0]
FBtr0290334: ['no event', 1869, 0]
>5
FBtr0331930: ['exon skipping', 0, 0]
FBtr0084260: ['exon skipping', 0, 0]
FBtr0301484: ['exon skipping', 0, 0]
FBtr0100322: ['exon skipping', 0, 0]
FBtr0301944: ['exon skipping', 0, 0]
FBtr0290335: ['exon skipping', 0, 0]
FBtr0308597: ['exon skipping', 0, 0]
FBtr0290334: ['no event', 413, 1]
>6
FBtr0331930: ['exon skipping', 0, 0]
FBtr0084260: ['exon skipping', 0, 0]
FBtr0301484: ['exon skipping', 0, 0]
FBtr0100322: ['exon skipping', 0, 0]
FBtr0301944: ['exon skipping', 0, 0]
FBtr0290335: ['5event', 2, 1]
FBtr0308597: ['5event', 2, 0]
FBtr0290334: ['no event', 8, 1]
>7
FBtr0331930: ['5event', 32, 2]
FBtr0084260: ['5event', 32, 2]
FBtr0301484: ['5event', 32, 2]
FBtr0100322: ['5event', 32, 2]
FBtr0301944: ['exon skipping', 0, 0]
FBtr0290335: ['exon skipping', 0, 0]
FBtr0308597: ['exon skipping', 0, 0]
FBtr0290334: ['exon skipping', 0, 0]
>8
FBtr0331930: ['no event', 183, 2]
FBtr0084260: ['no event', 183, 2]
FBtr0301484: ['no event', 183, 2]
FBtr0100322: ['no event', 183, 2]
FBtr0301944: ['5event', ['internal gap >= 30', 9, 107], 76, 0]
FBtr0290335: ['5event', ['internal gap >= 30', 38, 78], 105, 1]
FBtr0308597: ['5event', ['internal gap >= 30', 38, 78], 105, 0]
FBtr0290334: ['5event', ['internal gap >= 30', 38, 78], 105, 1]
>9
FBtr0331930: ['3event', 155, 2]
FBtr0084260: ['3event', 155, 2]
FBtr0301484: ['3event', 179, 2]
FBtr0100322: ['3event', 155, 2]
FBtr0301944: [['internal gap < 30', 158, 6], 207, 2]
FBtr0290335: [['internal gap < 30', 158, 6], 207, 2]
FBtr0308597: ['3event', 93, 1]
FBtr0290334: [['internal gap < 30', 158, 6], 207, 2]
>10
FBtr0331930: ['exon skipping', 0, 0]
FBtr0084260: ['exon skipping', 0, 0]
FBtr0301484: ['exon skipping', 0, 0]
FBtr0100322: ['5event', 2, 0]
FBtr0301944: ['exon skipping', 0, 0]
FBtr0290335: ['exon skipping', 0, 0]
FBtr0308597: ['exon skipping', 0, 0]
FBtr0290334: ['exon skipping', 0, 0]
>11
FBtr0331930: ['5event', 263, 0]
FBtr0084260: ['5event', 263, 0]
FBtr0301484: ['exon skipping', 0, 0]
FBtr0100322: ['exon skipping', 0, 0]
FBtr0301944: ['exon skipping', 0, 0]
FBtr0290335: ['exon skipping', 0, 0]
FBtr0308597: ['exon skipping', 0, 0]
FBtr0290334: ['exon skipping', 0, 0]
