>0
ENSRBIT00000065772: ['3event', 223, 0]
ENSRROT00000047138: ['3event', 223, 0]
ENSPTET00000034484: ['3event', 384, 0]
ENSCATT00000000080: ['3event', 384, 0]
ENSTGET00000000758: ['3event', 384, 0]
ENSMFAT00000065358: ['3event', 384, 0]
ENSMNET00000026022: ['3event', 384, 0]
ENSMLET00000030157: ['3event', 384, 0]
ENSNLET00000057279: [['internal gap >= 30', 329, 32], 371, 0]
>1
ENSRBIT00000065772: ['5event', 133, 1]
ENSRROT00000047138: ['5event', 133, 1]
ENSPTET00000034484: ['exon skipping', 0, 0]
ENSCATT00000000080: ['exon skipping', 0, 0]
ENSTGET00000000758: ['exon skipping', 0, 0]
ENSMFAT00000065358: ['exon skipping', 0, 0]
ENSMNET00000026022: ['exon skipping', 0, 0]
ENSMLET00000030157: ['exon skipping', 0, 0]
ENSNLET00000057279: ['exon skipping', 0, 0]
>2
ENSRBIT00000065772: ['exon skipping', 0, 0]
ENSRROT00000047138: ['exon skipping', 0, 0]
ENSPTET00000034484: ['exon skipping', 0, 0]
ENSCATT00000000080: ['exon skipping', 0, 0]
ENSTGET00000000758: ['exon skipping', 0, 0]
ENSMFAT00000065358: ['exon skipping', 0, 0]
ENSMNET00000026022: ['exon skipping', 0, 0]
ENSMLET00000030157: ['5event', 89, 0]
ENSNLET00000057279: ['exon skipping', 0, 0]
