>0
FBtr0112874: ['exon skipping', 0, 0]
FBtr0084169: ['exon skipping', 0, 0]
FBtr0330384: ['exon skipping', 0, 0]
T01C1.2.1: ['no event', 78, 0]
>1
FBtr0112874: ['exon skipping', 0, 0]
FBtr0084169: ['exon skipping', 0, 0]
FBtr0330384: ['exon skipping', 0, 0]
T01C1.2.1: ['no event', 98, 1]
>2
FBtr0112874: ['exon skipping', 0, 0]
FBtr0084169: ['exon skipping', 0, 0]
FBtr0330384: ['exon skipping', 0, 0]
T01C1.2.1: ['no event', 154, 1]
>3
FBtr0112874: ['5event', ['internal gap < 30', 70, 18], 77, 0]
FBtr0084169: ['exon skipping', 0, 0]
FBtr0330384: ['exon skipping', 0, 0]
T01C1.2.1: [['internal gap < 30', 49, 13], 82, 0]
>4
FBtr0112874: ['no event', 15, 0]
FBtr0084169: ['exon skipping', 0, 0]
FBtr0330384: ['exon skipping', 0, 0]
T01C1.2.1: ['exon skipping', 0, 0]
>5
FBtr0112874: ['exon skipping', 0, 0]
FBtr0084169: ['exon skipping', 0, 0]
FBtr0330384: ['exon skipping', 0, 0]
T01C1.2.1: ['5event', 110, 2]
>6
FBtr0112874: ['exon skipping', 0, 0]
FBtr0084169: ['5event', 24, 0]
FBtr0330384: ['5event', 24, 0]
T01C1.2.1: ['exon skipping', 0, 0]
>7
FBtr0112874: ['5event', ['internal gap >= 30', 248, 56], 251, 1]
FBtr0084169: [['internal gap >= 30', 249, 55], 252, 1]
FBtr0330384: [['internal gap >= 30', 249, 55], 252, 1]
T01C1.2.1: ['5event', ['internal gap < 30', 125, 18], 289, 2]
>8
FBtr0112874: ['exon skipping', 0, 0]
FBtr0084169: ['exon skipping', 0, 0]
FBtr0330384: ['exon skipping', 0, 0]
T01C1.2.1: ['no event', 4, 1]
>9
FBtr0112874: ['3event', '5event', 218, 1]
FBtr0084169: ['3event', '5event', 218, 1]
FBtr0330384: ['3event', '5event', 218, 1]
T01C1.2.1: [['internal gap >= 30', 109, 92], 202, 0]
>10
FBtr0112874: ['5event', 457, 0]
FBtr0084169: ['5event', 457, 0]
FBtr0330384: ['5event', 457, 0]
T01C1.2.1: ['exon skipping', 0, 0]
>11
FBtr0112874: ['exon skipping', 0, 0]
FBtr0084169: ['exon skipping', 0, 0]
FBtr0330384: ['exon skipping', 0, 0]
T01C1.2.1: ['5event', 114, 2]
>12
FBtr0112874: ['5event', 2541, 2]
FBtr0084169: ['5event', 2541, 2]
FBtr0330384: ['5event', 2541, 2]
T01C1.2.1: ['exon skipping', 0, 0]
>13
FBtr0112874: ['exon skipping', 0, 0]
FBtr0084169: ['exon skipping', 0, 0]
FBtr0330384: ['no event', 68, 0]
T01C1.2.1: ['exon skipping', 0, 0]
>14
FBtr0112874: ['exon skipping', 0, 0]
FBtr0084169: ['exon skipping', 0, 0]
FBtr0330384: ['exon skipping', 0, 0]
T01C1.2.1: ['5event', 164, 0]
