>0
B0563.6a.1: ['no event', 22, 0]
B0563.6b.1: ['exon skipping', 0, 0]
B0563.6c.1: ['no event', 22, 0]
FBtr0332379: ['exon skipping', 0, 0]
FBtr0302908: ['exon skipping', 0, 0]
FBtr0302909: ['exon skipping', 0, 0]
FBtr0091616: ['exon skipping', 0, 0]
>1
B0563.6a.1: ['no event', 89, 2]
B0563.6b.1: ['5event', 84, 0]
B0563.6c.1: ['no event', 89, 2]
FBtr0332379: ['exon skipping', 0, 0]
FBtr0302908: ['exon skipping', 0, 0]
FBtr0302909: ['exon skipping', 0, 0]
FBtr0091616: ['exon skipping', 0, 0]
>2
B0563.6a.1: ['no event', 484, 1]
B0563.6b.1: ['no event', 484, 1]
B0563.6c.1: ['no event', 484, 1]
FBtr0332379: ['exon skipping', 0, 0]
FBtr0302908: ['exon skipping', 0, 0]
FBtr0302909: ['exon skipping', 0, 0]
FBtr0091616: ['exon skipping', 0, 0]
>3
B0563.6a.1: ['no event', 9, 0]
B0563.6b.1: ['no event', 9, 0]
B0563.6c.1: ['no event', 9, 0]
FBtr0332379: ['exon skipping', 0, 0]
FBtr0302908: ['exon skipping', 0, 0]
FBtr0302909: ['exon skipping', 0, 0]
FBtr0091616: ['exon skipping', 0, 0]
>4
B0563.6a.1: [['internal gap >= 30', 95, 40], 106, 1]
B0563.6b.1: [['internal gap >= 30', 95, 40], 106, 1]
B0563.6c.1: [['internal gap >= 30', 95, 40], 106, 1]
FBtr0332379: ['5event', 143, 0]
FBtr0302908: ['5event', 143, 0]
FBtr0302909: ['5event', 143, 0]
FBtr0091616: ['5event', 143, 0]
>5
B0563.6a.1: ['exon skipping', 0, 0]
B0563.6b.1: ['exon skipping', 0, 0]
B0563.6c.1: ['exon skipping', 0, 0]
FBtr0332379: ['no event', 153, 0]
FBtr0302908: ['no event', 153, 0]
FBtr0302909: ['no event', 153, 0]
FBtr0091616: ['no event', 153, 0]
>6
B0563.6a.1: ['exon skipping', 0, 0]
B0563.6b.1: ['exon skipping', 0, 0]
B0563.6c.1: ['exon skipping', 0, 0]
FBtr0332379: ['no event', 149, 1]
FBtr0302908: ['no event', 149, 1]
FBtr0302909: ['no event', 149, 1]
FBtr0091616: ['no event', 149, 1]
>7
B0563.6a.1: ['5event', 35, 0]
B0563.6b.1: ['5event', 35, 0]
B0563.6c.1: ['5event', 35, 0]
FBtr0332379: ['exon skipping', 0, 0]
FBtr0302908: ['exon skipping', 0, 0]
FBtr0302909: ['exon skipping', 0, 0]
FBtr0091616: ['exon skipping', 0, 0]
>8
B0563.6a.1: ['3event', 94, 0]
B0563.6b.1: ['3event', 94, 0]
B0563.6c.1: ['3event', 94, 0]
FBtr0332379: ['5event', ['internal gap < 30', 52, 15], 93, 1]
FBtr0302908: ['5event', ['internal gap < 30', 52, 15], 93, 1]
FBtr0302909: ['5event', ['internal gap < 30', 52, 15], 93, 1]
FBtr0091616: ['5event', ['internal gap < 30', 52, 15], 93, 1]
>9
B0563.6a.1: ['5event', 269, 0]
B0563.6b.1: ['3event', '5event', 246, 0]
B0563.6c.1: ['5event', 269, 0]
FBtr0332379: ['exon skipping', 0, 0]
FBtr0302908: ['exon skipping', 0, 0]
FBtr0302909: ['exon skipping', 0, 0]
FBtr0091616: ['exon skipping', 0, 0]
>10
B0563.6a.1: ['3event', 121, 0]
B0563.6b.1: ['3event', '5event', 120, 0]
B0563.6c.1: ['3event', 121, 0]
FBtr0332379: ['5event', ['internal gap >= 30', 668, 113], 780, 2]
FBtr0302908: ['3event', '5event', 823, 2]
FBtr0302909: ['3event', '5event', 823, 2]
FBtr0091616: ['3event', '5event', 823, 2]
>11
B0563.6a.1: ['5event', 38, 0]
B0563.6b.1: ['5event', 38, 0]
B0563.6c.1: ['3event', '5event', 20, 0]
FBtr0332379: ['exon skipping', 0, 0]
FBtr0302908: ['exon skipping', 0, 0]
FBtr0302909: ['exon skipping', 0, 0]
FBtr0091616: ['exon skipping', 0, 0]
>12
B0563.6a.1: ['no event', 35, 0]
B0563.6b.1: ['no event', 35, 0]
B0563.6c.1: ['exon skipping', 0, 0]
FBtr0332379: ['exon skipping', 0, 0]
FBtr0302908: ['exon skipping', 0, 0]
FBtr0302909: ['exon skipping', 0, 0]
FBtr0091616: ['exon skipping', 0, 0]
>13
B0563.6a.1: ['exon skipping', 0, 0]
B0563.6b.1: ['exon skipping', 0, 0]
B0563.6c.1: ['5event', 15, 2]
FBtr0332379: ['exon skipping', 0, 0]
FBtr0302908: ['exon skipping', 0, 0]
FBtr0302909: ['exon skipping', 0, 0]
FBtr0091616: ['exon skipping', 0, 0]
