>0
FBtr0333842: ['exon skipping', 0, 0]
FBtr0333838: ['exon skipping', 0, 0]
FBtr0075987: ['exon skipping', 0, 0]
FBtr0333840: ['exon skipping', 0, 0]
FBtr0333839: ['exon skipping', 0, 0]
FBtr0333841: ['exon skipping', 0, 0]
Y37A1C.1a.1: ['no event', 113, 0]
Y37A1C.1b.1: ['no event', 113, 0]
Y37A1C.1c.1: ['no event', 113, 0]
Y37A1C.1d.1: ['exon skipping', 0, 0]
Y37A1C.1e.1: ['exon skipping', 0, 0]
Y37A1C.1f.1: ['exon skipping', 0, 0]
Y37A1C.1g.1: ['no event', 113, 0]
Y37A1C.1h.1: ['exon skipping', 0, 0]
>1
FBtr0333842: ['exon skipping', 0, 0]
FBtr0333838: ['exon skipping', 0, 0]
FBtr0075987: ['exon skipping', 0, 0]
FBtr0333840: ['exon skipping', 0, 0]
FBtr0333839: ['exon skipping', 0, 0]
FBtr0333841: ['exon skipping', 0, 0]
Y37A1C.1a.1: ['exon skipping', 0, 0]
Y37A1C.1b.1: ['exon skipping', 0, 0]
Y37A1C.1c.1: ['exon skipping', 0, 0]
Y37A1C.1d.1: ['exon skipping', 0, 0]
Y37A1C.1e.1: ['exon skipping', 0, 0]
Y37A1C.1f.1: ['5event', 41, 0]
Y37A1C.1g.1: ['exon skipping', 0, 0]
Y37A1C.1h.1: ['5event', 41, 0]
>2
FBtr0333842: ['exon skipping', 0, 0]
FBtr0333838: ['exon skipping', 0, 0]
FBtr0075987: ['exon skipping', 0, 0]
FBtr0333840: ['exon skipping', 0, 0]
FBtr0333839: ['exon skipping', 0, 0]
FBtr0333841: ['exon skipping', 0, 0]
Y37A1C.1a.1: ['exon skipping', 0, 0]
Y37A1C.1b.1: ['exon skipping', 0, 0]
Y37A1C.1c.1: ['exon skipping', 0, 0]
Y37A1C.1d.1: ['exon skipping', 0, 0]
Y37A1C.1e.1: ['exon skipping', 0, 0]
Y37A1C.1f.1: ['exon skipping', 0, 0]
Y37A1C.1g.1: ['exon skipping', 0, 0]
Y37A1C.1h.1: ['no event', 5, 0]
>3
FBtr0333842: ['exon skipping', 0, 0]
FBtr0333838: ['exon skipping', 0, 0]
FBtr0075987: ['exon skipping', 0, 0]
FBtr0333840: ['exon skipping', 0, 0]
FBtr0333839: ['exon skipping', 0, 0]
FBtr0333841: ['exon skipping', 0, 0]
Y37A1C.1a.1: ['5event', 143, 0]
Y37A1C.1b.1: ['5event', 143, 0]
Y37A1C.1c.1: ['5event', 143, 0]
Y37A1C.1d.1: ['exon skipping', 0, 0]
Y37A1C.1e.1: ['exon skipping', 0, 0]
Y37A1C.1f.1: ['5event', 143, 0]
Y37A1C.1g.1: ['5event', 143, 0]
Y37A1C.1h.1: ['no event', 145, 0]
>4
FBtr0333842: ['exon skipping', 0, 0]
FBtr0333838: ['exon skipping', 0, 0]
FBtr0075987: ['exon skipping', 0, 0]
FBtr0333840: ['exon skipping', 0, 0]
FBtr0333839: ['exon skipping', 0, 0]
FBtr0333841: ['exon skipping', 0, 0]
Y37A1C.1a.1: [['internal gap < 30', 55, 25], 371, 0]
Y37A1C.1b.1: [['internal gap < 30', 55, 25], 371, 0]
Y37A1C.1c.1: [['internal gap < 30', 55, 25], 371, 0]
Y37A1C.1d.1: ['exon skipping', 0, 0]
Y37A1C.1e.1: ['exon skipping', 0, 0]
Y37A1C.1f.1: [['internal gap < 30', 55, 25], 371, 0]
Y37A1C.1g.1: [['internal gap < 30', 55, 25], 371, 0]
Y37A1C.1h.1: [['internal gap < 30', 55, 25], 371, 0]
>5
FBtr0333842: ['5event', 274, 0]
FBtr0333838: ['5event', 274, 0]
FBtr0075987: ['5event', 274, 0]
FBtr0333840: ['5event', 274, 0]
FBtr0333839: ['5event', 274, 0]
FBtr0333841: ['5event', 274, 0]
Y37A1C.1a.1: ['exon skipping', 0, 0]
Y37A1C.1b.1: ['exon skipping', 0, 0]
Y37A1C.1c.1: ['exon skipping', 0, 0]
Y37A1C.1d.1: ['exon skipping', 0, 0]
Y37A1C.1e.1: ['exon skipping', 0, 0]
Y37A1C.1f.1: ['exon skipping', 0, 0]
Y37A1C.1g.1: ['exon skipping', 0, 0]
Y37A1C.1h.1: ['exon skipping', 0, 0]
>6
FBtr0333842: [['internal gap < 30', 173, 20], 180, 2]
FBtr0333838: [['internal gap < 30', 173, 20], 180, 2]
FBtr0075987: [['internal gap < 30', 173, 20], 180, 2]
FBtr0333840: [['internal gap < 30', 173, 20], 180, 2]
FBtr0333839: [['internal gap < 30', 173, 20], 180, 2]
FBtr0333841: [['internal gap < 30', 173, 20], 180, 2]
Y37A1C.1a.1: ['exon skipping', 0, 0]
Y37A1C.1b.1: ['5event', ['internal gap >= 30', 95, 46], 154, 0]
Y37A1C.1c.1: ['exon skipping', 0, 0]
Y37A1C.1d.1: ['exon skipping', 0, 0]
Y37A1C.1e.1: ['exon skipping', 0, 0]
Y37A1C.1f.1: ['exon skipping', 0, 0]
Y37A1C.1g.1: ['exon skipping', 0, 0]
Y37A1C.1h.1: ['exon skipping', 0, 0]
>7
FBtr0333842: ['no event', 114, 2]
FBtr0333838: ['no event', 114, 2]
FBtr0075987: ['no event', 114, 2]
FBtr0333840: ['no event', 114, 2]
FBtr0333839: ['no event', 114, 2]
FBtr0333841: ['no event', 114, 2]
Y37A1C.1a.1: ['exon skipping', 0, 0]
Y37A1C.1b.1: ['exon skipping', 0, 0]
Y37A1C.1c.1: ['exon skipping', 0, 0]
Y37A1C.1d.1: ['exon skipping', 0, 0]
Y37A1C.1e.1: ['exon skipping', 0, 0]
Y37A1C.1f.1: ['exon skipping', 0, 0]
Y37A1C.1g.1: ['exon skipping', 0, 0]
Y37A1C.1h.1: ['exon skipping', 0, 0]
>8
FBtr0333842: ['exon skipping', 0, 0]
FBtr0333838: ['exon skipping', 0, 0]
FBtr0075987: ['exon skipping', 0, 0]
FBtr0333840: ['exon skipping', 0, 0]
FBtr0333839: ['exon skipping', 0, 0]
FBtr0333841: ['exon skipping', 0, 0]
Y37A1C.1a.1: ['exon skipping', 0, 0]
Y37A1C.1b.1: ['5event', 3, 2]
Y37A1C.1c.1: ['exon skipping', 0, 0]
Y37A1C.1d.1: ['exon skipping', 0, 0]
Y37A1C.1e.1: ['exon skipping', 0, 0]
Y37A1C.1f.1: ['exon skipping', 0, 0]
Y37A1C.1g.1: ['exon skipping', 0, 0]
Y37A1C.1h.1: ['exon skipping', 0, 0]
>9
FBtr0333842: ['exon skipping', 0, 0]
FBtr0333838: ['exon skipping', 0, 0]
FBtr0075987: ['exon skipping', 0, 0]
FBtr0333840: ['exon skipping', 0, 0]
FBtr0333839: ['exon skipping', 0, 0]
FBtr0333841: ['exon skipping', 0, 0]
Y37A1C.1a.1: ['5event', 3, 0]
Y37A1C.1b.1: ['exon skipping', 0, 0]
Y37A1C.1c.1: ['5event', 3, 0]
Y37A1C.1d.1: ['exon skipping', 0, 0]
Y37A1C.1e.1: ['exon skipping', 0, 0]
Y37A1C.1f.1: ['5event', 3, 0]
Y37A1C.1g.1: ['5event', 3, 0]
Y37A1C.1h.1: ['5event', 3, 0]
>10
FBtr0333842: ['5event', ['internal gap >= 30', 57, 33], 258, 0]
FBtr0333838: ['5event', ['internal gap >= 30', 57, 33], 258, 0]
FBtr0075987: ['5event', ['internal gap >= 30', 57, 33], 258, 0]
FBtr0333840: ['5event', ['internal gap >= 30', 57, 33], 258, 0]
FBtr0333839: ['5event', ['internal gap >= 30', 57, 33], 258, 0]
FBtr0333841: ['5event', ['internal gap >= 30', 57, 33], 258, 0]
Y37A1C.1a.1: ['no event', 291, 1]
Y37A1C.1b.1: ['exon skipping', 0, 0]
Y37A1C.1c.1: ['no event', 291, 1]
Y37A1C.1d.1: ['exon skipping', 0, 0]
Y37A1C.1e.1: ['exon skipping', 0, 0]
Y37A1C.1f.1: ['no event', 291, 1]
Y37A1C.1g.1: ['no event', 291, 1]
Y37A1C.1h.1: ['no event', 291, 1]
>11
FBtr0333842: ['exon skipping', 0, 0]
FBtr0333838: ['exon skipping', 0, 0]
FBtr0075987: ['exon skipping', 0, 0]
FBtr0333840: ['exon skipping', 0, 0]
FBtr0333839: ['exon skipping', 0, 0]
FBtr0333841: ['exon skipping', 0, 0]
Y37A1C.1a.1: ['no event', 16, 1]
Y37A1C.1b.1: ['exon skipping', 0, 0]
Y37A1C.1c.1: ['no event', 16, 1]
Y37A1C.1d.1: ['exon skipping', 0, 0]
Y37A1C.1e.1: ['exon skipping', 0, 0]
Y37A1C.1f.1: ['no event', 16, 1]
Y37A1C.1g.1: ['no event', 16, 1]
Y37A1C.1h.1: ['no event', 16, 1]
>12
FBtr0333842: ['5event', ['internal gap < 30', 118, 15], 197, 1]
FBtr0333838: ['5event', ['internal gap < 30', 118, 15], 197, 1]
FBtr0075987: ['5event', ['internal gap < 30', 118, 15], 197, 1]
FBtr0333840: ['5event', ['internal gap < 30', 118, 15], 197, 1]
FBtr0333839: ['5event', ['internal gap < 30', 118, 15], 197, 1]
FBtr0333841: ['5event', ['internal gap < 30', 118, 15], 197, 1]
Y37A1C.1a.1: [['internal gap < 30', 138, 27], 185, 0]
Y37A1C.1b.1: ['exon skipping', 0, 0]
Y37A1C.1c.1: [['internal gap < 30', 138, 27], 185, 0]
Y37A1C.1d.1: ['5event', ['internal gap >= 30', 58, 107], 105, 0]
Y37A1C.1e.1: ['exon skipping', 0, 0]
Y37A1C.1f.1: [['internal gap < 30', 138, 27], 185, 0]
Y37A1C.1g.1: [['internal gap < 30', 138, 27], 185, 0]
Y37A1C.1h.1: [['internal gap < 30', 138, 27], 185, 0]
>13
FBtr0333842: ['no event', 55, 1]
FBtr0333838: ['no event', 55, 1]
FBtr0075987: ['no event', 55, 1]
FBtr0333840: ['no event', 55, 1]
FBtr0333839: ['no event', 55, 1]
FBtr0333841: ['no event', 55, 1]
Y37A1C.1a.1: ['exon skipping', 0, 0]
Y37A1C.1b.1: ['exon skipping', 0, 0]
Y37A1C.1c.1: ['exon skipping', 0, 0]
Y37A1C.1d.1: ['exon skipping', 0, 0]
Y37A1C.1e.1: ['exon skipping', 0, 0]
Y37A1C.1f.1: ['exon skipping', 0, 0]
Y37A1C.1g.1: ['exon skipping', 0, 0]
Y37A1C.1h.1: ['exon skipping', 0, 0]
>14
FBtr0333842: ['no event', 114, 0]
FBtr0333838: ['no event', 114, 0]
FBtr0075987: ['no event', 114, 0]
FBtr0333840: ['no event', 114, 0]
FBtr0333839: ['no event', 114, 0]
FBtr0333841: ['no event', 114, 0]
Y37A1C.1a.1: ['exon skipping', 0, 0]
Y37A1C.1b.1: ['exon skipping', 0, 0]
Y37A1C.1c.1: ['exon skipping', 0, 0]
Y37A1C.1d.1: ['exon skipping', 0, 0]
Y37A1C.1e.1: ['exon skipping', 0, 0]
Y37A1C.1f.1: ['exon skipping', 0, 0]
Y37A1C.1g.1: ['exon skipping', 0, 0]
Y37A1C.1h.1: ['exon skipping', 0, 0]
>15
FBtr0333842: ['no event', 142, 1]
FBtr0333838: ['no event', 142, 1]
FBtr0075987: ['no event', 142, 1]
FBtr0333840: ['no event', 142, 1]
FBtr0333839: ['no event', 142, 1]
FBtr0333841: ['no event', 142, 1]
Y37A1C.1a.1: ['exon skipping', 0, 0]
Y37A1C.1b.1: ['exon skipping', 0, 0]
Y37A1C.1c.1: ['exon skipping', 0, 0]
Y37A1C.1d.1: ['exon skipping', 0, 0]
Y37A1C.1e.1: ['exon skipping', 0, 0]
Y37A1C.1f.1: ['exon skipping', 0, 0]
Y37A1C.1g.1: ['exon skipping', 0, 0]
Y37A1C.1h.1: ['exon skipping', 0, 0]
>16
FBtr0333842: [['internal gap >= 30', 135, 329], 170, 0]
FBtr0333838: [['internal gap >= 30', 135, 329], 170, 0]
FBtr0075987: [['internal gap >= 30', 135, 329], 170, 0]
FBtr0333840: [['internal gap >= 30', 135, 329], 170, 0]
FBtr0333839: [['internal gap >= 30', 135, 329], 170, 0]
FBtr0333841: [['internal gap >= 30', 135, 329], 170, 0]
Y37A1C.1a.1: ['5event', ['internal gap < 30', 462, 22], 477, 1]
Y37A1C.1b.1: ['exon skipping', 0, 0]
Y37A1C.1c.1: ['5event', ['internal gap < 30', 462, 22], 477, 1]
Y37A1C.1d.1: ['5event', ['internal gap < 30', 462, 22], 477, 1]
Y37A1C.1e.1: ['exon skipping', 0, 0]
Y37A1C.1f.1: ['5event', ['internal gap < 30', 462, 22], 477, 1]
Y37A1C.1g.1: ['5event', ['internal gap < 30', 462, 22], 477, 1]
Y37A1C.1h.1: ['5event', ['internal gap < 30', 462, 22], 477, 1]
>17
FBtr0333842: ['5event', 142, 1]
FBtr0333838: ['5event', 142, 1]
FBtr0075987: ['5event', 142, 1]
FBtr0333840: ['5event', 142, 1]
FBtr0333839: ['5event', 142, 1]
FBtr0333841: ['5event', 142, 1]
Y37A1C.1a.1: ['exon skipping', 0, 0]
Y37A1C.1b.1: ['exon skipping', 0, 0]
Y37A1C.1c.1: ['exon skipping', 0, 0]
Y37A1C.1d.1: ['exon skipping', 0, 0]
Y37A1C.1e.1: ['exon skipping', 0, 0]
Y37A1C.1f.1: ['exon skipping', 0, 0]
Y37A1C.1g.1: ['exon skipping', 0, 0]
Y37A1C.1h.1: ['exon skipping', 0, 0]
>18
FBtr0333842: ['exon skipping', 0, 0]
FBtr0333838: ['exon skipping', 0, 0]
FBtr0075987: ['exon skipping', 0, 0]
FBtr0333840: ['exon skipping', 0, 0]
FBtr0333839: ['exon skipping', 0, 0]
FBtr0333841: ['exon skipping', 0, 0]
Y37A1C.1a.1: ['5event', 18, 2]
Y37A1C.1b.1: ['exon skipping', 0, 0]
Y37A1C.1c.1: ['5event', 18, 2]
Y37A1C.1d.1: ['5event', 18, 2]
Y37A1C.1e.1: ['exon skipping', 0, 0]
Y37A1C.1f.1: ['5event', 18, 2]
Y37A1C.1g.1: ['5event', 18, 2]
Y37A1C.1h.1: ['5event', 18, 2]
>19
FBtr0333842: ['5event', ['internal gap >= 30', 89, 111], 108, 0]
FBtr0333838: ['5event', ['internal gap >= 30', 89, 111], 108, 0]
FBtr0075987: ['5event', ['internal gap >= 30', 89, 111], 108, 0]
FBtr0333840: ['5event', ['internal gap >= 30', 89, 111], 108, 0]
FBtr0333839: ['5event', ['internal gap >= 30', 89, 111], 108, 0]
FBtr0333841: ['5event', ['internal gap >= 30', 89, 111], 108, 0]
Y37A1C.1a.1: ['no event', 219, 0]
Y37A1C.1b.1: ['exon skipping', 0, 0]
Y37A1C.1c.1: ['no event', 219, 0]
Y37A1C.1d.1: ['no event', 219, 0]
Y37A1C.1e.1: ['exon skipping', 0, 0]
Y37A1C.1f.1: ['no event', 219, 0]
Y37A1C.1g.1: ['no event', 219, 0]
Y37A1C.1h.1: ['no event', 219, 0]
>20
FBtr0333842: ['only gap', 0, 1]
FBtr0333838: ['only gap', 0, 1]
FBtr0075987: ['only gap', 0, 1]
FBtr0333840: ['only gap', 0, 1]
FBtr0333839: ['only gap', 0, 1]
FBtr0333841: ['only gap', 0, 1]
Y37A1C.1a.1: ['exon skipping', 0, 0]
Y37A1C.1b.1: ['exon skipping', 0, 0]
Y37A1C.1c.1: ['exon skipping', 0, 0]
Y37A1C.1d.1: ['exon skipping', 0, 0]
Y37A1C.1e.1: ['exon skipping', 0, 0]
Y37A1C.1f.1: ['exon skipping', 0, 0]
Y37A1C.1g.1: ['exon skipping', 0, 0]
Y37A1C.1h.1: ['exon skipping', 0, 0]
>21
FBtr0333842: ['no event', 135, 2]
FBtr0333838: ['no event', 135, 2]
FBtr0075987: ['no event', 135, 2]
FBtr0333840: ['no event', 135, 2]
FBtr0333839: ['no event', 135, 2]
FBtr0333841: ['no event', 135, 2]
Y37A1C.1a.1: ['exon skipping', 0, 0]
Y37A1C.1b.1: ['exon skipping', 0, 0]
Y37A1C.1c.1: ['exon skipping', 0, 0]
Y37A1C.1d.1: ['exon skipping', 0, 0]
Y37A1C.1e.1: ['exon skipping', 0, 0]
Y37A1C.1f.1: ['exon skipping', 0, 0]
Y37A1C.1g.1: ['exon skipping', 0, 0]
Y37A1C.1h.1: ['exon skipping', 0, 0]
>22
FBtr0333842: ['exon skipping', 0, 0]
FBtr0333838: ['exon skipping', 0, 0]
FBtr0075987: ['exon skipping', 0, 0]
FBtr0333840: ['exon skipping', 0, 0]
FBtr0333839: ['exon skipping', 0, 0]
FBtr0333841: ['exon skipping', 0, 0]
Y37A1C.1a.1: ['5event', 12, 0]
Y37A1C.1b.1: ['exon skipping', 0, 0]
Y37A1C.1c.1: ['5event', 12, 0]
Y37A1C.1d.1: ['5event', 12, 0]
Y37A1C.1e.1: ['exon skipping', 0, 0]
Y37A1C.1f.1: ['5event', 12, 0]
Y37A1C.1g.1: ['5event', 12, 0]
Y37A1C.1h.1: ['5event', 12, 0]
>23
FBtr0333842: ['5event', 495, 0]
FBtr0333838: ['5event', 495, 0]
FBtr0075987: ['5event', 495, 0]
FBtr0333840: ['5event', 495, 0]
FBtr0333839: ['5event', 495, 0]
FBtr0333841: ['5event', 495, 0]
Y37A1C.1a.1: [['internal gap >= 30', 453, 148], 470, 1]
Y37A1C.1b.1: ['exon skipping', 0, 0]
Y37A1C.1c.1: [['internal gap >= 30', 453, 148], 470, 1]
Y37A1C.1d.1: [['internal gap >= 30', 453, 148], 470, 1]
Y37A1C.1e.1: ['5event', ['internal gap >= 30', 321, 280], 338, 0]
Y37A1C.1f.1: [['internal gap >= 30', 453, 148], 470, 1]
Y37A1C.1g.1: [['internal gap >= 30', 453, 148], 470, 1]
Y37A1C.1h.1: [['internal gap >= 30', 453, 148], 470, 1]
>24
FBtr0333842: ['exon skipping', 0, 0]
FBtr0333838: ['exon skipping', 0, 0]
FBtr0075987: ['exon skipping', 0, 0]
FBtr0333840: ['exon skipping', 0, 0]
FBtr0333839: ['exon skipping', 0, 0]
FBtr0333841: ['exon skipping', 0, 0]
Y37A1C.1a.1: ['no event', 265, 0]
Y37A1C.1b.1: ['exon skipping', 0, 0]
Y37A1C.1c.1: ['no event', 265, 0]
Y37A1C.1d.1: ['no event', 265, 0]
Y37A1C.1e.1: ['no event', 265, 0]
Y37A1C.1f.1: ['no event', 265, 0]
Y37A1C.1g.1: ['no event', 265, 0]
Y37A1C.1h.1: ['no event', 265, 0]
>25
FBtr0333842: ['5event', 314, 1]
FBtr0333838: ['5event', 314, 1]
FBtr0075987: ['5event', 314, 1]
FBtr0333840: ['5event', 314, 1]
FBtr0333839: ['5event', 314, 1]
FBtr0333841: ['5event', 314, 1]
Y37A1C.1a.1: ['exon skipping', 0, 0]
Y37A1C.1b.1: ['exon skipping', 0, 0]
Y37A1C.1c.1: ['exon skipping', 0, 0]
Y37A1C.1d.1: ['exon skipping', 0, 0]
Y37A1C.1e.1: ['exon skipping', 0, 0]
Y37A1C.1f.1: ['exon skipping', 0, 0]
Y37A1C.1g.1: ['exon skipping', 0, 0]
Y37A1C.1h.1: ['exon skipping', 0, 0]
>26
FBtr0333842: ['exon skipping', 0, 0]
FBtr0333838: ['no event', 59, 1]
FBtr0075987: ['exon skipping', 0, 0]
FBtr0333840: ['no event', 59, 1]
FBtr0333839: ['no event', 59, 1]
FBtr0333841: ['no event', 59, 1]
Y37A1C.1a.1: ['exon skipping', 0, 0]
Y37A1C.1b.1: ['exon skipping', 0, 0]
Y37A1C.1c.1: ['exon skipping', 0, 0]
Y37A1C.1d.1: ['exon skipping', 0, 0]
Y37A1C.1e.1: ['exon skipping', 0, 0]
Y37A1C.1f.1: ['exon skipping', 0, 0]
Y37A1C.1g.1: ['exon skipping', 0, 0]
Y37A1C.1h.1: ['exon skipping', 0, 0]
>27
FBtr0333842: ['exon skipping', 0, 0]
FBtr0333838: ['exon skipping', 0, 0]
FBtr0075987: ['exon skipping', 0, 0]
FBtr0333840: ['exon skipping', 0, 0]
FBtr0333839: ['exon skipping', 0, 0]
FBtr0333841: ['exon skipping', 0, 0]
Y37A1C.1a.1: ['5event', 235, 2]
Y37A1C.1b.1: ['exon skipping', 0, 0]
Y37A1C.1c.1: ['5event', 235, 2]
Y37A1C.1d.1: ['5event', 235, 2]
Y37A1C.1e.1: ['5event', 235, 2]
Y37A1C.1f.1: ['5event', 235, 2]
Y37A1C.1g.1: ['5event', 235, 2]
Y37A1C.1h.1: ['5event', 235, 2]
>28
FBtr0333842: ['exon skipping', 0, 0]
FBtr0333838: ['exon skipping', 0, 0]
FBtr0075987: ['exon skipping', 0, 0]
FBtr0333840: ['5event', 47, 1]
FBtr0333839: ['exon skipping', 0, 0]
FBtr0333841: ['exon skipping', 0, 0]
Y37A1C.1a.1: ['exon skipping', 0, 0]
Y37A1C.1b.1: ['exon skipping', 0, 0]
Y37A1C.1c.1: ['exon skipping', 0, 0]
Y37A1C.1d.1: ['exon skipping', 0, 0]
Y37A1C.1e.1: ['exon skipping', 0, 0]
Y37A1C.1f.1: ['exon skipping', 0, 0]
Y37A1C.1g.1: ['exon skipping', 0, 0]
Y37A1C.1h.1: ['exon skipping', 0, 0]
>29
FBtr0333842: ['5event', 97, 1]
FBtr0333838: ['5event', 97, 1]
FBtr0075987: ['5event', 97, 1]
FBtr0333840: ['no event', 98, 1]
FBtr0333839: ['5event', 97, 1]
FBtr0333841: ['5event', 97, 1]
Y37A1C.1a.1: ['5event', ['internal gap < 30', 31, 22], 76, 1]
Y37A1C.1b.1: ['exon skipping', 0, 0]
Y37A1C.1c.1: ['exon skipping', 0, 0]
Y37A1C.1d.1: ['exon skipping', 0, 0]
Y37A1C.1e.1: ['exon skipping', 0, 0]
Y37A1C.1f.1: ['exon skipping', 0, 0]
Y37A1C.1g.1: ['3event', '5event', 75, 1]
Y37A1C.1h.1: ['exon skipping', 0, 0]
>30
FBtr0333842: ['exon skipping', 0, 0]
FBtr0333838: ['exon skipping', 0, 0]
FBtr0075987: ['exon skipping', 0, 0]
FBtr0333840: ['exon skipping', 0, 0]
FBtr0333839: ['exon skipping', 0, 0]
FBtr0333841: ['exon skipping', 0, 0]
Y37A1C.1a.1: ['no event', 14, 0]
Y37A1C.1b.1: ['exon skipping', 0, 0]
Y37A1C.1c.1: ['exon skipping', 0, 0]
Y37A1C.1d.1: ['exon skipping', 0, 0]
Y37A1C.1e.1: ['exon skipping', 0, 0]
Y37A1C.1f.1: ['exon skipping', 0, 0]
Y37A1C.1g.1: ['exon skipping', 0, 0]
Y37A1C.1h.1: ['exon skipping', 0, 0]
>31
FBtr0333842: ['exon skipping', 0, 0]
FBtr0333838: ['exon skipping', 0, 0]
FBtr0075987: ['exon skipping', 0, 0]
FBtr0333840: ['exon skipping', 0, 0]
FBtr0333839: ['exon skipping', 0, 0]
FBtr0333841: ['exon skipping', 0, 0]
Y37A1C.1a.1: ['exon skipping', 0, 0]
Y37A1C.1b.1: ['exon skipping', 0, 0]
Y37A1C.1c.1: ['5event', 183, 1]
Y37A1C.1d.1: ['5event', 183, 1]
Y37A1C.1e.1: ['5event', 183, 1]
Y37A1C.1f.1: ['5event', 183, 1]
Y37A1C.1g.1: ['5event', 183, 1]
Y37A1C.1h.1: ['5event', 183, 1]
>32
FBtr0333842: ['5event', 229, 0]
FBtr0333838: ['5event', 229, 0]
FBtr0075987: ['5event', 229, 0]
FBtr0333840: ['5event', 229, 0]
FBtr0333839: ['5event', 229, 0]
FBtr0333841: ['5event', 229, 0]
Y37A1C.1a.1: ['exon skipping', 0, 0]
Y37A1C.1b.1: ['exon skipping', 0, 0]
Y37A1C.1c.1: ['exon skipping', 0, 0]
Y37A1C.1d.1: ['exon skipping', 0, 0]
Y37A1C.1e.1: ['exon skipping', 0, 0]
Y37A1C.1f.1: ['exon skipping', 0, 0]
Y37A1C.1g.1: ['exon skipping', 0, 0]
Y37A1C.1h.1: ['exon skipping', 0, 0]
>33
FBtr0333842: ['no event', 235, 2]
FBtr0333838: ['no event', 235, 2]
FBtr0075987: ['no event', 235, 2]
FBtr0333840: ['no event', 235, 2]
FBtr0333839: ['no event', 235, 2]
FBtr0333841: ['no event', 235, 2]
Y37A1C.1a.1: ['exon skipping', 0, 0]
Y37A1C.1b.1: ['exon skipping', 0, 0]
Y37A1C.1c.1: ['exon skipping', 0, 0]
Y37A1C.1d.1: ['exon skipping', 0, 0]
Y37A1C.1e.1: ['exon skipping', 0, 0]
Y37A1C.1f.1: ['exon skipping', 0, 0]
Y37A1C.1g.1: ['exon skipping', 0, 0]
Y37A1C.1h.1: ['exon skipping', 0, 0]
>34
FBtr0333842: ['exon skipping', 0, 0]
FBtr0333838: ['exon skipping', 0, 0]
FBtr0075987: ['exon skipping', 0, 0]
FBtr0333840: ['exon skipping', 0, 0]
FBtr0333839: ['exon skipping', 0, 0]
FBtr0333841: ['exon skipping', 0, 0]
Y37A1C.1a.1: ['exon skipping', 0, 0]
Y37A1C.1b.1: ['exon skipping', 0, 0]
Y37A1C.1c.1: ['5event', 72, 2]
Y37A1C.1d.1: ['5event', 72, 2]
Y37A1C.1e.1: ['5event', 72, 2]
Y37A1C.1f.1: ['5event', 72, 2]
Y37A1C.1g.1: ['5event', 72, 2]
Y37A1C.1h.1: ['5event', 72, 2]
>35
FBtr0333842: ['exon skipping', 0, 0]
FBtr0333838: ['exon skipping', 0, 0]
FBtr0075987: ['exon skipping', 0, 0]
FBtr0333840: ['exon skipping', 0, 0]
FBtr0333839: ['exon skipping', 0, 0]
FBtr0333841: ['exon skipping', 0, 0]
Y37A1C.1a.1: ['exon skipping', 0, 0]
Y37A1C.1b.1: ['exon skipping', 0, 0]
Y37A1C.1c.1: ['no event', 412, 0]
Y37A1C.1d.1: ['no event', 412, 0]
Y37A1C.1e.1: ['no event', 412, 0]
Y37A1C.1f.1: ['no event', 412, 0]
Y37A1C.1g.1: ['no event', 412, 0]
Y37A1C.1h.1: ['no event', 412, 0]
>36
FBtr0333842: ['5event', 108, 1]
FBtr0333838: ['5event', 108, 1]
FBtr0075987: ['5event', 108, 1]
FBtr0333840: ['5event', 108, 1]
FBtr0333839: ['5event', 108, 1]
FBtr0333841: ['5event', 108, 1]
Y37A1C.1a.1: ['exon skipping', 0, 0]
Y37A1C.1b.1: ['exon skipping', 0, 0]
Y37A1C.1c.1: ['exon skipping', 0, 0]
Y37A1C.1d.1: ['exon skipping', 0, 0]
Y37A1C.1e.1: ['exon skipping', 0, 0]
Y37A1C.1f.1: ['exon skipping', 0, 0]
Y37A1C.1g.1: ['exon skipping', 0, 0]
Y37A1C.1h.1: ['exon skipping', 0, 0]
>37
FBtr0333842: ['3event', 134, 2]
FBtr0333838: ['3event', 134, 2]
FBtr0075987: ['3event', 134, 2]
FBtr0333840: ['3event', 134, 2]
FBtr0333839: ['3event', 134, 2]
FBtr0333841: ['3event', 134, 2]
Y37A1C.1a.1: ['exon skipping', 0, 0]
Y37A1C.1b.1: ['exon skipping', 0, 0]
Y37A1C.1c.1: ['5event', 135, 2]
Y37A1C.1d.1: ['5event', 135, 2]
Y37A1C.1e.1: ['5event', 135, 2]
Y37A1C.1f.1: ['5event', 135, 2]
Y37A1C.1g.1: ['5event', 135, 2]
Y37A1C.1h.1: ['5event', 135, 2]
