>0
Y57G11C.25.1: ['exon skipping', 0, 0]
F38C2.5.1: ['exon skipping', 0, 0]
F52E1.1.1: ['no event', 9, 0]
C35D6.4.1: ['exon skipping', 0, 0]
Y60A9.3.1: ['exon skipping', 0, 0]
F38C2.7.1: ['exon skipping', 0, 0]
Y116A8C.19.1: ['exon skipping', 0, 0]
Y116A8C.20.1: ['exon skipping', 0, 0]
Y116A8C.17.1: ['exon skipping', 0, 0]
Y116A8C.17.2: ['exon skipping', 0, 0]
>1
Y57G11C.25.1: ['3event', '5event', 309, 0]
F38C2.5.1: ['3event', '5event', 321, 0]
F52E1.1.1: ['3event', 390, 1]
C35D6.4.1: ['5event', ['internal gap >= 30', 176, 80], 611, 0]
Y60A9.3.1: ['5event', ['internal gap >= 30', 176, 80], 611, 0]
F38C2.7.1: ['5event', ['internal gap >= 30', 176, 80], 611, 0]
Y116A8C.19.1: ['5event', ['internal gap >= 30', 499, 101], 590, 0]
Y116A8C.20.1: ['5event', ['internal gap >= 30', 514, 86], 605, 0]
Y116A8C.17.1: ['5event', ['internal gap >= 30', 526, 74], 617, 0]
Y116A8C.17.2: ['5event', ['internal gap >= 30', 526, 74], 617, 0]
>2
Y57G11C.25.1: ['5event', ['internal gap >= 30', 242, 108], 290, 0]
F38C2.5.1: ['3event', '5event', 240, 0]
F52E1.1.1: ['5event', ['internal gap < 30', 379, 3], 395, 0]
C35D6.4.1: ['exon skipping', 0, 0]
Y60A9.3.1: ['exon skipping', 0, 0]
F38C2.7.1: ['exon skipping', 0, 0]
Y116A8C.19.1: ['exon skipping', 0, 0]
Y116A8C.20.1: ['exon skipping', 0, 0]
Y116A8C.17.1: ['exon skipping', 0, 0]
Y116A8C.17.2: ['exon skipping', 0, 0]
