>0
FBtr0080594: ['no event', 464, 0]
FBtr0300594: ['no event', 464, 0]
FBtr0309867: ['no event', 464, 0]
FBtr0331284: ['exon skipping', 0, 0]
FBtr0079913: ['exon skipping', 0, 0]
FBtr0079914: ['exon skipping', 0, 0]
FBtr0079915: ['exon skipping', 0, 0]
FBtr0303898: ['exon skipping', 0, 0]
FBtr0079916: ['exon skipping', 0, 0]
FBtr0079912: ['exon skipping', 0, 0]
FBtr0301834: ['exon skipping', 0, 0]
FBtr0343798: ['exon skipping', 0, 0]
FBtr0301835: ['exon skipping', 0, 0]
FBtr0074680: ['exon skipping', 0, 0]
>1
FBtr0080594: ['exon skipping', 0, 0]
FBtr0300594: ['exon skipping', 0, 0]
FBtr0309867: ['exon skipping', 0, 0]
FBtr0331284: ['exon skipping', 0, 0]
FBtr0079913: ['exon skipping', 0, 0]
FBtr0079914: ['exon skipping', 0, 0]
FBtr0079915: ['exon skipping', 0, 0]
FBtr0303898: ['exon skipping', 0, 0]
FBtr0079916: ['exon skipping', 0, 0]
FBtr0079912: ['exon skipping', 0, 0]
FBtr0301834: ['5event', 159, 0]
FBtr0343798: ['5event', 159, 0]
FBtr0301835: ['5event', 159, 0]
FBtr0074680: ['5event', 159, 0]
>2
FBtr0080594: ['exon skipping', 0, 0]
FBtr0300594: ['exon skipping', 0, 0]
FBtr0309867: ['exon skipping', 0, 0]
FBtr0331284: ['5event', 66, 0]
FBtr0079913: ['5event', 66, 0]
FBtr0079914: ['5event', 66, 0]
FBtr0079915: ['5event', 66, 0]
FBtr0303898: ['5event', 66, 0]
FBtr0079916: ['5event', 66, 0]
FBtr0079912: ['5event', 66, 0]
FBtr0301834: ['exon skipping', 0, 0]
FBtr0343798: ['exon skipping', 0, 0]
FBtr0301835: ['exon skipping', 0, 0]
FBtr0074680: ['exon skipping', 0, 0]
>3
FBtr0080594: ['5event', 450, 0]
FBtr0300594: ['5event', 450, 0]
FBtr0309867: ['5event', 450, 0]
FBtr0331284: ['exon skipping', 0, 0]
FBtr0079913: ['exon skipping', 0, 0]
FBtr0079914: ['exon skipping', 0, 0]
FBtr0079915: ['exon skipping', 0, 0]
FBtr0303898: ['exon skipping', 0, 0]
FBtr0079916: ['exon skipping', 0, 0]
FBtr0079912: ['exon skipping', 0, 0]
FBtr0301834: ['exon skipping', 0, 0]
FBtr0343798: ['exon skipping', 0, 0]
FBtr0301835: ['exon skipping', 0, 0]
FBtr0074680: ['exon skipping', 0, 0]
>4
FBtr0080594: [['internal gap < 30', 1, 3], 140, 1]
FBtr0300594: [['internal gap < 30', 1, 3], 140, 1]
FBtr0309867: [['internal gap < 30', 1, 3], 140, 1]
FBtr0331284: ['5event', ['internal gap < 30', 11, 4], 139, 1]
FBtr0079913: ['5event', ['internal gap < 30', 11, 4], 139, 1]
FBtr0079914: ['5event', ['internal gap < 30', 11, 4], 139, 1]
FBtr0079915: ['5event', ['internal gap < 30', 11, 4], 139, 1]
FBtr0303898: ['5event', ['internal gap < 30', 11, 4], 139, 1]
FBtr0079916: ['5event', ['internal gap < 30', 11, 4], 139, 1]
FBtr0079912: ['5event', ['internal gap < 30', 11, 4], 139, 1]
FBtr0301834: ['5event', 139, 1]
FBtr0343798: ['5event', 139, 1]
FBtr0301835: ['5event', 139, 1]
FBtr0074680: ['5event', 139, 1]
>5
FBtr0080594: ['exon skipping', 0, 0]
FBtr0300594: ['exon skipping', 0, 0]
FBtr0309867: ['exon skipping', 0, 0]
FBtr0331284: ['no event', 44, 0]
FBtr0079913: ['no event', 44, 0]
FBtr0079914: ['exon skipping', 0, 0]
FBtr0079915: ['no event', 44, 0]
FBtr0303898: ['exon skipping', 0, 0]
FBtr0079916: ['exon skipping', 0, 0]
FBtr0079912: ['no event', 44, 0]
FBtr0301834: ['exon skipping', 0, 0]
FBtr0343798: ['exon skipping', 0, 0]
FBtr0301835: ['exon skipping', 0, 0]
FBtr0074680: ['exon skipping', 0, 0]
>6
FBtr0080594: ['exon skipping', 0, 0]
FBtr0300594: ['exon skipping', 0, 0]
FBtr0309867: ['exon skipping', 0, 0]
FBtr0331284: ['exon skipping', 0, 0]
FBtr0079913: ['no event', 46, 0]
FBtr0079914: ['5event', 44, 0]
FBtr0079915: ['exon skipping', 0, 0]
FBtr0303898: ['5event', 44, 0]
FBtr0079916: ['5event', 44, 0]
FBtr0079912: ['exon skipping', 0, 0]
FBtr0301834: ['5event', 44, 0]
FBtr0343798: ['5event', 44, 0]
FBtr0301835: ['5event', 44, 0]
FBtr0074680: ['5event', 44, 0]
>7
FBtr0080594: ['5event', 44, 0]
FBtr0300594: ['5event', 44, 0]
FBtr0309867: ['5event', 44, 0]
FBtr0331284: ['exon skipping', 0, 0]
FBtr0079913: ['exon skipping', 0, 0]
FBtr0079914: ['exon skipping', 0, 0]
FBtr0079915: ['exon skipping', 0, 0]
FBtr0303898: ['exon skipping', 0, 0]
FBtr0079916: ['exon skipping', 0, 0]
FBtr0079912: ['exon skipping', 0, 0]
FBtr0301834: ['exon skipping', 0, 0]
FBtr0343798: ['exon skipping', 0, 0]
FBtr0301835: ['exon skipping', 0, 0]
FBtr0074680: ['exon skipping', 0, 0]
>8
FBtr0080594: ['no event', 110, 0]
FBtr0300594: ['no event', 110, 0]
FBtr0309867: ['no event', 110, 0]
FBtr0331284: ['5event', 109, 0]
FBtr0079913: ['5event', 109, 0]
FBtr0079914: ['5event', 109, 0]
FBtr0079915: ['5event', 109, 0]
FBtr0303898: ['5event', 109, 0]
FBtr0079916: ['5event', 109, 0]
FBtr0079912: ['5event', 109, 0]
FBtr0301834: ['5event', 109, 0]
FBtr0343798: ['5event', 109, 0]
FBtr0301835: ['5event', 109, 0]
FBtr0074680: ['5event', 109, 0]
>9
FBtr0080594: ['no event', 180, 2]
FBtr0300594: ['no event', 180, 2]
FBtr0309867: ['no event', 180, 2]
FBtr0331284: ['no event', 180, 2]
FBtr0079913: ['no event', 180, 2]
FBtr0079914: ['no event', 180, 2]
FBtr0079915: ['no event', 180, 2]
FBtr0303898: ['no event', 180, 2]
FBtr0079916: ['no event', 180, 2]
FBtr0079912: ['no event', 180, 2]
FBtr0301834: ['no event', 180, 2]
FBtr0343798: ['no event', 180, 2]
FBtr0301835: ['no event', 180, 2]
FBtr0074680: ['no event', 180, 2]
>10
FBtr0080594: ['no event', 75, 0]
FBtr0300594: ['no event', 75, 0]
FBtr0309867: ['no event', 75, 0]
FBtr0331284: ['no event', 75, 0]
FBtr0079913: ['no event', 75, 0]
FBtr0079914: ['no event', 75, 0]
FBtr0079915: ['no event', 75, 0]
FBtr0303898: ['no event', 75, 0]
FBtr0079916: ['no event', 75, 0]
FBtr0079912: ['no event', 75, 0]
FBtr0301834: ['no event', 75, 0]
FBtr0343798: ['no event', 75, 0]
FBtr0301835: ['no event', 75, 0]
FBtr0074680: ['no event', 75, 0]
>11
FBtr0080594: ['no event', 194, 1]
FBtr0300594: ['no event', 194, 1]
FBtr0309867: ['no event', 194, 1]
FBtr0331284: ['no event', 194, 1]
FBtr0079913: ['no event', 194, 1]
FBtr0079914: ['no event', 194, 1]
FBtr0079915: ['no event', 194, 1]
FBtr0303898: ['no event', 194, 1]
FBtr0079916: ['no event', 194, 1]
FBtr0079912: ['no event', 194, 1]
FBtr0301834: ['no event', 194, 1]
FBtr0343798: ['no event', 194, 1]
FBtr0301835: ['no event', 194, 1]
FBtr0074680: ['no event', 194, 1]
>12
FBtr0080594: ['no event', 86, 1]
FBtr0300594: ['no event', 86, 1]
FBtr0309867: ['no event', 86, 1]
FBtr0331284: ['no event', 86, 1]
FBtr0079913: ['exon skipping', 0, 0]
FBtr0079914: ['exon skipping', 0, 0]
FBtr0079915: ['exon skipping', 0, 0]
FBtr0303898: ['no event', 86, 1]
FBtr0079916: ['no event', 86, 1]
FBtr0079912: ['no event', 86, 1]
FBtr0301834: ['no event', 86, 1]
FBtr0343798: ['no event', 86, 1]
FBtr0301835: ['no event', 86, 1]
FBtr0074680: ['no event', 86, 1]
>13
FBtr0080594: ['exon skipping', 0, 0]
FBtr0300594: ['exon skipping', 0, 0]
FBtr0309867: ['exon skipping', 0, 0]
FBtr0331284: ['exon skipping', 0, 0]
FBtr0079913: ['5event', 86, 1]
FBtr0079914: ['5event', 86, 1]
FBtr0079915: ['5event', 86, 1]
FBtr0303898: ['exon skipping', 0, 0]
FBtr0079916: ['exon skipping', 0, 0]
FBtr0079912: ['no event', 91, 1]
FBtr0301834: ['exon skipping', 0, 0]
FBtr0343798: ['exon skipping', 0, 0]
FBtr0301835: ['exon skipping', 0, 0]
FBtr0074680: ['exon skipping', 0, 0]
>14
FBtr0080594: ['5event', 109, 1]
FBtr0300594: ['5event', 109, 1]
FBtr0309867: ['5event', 109, 1]
FBtr0331284: ['5event', 109, 1]
FBtr0079913: ['no event', 110, 1]
FBtr0079914: ['no event', 110, 1]
FBtr0079915: ['no event', 110, 1]
FBtr0303898: ['5event', 109, 1]
FBtr0079916: ['5event', 109, 1]
FBtr0079912: ['no event', 110, 1]
FBtr0301834: ['5event', 109, 1]
FBtr0343798: ['5event', 109, 1]
FBtr0301835: ['5event', 109, 1]
FBtr0074680: ['5event', 109, 1]
>15
FBtr0080594: [['internal gap >= 30', 152, 374], 274, 0]
FBtr0300594: [['internal gap >= 30', 152, 374], 274, 0]
FBtr0309867: [['internal gap >= 30', 152, 374], 274, 0]
FBtr0331284: ['3event', 216, 0]
FBtr0079913: ['3event', 216, 0]
FBtr0079914: ['3event', 216, 0]
FBtr0079915: ['3event', 216, 0]
FBtr0303898: ['3event', 216, 0]
FBtr0079916: ['3event', 216, 0]
FBtr0079912: ['3event', 216, 0]
FBtr0301834: [['internal gap >= 30', 224, 377], 271, 0]
FBtr0343798: [['internal gap >= 30', 224, 377], 271, 0]
FBtr0301835: [['internal gap >= 30', 224, 377], 271, 0]
FBtr0074680: [['internal gap >= 30', 224, 377], 271, 0]
>16
FBtr0080594: [['internal gap < 30', 23, 18], 140, 2]
FBtr0300594: [['internal gap < 30', 23, 18], 140, 2]
FBtr0309867: [['internal gap < 30', 23, 18], 140, 2]
FBtr0331284: ['5event', ['internal gap >= 30', 59, 53], 105, 2]
FBtr0079913: ['5event', ['internal gap >= 30', 59, 53], 105, 2]
FBtr0079914: ['5event', ['internal gap >= 30', 59, 53], 105, 2]
FBtr0079915: ['5event', ['internal gap >= 30', 59, 53], 105, 2]
FBtr0303898: ['5event', ['internal gap >= 30', 59, 53], 105, 2]
FBtr0079916: ['5event', ['internal gap >= 30', 59, 53], 105, 2]
FBtr0079912: ['5event', ['internal gap >= 30', 59, 53], 105, 2]
FBtr0301834: [['internal gap < 30', 67, 3], 155, 2]
FBtr0343798: [['internal gap < 30', 67, 3], 155, 2]
FBtr0301835: [['internal gap < 30', 67, 3], 155, 2]
FBtr0074680: [['internal gap < 30', 67, 3], 155, 2]
>17
FBtr0080594: ['exon skipping', 0, 0]
FBtr0300594: ['exon skipping', 0, 0]
FBtr0309867: ['exon skipping', 0, 0]
FBtr0331284: ['no event', 67, 0]
FBtr0079913: ['no event', 67, 0]
FBtr0079914: ['no event', 67, 0]
FBtr0079915: ['no event', 67, 0]
FBtr0303898: ['no event', 67, 0]
FBtr0079916: ['no event', 67, 0]
FBtr0079912: ['no event', 67, 0]
FBtr0301834: ['exon skipping', 0, 0]
FBtr0343798: ['exon skipping', 0, 0]
FBtr0301835: ['exon skipping', 0, 0]
FBtr0074680: ['exon skipping', 0, 0]
>18
FBtr0080594: ['5event', 149, 0]
FBtr0300594: ['5event', 149, 0]
FBtr0309867: ['5event', 149, 0]
FBtr0331284: [['internal gap >= 30', 2, 68], 83, 2]
FBtr0079913: [['internal gap >= 30', 2, 68], 83, 2]
FBtr0079914: [['internal gap >= 30', 2, 68], 83, 2]
FBtr0079915: [['internal gap >= 30', 2, 68], 83, 2]
FBtr0303898: [['internal gap >= 30', 2, 68], 83, 2]
FBtr0079916: [['internal gap >= 30', 2, 68], 83, 2]
FBtr0079912: [['internal gap >= 30', 2, 68], 83, 2]
FBtr0301834: ['3event', '5event', 144, 0]
FBtr0343798: ['3event', '5event', 144, 0]
FBtr0301835: ['5event', 149, 0]
FBtr0074680: ['3event', '5event', 144, 0]
>19
FBtr0080594: ['exon skipping', 0, 0]
FBtr0300594: ['exon skipping', 0, 0]
FBtr0309867: ['exon skipping', 0, 0]
FBtr0331284: ['exon skipping', 0, 0]
FBtr0079913: ['exon skipping', 0, 0]
FBtr0079914: ['exon skipping', 0, 0]
FBtr0079915: ['exon skipping', 0, 0]
FBtr0303898: ['exon skipping', 0, 0]
FBtr0079916: ['exon skipping', 0, 0]
FBtr0079912: ['exon skipping', 0, 0]
FBtr0301834: ['exon skipping', 0, 0]
FBtr0343798: ['exon skipping', 0, 0]
FBtr0301835: ['no event', 11, 0]
FBtr0074680: ['exon skipping', 0, 0]
>20
FBtr0080594: ['exon skipping', 0, 0]
FBtr0300594: ['exon skipping', 0, 0]
FBtr0309867: ['exon skipping', 0, 0]
FBtr0331284: ['exon skipping', 0, 0]
FBtr0079913: ['exon skipping', 0, 0]
FBtr0079914: ['exon skipping', 0, 0]
FBtr0079915: ['exon skipping', 0, 0]
FBtr0303898: ['exon skipping', 0, 0]
FBtr0079916: ['exon skipping', 0, 0]
FBtr0079912: ['exon skipping', 0, 0]
FBtr0301834: ['5event', 5, 0]
FBtr0343798: ['5event', 5, 0]
FBtr0301835: ['exon skipping', 0, 0]
FBtr0074680: ['5event', 5, 0]
