>0
FBtr0081682: ['no event', 50, 0]
FBtr0333399: ['5event', 41, 0]
FBtr0333398: ['5event', 41, 0]
FBtr0072830: ['3event', '5event', 39, 0]
>1
FBtr0081682: ['no event', 138, 0]
FBtr0333399: [['internal gap < 30', 34, 6], 132, 0]
FBtr0333398: [['internal gap < 30', 34, 6], 132, 0]
FBtr0072830: ['5event', ['internal gap < 30', 33, 7], 131, 0]
>2
FBtr0081682: [['internal gap >= 30', 212, 57], 221, 0]
FBtr0333399: ['3event', 22, 0]
FBtr0333398: [['internal gap >= 30', 201, 43], 235, 0]
FBtr0072830: [['internal gap >= 30', 201, 43], 235, 0]
>3
FBtr0081682: [['internal gap < 30', 1, 1], 5, 2]
FBtr0333399: ['exon skipping', 0, 0]
FBtr0333398: ['exon skipping', 0, 0]
FBtr0072830: ['exon skipping', 0, 0]
>4
FBtr0081682: ['3event', 122, 2]
FBtr0333399: ['exon skipping', 0, 0]
FBtr0333398: ['5event', ['internal gap < 30', 76, 14], 135, 2]
FBtr0072830: ['5event', ['internal gap < 30', 76, 14], 135, 2]
>5
FBtr0081682: ['5event', 78, 2]
FBtr0333399: ['exon skipping', 0, 0]
FBtr0333398: ['exon skipping', 0, 0]
FBtr0072830: ['exon skipping', 0, 0]
