>0
F23H12.4a.1: ['exon skipping', 0, 0]
F23H12.4b.1: ['exon skipping', 0, 0]
Y41E3.2.1: ['exon skipping', 0, 0]
F36A4.10.1: ['exon skipping', 0, 0]
F36A4.6.1: ['no event', 26, 0]
F41F3.4.1: ['exon skipping', 0, 0]
Y38C1BA.3.1: ['exon skipping', 0, 0]
F54B11.1.1: ['exon skipping', 0, 0]
F19C7.7.1: ['exon skipping', 0, 0]
>1
F23H12.4a.1: ['5event', ['internal gap < 30', 7, 7], 81, 0]
F23H12.4b.1: ['exon skipping', 0, 0]
Y41E3.2.1: ['5event', ['internal gap < 30', 7, 7], 81, 0]
F36A4.10.1: ['5event', ['internal gap < 30', 7, 7], 81, 0]
F36A4.6.1: [['internal gap < 30', 1, 24], 64, 0]
F41F3.4.1: ['5event', ['internal gap < 30', 7, 7], 81, 0]
Y38C1BA.3.1: ['5event', ['internal gap < 30', 5, 10], 78, 0]
F54B11.1.1: ['5event', 87, 0]
F19C7.7.1: ['5event', ['internal gap < 30', 9, 4], 84, 0]
>2
F23H12.4a.1: ['5event', ['internal gap < 30', 37, 16], 65, 0]
F23H12.4b.1: ['exon skipping', 0, 0]
Y41E3.2.1: ['exon skipping', 0, 0]
F36A4.10.1: ['exon skipping', 0, 0]
F36A4.6.1: ['exon skipping', 0, 0]
F41F3.4.1: ['exon skipping', 0, 0]
Y38C1BA.3.1: ['exon skipping', 0, 0]
F54B11.1.1: ['5event', 80, 0]
F19C7.7.1: ['5event', ['internal gap < 30', 35, 21], 60, 0]
>3
F23H12.4a.1: ['no event', 14, 0]
F23H12.4b.1: ['exon skipping', 0, 0]
Y41E3.2.1: ['exon skipping', 0, 0]
F36A4.10.1: ['exon skipping', 0, 0]
F36A4.6.1: ['exon skipping', 0, 0]
F41F3.4.1: ['exon skipping', 0, 0]
Y38C1BA.3.1: ['exon skipping', 0, 0]
F54B11.1.1: ['exon skipping', 0, 0]
F19C7.7.1: ['3event', 12, 1]
>4
F23H12.4a.1: ['3event', 746, 0]
F23H12.4b.1: ['3event', '5event', 708, 0]
Y41E3.2.1: ['3event', '5event', 789, 0]
F36A4.10.1: ['3event', '5event', 819, 0]
F36A4.6.1: ['3event', '5event', 825, 0]
F41F3.4.1: ['3event', '5event', 846, 0]
Y38C1BA.3.1: ['3event', '5event', 797, 1]
F54B11.1.1: ['3event', '5event', 849, 0]
F19C7.7.1: ['5event', ['internal gap >= 30', 698, 1239], 758, 0]
>5
F23H12.4a.1: ['exon skipping', 0, 0]
F23H12.4b.1: ['exon skipping', 0, 0]
Y41E3.2.1: ['exon skipping', 0, 0]
F36A4.10.1: ['exon skipping', 0, 0]
F36A4.6.1: ['exon skipping', 0, 0]
F41F3.4.1: ['5event', 5, 0]
Y38C1BA.3.1: ['exon skipping', 0, 0]
F54B11.1.1: ['5event', 2, 0]
F19C7.7.1: ['exon skipping', 0, 0]
