>0
C14B9.6a.1: ['no event', 7, 0]
C14B9.6a.2: ['no event', 7, 0]
C14B9.6a.3: ['no event', 7, 0]
C14B9.6c.1: ['no event', 7, 0]
C14B9.6c.2: ['no event', 7, 0]
C14B9.6c.3: ['no event', 7, 0]
YCR033W_mRNA: ['exon skipping', 0, 0]
>1
C14B9.6a.1: ['exon skipping', 0, 0]
C14B9.6a.2: ['exon skipping', 0, 0]
C14B9.6a.3: ['exon skipping', 0, 0]
C14B9.6c.1: ['exon skipping', 0, 0]
C14B9.6c.2: ['exon skipping', 0, 0]
C14B9.6c.3: ['exon skipping', 0, 0]
YCR033W_mRNA: ['5event', 3680, 0]
>2
C14B9.6a.1: ['5event', 86, 2]
C14B9.6a.2: ['5event', 86, 2]
C14B9.6a.3: ['5event', 86, 2]
C14B9.6c.1: ['5event', 86, 2]
C14B9.6c.2: ['5event', 86, 2]
C14B9.6c.3: ['5event', 86, 2]
YCR033W_mRNA: ['exon skipping', 0, 0]
>3
C14B9.6a.1: ['no event', 646, 2]
C14B9.6a.2: ['no event', 646, 2]
C14B9.6a.3: ['no event', 646, 2]
C14B9.6c.1: ['no event', 646, 2]
C14B9.6c.2: ['no event', 646, 2]
C14B9.6c.3: ['no event', 646, 2]
YCR033W_mRNA: ['exon skipping', 0, 0]
>4
C14B9.6a.1: ['no event', 72, 1]
C14B9.6a.2: ['no event', 72, 1]
C14B9.6a.3: ['no event', 72, 1]
C14B9.6c.1: ['no event', 72, 1]
C14B9.6c.2: ['no event', 72, 1]
C14B9.6c.3: ['no event', 72, 1]
YCR033W_mRNA: ['exon skipping', 0, 0]
>5
C14B9.6a.1: ['no event', 189, 2]
C14B9.6a.2: ['no event', 189, 2]
C14B9.6a.3: ['no event', 189, 2]
C14B9.6c.1: ['no event', 189, 2]
C14B9.6c.2: ['no event', 189, 2]
C14B9.6c.3: ['no event', 189, 2]
YCR033W_mRNA: ['exon skipping', 0, 0]
>6
C14B9.6a.1: ['no event', 334, 0]
C14B9.6a.2: ['no event', 334, 0]
C14B9.6a.3: ['no event', 334, 0]
C14B9.6c.1: ['no event', 334, 0]
C14B9.6c.2: ['no event', 334, 0]
C14B9.6c.3: ['no event', 334, 0]
YCR033W_mRNA: ['exon skipping', 0, 0]
>7
C14B9.6a.1: ['no event', 1240, 2]
C14B9.6a.2: ['no event', 1240, 2]
C14B9.6a.3: ['no event', 1240, 2]
C14B9.6c.1: ['no event', 1240, 2]
C14B9.6c.2: ['no event', 1240, 2]
C14B9.6c.3: ['no event', 1240, 2]
YCR033W_mRNA: ['exon skipping', 0, 0]
>8
C14B9.6a.1: ['no event', 538, 1]
C14B9.6a.2: ['no event', 538, 1]
C14B9.6a.3: ['no event', 538, 1]
C14B9.6c.1: ['no event', 538, 1]
C14B9.6c.2: ['no event', 538, 1]
C14B9.6c.3: ['no event', 538, 1]
YCR033W_mRNA: ['exon skipping', 0, 0]
>9
C14B9.6a.1: ['no event', 202, 0]
C14B9.6a.2: ['no event', 202, 0]
C14B9.6a.3: ['no event', 202, 0]
C14B9.6c.1: ['no event', 202, 0]
C14B9.6c.2: ['no event', 202, 0]
C14B9.6c.3: ['no event', 202, 0]
YCR033W_mRNA: ['exon skipping', 0, 0]
>10
C14B9.6a.1: ['no event', 54, 2]
C14B9.6a.2: ['no event', 54, 2]
C14B9.6a.3: ['no event', 54, 2]
C14B9.6c.1: ['no event', 54, 2]
C14B9.6c.2: ['no event', 54, 2]
C14B9.6c.3: ['no event', 54, 2]
YCR033W_mRNA: ['exon skipping', 0, 0]
>11
C14B9.6a.1: ['no event', 131, 0]
C14B9.6a.2: ['no event', 131, 0]
C14B9.6a.3: ['no event', 131, 0]
C14B9.6c.1: ['no event', 131, 0]
C14B9.6c.2: ['no event', 131, 0]
C14B9.6c.3: ['no event', 131, 0]
YCR033W_mRNA: ['exon skipping', 0, 0]
>12
C14B9.6a.1: ['no event', 248, 0]
C14B9.6a.2: ['no event', 248, 0]
C14B9.6a.3: ['no event', 248, 0]
C14B9.6c.1: ['exon skipping', 0, 0]
C14B9.6c.2: ['exon skipping', 0, 0]
C14B9.6c.3: ['exon skipping', 0, 0]
YCR033W_mRNA: ['exon skipping', 0, 0]
>13
C14B9.6a.1: ['no event', 277, 0]
C14B9.6a.2: ['no event', 277, 0]
C14B9.6a.3: ['no event', 277, 0]
C14B9.6c.1: ['5event', 266, 0]
C14B9.6c.2: ['5event', 266, 0]
C14B9.6c.3: ['5event', 266, 0]
YCR033W_mRNA: ['exon skipping', 0, 0]
>14
C14B9.6a.1: ['no event', 71, 0]
C14B9.6a.2: ['no event', 71, 0]
C14B9.6a.3: ['no event', 71, 0]
C14B9.6c.1: ['no event', 71, 0]
C14B9.6c.2: ['no event', 71, 0]
C14B9.6c.3: ['no event', 71, 0]
YCR033W_mRNA: ['exon skipping', 0, 0]
>15
C14B9.6a.1: ['no event', 704, 0]
C14B9.6a.2: ['no event', 704, 0]
C14B9.6a.3: ['no event', 704, 0]
C14B9.6c.1: ['no event', 704, 0]
C14B9.6c.2: ['no event', 704, 0]
C14B9.6c.3: ['no event', 704, 0]
YCR033W_mRNA: ['exon skipping', 0, 0]
>16
C14B9.6a.1: ['no event', 354, 0]
C14B9.6a.2: ['no event', 354, 0]
C14B9.6a.3: ['no event', 354, 0]
C14B9.6c.1: ['no event', 354, 0]
C14B9.6c.2: ['no event', 354, 0]
C14B9.6c.3: ['no event', 354, 0]
YCR033W_mRNA: ['exon skipping', 0, 0]
>17
C14B9.6a.1: ['no event', 178, 1]
C14B9.6a.2: ['no event', 178, 1]
C14B9.6a.3: ['no event', 178, 1]
C14B9.6c.1: ['no event', 178, 1]
C14B9.6c.2: ['no event', 178, 1]
C14B9.6c.3: ['no event', 178, 1]
YCR033W_mRNA: ['exon skipping', 0, 0]
