>0
C17C3.12a.1: [['internal gap >= 30', 108, 38], 138, 0]
C17C3.12a.2: [['internal gap >= 30', 108, 38], 138, 0]
C17C3.12b.1: [['internal gap >= 30', 108, 38], 138, 0]
C17C3.12c.1: [['internal gap >= 30', 108, 38], 138, 0]
C17C3.12d.1: [['internal gap >= 30', 108, 38], 138, 0]
C17C3.12e.1: [['internal gap >= 30', 108, 38], 138, 0]
C55B7.4a.1: [['internal gap < 30', 75, 2], 174, 0]
C55B7.4b.1: ['exon skipping', 0, 0]
C55B7.4b.2: ['exon skipping', 0, 0]
C55B7.4b.3: ['exon skipping', 0, 0]
C55B7.4b.4: ['exon skipping', 0, 0]
C55B7.4b.5: ['exon skipping', 0, 0]
C55B7.4b.6: ['exon skipping', 0, 0]
C55B7.4b.7: ['exon skipping', 0, 0]
>1
C17C3.12a.1: [['internal gap < 30', 1, 12], 307, 1]
C17C3.12a.2: [['internal gap < 30', 1, 12], 307, 1]
C17C3.12b.1: ['3event', 128, 1]
C17C3.12c.1: [['internal gap < 30', 1, 12], 307, 1]
C17C3.12d.1: ['3event', 259, 1]
C17C3.12e.1: [['internal gap < 30', 1, 12], 307, 1]
C55B7.4a.1: ['3event', 102, 1]
C55B7.4b.1: ['exon skipping', 0, 0]
C55B7.4b.2: ['exon skipping', 0, 0]
C55B7.4b.3: ['exon skipping', 0, 0]
C55B7.4b.4: ['exon skipping', 0, 0]
C55B7.4b.5: ['exon skipping', 0, 0]
C55B7.4b.6: ['exon skipping', 0, 0]
C55B7.4b.7: ['exon skipping', 0, 0]
>2
C17C3.12a.1: ['exon skipping', 0, 0]
C17C3.12a.2: ['exon skipping', 0, 0]
C17C3.12b.1: ['exon skipping', 0, 0]
C17C3.12c.1: ['exon skipping', 0, 0]
C17C3.12d.1: ['exon skipping', 0, 0]
C17C3.12e.1: ['exon skipping', 0, 0]
C55B7.4a.1: ['5event', 2, 0]
C55B7.4b.1: ['exon skipping', 0, 0]
C55B7.4b.2: ['exon skipping', 0, 0]
C55B7.4b.3: ['exon skipping', 0, 0]
C55B7.4b.4: ['exon skipping', 0, 0]
C55B7.4b.5: ['exon skipping', 0, 0]
C55B7.4b.6: ['exon skipping', 0, 0]
C55B7.4b.7: ['exon skipping', 0, 0]
>3
C17C3.12a.1: ['3event', '5event', 237, 0]
C17C3.12a.2: ['3event', '5event', 237, 0]
C17C3.12b.1: ['3event', '5event', 237, 2]
C17C3.12c.1: ['3event', '5event', 237, 0]
C17C3.12d.1: ['3event', '5event', 119, 1]
C17C3.12e.1: ['3event', '5event', 237, 0]
C55B7.4a.1: [['internal gap < 30', 408, 2], 441, 0]
C55B7.4b.1: ['5event', ['internal gap < 30', 407, 3], 440, 0]
C55B7.4b.2: ['5event', ['internal gap < 30', 407, 3], 440, 0]
C55B7.4b.3: ['5event', ['internal gap < 30', 407, 3], 440, 0]
C55B7.4b.4: ['5event', ['internal gap < 30', 407, 3], 440, 0]
C55B7.4b.5: ['5event', ['internal gap < 30', 407, 3], 440, 0]
C55B7.4b.6: ['5event', ['internal gap < 30', 407, 3], 440, 0]
C55B7.4b.7: ['5event', ['internal gap < 30', 407, 3], 440, 0]
>4
C17C3.12a.1: ['5event', 96, 0]
C17C3.12a.2: ['5event', 96, 0]
C17C3.12b.1: ['3event', '5event', 49, 2]
C17C3.12c.1: ['5event', 96, 0]
C17C3.12d.1: ['exon skipping', 0, 0]
C17C3.12e.1: ['5event', 96, 0]
C55B7.4a.1: ['no event', 97, 0]
C55B7.4b.1: ['no event', 97, 0]
C55B7.4b.2: ['no event', 97, 0]
C55B7.4b.3: ['no event', 97, 0]
C55B7.4b.4: ['no event', 97, 0]
C55B7.4b.5: ['no event', 97, 0]
C55B7.4b.6: ['no event', 97, 0]
C55B7.4b.7: ['no event', 97, 0]
>5
C17C3.12a.1: ['3event', 147, 1]
C17C3.12a.2: ['3event', 147, 1]
C17C3.12b.1: ['exon skipping', 0, 0]
C17C3.12c.1: [['internal gap >= 30', 59, 403], 87, 1]
C17C3.12d.1: ['exon skipping', 0, 0]
C17C3.12e.1: [['internal gap >= 30', 1, 462], 28, 1]
C55B7.4a.1: [['internal gap >= 30', 142, 316], 174, 1]
C55B7.4b.1: [['internal gap >= 30', 172, 270], 220, 1]
C55B7.4b.2: [['internal gap >= 30', 172, 270], 220, 1]
C55B7.4b.3: [['internal gap >= 30', 172, 270], 220, 1]
C55B7.4b.4: [['internal gap >= 30', 172, 270], 220, 1]
C55B7.4b.5: [['internal gap >= 30', 172, 270], 220, 1]
C55B7.4b.6: [['internal gap >= 30', 172, 270], 220, 1]
C55B7.4b.7: [['internal gap >= 30', 172, 270], 220, 1]
>6
C17C3.12a.1: ['exon skipping', 0, 0]
C17C3.12a.2: ['exon skipping', 0, 0]
C17C3.12b.1: ['exon skipping', 0, 0]
C17C3.12c.1: ['no event', 108, 2]
C17C3.12d.1: ['exon skipping', 0, 0]
C17C3.12e.1: ['3event', 14, 0]
C55B7.4a.1: ['no event', 108, 2]
C55B7.4b.1: ['exon skipping', 0, 0]
C55B7.4b.2: ['exon skipping', 0, 0]
C55B7.4b.3: ['exon skipping', 0, 0]
C55B7.4b.4: ['exon skipping', 0, 0]
C55B7.4b.5: ['exon skipping', 0, 0]
C55B7.4b.6: ['exon skipping', 0, 0]
C55B7.4b.7: ['exon skipping', 0, 0]
>7
C17C3.12a.1: ['exon skipping', 0, 0]
C17C3.12a.2: ['exon skipping', 0, 0]
C17C3.12b.1: ['exon skipping', 0, 0]
C17C3.12c.1: [['internal gap < 30', 14, 4], 182, 0]
C17C3.12d.1: ['exon skipping', 0, 0]
C17C3.12e.1: ['exon skipping', 0, 0]
C55B7.4a.1: [['internal gap < 30', 3, 4], 182, 0]
C55B7.4b.1: ['exon skipping', 0, 0]
C55B7.4b.2: ['exon skipping', 0, 0]
C55B7.4b.3: ['exon skipping', 0, 0]
C55B7.4b.4: ['exon skipping', 0, 0]
C55B7.4b.5: ['exon skipping', 0, 0]
C55B7.4b.6: ['exon skipping', 0, 0]
C55B7.4b.7: ['exon skipping', 0, 0]
