>0
F47C12.7.1: [['internal gap < 30', 48, 2], 142, 0]
F47C12.8.1: ['3event', '5event', 62, 0]
F36A4.2.1: [['internal gap < 30', 86, 8], 136, 0]
F36A4.1.1: [['internal gap < 30', 66, 5], 139, 0]
F36A4.3.1: ['5event', ['internal gap >= 30', 9, 62], 82, 0]
>1
F47C12.7.1: ['no event', 2, 2]
F47C12.8.1: ['exon skipping', 0, 0]
F36A4.2.1: ['exon skipping', 0, 0]
F36A4.1.1: ['exon skipping', 0, 0]
F36A4.3.1: ['exon skipping', 0, 0]
>2
F47C12.7.1: [['internal gap < 30', 2, 5], 4, 2]
F47C12.8.1: ['5event', 7, 2]
F36A4.2.1: ['exon skipping', 0, 0]
F36A4.1.1: ['exon skipping', 0, 0]
F36A4.3.1: ['exon skipping', 0, 0]
>3
F47C12.7.1: [['internal gap < 30', 1, 1], 94, 2]
F47C12.8.1: ['3event', 93, 1]
F36A4.2.1: ['5event', ['internal gap < 30', 73, 5], 90, 2]
F36A4.1.1: ['5event', ['internal gap < 30', 73, 5], 90, 2]
F36A4.3.1: ['5event', 93, 2]
>4
F47C12.7.1: [['internal gap >= 30', 102, 66], 180, 0]
F47C12.8.1: ['5event', ['internal gap >= 30', 92, 76], 170, 0]
F36A4.2.1: [['internal gap >= 30', 103, 63], 183, 0]
F36A4.1.1: ['3event', 85, 0]
F36A4.3.1: ['3event', 178, 0]
>5
F47C12.7.1: ['exon skipping', 0, 0]
F47C12.8.1: ['exon skipping', 0, 0]
F36A4.2.1: ['no event', 11, 0]
F36A4.1.1: ['exon skipping', 0, 0]
F36A4.3.1: ['exon skipping', 0, 0]
