>0
F17E5.2.1: ['5event', 60, 0]
F55A11.4a.1: ['no event', 69, 0]
F55A11.4a.2: ['no event', 69, 0]
>1
F17E5.2.1: [['internal gap >= 30', 79, 51], 159, 1]
F55A11.4a.1: [['internal gap >= 30', 79, 51], 159, 1]
F55A11.4a.2: [['internal gap >= 30', 79, 51], 159, 1]
>2
F17E5.2.1: ['no event', 111, 2]
F55A11.4a.1: ['exon skipping', 0, 0]
F55A11.4a.2: ['exon skipping', 0, 0]
>3
F17E5.2.1: ['3event', 218, 0]
F55A11.4a.1: ['5event', 600, 2]
F55A11.4a.2: ['5event', 600, 2]
>4
F17E5.2.1: ['5event', 111, 2]
F55A11.4a.1: ['exon skipping', 0, 0]
F55A11.4a.2: ['exon skipping', 0, 0]
>5
F17E5.2.1: ['no event', 158, 0]
F55A11.4a.1: ['exon skipping', 0, 0]
F55A11.4a.2: ['exon skipping', 0, 0]
>6
F17E5.2.1: ['3event', 231, 0]
F55A11.4a.1: ['5event', 470, 0]
F55A11.4a.2: ['5event', 470, 0]
>7
F17E5.2.1: ['5event', 145, 1]
F55A11.4a.1: ['exon skipping', 0, 0]
F55A11.4a.2: ['exon skipping', 0, 0]
>8
F17E5.2.1: ['no event', 92, 0]
F55A11.4a.1: ['exon skipping', 0, 0]
F55A11.4a.2: ['exon skipping', 0, 0]
>9
F17E5.2.1: ['no event', 119, 0]
F55A11.4a.1: ['5event', 117, 0]
F55A11.4a.2: ['5event', 117, 0]
>10
F17E5.2.1: ['no event', 115, 1]
F55A11.4a.1: [['internal gap < 30', 1, 3], 112, 1]
F55A11.4a.2: [['internal gap < 30', 1, 3], 112, 1]
>11
F17E5.2.1: ['no event', 74, 0]
F55A11.4a.1: ['no event', 74, 0]
F55A11.4a.2: ['no event', 74, 0]
