>0
C10G11.4.1: ['5event', ['internal gap >= 30', 202, 47], 220, 0]
B0334.7.1: [['internal gap >= 30', 163, 86], 181, 0]
T03F7.2.1: ['5event', ['internal gap >= 30', 211, 38], 229, 0]
C54D10.6.1: [['internal gap >= 30', 94, 91], 176, 0]
>1
C10G11.4.1: ['3event', 654, 2]
B0334.7.1: [['internal gap >= 30', 299, 1005], 339, 2]
T03F7.2.1: ['3event', 639, 2]
C54D10.6.1: ['3event', '5event', 571, 2]
>2
C10G11.4.1: ['exon skipping', 0, 0]
B0334.7.1: ['no event', 224, 0]
T03F7.2.1: ['exon skipping', 0, 0]
C54D10.6.1: ['exon skipping', 0, 0]
>3
C10G11.4.1: ['exon skipping', 0, 0]
B0334.7.1: [['internal gap < 30', 75, 3], 81, 0]
T03F7.2.1: ['exon skipping', 0, 0]
C54D10.6.1: ['5event', 81, 0]
>4
C10G11.4.1: ['3event', '5event', 164, 1]
B0334.7.1: [['internal gap >= 30', 161, 92], 190, 1]
T03F7.2.1: ['3event', '5event', 197, 1]
C54D10.6.1: ['3event', 219, 1]
