>0
F27D9.2.1: [['internal gap >= 30', 69, 31], 92, 0]
Y53G8AR.7a.1: ['3event', '5event', 107, 0]
Y53G8AR.7b.1: ['exon skipping', 0, 0]
>1
F27D9.2.1: ['3event', 359, 0]
Y53G8AR.7a.1: ['5event', ['internal gap >= 30', 180, 189], 229, 2]
Y53G8AR.7b.1: ['exon skipping', 0, 0]
>2
F27D9.2.1: ['5event', ['internal gap >= 30', 159, 46], 271, 1]
Y53G8AR.7a.1: [['internal gap >= 30', 242, 60], 257, 1]
Y53G8AR.7b.1: ['exon skipping', 0, 0]
>3
F27D9.2.1: ['no event', 44, 0]
Y53G8AR.7a.1: ['exon skipping', 0, 0]
Y53G8AR.7b.1: ['exon skipping', 0, 0]
>4
F27D9.2.1: ['exon skipping', 0, 0]
Y53G8AR.7a.1: ['5event', 171, 0]
Y53G8AR.7b.1: ['exon skipping', 0, 0]
>5
F27D9.2.1: ['5event', 91, 0]
Y53G8AR.7a.1: ['no event', 97, 1]
Y53G8AR.7b.1: ['5event', 82, 0]
>6
F27D9.2.1: ['no event', 140, 2]
Y53G8AR.7a.1: ['exon skipping', 0, 0]
Y53G8AR.7b.1: ['exon skipping', 0, 0]
>7
F27D9.2.1: ['exon skipping', 0, 0]
Y53G8AR.7a.1: ['5event', 64, 2]
Y53G8AR.7b.1: ['5event', 64, 2]
>8
F27D9.2.1: ['exon skipping', 0, 0]
Y53G8AR.7a.1: ['no event', 73, 1]
Y53G8AR.7b.1: ['no event', 73, 1]
>9
F27D9.2.1: ['5event', ['internal gap >= 30', 124, 75], 177, 2]
Y53G8AR.7a.1: ['3event', 200, 2]
Y53G8AR.7b.1: ['exon skipping', 0, 0]
>10
F27D9.2.1: [['internal gap < 30', 1, 19], 102, 0]
Y53G8AR.7a.1: ['5event', ['internal gap < 30', 36, 8], 113, 0]
Y53G8AR.7b.1: ['exon skipping', 0, 0]
>11
F27D9.2.1: ['no event', 122, 0]
Y53G8AR.7a.1: [['internal gap < 30', 94, 9], 113, 0]
Y53G8AR.7b.1: ['exon skipping', 0, 0]
>12
F27D9.2.1: [['internal gap >= 30', 62, 39], 92, 0]
Y53G8AR.7a.1: ['no event', 131, 0]
Y53G8AR.7b.1: ['exon skipping', 0, 0]
