>0
C25A1.8.1: ['exon skipping', 0, 0]
K10B2.3a.1: ['exon skipping', 0, 0]
K10B2.3a.2: ['exon skipping', 0, 0]
K10B2.3b.1: ['exon skipping', 0, 0]
K10B2.3b.2: ['exon skipping', 0, 0]
ZK858.3.1: ['exon skipping', 0, 0]
C25B8.4a.1: ['no event', 7, 0]
C25B8.4b.1: ['exon skipping', 0, 0]
C25B8.4c.1: ['no event', 7, 0]
>1
C25A1.8.1: ['5event', ['internal gap >= 30', 135, 31], 150, 0]
K10B2.3a.1: ['5event', ['internal gap >= 30', 120, 46], 135, 0]
K10B2.3a.2: ['5event', ['internal gap >= 30', 120, 46], 135, 0]
K10B2.3b.1: ['5event', ['internal gap >= 30', 120, 46], 135, 0]
K10B2.3b.2: ['5event', ['internal gap >= 30', 120, 46], 135, 0]
ZK858.3.1: ['5event', ['internal gap >= 30', 108, 58], 123, 0]
C25B8.4a.1: ['3event', 63, 2]
C25B8.4b.1: ['3event', '5event', 178, 0]
C25B8.4c.1: ['3event', 63, 2]
>2
C25A1.8.1: ['exon skipping', 0, 0]
K10B2.3a.1: ['exon skipping', 0, 0]
K10B2.3a.2: ['exon skipping', 0, 0]
K10B2.3b.1: ['exon skipping', 0, 0]
K10B2.3b.2: ['exon skipping', 0, 0]
ZK858.3.1: ['exon skipping', 0, 0]
C25B8.4a.1: ['5event', 91, 1]
C25B8.4b.1: ['5event', 91, 1]
C25B8.4c.1: ['5event', 91, 1]
>3
C25A1.8.1: ['exon skipping', 0, 0]
K10B2.3a.1: ['exon skipping', 0, 0]
K10B2.3a.2: ['exon skipping', 0, 0]
K10B2.3b.1: ['exon skipping', 0, 0]
K10B2.3b.2: ['exon skipping', 0, 0]
ZK858.3.1: ['exon skipping', 0, 0]
C25B8.4a.1: ['no event', 143, 0]
C25B8.4b.1: ['no event', 143, 0]
C25B8.4c.1: ['no event', 143, 0]
>4
C25A1.8.1: ['3event', '5event', 551, 1]
K10B2.3a.1: ['3event', '5event', 551, 1]
K10B2.3a.2: ['3event', '5event', 551, 1]
K10B2.3b.1: ['3event', '5event', 596, 1]
K10B2.3b.2: ['3event', '5event', 596, 1]
ZK858.3.1: ['3event', '5event', 554, 1]
C25B8.4a.1: [['internal gap >= 30', 130, 309], 332, 0]
C25B8.4b.1: [['internal gap >= 30', 130, 309], 332, 0]
C25B8.4c.1: ['3event', 134, 0]
