>0
F33D11.2.1: ['exon skipping', 0, 0]
F33D11.2.2: ['exon skipping', 0, 0]
C17E4.1a.1: ['no event', 148, 0]
C17E4.1b.1: ['exon skipping', 0, 0]
T04B2.7.1: ['exon skipping', 0, 0]
T09A12.1.1: ['exon skipping', 0, 0]
>1
F33D11.2.1: ['3event', '5event', 62, 0]
F33D11.2.2: ['3event', '5event', 62, 0]
C17E4.1a.1: [['internal gap < 30', 35, 9], 102, 2]
C17E4.1b.1: ['5event', 58, 0]
T04B2.7.1: ['3event', '5event', 62, 0]
T09A12.1.1: ['3event', '5event', 47, 0]
>2
F33D11.2.1: ['exon skipping', 0, 0]
F33D11.2.2: ['exon skipping', 0, 0]
C17E4.1a.1: ['exon skipping', 0, 0]
C17E4.1b.1: ['exon skipping', 0, 0]
T04B2.7.1: ['exon skipping', 0, 0]
T09A12.1.1: ['5event', 66, 2]
>3
F33D11.2.1: ['5event', ['internal gap >= 30', 55, 41], 117, 2]
F33D11.2.2: ['5event', ['internal gap >= 30', 55, 41], 117, 2]
C17E4.1a.1: ['3event', '5event', 118, 2]
C17E4.1b.1: ['3event', '5event', 118, 2]
T04B2.7.1: ['3event', '5event', 127, 2]
T09A12.1.1: ['3event', 112, 0]
>4
F33D11.2.1: ['exon skipping', 0, 0]
F33D11.2.2: ['exon skipping', 0, 0]
C17E4.1a.1: ['exon skipping', 0, 0]
C17E4.1b.1: ['exon skipping', 0, 0]
T04B2.7.1: ['5event', 11, 0]
T09A12.1.1: ['5event', 22, 0]
>5
F33D11.2.1: ['exon skipping', 0, 0]
F33D11.2.2: ['exon skipping', 0, 0]
C17E4.1a.1: ['exon skipping', 0, 0]
C17E4.1b.1: ['exon skipping', 0, 0]
T04B2.7.1: ['exon skipping', 0, 0]
T09A12.1.1: ['no event', 2, 2]
>6
F33D11.2.1: ['5event', ['internal gap >= 30', 237, 43], 284, 0]
F33D11.2.2: ['5event', ['internal gap >= 30', 237, 43], 284, 0]
C17E4.1a.1: ['5event', ['internal gap >= 30', 217, 94], 233, 0]
C17E4.1b.1: ['5event', ['internal gap >= 30', 217, 94], 233, 0]
T04B2.7.1: ['5event', ['internal gap >= 30', 240, 70], 257, 0]
T09A12.1.1: ['3event', 232, 2]
>7
F33D11.2.1: [['internal gap >= 30', 318, 141], 590, 0]
F33D11.2.2: [['internal gap >= 30', 318, 141], 590, 0]
C17E4.1a.1: [['internal gap >= 30', 324, 135], 596, 0]
C17E4.1b.1: [['internal gap >= 30', 324, 135], 596, 0]
T04B2.7.1: [['internal gap >= 30', 219, 159], 572, 0]
T09A12.1.1: ['3event', '5event', 386, 1]
>8
F33D11.2.1: ['no event', 71, 0]
F33D11.2.2: ['no event', 71, 0]
C17E4.1a.1: ['no event', 71, 0]
C17E4.1b.1: ['no event', 71, 0]
T04B2.7.1: ['no event', 71, 0]
T09A12.1.1: ['exon skipping', 0, 0]
>9
F33D11.2.1: ['exon skipping', 0, 0]
F33D11.2.2: ['exon skipping', 0, 0]
C17E4.1a.1: ['no event', 5, 0]
C17E4.1b.1: ['no event', 5, 0]
T04B2.7.1: ['exon skipping', 0, 0]
T09A12.1.1: ['exon skipping', 0, 0]
>10
F33D11.2.1: ['exon skipping', 0, 0]
F33D11.2.2: ['exon skipping', 0, 0]
C17E4.1a.1: ['exon skipping', 0, 0]
C17E4.1b.1: ['exon skipping', 0, 0]
T04B2.7.1: ['exon skipping', 0, 0]
T09A12.1.1: ['5event', 152, 0]
