>0
FBtr0330122: ['exon skipping', 0, 0]
FBtr0330123: ['exon skipping', 0, 0]
FBtr0346962: ['exon skipping', 0, 0]
FBtr0330124: ['exon skipping', 0, 0]
FBtr0112710: ['exon skipping', 0, 0]
FBtr0112708: ['exon skipping', 0, 0]
FBtr0330126: ['exon skipping', 0, 0]
FBtr0340656: ['exon skipping', 0, 0]
FBtr0340654: ['exon skipping', 0, 0]
FBtr0112712: ['exon skipping', 0, 0]
FBtr0330125: ['exon skipping', 0, 0]
FBtr0112709: ['exon skipping', 0, 0]
FBtr0340655: ['exon skipping', 0, 0]
C11D9.1.1: ['no event', 67, 0]
YAL041W_mRNA: ['exon skipping', 0, 0]
>1
FBtr0330122: ['exon skipping', 0, 0]
FBtr0330123: ['exon skipping', 0, 0]
FBtr0346962: ['exon skipping', 0, 0]
FBtr0330124: ['exon skipping', 0, 0]
FBtr0112710: ['exon skipping', 0, 0]
FBtr0112708: ['exon skipping', 0, 0]
FBtr0330126: ['exon skipping', 0, 0]
FBtr0340656: ['exon skipping', 0, 0]
FBtr0340654: ['exon skipping', 0, 0]
FBtr0112712: ['exon skipping', 0, 0]
FBtr0330125: ['exon skipping', 0, 0]
FBtr0112709: ['exon skipping', 0, 0]
FBtr0340655: ['exon skipping', 0, 0]
C11D9.1.1: ['exon skipping', 0, 0]
YAL041W_mRNA: ['5event', 2564, 0]
>2
FBtr0330122: ['exon skipping', 0, 0]
FBtr0330123: ['exon skipping', 0, 0]
FBtr0346962: ['exon skipping', 0, 0]
FBtr0330124: ['exon skipping', 0, 0]
FBtr0112710: ['exon skipping', 0, 0]
FBtr0112708: ['exon skipping', 0, 0]
FBtr0330126: ['exon skipping', 0, 0]
FBtr0340656: ['exon skipping', 0, 0]
FBtr0340654: ['exon skipping', 0, 0]
FBtr0112712: ['exon skipping', 0, 0]
FBtr0330125: ['exon skipping', 0, 0]
FBtr0112709: ['exon skipping', 0, 0]
FBtr0340655: ['exon skipping', 0, 0]
C11D9.1.1: ['5event', 72, 2]
YAL041W_mRNA: ['exon skipping', 0, 0]
>3
FBtr0330122: ['5event', 106, 0]
FBtr0330123: ['5event', 106, 0]
FBtr0346962: ['5event', 106, 0]
FBtr0330124: ['exon skipping', 0, 0]
FBtr0112710: ['exon skipping', 0, 0]
FBtr0112708: ['5event', 106, 0]
FBtr0330126: ['exon skipping', 0, 0]
FBtr0340656: ['exon skipping', 0, 0]
FBtr0340654: ['5event', 106, 0]
FBtr0112712: ['5event', 106, 0]
FBtr0330125: ['5event', 106, 0]
FBtr0112709: ['exon skipping', 0, 0]
FBtr0340655: ['5event', 106, 0]
C11D9.1.1: [['internal gap < 30', 87, 18], 95, 0]
YAL041W_mRNA: ['exon skipping', 0, 0]
>4
FBtr0330122: ['no event', 193, 2]
FBtr0330123: ['no event', 193, 2]
FBtr0346962: ['no event', 193, 2]
FBtr0330124: ['exon skipping', 0, 0]
FBtr0112710: ['exon skipping', 0, 0]
FBtr0112708: ['no event', 193, 2]
FBtr0330126: ['exon skipping', 0, 0]
FBtr0340656: ['exon skipping', 0, 0]
FBtr0340654: ['no event', 193, 2]
FBtr0112712: ['no event', 193, 2]
FBtr0330125: ['no event', 193, 2]
FBtr0112709: ['exon skipping', 0, 0]
FBtr0340655: [['internal gap < 30', 1, 9], 184, 2]
C11D9.1.1: ['exon skipping', 0, 0]
YAL041W_mRNA: ['exon skipping', 0, 0]
>5
FBtr0330122: [['internal gap < 30', 70, 13], 118, 1]
FBtr0330123: [['internal gap < 30', 70, 13], 118, 1]
FBtr0346962: [['internal gap < 30', 70, 13], 118, 1]
FBtr0330124: ['exon skipping', 0, 0]
FBtr0112710: ['exon skipping', 0, 0]
FBtr0112708: [['internal gap < 30', 70, 13], 118, 1]
FBtr0330126: ['exon skipping', 0, 0]
FBtr0340656: ['exon skipping', 0, 0]
FBtr0340654: [['internal gap < 30', 70, 13], 118, 1]
FBtr0112712: [['internal gap < 30', 70, 13], 118, 1]
FBtr0330125: [['internal gap < 30', 70, 13], 118, 1]
FBtr0112709: ['exon skipping', 0, 0]
FBtr0340655: [['internal gap < 30', 70, 13], 118, 1]
C11D9.1.1: ['3event', '5event', 110, 1]
YAL041W_mRNA: ['exon skipping', 0, 0]
>6
FBtr0330122: ['no event', 201, 0]
FBtr0330123: ['no event', 201, 0]
FBtr0346962: ['no event', 201, 0]
FBtr0330124: ['exon skipping', 0, 0]
FBtr0112710: ['exon skipping', 0, 0]
FBtr0112708: ['no event', 201, 0]
FBtr0330126: ['exon skipping', 0, 0]
FBtr0340656: ['5event', 48, 0]
FBtr0340654: ['no event', 201, 0]
FBtr0112712: ['no event', 201, 0]
FBtr0330125: [['internal gap < 30', 3, 27], 174, 0]
FBtr0112709: ['exon skipping', 0, 0]
FBtr0340655: [['internal gap < 30', 3, 27], 174, 0]
C11D9.1.1: ['exon skipping', 0, 0]
YAL041W_mRNA: ['exon skipping', 0, 0]
>7
FBtr0330122: ['exon skipping', 0, 0]
FBtr0330123: ['exon skipping', 0, 0]
FBtr0346962: ['exon skipping', 0, 0]
FBtr0330124: ['exon skipping', 0, 0]
FBtr0112710: ['exon skipping', 0, 0]
FBtr0112708: ['exon skipping', 0, 0]
FBtr0330126: ['exon skipping', 0, 0]
FBtr0340656: ['exon skipping', 0, 0]
FBtr0340654: ['exon skipping', 0, 0]
FBtr0112712: ['exon skipping', 0, 0]
FBtr0330125: ['exon skipping', 0, 0]
FBtr0112709: ['exon skipping', 0, 0]
FBtr0340655: ['exon skipping', 0, 0]
C11D9.1.1: ['5event', 119, 0]
YAL041W_mRNA: ['exon skipping', 0, 0]
>8
FBtr0330122: ['5event', 155, 1]
FBtr0330123: ['5event', 155, 1]
FBtr0346962: ['5event', 155, 1]
FBtr0330124: ['exon skipping', 0, 0]
FBtr0112710: ['exon skipping', 0, 0]
FBtr0112708: ['5event', 155, 1]
FBtr0330126: ['exon skipping', 0, 0]
FBtr0340656: ['5event', 155, 1]
FBtr0340654: ['5event', 155, 1]
FBtr0112712: ['5event', 155, 1]
FBtr0330125: ['5event', 155, 1]
FBtr0112709: ['exon skipping', 0, 0]
FBtr0340655: ['5event', 155, 1]
C11D9.1.1: ['exon skipping', 0, 0]
YAL041W_mRNA: ['exon skipping', 0, 0]
>9
FBtr0330122: ['exon skipping', 0, 0]
FBtr0330123: ['exon skipping', 0, 0]
FBtr0346962: ['exon skipping', 0, 0]
FBtr0330124: ['exon skipping', 0, 0]
FBtr0112710: ['exon skipping', 0, 0]
FBtr0112708: ['exon skipping', 0, 0]
FBtr0330126: ['exon skipping', 0, 0]
FBtr0340656: ['exon skipping', 0, 0]
FBtr0340654: ['exon skipping', 0, 0]
FBtr0112712: ['exon skipping', 0, 0]
FBtr0330125: ['exon skipping', 0, 0]
FBtr0112709: ['exon skipping', 0, 0]
FBtr0340655: ['exon skipping', 0, 0]
C11D9.1.1: ['5event', 62, 0]
YAL041W_mRNA: ['exon skipping', 0, 0]
>10
FBtr0330122: ['5event', ['internal gap >= 30', 171, 77], 304, 1]
FBtr0330123: ['5event', ['internal gap >= 30', 171, 77], 304, 1]
FBtr0346962: ['5event', ['internal gap >= 30', 171, 77], 304, 1]
FBtr0330124: ['exon skipping', 0, 0]
FBtr0112710: ['exon skipping', 0, 0]
FBtr0112708: ['5event', ['internal gap >= 30', 171, 77], 304, 1]
FBtr0330126: ['exon skipping', 0, 0]
FBtr0340656: ['5event', ['internal gap >= 30', 171, 77], 304, 1]
FBtr0340654: ['5event', ['internal gap >= 30', 171, 77], 304, 1]
FBtr0112712: ['5event', ['internal gap >= 30', 171, 77], 304, 1]
FBtr0330125: ['5event', ['internal gap >= 30', 171, 77], 304, 1]
FBtr0112709: ['exon skipping', 0, 0]
FBtr0340655: ['5event', ['internal gap >= 30', 171, 77], 304, 1]
C11D9.1.1: ['3event', 346, 0]
YAL041W_mRNA: ['exon skipping', 0, 0]
>11
FBtr0330122: ['no event', 346, 0]
FBtr0330123: ['no event', 346, 0]
FBtr0346962: ['no event', 346, 0]
FBtr0330124: ['exon skipping', 0, 0]
FBtr0112710: ['exon skipping', 0, 0]
FBtr0112708: ['no event', 346, 0]
FBtr0330126: ['exon skipping', 0, 0]
FBtr0340656: ['no event', 346, 0]
FBtr0340654: ['no event', 346, 0]
FBtr0112712: ['no event', 346, 0]
FBtr0330125: ['no event', 346, 0]
FBtr0112709: ['exon skipping', 0, 0]
FBtr0340655: ['no event', 346, 0]
C11D9.1.1: ['exon skipping', 0, 0]
YAL041W_mRNA: ['exon skipping', 0, 0]
>12
FBtr0330122: ['no event', 418, 2]
FBtr0330123: ['no event', 418, 2]
FBtr0346962: ['no event', 418, 2]
FBtr0330124: ['exon skipping', 0, 0]
FBtr0112710: ['exon skipping', 0, 0]
FBtr0112708: ['no event', 418, 2]
FBtr0330126: ['exon skipping', 0, 0]
FBtr0340656: ['no event', 418, 2]
FBtr0340654: ['no event', 418, 2]
FBtr0112712: ['no event', 418, 2]
FBtr0330125: ['no event', 418, 2]
FBtr0112709: ['exon skipping', 0, 0]
FBtr0340655: ['no event', 418, 2]
C11D9.1.1: ['exon skipping', 0, 0]
YAL041W_mRNA: ['exon skipping', 0, 0]
>13
FBtr0330122: ['exon skipping', 0, 0]
FBtr0330123: ['no event', 56, 1]
FBtr0346962: ['no event', 56, 1]
FBtr0330124: ['exon skipping', 0, 0]
FBtr0112710: ['exon skipping', 0, 0]
FBtr0112708: ['exon skipping', 0, 0]
FBtr0330126: ['exon skipping', 0, 0]
FBtr0340656: ['exon skipping', 0, 0]
FBtr0340654: ['exon skipping', 0, 0]
FBtr0112712: ['exon skipping', 0, 0]
FBtr0330125: ['no event', 56, 1]
FBtr0112709: ['exon skipping', 0, 0]
FBtr0340655: ['no event', 56, 1]
C11D9.1.1: ['exon skipping', 0, 0]
YAL041W_mRNA: ['exon skipping', 0, 0]
>14
FBtr0330122: ['5event', 168, 1]
FBtr0330123: ['no event', 172, 1]
FBtr0346962: ['no event', 172, 1]
FBtr0330124: ['exon skipping', 0, 0]
FBtr0112710: ['exon skipping', 0, 0]
FBtr0112708: ['5event', 168, 1]
FBtr0330126: ['exon skipping', 0, 0]
FBtr0340656: ['5event', 168, 1]
FBtr0340654: ['5event', 168, 1]
FBtr0112712: ['5event', 168, 1]
FBtr0330125: ['no event', 172, 1]
FBtr0112709: ['exon skipping', 0, 0]
FBtr0340655: ['no event', 172, 1]
C11D9.1.1: ['exon skipping', 0, 0]
YAL041W_mRNA: ['exon skipping', 0, 0]
>15
FBtr0330122: ['no event', 248, 2]
FBtr0330123: ['no event', 248, 2]
FBtr0346962: ['no event', 248, 2]
FBtr0330124: ['exon skipping', 0, 0]
FBtr0112710: ['exon skipping', 0, 0]
FBtr0112708: ['no event', 248, 2]
FBtr0330126: ['exon skipping', 0, 0]
FBtr0340656: ['no event', 248, 2]
FBtr0340654: ['no event', 248, 2]
FBtr0112712: ['no event', 248, 2]
FBtr0330125: ['no event', 248, 2]
FBtr0112709: ['exon skipping', 0, 0]
FBtr0340655: ['no event', 248, 2]
C11D9.1.1: ['exon skipping', 0, 0]
YAL041W_mRNA: ['exon skipping', 0, 0]
>16
FBtr0330122: [['internal gap < 30', 72, 17], 129, 2]
FBtr0330123: [['internal gap < 30', 72, 17], 129, 2]
FBtr0346962: [['internal gap < 30', 72, 17], 129, 2]
FBtr0330124: ['exon skipping', 0, 0]
FBtr0112710: ['exon skipping', 0, 0]
FBtr0112708: [['internal gap < 30', 72, 17], 129, 2]
FBtr0330126: ['exon skipping', 0, 0]
FBtr0340656: [['internal gap < 30', 72, 17], 129, 2]
FBtr0340654: [['internal gap < 30', 72, 17], 129, 2]
FBtr0112712: [['internal gap < 30', 72, 17], 129, 2]
FBtr0330125: [['internal gap < 30', 72, 17], 129, 2]
FBtr0112709: ['exon skipping', 0, 0]
FBtr0340655: [['internal gap < 30', 72, 17], 129, 2]
C11D9.1.1: ['3event', '5event', 104, 0]
YAL041W_mRNA: ['exon skipping', 0, 0]
>17
FBtr0330122: ['exon skipping', 0, 0]
FBtr0330123: ['exon skipping', 0, 0]
FBtr0346962: ['exon skipping', 0, 0]
FBtr0330124: ['exon skipping', 0, 0]
FBtr0112710: ['5event', 2333, 0]
FBtr0112708: ['exon skipping', 0, 0]
FBtr0330126: ['5event', 2333, 0]
FBtr0340656: ['exon skipping', 0, 0]
FBtr0340654: ['exon skipping', 0, 0]
FBtr0112712: ['exon skipping', 0, 0]
FBtr0330125: ['exon skipping', 0, 0]
FBtr0112709: ['5event', 2333, 0]
FBtr0340655: ['exon skipping', 0, 0]
C11D9.1.1: ['exon skipping', 0, 0]
YAL041W_mRNA: ['exon skipping', 0, 0]
>18
FBtr0330122: ['5event', 145, 0]
FBtr0330123: ['5event', 145, 0]
FBtr0346962: ['5event', 145, 0]
FBtr0330124: ['5event', 127, 0]
FBtr0112710: ['no event', 146, 0]
FBtr0112708: ['5event', 145, 0]
FBtr0330126: ['no event', 146, 0]
FBtr0340656: ['5event', 145, 0]
FBtr0340654: ['5event', 145, 0]
FBtr0112712: ['5event', 145, 0]
FBtr0330125: ['5event', 145, 0]
FBtr0112709: ['no event', 146, 0]
FBtr0340655: ['5event', 145, 0]
C11D9.1.1: ['exon skipping', 0, 0]
YAL041W_mRNA: ['exon skipping', 0, 0]
>19
FBtr0330122: ['no event', 279, 2]
FBtr0330123: ['no event', 279, 2]
FBtr0346962: ['no event', 279, 2]
FBtr0330124: ['no event', 279, 2]
FBtr0112710: ['no event', 279, 2]
FBtr0112708: ['no event', 279, 2]
FBtr0330126: ['no event', 279, 2]
FBtr0340656: ['no event', 279, 2]
FBtr0340654: ['no event', 279, 2]
FBtr0112712: ['no event', 279, 2]
FBtr0330125: ['no event', 279, 2]
FBtr0112709: ['no event', 279, 2]
FBtr0340655: ['no event', 279, 2]
C11D9.1.1: ['exon skipping', 0, 0]
YAL041W_mRNA: ['exon skipping', 0, 0]
>20
FBtr0330122: ['no event', 131, 0]
FBtr0330123: ['no event', 131, 0]
FBtr0346962: ['no event', 131, 0]
FBtr0330124: ['no event', 131, 0]
FBtr0112710: ['no event', 131, 0]
FBtr0112708: ['no event', 131, 0]
FBtr0330126: ['no event', 131, 0]
FBtr0340656: ['no event', 131, 0]
FBtr0340654: ['no event', 131, 0]
FBtr0112712: ['no event', 131, 0]
FBtr0330125: ['no event', 131, 0]
FBtr0112709: ['no event', 131, 0]
FBtr0340655: ['no event', 131, 0]
C11D9.1.1: ['exon skipping', 0, 0]
YAL041W_mRNA: ['exon skipping', 0, 0]
>21
FBtr0330122: ['no event', 182, 0]
FBtr0330123: ['no event', 182, 0]
FBtr0346962: ['no event', 182, 0]
FBtr0330124: ['no event', 182, 0]
FBtr0112710: ['no event', 182, 0]
FBtr0112708: ['no event', 182, 0]
FBtr0330126: ['no event', 182, 0]
FBtr0340656: ['no event', 182, 0]
FBtr0340654: ['no event', 182, 0]
FBtr0112712: ['no event', 182, 0]
FBtr0330125: ['no event', 182, 0]
FBtr0112709: ['no event', 182, 0]
FBtr0340655: ['no event', 182, 0]
C11D9.1.1: ['exon skipping', 0, 0]
YAL041W_mRNA: ['exon skipping', 0, 0]
>22
FBtr0330122: ['exon skipping', 0, 0]
FBtr0330123: ['exon skipping', 0, 0]
FBtr0346962: ['exon skipping', 0, 0]
FBtr0330124: ['exon skipping', 0, 0]
FBtr0112710: ['exon skipping', 0, 0]
FBtr0112708: ['exon skipping', 0, 0]
FBtr0330126: ['exon skipping', 0, 0]
FBtr0340656: ['exon skipping', 0, 0]
FBtr0340654: ['exon skipping', 0, 0]
FBtr0112712: ['exon skipping', 0, 0]
FBtr0330125: ['exon skipping', 0, 0]
FBtr0112709: ['exon skipping', 0, 0]
FBtr0340655: ['exon skipping', 0, 0]
C11D9.1.1: ['5event', 23, 2]
YAL041W_mRNA: ['exon skipping', 0, 0]
>23
FBtr0330122: ['5event', 200, 0]
FBtr0330123: ['5event', 200, 0]
FBtr0346962: ['5event', 200, 0]
FBtr0330124: ['5event', 200, 0]
FBtr0112710: ['5event', 200, 0]
FBtr0112708: ['5event', 200, 0]
FBtr0330126: ['5event', 200, 0]
FBtr0340656: ['5event', 200, 0]
FBtr0340654: ['5event', 200, 0]
FBtr0112712: ['5event', 200, 0]
FBtr0330125: ['5event', 200, 0]
FBtr0112709: ['5event', 200, 0]
FBtr0340655: ['5event', 200, 0]
C11D9.1.1: ['exon skipping', 0, 0]
YAL041W_mRNA: ['exon skipping', 0, 0]
>24
FBtr0330122: ['no event', 227, 0]
FBtr0330123: ['no event', 227, 0]
FBtr0346962: ['no event', 227, 0]
FBtr0330124: ['no event', 227, 0]
FBtr0112710: ['no event', 227, 0]
FBtr0112708: ['no event', 227, 0]
FBtr0330126: ['no event', 227, 0]
FBtr0340656: ['no event', 227, 0]
FBtr0340654: ['no event', 227, 0]
FBtr0112712: ['no event', 227, 0]
FBtr0330125: ['no event', 227, 0]
FBtr0112709: ['no event', 227, 0]
FBtr0340655: ['no event', 227, 0]
C11D9.1.1: ['exon skipping', 0, 0]
YAL041W_mRNA: ['exon skipping', 0, 0]
>25
FBtr0330122: [['internal gap < 30', 165, 4], 188, 0]
FBtr0330123: [['internal gap < 30', 165, 4], 188, 0]
FBtr0346962: [['internal gap < 30', 165, 4], 188, 0]
FBtr0330124: [['internal gap < 30', 165, 4], 188, 0]
FBtr0112710: [['internal gap < 30', 165, 4], 188, 0]
FBtr0112708: [['internal gap < 30', 165, 4], 188, 0]
FBtr0330126: [['internal gap < 30', 165, 4], 188, 0]
FBtr0340656: [['internal gap < 30', 165, 4], 188, 0]
FBtr0340654: [['internal gap < 30', 165, 4], 188, 0]
FBtr0112712: [['internal gap < 30', 165, 4], 188, 0]
FBtr0330125: [['internal gap < 30', 165, 4], 188, 0]
FBtr0112709: [['internal gap < 30', 165, 4], 188, 0]
FBtr0340655: [['internal gap < 30', 165, 4], 188, 0]
C11D9.1.1: ['5event', ['internal gap < 30', 102, 20], 172, 2]
YAL041W_mRNA: ['exon skipping', 0, 0]
>26
FBtr0330122: ['no event', 114, 1]
FBtr0330123: ['no event', 114, 1]
FBtr0346962: ['no event', 114, 1]
FBtr0330124: ['no event', 114, 1]
FBtr0112710: ['no event', 114, 1]
FBtr0112708: ['no event', 114, 1]
FBtr0330126: ['no event', 114, 1]
FBtr0340656: ['no event', 114, 1]
FBtr0340654: ['no event', 114, 1]
FBtr0112712: ['no event', 114, 1]
FBtr0330125: ['no event', 114, 1]
FBtr0112709: ['no event', 114, 1]
FBtr0340655: ['no event', 114, 1]
C11D9.1.1: ['exon skipping', 0, 0]
YAL041W_mRNA: ['exon skipping', 0, 0]
>27
FBtr0330122: ['no event', 151, 2]
FBtr0330123: ['no event', 151, 2]
FBtr0346962: ['no event', 151, 2]
FBtr0330124: ['no event', 151, 2]
FBtr0112710: ['no event', 151, 2]
FBtr0112708: ['no event', 151, 2]
FBtr0330126: ['no event', 151, 2]
FBtr0340656: ['no event', 151, 2]
FBtr0340654: ['no event', 151, 2]
FBtr0112712: ['no event', 151, 2]
FBtr0330125: ['no event', 151, 2]
FBtr0112709: ['no event', 151, 2]
FBtr0340655: ['no event', 151, 2]
C11D9.1.1: ['exon skipping', 0, 0]
YAL041W_mRNA: ['exon skipping', 0, 0]
>28
FBtr0330122: ['exon skipping', 0, 0]
FBtr0330123: ['exon skipping', 0, 0]
FBtr0346962: ['exon skipping', 0, 0]
FBtr0330124: ['exon skipping', 0, 0]
FBtr0112710: ['exon skipping', 0, 0]
FBtr0112708: ['exon skipping', 0, 0]
FBtr0330126: ['exon skipping', 0, 0]
FBtr0340656: ['exon skipping', 0, 0]
FBtr0340654: ['exon skipping', 0, 0]
FBtr0112712: ['exon skipping', 0, 0]
FBtr0330125: ['exon skipping', 0, 0]
FBtr0112709: ['exon skipping', 0, 0]
FBtr0340655: ['exon skipping', 0, 0]
C11D9.1.1: ['5event', 4, 1]
YAL041W_mRNA: ['exon skipping', 0, 0]
>29
FBtr0330122: ['exon skipping', 0, 0]
FBtr0330123: ['exon skipping', 0, 0]
FBtr0346962: ['exon skipping', 0, 0]
FBtr0330124: ['exon skipping', 0, 0]
FBtr0112710: ['exon skipping', 0, 0]
FBtr0112708: ['exon skipping', 0, 0]
FBtr0330126: ['exon skipping', 0, 0]
FBtr0340656: ['exon skipping', 0, 0]
FBtr0340654: ['exon skipping', 0, 0]
FBtr0112712: ['exon skipping', 0, 0]
FBtr0330125: ['exon skipping', 0, 0]
FBtr0112709: ['exon skipping', 0, 0]
FBtr0340655: ['exon skipping', 0, 0]
C11D9.1.1: ['no event', 9, 0]
YAL041W_mRNA: ['exon skipping', 0, 0]
>30
FBtr0330122: ['5event', 196, 1]
FBtr0330123: ['5event', 196, 1]
FBtr0346962: ['5event', 196, 1]
FBtr0330124: ['5event', 196, 1]
FBtr0112710: ['5event', 196, 1]
FBtr0112708: ['5event', 196, 1]
FBtr0330126: ['5event', 196, 1]
FBtr0340656: ['5event', 196, 1]
FBtr0340654: ['5event', 196, 1]
FBtr0112712: ['5event', 196, 1]
FBtr0330125: ['5event', 196, 1]
FBtr0112709: ['5event', 196, 1]
FBtr0340655: ['5event', 196, 1]
C11D9.1.1: ['exon skipping', 0, 0]
YAL041W_mRNA: ['exon skipping', 0, 0]
>31
FBtr0330122: [['internal gap < 30', 1, 27], 143, 0]
FBtr0330123: [['internal gap < 30', 1, 27], 143, 0]
FBtr0346962: [['internal gap < 30', 1, 27], 143, 0]
FBtr0330124: ['no event', 170, 0]
FBtr0112710: ['no event', 170, 0]
FBtr0112708: [['internal gap < 30', 1, 27], 143, 0]
FBtr0330126: ['no event', 170, 0]
FBtr0340656: ['no event', 170, 0]
FBtr0340654: ['no event', 170, 0]
FBtr0112712: [['internal gap < 30', 1, 27], 143, 0]
FBtr0330125: ['no event', 170, 0]
FBtr0112709: [['internal gap < 30', 1, 27], 143, 0]
FBtr0340655: ['no event', 170, 0]
C11D9.1.1: ['exon skipping', 0, 0]
YAL041W_mRNA: ['exon skipping', 0, 0]
>32
FBtr0330122: [['internal gap >= 30', 186, 49], 196, 0]
FBtr0330123: [['internal gap >= 30', 186, 49], 196, 0]
FBtr0346962: [['internal gap >= 30', 186, 49], 196, 0]
FBtr0330124: [['internal gap >= 30', 186, 49], 196, 0]
FBtr0112710: [['internal gap >= 30', 186, 49], 196, 0]
FBtr0112708: [['internal gap >= 30', 186, 49], 196, 0]
FBtr0330126: [['internal gap >= 30', 186, 49], 196, 0]
FBtr0340656: [['internal gap >= 30', 186, 49], 196, 0]
FBtr0340654: [['internal gap >= 30', 186, 49], 196, 0]
FBtr0112712: [['internal gap >= 30', 186, 49], 196, 0]
FBtr0330125: [['internal gap >= 30', 186, 49], 196, 0]
FBtr0112709: [['internal gap >= 30', 186, 49], 196, 0]
FBtr0340655: [['internal gap >= 30', 186, 49], 196, 0]
C11D9.1.1: ['5event', ['internal gap >= 30', 116, 47], 198, 1]
YAL041W_mRNA: ['exon skipping', 0, 0]
>33
FBtr0330122: ['exon skipping', 0, 0]
FBtr0330123: ['exon skipping', 0, 0]
FBtr0346962: ['exon skipping', 0, 0]
FBtr0330124: ['exon skipping', 0, 0]
FBtr0112710: ['exon skipping', 0, 0]
FBtr0112708: ['exon skipping', 0, 0]
FBtr0330126: ['exon skipping', 0, 0]
FBtr0340656: ['exon skipping', 0, 0]
FBtr0340654: ['exon skipping', 0, 0]
FBtr0112712: ['exon skipping', 0, 0]
FBtr0330125: ['exon skipping', 0, 0]
FBtr0112709: ['exon skipping', 0, 0]
FBtr0340655: ['exon skipping', 0, 0]
C11D9.1.1: ['only gap', 0, 2]
YAL041W_mRNA: ['exon skipping', 0, 0]
>34
FBtr0330122: ['exon skipping', 0, 0]
FBtr0330123: ['exon skipping', 0, 0]
FBtr0346962: ['exon skipping', 0, 0]
FBtr0330124: ['exon skipping', 0, 0]
FBtr0112710: ['exon skipping', 0, 0]
FBtr0112708: ['exon skipping', 0, 0]
FBtr0330126: ['exon skipping', 0, 0]
FBtr0340656: ['exon skipping', 0, 0]
FBtr0340654: ['exon skipping', 0, 0]
FBtr0112712: ['exon skipping', 0, 0]
FBtr0330125: ['exon skipping', 0, 0]
FBtr0112709: ['exon skipping', 0, 0]
FBtr0340655: ['exon skipping', 0, 0]
C11D9.1.1: ['no event', 167, 0]
YAL041W_mRNA: ['exon skipping', 0, 0]
>35
FBtr0330122: ['exon skipping', 0, 0]
FBtr0330123: ['exon skipping', 0, 0]
FBtr0346962: ['exon skipping', 0, 0]
FBtr0330124: ['exon skipping', 0, 0]
FBtr0112710: ['exon skipping', 0, 0]
FBtr0112708: ['exon skipping', 0, 0]
FBtr0330126: ['exon skipping', 0, 0]
FBtr0340656: ['exon skipping', 0, 0]
FBtr0340654: ['exon skipping', 0, 0]
FBtr0112712: ['exon skipping', 0, 0]
FBtr0330125: ['exon skipping', 0, 0]
FBtr0112709: ['exon skipping', 0, 0]
FBtr0340655: ['exon skipping', 0, 0]
C11D9.1.1: ['no event', 116, 0]
YAL041W_mRNA: ['exon skipping', 0, 0]
>36
FBtr0330122: ['exon skipping', 0, 0]
FBtr0330123: ['exon skipping', 0, 0]
FBtr0346962: ['exon skipping', 0, 0]
FBtr0330124: ['exon skipping', 0, 0]
FBtr0112710: ['exon skipping', 0, 0]
FBtr0112708: ['exon skipping', 0, 0]
FBtr0330126: ['exon skipping', 0, 0]
FBtr0340656: ['exon skipping', 0, 0]
FBtr0340654: ['exon skipping', 0, 0]
FBtr0112712: ['exon skipping', 0, 0]
FBtr0330125: ['exon skipping', 0, 0]
FBtr0112709: ['exon skipping', 0, 0]
FBtr0340655: ['exon skipping', 0, 0]
C11D9.1.1: ['no event', 149, 0]
YAL041W_mRNA: ['exon skipping', 0, 0]
>37
FBtr0330122: ['5event', 108, 0]
FBtr0330123: ['5event', 108, 0]
FBtr0346962: ['5event', 108, 0]
FBtr0330124: ['5event', 108, 0]
FBtr0112710: ['5event', 108, 0]
FBtr0112708: ['5event', 108, 0]
FBtr0330126: ['5event', 108, 0]
FBtr0340656: ['5event', 108, 0]
FBtr0340654: ['5event', 108, 0]
FBtr0112712: ['5event', 108, 0]
FBtr0330125: ['5event', 108, 0]
FBtr0112709: ['5event', 108, 0]
FBtr0340655: ['5event', 108, 0]
C11D9.1.1: ['exon skipping', 0, 0]
YAL041W_mRNA: ['exon skipping', 0, 0]
>38
FBtr0330122: ['exon skipping', 0, 0]
FBtr0330123: ['exon skipping', 0, 0]
FBtr0346962: ['exon skipping', 0, 0]
FBtr0330124: ['exon skipping', 0, 0]
FBtr0112710: ['exon skipping', 0, 0]
FBtr0112708: ['exon skipping', 0, 0]
FBtr0330126: ['exon skipping', 0, 0]
FBtr0340656: ['exon skipping', 0, 0]
FBtr0340654: ['exon skipping', 0, 0]
FBtr0112712: ['exon skipping', 0, 0]
FBtr0330125: ['exon skipping', 0, 0]
FBtr0112709: ['exon skipping', 0, 0]
FBtr0340655: ['exon skipping', 0, 0]
C11D9.1.1: ['5event', 72, 0]
YAL041W_mRNA: ['exon skipping', 0, 0]
>39
FBtr0330122: ['5event', ['internal gap >= 30', 173, 88], 179, 1]
FBtr0330123: ['5event', ['internal gap >= 30', 173, 88], 179, 1]
FBtr0346962: ['5event', ['internal gap >= 30', 173, 88], 179, 1]
FBtr0330124: ['5event', ['internal gap >= 30', 173, 88], 179, 1]
FBtr0112710: ['5event', ['internal gap >= 30', 173, 88], 179, 1]
FBtr0112708: ['5event', ['internal gap >= 30', 173, 88], 179, 1]
FBtr0330126: ['5event', ['internal gap >= 30', 173, 88], 179, 1]
FBtr0340656: ['5event', ['internal gap >= 30', 173, 88], 179, 1]
FBtr0340654: ['5event', ['internal gap >= 30', 173, 88], 179, 1]
FBtr0112712: ['5event', ['internal gap >= 30', 173, 88], 179, 1]
FBtr0330125: ['5event', ['internal gap >= 30', 173, 88], 179, 1]
FBtr0112709: ['5event', ['internal gap >= 30', 173, 88], 179, 1]
FBtr0340655: ['5event', ['internal gap >= 30', 173, 88], 179, 1]
C11D9.1.1: ['no event', 267, 1]
YAL041W_mRNA: ['exon skipping', 0, 0]
>40
FBtr0330122: ['exon skipping', 0, 0]
FBtr0330123: ['exon skipping', 0, 0]
FBtr0346962: ['exon skipping', 0, 0]
FBtr0330124: ['exon skipping', 0, 0]
FBtr0112710: ['exon skipping', 0, 0]
FBtr0112708: ['exon skipping', 0, 0]
FBtr0330126: ['exon skipping', 0, 0]
FBtr0340656: ['exon skipping', 0, 0]
FBtr0340654: ['exon skipping', 0, 0]
FBtr0112712: ['exon skipping', 0, 0]
FBtr0330125: ['exon skipping', 0, 0]
FBtr0112709: ['exon skipping', 0, 0]
FBtr0340655: ['exon skipping', 0, 0]
C11D9.1.1: ['no event', 61, 1]
YAL041W_mRNA: ['exon skipping', 0, 0]
>41
FBtr0330122: ['exon skipping', 0, 0]
FBtr0330123: ['exon skipping', 0, 0]
FBtr0346962: ['exon skipping', 0, 0]
FBtr0330124: ['exon skipping', 0, 0]
FBtr0112710: ['exon skipping', 0, 0]
FBtr0112708: ['exon skipping', 0, 0]
FBtr0330126: ['exon skipping', 0, 0]
FBtr0340656: ['exon skipping', 0, 0]
FBtr0340654: ['exon skipping', 0, 0]
FBtr0112712: ['exon skipping', 0, 0]
FBtr0330125: ['exon skipping', 0, 0]
FBtr0112709: ['exon skipping', 0, 0]
FBtr0340655: ['exon skipping', 0, 0]
C11D9.1.1: ['no event', 137, 0]
YAL041W_mRNA: ['exon skipping', 0, 0]
>42
FBtr0330122: ['5event', ['internal gap < 30', 86, 14], 137, 1]
FBtr0330123: ['5event', ['internal gap < 30', 86, 14], 137, 1]
FBtr0346962: ['5event', ['internal gap < 30', 86, 14], 137, 1]
FBtr0330124: ['5event', ['internal gap < 30', 86, 14], 137, 1]
FBtr0112710: ['5event', ['internal gap < 30', 86, 14], 137, 1]
FBtr0112708: ['5event', ['internal gap < 30', 86, 14], 137, 1]
FBtr0330126: ['5event', ['internal gap < 30', 86, 14], 137, 1]
FBtr0340656: ['5event', ['internal gap < 30', 86, 14], 137, 1]
FBtr0340654: ['5event', ['internal gap < 30', 86, 14], 137, 1]
FBtr0112712: ['5event', ['internal gap < 30', 86, 14], 137, 1]
FBtr0330125: ['5event', ['internal gap < 30', 86, 14], 137, 1]
FBtr0112709: ['5event', ['internal gap < 30', 86, 14], 137, 1]
FBtr0340655: ['5event', ['internal gap < 30', 86, 14], 137, 1]
C11D9.1.1: ['3event', 124, 0]
YAL041W_mRNA: ['exon skipping', 0, 0]
>43
FBtr0330122: [['internal gap >= 30', 137, 39], 157, 1]
FBtr0330123: [['internal gap >= 30', 137, 39], 157, 1]
FBtr0346962: [['internal gap >= 30', 137, 39], 157, 1]
FBtr0330124: [['internal gap >= 30', 137, 39], 157, 1]
FBtr0112710: [['internal gap >= 30', 137, 39], 157, 1]
FBtr0112708: [['internal gap >= 30', 137, 39], 157, 1]
FBtr0330126: [['internal gap >= 30', 137, 39], 157, 1]
FBtr0340656: [['internal gap >= 30', 137, 39], 157, 1]
FBtr0340654: [['internal gap >= 30', 137, 39], 157, 1]
FBtr0112712: [['internal gap >= 30', 137, 39], 157, 1]
FBtr0330125: [['internal gap >= 30', 137, 39], 157, 1]
FBtr0112709: [['internal gap >= 30', 137, 39], 157, 1]
FBtr0340655: [['internal gap >= 30', 137, 39], 157, 1]
C11D9.1.1: ['3event', '5event', 185, 1]
YAL041W_mRNA: ['exon skipping', 0, 0]
>44
FBtr0330122: ['no event', 377, 0]
FBtr0330123: ['no event', 377, 0]
FBtr0346962: ['no event', 377, 0]
FBtr0330124: ['no event', 377, 0]
FBtr0112710: ['no event', 377, 0]
FBtr0112708: ['no event', 377, 0]
FBtr0330126: ['no event', 377, 0]
FBtr0340656: ['no event', 377, 0]
FBtr0340654: ['no event', 377, 0]
FBtr0112712: ['no event', 377, 0]
FBtr0330125: ['no event', 377, 0]
FBtr0112709: ['no event', 377, 0]
FBtr0340655: ['no event', 377, 0]
C11D9.1.1: ['exon skipping', 0, 0]
YAL041W_mRNA: ['exon skipping', 0, 0]
>45
FBtr0330122: ['no event', 228, 0]
FBtr0330123: ['no event', 228, 0]
FBtr0346962: ['no event', 228, 0]
FBtr0330124: ['no event', 228, 0]
FBtr0112710: ['no event', 228, 0]
FBtr0112708: ['no event', 228, 0]
FBtr0330126: ['no event', 228, 0]
FBtr0340656: ['no event', 228, 0]
FBtr0340654: ['no event', 228, 0]
FBtr0112712: ['no event', 228, 0]
FBtr0330125: ['no event', 228, 0]
FBtr0112709: ['no event', 228, 0]
FBtr0340655: ['no event', 228, 0]
C11D9.1.1: ['exon skipping', 0, 0]
YAL041W_mRNA: ['exon skipping', 0, 0]
>46
FBtr0330122: ['no event', 282, 1]
FBtr0330123: ['no event', 282, 1]
FBtr0346962: ['no event', 282, 1]
FBtr0330124: [['internal gap < 30', 4, 21], 261, 1]
FBtr0112710: ['no event', 282, 1]
FBtr0112708: ['no event', 282, 1]
FBtr0330126: ['no event', 282, 1]
FBtr0340656: ['no event', 282, 1]
FBtr0340654: ['no event', 282, 1]
FBtr0112712: ['no event', 282, 1]
FBtr0330125: ['no event', 282, 1]
FBtr0112709: ['no event', 282, 1]
FBtr0340655: ['no event', 282, 1]
C11D9.1.1: ['exon skipping', 0, 0]
YAL041W_mRNA: ['exon skipping', 0, 0]
>47
FBtr0330122: ['no event', 103, 2]
FBtr0330123: ['no event', 103, 2]
FBtr0346962: ['no event', 103, 2]
FBtr0330124: ['no event', 103, 2]
FBtr0112710: ['no event', 103, 2]
FBtr0112708: ['no event', 103, 2]
FBtr0330126: ['no event', 103, 2]
FBtr0340656: ['no event', 103, 2]
FBtr0340654: ['no event', 103, 2]
FBtr0112712: ['no event', 103, 2]
FBtr0330125: ['no event', 103, 2]
FBtr0112709: ['no event', 103, 2]
FBtr0340655: ['no event', 103, 2]
C11D9.1.1: ['exon skipping', 0, 0]
YAL041W_mRNA: ['exon skipping', 0, 0]
>48
FBtr0330122: ['exon skipping', 0, 0]
FBtr0330123: ['no event', 1837, 1]
FBtr0346962: ['no event', 1837, 1]
FBtr0330124: ['exon skipping', 0, 0]
FBtr0112710: ['exon skipping', 0, 0]
FBtr0112708: ['exon skipping', 0, 0]
FBtr0330126: ['no event', 1837, 1]
FBtr0340656: ['no event', 1837, 1]
FBtr0340654: ['exon skipping', 0, 0]
FBtr0112712: ['no event', 1837, 1]
FBtr0330125: ['exon skipping', 0, 0]
FBtr0112709: ['exon skipping', 0, 0]
FBtr0340655: ['exon skipping', 0, 0]
C11D9.1.1: ['exon skipping', 0, 0]
YAL041W_mRNA: ['exon skipping', 0, 0]
>49
FBtr0330122: ['exon skipping', 0, 0]
FBtr0330123: ['no event', 173, 0]
FBtr0346962: ['exon skipping', 0, 0]
FBtr0330124: ['exon skipping', 0, 0]
FBtr0112710: ['exon skipping', 0, 0]
FBtr0112708: ['exon skipping', 0, 0]
FBtr0330126: ['exon skipping', 0, 0]
FBtr0340656: ['exon skipping', 0, 0]
FBtr0340654: ['exon skipping', 0, 0]
FBtr0112712: ['exon skipping', 0, 0]
FBtr0330125: ['exon skipping', 0, 0]
FBtr0112709: ['exon skipping', 0, 0]
FBtr0340655: ['exon skipping', 0, 0]
C11D9.1.1: ['exon skipping', 0, 0]
YAL041W_mRNA: ['exon skipping', 0, 0]
>50
FBtr0330122: ['5event', 82, 1]
FBtr0330123: ['exon skipping', 0, 0]
FBtr0346962: ['exon skipping', 0, 0]
FBtr0330124: ['5event', 82, 1]
FBtr0112710: ['5event', 82, 1]
FBtr0112708: ['5event', 82, 1]
FBtr0330126: ['exon skipping', 0, 0]
FBtr0340656: ['exon skipping', 0, 0]
FBtr0340654: ['5event', 82, 1]
FBtr0112712: ['exon skipping', 0, 0]
FBtr0330125: ['5event', 82, 1]
FBtr0112709: ['5event', 82, 1]
FBtr0340655: ['5event', 82, 1]
C11D9.1.1: ['exon skipping', 0, 0]
YAL041W_mRNA: ['exon skipping', 0, 0]
