>0
F59E11.6.1: ['5event', ['internal gap >= 30', 42, 33], 158, 0]
F59E11.5.1: ['3event', 161, 0]
F59E11.5.2: ['3event', 161, 0]
T13F3.6.1: ['3event', '5event', 78, 0]
T13F3.6.2: ['3event', '5event', 78, 0]
F59E11.7a.1: ['3event', 150, 0]
F59E11.7b.1: ['3event', 150, 0]
C54F6.12.1: ['3event', 126, 0]
>1
F59E11.6.1: ['exon skipping', 0, 0]
F59E11.5.1: ['5event', 9, 2]
F59E11.5.2: ['5event', 9, 2]
T13F3.6.1: ['exon skipping', 0, 0]
T13F3.6.2: ['exon skipping', 0, 0]
F59E11.7a.1: ['exon skipping', 0, 0]
F59E11.7b.1: ['exon skipping', 0, 0]
C54F6.12.1: ['exon skipping', 0, 0]
>2
F59E11.6.1: ['5event', ['internal gap < 30', 42, 14], 107, 0]
F59E11.5.1: [['internal gap < 30', 43, 13], 108, 0]
F59E11.5.2: [['internal gap < 30', 43, 13], 108, 0]
T13F3.6.1: ['5event', ['internal gap < 30', 30, 14], 107, 0]
T13F3.6.2: ['5event', ['internal gap < 30', 30, 14], 107, 0]
F59E11.7a.1: ['5event', 107, 0]
F59E11.7b.1: ['5event', 107, 0]
C54F6.12.1: ['5event', ['internal gap < 30', 33, 11], 110, 0]
>3
F59E11.6.1: ['no event', 10, 0]
F59E11.5.1: ['exon skipping', 0, 0]
F59E11.5.2: ['exon skipping', 0, 0]
T13F3.6.1: ['exon skipping', 0, 0]
T13F3.6.2: ['exon skipping', 0, 0]
F59E11.7a.1: ['exon skipping', 0, 0]
F59E11.7b.1: ['exon skipping', 0, 0]
C54F6.12.1: ['exon skipping', 0, 0]
>4
F59E11.6.1: ['no event', 3, 2]
F59E11.5.1: ['5event', 1, 0]
F59E11.5.2: ['5event', 1, 0]
T13F3.6.1: ['exon skipping', 0, 0]
T13F3.6.2: ['exon skipping', 0, 0]
F59E11.7a.1: ['exon skipping', 0, 0]
F59E11.7b.1: ['exon skipping', 0, 0]
C54F6.12.1: ['exon skipping', 0, 0]
>5
F59E11.6.1: ['no event', 4, 1]
F59E11.5.1: ['exon skipping', 0, 0]
F59E11.5.2: ['exon skipping', 0, 0]
T13F3.6.1: ['exon skipping', 0, 0]
T13F3.6.2: ['exon skipping', 0, 0]
F59E11.7a.1: ['exon skipping', 0, 0]
F59E11.7b.1: ['exon skipping', 0, 0]
C54F6.12.1: ['exon skipping', 0, 0]
>6
F59E11.6.1: ['no event', 7, 0]
F59E11.5.1: ['exon skipping', 0, 0]
F59E11.5.2: ['exon skipping', 0, 0]
T13F3.6.1: ['exon skipping', 0, 0]
T13F3.6.2: ['exon skipping', 0, 0]
F59E11.7a.1: ['exon skipping', 0, 0]
F59E11.7b.1: ['exon skipping', 0, 0]
C54F6.12.1: ['exon skipping', 0, 0]
>7
F59E11.6.1: [['internal gap >= 30', 116, 76], 159, 2]
F59E11.5.1: ['5event', ['internal gap >= 30', 125, 67], 168, 2]
F59E11.5.2: ['5event', ['internal gap >= 30', 125, 67], 168, 2]
T13F3.6.1: ['5event', ['internal gap >= 30', 109, 62], 173, 0]
T13F3.6.2: ['5event', ['internal gap >= 30', 109, 62], 173, 0]
F59E11.7a.1: ['5event', ['internal gap >= 30', 109, 62], 173, 0]
F59E11.7b.1: ['5event', ['internal gap >= 30', 109, 62], 173, 0]
C54F6.12.1: ['5event', ['internal gap >= 30', 109, 62], 173, 0]
>8
F59E11.6.1: ['exon skipping', 0, 0]
F59E11.5.1: ['exon skipping', 0, 0]
F59E11.5.2: ['exon skipping', 0, 0]
T13F3.6.1: ['exon skipping', 0, 0]
T13F3.6.2: ['exon skipping', 0, 0]
F59E11.7a.1: ['exon skipping', 0, 0]
F59E11.7b.1: ['no event', 86, 0]
C54F6.12.1: ['exon skipping', 0, 0]
>9
F59E11.6.1: ['3event', '5event', 117, 0]
F59E11.5.1: ['5event', ['internal gap >= 30', 102, 43], 110, 0]
F59E11.5.2: ['5event', ['internal gap >= 30', 102, 43], 110, 0]
T13F3.6.1: ['5event', ['internal gap < 30', 120, 21], 132, 0]
T13F3.6.2: ['5event', ['internal gap < 30', 120, 21], 132, 0]
F59E11.7a.1: ['3event', '5event', 102, 0]
F59E11.7b.1: ['exon skipping', 0, 0]
C54F6.12.1: ['3event', '5event', 143, 0]
>10
F59E11.6.1: ['5event', 23, 0]
F59E11.5.1: ['exon skipping', 0, 0]
F59E11.5.2: ['exon skipping', 0, 0]
T13F3.6.1: ['exon skipping', 0, 0]
T13F3.6.2: ['exon skipping', 0, 0]
F59E11.7a.1: ['exon skipping', 0, 0]
F59E11.7b.1: ['exon skipping', 0, 0]
C54F6.12.1: ['exon skipping', 0, 0]
>11
F59E11.6.1: ['exon skipping', 0, 0]
F59E11.5.1: ['exon skipping', 0, 0]
F59E11.5.2: ['exon skipping', 0, 0]
T13F3.6.1: ['5event', 13, 1]
T13F3.6.2: ['5event', 13, 1]
F59E11.7a.1: ['exon skipping', 0, 0]
F59E11.7b.1: ['exon skipping', 0, 0]
C54F6.12.1: ['5event', 13, 2]
>12
F59E11.6.1: ['3event', '5event', 78, 0]
F59E11.5.1: ['5event', ['internal gap < 30', 66, 23], 77, 0]
F59E11.5.2: ['5event', ['internal gap < 30', 66, 23], 77, 0]
T13F3.6.1: ['exon skipping', 0, 0]
T13F3.6.2: ['exon skipping', 0, 0]
F59E11.7a.1: ['5event', ['internal gap >= 30', 50, 47], 53, 0]
F59E11.7b.1: ['exon skipping', 0, 0]
C54F6.12.1: ['exon skipping', 0, 0]
>13
F59E11.6.1: ['exon skipping', 0, 0]
F59E11.5.1: ['exon skipping', 0, 0]
F59E11.5.2: ['exon skipping', 0, 0]
T13F3.6.1: ['exon skipping', 0, 0]
T13F3.6.2: ['exon skipping', 0, 0]
F59E11.7a.1: ['exon skipping', 0, 0]
F59E11.7b.1: ['exon skipping', 0, 0]
C54F6.12.1: ['5event', 19, 1]
