>0
Y34D9A.7a.1: ['exon skipping', 0, 0]
Y34D9A.7b.1: ['exon skipping', 0, 0]
Y34D9A.7c.1: ['exon skipping', 0, 0]
ZK632.11.1: ['no event', 82, 0]
FBtr0072344: ['exon skipping', 0, 0]
FBtr0300490: ['exon skipping', 0, 0]
>1
Y34D9A.7a.1: ['exon skipping', 0, 0]
Y34D9A.7b.1: ['exon skipping', 0, 0]
Y34D9A.7c.1: ['exon skipping', 0, 0]
ZK632.11.1: ['no event', 66, 2]
FBtr0072344: ['exon skipping', 0, 0]
FBtr0300490: ['exon skipping', 0, 0]
>2
Y34D9A.7a.1: ['exon skipping', 0, 0]
Y34D9A.7b.1: ['exon skipping', 0, 0]
Y34D9A.7c.1: ['exon skipping', 0, 0]
ZK632.11.1: ['no event', 79, 0]
FBtr0072344: ['exon skipping', 0, 0]
FBtr0300490: ['exon skipping', 0, 0]
>3
Y34D9A.7a.1: ['exon skipping', 0, 0]
Y34D9A.7b.1: ['exon skipping', 0, 0]
Y34D9A.7c.1: ['exon skipping', 0, 0]
ZK632.11.1: ['no event', 96, 2]
FBtr0072344: ['exon skipping', 0, 0]
FBtr0300490: ['exon skipping', 0, 0]
>4
Y34D9A.7a.1: ['5event', ['internal gap >= 30', 139, 37], 199, 0]
Y34D9A.7b.1: ['exon skipping', 0, 0]
Y34D9A.7c.1: ['exon skipping', 0, 0]
ZK632.11.1: ['exon skipping', 0, 0]
FBtr0072344: ['5event', ['internal gap >= 30', 148, 54], 182, 0]
FBtr0300490: ['5event', ['internal gap >= 30', 148, 54], 182, 0]
>5
Y34D9A.7a.1: ['exon skipping', 0, 0]
Y34D9A.7b.1: ['exon skipping', 0, 0]
Y34D9A.7c.1: ['exon skipping', 0, 0]
ZK632.11.1: ['3event', '5event', 284, 0]
FBtr0072344: [['internal gap < 30', 603, 15], 671, 0]
FBtr0300490: [['internal gap < 30', 603, 15], 671, 0]
>6
Y34D9A.7a.1: ['5event', 6, 2]
Y34D9A.7b.1: ['exon skipping', 0, 0]
Y34D9A.7c.1: ['exon skipping', 0, 0]
ZK632.11.1: ['exon skipping', 0, 0]
FBtr0072344: ['exon skipping', 0, 0]
FBtr0300490: ['exon skipping', 0, 0]
>7
Y34D9A.7a.1: ['exon skipping', 0, 0]
Y34D9A.7b.1: ['exon skipping', 0, 0]
Y34D9A.7c.1: ['exon skipping', 0, 0]
ZK632.11.1: ['5event', 7, 2]
FBtr0072344: ['exon skipping', 0, 0]
FBtr0300490: ['exon skipping', 0, 0]
>8
Y34D9A.7a.1: ['exon skipping', 0, 0]
Y34D9A.7b.1: ['exon skipping', 0, 0]
Y34D9A.7c.1: ['exon skipping', 0, 0]
ZK632.11.1: [['internal gap < 30', 115, 13], 136, 1]
FBtr0072344: ['3event', '5event', 120, 0]
FBtr0300490: ['3event', '5event', 120, 0]
>9
Y34D9A.7a.1: ['5event', ['internal gap < 30', 291, 3], 569, 0]
Y34D9A.7b.1: ['5event', ['internal gap >= 30', 153, 141], 431, 0]
Y34D9A.7c.1: ['exon skipping', 0, 0]
ZK632.11.1: ['3event', 212, 0]
FBtr0072344: ['exon skipping', 0, 0]
FBtr0300490: ['exon skipping', 0, 0]
>10
Y34D9A.7a.1: ['no event', 237, 0]
Y34D9A.7b.1: ['no event', 237, 0]
Y34D9A.7c.1: ['5event', 2, 0]
ZK632.11.1: ['exon skipping', 0, 0]
FBtr0072344: ['exon skipping', 0, 0]
FBtr0300490: ['exon skipping', 0, 0]
>11
Y34D9A.7a.1: ['exon skipping', 0, 0]
Y34D9A.7b.1: ['exon skipping', 0, 0]
Y34D9A.7c.1: ['exon skipping', 0, 0]
ZK632.11.1: ['5event', 83, 0]
FBtr0072344: ['exon skipping', 0, 0]
FBtr0300490: ['exon skipping', 0, 0]
>12
Y34D9A.7a.1: ['exon skipping', 0, 0]
Y34D9A.7b.1: ['exon skipping', 0, 0]
Y34D9A.7c.1: ['exon skipping', 0, 0]
ZK632.11.1: ['exon skipping', 0, 0]
FBtr0072344: ['5event', 683, 0]
FBtr0300490: ['5event', 683, 0]
>13
Y34D9A.7a.1: ['5event', ['internal gap >= 30', 198, 85], 230, 0]
Y34D9A.7b.1: ['5event', ['internal gap >= 30', 198, 85], 230, 0]
Y34D9A.7c.1: ['5event', ['internal gap >= 30', 198, 85], 230, 0]
ZK632.11.1: ['5event', ['internal gap < 30', 280, 20], 295, 0]
FBtr0072344: ['exon skipping', 0, 0]
FBtr0300490: ['exon skipping', 0, 0]
>14
Y34D9A.7a.1: ['exon skipping', 0, 0]
Y34D9A.7b.1: ['exon skipping', 0, 0]
Y34D9A.7c.1: ['exon skipping', 0, 0]
ZK632.11.1: ['no event', 15, 2]
FBtr0072344: ['exon skipping', 0, 0]
FBtr0300490: ['exon skipping', 0, 0]
