>0
FBtr0081180: [['internal gap >= 30', 89, 58], 116, 0]
ZK546.1a.1: ['3event', 159, 0]
ZK546.1a.2: ['3event', 159, 0]
ZK546.1b.1: ['3event', 159, 0]
ZK546.1c.1: ['3event', 159, 0]
ZK546.1d.1: ['3event', 159, 0]
ZK546.1d.2: ['3event', 159, 0]
>1
FBtr0081180: ['exon skipping', 0, 0]
ZK546.1a.1: ['5event', 88, 0]
ZK546.1a.2: ['5event', 88, 0]
ZK546.1b.1: ['5event', 88, 0]
ZK546.1c.1: ['5event', 88, 0]
ZK546.1d.1: ['5event', 88, 0]
ZK546.1d.2: ['5event', 88, 0]
>2
FBtr0081180: ['3event', '5event', 774, 0]
ZK546.1a.1: [['internal gap < 30', 261, 20], 1180, 2]
ZK546.1a.2: [['internal gap < 30', 261, 20], 1180, 2]
ZK546.1b.1: [['internal gap < 30', 261, 20], 1180, 2]
ZK546.1c.1: [['internal gap < 30', 261, 20], 1180, 2]
ZK546.1d.1: [['internal gap < 30', 261, 20], 1180, 2]
ZK546.1d.2: [['internal gap < 30', 261, 20], 1180, 2]
>3
FBtr0081180: ['exon skipping', 0, 0]
ZK546.1a.1: ['no event', 63, 1]
ZK546.1a.2: ['no event', 63, 1]
ZK546.1b.1: ['no event', 63, 1]
ZK546.1c.1: ['no event', 63, 1]
ZK546.1d.1: ['no event', 63, 1]
ZK546.1d.2: ['no event', 63, 1]
>4
FBtr0081180: ['5event', ['internal gap < 30', 408, 7], 527, 0]
ZK546.1a.1: [['internal gap >= 30', 387, 114], 420, 2]
ZK546.1a.2: [['internal gap >= 30', 387, 114], 420, 2]
ZK546.1b.1: [['internal gap >= 30', 387, 114], 420, 2]
ZK546.1c.1: [['internal gap >= 30', 387, 114], 420, 2]
ZK546.1d.1: [['internal gap >= 30', 378, 123], 411, 2]
ZK546.1d.2: [['internal gap >= 30', 378, 123], 411, 2]
>5
FBtr0081180: ['no event', 32, 0]
ZK546.1a.1: ['exon skipping', 0, 0]
ZK546.1a.2: ['exon skipping', 0, 0]
ZK546.1b.1: ['exon skipping', 0, 0]
ZK546.1c.1: ['exon skipping', 0, 0]
ZK546.1d.1: ['exon skipping', 0, 0]
ZK546.1d.2: ['exon skipping', 0, 0]
>6
FBtr0081180: ['no event', 118, 0]
ZK546.1a.1: ['exon skipping', 0, 0]
ZK546.1a.2: ['exon skipping', 0, 0]
ZK546.1b.1: ['exon skipping', 0, 0]
ZK546.1c.1: ['exon skipping', 0, 0]
ZK546.1d.1: ['exon skipping', 0, 0]
ZK546.1d.2: ['exon skipping', 0, 0]
>7
FBtr0081180: ['no event', 52, 2]
ZK546.1a.1: ['exon skipping', 0, 0]
ZK546.1a.2: ['exon skipping', 0, 0]
ZK546.1b.1: ['exon skipping', 0, 0]
ZK546.1c.1: ['exon skipping', 0, 0]
ZK546.1d.1: ['exon skipping', 0, 0]
ZK546.1d.2: ['exon skipping', 0, 0]
>8
FBtr0081180: [['internal gap < 30', 165, 27], 178, 1]
ZK546.1a.1: ['5event', ['internal gap < 30', 25, 26], 179, 0]
ZK546.1a.2: ['5event', ['internal gap < 30', 25, 26], 179, 0]
ZK546.1b.1: ['5event', ['internal gap < 30', 25, 26], 179, 0]
ZK546.1c.1: ['5event', ['internal gap < 30', 25, 26], 179, 0]
ZK546.1d.1: ['5event', ['internal gap < 30', 25, 26], 179, 0]
ZK546.1d.2: ['5event', ['internal gap < 30', 25, 26], 179, 0]
>9
FBtr0081180: ['exon skipping', 0, 0]
ZK546.1a.1: [['internal gap < 30', 1, 2], 109, 0]
ZK546.1a.2: [['internal gap < 30', 1, 2], 109, 0]
ZK546.1b.1: [['internal gap < 30', 1, 2], 109, 0]
ZK546.1c.1: [['internal gap < 30', 1, 2], 109, 0]
ZK546.1d.1: [['internal gap < 30', 1, 2], 109, 0]
ZK546.1d.2: [['internal gap < 30', 1, 2], 109, 0]
>10
FBtr0081180: ['exon skipping', 0, 0]
ZK546.1a.1: ['no event', 9, 2]
ZK546.1a.2: ['no event', 9, 2]
ZK546.1b.1: ['exon skipping', 0, 0]
ZK546.1c.1: ['exon skipping', 0, 0]
ZK546.1d.1: ['no event', 9, 2]
ZK546.1d.2: ['no event', 9, 2]
>11
FBtr0081180: ['exon skipping', 0, 0]
ZK546.1a.1: ['exon skipping', 0, 0]
ZK546.1a.2: ['exon skipping', 0, 0]
ZK546.1b.1: ['5event', 47, 2]
ZK546.1c.1: ['exon skipping', 0, 0]
ZK546.1d.1: ['exon skipping', 0, 0]
ZK546.1d.2: ['exon skipping', 0, 0]
>12
FBtr0081180: ['exon skipping', 0, 0]
ZK546.1a.1: ['exon skipping', 0, 0]
ZK546.1a.2: ['exon skipping', 0, 0]
ZK546.1b.1: ['no event', 85, 2]
ZK546.1c.1: ['5event', 84, 2]
ZK546.1d.1: ['exon skipping', 0, 0]
ZK546.1d.2: ['exon skipping', 0, 0]
>13
FBtr0081180: ['5event', 235, 1]
ZK546.1a.1: ['exon skipping', 0, 0]
ZK546.1a.2: ['exon skipping', 0, 0]
ZK546.1b.1: ['exon skipping', 0, 0]
ZK546.1c.1: ['exon skipping', 0, 0]
ZK546.1d.1: ['exon skipping', 0, 0]
ZK546.1d.2: ['exon skipping', 0, 0]
