>0
C08F11.3.1: [['internal gap < 30', 93, 28], 122, 0]
M04D5.3.1: [['internal gap < 30', 108, 13], 137, 0]
C08F11.13a.1: [['internal gap >= 30', 30, 42], 108, 0]
C08F11.13a.2: [['internal gap >= 30', 30, 42], 108, 0]
C08F11.13b.1: [['internal gap >= 30', 30, 42], 108, 0]
C08F11.13c.1: [['internal gap >= 30', 30, 42], 108, 0]
C08F11.13c.2: [['internal gap >= 30', 30, 42], 108, 0]
>1
C08F11.3.1: ['no event', 9, 0]
M04D5.3.1: ['no event', 9, 0]
C08F11.13a.1: ['exon skipping', 0, 0]
C08F11.13a.2: ['exon skipping', 0, 0]
C08F11.13b.1: ['exon skipping', 0, 0]
C08F11.13c.1: ['exon skipping', 0, 0]
C08F11.13c.2: ['exon skipping', 0, 0]
>2
C08F11.3.1: ['exon skipping', 0, 0]
M04D5.3.1: ['no event', 5, 1]
C08F11.13a.1: ['exon skipping', 0, 0]
C08F11.13a.2: ['exon skipping', 0, 0]
C08F11.13b.1: ['exon skipping', 0, 0]
C08F11.13c.1: ['exon skipping', 0, 0]
C08F11.13c.2: ['exon skipping', 0, 0]
>3
C08F11.3.1: ['5event', ['internal gap < 30', 212, 27], 261, 1]
M04D5.3.1: [['internal gap >= 30', 202, 45], 243, 1]
C08F11.13a.1: ['5event', ['internal gap < 30', 104, 6], 282, 1]
C08F11.13a.2: ['5event', ['internal gap < 30', 104, 6], 282, 1]
C08F11.13b.1: ['5event', ['internal gap < 30', 104, 6], 282, 1]
C08F11.13c.1: ['5event', ['internal gap < 30', 104, 6], 282, 1]
C08F11.13c.2: ['5event', ['internal gap < 30', 104, 6], 282, 1]
>4
C08F11.3.1: ['exon skipping', 0, 0]
M04D5.3.1: ['exon skipping', 0, 0]
C08F11.13a.1: ['exon skipping', 0, 0]
C08F11.13a.2: ['exon skipping', 0, 0]
C08F11.13b.1: ['no event', 3, 2]
C08F11.13c.1: ['exon skipping', 0, 0]
C08F11.13c.2: ['exon skipping', 0, 0]
>5
C08F11.3.1: ['5event', ['internal gap < 30', 148, 24], 163, 2]
M04D5.3.1: ['5event', ['internal gap >= 30', 142, 30], 157, 2]
C08F11.13a.1: ['5event', ['internal gap < 30', 30, 27], 160, 2]
C08F11.13a.2: ['5event', ['internal gap < 30', 30, 27], 160, 2]
C08F11.13b.1: ['exon skipping', 0, 0]
C08F11.13c.1: ['5event', ['internal gap < 30', 30, 27], 160, 2]
C08F11.13c.2: ['5event', ['internal gap < 30', 30, 27], 160, 2]
>6
C08F11.3.1: [['internal gap >= 30', 162, 37], 234, 1]
M04D5.3.1: [['internal gap < 30', 77, 28], 243, 1]
C08F11.13a.1: [['internal gap < 30', 189, 10], 261, 1]
C08F11.13a.2: [['internal gap < 30', 189, 10], 261, 1]
C08F11.13b.1: ['exon skipping', 0, 0]
C08F11.13c.1: [['internal gap < 30', 189, 10], 261, 1]
C08F11.13c.2: [['internal gap < 30', 189, 10], 261, 1]
>7
C08F11.3.1: ['exon skipping', 0, 0]
M04D5.3.1: ['exon skipping', 0, 0]
C08F11.13a.1: ['exon skipping', 0, 0]
C08F11.13a.2: ['exon skipping', 0, 0]
C08F11.13b.1: ['exon skipping', 0, 0]
C08F11.13c.1: ['no event', 3, 2]
C08F11.13c.2: ['no event', 3, 2]
>8
C08F11.3.1: ['3event', '5event', 224, 2]
M04D5.3.1: ['5event', ['internal gap >= 30', 170, 92], 198, 2]
C08F11.13a.1: ['3event', '5event', 213, 2]
C08F11.13a.2: ['3event', '5event', 213, 2]
C08F11.13b.1: ['exon skipping', 0, 0]
C08F11.13c.1: ['exon skipping', 0, 0]
C08F11.13c.2: ['exon skipping', 0, 0]
>9
C08F11.3.1: ['5event', 34, 1]
M04D5.3.1: ['exon skipping', 0, 0]
C08F11.13a.1: ['exon skipping', 0, 0]
C08F11.13a.2: ['exon skipping', 0, 0]
C08F11.13b.1: ['exon skipping', 0, 0]
C08F11.13c.1: ['exon skipping', 0, 0]
C08F11.13c.2: ['exon skipping', 0, 0]
>10
C08F11.3.1: ['exon skipping', 0, 0]
M04D5.3.1: ['exon skipping', 0, 0]
C08F11.13a.1: ['5event', 186, 2]
C08F11.13a.2: ['5event', 186, 2]
C08F11.13b.1: ['exon skipping', 0, 0]
C08F11.13c.1: ['exon skipping', 0, 0]
C08F11.13c.2: ['exon skipping', 0, 0]
