>0
ENSDORT00000003910: ['5event', 31, 0]
ENSMSIT00000048418: ['3event', 33, 0]
ENSMSIT00000048419: ['3event', 33, 0]
ENSMUST00000238172: ['exon skipping', 0, 0]
ENSMUST00000114741: ['3event', 33, 0]
MGP_SPRETEiJ_T0049158: ['3event', 33, 0]
MGP_CAROLIEiJ_T0047207: ['3event', 33, 0]
MGP_PahariEiJ_T0039769: ['3event', 33, 0]
ENSRNOT00000022833: ['3event', 33, 0]
ENSMUGT00000021486: ['3event', 33, 0]
>1
ENSDORT00000003910: [['internal gap < 30', 1, 2], 99, 2]
ENSMSIT00000048418: ['5event', 100, 0]
ENSMSIT00000048419: ['5event', 100, 0]
ENSMUST00000238172: ['exon skipping', 0, 0]
ENSMUST00000114741: ['5event', 100, 0]
MGP_SPRETEiJ_T0049158: ['5event', 100, 0]
MGP_CAROLIEiJ_T0047207: ['5event', 100, 0]
MGP_PahariEiJ_T0039769: ['5event', 100, 0]
ENSRNOT00000022833: ['5event', 100, 0]
ENSMUGT00000021486: ['5event', 100, 0]
>2
ENSDORT00000003910: ['no event', 77, 2]
ENSMSIT00000048418: ['no event', 77, 2]
ENSMSIT00000048419: ['no event', 77, 2]
ENSMUST00000238172: ['exon skipping', 0, 0]
ENSMUST00000114741: ['no event', 77, 2]
MGP_SPRETEiJ_T0049158: ['no event', 77, 2]
MGP_CAROLIEiJ_T0047207: ['no event', 77, 2]
MGP_PahariEiJ_T0039769: ['no event', 77, 2]
ENSRNOT00000022833: ['no event', 77, 2]
ENSMUGT00000021486: ['no event', 77, 2]
>3
ENSDORT00000003910: ['exon skipping', 0, 0]
ENSMSIT00000048418: ['no event', 34, 2]
ENSMSIT00000048419: ['no event', 34, 2]
ENSMUST00000238172: ['exon skipping', 0, 0]
ENSMUST00000114741: ['no event', 34, 2]
MGP_SPRETEiJ_T0049158: ['no event', 34, 2]
MGP_CAROLIEiJ_T0047207: ['no event', 34, 2]
MGP_PahariEiJ_T0039769: ['no event', 34, 2]
ENSRNOT00000022833: ['no event', 34, 2]
ENSMUGT00000021486: ['no event', 34, 2]
>4
ENSDORT00000003910: ['5event', ['internal gap < 30', 28, 8], 43, 2]
ENSMSIT00000048418: ['exon skipping', 0, 0]
ENSMSIT00000048419: ['exon skipping', 0, 0]
ENSMUST00000238172: ['exon skipping', 0, 0]
ENSMUST00000114741: ['exon skipping', 0, 0]
MGP_SPRETEiJ_T0049158: ['exon skipping', 0, 0]
MGP_CAROLIEiJ_T0047207: ['exon skipping', 0, 0]
MGP_PahariEiJ_T0039769: ['exon skipping', 0, 0]
ENSRNOT00000022833: ['exon skipping', 0, 0]
ENSMUGT00000021486: ['exon skipping', 0, 0]
>5
ENSDORT00000003910: ['no event', 107, 1]
ENSMSIT00000048418: ['5event', 106, 1]
ENSMSIT00000048419: ['5event', 106, 1]
ENSMUST00000238172: ['5event', 41, 0]
ENSMUST00000114741: ['5event', 106, 1]
MGP_SPRETEiJ_T0049158: ['5event', 106, 1]
MGP_CAROLIEiJ_T0047207: ['5event', 106, 1]
MGP_PahariEiJ_T0039769: ['5event', 106, 1]
ENSRNOT00000022833: ['5event', 106, 1]
ENSMUGT00000021486: ['5event', 106, 1]
>6
ENSDORT00000003910: ['no event', 62, 0]
ENSMSIT00000048418: ['no event', 62, 0]
ENSMSIT00000048419: ['no event', 62, 0]
ENSMUST00000238172: ['no event', 62, 0]
ENSMUST00000114741: ['no event', 62, 0]
MGP_SPRETEiJ_T0049158: ['no event', 62, 0]
MGP_CAROLIEiJ_T0047207: ['no event', 62, 0]
MGP_PahariEiJ_T0039769: ['no event', 62, 0]
ENSRNOT00000022833: ['no event', 62, 0]
ENSMUGT00000021486: ['no event', 62, 0]
>7
ENSDORT00000003910: ['no event', 98, 0]
ENSMSIT00000048418: ['no event', 98, 0]
ENSMSIT00000048419: ['no event', 98, 0]
ENSMUST00000238172: ['no event', 98, 0]
ENSMUST00000114741: ['no event', 98, 0]
MGP_SPRETEiJ_T0049158: ['no event', 98, 0]
MGP_CAROLIEiJ_T0047207: ['no event', 98, 0]
MGP_PahariEiJ_T0039769: ['no event', 98, 0]
ENSRNOT00000022833: ['no event', 98, 0]
ENSMUGT00000021486: ['no event', 98, 0]
>8
ENSDORT00000003910: ['exon skipping', 0, 0]
ENSMSIT00000048418: ['no event', 45, 0]
ENSMSIT00000048419: ['no event', 45, 0]
ENSMUST00000238172: ['no event', 45, 0]
ENSMUST00000114741: ['no event', 45, 0]
MGP_SPRETEiJ_T0049158: ['no event', 45, 0]
MGP_CAROLIEiJ_T0047207: ['no event', 45, 0]
MGP_PahariEiJ_T0039769: ['no event', 45, 0]
ENSRNOT00000022833: ['no event', 45, 0]
ENSMUGT00000021486: ['no event', 45, 0]
>9
ENSDORT00000003910: ['5event', ['internal gap < 30', 16, 18], 68, 0]
ENSMSIT00000048418: [['internal gap < 30', 44, 3], 83, 1]
ENSMSIT00000048419: [['internal gap < 30', 44, 3], 83, 1]
ENSMUST00000238172: [['internal gap < 30', 44, 3], 83, 1]
ENSMUST00000114741: [['internal gap < 30', 44, 3], 83, 1]
MGP_SPRETEiJ_T0049158: [['internal gap < 30', 44, 3], 83, 1]
MGP_CAROLIEiJ_T0047207: [['internal gap < 30', 44, 3], 83, 1]
MGP_PahariEiJ_T0039769: [['internal gap < 30', 44, 3], 83, 1]
ENSRNOT00000022833: [['internal gap < 30', 44, 3], 83, 1]
ENSMUGT00000021486: [['internal gap < 30', 44, 3], 83, 1]
>10
ENSDORT00000003910: ['exon skipping', 0, 0]
ENSMSIT00000048418: ['no event', 98, 0]
ENSMSIT00000048419: ['no event', 98, 0]
ENSMUST00000238172: ['no event', 98, 0]
ENSMUST00000114741: ['no event', 98, 0]
MGP_SPRETEiJ_T0049158: ['no event', 98, 0]
MGP_CAROLIEiJ_T0047207: ['no event', 98, 0]
MGP_PahariEiJ_T0039769: ['no event', 98, 0]
ENSRNOT00000022833: ['no event', 98, 0]
ENSMUGT00000021486: ['no event', 98, 0]
>11
ENSDORT00000003910: ['5event', 96, 0]
ENSMSIT00000048418: ['no event', 98, 0]
ENSMSIT00000048419: ['no event', 98, 0]
ENSMUST00000238172: ['no event', 98, 0]
ENSMUST00000114741: ['no event', 98, 0]
MGP_SPRETEiJ_T0049158: ['no event', 98, 0]
MGP_CAROLIEiJ_T0047207: ['no event', 98, 0]
MGP_PahariEiJ_T0039769: ['no event', 98, 0]
ENSRNOT00000022833: ['no event', 98, 0]
ENSMUGT00000021486: ['no event', 98, 0]
>12
ENSDORT00000003910: ['no event', 81, 1]
ENSMSIT00000048418: ['no event', 81, 1]
ENSMSIT00000048419: ['no event', 81, 1]
ENSMUST00000238172: ['no event', 81, 1]
ENSMUST00000114741: ['no event', 81, 1]
MGP_SPRETEiJ_T0049158: ['no event', 81, 1]
MGP_CAROLIEiJ_T0047207: ['no event', 81, 1]
MGP_PahariEiJ_T0039769: ['no event', 81, 1]
ENSRNOT00000022833: ['no event', 81, 1]
ENSMUGT00000021486: ['no event', 81, 1]
>13
ENSDORT00000003910: ['no event', 34, 2]
ENSMSIT00000048418: ['no event', 34, 2]
ENSMSIT00000048419: ['no event', 34, 2]
ENSMUST00000238172: ['no event', 34, 2]
ENSMUST00000114741: ['no event', 34, 2]
MGP_SPRETEiJ_T0049158: ['no event', 34, 2]
MGP_CAROLIEiJ_T0047207: ['no event', 34, 2]
MGP_PahariEiJ_T0039769: ['no event', 34, 2]
ENSRNOT00000022833: ['no event', 34, 2]
ENSMUGT00000021486: ['no event', 34, 2]
>14
ENSDORT00000003910: ['no event', 1, 1]
ENSMSIT00000048418: ['exon skipping', 0, 0]
ENSMSIT00000048419: ['exon skipping', 0, 0]
ENSMUST00000238172: ['exon skipping', 0, 0]
ENSMUST00000114741: ['exon skipping', 0, 0]
MGP_SPRETEiJ_T0049158: ['exon skipping', 0, 0]
MGP_CAROLIEiJ_T0047207: ['exon skipping', 0, 0]
MGP_PahariEiJ_T0039769: ['exon skipping', 0, 0]
ENSRNOT00000022833: ['exon skipping', 0, 0]
ENSMUGT00000021486: ['exon skipping', 0, 0]
>15
ENSDORT00000003910: ['3event', 28, 0]
ENSMSIT00000048418: [['internal gap < 30', 2, 2], 49, 1]
ENSMSIT00000048419: [['internal gap < 30', 2, 2], 49, 1]
ENSMUST00000238172: [['internal gap < 30', 2, 2], 49, 1]
ENSMUST00000114741: [['internal gap < 30', 2, 2], 49, 1]
MGP_SPRETEiJ_T0049158: [['internal gap < 30', 2, 2], 49, 1]
MGP_CAROLIEiJ_T0047207: [['internal gap < 30', 2, 2], 49, 1]
MGP_PahariEiJ_T0039769: [['internal gap < 30', 2, 2], 49, 1]
ENSRNOT00000022833: [['internal gap < 30', 2, 2], 49, 1]
ENSMUGT00000021486: [['internal gap < 30', 2, 2], 49, 1]
