>0
FBtr0079188: ['no event', 207, 0]
FBtr0343122: ['no event', 207, 0]
FBtr0302971: ['exon skipping', 0, 0]
C07H6.2.1: ['exon skipping', 0, 0]
>1
FBtr0079188: ['exon skipping', 0, 0]
FBtr0343122: ['exon skipping', 0, 0]
FBtr0302971: ['5event', 644, 0]
C07H6.2.1: ['exon skipping', 0, 0]
>2
FBtr0079188: ['5event', ['internal gap >= 30', 147, 50], 280, 1]
FBtr0343122: ['5event', ['internal gap >= 30', 147, 50], 280, 1]
FBtr0302971: ['exon skipping', 0, 0]
C07H6.2.1: ['5event', ['internal gap < 30', 294, 13], 317, 0]
>3
FBtr0079188: ['exon skipping', 0, 0]
FBtr0343122: ['exon skipping', 0, 0]
FBtr0302971: ['exon skipping', 0, 0]
C07H6.2.1: ['no event', 5, 0]
