>0
C08E3.1.1: ['exon skipping', 0, 0]
C08E3.13.1: ['exon skipping', 0, 0]
C08E3.13.2: ['exon skipping', 0, 0]
Y105C5A.13a.1: ['exon skipping', 0, 0]
Y105C5A.13b.1: ['exon skipping', 0, 0]
Y105C5A.12.1: ['exon skipping', 0, 0]
Y105C5A.9a.1: ['no event', 14, 0]
Y105C5A.9b.1: ['no event', 14, 0]
>1
C08E3.1.1: ['exon skipping', 0, 0]
C08E3.13.1: ['exon skipping', 0, 0]
C08E3.13.2: ['exon skipping', 0, 0]
Y105C5A.13a.1: ['5event', ['internal gap < 30', 86, 26], 108, 0]
Y105C5A.13b.1: ['exon skipping', 0, 0]
Y105C5A.12.1: ['exon skipping', 0, 0]
Y105C5A.9a.1: [['internal gap < 30', 42, 13], 121, 0]
Y105C5A.9b.1: ['exon skipping', 0, 0]
>2
C08E3.1.1: ['exon skipping', 0, 0]
C08E3.13.1: ['exon skipping', 0, 0]
C08E3.13.2: ['exon skipping', 0, 0]
Y105C5A.13a.1: ['no event', 4, 1]
Y105C5A.13b.1: ['exon skipping', 0, 0]
Y105C5A.12.1: ['exon skipping', 0, 0]
Y105C5A.9a.1: ['exon skipping', 0, 0]
Y105C5A.9b.1: ['exon skipping', 0, 0]
>3
C08E3.1.1: ['5event', 138, 0]
C08E3.13.1: ['5event', 138, 0]
C08E3.13.2: ['5event', 138, 0]
Y105C5A.13a.1: ['no event', 140, 0]
Y105C5A.13b.1: ['5event', 138, 0]
Y105C5A.12.1: ['5event', 138, 0]
Y105C5A.9a.1: ['5event', 135, 0]
Y105C5A.9b.1: ['5event', 135, 0]
>4
C08E3.1.1: ['no event', 91, 1]
C08E3.13.1: ['no event', 91, 1]
C08E3.13.2: ['no event', 91, 1]
Y105C5A.13a.1: ['no event', 91, 1]
Y105C5A.13b.1: ['no event', 91, 1]
Y105C5A.12.1: ['no event', 91, 1]
Y105C5A.9a.1: ['exon skipping', 0, 0]
Y105C5A.9b.1: ['exon skipping', 0, 0]
>5
C08E3.1.1: ['no event', 5, 0]
C08E3.13.1: ['no event', 5, 0]
C08E3.13.2: ['no event', 5, 0]
Y105C5A.13a.1: ['exon skipping', 0, 0]
Y105C5A.13b.1: ['exon skipping', 0, 0]
Y105C5A.12.1: ['exon skipping', 0, 0]
Y105C5A.9a.1: ['exon skipping', 0, 0]
Y105C5A.9b.1: ['exon skipping', 0, 0]
>6
C08E3.1.1: ['exon skipping', 0, 0]
C08E3.13.1: ['exon skipping', 0, 0]
C08E3.13.2: ['exon skipping', 0, 0]
Y105C5A.13a.1: ['exon skipping', 0, 0]
Y105C5A.13b.1: ['exon skipping', 0, 0]
Y105C5A.12.1: ['exon skipping', 0, 0]
Y105C5A.9a.1: ['5event', 22, 1]
Y105C5A.9b.1: ['5event', 22, 1]
