>0
FBtr0342883: ['no event', 212, 0]
FBtr0342882: ['no event', 212, 0]
FBtr0347186: ['no event', 212, 0]
FBtr0112646: ['no event', 212, 0]
Y52B11A.4.1: ['exon skipping', 0, 0]
Y52B11A.4.2: ['exon skipping', 0, 0]
>1
FBtr0342883: [['internal gap >= 30', 71, 63], 153, 0]
FBtr0342882: [['internal gap >= 30', 71, 63], 153, 0]
FBtr0347186: [['internal gap >= 30', 71, 63], 153, 0]
FBtr0112646: [['internal gap >= 30', 71, 63], 153, 0]
Y52B11A.4.1: ['3event', '5event', 158, 0]
Y52B11A.4.2: ['3event', '5event', 158, 0]
>2
FBtr0342883: ['3event', 119, 1]
FBtr0342882: ['3event', 119, 1]
FBtr0347186: ['3event', 119, 1]
FBtr0112646: ['3event', 119, 1]
Y52B11A.4.1: ['5event', ['internal gap < 30', 75, 20], 123, 2]
Y52B11A.4.2: ['5event', ['internal gap < 30', 75, 20], 123, 2]
>3
FBtr0342883: ['5event', 314, 1]
FBtr0342882: ['5event', 314, 1]
FBtr0347186: ['5event', 314, 1]
FBtr0112646: ['5event', 314, 1]
Y52B11A.4.1: ['exon skipping', 0, 0]
Y52B11A.4.2: ['exon skipping', 0, 0]
>4
FBtr0342883: [['internal gap < 30', 59, 10], 88, 1]
FBtr0342882: [['internal gap < 30', 59, 10], 88, 1]
FBtr0347186: [['internal gap < 30', 59, 10], 88, 1]
FBtr0112646: [['internal gap < 30', 59, 10], 88, 1]
Y52B11A.4.1: ['3event', '5event', 86, 0]
Y52B11A.4.2: ['3event', '5event', 86, 0]
>5
FBtr0342883: ['exon skipping', 0, 0]
FBtr0342882: ['exon skipping', 0, 0]
FBtr0347186: ['exon skipping', 0, 0]
FBtr0112646: ['exon skipping', 0, 0]
Y52B11A.4.1: ['5event', 101, 2]
Y52B11A.4.2: ['5event', 101, 2]
>6
FBtr0342883: ['exon skipping', 0, 0]
FBtr0342882: ['exon skipping', 0, 0]
FBtr0347186: ['exon skipping', 0, 0]
FBtr0112646: ['exon skipping', 0, 0]
Y52B11A.4.1: ['no event', 246, 2]
Y52B11A.4.2: ['no event', 246, 2]
>7
FBtr0342883: ['exon skipping', 0, 0]
FBtr0342882: ['exon skipping', 0, 0]
FBtr0347186: ['exon skipping', 0, 0]
FBtr0112646: ['exon skipping', 0, 0]
Y52B11A.4.1: [['internal gap < 30', 58, 2], 93, 0]
Y52B11A.4.2: [['internal gap < 30', 58, 2], 93, 0]
>8
FBtr0342883: ['exon skipping', 0, 0]
FBtr0342882: ['exon skipping', 0, 0]
FBtr0347186: ['exon skipping', 0, 0]
FBtr0112646: ['exon skipping', 0, 0]
Y52B11A.4.1: ['no event', 172, 1]
Y52B11A.4.2: ['no event', 172, 1]
>9
FBtr0342883: ['5event', 180, 0]
FBtr0342882: ['5event', 180, 0]
FBtr0347186: ['5event', 180, 0]
FBtr0112646: ['5event', 180, 0]
Y52B11A.4.1: [['internal gap >= 30', 32, 87], 97, 0]
Y52B11A.4.2: [['internal gap >= 30', 32, 87], 97, 0]
>10
FBtr0342883: ['exon skipping', 0, 0]
FBtr0342882: ['exon skipping', 0, 0]
FBtr0347186: ['exon skipping', 0, 0]
FBtr0112646: ['exon skipping', 0, 0]
Y52B11A.4.1: ['no event', 236, 1]
Y52B11A.4.2: ['no event', 236, 1]
>11
FBtr0342883: ['5event', 133, 1]
FBtr0342882: ['5event', 133, 1]
FBtr0347186: ['5event', 133, 1]
FBtr0112646: ['5event', 133, 1]
Y52B11A.4.1: ['exon skipping', 0, 0]
Y52B11A.4.2: ['exon skipping', 0, 0]
>12
FBtr0342883: ['exon skipping', 0, 0]
FBtr0342882: ['exon skipping', 0, 0]
FBtr0347186: ['exon skipping', 0, 0]
FBtr0112646: ['exon skipping', 0, 0]
Y52B11A.4.1: ['5event', 88, 1]
Y52B11A.4.2: ['5event', 88, 1]
>13
FBtr0342883: ['exon skipping', 0, 0]
FBtr0342882: ['5event', 110, 0]
FBtr0347186: ['exon skipping', 0, 0]
FBtr0112646: ['exon skipping', 0, 0]
Y52B11A.4.1: ['exon skipping', 0, 0]
Y52B11A.4.2: ['exon skipping', 0, 0]
>14
FBtr0342883: ['5event', 143, 0]
FBtr0342882: ['no event', 144, 0]
FBtr0347186: ['5event', 143, 0]
FBtr0112646: ['5event', 143, 0]
Y52B11A.4.1: ['exon skipping', 0, 0]
Y52B11A.4.2: ['exon skipping', 0, 0]
