>0
F19B6.3.1: ['no event', 539, 0]
H01G02.4.1: ['exon skipping', 0, 0]
H01G02.4.2: ['exon skipping', 0, 0]
H01G02.4.3: ['exon skipping', 0, 0]
H01G02.4.4: ['exon skipping', 0, 0]
>1
F19B6.3.1: ['no event', 31, 0]
H01G02.4.1: ['exon skipping', 0, 0]
H01G02.4.2: ['exon skipping', 0, 0]
H01G02.4.3: ['exon skipping', 0, 0]
H01G02.4.4: ['exon skipping', 0, 0]
>2
F19B6.3.1: [['internal gap < 30', 151, 5], 250, 2]
H01G02.4.1: ['5event', ['internal gap >= 30', 60, 32], 223, 0]
H01G02.4.2: ['5event', ['internal gap >= 30', 60, 32], 223, 0]
H01G02.4.3: ['5event', ['internal gap >= 30', 60, 32], 223, 0]
H01G02.4.4: ['5event', ['internal gap >= 30', 60, 32], 223, 0]
>3
F19B6.3.1: [['internal gap < 30', 167, 7], 214, 2]
H01G02.4.1: [['internal gap < 30', 145, 5], 216, 2]
H01G02.4.2: [['internal gap < 30', 145, 5], 216, 2]
H01G02.4.3: [['internal gap < 30', 145, 5], 216, 2]
H01G02.4.4: [['internal gap < 30', 145, 5], 216, 2]
>4
F19B6.3.1: ['no event', 16, 1]
H01G02.4.1: ['exon skipping', 0, 0]
H01G02.4.2: ['exon skipping', 0, 0]
H01G02.4.3: ['exon skipping', 0, 0]
H01G02.4.4: ['exon skipping', 0, 0]
