>0
ENSNBRT00000019381: ['no event', 17, 0]
ENSHBUT00000033575: ['no event', 17, 0]
ENSACIT00000008502: ['no event', 17, 0]
ENSAPET00000028463: ['no event', 17, 0]
ENSAPOT00000014616: ['no event', 17, 0]
ENSSPAT00000012981: ['no event', 17, 0]
ENSPRET00000031689: ['exon skipping', 0, 0]
ENSXCOT00000024530: ['no event', 17, 0]
ENSCVAT00000002523: ['no event', 17, 0]
ENSSMAT00000023418: ['no event', 17, 0]
ENSMALT00000018894: ['no event', 17, 0]
>1
ENSNBRT00000019381: ['exon skipping', 0, 0]
ENSHBUT00000033575: ['exon skipping', 0, 0]
ENSACIT00000008502: ['exon skipping', 0, 0]
ENSAPET00000028463: ['exon skipping', 0, 0]
ENSAPOT00000014616: ['exon skipping', 0, 0]
ENSSPAT00000012981: ['exon skipping', 0, 0]
ENSPRET00000031689: ['5event', 10, 0]
ENSXCOT00000024530: ['exon skipping', 0, 0]
ENSCVAT00000002523: ['exon skipping', 0, 0]
ENSSMAT00000023418: ['exon skipping', 0, 0]
ENSMALT00000018894: ['exon skipping', 0, 0]
>2
ENSNBRT00000019381: ['exon skipping', 0, 0]
ENSHBUT00000033575: ['exon skipping', 0, 0]
ENSACIT00000008502: ['exon skipping', 0, 0]
ENSAPET00000028463: ['exon skipping', 0, 0]
ENSAPOT00000014616: ['exon skipping', 0, 0]
ENSSPAT00000012981: ['exon skipping', 0, 0]
ENSPRET00000031689: ['exon skipping', 0, 0]
ENSXCOT00000024530: ['exon skipping', 0, 0]
ENSCVAT00000002523: ['5event', 7, 0]
ENSSMAT00000023418: ['exon skipping', 0, 0]
ENSMALT00000018894: ['exon skipping', 0, 0]
>3
ENSNBRT00000019381: ['5event', 137, 0]
ENSHBUT00000033575: ['5event', 137, 0]
ENSACIT00000008502: ['5event', 137, 0]
ENSAPET00000028463: ['5event', 137, 0]
ENSAPOT00000014616: ['5event', 137, 0]
ENSSPAT00000012981: ['5event', 137, 0]
ENSPRET00000031689: ['5event', 126, 2]
ENSXCOT00000024530: ['5event', 137, 0]
ENSCVAT00000002523: [['internal gap < 30', 1, 11], 127, 2]
ENSSMAT00000023418: ['5event', 137, 0]
ENSMALT00000018894: ['5event', 137, 0]
>4
ENSNBRT00000019381: ['no event', 77, 0]
ENSHBUT00000033575: ['no event', 77, 0]
ENSACIT00000008502: ['no event', 77, 0]
ENSAPET00000028463: ['no event', 77, 0]
ENSAPOT00000014616: ['no event', 77, 0]
ENSSPAT00000012981: ['no event', 77, 0]
ENSPRET00000031689: ['3event', 75, 0]
ENSXCOT00000024530: ['3event', 75, 0]
ENSCVAT00000002523: ['no event', 77, 0]
ENSSMAT00000023418: ['no event', 77, 0]
ENSMALT00000018894: ['no event', 77, 0]
>5
ENSNBRT00000019381: ['exon skipping', 0, 0]
ENSHBUT00000033575: ['exon skipping', 0, 0]
ENSACIT00000008502: ['exon skipping', 0, 0]
ENSAPET00000028463: ['exon skipping', 0, 0]
ENSAPOT00000014616: ['exon skipping', 0, 0]
ENSSPAT00000012981: ['3event', 33, 0]
ENSPRET00000031689: ['exon skipping', 0, 0]
ENSXCOT00000024530: ['exon skipping', 0, 0]
ENSCVAT00000002523: [['internal gap < 30', 30, 18], 52, 0]
ENSSMAT00000023418: ['exon skipping', 0, 0]
ENSMALT00000018894: ['no event', 70, 0]
>6
ENSNBRT00000019381: ['5event', 47, 0]
ENSHBUT00000033575: ['5event', 47, 0]
ENSACIT00000008502: ['exon skipping', 0, 0]
ENSAPET00000028463: ['exon skipping', 0, 0]
ENSAPOT00000014616: ['exon skipping', 0, 0]
ENSSPAT00000012981: ['exon skipping', 0, 0]
ENSPRET00000031689: ['exon skipping', 0, 0]
ENSXCOT00000024530: ['exon skipping', 0, 0]
ENSCVAT00000002523: ['exon skipping', 0, 0]
ENSSMAT00000023418: ['exon skipping', 0, 0]
ENSMALT00000018894: ['exon skipping', 0, 0]
>7
ENSNBRT00000019381: ['exon skipping', 0, 0]
ENSHBUT00000033575: ['exon skipping', 0, 0]
ENSACIT00000008502: ['3event', '5event', 35, 0]
ENSAPET00000028463: ['exon skipping', 0, 0]
ENSAPOT00000014616: ['3event', '5event', 32, 0]
ENSSPAT00000012981: ['exon skipping', 0, 0]
ENSPRET00000031689: ['exon skipping', 0, 0]
ENSXCOT00000024530: ['exon skipping', 0, 0]
ENSCVAT00000002523: ['exon skipping', 0, 0]
ENSSMAT00000023418: ['5event', 37, 0]
ENSMALT00000018894: ['exon skipping', 0, 0]
>8
ENSNBRT00000019381: ['5event', 137, 0]
ENSHBUT00000033575: ['5event', 137, 0]
ENSACIT00000008502: ['5event', 147, 2]
ENSAPET00000028463: ['5event', 137, 0]
ENSAPOT00000014616: ['5event', 147, 2]
ENSSPAT00000012981: ['5event', 139, 1]
ENSPRET00000031689: ['5event', 147, 2]
ENSXCOT00000024530: ['5event', 147, 2]
ENSCVAT00000002523: ['5event', 147, 2]
ENSSMAT00000023418: ['no event', 148, 2]
ENSMALT00000018894: ['5event', 63, 2]
