>0
FBtr0087045: [['internal gap < 30', 4, 10], 57, 0]
C55F2.2.1: ['3event', 49, 0]
C45G7.1.1: ['exon skipping', 0, 0]
FBtr0087043: ['3event', 42, 0]
FBtr0087044: ['exon skipping', 0, 0]
F22A3.6a.1: ['3event', '5event', 34, 0]
>1
FBtr0087045: ['exon skipping', 0, 0]
C55F2.2.1: ['3event', '5event', 24, 1]
C45G7.1.1: ['exon skipping', 0, 0]
FBtr0087043: ['5event', 27, 0]
FBtr0087044: ['exon skipping', 0, 0]
F22A3.6a.1: ['exon skipping', 0, 0]
>2
FBtr0087045: ['3event', '5event', 139, 1]
C55F2.2.1: ['5event', ['internal gap >= 30', 85, 100], 130, 1]
C45G7.1.1: ['exon skipping', 0, 0]
FBtr0087043: ['3event', 155, 1]
FBtr0087044: ['3event', '5event', 206, 0]
F22A3.6a.1: ['3event', '5event', 113, 1]
>3
FBtr0087045: ['exon skipping', 0, 0]
C55F2.2.1: ['exon skipping', 0, 0]
C45G7.1.1: ['5event', 5, 0]
FBtr0087043: ['exon skipping', 0, 0]
FBtr0087044: ['exon skipping', 0, 0]
F22A3.6a.1: ['exon skipping', 0, 0]
>4
FBtr0087045: ['exon skipping', 0, 0]
C55F2.2.1: ['exon skipping', 0, 0]
C45G7.1.1: ['no event', 1, 0]
FBtr0087043: ['exon skipping', 0, 0]
FBtr0087044: ['exon skipping', 0, 0]
F22A3.6a.1: ['exon skipping', 0, 0]
>5
FBtr0087045: ['exon skipping', 0, 0]
C55F2.2.1: ['exon skipping', 0, 0]
C45G7.1.1: ['exon skipping', 0, 0]
FBtr0087043: ['exon skipping', 0, 0]
FBtr0087044: ['5event', 30, 2]
F22A3.6a.1: ['exon skipping', 0, 0]
>6
FBtr0087045: ['3event', '5event', 38, 2]
C55F2.2.1: ['5event', ['internal gap < 30', 28, 28], 45, 0]
C45G7.1.1: ['exon skipping', 0, 0]
FBtr0087043: ['3event', '5event', 38, 2]
FBtr0087044: ['exon skipping', 0, 0]
F22A3.6a.1: ['3event', '5event', 67, 0]
>7
FBtr0087045: ['exon skipping', 0, 0]
C55F2.2.1: ['exon skipping', 0, 0]
C45G7.1.1: ['exon skipping', 0, 0]
FBtr0087043: ['exon skipping', 0, 0]
FBtr0087044: ['5event', 6, 0]
F22A3.6a.1: ['exon skipping', 0, 0]
>8
FBtr0087045: ['5event', 49, 1]
C55F2.2.1: ['5event', 49, 1]
C45G7.1.1: ['exon skipping', 0, 0]
FBtr0087043: ['5event', 49, 1]
FBtr0087044: ['no event', 50, 1]
F22A3.6a.1: ['5event', 49, 1]
>9
FBtr0087045: ['exon skipping', 0, 0]
C55F2.2.1: ['no event', 50, 0]
C45G7.1.1: ['exon skipping', 0, 0]
FBtr0087043: ['exon skipping', 0, 0]
FBtr0087044: ['exon skipping', 0, 0]
F22A3.6a.1: ['exon skipping', 0, 0]
>10
FBtr0087045: ['exon skipping', 0, 0]
C55F2.2.1: ['exon skipping', 0, 0]
C45G7.1.1: ['5event', 54, 2]
FBtr0087043: ['exon skipping', 0, 0]
FBtr0087044: ['exon skipping', 0, 0]
F22A3.6a.1: ['exon skipping', 0, 0]
>11
FBtr0087045: ['exon skipping', 0, 0]
C55F2.2.1: ['exon skipping', 0, 0]
C45G7.1.1: ['no event', 57, 0]
FBtr0087043: ['exon skipping', 0, 0]
FBtr0087044: ['exon skipping', 0, 0]
F22A3.6a.1: ['5event', 56, 0]
>12
FBtr0087045: ['exon skipping', 0, 0]
C55F2.2.1: ['5event', 98, 0]
C45G7.1.1: ['no event', 99, 0]
FBtr0087043: ['exon skipping', 0, 0]
FBtr0087044: ['exon skipping', 0, 0]
F22A3.6a.1: ['no event', 99, 0]
>13
FBtr0087045: ['exon skipping', 0, 0]
C55F2.2.1: ['exon skipping', 0, 0]
C45G7.1.1: ['no event', 2, 0]
FBtr0087043: ['exon skipping', 0, 0]
FBtr0087044: ['exon skipping', 0, 0]
F22A3.6a.1: ['exon skipping', 0, 0]
>14
FBtr0087045: ['5event', 203, 0]
C55F2.2.1: ['exon skipping', 0, 0]
C45G7.1.1: ['exon skipping', 0, 0]
FBtr0087043: ['3event', '5event', 171, 0]
FBtr0087044: ['3event', '5event', 183, 0]
F22A3.6a.1: ['exon skipping', 0, 0]
>15
FBtr0087045: ['exon skipping', 0, 0]
C55F2.2.1: ['5event', 29, 0]
C45G7.1.1: ['exon skipping', 0, 0]
FBtr0087043: ['exon skipping', 0, 0]
FBtr0087044: ['exon skipping', 0, 0]
F22A3.6a.1: ['exon skipping', 0, 0]
