>0
ENSCHAT00000008935: ['no event', 99, 0]
ENSCHAT00000009012: ['no event', 99, 0]
ENSCHAT00000009051: ['no event', 99, 0]
ENSDCDT00000035697: ['no event', 99, 0]
ENSDCDT00000035700: ['no event', 99, 0]
ENSDCDT00000035702: ['no event', 99, 0]
>1
ENSCHAT00000008935: ['no event', 103, 1]
ENSCHAT00000009012: ['no event', 103, 1]
ENSCHAT00000009051: ['no event', 103, 1]
ENSDCDT00000035697: ['no event', 103, 1]
ENSDCDT00000035700: ['no event', 103, 1]
ENSDCDT00000035702: ['no event', 103, 1]
>2
ENSCHAT00000008935: ['no event', 143, 0]
ENSCHAT00000009012: ['no event', 143, 0]
ENSCHAT00000009051: ['no event', 143, 0]
ENSDCDT00000035697: ['no event', 143, 0]
ENSDCDT00000035700: ['no event', 143, 0]
ENSDCDT00000035702: ['no event', 143, 0]
>3
ENSCHAT00000008935: ['no event', 156, 0]
ENSCHAT00000009012: ['no event', 156, 0]
ENSCHAT00000009051: ['no event', 156, 0]
ENSDCDT00000035697: ['no event', 156, 0]
ENSDCDT00000035700: ['no event', 156, 0]
ENSDCDT00000035702: ['no event', 156, 0]
>4
ENSCHAT00000008935: ['no event', 27, 1]
ENSCHAT00000009012: ['no event', 27, 1]
ENSCHAT00000009051: ['no event', 27, 1]
ENSDCDT00000035697: ['no event', 27, 1]
ENSDCDT00000035700: ['no event', 27, 1]
ENSDCDT00000035702: ['no event', 27, 1]
>5
ENSCHAT00000008935: ['no event', 96, 2]
ENSCHAT00000009012: ['no event', 96, 2]
ENSCHAT00000009051: ['no event', 96, 2]
ENSDCDT00000035697: ['no event', 96, 2]
ENSDCDT00000035700: ['no event', 96, 2]
ENSDCDT00000035702: ['no event', 96, 2]
>6
ENSCHAT00000008935: ['no event', 5, 0]
ENSCHAT00000009012: ['exon skipping', 0, 0]
ENSCHAT00000009051: ['exon skipping', 0, 0]
ENSDCDT00000035697: ['no event', 5, 0]
ENSDCDT00000035700: ['exon skipping', 0, 0]
ENSDCDT00000035702: ['exon skipping', 0, 0]
>7
ENSCHAT00000008935: ['exon skipping', 0, 0]
ENSCHAT00000009012: ['exon skipping', 0, 0]
ENSCHAT00000009051: ['exon skipping', 0, 0]
ENSDCDT00000035697: ['no event', 17, 0]
ENSDCDT00000035700: ['exon skipping', 0, 0]
ENSDCDT00000035702: ['exon skipping', 0, 0]
>8
ENSCHAT00000008935: ['5event', 92, 0]
ENSCHAT00000009012: ['5event', 92, 0]
ENSCHAT00000009051: ['5event', 92, 0]
ENSDCDT00000035697: ['no event', 100, 0]
ENSDCDT00000035700: ['5event', 92, 0]
ENSDCDT00000035702: ['5event', 92, 0]
>9
ENSCHAT00000008935: ['no event', 63, 0]
ENSCHAT00000009012: ['no event', 63, 0]
ENSCHAT00000009051: ['no event', 63, 0]
ENSDCDT00000035697: ['no event', 63, 0]
ENSDCDT00000035700: ['no event', 63, 0]
ENSDCDT00000035702: ['no event', 63, 0]
>10
ENSCHAT00000008935: ['no event', 98, 1]
ENSCHAT00000009012: ['no event', 98, 1]
ENSCHAT00000009051: ['no event', 98, 1]
ENSDCDT00000035697: ['no event', 98, 1]
ENSDCDT00000035700: ['no event', 98, 1]
ENSDCDT00000035702: ['no event', 98, 1]
>11
ENSCHAT00000008935: ['no event', 103, 1]
ENSCHAT00000009012: ['no event', 103, 1]
ENSCHAT00000009051: ['no event', 103, 1]
ENSDCDT00000035697: ['no event', 103, 1]
ENSDCDT00000035700: ['no event', 103, 1]
ENSDCDT00000035702: ['no event', 103, 1]
>12
ENSCHAT00000008935: ['no event', 138, 0]
ENSCHAT00000009012: ['no event', 138, 0]
ENSCHAT00000009051: ['no event', 138, 0]
ENSDCDT00000035697: ['no event', 138, 0]
ENSDCDT00000035700: ['no event', 138, 0]
ENSDCDT00000035702: ['no event', 138, 0]
>13
ENSCHAT00000008935: ['no event', 118, 1]
ENSCHAT00000009012: ['no event', 118, 1]
ENSCHAT00000009051: ['no event', 118, 1]
ENSDCDT00000035697: ['no event', 118, 1]
ENSDCDT00000035700: ['no event', 118, 1]
ENSDCDT00000035702: ['no event', 118, 1]
>14
ENSCHAT00000008935: ['no event', 149, 0]
ENSCHAT00000009012: ['no event', 149, 0]
ENSCHAT00000009051: ['3event', 123, 0]
ENSDCDT00000035697: ['no event', 149, 0]
ENSDCDT00000035700: ['no event', 149, 0]
ENSDCDT00000035702: ['no event', 149, 0]
>15
ENSCHAT00000008935: ['no event', 170, 0]
ENSCHAT00000009012: ['no event', 170, 0]
ENSCHAT00000009051: ['exon skipping', 0, 0]
ENSDCDT00000035697: ['no event', 170, 0]
ENSDCDT00000035700: ['no event', 170, 0]
ENSDCDT00000035702: ['no event', 170, 0]
>16
ENSCHAT00000008935: ['exon skipping', 0, 0]
ENSCHAT00000009012: ['exon skipping', 0, 0]
ENSCHAT00000009051: ['5event', 20, 0]
ENSDCDT00000035697: ['exon skipping', 0, 0]
ENSDCDT00000035700: ['exon skipping', 0, 0]
ENSDCDT00000035702: ['exon skipping', 0, 0]
>17
ENSCHAT00000008935: ['5event', 179, 0]
ENSCHAT00000009012: ['5event', 179, 0]
ENSCHAT00000009051: ['exon skipping', 0, 0]
ENSDCDT00000035697: ['5event', 179, 0]
ENSDCDT00000035700: ['5event', 179, 0]
ENSDCDT00000035702: ['5event', 179, 0]
>18
ENSCHAT00000008935: ['no event', 132, 0]
ENSCHAT00000009012: ['no event', 132, 0]
ENSCHAT00000009051: ['exon skipping', 0, 0]
ENSDCDT00000035697: ['no event', 132, 0]
ENSDCDT00000035700: ['no event', 132, 0]
ENSDCDT00000035702: ['no event', 132, 0]
>19
ENSCHAT00000008935: [['internal gap < 30', 2, 15], 55, 1]
ENSCHAT00000009012: ['no event', 70, 1]
ENSCHAT00000009051: ['exon skipping', 0, 0]
ENSDCDT00000035697: ['no event', 70, 1]
ENSDCDT00000035700: ['no event', 70, 1]
ENSDCDT00000035702: ['no event', 70, 1]
>20
ENSCHAT00000008935: ['no event', 87, 0]
ENSCHAT00000009012: ['no event', 87, 0]
ENSCHAT00000009051: ['exon skipping', 0, 0]
ENSDCDT00000035697: ['no event', 87, 0]
ENSDCDT00000035700: ['no event', 87, 0]
ENSDCDT00000035702: ['no event', 87, 0]
>21
ENSCHAT00000008935: ['no event', 117, 1]
ENSCHAT00000009012: ['no event', 117, 1]
ENSCHAT00000009051: ['exon skipping', 0, 0]
ENSDCDT00000035697: ['no event', 117, 1]
ENSDCDT00000035700: ['no event', 117, 1]
ENSDCDT00000035702: ['no event', 117, 1]
>22
ENSCHAT00000008935: ['no event', 123, 2]
ENSCHAT00000009012: ['no event', 123, 2]
ENSCHAT00000009051: ['exon skipping', 0, 0]
ENSDCDT00000035697: ['no event', 123, 2]
ENSDCDT00000035700: ['no event', 123, 2]
ENSDCDT00000035702: ['no event', 123, 2]
>23
ENSCHAT00000008935: ['3event', 128, 0]
ENSCHAT00000009012: ['no event', 136, 0]
ENSCHAT00000009051: ['exon skipping', 0, 0]
ENSDCDT00000035697: ['no event', 136, 0]
ENSDCDT00000035700: ['no event', 136, 0]
ENSDCDT00000035702: ['no event', 136, 0]
>24
ENSCHAT00000008935: ['5event', 255, 2]
ENSCHAT00000009012: ['no event', 262, 2]
ENSCHAT00000009051: ['exon skipping', 0, 0]
ENSDCDT00000035697: ['no event', 262, 2]
ENSDCDT00000035700: ['no event', 262, 2]
ENSDCDT00000035702: ['no event', 262, 2]
>25
ENSCHAT00000008935: ['no event', 242, 0]
ENSCHAT00000009012: ['no event', 242, 0]
ENSCHAT00000009051: ['exon skipping', 0, 0]
ENSDCDT00000035697: ['no event', 242, 0]
ENSDCDT00000035700: ['no event', 242, 0]
ENSDCDT00000035702: ['no event', 242, 0]
>26
ENSCHAT00000008935: ['no event', 176, 0]
ENSCHAT00000009012: ['no event', 176, 0]
ENSCHAT00000009051: ['exon skipping', 0, 0]
ENSDCDT00000035697: ['no event', 176, 0]
ENSDCDT00000035700: ['no event', 176, 0]
ENSDCDT00000035702: ['no event', 176, 0]
>27
ENSCHAT00000008935: ['no event', 145, 0]
ENSCHAT00000009012: ['no event', 145, 0]
ENSCHAT00000009051: ['exon skipping', 0, 0]
ENSDCDT00000035697: ['no event', 145, 0]
ENSDCDT00000035700: ['no event', 145, 0]
ENSDCDT00000035702: ['no event', 145, 0]
>28
ENSCHAT00000008935: ['no event', 90, 2]
ENSCHAT00000009012: ['no event', 90, 2]
ENSCHAT00000009051: ['exon skipping', 0, 0]
ENSDCDT00000035697: ['no event', 90, 2]
ENSDCDT00000035700: ['no event', 90, 2]
ENSDCDT00000035702: ['no event', 90, 2]
>29
ENSCHAT00000008935: ['no event', 389, 0]
ENSCHAT00000009012: ['no event', 389, 0]
ENSCHAT00000009051: ['exon skipping', 0, 0]
ENSDCDT00000035697: ['no event', 389, 0]
ENSDCDT00000035700: ['no event', 389, 0]
ENSDCDT00000035702: ['no event', 389, 0]
>30
ENSCHAT00000008935: ['no event', 126, 0]
ENSCHAT00000009012: ['no event', 126, 0]
ENSCHAT00000009051: ['exon skipping', 0, 0]
ENSDCDT00000035697: ['no event', 126, 0]
ENSDCDT00000035700: ['no event', 126, 0]
ENSDCDT00000035702: ['no event', 126, 0]
>31
ENSCHAT00000008935: ['no event', 118, 1]
ENSCHAT00000009012: ['no event', 118, 1]
ENSCHAT00000009051: ['exon skipping', 0, 0]
ENSDCDT00000035697: ['no event', 118, 1]
ENSDCDT00000035700: ['no event', 118, 1]
ENSDCDT00000035702: ['no event', 118, 1]
>32
ENSCHAT00000008935: ['no event', 196, 0]
ENSCHAT00000009012: ['no event', 196, 0]
ENSCHAT00000009051: ['exon skipping', 0, 0]
ENSDCDT00000035697: ['no event', 196, 0]
ENSDCDT00000035700: ['no event', 196, 0]
ENSDCDT00000035702: ['no event', 196, 0]
>33
ENSCHAT00000008935: ['no event', 183, 2]
ENSCHAT00000009012: ['no event', 183, 2]
ENSCHAT00000009051: ['exon skipping', 0, 0]
ENSDCDT00000035697: ['no event', 183, 2]
ENSDCDT00000035700: ['no event', 183, 2]
ENSDCDT00000035702: ['no event', 183, 2]
>34
ENSCHAT00000008935: ['no event', 165, 0]
ENSCHAT00000009012: ['no event', 165, 0]
ENSCHAT00000009051: ['exon skipping', 0, 0]
ENSDCDT00000035697: ['no event', 165, 0]
ENSDCDT00000035700: ['no event', 165, 0]
ENSDCDT00000035702: ['no event', 165, 0]
>35
ENSCHAT00000008935: ['no event', 124, 1]
ENSCHAT00000009012: ['no event', 124, 1]
ENSCHAT00000009051: ['exon skipping', 0, 0]
ENSDCDT00000035697: ['no event', 124, 1]
ENSDCDT00000035700: ['no event', 124, 1]
ENSDCDT00000035702: ['no event', 124, 1]
>36
ENSCHAT00000008935: ['no event', 115, 0]
ENSCHAT00000009012: ['no event', 115, 0]
ENSCHAT00000009051: ['exon skipping', 0, 0]
ENSDCDT00000035697: ['no event', 115, 0]
ENSDCDT00000035700: ['no event', 115, 0]
ENSDCDT00000035702: ['no event', 115, 0]
>37
ENSCHAT00000008935: ['no event', 193, 2]
ENSCHAT00000009012: ['no event', 193, 2]
ENSCHAT00000009051: ['exon skipping', 0, 0]
ENSDCDT00000035697: [['internal gap < 30', 177, 1], 192, 2]
ENSDCDT00000035700: [['internal gap < 30', 177, 1], 192, 2]
ENSDCDT00000035702: [['internal gap < 30', 177, 1], 192, 2]
>38
ENSCHAT00000008935: ['no event', 10, 1]
ENSCHAT00000009012: ['no event', 10, 1]
ENSCHAT00000009051: ['exon skipping', 0, 0]
ENSDCDT00000035697: ['exon skipping', 0, 0]
ENSDCDT00000035700: ['exon skipping', 0, 0]
ENSDCDT00000035702: ['exon skipping', 0, 0]
>39
ENSCHAT00000008935: [['internal gap < 30', 15, 15], 199, 0]
ENSCHAT00000009012: [['internal gap < 30', 15, 15], 199, 0]
ENSCHAT00000009051: ['exon skipping', 0, 0]
ENSDCDT00000035697: [['internal gap < 30', 4, 11], 203, 0]
ENSDCDT00000035700: [['internal gap < 30', 4, 11], 203, 0]
ENSDCDT00000035702: [['internal gap < 30', 4, 11], 203, 0]
>40
ENSCHAT00000008935: ['no event', 125, 0]
ENSCHAT00000009012: ['no event', 125, 0]
ENSCHAT00000009051: ['exon skipping', 0, 0]
ENSDCDT00000035697: ['no event', 125, 0]
ENSDCDT00000035700: ['no event', 125, 0]
ENSDCDT00000035702: ['no event', 125, 0]
>41
ENSCHAT00000008935: ['no event', 170, 0]
ENSCHAT00000009012: ['no event', 170, 0]
ENSCHAT00000009051: ['exon skipping', 0, 0]
ENSDCDT00000035697: ['no event', 170, 0]
ENSDCDT00000035700: ['no event', 170, 0]
ENSDCDT00000035702: ['no event', 170, 0]
>42
ENSCHAT00000008935: ['no event', 104, 0]
ENSCHAT00000009012: ['no event', 104, 0]
ENSCHAT00000009051: ['exon skipping', 0, 0]
ENSDCDT00000035697: ['no event', 104, 0]
ENSDCDT00000035700: ['no event', 104, 0]
ENSDCDT00000035702: ['no event', 104, 0]
>43
ENSCHAT00000008935: ['no event', 95, 0]
ENSCHAT00000009012: ['no event', 95, 0]
ENSCHAT00000009051: ['exon skipping', 0, 0]
ENSDCDT00000035697: ['no event', 95, 0]
ENSDCDT00000035700: ['no event', 95, 0]
ENSDCDT00000035702: ['no event', 95, 0]
>44
ENSCHAT00000008935: ['3event', 117, 0]
ENSCHAT00000009012: ['no event', 147, 0]
ENSCHAT00000009051: ['exon skipping', 0, 0]
ENSDCDT00000035697: [['internal gap < 30', 134, 3], 144, 0]
ENSDCDT00000035700: [['internal gap < 30', 134, 3], 144, 0]
ENSDCDT00000035702: [['internal gap < 30', 134, 3], 144, 0]
>45
ENSCHAT00000008935: ['exon skipping', 0, 0]
ENSCHAT00000009012: ['exon skipping', 0, 0]
ENSCHAT00000009051: ['exon skipping', 0, 0]
ENSDCDT00000035697: ['exon skipping', 0, 0]
ENSDCDT00000035700: ['exon skipping', 0, 0]
ENSDCDT00000035702: ['no event', 79, 1]
>46
ENSCHAT00000008935: ['exon skipping', 0, 0]
ENSCHAT00000009012: ['5event', 10, 1]
ENSCHAT00000009051: ['exon skipping', 0, 0]
ENSDCDT00000035697: ['exon skipping', 0, 0]
ENSDCDT00000035700: ['exon skipping', 0, 0]
ENSDCDT00000035702: ['exon skipping', 0, 0]
>47
ENSCHAT00000008935: ['exon skipping', 0, 0]
ENSCHAT00000009012: ['exon skipping', 0, 0]
ENSCHAT00000009051: ['exon skipping', 0, 0]
ENSDCDT00000035697: ['exon skipping', 0, 0]
ENSDCDT00000035700: ['5event', 73, 1]
ENSDCDT00000035702: ['exon skipping', 0, 0]
>48
ENSCHAT00000008935: ['5event', 53, 0]
ENSCHAT00000009012: ['exon skipping', 0, 0]
ENSCHAT00000009051: ['exon skipping', 0, 0]
ENSDCDT00000035697: ['exon skipping', 0, 0]
ENSDCDT00000035700: ['exon skipping', 0, 0]
ENSDCDT00000035702: ['exon skipping', 0, 0]
>49
ENSCHAT00000008935: ['exon skipping', 0, 0]
ENSCHAT00000009012: ['exon skipping', 0, 0]
ENSCHAT00000009051: ['exon skipping', 0, 0]
ENSDCDT00000035697: ['5event', 40, 1]
ENSDCDT00000035700: ['exon skipping', 0, 0]
ENSDCDT00000035702: ['exon skipping', 0, 0]
