>0
W03B1.7a.1: ['no event', 133, 0]
W03B1.7b.1: ['no event', 133, 0]
W03B1.7c.1: ['exon skipping', 0, 0]
T06C12.8a.1: [['internal gap < 30', 15, 3], 130, 0]
T06C12.8b.1: [['internal gap < 30', 15, 3], 130, 0]
>1
W03B1.7a.1: ['no event', 264, 2]
W03B1.7b.1: ['no event', 264, 2]
W03B1.7c.1: ['exon skipping', 0, 0]
T06C12.8a.1: [['internal gap < 30', 245, 5], 259, 2]
T06C12.8b.1: [['internal gap < 30', 245, 5], 259, 2]
>2
W03B1.7a.1: ['exon skipping', 0, 0]
W03B1.7b.1: ['exon skipping', 0, 0]
W03B1.7c.1: ['exon skipping', 0, 0]
T06C12.8a.1: ['no event', 4, 1]
T06C12.8b.1: ['no event', 4, 1]
>3
W03B1.7a.1: ['5event', ['internal gap < 30', 167, 7], 264, 0]
W03B1.7b.1: ['5event', ['internal gap >= 30', 137, 46], 225, 0]
W03B1.7c.1: ['exon skipping', 0, 0]
T06C12.8a.1: [['internal gap >= 30', 140, 43], 228, 0]
T06C12.8b.1: [['internal gap >= 30', 140, 43], 228, 0]
>4
W03B1.7a.1: [['internal gap >= 30', 92, 49], 181, 1]
W03B1.7b.1: [['internal gap >= 30', 92, 49], 181, 1]
W03B1.7c.1: ['5event', ['internal gap >= 30', 89, 52], 178, 0]
T06C12.8a.1: ['3event', 225, 1]
T06C12.8b.1: ['3event', 225, 1]
>5
W03B1.7a.1: ['no event', 167, 2]
W03B1.7b.1: ['no event', 167, 2]
W03B1.7c.1: ['no event', 167, 2]
T06C12.8a.1: ['5event', 165, 0]
T06C12.8b.1: ['5event', 165, 0]
>6
W03B1.7a.1: [['internal gap < 30', 33, 6], 340, 1]
W03B1.7b.1: [['internal gap < 30', 33, 6], 340, 1]
W03B1.7c.1: [['internal gap < 30', 33, 6], 340, 1]
T06C12.8a.1: [['internal gap >= 30', 269, 54], 292, 1]
T06C12.8b.1: [['internal gap >= 30', 269, 54], 292, 1]
>7
W03B1.7a.1: ['no event', 126, 0]
W03B1.7b.1: ['no event', 126, 0]
W03B1.7c.1: ['no event', 126, 0]
T06C12.8a.1: ['no event', 126, 0]
T06C12.8b.1: ['exon skipping', 0, 0]
>8
W03B1.7a.1: [['internal gap < 30', 23, 7], 111, 1]
W03B1.7b.1: [['internal gap < 30', 23, 7], 111, 1]
W03B1.7c.1: [['internal gap < 30', 23, 7], 111, 1]
T06C12.8a.1: [['internal gap < 30', 43, 4], 114, 1]
T06C12.8b.1: ['exon skipping', 0, 0]
>9
W03B1.7a.1: ['exon skipping', 0, 0]
W03B1.7b.1: ['exon skipping', 0, 0]
W03B1.7c.1: ['exon skipping', 0, 0]
T06C12.8a.1: ['no event', 45, 2]
T06C12.8b.1: ['exon skipping', 0, 0]
>10
W03B1.7a.1: ['5event', 210, 2]
W03B1.7b.1: ['5event', 210, 2]
W03B1.7c.1: ['5event', 210, 2]
T06C12.8a.1: ['exon skipping', 0, 0]
T06C12.8b.1: ['5event', 128, 0]
>11
W03B1.7a.1: ['no event', 263, 0]
W03B1.7b.1: ['no event', 263, 0]
W03B1.7c.1: ['no event', 263, 0]
T06C12.8a.1: ['exon skipping', 0, 0]
T06C12.8b.1: [['internal gap < 30', 14, 21], 242, 0]
