>0
FBtr0114590: [['internal gap >= 30', 67, 1014], 181, 0]
FBtr0082183: [['internal gap >= 30', 67, 1014], 181, 0]
FBtr0337020: [['internal gap >= 30', 67, 1014], 181, 0]
FBtr0306023: [['internal gap >= 30', 67, 1014], 181, 0]
FBtr0075618: [['internal gap >= 30', 69, 1014], 181, 0]
FBtr0113172: [['internal gap >= 30', 69, 1014], 181, 0]
ZK688.2.1: [['internal gap >= 30', 66, 1017], 178, 0]
>1
FBtr0114590: ['no event', 756, 2]
FBtr0082183: ['no event', 756, 2]
FBtr0337020: ['no event', 756, 2]
FBtr0306023: ['no event', 756, 2]
FBtr0075618: ['3event', 545, 2]
FBtr0113172: [['internal gap < 30', 643, 9], 747, 2]
ZK688.2.1: ['3event', 136, 2]
>2
FBtr0114590: ['exon skipping', 0, 0]
FBtr0082183: ['exon skipping', 0, 0]
FBtr0337020: ['exon skipping', 0, 0]
FBtr0306023: ['exon skipping', 0, 0]
FBtr0075618: ['exon skipping', 0, 0]
FBtr0113172: ['exon skipping', 0, 0]
ZK688.2.1: ['5event', 489, 2]
>3
FBtr0114590: ['exon skipping', 0, 0]
FBtr0082183: ['exon skipping', 0, 0]
FBtr0337020: ['exon skipping', 0, 0]
FBtr0306023: ['exon skipping', 0, 0]
FBtr0075618: ['5event', 203, 0]
FBtr0113172: ['exon skipping', 0, 0]
ZK688.2.1: [['internal gap >= 30', 1, 90], 114, 0]
>4
FBtr0114590: ['5event', ['internal gap >= 30', 306, 258], 386, 0]
FBtr0082183: ['3event', '5event', 243, 0]
FBtr0337020: ['3event', '5event', 243, 0]
FBtr0306023: ['5event', ['internal gap >= 30', 306, 258], 386, 0]
FBtr0075618: [['internal gap < 30', 185, 8], 636, 0]
FBtr0113172: ['3event', '5event', 192, 0]
ZK688.2.1: ['3event', 180, 0]
>5
FBtr0114590: ['no event', 658, 0]
FBtr0082183: ['5event', 657, 0]
FBtr0337020: ['5event', 657, 0]
FBtr0306023: ['no event', 658, 0]
FBtr0075618: ['exon skipping', 0, 0]
FBtr0113172: ['exon skipping', 0, 0]
ZK688.2.1: ['exon skipping', 0, 0]
>6
FBtr0114590: ['exon skipping', 0, 0]
FBtr0082183: ['exon skipping', 0, 0]
FBtr0337020: ['exon skipping', 0, 0]
FBtr0306023: ['exon skipping', 0, 0]
FBtr0075618: ['exon skipping', 0, 0]
FBtr0113172: ['exon skipping', 0, 0]
ZK688.2.1: ['5event', 110, 2]
>7
FBtr0114590: ['exon skipping', 0, 0]
FBtr0082183: ['exon skipping', 0, 0]
FBtr0337020: ['exon skipping', 0, 0]
FBtr0306023: ['exon skipping', 0, 0]
FBtr0075618: ['exon skipping', 0, 0]
FBtr0113172: ['5event', 213, 0]
ZK688.2.1: ['exon skipping', 0, 0]
>8
FBtr0114590: ['exon skipping', 0, 0]
FBtr0082183: ['exon skipping', 0, 0]
FBtr0337020: ['exon skipping', 0, 0]
FBtr0306023: ['exon skipping', 0, 0]
FBtr0075618: ['exon skipping', 0, 0]
FBtr0113172: ['exon skipping', 0, 0]
ZK688.2.1: ['5event', 95, 2]
>9
FBtr0114590: ['exon skipping', 0, 0]
FBtr0082183: ['exon skipping', 0, 0]
FBtr0337020: ['5event', 44, 1]
FBtr0306023: ['5event', 44, 1]
FBtr0075618: ['3event', '5event', 32, 0]
FBtr0113172: ['exon skipping', 0, 0]
ZK688.2.1: ['exon skipping', 0, 0]
>10
FBtr0114590: ['exon skipping', 0, 0]
FBtr0082183: ['exon skipping', 0, 0]
FBtr0337020: ['exon skipping', 0, 0]
FBtr0306023: ['exon skipping', 0, 0]
FBtr0075618: ['exon skipping', 0, 0]
FBtr0113172: ['exon skipping', 0, 0]
ZK688.2.1: ['5event', 491, 2]
>11
FBtr0114590: ['5event', ['internal gap >= 30', 205, 45], 322, 1]
FBtr0082183: ['5event', ['internal gap >= 30', 205, 45], 322, 1]
FBtr0337020: ['5event', ['internal gap >= 30', 205, 45], 322, 1]
FBtr0306023: ['5event', ['internal gap >= 30', 205, 45], 322, 1]
FBtr0075618: ['exon skipping', 0, 0]
FBtr0113172: ['3event', '5event', 242, 1]
ZK688.2.1: ['exon skipping', 0, 0]
>12
FBtr0114590: ['exon skipping', 0, 0]
FBtr0082183: ['exon skipping', 0, 0]
FBtr0337020: ['exon skipping', 0, 0]
FBtr0306023: ['exon skipping', 0, 0]
FBtr0075618: ['exon skipping', 0, 0]
FBtr0113172: ['exon skipping', 0, 0]
ZK688.2.1: ['5event', 102, 2]
>13
FBtr0114590: ['exon skipping', 0, 0]
FBtr0082183: ['exon skipping', 0, 0]
FBtr0337020: ['exon skipping', 0, 0]
FBtr0306023: ['exon skipping', 0, 0]
FBtr0075618: ['5event', 6, 2]
FBtr0113172: ['exon skipping', 0, 0]
ZK688.2.1: ['exon skipping', 0, 0]
