>0
FBtr0071132: ['exon skipping', 0, 0]
FBtr0344137: ['exon skipping', 0, 0]
FBtr0309319: ['exon skipping', 0, 0]
FBtr0078651: ['exon skipping', 0, 0]
FBtr0078654: ['exon skipping', 0, 0]
FBtr0309322: ['exon skipping', 0, 0]
FBtr0309321: ['exon skipping', 0, 0]
FBtr0078649: ['exon skipping', 0, 0]
FBtr0078650: ['exon skipping', 0, 0]
FBtr0309320: ['exon skipping', 0, 0]
FBtr0078653: ['exon skipping', 0, 0]
FBtr0302597: ['exon skipping', 0, 0]
FBtr0078652: ['no event', 431, 0]
FBtr0301947: ['exon skipping', 0, 0]
FBtr0308654: ['exon skipping', 0, 0]
>1
FBtr0071132: ['exon skipping', 0, 0]
FBtr0344137: ['exon skipping', 0, 0]
FBtr0309319: ['5event', 1, 0]
FBtr0078651: ['exon skipping', 0, 0]
FBtr0078654: ['exon skipping', 0, 0]
FBtr0309322: ['5event', 1, 0]
FBtr0309321: ['5event', 1, 0]
FBtr0078649: ['exon skipping', 0, 0]
FBtr0078650: ['5event', 1, 0]
FBtr0309320: ['5event', 1, 0]
FBtr0078653: ['exon skipping', 0, 0]
FBtr0302597: ['exon skipping', 0, 0]
FBtr0078652: ['no event', 2, 0]
FBtr0301947: ['5event', 1, 0]
FBtr0308654: ['exon skipping', 0, 0]
>2
FBtr0071132: ['5event', 7, 0]
FBtr0344137: ['5event', 7, 0]
FBtr0309319: ['exon skipping', 0, 0]
FBtr0078651: ['exon skipping', 0, 0]
FBtr0078654: ['exon skipping', 0, 0]
FBtr0309322: ['exon skipping', 0, 0]
FBtr0309321: ['exon skipping', 0, 0]
FBtr0078649: ['exon skipping', 0, 0]
FBtr0078650: ['exon skipping', 0, 0]
FBtr0309320: ['exon skipping', 0, 0]
FBtr0078653: ['5event', 7, 0]
FBtr0302597: ['5event', 7, 0]
FBtr0078652: ['exon skipping', 0, 0]
FBtr0301947: ['exon skipping', 0, 0]
FBtr0308654: ['5event', 7, 0]
>3
FBtr0071132: ['exon skipping', 0, 0]
FBtr0344137: ['exon skipping', 0, 0]
FBtr0309319: ['exon skipping', 0, 0]
FBtr0078651: ['exon skipping', 0, 0]
FBtr0078654: ['exon skipping', 0, 0]
FBtr0309322: ['exon skipping', 0, 0]
FBtr0309321: ['exon skipping', 0, 0]
FBtr0078649: ['exon skipping', 0, 0]
FBtr0078650: ['exon skipping', 0, 0]
FBtr0309320: ['exon skipping', 0, 0]
FBtr0078653: ['no event', 2, 2]
FBtr0302597: ['no event', 2, 2]
FBtr0078652: ['exon skipping', 0, 0]
FBtr0301947: ['exon skipping', 0, 0]
FBtr0308654: ['exon skipping', 0, 0]
>4
FBtr0071132: ['exon skipping', 0, 0]
FBtr0344137: ['exon skipping', 0, 0]
FBtr0309319: ['exon skipping', 0, 0]
FBtr0078651: ['5event', 10, 0]
FBtr0078654: ['5event', 10, 0]
FBtr0309322: ['exon skipping', 0, 0]
FBtr0309321: ['exon skipping', 0, 0]
FBtr0078649: ['5event', 10, 0]
FBtr0078650: ['exon skipping', 0, 0]
FBtr0309320: ['exon skipping', 0, 0]
FBtr0078653: ['exon skipping', 0, 0]
FBtr0302597: ['exon skipping', 0, 0]
FBtr0078652: ['exon skipping', 0, 0]
FBtr0301947: ['exon skipping', 0, 0]
FBtr0308654: ['exon skipping', 0, 0]
>5
FBtr0071132: ['3event', '5event', 1501, 2]
FBtr0344137: ['3event', '5event', 1501, 2]
FBtr0309319: ['3event', '5event', 1110, 2]
FBtr0078651: ['3event', 1111, 2]
FBtr0078654: ['3event', 1111, 2]
FBtr0309322: ['3event', '5event', 1110, 2]
FBtr0309321: ['3event', '5event', 1110, 2]
FBtr0078649: ['3event', 1111, 2]
FBtr0078650: ['3event', '5event', 1110, 2]
FBtr0309320: ['3event', '5event', 1110, 2]
FBtr0078653: ['3event', '5event', 1110, 2]
FBtr0302597: ['3event', '5event', 1110, 2]
FBtr0078652: ['3event', '5event', 1110, 2]
FBtr0301947: ['3event', '5event', 1110, 2]
FBtr0308654: ['5event', ['internal gap >= 30', 1335, 89], 2078, 2]
>6
FBtr0071132: ['exon skipping', 0, 0]
FBtr0344137: ['exon skipping', 0, 0]
FBtr0309319: ['5event', 238, 2]
FBtr0078651: ['5event', 238, 2]
FBtr0078654: ['5event', 238, 2]
FBtr0309322: ['5event', 238, 2]
FBtr0309321: ['5event', 238, 2]
FBtr0078649: ['5event', 238, 2]
FBtr0078650: ['5event', 238, 2]
FBtr0309320: ['5event', 238, 2]
FBtr0078653: ['5event', 238, 2]
FBtr0302597: ['5event', 238, 2]
FBtr0078652: ['5event', 238, 2]
FBtr0301947: ['5event', 238, 2]
FBtr0308654: ['exon skipping', 0, 0]
>7
FBtr0071132: ['exon skipping', 0, 0]
FBtr0344137: ['exon skipping', 0, 0]
FBtr0309319: ['no event', 22, 1]
FBtr0078651: ['exon skipping', 0, 0]
FBtr0078654: ['exon skipping', 0, 0]
FBtr0309322: ['exon skipping', 0, 0]
FBtr0309321: ['exon skipping', 0, 0]
FBtr0078649: ['exon skipping', 0, 0]
FBtr0078650: ['exon skipping', 0, 0]
FBtr0309320: ['exon skipping', 0, 0]
FBtr0078653: ['exon skipping', 0, 0]
FBtr0302597: ['exon skipping', 0, 0]
FBtr0078652: ['exon skipping', 0, 0]
FBtr0301947: ['exon skipping', 0, 0]
FBtr0308654: ['exon skipping', 0, 0]
>8
FBtr0071132: ['exon skipping', 0, 0]
FBtr0344137: ['exon skipping', 0, 0]
FBtr0309319: ['exon skipping', 0, 0]
FBtr0078651: ['exon skipping', 0, 0]
FBtr0078654: ['exon skipping', 0, 0]
FBtr0309322: ['exon skipping', 0, 0]
FBtr0309321: ['5event', 67, 1]
FBtr0078649: ['exon skipping', 0, 0]
FBtr0078650: ['exon skipping', 0, 0]
FBtr0309320: ['exon skipping', 0, 0]
FBtr0078653: ['exon skipping', 0, 0]
FBtr0302597: ['exon skipping', 0, 0]
FBtr0078652: ['exon skipping', 0, 0]
FBtr0301947: ['exon skipping', 0, 0]
FBtr0308654: ['exon skipping', 0, 0]
>9
FBtr0071132: ['exon skipping', 0, 0]
FBtr0344137: ['exon skipping', 0, 0]
FBtr0309319: ['exon skipping', 0, 0]
FBtr0078651: ['exon skipping', 0, 0]
FBtr0078654: ['exon skipping', 0, 0]
FBtr0309322: ['5event', 82, 1]
FBtr0309321: ['exon skipping', 0, 0]
FBtr0078649: ['exon skipping', 0, 0]
FBtr0078650: ['exon skipping', 0, 0]
FBtr0309320: ['3event', '5event', 104, 1]
FBtr0078653: ['exon skipping', 0, 0]
FBtr0302597: ['exon skipping', 0, 0]
FBtr0078652: ['exon skipping', 0, 0]
FBtr0301947: ['exon skipping', 0, 0]
FBtr0308654: ['exon skipping', 0, 0]
>10
FBtr0071132: ['exon skipping', 0, 0]
FBtr0344137: ['exon skipping', 0, 0]
FBtr0309319: ['exon skipping', 0, 0]
FBtr0078651: ['exon skipping', 0, 0]
FBtr0078654: ['exon skipping', 0, 0]
FBtr0309322: ['exon skipping', 0, 0]
FBtr0309321: ['exon skipping', 0, 0]
FBtr0078649: ['exon skipping', 0, 0]
FBtr0078650: ['exon skipping', 0, 0]
FBtr0309320: ['exon skipping', 0, 0]
FBtr0078653: ['exon skipping', 0, 0]
FBtr0302597: ['exon skipping', 0, 0]
FBtr0078652: ['exon skipping', 0, 0]
FBtr0301947: ['exon skipping', 0, 0]
FBtr0308654: ['5event', 29, 2]
>11
FBtr0071132: ['5event', 1325, 0]
FBtr0344137: ['5event', 1325, 0]
FBtr0309319: ['exon skipping', 0, 0]
FBtr0078651: ['exon skipping', 0, 0]
FBtr0078654: ['exon skipping', 0, 0]
FBtr0309322: ['exon skipping', 0, 0]
FBtr0309321: ['exon skipping', 0, 0]
FBtr0078649: ['exon skipping', 0, 0]
FBtr0078650: ['exon skipping', 0, 0]
FBtr0309320: ['exon skipping', 0, 0]
FBtr0078653: ['exon skipping', 0, 0]
FBtr0302597: ['exon skipping', 0, 0]
FBtr0078652: ['exon skipping', 0, 0]
FBtr0301947: ['exon skipping', 0, 0]
FBtr0308654: ['exon skipping', 0, 0]
>12
FBtr0071132: ['exon skipping', 0, 0]
FBtr0344137: ['exon skipping', 0, 0]
FBtr0309319: ['exon skipping', 0, 0]
FBtr0078651: ['5event', 178, 1]
FBtr0078654: ['5event', 178, 1]
FBtr0309322: ['exon skipping', 0, 0]
FBtr0309321: ['exon skipping', 0, 0]
FBtr0078649: ['5event', 178, 1]
FBtr0078650: ['5event', 178, 1]
FBtr0309320: ['exon skipping', 0, 0]
FBtr0078653: ['5event', 178, 1]
FBtr0302597: ['5event', 178, 1]
FBtr0078652: ['5event', 178, 1]
FBtr0301947: ['5event', 178, 1]
FBtr0308654: ['exon skipping', 0, 0]
>13
FBtr0071132: ['exon skipping', 0, 0]
FBtr0344137: ['exon skipping', 0, 0]
FBtr0309319: ['exon skipping', 0, 0]
FBtr0078651: ['no event', 194, 0]
FBtr0078654: ['no event', 194, 0]
FBtr0309322: ['exon skipping', 0, 0]
FBtr0309321: ['exon skipping', 0, 0]
FBtr0078649: ['no event', 194, 0]
FBtr0078650: ['no event', 194, 0]
FBtr0309320: ['exon skipping', 0, 0]
FBtr0078653: ['no event', 194, 0]
FBtr0302597: ['no event', 194, 0]
FBtr0078652: ['no event', 194, 0]
FBtr0301947: ['no event', 194, 0]
FBtr0308654: ['exon skipping', 0, 0]
>14
FBtr0071132: ['exon skipping', 0, 0]
FBtr0344137: ['exon skipping', 0, 0]
FBtr0309319: ['exon skipping', 0, 0]
FBtr0078651: ['exon skipping', 0, 0]
FBtr0078654: ['exon skipping', 0, 0]
FBtr0309322: ['exon skipping', 0, 0]
FBtr0309321: ['exon skipping', 0, 0]
FBtr0078649: ['exon skipping', 0, 0]
FBtr0078650: ['exon skipping', 0, 0]
FBtr0309320: ['exon skipping', 0, 0]
FBtr0078653: ['exon skipping', 0, 0]
FBtr0302597: ['exon skipping', 0, 0]
FBtr0078652: ['exon skipping', 0, 0]
FBtr0301947: ['exon skipping', 0, 0]
FBtr0308654: ['5event', 90, 2]
