>0
FBtr0082924: ['exon skipping', 0, 0]
C02H7.1.1: ['exon skipping', 0, 0]
ENSMEUT00000010808: ['exon skipping', 0, 0]
ENSPCIT00000043956: ['exon skipping', 0, 0]
ENSPCIT00000043957: ['exon skipping', 0, 0]
ENSMODT00000069927: ['no event', 122, 0]
ENSMODT00000083495: ['no event', 122, 0]
ENSMODT00000054375: ['no event', 122, 0]
ENSMODT00000056758: ['no event', 122, 0]
ENSMODT00000061188: ['no event', 122, 0]
ENSMODT00000083828: ['no event', 122, 0]
ENSMODT00000030059: ['exon skipping', 0, 0]
ENSPTRT00000055962: ['exon skipping', 0, 0]
ENSPTRT00000081848: ['exon skipping', 0, 0]
ENSGGOT00000034406: ['exon skipping', 0, 0]
ENSGGOT00000030673: ['exon skipping', 0, 0]
ENSGGOT00000010406: ['exon skipping', 0, 0]
ENST00000391993: ['exon skipping', 0, 0]
ENST00000373327: ['exon skipping', 0, 0]
>1
FBtr0082924: ['5event', ['internal gap < 30', 36, 4], 134, 0]
C02H7.1.1: ['5event', 113, 0]
ENSMEUT00000010808: ['5event', 122, 0]
ENSPCIT00000043956: ['5event', 122, 0]
ENSPCIT00000043957: ['5event', 122, 0]
ENSMODT00000069927: ['exon skipping', 0, 0]
ENSMODT00000083495: ['exon skipping', 0, 0]
ENSMODT00000054375: ['exon skipping', 0, 0]
ENSMODT00000056758: ['exon skipping', 0, 0]
ENSMODT00000061188: ['exon skipping', 0, 0]
ENSMODT00000083828: ['exon skipping', 0, 0]
ENSMODT00000030059: ['5event', 122, 0]
ENSPTRT00000055962: ['5event', 122, 0]
ENSPTRT00000081848: ['5event', 122, 0]
ENSGGOT00000034406: ['5event', 122, 0]
ENSGGOT00000030673: ['5event', 122, 0]
ENSGGOT00000010406: ['5event', 122, 0]
ENST00000391993: ['5event', 122, 0]
ENST00000373327: ['5event', 122, 0]
>2
FBtr0082924: ['exon skipping', 0, 0]
C02H7.1.1: ['no event', 26, 0]
ENSMEUT00000010808: ['exon skipping', 0, 0]
ENSPCIT00000043956: ['exon skipping', 0, 0]
ENSPCIT00000043957: ['exon skipping', 0, 0]
ENSMODT00000069927: ['exon skipping', 0, 0]
ENSMODT00000083495: ['exon skipping', 0, 0]
ENSMODT00000054375: ['exon skipping', 0, 0]
ENSMODT00000056758: ['exon skipping', 0, 0]
ENSMODT00000061188: ['exon skipping', 0, 0]
ENSMODT00000083828: ['exon skipping', 0, 0]
ENSMODT00000030059: ['exon skipping', 0, 0]
ENSPTRT00000055962: ['exon skipping', 0, 0]
ENSPTRT00000081848: ['exon skipping', 0, 0]
ENSGGOT00000034406: ['exon skipping', 0, 0]
ENSGGOT00000030673: ['exon skipping', 0, 0]
ENSGGOT00000010406: ['exon skipping', 0, 0]
ENST00000391993: ['exon skipping', 0, 0]
ENST00000373327: ['exon skipping', 0, 0]
>3
FBtr0082924: ['exon skipping', 0, 0]
C02H7.1.1: ['3event', 41, 0]
ENSMEUT00000010808: ['5event', 68, 0]
ENSPCIT00000043956: ['5event', 68, 0]
ENSPCIT00000043957: ['5event', 68, 0]
ENSMODT00000069927: ['5event', 68, 0]
ENSMODT00000083495: ['5event', 68, 0]
ENSMODT00000054375: ['5event', 68, 0]
ENSMODT00000056758: ['5event', 68, 0]
ENSMODT00000061188: ['5event', 68, 0]
ENSMODT00000083828: ['5event', 68, 0]
ENSMODT00000030059: ['5event', 68, 0]
ENSPTRT00000055962: ['5event', 68, 0]
ENSPTRT00000081848: ['5event', 68, 0]
ENSGGOT00000034406: ['5event', 68, 0]
ENSGGOT00000030673: ['5event', 68, 0]
ENSGGOT00000010406: ['5event', 68, 0]
ENST00000391993: ['5event', 68, 0]
ENST00000373327: ['5event', 68, 0]
>4
FBtr0082924: ['exon skipping', 0, 0]
C02H7.1.1: ['3event', '5event', 120, 0]
ENSMEUT00000010808: [['internal gap < 30', 46, 4], 161, 0]
ENSPCIT00000043956: [['internal gap < 30', 46, 4], 161, 0]
ENSPCIT00000043957: [['internal gap < 30', 46, 4], 161, 0]
ENSMODT00000069927: [['internal gap < 30', 46, 4], 161, 0]
ENSMODT00000083495: [['internal gap < 30', 46, 4], 161, 0]
ENSMODT00000054375: [['internal gap < 30', 46, 4], 161, 0]
ENSMODT00000056758: [['internal gap < 30', 46, 4], 161, 0]
ENSMODT00000061188: [['internal gap < 30', 46, 4], 161, 0]
ENSMODT00000083828: [['internal gap < 30', 46, 4], 161, 0]
ENSMODT00000030059: [['internal gap < 30', 46, 4], 161, 0]
ENSPTRT00000055962: [['internal gap < 30', 46, 4], 161, 0]
ENSPTRT00000081848: [['internal gap < 30', 46, 4], 161, 0]
ENSGGOT00000034406: [['internal gap < 30', 46, 4], 161, 0]
ENSGGOT00000030673: [['internal gap < 30', 46, 4], 161, 0]
ENSGGOT00000010406: [['internal gap < 30', 46, 4], 161, 0]
ENST00000391993: [['internal gap < 30', 46, 4], 161, 0]
ENST00000373327: [['internal gap < 30', 46, 4], 161, 0]
>5
FBtr0082924: ['exon skipping', 0, 0]
C02H7.1.1: ['exon skipping', 0, 0]
ENSMEUT00000010808: ['no event', 143, 0]
ENSPCIT00000043956: ['exon skipping', 0, 0]
ENSPCIT00000043957: ['exon skipping', 0, 0]
ENSMODT00000069927: ['exon skipping', 0, 0]
ENSMODT00000083495: ['exon skipping', 0, 0]
ENSMODT00000054375: ['exon skipping', 0, 0]
ENSMODT00000056758: ['exon skipping', 0, 0]
ENSMODT00000061188: ['exon skipping', 0, 0]
ENSMODT00000083828: ['exon skipping', 0, 0]
ENSMODT00000030059: ['exon skipping', 0, 0]
ENSPTRT00000055962: ['exon skipping', 0, 0]
ENSPTRT00000081848: ['exon skipping', 0, 0]
ENSGGOT00000034406: ['exon skipping', 0, 0]
ENSGGOT00000030673: ['exon skipping', 0, 0]
ENSGGOT00000010406: ['exon skipping', 0, 0]
ENST00000391993: ['exon skipping', 0, 0]
ENST00000373327: ['exon skipping', 0, 0]
>6
FBtr0082924: ['exon skipping', 0, 0]
C02H7.1.1: ['5event', ['internal gap < 30', 74, 24], 146, 0]
ENSMEUT00000010808: ['exon skipping', 0, 0]
ENSPCIT00000043956: ['5event', ['internal gap < 30', 135, 27], 143, 0]
ENSPCIT00000043957: ['5event', ['internal gap < 30', 135, 27], 143, 0]
ENSMODT00000069927: ['5event', ['internal gap < 30', 135, 27], 143, 0]
ENSMODT00000083495: ['5event', ['internal gap < 30', 135, 27], 143, 0]
ENSMODT00000054375: ['5event', ['internal gap < 30', 135, 27], 143, 0]
ENSMODT00000056758: ['5event', ['internal gap < 30', 135, 27], 143, 0]
ENSMODT00000061188: ['5event', ['internal gap < 30', 135, 27], 143, 0]
ENSMODT00000083828: ['5event', ['internal gap < 30', 135, 27], 143, 0]
ENSMODT00000030059: ['5event', ['internal gap < 30', 135, 27], 143, 0]
ENSPTRT00000055962: ['5event', ['internal gap < 30', 135, 27], 143, 0]
ENSPTRT00000081848: ['5event', ['internal gap < 30', 135, 27], 143, 0]
ENSGGOT00000034406: ['5event', ['internal gap < 30', 135, 27], 143, 0]
ENSGGOT00000030673: ['5event', ['internal gap < 30', 135, 27], 143, 0]
ENSGGOT00000010406: ['5event', ['internal gap < 30', 135, 27], 143, 0]
ENST00000391993: ['5event', ['internal gap < 30', 135, 27], 143, 0]
ENST00000373327: ['5event', ['internal gap < 30', 135, 27], 143, 0]
>7
FBtr0082924: ['exon skipping', 0, 0]
C02H7.1.1: ['exon skipping', 0, 0]
ENSMEUT00000010808: ['exon skipping', 0, 0]
ENSPCIT00000043956: ['exon skipping', 0, 0]
ENSPCIT00000043957: ['no event', 19, 0]
ENSMODT00000069927: ['exon skipping', 0, 0]
ENSMODT00000083495: ['exon skipping', 0, 0]
ENSMODT00000054375: ['exon skipping', 0, 0]
ENSMODT00000056758: ['exon skipping', 0, 0]
ENSMODT00000061188: ['exon skipping', 0, 0]
ENSMODT00000083828: ['exon skipping', 0, 0]
ENSMODT00000030059: ['exon skipping', 0, 0]
ENSPTRT00000055962: ['exon skipping', 0, 0]
ENSPTRT00000081848: ['exon skipping', 0, 0]
ENSGGOT00000034406: ['exon skipping', 0, 0]
ENSGGOT00000030673: ['exon skipping', 0, 0]
ENSGGOT00000010406: ['exon skipping', 0, 0]
ENST00000391993: ['exon skipping', 0, 0]
ENST00000373327: ['exon skipping', 0, 0]
>8
FBtr0082924: ['exon skipping', 0, 0]
C02H7.1.1: ['exon skipping', 0, 0]
ENSMEUT00000010808: ['5event', 416, 0]
ENSPCIT00000043956: ['exon skipping', 0, 0]
ENSPCIT00000043957: ['exon skipping', 0, 0]
ENSMODT00000069927: ['exon skipping', 0, 0]
ENSMODT00000083495: ['exon skipping', 0, 0]
ENSMODT00000054375: ['exon skipping', 0, 0]
ENSMODT00000056758: ['exon skipping', 0, 0]
ENSMODT00000061188: ['exon skipping', 0, 0]
ENSMODT00000083828: ['exon skipping', 0, 0]
ENSMODT00000030059: ['exon skipping', 0, 0]
ENSPTRT00000055962: ['exon skipping', 0, 0]
ENSPTRT00000081848: ['exon skipping', 0, 0]
ENSGGOT00000034406: ['exon skipping', 0, 0]
ENSGGOT00000030673: ['exon skipping', 0, 0]
ENSGGOT00000010406: ['exon skipping', 0, 0]
ENST00000391993: ['exon skipping', 0, 0]
ENST00000373327: ['exon skipping', 0, 0]
>9
FBtr0082924: ['exon skipping', 0, 0]
C02H7.1.1: ['exon skipping', 0, 0]
ENSMEUT00000010808: ['no event', 71, 0]
ENSPCIT00000043956: ['exon skipping', 0, 0]
ENSPCIT00000043957: ['exon skipping', 0, 0]
ENSMODT00000069927: ['exon skipping', 0, 0]
ENSMODT00000083495: ['exon skipping', 0, 0]
ENSMODT00000054375: ['exon skipping', 0, 0]
ENSMODT00000056758: ['exon skipping', 0, 0]
ENSMODT00000061188: ['exon skipping', 0, 0]
ENSMODT00000083828: ['exon skipping', 0, 0]
ENSMODT00000030059: ['exon skipping', 0, 0]
ENSPTRT00000055962: ['exon skipping', 0, 0]
ENSPTRT00000081848: ['exon skipping', 0, 0]
ENSGGOT00000034406: ['exon skipping', 0, 0]
ENSGGOT00000030673: ['exon skipping', 0, 0]
ENSGGOT00000010406: ['exon skipping', 0, 0]
ENST00000391993: ['exon skipping', 0, 0]
ENST00000373327: ['exon skipping', 0, 0]
>10
FBtr0082924: ['exon skipping', 0, 0]
C02H7.1.1: ['3event', '5event', 464, 0]
ENSMEUT00000010808: ['exon skipping', 0, 0]
ENSPCIT00000043956: ['3event', '5event', 498, 0]
ENSPCIT00000043957: ['5event', ['internal gap >= 30', 390, 86], 530, 2]
ENSMODT00000069927: ['3event', '5event', 468, 0]
ENSMODT00000083495: ['3event', '5event', 468, 0]
ENSMODT00000054375: ['3event', '5event', 468, 0]
ENSMODT00000056758: ['3event', '5event', 468, 0]
ENSMODT00000061188: ['3event', '5event', 468, 0]
ENSMODT00000083828: ['3event', '5event', 468, 0]
ENSMODT00000030059: ['3event', '5event', 468, 0]
ENSPTRT00000055962: ['3event', '5event', 417, 0]
ENSPTRT00000081848: ['3event', '5event', 417, 0]
ENSGGOT00000034406: ['3event', '5event', 417, 0]
ENSGGOT00000030673: ['3event', '5event', 417, 0]
ENSGGOT00000010406: ['3event', '5event', 417, 0]
ENST00000391993: ['3event', '5event', 417, 0]
ENST00000373327: ['3event', '5event', 417, 0]
>11
FBtr0082924: ['exon skipping', 0, 0]
C02H7.1.1: ['exon skipping', 0, 0]
ENSMEUT00000010808: ['exon skipping', 0, 0]
ENSPCIT00000043956: ['exon skipping', 0, 0]
ENSPCIT00000043957: ['exon skipping', 0, 0]
ENSMODT00000069927: ['5event', 74, 0]
ENSMODT00000083495: ['5event', 74, 0]
ENSMODT00000054375: ['exon skipping', 0, 0]
ENSMODT00000056758: ['5event', 74, 0]
ENSMODT00000061188: ['5event', 74, 0]
ENSMODT00000083828: ['5event', 74, 0]
ENSMODT00000030059: ['5event', 74, 0]
ENSPTRT00000055962: ['5event', ['internal gap < 30', 19, 4], 71, 0]
ENSPTRT00000081848: ['5event', ['internal gap < 30', 19, 4], 71, 0]
ENSGGOT00000034406: ['5event', ['internal gap < 30', 19, 4], 71, 0]
ENSGGOT00000030673: ['5event', ['internal gap < 30', 19, 4], 71, 0]
ENSGGOT00000010406: ['exon skipping', 0, 0]
ENST00000391993: ['5event', ['internal gap < 30', 19, 4], 71, 0]
ENST00000373327: ['5event', ['internal gap < 30', 19, 4], 71, 0]
>12
FBtr0082924: ['exon skipping', 0, 0]
C02H7.1.1: ['exon skipping', 0, 0]
ENSMEUT00000010808: ['exon skipping', 0, 0]
ENSPCIT00000043956: ['exon skipping', 0, 0]
ENSPCIT00000043957: ['exon skipping', 0, 0]
ENSMODT00000069927: ['no event', 5, 0]
ENSMODT00000083495: ['no event', 5, 0]
ENSMODT00000054375: ['exon skipping', 0, 0]
ENSMODT00000056758: ['no event', 5, 0]
ENSMODT00000061188: ['no event', 5, 0]
ENSMODT00000083828: ['no event', 5, 0]
ENSMODT00000030059: ['no event', 5, 0]
ENSPTRT00000055962: ['exon skipping', 0, 0]
ENSPTRT00000081848: ['exon skipping', 0, 0]
ENSGGOT00000034406: ['exon skipping', 0, 0]
ENSGGOT00000030673: ['exon skipping', 0, 0]
ENSGGOT00000010406: ['exon skipping', 0, 0]
ENST00000391993: ['exon skipping', 0, 0]
ENST00000373327: ['exon skipping', 0, 0]
>13
FBtr0082924: ['exon skipping', 0, 0]
C02H7.1.1: ['exon skipping', 0, 0]
ENSMEUT00000010808: ['5event', 75, 0]
ENSPCIT00000043956: ['exon skipping', 0, 0]
ENSPCIT00000043957: ['exon skipping', 0, 0]
ENSMODT00000069927: ['no event', 77, 0]
ENSMODT00000083495: ['no event', 77, 0]
ENSMODT00000054375: ['5event', 75, 0]
ENSMODT00000056758: ['no event', 77, 0]
ENSMODT00000061188: ['no event', 77, 0]
ENSMODT00000083828: ['no event', 77, 0]
ENSMODT00000030059: ['no event', 77, 0]
ENSPTRT00000055962: ['5event', 75, 0]
ENSPTRT00000081848: ['5event', 75, 0]
ENSGGOT00000034406: ['5event', 75, 0]
ENSGGOT00000030673: ['5event', 75, 0]
ENSGGOT00000010406: ['5event', 75, 0]
ENST00000391993: ['5event', 75, 0]
ENST00000373327: ['5event', 75, 0]
>14
FBtr0082924: ['exon skipping', 0, 0]
C02H7.1.1: ['exon skipping', 0, 0]
ENSMEUT00000010808: ['no event', 2, 1]
ENSPCIT00000043956: ['exon skipping', 0, 0]
ENSPCIT00000043957: ['exon skipping', 0, 0]
ENSMODT00000069927: ['exon skipping', 0, 0]
ENSMODT00000083495: ['exon skipping', 0, 0]
ENSMODT00000054375: ['exon skipping', 0, 0]
ENSMODT00000056758: ['exon skipping', 0, 0]
ENSMODT00000061188: ['exon skipping', 0, 0]
ENSMODT00000083828: ['exon skipping', 0, 0]
ENSMODT00000030059: ['exon skipping', 0, 0]
ENSPTRT00000055962: ['exon skipping', 0, 0]
ENSPTRT00000081848: ['exon skipping', 0, 0]
ENSGGOT00000034406: ['exon skipping', 0, 0]
ENSGGOT00000030673: ['exon skipping', 0, 0]
ENSGGOT00000010406: ['exon skipping', 0, 0]
ENST00000391993: ['exon skipping', 0, 0]
ENST00000373327: ['exon skipping', 0, 0]
>15
FBtr0082924: ['exon skipping', 0, 0]
C02H7.1.1: ['exon skipping', 0, 0]
ENSMEUT00000010808: [['internal gap < 30', 2, 3], 100, 1]
ENSPCIT00000043956: ['exon skipping', 0, 0]
ENSPCIT00000043957: ['exon skipping', 0, 0]
ENSMODT00000069927: ['5event', ['internal gap < 30', 46, 5], 98, 1]
ENSMODT00000083495: ['5event', ['internal gap < 30', 46, 5], 98, 1]
ENSMODT00000054375: ['5event', ['internal gap < 30', 46, 5], 98, 1]
ENSMODT00000056758: ['exon skipping', 0, 0]
ENSMODT00000061188: ['exon skipping', 0, 0]
ENSMODT00000083828: ['exon skipping', 0, 0]
ENSMODT00000030059: ['5event', ['internal gap < 30', 46, 5], 98, 1]
ENSPTRT00000055962: ['5event', ['internal gap < 30', 29, 8], 95, 1]
ENSPTRT00000081848: ['exon skipping', 0, 0]
ENSGGOT00000034406: ['5event', ['internal gap < 30', 29, 8], 95, 1]
ENSGGOT00000030673: ['exon skipping', 0, 0]
ENSGGOT00000010406: ['5event', ['internal gap < 30', 29, 8], 95, 1]
ENST00000391993: ['exon skipping', 0, 0]
ENST00000373327: ['5event', ['internal gap < 30', 29, 8], 95, 1]
>16
FBtr0082924: ['exon skipping', 0, 0]
C02H7.1.1: ['exon skipping', 0, 0]
ENSMEUT00000010808: ['no event', 102, 1]
ENSPCIT00000043956: ['exon skipping', 0, 0]
ENSPCIT00000043957: ['exon skipping', 0, 0]
ENSMODT00000069927: ['no event', 102, 1]
ENSMODT00000083495: ['no event', 102, 1]
ENSMODT00000054375: ['no event', 102, 1]
ENSMODT00000056758: ['5event', 101, 1]
ENSMODT00000061188: ['exon skipping', 0, 0]
ENSMODT00000083828: ['exon skipping', 0, 0]
ENSMODT00000030059: ['no event', 102, 1]
ENSPTRT00000055962: ['no event', 102, 1]
ENSPTRT00000081848: ['exon skipping', 0, 0]
ENSGGOT00000034406: ['no event', 102, 1]
ENSGGOT00000030673: ['exon skipping', 0, 0]
ENSGGOT00000010406: ['no event', 102, 1]
ENST00000391993: ['exon skipping', 0, 0]
ENST00000373327: ['no event', 102, 1]
>17
FBtr0082924: ['exon skipping', 0, 0]
C02H7.1.1: ['exon skipping', 0, 0]
ENSMEUT00000010808: ['no event', 21, 1]
ENSPCIT00000043956: ['exon skipping', 0, 0]
ENSPCIT00000043957: ['exon skipping', 0, 0]
ENSMODT00000069927: ['no event', 21, 1]
ENSMODT00000083495: ['exon skipping', 0, 0]
ENSMODT00000054375: ['no event', 21, 1]
ENSMODT00000056758: ['no event', 21, 1]
ENSMODT00000061188: ['5event', 20, 1]
ENSMODT00000083828: ['exon skipping', 0, 0]
ENSMODT00000030059: ['no event', 21, 1]
ENSPTRT00000055962: ['no event', 21, 1]
ENSPTRT00000081848: ['5event', 20, 1]
ENSGGOT00000034406: ['no event', 21, 1]
ENSGGOT00000030673: ['5event', 20, 1]
ENSGGOT00000010406: ['no event', 21, 1]
ENST00000391993: ['5event', 20, 1]
ENST00000373327: ['no event', 21, 1]
>18
FBtr0082924: ['exon skipping', 0, 0]
C02H7.1.1: ['exon skipping', 0, 0]
ENSMEUT00000010808: ['3event', 84, 1]
ENSPCIT00000043956: ['5event', 82, 0]
ENSPCIT00000043957: ['exon skipping', 0, 0]
ENSMODT00000069927: ['no event', 85, 1]
ENSMODT00000083495: ['5event', 84, 1]
ENSMODT00000054375: ['no event', 85, 1]
ENSMODT00000056758: ['no event', 85, 1]
ENSMODT00000061188: ['no event', 85, 1]
ENSMODT00000083828: ['5event', 84, 1]
ENSMODT00000030059: ['no event', 85, 1]
ENSPTRT00000055962: ['no event', 85, 1]
ENSPTRT00000081848: ['no event', 85, 1]
ENSGGOT00000034406: ['no event', 85, 1]
ENSGGOT00000030673: ['no event', 85, 1]
ENSGGOT00000010406: ['no event', 85, 1]
ENST00000391993: ['no event', 85, 1]
ENST00000373327: ['no event', 85, 1]
>19
FBtr0082924: ['exon skipping', 0, 0]
C02H7.1.1: ['exon skipping', 0, 0]
ENSMEUT00000010808: ['exon skipping', 0, 0]
ENSPCIT00000043956: ['no event', 5, 2]
ENSPCIT00000043957: ['exon skipping', 0, 0]
ENSMODT00000069927: ['no event', 5, 2]
ENSMODT00000083495: ['no event', 5, 2]
ENSMODT00000054375: ['no event', 5, 2]
ENSMODT00000056758: ['no event', 5, 2]
ENSMODT00000061188: ['no event', 5, 2]
ENSMODT00000083828: ['no event', 5, 2]
ENSMODT00000030059: ['no event', 5, 2]
ENSPTRT00000055962: ['exon skipping', 0, 0]
ENSPTRT00000081848: ['exon skipping', 0, 0]
ENSGGOT00000034406: ['exon skipping', 0, 0]
ENSGGOT00000030673: ['exon skipping', 0, 0]
ENSGGOT00000010406: ['exon skipping', 0, 0]
ENST00000391993: ['exon skipping', 0, 0]
ENST00000373327: ['exon skipping', 0, 0]
>20
FBtr0082924: ['exon skipping', 0, 0]
C02H7.1.1: ['exon skipping', 0, 0]
ENSMEUT00000010808: ['exon skipping', 0, 0]
ENSPCIT00000043956: ['no event', 3, 2]
ENSPCIT00000043957: ['exon skipping', 0, 0]
ENSMODT00000069927: ['exon skipping', 0, 0]
ENSMODT00000083495: ['exon skipping', 0, 0]
ENSMODT00000054375: ['exon skipping', 0, 0]
ENSMODT00000056758: ['exon skipping', 0, 0]
ENSMODT00000061188: ['exon skipping', 0, 0]
ENSMODT00000083828: ['exon skipping', 0, 0]
ENSMODT00000030059: ['exon skipping', 0, 0]
ENSPTRT00000055962: ['exon skipping', 0, 0]
ENSPTRT00000081848: ['exon skipping', 0, 0]
ENSGGOT00000034406: ['exon skipping', 0, 0]
ENSGGOT00000030673: ['exon skipping', 0, 0]
ENSGGOT00000010406: ['exon skipping', 0, 0]
ENST00000391993: ['exon skipping', 0, 0]
ENST00000373327: ['exon skipping', 0, 0]
>21
FBtr0082924: ['exon skipping', 0, 0]
C02H7.1.1: ['exon skipping', 0, 0]
ENSMEUT00000010808: ['5event', 82, 0]
ENSPCIT00000043956: ['3event', 49, 0]
ENSPCIT00000043957: ['3event', '5event', 72, 2]
ENSMODT00000069927: ['5event', 83, 2]
ENSMODT00000083495: ['5event', 83, 2]
ENSMODT00000054375: ['5event', 83, 2]
ENSMODT00000056758: ['5event', 83, 2]
ENSMODT00000061188: ['5event', 83, 2]
ENSMODT00000083828: ['5event', 83, 2]
ENSMODT00000030059: ['5event', 83, 2]
ENSPTRT00000055962: ['5event', 83, 2]
ENSPTRT00000081848: ['5event', 83, 2]
ENSGGOT00000034406: ['5event', 83, 2]
ENSGGOT00000030673: ['5event', 83, 2]
ENSGGOT00000010406: ['5event', 83, 2]
ENST00000391993: ['5event', 83, 2]
ENST00000373327: ['5event', 83, 2]
>22
FBtr0082924: ['exon skipping', 0, 0]
C02H7.1.1: ['exon skipping', 0, 0]
ENSMEUT00000010808: ['exon skipping', 0, 0]
ENSPCIT00000043956: ['5event', 18, 1]
ENSPCIT00000043957: ['5event', 14, 2]
ENSMODT00000069927: ['exon skipping', 0, 0]
ENSMODT00000083495: ['exon skipping', 0, 0]
ENSMODT00000054375: ['exon skipping', 0, 0]
ENSMODT00000056758: ['exon skipping', 0, 0]
ENSMODT00000061188: ['exon skipping', 0, 0]
ENSMODT00000083828: ['exon skipping', 0, 0]
ENSMODT00000030059: ['exon skipping', 0, 0]
ENSPTRT00000055962: ['exon skipping', 0, 0]
ENSPTRT00000081848: ['exon skipping', 0, 0]
ENSGGOT00000034406: ['exon skipping', 0, 0]
ENSGGOT00000030673: ['exon skipping', 0, 0]
ENSGGOT00000010406: ['exon skipping', 0, 0]
ENST00000391993: ['exon skipping', 0, 0]
ENST00000373327: ['exon skipping', 0, 0]
>23
FBtr0082924: ['exon skipping', 0, 0]
C02H7.1.1: ['exon skipping', 0, 0]
ENSMEUT00000010808: ['5event', 123, 2]
ENSPCIT00000043956: ['no event', 124, 2]
ENSPCIT00000043957: ['no event', 124, 2]
ENSMODT00000069927: ['5event', 123, 2]
ENSMODT00000083495: ['5event', 123, 2]
ENSMODT00000054375: ['5event', 123, 2]
ENSMODT00000056758: ['5event', 123, 2]
ENSMODT00000061188: ['5event', 123, 2]
ENSMODT00000083828: ['5event', 123, 2]
ENSMODT00000030059: ['5event', 123, 2]
ENSPTRT00000055962: ['5event', 123, 2]
ENSPTRT00000081848: ['5event', 123, 2]
ENSGGOT00000034406: ['5event', 123, 2]
ENSGGOT00000030673: ['5event', 123, 2]
ENSGGOT00000010406: ['5event', 123, 2]
ENST00000391993: ['5event', 123, 2]
ENST00000373327: ['5event', 123, 2]
>24
FBtr0082924: ['exon skipping', 0, 0]
C02H7.1.1: ['exon skipping', 0, 0]
ENSMEUT00000010808: ['no event', 36, 0]
ENSPCIT00000043956: ['no event', 36, 0]
ENSPCIT00000043957: ['no event', 36, 0]
ENSMODT00000069927: ['no event', 36, 0]
ENSMODT00000083495: ['no event', 36, 0]
ENSMODT00000054375: ['no event', 36, 0]
ENSMODT00000056758: ['no event', 36, 0]
ENSMODT00000061188: ['no event', 36, 0]
ENSMODT00000083828: ['no event', 36, 0]
ENSMODT00000030059: ['no event', 36, 0]
ENSPTRT00000055962: ['no event', 36, 0]
ENSPTRT00000081848: ['no event', 36, 0]
ENSGGOT00000034406: ['no event', 36, 0]
ENSGGOT00000030673: ['no event', 36, 0]
ENSGGOT00000010406: ['no event', 36, 0]
ENST00000391993: ['no event', 36, 0]
ENST00000373327: ['no event', 36, 0]
>25
FBtr0082924: ['exon skipping', 0, 0]
C02H7.1.1: ['exon skipping', 0, 0]
ENSMEUT00000010808: ['exon skipping', 0, 0]
ENSPCIT00000043956: ['no event', 76, 1]
ENSPCIT00000043957: ['no event', 76, 1]
ENSMODT00000069927: ['no event', 76, 1]
ENSMODT00000083495: ['no event', 76, 1]
ENSMODT00000054375: ['no event', 76, 1]
ENSMODT00000056758: ['no event', 76, 1]
ENSMODT00000061188: ['no event', 76, 1]
ENSMODT00000083828: ['no event', 76, 1]
ENSMODT00000030059: ['no event', 76, 1]
ENSPTRT00000055962: ['no event', 76, 1]
ENSPTRT00000081848: ['no event', 76, 1]
ENSGGOT00000034406: ['no event', 76, 1]
ENSGGOT00000030673: ['no event', 76, 1]
ENSGGOT00000010406: ['no event', 76, 1]
ENST00000391993: ['no event', 76, 1]
ENST00000373327: ['no event', 76, 1]
>26
FBtr0082924: ['5event', ['internal gap < 30', 64, 25], 117, 0]
C02H7.1.1: ['5event', ['internal gap < 30', 113, 16], 126, 2]
ENSMEUT00000010808: ['exon skipping', 0, 0]
ENSPCIT00000043956: ['exon skipping', 0, 0]
ENSPCIT00000043957: ['exon skipping', 0, 0]
ENSMODT00000069927: ['exon skipping', 0, 0]
ENSMODT00000083495: ['exon skipping', 0, 0]
ENSMODT00000054375: ['exon skipping', 0, 0]
ENSMODT00000056758: ['exon skipping', 0, 0]
ENSMODT00000061188: ['exon skipping', 0, 0]
ENSMODT00000083828: ['exon skipping', 0, 0]
ENSMODT00000030059: ['exon skipping', 0, 0]
ENSPTRT00000055962: ['exon skipping', 0, 0]
ENSPTRT00000081848: ['exon skipping', 0, 0]
ENSGGOT00000034406: ['exon skipping', 0, 0]
ENSGGOT00000030673: ['exon skipping', 0, 0]
ENSGGOT00000010406: ['exon skipping', 0, 0]
ENST00000391993: ['exon skipping', 0, 0]
ENST00000373327: ['exon skipping', 0, 0]
>27
FBtr0082924: ['no event', 562, 1]
C02H7.1.1: ['exon skipping', 0, 0]
ENSMEUT00000010808: ['exon skipping', 0, 0]
ENSPCIT00000043956: ['exon skipping', 0, 0]
ENSPCIT00000043957: ['exon skipping', 0, 0]
ENSMODT00000069927: ['exon skipping', 0, 0]
ENSMODT00000083495: ['exon skipping', 0, 0]
ENSMODT00000054375: ['exon skipping', 0, 0]
ENSMODT00000056758: ['exon skipping', 0, 0]
ENSMODT00000061188: ['exon skipping', 0, 0]
ENSMODT00000083828: ['exon skipping', 0, 0]
ENSMODT00000030059: ['exon skipping', 0, 0]
ENSPTRT00000055962: ['exon skipping', 0, 0]
ENSPTRT00000081848: ['exon skipping', 0, 0]
ENSGGOT00000034406: ['exon skipping', 0, 0]
ENSGGOT00000030673: ['exon skipping', 0, 0]
ENSGGOT00000010406: ['exon skipping', 0, 0]
ENST00000391993: ['exon skipping', 0, 0]
ENST00000373327: ['exon skipping', 0, 0]
>28
FBtr0082924: ['no event', 228, 0]
C02H7.1.1: ['exon skipping', 0, 0]
ENSMEUT00000010808: ['exon skipping', 0, 0]
ENSPCIT00000043956: ['exon skipping', 0, 0]
ENSPCIT00000043957: ['exon skipping', 0, 0]
ENSMODT00000069927: ['exon skipping', 0, 0]
ENSMODT00000083495: ['exon skipping', 0, 0]
ENSMODT00000054375: ['exon skipping', 0, 0]
ENSMODT00000056758: ['exon skipping', 0, 0]
ENSMODT00000061188: ['exon skipping', 0, 0]
ENSMODT00000083828: ['exon skipping', 0, 0]
ENSMODT00000030059: ['exon skipping', 0, 0]
ENSPTRT00000055962: ['exon skipping', 0, 0]
ENSPTRT00000081848: ['exon skipping', 0, 0]
ENSGGOT00000034406: ['exon skipping', 0, 0]
ENSGGOT00000030673: ['exon skipping', 0, 0]
ENSGGOT00000010406: ['exon skipping', 0, 0]
ENST00000391993: ['exon skipping', 0, 0]
ENST00000373327: ['exon skipping', 0, 0]
>29
FBtr0082924: ['exon skipping', 0, 0]
C02H7.1.1: ['exon skipping', 0, 0]
ENSMEUT00000010808: ['5event', 76, 1]
ENSPCIT00000043956: ['exon skipping', 0, 0]
ENSPCIT00000043957: ['exon skipping', 0, 0]
ENSMODT00000069927: ['exon skipping', 0, 0]
ENSMODT00000083495: ['exon skipping', 0, 0]
ENSMODT00000054375: ['exon skipping', 0, 0]
ENSMODT00000056758: ['exon skipping', 0, 0]
ENSMODT00000061188: ['exon skipping', 0, 0]
ENSMODT00000083828: ['exon skipping', 0, 0]
ENSMODT00000030059: ['exon skipping', 0, 0]
ENSPTRT00000055962: ['exon skipping', 0, 0]
ENSPTRT00000081848: ['exon skipping', 0, 0]
ENSGGOT00000034406: ['exon skipping', 0, 0]
ENSGGOT00000030673: ['exon skipping', 0, 0]
ENSGGOT00000010406: ['exon skipping', 0, 0]
ENST00000391993: ['exon skipping', 0, 0]
ENST00000373327: ['exon skipping', 0, 0]
>30
FBtr0082924: ['exon skipping', 0, 0]
C02H7.1.1: ['5event', 2, 0]
ENSMEUT00000010808: ['exon skipping', 0, 0]
ENSPCIT00000043956: ['exon skipping', 0, 0]
ENSPCIT00000043957: ['exon skipping', 0, 0]
ENSMODT00000069927: ['exon skipping', 0, 0]
ENSMODT00000083495: ['exon skipping', 0, 0]
ENSMODT00000054375: ['exon skipping', 0, 0]
ENSMODT00000056758: ['exon skipping', 0, 0]
ENSMODT00000061188: ['exon skipping', 0, 0]
ENSMODT00000083828: ['exon skipping', 0, 0]
ENSMODT00000030059: ['exon skipping', 0, 0]
ENSPTRT00000055962: ['exon skipping', 0, 0]
ENSPTRT00000081848: ['exon skipping', 0, 0]
ENSGGOT00000034406: ['exon skipping', 0, 0]
ENSGGOT00000030673: ['exon skipping', 0, 0]
ENSGGOT00000010406: ['exon skipping', 0, 0]
ENST00000391993: ['exon skipping', 0, 0]
ENST00000373327: ['exon skipping', 0, 0]
>31
FBtr0082924: ['exon skipping', 0, 0]
C02H7.1.1: ['no event', 332, 0]
ENSMEUT00000010808: ['exon skipping', 0, 0]
ENSPCIT00000043956: ['exon skipping', 0, 0]
ENSPCIT00000043957: ['exon skipping', 0, 0]
ENSMODT00000069927: ['exon skipping', 0, 0]
ENSMODT00000083495: ['exon skipping', 0, 0]
ENSMODT00000054375: ['exon skipping', 0, 0]
ENSMODT00000056758: ['exon skipping', 0, 0]
ENSMODT00000061188: ['exon skipping', 0, 0]
ENSMODT00000083828: ['exon skipping', 0, 0]
ENSMODT00000030059: ['exon skipping', 0, 0]
ENSPTRT00000055962: ['exon skipping', 0, 0]
ENSPTRT00000081848: ['exon skipping', 0, 0]
ENSGGOT00000034406: ['exon skipping', 0, 0]
ENSGGOT00000030673: ['exon skipping', 0, 0]
ENSGGOT00000010406: ['exon skipping', 0, 0]
ENST00000391993: ['exon skipping', 0, 0]
ENST00000373327: ['exon skipping', 0, 0]
>32
FBtr0082924: ['5event', 573, 1]
C02H7.1.1: [['internal gap >= 30', 170, 393], 182, 0]
ENSMEUT00000010808: ['5event', ['internal gap >= 30', 107, 352], 223, 0]
ENSPCIT00000043956: ['5event', ['internal gap >= 30', 107, 352], 223, 0]
ENSPCIT00000043957: ['5event', ['internal gap >= 30', 107, 352], 223, 0]
ENSMODT00000069927: ['5event', ['internal gap >= 30', 107, 352], 223, 0]
ENSMODT00000083495: ['5event', ['internal gap >= 30', 107, 352], 223, 0]
ENSMODT00000054375: ['5event', ['internal gap >= 30', 107, 352], 223, 0]
ENSMODT00000056758: ['5event', ['internal gap >= 30', 107, 352], 223, 0]
ENSMODT00000061188: ['5event', ['internal gap >= 30', 107, 352], 223, 0]
ENSMODT00000083828: ['5event', ['internal gap >= 30', 107, 352], 223, 0]
ENSMODT00000030059: ['5event', ['internal gap >= 30', 107, 352], 223, 0]
ENSPTRT00000055962: ['5event', ['internal gap >= 30', 104, 355], 220, 0]
ENSPTRT00000081848: ['5event', ['internal gap >= 30', 104, 355], 220, 0]
ENSGGOT00000034406: ['5event', ['internal gap >= 30', 104, 355], 220, 0]
ENSGGOT00000030673: ['5event', ['internal gap >= 30', 104, 355], 220, 0]
ENSGGOT00000010406: ['5event', ['internal gap >= 30', 104, 355], 220, 0]
ENST00000391993: ['5event', ['internal gap >= 30', 104, 355], 220, 0]
ENST00000373327: ['5event', ['internal gap >= 30', 104, 355], 220, 0]
>33
FBtr0082924: ['3event', 146, 2]
C02H7.1.1: ['3event', 54, 1]
ENSMEUT00000010808: [['internal gap < 30', 110, 23], 165, 2]
ENSPCIT00000043956: [['internal gap < 30', 110, 23], 165, 2]
ENSPCIT00000043957: [['internal gap < 30', 110, 23], 165, 2]
ENSMODT00000069927: [['internal gap < 30', 110, 23], 165, 2]
ENSMODT00000083495: [['internal gap < 30', 110, 23], 165, 2]
ENSMODT00000054375: [['internal gap < 30', 110, 23], 165, 2]
ENSMODT00000056758: [['internal gap < 30', 110, 23], 165, 2]
ENSMODT00000061188: [['internal gap < 30', 110, 23], 165, 2]
ENSMODT00000083828: [['internal gap < 30', 110, 23], 165, 2]
ENSMODT00000030059: [['internal gap < 30', 110, 23], 165, 2]
ENSPTRT00000055962: [['internal gap < 30', 110, 23], 165, 2]
ENSPTRT00000081848: [['internal gap < 30', 110, 23], 165, 2]
ENSGGOT00000034406: [['internal gap < 30', 110, 23], 165, 2]
ENSGGOT00000030673: [['internal gap < 30', 110, 23], 165, 2]
ENSGGOT00000010406: [['internal gap < 30', 110, 23], 165, 2]
ENST00000391993: [['internal gap < 30', 110, 23], 165, 2]
ENST00000373327: [['internal gap < 30', 110, 23], 165, 2]
