>0
Y45G12C.15.1: ['no event', 188, 0]
Y45G12C.14.1: ['no event', 188, 0]
R05D8.2a.1: ['no event', 188, 0]
R05D8.2b.1: ['no event', 188, 0]
R05D8.2c.1: ['no event', 188, 0]
>1
Y45G12C.15.1: ['no event', 59, 0]
Y45G12C.14.1: ['3event', 52, 0]
R05D8.2a.1: ['no event', 59, 0]
R05D8.2b.1: ['no event', 59, 0]
R05D8.2c.1: ['no event', 59, 0]
>2
Y45G12C.15.1: ['no event', 108, 0]
Y45G12C.14.1: ['5event', 106, 0]
R05D8.2a.1: ['no event', 108, 0]
R05D8.2b.1: ['no event', 108, 0]
R05D8.2c.1: ['no event', 108, 0]
>3
Y45G12C.15.1: ['no event', 87, 2]
Y45G12C.14.1: ['no event', 87, 2]
R05D8.2a.1: ['exon skipping', 0, 0]
R05D8.2b.1: ['exon skipping', 0, 0]
R05D8.2c.1: ['exon skipping', 0, 0]
>4
Y45G12C.15.1: ['no event', 116, 0]
Y45G12C.14.1: ['no event', 116, 0]
R05D8.2a.1: ['exon skipping', 0, 0]
R05D8.2b.1: ['exon skipping', 0, 0]
R05D8.2c.1: ['exon skipping', 0, 0]
>5
Y45G12C.15.1: ['exon skipping', 0, 0]
Y45G12C.14.1: ['exon skipping', 0, 0]
R05D8.2a.1: ['5event', 204, 2]
R05D8.2b.1: ['5event', 204, 2]
R05D8.2c.1: ['5event', 204, 2]
>6
Y45G12C.15.1: ['5event', 101, 0]
Y45G12C.14.1: ['5event', 101, 0]
R05D8.2a.1: ['no event', 102, 0]
R05D8.2b.1: ['no event', 102, 0]
R05D8.2c.1: ['no event', 102, 0]
>7
Y45G12C.15.1: ['exon skipping', 0, 0]
Y45G12C.14.1: ['exon skipping', 0, 0]
R05D8.2a.1: ['exon skipping', 0, 0]
R05D8.2b.1: ['no event', 5, 0]
R05D8.2c.1: ['exon skipping', 0, 0]
>8
Y45G12C.15.1: ['5event', 169, 0]
Y45G12C.14.1: ['5event', 169, 0]
R05D8.2a.1: ['5event', 169, 0]
R05D8.2b.1: ['no event', 171, 0]
R05D8.2c.1: ['3event', '5event', 108, 0]
>9
Y45G12C.15.1: ['3event', 185, 2]
Y45G12C.14.1: ['3event', 191, 2]
R05D8.2a.1: [['internal gap >= 30', 122, 75], 168, 2]
R05D8.2b.1: [['internal gap >= 30', 122, 75], 168, 2]
R05D8.2c.1: ['3event', '5event', 153, 0]
