>0
W04A8.3.1: ['5event', ['internal gap < 30', 8, 12], 79, 0]
W04A8.5.1: ['5event', 85, 0]
T26E3.5.1: ['5event', 85, 0]
T26E3.8.1: ['5event', 85, 0]
Y46G5A.7.1: [['internal gap < 30', 11, 6], 85, 0]
C47D12.4.1: ['no event', 91, 0]
Y46G5A.39.1: [['internal gap < 30', 11, 6], 85, 0]
F15A4.2.1: ['no event', 91, 0]
Y46G5A.8.1: ['no event', 91, 0]
>1
W04A8.3.1: ['3event', 731, 2]
W04A8.5.1: ['3event', 709, 2]
T26E3.5.1: [['internal gap >= 30', 630, 181], 645, 2]
T26E3.8.1: [['internal gap >= 30', 607, 204], 622, 2]
Y46G5A.7.1: ['3event', 622, 2]
C47D12.4.1: ['3event', 631, 2]
Y46G5A.39.1: ['3event', 661, 2]
F15A4.2.1: ['3event', 622, 2]
Y46G5A.8.1: ['3event', 491, 2]
>2
W04A8.3.1: ['5event', 128, 0]
W04A8.5.1: ['exon skipping', 0, 0]
T26E3.5.1: ['exon skipping', 0, 0]
T26E3.8.1: ['exon skipping', 0, 0]
Y46G5A.7.1: ['exon skipping', 0, 0]
C47D12.4.1: ['exon skipping', 0, 0]
Y46G5A.39.1: ['exon skipping', 0, 0]
F15A4.2.1: ['exon skipping', 0, 0]
Y46G5A.8.1: ['exon skipping', 0, 0]
>3
W04A8.3.1: ['exon skipping', 0, 0]
W04A8.5.1: ['5event', ['internal gap >= 30', 68, 95], 78, 2]
T26E3.5.1: ['exon skipping', 0, 0]
T26E3.8.1: ['3event', '5event', 130, 2]
Y46G5A.7.1: ['5event', ['internal gap >= 30', 65, 48], 125, 2]
C47D12.4.1: ['5event', ['internal gap >= 30', 114, 53], 120, 2]
Y46G5A.39.1: ['5event', ['internal gap >= 30', 111, 56], 117, 2]
F15A4.2.1: ['5event', ['internal gap >= 30', 90, 77], 96, 2]
Y46G5A.8.1: ['exon skipping', 0, 0]
>4
W04A8.3.1: ['exon skipping', 0, 0]
W04A8.5.1: ['exon skipping', 0, 0]
T26E3.5.1: ['exon skipping', 0, 0]
T26E3.8.1: ['exon skipping', 0, 0]
Y46G5A.7.1: [['internal gap < 30', 1, 18], 9, 2]
C47D12.4.1: ['no event', 27, 0]
Y46G5A.39.1: ['exon skipping', 0, 0]
F15A4.2.1: ['exon skipping', 0, 0]
Y46G5A.8.1: ['exon skipping', 0, 0]
>5
W04A8.3.1: ['exon skipping', 0, 0]
W04A8.5.1: ['exon skipping', 0, 0]
T26E3.5.1: ['exon skipping', 0, 0]
T26E3.8.1: ['exon skipping', 0, 0]
Y46G5A.7.1: ['exon skipping', 0, 0]
C47D12.4.1: ['no event', 1, 1]
Y46G5A.39.1: ['exon skipping', 0, 0]
F15A4.2.1: ['exon skipping', 0, 0]
Y46G5A.8.1: ['exon skipping', 0, 0]
