>0
FBtr0082879: ['no event', 116, 0]
FBtr0346508: ['exon skipping', 0, 0]
FBtr0346507: ['exon skipping', 0, 0]
FBtr0082878: ['exon skipping', 0, 0]
FBtr0083135: ['exon skipping', 0, 0]
FBtr0083134: ['exon skipping', 0, 0]
>1
FBtr0082879: ['exon skipping', 0, 0]
FBtr0346508: ['exon skipping', 0, 0]
FBtr0346507: ['exon skipping', 0, 0]
FBtr0082878: ['exon skipping', 0, 0]
FBtr0083135: ['exon skipping', 0, 0]
FBtr0083134: ['5event', 21, 0]
>2
FBtr0082879: ['exon skipping', 0, 0]
FBtr0346508: ['exon skipping', 0, 0]
FBtr0346507: ['exon skipping', 0, 0]
FBtr0082878: ['exon skipping', 0, 0]
FBtr0083135: ['5event', 138, 0]
FBtr0083134: ['no event', 243, 1]
>3
FBtr0082879: ['3event', '5event', 822, 0]
FBtr0346508: ['5event', ['internal gap >= 30', 913, 474], 959, 0]
FBtr0346507: ['5event', ['internal gap >= 30', 913, 474], 959, 0]
FBtr0082878: ['5event', ['internal gap >= 30', 979, 431], 1002, 0]
FBtr0083135: [['internal gap >= 30', 1260, 150], 1283, 1]
FBtr0083134: [['internal gap >= 30', 1260, 150], 1283, 1]
>4
FBtr0082879: ['exon skipping', 0, 0]
FBtr0346508: ['no event', 99, 0]
FBtr0346507: ['no event', 99, 0]
FBtr0082878: ['3event', 21, 1]
FBtr0083135: ['exon skipping', 0, 0]
FBtr0083134: ['exon skipping', 0, 0]
>5
FBtr0082879: ['exon skipping', 0, 0]
FBtr0346508: ['no event', 10, 1]
FBtr0346507: ['no event', 10, 1]
FBtr0082878: ['exon skipping', 0, 0]
FBtr0083135: ['exon skipping', 0, 0]
FBtr0083134: ['exon skipping', 0, 0]
