>0
FBtr0077604: ['no event', 492, 0]
FBtr0078158: ['exon skipping', 0, 0]
FBtr0330646: ['exon skipping', 0, 0]
FBtr0100310: ['exon skipping', 0, 0]
FBtr0078156: ['exon skipping', 0, 0]
FBtr0100309: ['exon skipping', 0, 0]
FBtr0078157: ['exon skipping', 0, 0]
FBtr0100307: ['exon skipping', 0, 0]
FBtr0100308: ['exon skipping', 0, 0]
FBtr0078159: ['exon skipping', 0, 0]
FBtr0112898: ['exon skipping', 0, 0]
FBtr0077426: ['exon skipping', 0, 0]
FBtr0077427: ['exon skipping', 0, 0]
FBtr0112899: ['exon skipping', 0, 0]
ENSCSAVT00000006146: ['exon skipping', 0, 0]
>1
FBtr0077604: ['exon skipping', 0, 0]
FBtr0078158: ['exon skipping', 0, 0]
FBtr0330646: ['exon skipping', 0, 0]
FBtr0100310: ['exon skipping', 0, 0]
FBtr0078156: ['exon skipping', 0, 0]
FBtr0100309: ['exon skipping', 0, 0]
FBtr0078157: ['exon skipping', 0, 0]
FBtr0100307: ['exon skipping', 0, 0]
FBtr0100308: ['exon skipping', 0, 0]
FBtr0078159: ['exon skipping', 0, 0]
FBtr0112898: ['exon skipping', 0, 0]
FBtr0077426: ['5event', 283, 0]
FBtr0077427: ['5event', 283, 0]
FBtr0112899: ['5event', 283, 0]
ENSCSAVT00000006146: ['exon skipping', 0, 0]
>2
FBtr0077604: ['exon skipping', 0, 0]
FBtr0078158: ['3event', '5event', 205, 0]
FBtr0330646: ['3event', '5event', 205, 0]
FBtr0100310: ['3event', '5event', 205, 0]
FBtr0078156: ['3event', '5event', 205, 0]
FBtr0100309: ['3event', '5event', 205, 0]
FBtr0078157: ['3event', '5event', 205, 0]
FBtr0100307: ['3event', '5event', 205, 0]
FBtr0100308: ['3event', '5event', 205, 0]
FBtr0078159: ['3event', '5event', 205, 0]
FBtr0112898: ['5event', ['internal gap >= 30', 139, 66], 241, 0]
FBtr0077426: ['exon skipping', 0, 0]
FBtr0077427: ['exon skipping', 0, 0]
FBtr0112899: ['exon skipping', 0, 0]
ENSCSAVT00000006146: ['3event', '5event', 174, 0]
>3
FBtr0077604: ['exon skipping', 0, 0]
FBtr0078158: ['exon skipping', 0, 0]
FBtr0330646: ['exon skipping', 0, 0]
FBtr0100310: ['exon skipping', 0, 0]
FBtr0078156: ['exon skipping', 0, 0]
FBtr0100309: ['exon skipping', 0, 0]
FBtr0078157: ['exon skipping', 0, 0]
FBtr0100307: ['exon skipping', 0, 0]
FBtr0100308: ['exon skipping', 0, 0]
FBtr0078159: ['exon skipping', 0, 0]
FBtr0112898: ['exon skipping', 0, 0]
FBtr0077426: ['exon skipping', 0, 0]
FBtr0077427: ['exon skipping', 0, 0]
FBtr0112899: ['exon skipping', 0, 0]
ENSCSAVT00000006146: ['5event', 120, 0]
>4
FBtr0077604: ['5event', 118, 1]
FBtr0078158: ['5event', ['internal gap >= 30', 6, 192], 124, 1]
FBtr0330646: ['5event', ['internal gap >= 30', 6, 192], 124, 1]
FBtr0100310: ['5event', ['internal gap >= 30', 6, 192], 124, 1]
FBtr0078156: ['5event', ['internal gap >= 30', 6, 192], 124, 1]
FBtr0100309: ['5event', ['internal gap >= 30', 6, 192], 124, 1]
FBtr0078157: ['5event', ['internal gap >= 30', 6, 192], 124, 1]
FBtr0100307: ['5event', ['internal gap >= 30', 6, 192], 124, 1]
FBtr0100308: ['5event', ['internal gap >= 30', 6, 192], 124, 1]
FBtr0078159: ['5event', ['internal gap >= 30', 6, 192], 124, 1]
FBtr0112898: ['5event', 315, 2]
FBtr0077426: ['5event', 315, 2]
FBtr0077427: ['5event', 315, 2]
FBtr0112899: ['5event', 315, 2]
ENSCSAVT00000006146: [['internal gap >= 30', 1, 197], 119, 1]
>5
FBtr0077604: ['exon skipping', 0, 0]
FBtr0078158: ['3event', '5event', 88, 2]
FBtr0330646: ['exon skipping', 0, 0]
FBtr0100310: ['exon skipping', 0, 0]
FBtr0078156: ['3event', '5event', 88, 2]
FBtr0100309: ['3event', '5event', 103, 2]
FBtr0078157: ['3event', '5event', 88, 2]
FBtr0100307: ['3event', '5event', 88, 2]
FBtr0100308: ['3event', '5event', 88, 2]
FBtr0078159: ['3event', '5event', 88, 2]
FBtr0112898: ['exon skipping', 0, 0]
FBtr0077426: ['exon skipping', 0, 0]
FBtr0077427: ['exon skipping', 0, 0]
FBtr0112899: ['exon skipping', 0, 0]
ENSCSAVT00000006146: ['5event', ['internal gap < 30', 88, 5], 132, 2]
>6
FBtr0077604: ['exon skipping', 0, 0]
FBtr0078158: ['exon skipping', 0, 0]
FBtr0330646: ['exon skipping', 0, 0]
FBtr0100310: ['exon skipping', 0, 0]
FBtr0078156: ['exon skipping', 0, 0]
FBtr0100309: ['exon skipping', 0, 0]
FBtr0078157: ['exon skipping', 0, 0]
FBtr0100307: ['exon skipping', 0, 0]
FBtr0100308: ['exon skipping', 0, 0]
FBtr0078159: ['exon skipping', 0, 0]
FBtr0112898: ['exon skipping', 0, 0]
FBtr0077426: ['exon skipping', 0, 0]
FBtr0077427: ['exon skipping', 0, 0]
FBtr0112899: ['exon skipping', 0, 0]
ENSCSAVT00000006146: ['no event', 202, 0]
>7
FBtr0077604: ['5event', 335, 2]
FBtr0078158: ['3event', '5event', 102, 0]
FBtr0330646: ['3event', '5event', 31, 2]
FBtr0100310: ['exon skipping', 0, 0]
FBtr0078156: ['3event', '5event', 102, 0]
FBtr0100309: ['exon skipping', 0, 0]
FBtr0078157: ['3event', '5event', 102, 0]
FBtr0100307: ['3event', '5event', 102, 0]
FBtr0100308: ['3event', '5event', 102, 0]
FBtr0078159: ['3event', '5event', 102, 0]
FBtr0112898: ['exon skipping', 0, 0]
FBtr0077426: ['exon skipping', 0, 0]
FBtr0077427: ['exon skipping', 0, 0]
FBtr0112899: ['exon skipping', 0, 0]
ENSCSAVT00000006146: ['exon skipping', 0, 0]
>8
FBtr0077604: ['exon skipping', 0, 0]
FBtr0078158: ['5event', 145, 0]
FBtr0330646: ['exon skipping', 0, 0]
FBtr0100310: ['exon skipping', 0, 0]
FBtr0078156: ['5event', 145, 0]
FBtr0100309: ['exon skipping', 0, 0]
FBtr0078157: ['5event', 145, 0]
FBtr0100307: ['5event', 145, 0]
FBtr0100308: ['5event', 145, 0]
FBtr0078159: ['5event', 145, 0]
FBtr0112898: ['exon skipping', 0, 0]
FBtr0077426: ['exon skipping', 0, 0]
FBtr0077427: ['exon skipping', 0, 0]
FBtr0112899: ['exon skipping', 0, 0]
ENSCSAVT00000006146: ['exon skipping', 0, 0]
>9
FBtr0077604: ['3event', '5event', 239, 2]
FBtr0078158: ['3event', 515, 2]
FBtr0330646: ['exon skipping', 0, 0]
FBtr0100310: ['exon skipping', 0, 0]
FBtr0078156: ['3event', 515, 2]
FBtr0100309: ['exon skipping', 0, 0]
FBtr0078157: ['3event', 515, 2]
FBtr0100307: ['3event', 515, 2]
FBtr0100308: ['3event', 515, 2]
FBtr0078159: ['3event', 515, 2]
FBtr0112898: ['5event', ['internal gap < 30', 620, 10], 1297, 2]
FBtr0077426: ['5event', ['internal gap < 30', 620, 10], 1297, 2]
FBtr0077427: ['5event', ['internal gap < 30', 620, 10], 1297, 2]
FBtr0112899: ['5event', ['internal gap < 30', 620, 10], 1297, 2]
ENSCSAVT00000006146: ['3event', '5event', 124, 2]
>10
FBtr0077604: ['exon skipping', 0, 0]
FBtr0078158: ['exon skipping', 0, 0]
FBtr0330646: ['exon skipping', 0, 0]
FBtr0100310: ['exon skipping', 0, 0]
FBtr0078156: ['exon skipping', 0, 0]
FBtr0100309: ['exon skipping', 0, 0]
FBtr0078157: ['exon skipping', 0, 0]
FBtr0100307: ['exon skipping', 0, 0]
FBtr0100308: ['exon skipping', 0, 0]
FBtr0078159: ['exon skipping', 0, 0]
FBtr0112898: ['exon skipping', 0, 0]
FBtr0077426: ['exon skipping', 0, 0]
FBtr0077427: ['exon skipping', 0, 0]
FBtr0112899: ['exon skipping', 0, 0]
ENSCSAVT00000006146: ['5event', 114, 0]
>11
FBtr0077604: ['3event', '5event', 147, 1]
FBtr0078158: ['exon skipping', 0, 0]
FBtr0330646: ['exon skipping', 0, 0]
FBtr0100310: ['exon skipping', 0, 0]
FBtr0078156: ['exon skipping', 0, 0]
FBtr0100309: ['exon skipping', 0, 0]
FBtr0078157: ['exon skipping', 0, 0]
FBtr0100307: ['exon skipping', 0, 0]
FBtr0100308: ['exon skipping', 0, 0]
FBtr0078159: ['exon skipping', 0, 0]
FBtr0112898: ['exon skipping', 0, 0]
FBtr0077426: ['exon skipping', 0, 0]
FBtr0077427: ['exon skipping', 0, 0]
FBtr0112899: ['exon skipping', 0, 0]
ENSCSAVT00000006146: [['internal gap >= 30', 91, 41], 115, 1]
>12
FBtr0077604: ['exon skipping', 0, 0]
FBtr0078158: ['exon skipping', 0, 0]
FBtr0330646: ['exon skipping', 0, 0]
FBtr0100310: ['exon skipping', 0, 0]
FBtr0078156: ['exon skipping', 0, 0]
FBtr0100309: ['exon skipping', 0, 0]
FBtr0078157: ['exon skipping', 0, 0]
FBtr0100307: ['exon skipping', 0, 0]
FBtr0100308: ['exon skipping', 0, 0]
FBtr0078159: ['exon skipping', 0, 0]
FBtr0112898: ['exon skipping', 0, 0]
FBtr0077426: ['exon skipping', 0, 0]
FBtr0077427: ['exon skipping', 0, 0]
FBtr0112899: ['exon skipping', 0, 0]
ENSCSAVT00000006146: ['no event', 155, 0]
>13
FBtr0077604: ['5event', ['internal gap >= 30', 462, 35], 491, 1]
FBtr0078158: ['3event', '5event', 169, 0]
FBtr0330646: ['exon skipping', 0, 0]
FBtr0100310: ['exon skipping', 0, 0]
FBtr0078156: ['3event', '5event', 169, 0]
FBtr0100309: ['exon skipping', 0, 0]
FBtr0078157: ['3event', '5event', 169, 0]
FBtr0100307: ['3event', '5event', 169, 0]
FBtr0100308: ['3event', '5event', 169, 0]
FBtr0078159: ['3event', '5event', 169, 0]
FBtr0112898: ['exon skipping', 0, 0]
FBtr0077426: ['exon skipping', 0, 0]
FBtr0077427: ['exon skipping', 0, 0]
FBtr0112899: ['exon skipping', 0, 0]
ENSCSAVT00000006146: ['3event', 172, 0]
>14
FBtr0077604: [['internal gap >= 30', 99, 62], 598, 1]
FBtr0078158: ['3event', '5event', 257, 1]
FBtr0330646: ['exon skipping', 0, 0]
FBtr0100310: ['exon skipping', 0, 0]
FBtr0078156: ['3event', '5event', 257, 1]
FBtr0100309: ['exon skipping', 0, 0]
FBtr0078157: ['3event', '5event', 257, 1]
FBtr0100307: ['3event', '5event', 257, 1]
FBtr0100308: ['3event', '5event', 257, 1]
FBtr0078159: ['3event', '5event', 257, 1]
FBtr0112898: ['3event', '5event', 390, 1]
FBtr0077426: ['3event', '5event', 390, 1]
FBtr0077427: ['3event', '5event', 390, 1]
FBtr0112899: ['3event', '5event', 390, 1]
ENSCSAVT00000006146: ['3event', '5event', 101, 1]
>15
FBtr0077604: ['exon skipping', 0, 0]
FBtr0078158: ['exon skipping', 0, 0]
FBtr0330646: ['exon skipping', 0, 0]
FBtr0100310: ['exon skipping', 0, 0]
FBtr0078156: ['exon skipping', 0, 0]
FBtr0100309: ['exon skipping', 0, 0]
FBtr0078157: ['exon skipping', 0, 0]
FBtr0100307: ['exon skipping', 0, 0]
FBtr0100308: ['exon skipping', 0, 0]
FBtr0078159: ['exon skipping', 0, 0]
FBtr0112898: ['exon skipping', 0, 0]
FBtr0077426: ['exon skipping', 0, 0]
FBtr0077427: ['exon skipping', 0, 0]
FBtr0112899: ['exon skipping', 0, 0]
ENSCSAVT00000006146: ['5event', 158, 0]
>16
FBtr0077604: ['exon skipping', 0, 0]
FBtr0078158: ['5event', ['internal gap < 30', 269, 4], 425, 0]
FBtr0330646: ['exon skipping', 0, 0]
FBtr0100310: ['exon skipping', 0, 0]
FBtr0078156: ['5event', ['internal gap < 30', 269, 4], 425, 0]
FBtr0100309: ['exon skipping', 0, 0]
FBtr0078157: ['5event', ['internal gap < 30', 269, 4], 425, 0]
FBtr0100307: ['5event', ['internal gap < 30', 269, 4], 425, 0]
FBtr0100308: ['5event', ['internal gap < 30', 269, 4], 425, 0]
FBtr0078159: ['5event', ['internal gap < 30', 269, 4], 425, 0]
FBtr0112898: ['3event', '5event', 209, 1]
FBtr0077426: ['3event', '5event', 209, 1]
FBtr0077427: ['3event', '5event', 209, 1]
FBtr0112899: ['3event', '5event', 209, 1]
ENSCSAVT00000006146: ['exon skipping', 0, 0]
>17
FBtr0077604: ['exon skipping', 0, 0]
FBtr0078158: ['exon skipping', 0, 0]
FBtr0330646: ['exon skipping', 0, 0]
FBtr0100310: ['exon skipping', 0, 0]
FBtr0078156: ['exon skipping', 0, 0]
FBtr0100309: ['exon skipping', 0, 0]
FBtr0078157: ['exon skipping', 0, 0]
FBtr0100307: ['exon skipping', 0, 0]
FBtr0100308: ['exon skipping', 0, 0]
FBtr0078159: ['exon skipping', 0, 0]
FBtr0112898: ['exon skipping', 0, 0]
FBtr0077426: ['exon skipping', 0, 0]
FBtr0077427: ['exon skipping', 0, 0]
FBtr0112899: ['exon skipping', 0, 0]
ENSCSAVT00000006146: ['5event', 192, 0]
>18
FBtr0077604: ['exon skipping', 0, 0]
FBtr0078158: ['exon skipping', 0, 0]
FBtr0330646: ['exon skipping', 0, 0]
FBtr0100310: ['exon skipping', 0, 0]
FBtr0078156: ['exon skipping', 0, 0]
FBtr0100309: ['exon skipping', 0, 0]
FBtr0078157: ['exon skipping', 0, 0]
FBtr0100307: ['exon skipping', 0, 0]
FBtr0100308: ['exon skipping', 0, 0]
FBtr0078159: ['exon skipping', 0, 0]
FBtr0112898: ['exon skipping', 0, 0]
FBtr0077426: ['exon skipping', 0, 0]
FBtr0077427: ['exon skipping', 0, 0]
FBtr0112899: ['exon skipping', 0, 0]
ENSCSAVT00000006146: ['no event', 160, 1]
