>0
F55D10.2.1: ['3event', 149, 0]
F52B5.6.1: [['internal gap < 30', 137, 6], 145, 0]
F52B5.6.2: [['internal gap < 30', 137, 6], 145, 0]
F52B5.6.3: [['internal gap < 30', 137, 6], 145, 0]
F52B5.6.4: [['internal gap < 30', 137, 6], 145, 0]
F52B5.6.5: [['internal gap < 30', 137, 6], 145, 0]
>1
F55D10.2.1: ['5event', 192, 2]
F52B5.6.1: ['no event', 193, 2]
F52B5.6.2: ['no event', 193, 2]
F52B5.6.3: ['no event', 193, 2]
F52B5.6.4: ['no event', 193, 2]
F52B5.6.5: ['no event', 193, 2]
>2
F55D10.2.1: ['no event', 101, 0]
F52B5.6.1: ['no event', 101, 0]
F52B5.6.2: ['no event', 101, 0]
F52B5.6.3: ['no event', 101, 0]
F52B5.6.4: ['no event', 101, 0]
F52B5.6.5: ['no event', 101, 0]
