>0
FBtr0273274: ['no event', 46, 0]
FBtr0273275: ['no event', 46, 0]
FBtr0088362: ['no event', 46, 0]
FBtr0088363: ['no event', 46, 0]
FBtr0339455: ['no event', 46, 0]
F23H12.1.1: ['exon skipping', 0, 0]
F23H12.1.2: ['exon skipping', 0, 0]
>1
FBtr0273274: ['no event', 334, 2]
FBtr0273275: [['internal gap >= 30', 1, 69], 265, 2]
FBtr0088362: [['internal gap >= 30', 1, 69], 265, 2]
FBtr0088363: ['no event', 334, 2]
FBtr0339455: [['internal gap >= 30', 1, 69], 265, 2]
F23H12.1.1: ['3event', '5event', 135, 0]
F23H12.1.2: ['3event', '5event', 135, 0]
>2
FBtr0273274: ['exon skipping', 0, 0]
FBtr0273275: ['exon skipping', 0, 0]
FBtr0088362: ['exon skipping', 0, 0]
FBtr0088363: ['exon skipping', 0, 0]
FBtr0339455: ['exon skipping', 0, 0]
F23H12.1.1: ['5event', 140, 0]
F23H12.1.2: ['5event', 140, 0]
>3
FBtr0273274: ['exon skipping', 0, 0]
FBtr0273275: ['5event', 13, 1]
FBtr0088362: ['exon skipping', 0, 0]
FBtr0088363: ['5event', 13, 1]
FBtr0339455: ['exon skipping', 0, 0]
F23H12.1.1: ['exon skipping', 0, 0]
F23H12.1.2: ['exon skipping', 0, 0]
>4
FBtr0273274: ['exon skipping', 0, 0]
FBtr0273275: ['exon skipping', 0, 0]
FBtr0088362: ['exon skipping', 0, 0]
FBtr0088363: ['exon skipping', 0, 0]
FBtr0339455: ['exon skipping', 0, 0]
F23H12.1.1: ['5event', 68, 0]
F23H12.1.2: ['5event', 68, 0]
>5
FBtr0273274: ['5event', 73, 1]
FBtr0273275: ['exon skipping', 0, 0]
FBtr0088362: ['5event', 73, 1]
FBtr0088363: ['exon skipping', 0, 0]
FBtr0339455: ['5event', 73, 1]
F23H12.1.1: ['exon skipping', 0, 0]
F23H12.1.2: ['exon skipping', 0, 0]
