>0
FBtr0080231: ['no event', 265, 0]
FBtr0080232: ['no event', 265, 0]
Y44E3A.6a.1: ['exon skipping', 0, 0]
Y44E3A.6a.2: ['exon skipping', 0, 0]
Y44E3A.6b.1: ['exon skipping', 0, 0]
Y44E3A.6b.2: ['exon skipping', 0, 0]
>1
FBtr0080231: ['exon skipping', 0, 0]
FBtr0080232: ['exon skipping', 0, 0]
Y44E3A.6a.1: ['5event', 49, 0]
Y44E3A.6a.2: ['5event', 49, 0]
Y44E3A.6b.1: ['5event', 49, 0]
Y44E3A.6b.2: ['5event', 49, 0]
>2
FBtr0080231: ['5event', ['internal gap < 30', 83, 18], 135, 2]
FBtr0080232: ['5event', ['internal gap < 30', 83, 18], 135, 2]
Y44E3A.6a.1: [['internal gap < 30', 1, 5], 148, 2]
Y44E3A.6a.2: [['internal gap < 30', 1, 5], 148, 2]
Y44E3A.6b.1: [['internal gap < 30', 1, 5], 148, 2]
Y44E3A.6b.2: [['internal gap < 30', 1, 5], 148, 2]
>3
FBtr0080231: ['no event', 72, 0]
FBtr0080232: ['no event', 72, 0]
Y44E3A.6a.1: ['exon skipping', 0, 0]
Y44E3A.6a.2: ['exon skipping', 0, 0]
Y44E3A.6b.1: ['exon skipping', 0, 0]
Y44E3A.6b.2: ['exon skipping', 0, 0]
>4
FBtr0080231: ['exon skipping', 0, 0]
FBtr0080232: ['exon skipping', 0, 0]
Y44E3A.6a.1: ['5event', 128, 0]
Y44E3A.6a.2: ['5event', 128, 0]
Y44E3A.6b.1: ['5event', 128, 0]
Y44E3A.6b.2: ['5event', 128, 0]
>5
FBtr0080231: ['5event', 400, 1]
FBtr0080232: ['5event', 400, 1]
Y44E3A.6a.1: ['exon skipping', 0, 0]
Y44E3A.6a.2: ['exon skipping', 0, 0]
Y44E3A.6b.1: ['exon skipping', 0, 0]
Y44E3A.6b.2: ['exon skipping', 0, 0]
>6
FBtr0080231: ['no event', 253, 0]
FBtr0080232: ['no event', 253, 0]
Y44E3A.6a.1: ['exon skipping', 0, 0]
Y44E3A.6a.2: ['exon skipping', 0, 0]
Y44E3A.6b.1: ['exon skipping', 0, 0]
Y44E3A.6b.2: ['exon skipping', 0, 0]
>7
FBtr0080231: ['no event', 1576, 2]
FBtr0080232: ['no event', 1576, 2]
Y44E3A.6a.1: ['exon skipping', 0, 0]
Y44E3A.6a.2: ['exon skipping', 0, 0]
Y44E3A.6b.1: ['exon skipping', 0, 0]
Y44E3A.6b.2: ['exon skipping', 0, 0]
>8
FBtr0080231: ['no event', 237, 1]
FBtr0080232: ['no event', 237, 1]
Y44E3A.6a.1: ['exon skipping', 0, 0]
Y44E3A.6a.2: ['exon skipping', 0, 0]
Y44E3A.6b.1: ['exon skipping', 0, 0]
Y44E3A.6b.2: ['exon skipping', 0, 0]
>9
FBtr0080231: ['no event', 240, 2]
FBtr0080232: ['no event', 240, 2]
Y44E3A.6a.1: ['exon skipping', 0, 0]
Y44E3A.6a.2: ['exon skipping', 0, 0]
Y44E3A.6b.1: ['exon skipping', 0, 0]
Y44E3A.6b.2: ['exon skipping', 0, 0]
>10
FBtr0080231: ['no event', 16, 0]
FBtr0080232: ['no event', 16, 0]
Y44E3A.6a.1: ['exon skipping', 0, 0]
Y44E3A.6a.2: ['exon skipping', 0, 0]
Y44E3A.6b.1: ['exon skipping', 0, 0]
Y44E3A.6b.2: ['exon skipping', 0, 0]
>11
FBtr0080231: ['exon skipping', 0, 0]
FBtr0080232: ['exon skipping', 0, 0]
Y44E3A.6a.1: ['5event', 112, 0]
Y44E3A.6a.2: ['5event', 112, 0]
Y44E3A.6b.1: ['5event', 112, 0]
Y44E3A.6b.2: ['5event', 112, 0]
>12
FBtr0080231: ['3event', '5event', 149, 2]
FBtr0080232: ['3event', '5event', 149, 2]
Y44E3A.6a.1: [['internal gap >= 30', 87, 41], 138, 2]
Y44E3A.6a.2: [['internal gap >= 30', 87, 41], 138, 2]
Y44E3A.6b.1: [['internal gap >= 30', 87, 41], 138, 2]
Y44E3A.6b.2: [['internal gap >= 30', 87, 41], 138, 2]
>13
FBtr0080231: ['exon skipping', 0, 0]
FBtr0080232: ['exon skipping', 0, 0]
Y44E3A.6a.1: ['no event', 527, 0]
Y44E3A.6a.2: ['no event', 527, 0]
Y44E3A.6b.1: ['no event', 527, 0]
Y44E3A.6b.2: ['no event', 527, 0]
>14
FBtr0080231: ['5event', 522, 1]
FBtr0080232: ['5event', 522, 1]
Y44E3A.6a.1: ['exon skipping', 0, 0]
Y44E3A.6a.2: ['exon skipping', 0, 0]
Y44E3A.6b.1: ['exon skipping', 0, 0]
Y44E3A.6b.2: ['exon skipping', 0, 0]
>15
FBtr0080231: ['exon skipping', 0, 0]
FBtr0080232: ['exon skipping', 0, 0]
Y44E3A.6a.1: ['5event', 132, 0]
Y44E3A.6a.2: ['5event', 132, 0]
Y44E3A.6b.1: ['5event', 132, 0]
Y44E3A.6b.2: ['5event', 132, 0]
>16
FBtr0080231: ['exon skipping', 0, 0]
FBtr0080232: ['exon skipping', 0, 0]
Y44E3A.6a.1: ['no event', 437, 1]
Y44E3A.6a.2: ['no event', 437, 1]
Y44E3A.6b.1: ['no event', 437, 1]
Y44E3A.6b.2: ['no event', 437, 1]
>17
FBtr0080231: ['exon skipping', 0, 0]
FBtr0080232: ['exon skipping', 0, 0]
Y44E3A.6a.1: ['no event', 289, 1]
Y44E3A.6a.2: ['no event', 289, 1]
Y44E3A.6b.1: ['no event', 289, 1]
Y44E3A.6b.2: ['no event', 289, 1]
>18
FBtr0080231: ['exon skipping', 0, 0]
FBtr0080232: ['exon skipping', 0, 0]
Y44E3A.6a.1: ['no event', 408, 0]
Y44E3A.6a.2: ['no event', 408, 0]
Y44E3A.6b.1: ['no event', 408, 0]
Y44E3A.6b.2: ['no event', 408, 0]
>19
FBtr0080231: ['exon skipping', 0, 0]
FBtr0080232: ['exon skipping', 0, 0]
Y44E3A.6a.1: ['no event', 107, 1]
Y44E3A.6a.2: ['no event', 107, 1]
Y44E3A.6b.1: ['no event', 107, 1]
Y44E3A.6b.2: ['no event', 107, 1]
>20
FBtr0080231: ['exon skipping', 0, 0]
FBtr0080232: ['exon skipping', 0, 0]
Y44E3A.6a.1: [['internal gap < 30', 5, 6], 40, 1]
Y44E3A.6a.2: [['internal gap < 30', 5, 6], 40, 1]
Y44E3A.6b.1: ['no event', 46, 1]
Y44E3A.6b.2: ['no event', 46, 1]
>21
FBtr0080231: ['5event', 186, 2]
FBtr0080232: ['5event', 186, 2]
Y44E3A.6a.1: ['exon skipping', 0, 0]
Y44E3A.6a.2: ['exon skipping', 0, 0]
Y44E3A.6b.1: ['exon skipping', 0, 0]
Y44E3A.6b.2: ['exon skipping', 0, 0]
