>0
W03C9.4a.1: ['no event', 108, 0]
W03C9.4b.1: ['no event', 108, 0]
W03C9.4c.1: ['exon skipping', 0, 0]
W03C9.4c.2: ['exon skipping', 0, 0]
FBtr0083733: ['exon skipping', 0, 0]
>1
W03C9.4a.1: ['no event', 203, 1]
W03C9.4b.1: [['internal gap < 30', 1, 12], 191, 1]
W03C9.4c.1: ['exon skipping', 0, 0]
W03C9.4c.2: ['exon skipping', 0, 0]
FBtr0083733: ['exon skipping', 0, 0]
>2
W03C9.4a.1: ['no event', 73, 1]
W03C9.4b.1: ['no event', 73, 1]
W03C9.4c.1: ['exon skipping', 0, 0]
W03C9.4c.2: ['exon skipping', 0, 0]
FBtr0083733: ['exon skipping', 0, 0]
>3
W03C9.4a.1: ['exon skipping', 0, 0]
W03C9.4b.1: ['exon skipping', 0, 0]
W03C9.4c.1: ['exon skipping', 0, 0]
W03C9.4c.2: ['exon skipping', 0, 0]
FBtr0083733: ['5event', 353, 0]
>4
W03C9.4a.1: ['5event', 86, 0]
W03C9.4b.1: ['5event', 86, 0]
W03C9.4c.1: ['5event', 47, 0]
W03C9.4c.2: ['5event', 47, 0]
FBtr0083733: ['exon skipping', 0, 0]
>5
W03C9.4a.1: ['exon skipping', 0, 0]
W03C9.4b.1: ['exon skipping', 0, 0]
W03C9.4c.1: ['exon skipping', 0, 0]
W03C9.4c.2: ['exon skipping', 0, 0]
FBtr0083733: ['5event', 140, 0]
>6
W03C9.4a.1: ['5event', ['internal gap < 30', 87, 13], 152, 0]
W03C9.4b.1: ['5event', ['internal gap < 30', 87, 13], 152, 0]
W03C9.4c.1: ['5event', ['internal gap < 30', 87, 13], 152, 0]
W03C9.4c.2: ['5event', ['internal gap < 30', 87, 13], 152, 0]
FBtr0083733: [['internal gap < 30', 61, 15], 150, 0]
>7
W03C9.4a.1: ['no event', 173, 0]
W03C9.4b.1: ['no event', 173, 0]
W03C9.4c.1: ['no event', 173, 0]
W03C9.4c.2: ['no event', 173, 0]
FBtr0083733: ['exon skipping', 0, 0]
>8
W03C9.4a.1: ['no event', 100, 0]
W03C9.4b.1: ['no event', 100, 0]
W03C9.4c.1: ['no event', 100, 0]
W03C9.4c.2: ['no event', 100, 0]
FBtr0083733: ['exon skipping', 0, 0]
>9
W03C9.4a.1: ['no event', 103, 2]
W03C9.4b.1: ['no event', 103, 2]
W03C9.4c.1: ['no event', 103, 2]
W03C9.4c.2: ['no event', 103, 2]
FBtr0083733: ['exon skipping', 0, 0]
>10
W03C9.4a.1: ['no event', 165, 1]
W03C9.4b.1: ['no event', 165, 1]
W03C9.4c.1: ['no event', 165, 1]
W03C9.4c.2: ['no event', 165, 1]
FBtr0083733: ['exon skipping', 0, 0]
>11
W03C9.4a.1: ['no event', 207, 2]
W03C9.4b.1: ['no event', 207, 2]
W03C9.4c.1: ['no event', 207, 2]
W03C9.4c.2: ['no event', 207, 2]
FBtr0083733: ['exon skipping', 0, 0]
>12
W03C9.4a.1: ['exon skipping', 0, 0]
W03C9.4b.1: ['exon skipping', 0, 0]
W03C9.4c.1: ['exon skipping', 0, 0]
W03C9.4c.2: ['exon skipping', 0, 0]
FBtr0083733: ['5event', 959, 0]
