>0
Y5H2B.1a.1: ['exon skipping', 0, 0]
Y5H2B.1b.1: ['exon skipping', 0, 0]
F31F4.17.1: ['exon skipping', 0, 0]
F31F4.11a.1: ['exon skipping', 0, 0]
F31F4.11b.1: ['exon skipping', 0, 0]
C17A2.4.1: ['exon skipping', 0, 0]
F11A5.5a.1: ['exon skipping', 0, 0]
F11A5.5b.1: ['exon skipping', 0, 0]
C14C6.3.1: ['exon skipping', 0, 0]
W07G4.2.1: ['exon skipping', 0, 0]
C18G1.8.1: ['exon skipping', 0, 0]
Y71H2AM.14a.1: ['exon skipping', 0, 0]
Y71H2AM.14b.1: ['exon skipping', 0, 0]
T28A8.2.1: ['no event', 2, 0]
C06E1.7.1: ['exon skipping', 0, 0]
EGAP9.3.1: ['exon skipping', 0, 0]
EGAP9.2.1: ['exon skipping', 0, 0]
T28F2.1.1: ['exon skipping', 0, 0]
F17B5.6.1: ['exon skipping', 0, 0]
F41D3.6.1: ['exon skipping', 0, 0]
F08A8.5a.1: ['exon skipping', 0, 0]
F08A8.5b.1: ['exon skipping', 0, 0]
T26E4.4.1: ['exon skipping', 0, 0]
T26H5.8.1: ['exon skipping', 0, 0]
T26H5.8.2: ['exon skipping', 0, 0]
T26H5.8.3: ['exon skipping', 0, 0]
T26H5.8.4: ['exon skipping', 0, 0]
T26E4.3.1: ['exon skipping', 0, 0]
F58D5.3.1: ['exon skipping', 0, 0]
T25D10.1.1: ['exon skipping', 0, 0]
>1
Y5H2B.1a.1: ['exon skipping', 0, 0]
Y5H2B.1b.1: ['exon skipping', 0, 0]
F31F4.17.1: ['exon skipping', 0, 0]
F31F4.11a.1: ['exon skipping', 0, 0]
F31F4.11b.1: ['exon skipping', 0, 0]
C17A2.4.1: ['exon skipping', 0, 0]
F11A5.5a.1: ['exon skipping', 0, 0]
F11A5.5b.1: ['exon skipping', 0, 0]
C14C6.3.1: ['exon skipping', 0, 0]
W07G4.2.1: ['exon skipping', 0, 0]
C18G1.8.1: ['exon skipping', 0, 0]
Y71H2AM.14a.1: ['exon skipping', 0, 0]
Y71H2AM.14b.1: ['5event', ['internal gap >= 30', 17, 65], 22, 0]
T28A8.2.1: [['internal gap < 30', 59, 23], 64, 0]
C06E1.7.1: ['3event', '5event', 49, 0]
EGAP9.3.1: ['3event', '5event', 64, 0]
EGAP9.2.1: ['3event', '5event', 67, 0]
T28F2.1.1: ['3event', '5event', 67, 0]
F17B5.6.1: ['3event', '5event', 64, 0]
F41D3.6.1: ['3event', '5event', 67, 0]
F08A8.5a.1: ['5event', ['internal gap >= 30', 32, 42], 45, 0]
F08A8.5b.1: ['5event', ['internal gap >= 30', 32, 42], 45, 0]
T26E4.4.1: ['exon skipping', 0, 0]
T26H5.8.1: ['exon skipping', 0, 0]
T26H5.8.2: ['exon skipping', 0, 0]
T26H5.8.3: ['exon skipping', 0, 0]
T26H5.8.4: ['exon skipping', 0, 0]
T26E4.3.1: ['5event', ['internal gap >= 30', 35, 39], 48, 0]
F58D5.3.1: ['5event', ['internal gap >= 30', 43, 39], 48, 0]
T25D10.1.1: ['exon skipping', 0, 0]
>2
Y5H2B.1a.1: ['3event', '5event', 390, 0]
Y5H2B.1b.1: ['3event', '5event', 390, 0]
F31F4.17.1: ['3event', '5event', 444, 0]
F31F4.11a.1: ['3event', '5event', 357, 0]
F31F4.11b.1: ['3event', '5event', 357, 0]
C17A2.4.1: ['3event', '5event', 282, 0]
F11A5.5a.1: ['3event', '5event', 408, 0]
F11A5.5b.1: ['3event', '5event', 417, 0]
C14C6.3.1: ['3event', '5event', 333, 0]
W07G4.2.1: ['3event', '5event', 369, 0]
C18G1.8.1: ['3event', '5event', 219, 0]
Y71H2AM.14a.1: ['3event', '5event', 144, 0]
Y71H2AM.14b.1: ['3event', 245, 2]
T28A8.2.1: ['3event', 267, 1]
C06E1.7.1: ['3event', '5event', 335, 1]
EGAP9.3.1: ['3event', '5event', 317, 1]
EGAP9.2.1: ['3event', '5event', 317, 1]
T28F2.1.1: ['3event', '5event', 317, 1]
F17B5.6.1: ['3event', '5event', 317, 1]
F41D3.6.1: ['3event', '5event', 269, 1]
F08A8.5a.1: ['3event', 348, 1]
F08A8.5b.1: ['3event', 405, 1]
T26E4.4.1: ['3event', '5event', 543, 0]
T26H5.8.1: ['3event', '5event', 339, 0]
T26H5.8.2: ['3event', '5event', 339, 0]
T26H5.8.3: ['3event', '5event', 339, 0]
T26H5.8.4: ['3event', '5event', 339, 0]
T26E4.3.1: ['3event', 387, 1]
F58D5.3.1: [['internal gap >= 30', 285, 1027], 361, 1]
T25D10.1.1: ['3event', '5event', 336, 0]
>3
Y5H2B.1a.1: ['5event', ['internal gap < 30', 76, 25], 116, 0]
Y5H2B.1b.1: ['5event', ['internal gap < 30', 76, 25], 116, 0]
F31F4.17.1: ['5event', ['internal gap < 30', 76, 25], 116, 0]
F31F4.11a.1: ['5event', ['internal gap < 30', 76, 25], 116, 0]
F31F4.11b.1: ['5event', ['internal gap < 30', 76, 25], 116, 0]
C17A2.4.1: ['5event', ['internal gap < 30', 76, 25], 116, 0]
F11A5.5a.1: ['5event', ['internal gap < 30', 76, 25], 116, 0]
F11A5.5b.1: ['5event', ['internal gap < 30', 76, 25], 116, 0]
C14C6.3.1: ['5event', ['internal gap < 30', 76, 25], 116, 0]
W07G4.2.1: ['5event', ['internal gap < 30', 76, 25], 116, 0]
C18G1.8.1: ['5event', ['internal gap < 30', 76, 25], 116, 0]
Y71H2AM.14a.1: ['5event', ['internal gap < 30', 76, 25], 116, 0]
Y71H2AM.14b.1: ['5event', ['internal gap < 30', 76, 25], 116, 0]
T28A8.2.1: ['5event', ['internal gap < 30', 74, 16], 125, 0]
C06E1.7.1: ['5event', ['internal gap < 30', 76, 25], 116, 0]
EGAP9.3.1: ['5event', ['internal gap < 30', 73, 28], 113, 0]
EGAP9.2.1: ['5event', ['internal gap < 30', 73, 28], 113, 0]
T28F2.1.1: ['5event', ['internal gap < 30', 73, 28], 113, 0]
F17B5.6.1: ['5event', ['internal gap < 30', 73, 28], 113, 0]
F41D3.6.1: ['5event', ['internal gap < 30', 73, 28], 113, 0]
F08A8.5a.1: ['5event', ['internal gap < 30', 76, 25], 116, 0]
F08A8.5b.1: ['5event', ['internal gap < 30', 76, 25], 116, 0]
T26E4.4.1: ['5event', ['internal gap < 30', 76, 25], 116, 0]
T26H5.8.1: ['5event', ['internal gap < 30', 76, 25], 116, 0]
T26H5.8.2: ['5event', ['internal gap < 30', 76, 25], 116, 0]
T26H5.8.3: ['5event', ['internal gap < 30', 76, 25], 116, 0]
T26H5.8.4: ['5event', ['internal gap < 30', 76, 25], 116, 0]
T26E4.3.1: ['5event', ['internal gap < 30', 76, 25], 116, 0]
F58D5.3.1: [['internal gap < 30', 78, 23], 118, 0]
T25D10.1.1: ['3event', '5event', 100, 0]
>4
Y5H2B.1a.1: ['exon skipping', 0, 0]
Y5H2B.1b.1: ['exon skipping', 0, 0]
F31F4.17.1: ['exon skipping', 0, 0]
F31F4.11a.1: ['exon skipping', 0, 0]
F31F4.11b.1: ['exon skipping', 0, 0]
C17A2.4.1: ['exon skipping', 0, 0]
F11A5.5a.1: ['exon skipping', 0, 0]
F11A5.5b.1: ['exon skipping', 0, 0]
C14C6.3.1: ['exon skipping', 0, 0]
W07G4.2.1: ['exon skipping', 0, 0]
C18G1.8.1: ['exon skipping', 0, 0]
Y71H2AM.14a.1: ['exon skipping', 0, 0]
Y71H2AM.14b.1: ['exon skipping', 0, 0]
T28A8.2.1: ['exon skipping', 0, 0]
C06E1.7.1: ['exon skipping', 0, 0]
EGAP9.3.1: ['exon skipping', 0, 0]
EGAP9.2.1: ['exon skipping', 0, 0]
T28F2.1.1: ['exon skipping', 0, 0]
F17B5.6.1: ['exon skipping', 0, 0]
F41D3.6.1: ['exon skipping', 0, 0]
F08A8.5a.1: ['exon skipping', 0, 0]
F08A8.5b.1: ['exon skipping', 0, 0]
T26E4.4.1: ['exon skipping', 0, 0]
T26H5.8.1: ['exon skipping', 0, 0]
T26H5.8.2: ['exon skipping', 0, 0]
T26H5.8.3: ['exon skipping', 0, 0]
T26H5.8.4: ['exon skipping', 0, 0]
T26E4.3.1: ['exon skipping', 0, 0]
F58D5.3.1: ['exon skipping', 0, 0]
T25D10.1.1: ['5event', 13, 1]
>5
Y5H2B.1a.1: ['3event', '5event', 208, 0]
Y5H2B.1b.1: ['3event', '5event', 208, 0]
F31F4.17.1: ['3event', '5event', 205, 0]
F31F4.11a.1: ['3event', '5event', 205, 0]
F31F4.11b.1: ['3event', '5event', 205, 0]
C17A2.4.1: ['3event', '5event', 104, 0]
F11A5.5a.1: ['3event', '5event', 202, 0]
F11A5.5b.1: ['3event', '5event', 202, 0]
C14C6.3.1: ['3event', '5event', 202, 0]
W07G4.2.1: ['3event', '5event', 208, 0]
C18G1.8.1: ['3event', '5event', 205, 0]
Y71H2AM.14a.1: ['3event', '5event', 202, 0]
Y71H2AM.14b.1: ['3event', '5event', 202, 0]
T28A8.2.1: ['5event', ['internal gap >= 30', 187, 478], 201, 0]
C06E1.7.1: ['3event', '5event', 208, 0]
EGAP9.3.1: ['3event', '5event', 220, 0]
EGAP9.2.1: ['3event', '5event', 220, 0]
T28F2.1.1: ['3event', '5event', 220, 0]
F17B5.6.1: ['3event', '5event', 214, 0]
F41D3.6.1: ['3event', '5event', 214, 0]
F08A8.5a.1: ['3event', '5event', 220, 0]
F08A8.5b.1: ['3event', '5event', 220, 0]
T26E4.4.1: ['3event', '5event', 220, 0]
T26H5.8.1: ['3event', '5event', 220, 0]
T26H5.8.2: ['3event', '5event', 220, 0]
T26H5.8.3: ['3event', '5event', 220, 0]
T26H5.8.4: ['3event', '5event', 220, 0]
T26E4.3.1: ['3event', '5event', 220, 0]
F58D5.3.1: ['3event', '5event', 220, 0]
T25D10.1.1: ['3event', 117, 0]
>6
Y5H2B.1a.1: ['exon skipping', 0, 0]
Y5H2B.1b.1: ['exon skipping', 0, 0]
F31F4.17.1: ['exon skipping', 0, 0]
F31F4.11a.1: ['exon skipping', 0, 0]
F31F4.11b.1: ['exon skipping', 0, 0]
C17A2.4.1: ['5event', 73, 2]
F11A5.5a.1: ['exon skipping', 0, 0]
F11A5.5b.1: ['exon skipping', 0, 0]
C14C6.3.1: ['exon skipping', 0, 0]
W07G4.2.1: ['exon skipping', 0, 0]
C18G1.8.1: ['exon skipping', 0, 0]
Y71H2AM.14a.1: ['exon skipping', 0, 0]
Y71H2AM.14b.1: ['exon skipping', 0, 0]
T28A8.2.1: ['exon skipping', 0, 0]
C06E1.7.1: ['exon skipping', 0, 0]
EGAP9.3.1: ['exon skipping', 0, 0]
EGAP9.2.1: ['exon skipping', 0, 0]
T28F2.1.1: ['exon skipping', 0, 0]
F17B5.6.1: ['exon skipping', 0, 0]
F41D3.6.1: ['exon skipping', 0, 0]
F08A8.5a.1: ['exon skipping', 0, 0]
F08A8.5b.1: ['exon skipping', 0, 0]
T26E4.4.1: ['exon skipping', 0, 0]
T26H5.8.1: ['exon skipping', 0, 0]
T26H5.8.2: ['exon skipping', 0, 0]
T26H5.8.3: ['exon skipping', 0, 0]
T26H5.8.4: ['exon skipping', 0, 0]
T26E4.3.1: ['exon skipping', 0, 0]
F58D5.3.1: ['exon skipping', 0, 0]
T25D10.1.1: ['exon skipping', 0, 0]
>7
Y5H2B.1a.1: ['exon skipping', 0, 0]
Y5H2B.1b.1: ['exon skipping', 0, 0]
F31F4.17.1: ['exon skipping', 0, 0]
F31F4.11a.1: ['exon skipping', 0, 0]
F31F4.11b.1: ['exon skipping', 0, 0]
C17A2.4.1: ['exon skipping', 0, 0]
F11A5.5a.1: ['exon skipping', 0, 0]
F11A5.5b.1: ['exon skipping', 0, 0]
C14C6.3.1: ['exon skipping', 0, 0]
W07G4.2.1: ['exon skipping', 0, 0]
C18G1.8.1: ['exon skipping', 0, 0]
Y71H2AM.14a.1: ['exon skipping', 0, 0]
Y71H2AM.14b.1: ['exon skipping', 0, 0]
T28A8.2.1: ['exon skipping', 0, 0]
C06E1.7.1: ['exon skipping', 0, 0]
EGAP9.3.1: ['exon skipping', 0, 0]
EGAP9.2.1: ['exon skipping', 0, 0]
T28F2.1.1: ['exon skipping', 0, 0]
F17B5.6.1: ['exon skipping', 0, 0]
F41D3.6.1: ['exon skipping', 0, 0]
F08A8.5a.1: ['5event', 74, 1]
F08A8.5b.1: ['5event', 74, 1]
T26E4.4.1: ['5event', 74, 1]
T26H5.8.1: ['5event', 74, 1]
T26H5.8.2: ['5event', 74, 1]
T26H5.8.3: ['5event', 74, 1]
T26H5.8.4: ['5event', 74, 1]
T26E4.3.1: ['5event', 74, 1]
F58D5.3.1: ['5event', 74, 1]
T25D10.1.1: ['exon skipping', 0, 0]
>8
Y5H2B.1a.1: ['exon skipping', 0, 0]
Y5H2B.1b.1: ['exon skipping', 0, 0]
F31F4.17.1: ['exon skipping', 0, 0]
F31F4.11a.1: ['exon skipping', 0, 0]
F31F4.11b.1: ['exon skipping', 0, 0]
C17A2.4.1: ['exon skipping', 0, 0]
F11A5.5a.1: ['exon skipping', 0, 0]
F11A5.5b.1: ['exon skipping', 0, 0]
C14C6.3.1: ['exon skipping', 0, 0]
W07G4.2.1: ['exon skipping', 0, 0]
C18G1.8.1: ['exon skipping', 0, 0]
Y71H2AM.14a.1: ['exon skipping', 0, 0]
Y71H2AM.14b.1: ['exon skipping', 0, 0]
T28A8.2.1: ['exon skipping', 0, 0]
C06E1.7.1: ['exon skipping', 0, 0]
EGAP9.3.1: ['exon skipping', 0, 0]
EGAP9.2.1: ['exon skipping', 0, 0]
T28F2.1.1: ['exon skipping', 0, 0]
F17B5.6.1: ['exon skipping', 0, 0]
F41D3.6.1: ['exon skipping', 0, 0]
F08A8.5a.1: [['internal gap < 30', 11, 1], 86, 1]
F08A8.5b.1: [['internal gap < 30', 11, 1], 86, 1]
T26E4.4.1: [['internal gap < 30', 11, 1], 86, 1]
T26H5.8.1: [['internal gap < 30', 11, 1], 86, 1]
T26H5.8.2: [['internal gap < 30', 11, 1], 86, 1]
T26H5.8.3: [['internal gap < 30', 11, 1], 86, 1]
T26H5.8.4: [['internal gap < 30', 11, 1], 86, 1]
T26E4.3.1: ['exon skipping', 0, 0]
F58D5.3.1: [['internal gap < 30', 38, 4], 83, 1]
T25D10.1.1: ['5event', ['internal gap < 30', 27, 20], 67, 2]
>9
Y5H2B.1a.1: ['exon skipping', 0, 0]
Y5H2B.1b.1: ['exon skipping', 0, 0]
F31F4.17.1: ['exon skipping', 0, 0]
F31F4.11a.1: ['exon skipping', 0, 0]
F31F4.11b.1: ['exon skipping', 0, 0]
C17A2.4.1: ['exon skipping', 0, 0]
F11A5.5a.1: ['exon skipping', 0, 0]
F11A5.5b.1: ['exon skipping', 0, 0]
C14C6.3.1: ['exon skipping', 0, 0]
W07G4.2.1: ['exon skipping', 0, 0]
C18G1.8.1: ['exon skipping', 0, 0]
Y71H2AM.14a.1: ['exon skipping', 0, 0]
Y71H2AM.14b.1: ['exon skipping', 0, 0]
T28A8.2.1: ['exon skipping', 0, 0]
C06E1.7.1: ['exon skipping', 0, 0]
EGAP9.3.1: ['exon skipping', 0, 0]
EGAP9.2.1: ['exon skipping', 0, 0]
T28F2.1.1: ['exon skipping', 0, 0]
F17B5.6.1: ['exon skipping', 0, 0]
F41D3.6.1: ['exon skipping', 0, 0]
F08A8.5a.1: ['exon skipping', 0, 0]
F08A8.5b.1: ['exon skipping', 0, 0]
T26E4.4.1: ['exon skipping', 0, 0]
T26H5.8.1: ['exon skipping', 0, 0]
T26H5.8.2: ['exon skipping', 0, 0]
T26H5.8.3: ['exon skipping', 0, 0]
T26H5.8.4: ['exon skipping', 0, 0]
T26E4.3.1: ['exon skipping', 0, 0]
F58D5.3.1: ['exon skipping', 0, 0]
T25D10.1.1: ['no event', 5, 1]
>10
Y5H2B.1a.1: ['exon skipping', 0, 0]
Y5H2B.1b.1: ['exon skipping', 0, 0]
F31F4.17.1: ['exon skipping', 0, 0]
F31F4.11a.1: ['exon skipping', 0, 0]
F31F4.11b.1: ['exon skipping', 0, 0]
C17A2.4.1: ['exon skipping', 0, 0]
F11A5.5a.1: ['exon skipping', 0, 0]
F11A5.5b.1: ['exon skipping', 0, 0]
C14C6.3.1: ['exon skipping', 0, 0]
W07G4.2.1: ['exon skipping', 0, 0]
C18G1.8.1: ['exon skipping', 0, 0]
Y71H2AM.14a.1: ['exon skipping', 0, 0]
Y71H2AM.14b.1: ['exon skipping', 0, 0]
T28A8.2.1: ['exon skipping', 0, 0]
C06E1.7.1: ['exon skipping', 0, 0]
EGAP9.3.1: ['exon skipping', 0, 0]
EGAP9.2.1: ['exon skipping', 0, 0]
T28F2.1.1: ['exon skipping', 0, 0]
F17B5.6.1: ['exon skipping', 0, 0]
F41D3.6.1: ['exon skipping', 0, 0]
F08A8.5a.1: ['exon skipping', 0, 0]
F08A8.5b.1: ['exon skipping', 0, 0]
T26E4.4.1: ['exon skipping', 0, 0]
T26H5.8.1: ['exon skipping', 0, 0]
T26H5.8.2: ['exon skipping', 0, 0]
T26H5.8.3: ['exon skipping', 0, 0]
T26H5.8.4: ['exon skipping', 0, 0]
T26E4.3.1: ['exon skipping', 0, 0]
F58D5.3.1: ['exon skipping', 0, 0]
T25D10.1.1: ['no event', 106, 1]
>11
Y5H2B.1a.1: ['exon skipping', 0, 0]
Y5H2B.1b.1: ['exon skipping', 0, 0]
F31F4.17.1: ['exon skipping', 0, 0]
F31F4.11a.1: ['exon skipping', 0, 0]
F31F4.11b.1: ['exon skipping', 0, 0]
C17A2.4.1: ['5event', 21, 1]
F11A5.5a.1: ['exon skipping', 0, 0]
F11A5.5b.1: ['exon skipping', 0, 0]
C14C6.3.1: ['exon skipping', 0, 0]
W07G4.2.1: ['exon skipping', 0, 0]
C18G1.8.1: ['exon skipping', 0, 0]
Y71H2AM.14a.1: ['exon skipping', 0, 0]
Y71H2AM.14b.1: ['exon skipping', 0, 0]
T28A8.2.1: ['exon skipping', 0, 0]
C06E1.7.1: ['exon skipping', 0, 0]
EGAP9.3.1: ['exon skipping', 0, 0]
EGAP9.2.1: ['exon skipping', 0, 0]
T28F2.1.1: ['exon skipping', 0, 0]
F17B5.6.1: ['exon skipping', 0, 0]
F41D3.6.1: ['exon skipping', 0, 0]
F08A8.5a.1: ['exon skipping', 0, 0]
F08A8.5b.1: ['exon skipping', 0, 0]
T26E4.4.1: ['exon skipping', 0, 0]
T26H5.8.1: ['exon skipping', 0, 0]
T26H5.8.2: ['exon skipping', 0, 0]
T26H5.8.3: ['exon skipping', 0, 0]
T26H5.8.4: ['exon skipping', 0, 0]
T26E4.3.1: ['exon skipping', 0, 0]
F58D5.3.1: ['exon skipping', 0, 0]
T25D10.1.1: ['exon skipping', 0, 0]
>12
Y5H2B.1a.1: ['exon skipping', 0, 0]
Y5H2B.1b.1: ['exon skipping', 0, 0]
F31F4.17.1: ['exon skipping', 0, 0]
F31F4.11a.1: ['exon skipping', 0, 0]
F31F4.11b.1: ['exon skipping', 0, 0]
C17A2.4.1: ['exon skipping', 0, 0]
F11A5.5a.1: ['exon skipping', 0, 0]
F11A5.5b.1: ['exon skipping', 0, 0]
C14C6.3.1: ['exon skipping', 0, 0]
W07G4.2.1: ['exon skipping', 0, 0]
C18G1.8.1: ['exon skipping', 0, 0]
Y71H2AM.14a.1: ['exon skipping', 0, 0]
Y71H2AM.14b.1: ['exon skipping', 0, 0]
T28A8.2.1: ['exon skipping', 0, 0]
C06E1.7.1: ['exon skipping', 0, 0]
EGAP9.3.1: ['exon skipping', 0, 0]
EGAP9.2.1: ['exon skipping', 0, 0]
T28F2.1.1: ['exon skipping', 0, 0]
F17B5.6.1: ['exon skipping', 0, 0]
F41D3.6.1: ['exon skipping', 0, 0]
F08A8.5a.1: ['exon skipping', 0, 0]
F08A8.5b.1: ['exon skipping', 0, 0]
T26E4.4.1: ['exon skipping', 0, 0]
T26H5.8.1: ['exon skipping', 0, 0]
T26H5.8.2: ['exon skipping', 0, 0]
T26H5.8.3: ['exon skipping', 0, 0]
T26H5.8.4: ['exon skipping', 0, 0]
T26E4.3.1: ['5event', 31, 1]
F58D5.3.1: ['exon skipping', 0, 0]
T25D10.1.1: ['exon skipping', 0, 0]
>13
Y5H2B.1a.1: ['3event', '5event', 380, 1]
Y5H2B.1b.1: ['3event', '5event', 356, 1]
F31F4.17.1: ['3event', '5event', 392, 1]
F31F4.11a.1: ['3event', '5event', 392, 1]
F31F4.11b.1: ['3event', '5event', 296, 1]
C17A2.4.1: ['5event', ['internal gap >= 30', 412, 1038], 447, 2]
F11A5.5a.1: ['3event', '5event', 365, 1]
F11A5.5b.1: ['3event', '5event', 365, 1]
C14C6.3.1: ['3event', '5event', 392, 1]
W07G4.2.1: ['3event', '5event', 374, 1]
C18G1.8.1: ['3event', '5event', 392, 1]
Y71H2AM.14a.1: ['3event', '5event', 374, 1]
Y71H2AM.14b.1: ['3event', '5event', 374, 1]
T28A8.2.1: ['3event', '5event', 305, 1]
C06E1.7.1: ['3event', '5event', 389, 1]
EGAP9.3.1: ['3event', '5event', 350, 1]
EGAP9.2.1: ['3event', '5event', 350, 1]
T28F2.1.1: ['3event', '5event', 344, 1]
F17B5.6.1: ['3event', '5event', 335, 1]
F41D3.6.1: ['3event', '5event', 326, 1]
F08A8.5a.1: ['3event', '5event', 261, 0]
F08A8.5b.1: ['3event', '5event', 261, 0]
T26E4.4.1: ['3event', '5event', 237, 0]
T26H5.8.1: ['3event', '5event', 261, 0]
T26H5.8.2: ['3event', '5event', 261, 0]
T26H5.8.3: ['3event', '5event', 261, 0]
T26H5.8.4: ['3event', '5event', 261, 0]
T26E4.3.1: ['3event', 259, 0]
F58D5.3.1: ['3event', '5event', 270, 0]
T25D10.1.1: ['3event', '5event', 237, 0]
>14
Y5H2B.1a.1: ['exon skipping', 0, 0]
Y5H2B.1b.1: ['exon skipping', 0, 0]
F31F4.17.1: ['exon skipping', 0, 0]
F31F4.11a.1: ['exon skipping', 0, 0]
F31F4.11b.1: ['exon skipping', 0, 0]
C17A2.4.1: ['exon skipping', 0, 0]
F11A5.5a.1: ['exon skipping', 0, 0]
F11A5.5b.1: ['exon skipping', 0, 0]
C14C6.3.1: ['exon skipping', 0, 0]
W07G4.2.1: ['exon skipping', 0, 0]
C18G1.8.1: ['exon skipping', 0, 0]
Y71H2AM.14a.1: ['exon skipping', 0, 0]
Y71H2AM.14b.1: ['exon skipping', 0, 0]
T28A8.2.1: ['5event', 95, 0]
C06E1.7.1: ['exon skipping', 0, 0]
EGAP9.3.1: ['exon skipping', 0, 0]
EGAP9.2.1: ['exon skipping', 0, 0]
T28F2.1.1: ['exon skipping', 0, 0]
F17B5.6.1: ['exon skipping', 0, 0]
F41D3.6.1: ['exon skipping', 0, 0]
F08A8.5a.1: ['exon skipping', 0, 0]
F08A8.5b.1: ['exon skipping', 0, 0]
T26E4.4.1: ['exon skipping', 0, 0]
T26H5.8.1: ['exon skipping', 0, 0]
T26H5.8.2: ['exon skipping', 0, 0]
T26H5.8.3: ['exon skipping', 0, 0]
T26H5.8.4: ['exon skipping', 0, 0]
T26E4.3.1: ['exon skipping', 0, 0]
F58D5.3.1: ['exon skipping', 0, 0]
T25D10.1.1: ['exon skipping', 0, 0]
