>0
FBtr0089682: ['exon skipping', 0, 0]
FBtr0301181: ['exon skipping', 0, 0]
FBtr0301180: ['exon skipping', 0, 0]
FBtr0306389: ['exon skipping', 0, 0]
FBtr0306388: ['exon skipping', 0, 0]
FBtr0089680: ['exon skipping', 0, 0]
FBtr0306390: ['exon skipping', 0, 0]
R144.7a.1: ['exon skipping', 0, 0]
R144.7b.1: ['no event', 387, 0]
R144.7b.2: ['no event', 387, 0]
ENSCSAVT00000015383: ['exon skipping', 0, 0]
>1
FBtr0089682: ['exon skipping', 0, 0]
FBtr0301181: ['exon skipping', 0, 0]
FBtr0301180: ['5event', 809, 0]
FBtr0306389: ['5event', 809, 0]
FBtr0306388: ['exon skipping', 0, 0]
FBtr0089680: ['exon skipping', 0, 0]
FBtr0306390: ['5event', 809, 0]
R144.7a.1: ['exon skipping', 0, 0]
R144.7b.1: ['exon skipping', 0, 0]
R144.7b.2: ['exon skipping', 0, 0]
ENSCSAVT00000015383: ['exon skipping', 0, 0]
>2
FBtr0089682: ['exon skipping', 0, 0]
FBtr0301181: ['exon skipping', 0, 0]
FBtr0301180: ['exon skipping', 0, 0]
FBtr0306389: ['exon skipping', 0, 0]
FBtr0306388: ['exon skipping', 0, 0]
FBtr0089680: ['exon skipping', 0, 0]
FBtr0306390: ['exon skipping', 0, 0]
R144.7a.1: ['exon skipping', 0, 0]
R144.7b.1: ['5event', 328, 1]
R144.7b.2: ['5event', 328, 1]
ENSCSAVT00000015383: ['exon skipping', 0, 0]
>3
FBtr0089682: ['exon skipping', 0, 0]
FBtr0301181: ['exon skipping', 0, 0]
FBtr0301180: ['exon skipping', 0, 0]
FBtr0306389: ['exon skipping', 0, 0]
FBtr0306388: ['exon skipping', 0, 0]
FBtr0089680: ['exon skipping', 0, 0]
FBtr0306390: ['exon skipping', 0, 0]
R144.7a.1: ['5event', 120, 0]
R144.7b.1: ['no event', 172, 0]
R144.7b.2: ['no event', 172, 0]
ENSCSAVT00000015383: ['exon skipping', 0, 0]
>4
FBtr0089682: ['exon skipping', 0, 0]
FBtr0301181: ['exon skipping', 0, 0]
FBtr0301180: ['exon skipping', 0, 0]
FBtr0306389: ['exon skipping', 0, 0]
FBtr0306388: ['exon skipping', 0, 0]
FBtr0089680: ['exon skipping', 0, 0]
FBtr0306390: ['exon skipping', 0, 0]
R144.7a.1: ['no event', 54, 1]
R144.7b.1: ['no event', 54, 1]
R144.7b.2: ['no event', 54, 1]
ENSCSAVT00000015383: ['exon skipping', 0, 0]
>5
FBtr0089682: ['exon skipping', 0, 0]
FBtr0301181: ['exon skipping', 0, 0]
FBtr0301180: ['exon skipping', 0, 0]
FBtr0306389: ['exon skipping', 0, 0]
FBtr0306388: ['exon skipping', 0, 0]
FBtr0089680: ['exon skipping', 0, 0]
FBtr0306390: ['exon skipping', 0, 0]
R144.7a.1: ['exon skipping', 0, 0]
R144.7b.1: ['no event', 50, 2]
R144.7b.2: ['no event', 50, 2]
ENSCSAVT00000015383: ['exon skipping', 0, 0]
>6
FBtr0089682: ['exon skipping', 0, 0]
FBtr0301181: ['exon skipping', 0, 0]
FBtr0301180: ['exon skipping', 0, 0]
FBtr0306389: ['exon skipping', 0, 0]
FBtr0306388: ['exon skipping', 0, 0]
FBtr0089680: ['exon skipping', 0, 0]
FBtr0306390: ['exon skipping', 0, 0]
R144.7a.1: ['5event', 192, 2]
R144.7b.1: ['no event', 195, 2]
R144.7b.2: ['no event', 195, 2]
ENSCSAVT00000015383: ['exon skipping', 0, 0]
>7
FBtr0089682: ['exon skipping', 0, 0]
FBtr0301181: ['exon skipping', 0, 0]
FBtr0301180: ['exon skipping', 0, 0]
FBtr0306389: ['exon skipping', 0, 0]
FBtr0306388: ['exon skipping', 0, 0]
FBtr0089680: ['exon skipping', 0, 0]
FBtr0306390: ['exon skipping', 0, 0]
R144.7a.1: ['no event', 571, 0]
R144.7b.1: ['no event', 571, 0]
R144.7b.2: ['no event', 571, 0]
ENSCSAVT00000015383: ['exon skipping', 0, 0]
>8
FBtr0089682: ['exon skipping', 0, 0]
FBtr0301181: ['exon skipping', 0, 0]
FBtr0301180: ['exon skipping', 0, 0]
FBtr0306389: ['exon skipping', 0, 0]
FBtr0306388: ['5event', 17, 0]
FBtr0089680: ['exon skipping', 0, 0]
FBtr0306390: ['exon skipping', 0, 0]
R144.7a.1: ['exon skipping', 0, 0]
R144.7b.1: ['exon skipping', 0, 0]
R144.7b.2: ['exon skipping', 0, 0]
ENSCSAVT00000015383: ['exon skipping', 0, 0]
>9
FBtr0089682: ['exon skipping', 0, 0]
FBtr0301181: ['exon skipping', 0, 0]
FBtr0301180: ['5event', 330, 0]
FBtr0306389: ['5event', 330, 0]
FBtr0306388: ['no event', 331, 0]
FBtr0089680: ['exon skipping', 0, 0]
FBtr0306390: ['5event', 330, 0]
R144.7a.1: ['exon skipping', 0, 0]
R144.7b.1: ['exon skipping', 0, 0]
R144.7b.2: ['exon skipping', 0, 0]
ENSCSAVT00000015383: ['exon skipping', 0, 0]
>10
FBtr0089682: ['exon skipping', 0, 0]
FBtr0301181: ['exon skipping', 0, 0]
FBtr0301180: ['no event', 67, 1]
FBtr0306389: ['no event', 67, 1]
FBtr0306388: ['no event', 67, 1]
FBtr0089680: ['exon skipping', 0, 0]
FBtr0306390: ['no event', 67, 1]
R144.7a.1: ['exon skipping', 0, 0]
R144.7b.1: ['exon skipping', 0, 0]
R144.7b.2: ['exon skipping', 0, 0]
ENSCSAVT00000015383: ['3event', '5event', 47, 0]
>11
FBtr0089682: ['5event', 85, 0]
FBtr0301181: ['5event', 85, 0]
FBtr0301180: ['no event', 1002, 0]
FBtr0306389: ['no event', 1002, 0]
FBtr0306388: ['no event', 1002, 0]
FBtr0089680: ['5event', 85, 0]
FBtr0306390: ['no event', 1002, 0]
R144.7a.1: ['exon skipping', 0, 0]
R144.7b.1: ['exon skipping', 0, 0]
R144.7b.2: ['exon skipping', 0, 0]
ENSCSAVT00000015383: ['exon skipping', 0, 0]
>12
FBtr0089682: [['internal gap >= 30', 1274, 34], 2113, 2]
FBtr0301181: [['internal gap >= 30', 1274, 34], 2113, 2]
FBtr0301180: [['internal gap >= 30', 1274, 34], 2113, 2]
FBtr0306389: [['internal gap >= 30', 1274, 34], 2113, 2]
FBtr0306388: [['internal gap >= 30', 1274, 34], 2113, 2]
FBtr0089680: [['internal gap >= 30', 1274, 34], 2113, 2]
FBtr0306390: [['internal gap >= 30', 1274, 34], 2113, 2]
R144.7a.1: ['3event', '5event', 802, 2]
R144.7b.1: ['3event', '5event', 802, 2]
R144.7b.2: ['3event', '5event', 802, 2]
ENSCSAVT00000015383: ['exon skipping', 0, 0]
>13
FBtr0089682: ['exon skipping', 0, 0]
FBtr0301181: ['exon skipping', 0, 0]
FBtr0301180: ['exon skipping', 0, 0]
FBtr0306389: ['exon skipping', 0, 0]
FBtr0306388: ['exon skipping', 0, 0]
FBtr0089680: ['exon skipping', 0, 0]
FBtr0306390: ['exon skipping', 0, 0]
R144.7a.1: ['exon skipping', 0, 0]
R144.7b.1: ['5event', 176, 0]
R144.7b.2: ['5event', 176, 0]
ENSCSAVT00000015383: ['exon skipping', 0, 0]
>14
FBtr0089682: ['exon skipping', 0, 0]
FBtr0301181: ['exon skipping', 0, 0]
FBtr0301180: ['exon skipping', 0, 0]
FBtr0306389: ['exon skipping', 0, 0]
FBtr0306388: ['exon skipping', 0, 0]
FBtr0089680: ['exon skipping', 0, 0]
FBtr0306390: ['exon skipping', 0, 0]
R144.7a.1: ['5event', 445, 0]
R144.7b.1: ['no event', 446, 0]
R144.7b.2: ['no event', 446, 0]
ENSCSAVT00000015383: ['3event', '5event', 158, 2]
>15
FBtr0089682: ['exon skipping', 0, 0]
FBtr0301181: ['exon skipping', 0, 0]
FBtr0301180: ['exon skipping', 0, 0]
FBtr0306389: ['exon skipping', 0, 0]
FBtr0306388: ['exon skipping', 0, 0]
FBtr0089680: ['exon skipping', 0, 0]
FBtr0306390: ['exon skipping', 0, 0]
R144.7a.1: ['exon skipping', 0, 0]
R144.7b.1: ['exon skipping', 0, 0]
R144.7b.2: ['exon skipping', 0, 0]
ENSCSAVT00000015383: ['5event', 144, 1]
>16
FBtr0089682: ['exon skipping', 0, 0]
FBtr0301181: ['exon skipping', 0, 0]
FBtr0301180: ['exon skipping', 0, 0]
FBtr0306389: ['exon skipping', 0, 0]
FBtr0306388: ['exon skipping', 0, 0]
FBtr0089680: ['exon skipping', 0, 0]
FBtr0306390: ['exon skipping', 0, 0]
R144.7a.1: ['5event', 158, 2]
R144.7b.1: ['5event', 158, 2]
R144.7b.2: ['5event', 158, 2]
ENSCSAVT00000015383: ['3event', 111, 2]
>17
FBtr0089682: ['5event', ['internal gap < 30', 53, 4], 694, 1]
FBtr0301181: ['5event', ['internal gap < 30', 53, 4], 694, 1]
FBtr0301180: ['5event', ['internal gap < 30', 53, 4], 694, 1]
FBtr0306389: ['5event', ['internal gap < 30', 53, 4], 694, 1]
FBtr0306388: ['5event', ['internal gap < 30', 53, 4], 694, 1]
FBtr0089680: ['5event', ['internal gap < 30', 53, 4], 694, 1]
FBtr0306390: ['5event', ['internal gap < 30', 53, 4], 694, 1]
R144.7a.1: ['exon skipping', 0, 0]
R144.7b.1: ['exon skipping', 0, 0]
R144.7b.2: ['exon skipping', 0, 0]
ENSCSAVT00000015383: ['3event', '5event', 128, 1]
>18
FBtr0089682: ['exon skipping', 0, 0]
FBtr0301181: ['exon skipping', 0, 0]
FBtr0301180: ['exon skipping', 0, 0]
FBtr0306389: ['exon skipping', 0, 0]
FBtr0306388: ['exon skipping', 0, 0]
FBtr0089680: ['exon skipping', 0, 0]
FBtr0306390: ['exon skipping', 0, 0]
R144.7a.1: ['5event', 81, 2]
R144.7b.1: ['5event', 81, 2]
R144.7b.2: ['5event', 81, 2]
ENSCSAVT00000015383: ['exon skipping', 0, 0]
>19
FBtr0089682: ['exon skipping', 0, 0]
FBtr0301181: ['exon skipping', 0, 0]
FBtr0301180: ['exon skipping', 0, 0]
FBtr0306389: ['exon skipping', 0, 0]
FBtr0306388: ['exon skipping', 0, 0]
FBtr0089680: ['exon skipping', 0, 0]
FBtr0306390: ['exon skipping', 0, 0]
R144.7a.1: ['exon skipping', 0, 0]
R144.7b.1: ['exon skipping', 0, 0]
R144.7b.2: ['exon skipping', 0, 0]
ENSCSAVT00000015383: ['5event', 104, 0]
>20
FBtr0089682: ['exon skipping', 0, 0]
FBtr0301181: ['exon skipping', 0, 0]
FBtr0301180: ['exon skipping', 0, 0]
FBtr0306389: ['exon skipping', 0, 0]
FBtr0306388: ['exon skipping', 0, 0]
FBtr0089680: ['exon skipping', 0, 0]
FBtr0306390: ['exon skipping', 0, 0]
R144.7a.1: ['5event', 26, 0]
R144.7b.1: ['5event', 26, 0]
R144.7b.2: ['5event', 26, 0]
ENSCSAVT00000015383: ['exon skipping', 0, 0]
