>0
M01B2.1.1: ['exon skipping', 0, 0]
R09D1.12.1: ['exon skipping', 0, 0]
W04G5.6.1: ['no event', 36, 0]
M176.6a.1: ['exon skipping', 0, 0]
M176.6b.1: ['exon skipping', 0, 0]
F59F3.1.1: ['exon skipping', 0, 0]
F59F3.5.1: ['exon skipping', 0, 0]
F59F3.5.2: ['exon skipping', 0, 0]
T17A3.1.1: ['exon skipping', 0, 0]
M176.7.1: ['exon skipping', 0, 0]
M176.7.2: ['exon skipping', 0, 0]
>1
M01B2.1.1: ['exon skipping', 0, 0]
R09D1.12.1: ['exon skipping', 0, 0]
W04G5.6.1: ['exon skipping', 0, 0]
M176.6a.1: ['3event', '5event', 86, 0]
M176.6b.1: ['3event', '5event', 86, 0]
F59F3.1.1: ['5event', ['internal gap >= 30', 79, 109], 92, 0]
F59F3.5.1: ['5event', ['internal gap >= 30', 79, 109], 92, 0]
F59F3.5.2: ['5event', ['internal gap >= 30', 79, 109], 92, 0]
T17A3.1.1: ['5event', 188, 0]
M176.7.1: ['3event', '5event', 80, 0]
M176.7.2: ['3event', '5event', 80, 0]
>2
M01B2.1.1: ['exon skipping', 0, 0]
R09D1.12.1: ['exon skipping', 0, 0]
W04G5.6.1: ['exon skipping', 0, 0]
M176.6a.1: ['exon skipping', 0, 0]
M176.6b.1: ['exon skipping', 0, 0]
F59F3.1.1: [['internal gap < 30', 54, 7], 75, 0]
F59F3.5.1: [['internal gap < 30', 60, 1], 81, 0]
F59F3.5.2: [['internal gap < 30', 60, 1], 81, 0]
T17A3.1.1: [['internal gap < 30', 46, 7], 75, 0]
M176.7.1: ['exon skipping', 0, 0]
M176.7.2: ['exon skipping', 0, 0]
>3
M01B2.1.1: ['exon skipping', 0, 0]
R09D1.12.1: ['exon skipping', 0, 0]
W04G5.6.1: ['exon skipping', 0, 0]
M176.6a.1: ['exon skipping', 0, 0]
M176.6b.1: ['exon skipping', 0, 0]
F59F3.1.1: ['no event', 2, 1]
F59F3.5.1: ['exon skipping', 0, 0]
F59F3.5.2: ['exon skipping', 0, 0]
T17A3.1.1: ['exon skipping', 0, 0]
M176.7.1: ['exon skipping', 0, 0]
M176.7.2: ['exon skipping', 0, 0]
>4
M01B2.1.1: ['exon skipping', 0, 0]
R09D1.12.1: ['exon skipping', 0, 0]
W04G5.6.1: ['exon skipping', 0, 0]
M176.6a.1: ['exon skipping', 0, 0]
M176.6b.1: ['exon skipping', 0, 0]
F59F3.1.1: [['internal gap >= 30', 627, 38], 667, 1]
F59F3.5.1: ['5event', ['internal gap >= 30', 595, 41], 664, 1]
F59F3.5.2: ['5event', ['internal gap >= 30', 595, 41], 664, 1]
T17A3.1.1: ['5event', ['internal gap >= 30', 579, 86], 619, 1]
M176.7.1: ['exon skipping', 0, 0]
M176.7.2: ['exon skipping', 0, 0]
>5
M01B2.1.1: ['exon skipping', 0, 0]
R09D1.12.1: ['exon skipping', 0, 0]
W04G5.6.1: ['exon skipping', 0, 0]
M176.6a.1: ['exon skipping', 0, 0]
M176.6b.1: ['exon skipping', 0, 0]
F59F3.1.1: [['internal gap >= 30', 439, 97], 448, 0]
F59F3.5.1: [['internal gap < 30', 501, 13], 532, 0]
F59F3.5.2: [['internal gap < 30', 501, 13], 532, 0]
T17A3.1.1: [['internal gap >= 30', 412, 121], 424, 0]
M176.7.1: ['exon skipping', 0, 0]
M176.7.2: ['exon skipping', 0, 0]
>6
M01B2.1.1: ['3event', '5event', 197, 0]
R09D1.12.1: ['3event', '5event', 191, 0]
W04G5.6.1: ['exon skipping', 0, 0]
M176.6a.1: ['3event', '5event', 180, 2]
M176.6b.1: ['exon skipping', 0, 0]
F59F3.1.1: [['internal gap >= 30', 382, 97], 626, 2]
F59F3.5.1: [['internal gap >= 30', 593, 109], 614, 2]
F59F3.5.2: [['internal gap >= 30', 593, 109], 614, 2]
T17A3.1.1: [['internal gap >= 30', 532, 163], 560, 2]
M176.7.1: ['3event', '5event', 204, 2]
M176.7.2: ['3event', '5event', 204, 2]
>7
M01B2.1.1: ['exon skipping', 0, 0]
R09D1.12.1: ['exon skipping', 0, 0]
W04G5.6.1: ['exon skipping', 0, 0]
M176.6a.1: ['exon skipping', 0, 0]
M176.6b.1: ['exon skipping', 0, 0]
F59F3.1.1: [['internal gap < 30', 85, 3], 485, 2]
F59F3.5.1: [['internal gap < 30', 372, 6], 482, 2]
F59F3.5.2: [['internal gap < 30', 372, 6], 482, 2]
T17A3.1.1: [['internal gap >= 30', 339, 54], 434, 2]
M176.7.1: ['exon skipping', 0, 0]
M176.7.2: ['exon skipping', 0, 0]
>8
M01B2.1.1: ['exon skipping', 0, 0]
R09D1.12.1: ['exon skipping', 0, 0]
W04G5.6.1: ['exon skipping', 0, 0]
M176.6a.1: ['exon skipping', 0, 0]
M176.6b.1: ['exon skipping', 0, 0]
F59F3.1.1: ['no event', 2, 2]
F59F3.5.1: ['exon skipping', 0, 0]
F59F3.5.2: ['exon skipping', 0, 0]
T17A3.1.1: ['exon skipping', 0, 0]
M176.7.1: ['exon skipping', 0, 0]
M176.7.2: ['exon skipping', 0, 0]
>9
M01B2.1.1: ['5event', ['internal gap >= 30', 277, 40], 313, 2]
R09D1.12.1: ['5event', ['internal gap >= 30', 262, 55], 298, 2]
W04G5.6.1: ['5event', ['internal gap >= 30', 102, 45], 308, 1]
M176.6a.1: ['5event', ['internal gap >= 30', 172, 70], 283, 2]
M176.6b.1: ['5event', ['internal gap >= 30', 172, 70], 283, 2]
F59F3.1.1: [['internal gap >= 30', 152, 92], 261, 2]
F59F3.5.1: [['internal gap >= 30', 219, 98], 255, 2]
F59F3.5.2: [['internal gap >= 30', 219, 98], 255, 2]
T17A3.1.1: ['5event', ['internal gap >= 30', 181, 160], 193, 2]
M176.7.1: ['5event', ['internal gap >= 30', 144, 100], 253, 2]
M176.7.2: ['5event', ['internal gap >= 30', 144, 100], 253, 2]
>10
M01B2.1.1: ['no event', 135, 1]
R09D1.12.1: ['no event', 135, 1]
W04G5.6.1: ['3event', 122, 1]
M176.6a.1: [['internal gap < 30', 114, 8], 127, 1]
M176.6b.1: [['internal gap < 30', 114, 8], 127, 1]
F59F3.1.1: [['internal gap < 30', 114, 8], 127, 1]
F59F3.5.1: [['internal gap < 30', 114, 8], 127, 1]
F59F3.5.2: [['internal gap < 30', 114, 8], 127, 1]
T17A3.1.1: [['internal gap < 30', 114, 8], 127, 1]
M176.7.1: [['internal gap < 30', 114, 8], 127, 1]
M176.7.2: [['internal gap < 30', 114, 8], 127, 1]
>11
M01B2.1.1: [['internal gap >= 30', 131, 79], 218, 2]
R09D1.12.1: [['internal gap >= 30', 131, 79], 218, 2]
W04G5.6.1: ['5event', ['internal gap >= 30', 84, 126], 171, 2]
M176.6a.1: [['internal gap >= 30', 178, 32], 265, 2]
M176.6b.1: [['internal gap >= 30', 178, 32], 265, 2]
F59F3.1.1: [['internal gap < 30', 202, 8], 289, 2]
F59F3.5.1: [['internal gap >= 30', 176, 38], 259, 2]
F59F3.5.2: [['internal gap >= 30', 176, 38], 259, 2]
T17A3.1.1: [['internal gap >= 30', 118, 83], 214, 2]
M176.7.1: [['internal gap < 30', 196, 14], 283, 2]
M176.7.2: [['internal gap < 30', 196, 14], 283, 2]
>12
M01B2.1.1: ['no event', 109, 0]
R09D1.12.1: ['no event', 109, 0]
W04G5.6.1: ['no event', 109, 0]
M176.6a.1: ['no event', 109, 0]
M176.6b.1: ['no event', 109, 0]
F59F3.1.1: ['no event', 109, 0]
F59F3.5.1: ['no event', 109, 0]
F59F3.5.2: ['no event', 109, 0]
T17A3.1.1: ['3event', 93, 0]
M176.7.1: ['no event', 109, 0]
M176.7.2: ['no event', 109, 0]
>13
M01B2.1.1: [['internal gap < 30', 164, 24], 238, 2]
R09D1.12.1: [['internal gap < 30', 171, 12], 250, 2]
W04G5.6.1: [['internal gap < 30', 190, 12], 250, 2]
M176.6a.1: [['internal gap >= 30', 152, 33], 229, 2]
M176.6b.1: [['internal gap >= 30', 152, 33], 229, 2]
F59F3.1.1: [['internal gap >= 30', 152, 33], 229, 2]
F59F3.5.1: [['internal gap >= 30', 152, 33], 229, 2]
F59F3.5.2: [['internal gap >= 30', 152, 33], 229, 2]
T17A3.1.1: ['5event', ['internal gap >= 30', 132, 53], 209, 2]
M176.7.1: [['internal gap >= 30', 152, 33], 229, 2]
M176.7.2: [['internal gap >= 30', 152, 33], 229, 2]
>14
M01B2.1.1: ['3event', 101, 2]
R09D1.12.1: ['3event', 101, 2]
W04G5.6.1: ['3event', 107, 2]
M176.6a.1: ['3event', 107, 2]
M176.6b.1: ['3event', 107, 2]
F59F3.1.1: ['3event', 107, 2]
F59F3.5.1: ['3event', 107, 2]
F59F3.5.2: ['3event', 107, 2]
T17A3.1.1: [['internal gap < 30', 80, 12], 111, 2]
M176.7.1: ['3event', 107, 2]
M176.7.2: ['3event', 107, 2]
>15
M01B2.1.1: ['3event', '5event', 66, 0]
R09D1.12.1: ['3event', '5event', 66, 0]
W04G5.6.1: ['3event', '5event', 72, 0]
M176.6a.1: ['3event', '5event', 81, 0]
M176.6b.1: ['3event', '5event', 81, 0]
F59F3.1.1: ['3event', '5event', 126, 0]
F59F3.5.1: ['5event', ['internal gap >= 30', 87, 47], 95, 0]
F59F3.5.2: ['5event', ['internal gap >= 30', 87, 47], 95, 0]
T17A3.1.1: ['exon skipping', 0, 0]
M176.7.1: ['5event', ['internal gap >= 30', 71, 47], 95, 0]
M176.7.2: ['5event', ['internal gap >= 30', 71, 47], 95, 0]
>16
M01B2.1.1: ['exon skipping', 0, 0]
R09D1.12.1: ['exon skipping', 0, 0]
W04G5.6.1: ['exon skipping', 0, 0]
M176.6a.1: ['exon skipping', 0, 0]
M176.6b.1: ['exon skipping', 0, 0]
F59F3.1.1: ['5event', 38, 0]
F59F3.5.1: ['exon skipping', 0, 0]
F59F3.5.2: ['exon skipping', 0, 0]
T17A3.1.1: ['exon skipping', 0, 0]
M176.7.1: ['exon skipping', 0, 0]
M176.7.2: ['exon skipping', 0, 0]
