>0
FBtr0273369: ['5event', ['internal gap >= 30', 27, 39], 66, 0]
FBtr0082176: ['3event', '5event', 85, 0]
FBtr0082202: ['3event', 90, 0]
>1
FBtr0273369: ['exon skipping', 0, 0]
FBtr0082176: ['exon skipping', 0, 0]
FBtr0082202: ['5event', 3, 0]
>2
FBtr0273369: ['3event', '5event', 398, 1]
FBtr0082176: ['3event', '5event', 410, 1]
FBtr0082202: [['internal gap >= 30', 375, 128], 404, 1]
>3
FBtr0273369: ['5event', 12, 0]
FBtr0082176: ['exon skipping', 0, 0]
FBtr0082202: ['exon skipping', 0, 0]
>4
FBtr0273369: ['no event', 20, 1]
FBtr0082176: ['exon skipping', 0, 0]
FBtr0082202: ['5event', 19, 1]
>5
FBtr0273369: ['no event', 5, 0]
FBtr0082176: ['exon skipping', 0, 0]
FBtr0082202: ['exon skipping', 0, 0]
