>0
F08D12.9.1: ['exon skipping', 0, 0]
F08D12.10.1: ['exon skipping', 0, 0]
F08D12.11.1: ['exon skipping', 0, 0]
F18A12.7.1: ['no event', 101, 0]
F29A7.1a.1: ['exon skipping', 0, 0]
F29A7.1b.1: ['exon skipping', 0, 0]
F29A7.2.1: ['exon skipping', 0, 0]
F08D12.8.1: ['exon skipping', 0, 0]
F08D12.6.1: ['exon skipping', 0, 0]
F53C3.2.1: ['exon skipping', 0, 0]
Y49F6B.7.1: ['exon skipping', 0, 0]
>1
F08D12.9.1: ['exon skipping', 0, 0]
F08D12.10.1: ['exon skipping', 0, 0]
F08D12.11.1: ['exon skipping', 0, 0]
F18A12.7.1: ['exon skipping', 0, 0]
F29A7.1a.1: ['exon skipping', 0, 0]
F29A7.1b.1: ['exon skipping', 0, 0]
F29A7.2.1: ['5event', 49, 0]
F08D12.8.1: ['exon skipping', 0, 0]
F08D12.6.1: ['exon skipping', 0, 0]
F53C3.2.1: ['exon skipping', 0, 0]
Y49F6B.7.1: ['exon skipping', 0, 0]
>2
F08D12.9.1: ['exon skipping', 0, 0]
F08D12.10.1: ['exon skipping', 0, 0]
F08D12.11.1: ['exon skipping', 0, 0]
F18A12.7.1: ['5event', 389, 0]
F29A7.1a.1: ['exon skipping', 0, 0]
F29A7.1b.1: ['exon skipping', 0, 0]
F29A7.2.1: ['exon skipping', 0, 0]
F08D12.8.1: ['exon skipping', 0, 0]
F08D12.6.1: ['exon skipping', 0, 0]
F53C3.2.1: ['exon skipping', 0, 0]
Y49F6B.7.1: ['exon skipping', 0, 0]
>3
F08D12.9.1: ['5event', ['internal gap < 30', 25, 4], 83, 0]
F08D12.10.1: ['5event', 86, 0]
F08D12.11.1: ['5event', ['internal gap < 30', 25, 7], 80, 0]
F18A12.7.1: [['internal gap < 30', 32, 21], 66, 0]
F29A7.1a.1: ['5event', ['internal gap < 30', 25, 7], 80, 0]
F29A7.1b.1: ['exon skipping', 0, 0]
F29A7.2.1: ['exon skipping', 0, 0]
F08D12.8.1: ['5event', ['internal gap < 30', 25, 7], 80, 0]
F08D12.6.1: ['5event', ['internal gap < 30', 25, 7], 80, 0]
F53C3.2.1: ['5event', ['internal gap < 30', 25, 7], 80, 0]
Y49F6B.7.1: ['5event', ['internal gap < 30', 55, 14], 73, 0]
>4
F08D12.9.1: ['exon skipping', 0, 0]
F08D12.10.1: ['exon skipping', 0, 0]
F08D12.11.1: ['exon skipping', 0, 0]
F18A12.7.1: ['5event', 36, 2]
F29A7.1a.1: ['exon skipping', 0, 0]
F29A7.1b.1: ['exon skipping', 0, 0]
F29A7.2.1: ['exon skipping', 0, 0]
F08D12.8.1: ['exon skipping', 0, 0]
F08D12.6.1: ['exon skipping', 0, 0]
F53C3.2.1: ['exon skipping', 0, 0]
Y49F6B.7.1: ['exon skipping', 0, 0]
>5
F08D12.9.1: ['exon skipping', 0, 0]
F08D12.10.1: ['exon skipping', 0, 0]
F08D12.11.1: ['exon skipping', 0, 0]
F18A12.7.1: ['no event', 38, 0]
F29A7.1a.1: ['exon skipping', 0, 0]
F29A7.1b.1: ['exon skipping', 0, 0]
F29A7.2.1: ['exon skipping', 0, 0]
F08D12.8.1: ['exon skipping', 0, 0]
F08D12.6.1: ['exon skipping', 0, 0]
F53C3.2.1: ['exon skipping', 0, 0]
Y49F6B.7.1: ['exon skipping', 0, 0]
>6
F08D12.9.1: ['exon skipping', 0, 0]
F08D12.10.1: ['exon skipping', 0, 0]
F08D12.11.1: ['exon skipping', 0, 0]
F18A12.7.1: ['no event', 89, 0]
F29A7.1a.1: ['exon skipping', 0, 0]
F29A7.1b.1: ['exon skipping', 0, 0]
F29A7.2.1: ['exon skipping', 0, 0]
F08D12.8.1: ['exon skipping', 0, 0]
F08D12.6.1: ['exon skipping', 0, 0]
F53C3.2.1: ['exon skipping', 0, 0]
Y49F6B.7.1: ['exon skipping', 0, 0]
>7
F08D12.9.1: ['exon skipping', 0, 0]
F08D12.10.1: ['exon skipping', 0, 0]
F08D12.11.1: ['exon skipping', 0, 0]
F18A12.7.1: ['no event', 310, 0]
F29A7.1a.1: ['exon skipping', 0, 0]
F29A7.1b.1: ['exon skipping', 0, 0]
F29A7.2.1: ['exon skipping', 0, 0]
F08D12.8.1: ['exon skipping', 0, 0]
F08D12.6.1: ['exon skipping', 0, 0]
F53C3.2.1: ['exon skipping', 0, 0]
Y49F6B.7.1: ['exon skipping', 0, 0]
>8
F08D12.9.1: ['exon skipping', 0, 0]
F08D12.10.1: ['exon skipping', 0, 0]
F08D12.11.1: ['exon skipping', 0, 0]
F18A12.7.1: ['no event', 47, 2]
F29A7.1a.1: ['exon skipping', 0, 0]
F29A7.1b.1: ['exon skipping', 0, 0]
F29A7.2.1: ['exon skipping', 0, 0]
F08D12.8.1: ['exon skipping', 0, 0]
F08D12.6.1: ['exon skipping', 0, 0]
F53C3.2.1: ['exon skipping', 0, 0]
Y49F6B.7.1: ['exon skipping', 0, 0]
>9
F08D12.9.1: ['3event', '5event', 940, 2]
F08D12.10.1: ['3event', '5event', 976, 2]
F08D12.11.1: ['3event', '5event', 874, 2]
F18A12.7.1: ['3event', 914, 2]
F29A7.1a.1: ['3event', '5event', 889, 2]
F29A7.1b.1: ['3event', '5event', 756, 0]
F29A7.2.1: ['3event', '5event', 874, 2]
F08D12.8.1: ['3event', '5event', 919, 2]
F08D12.6.1: ['5event', ['internal gap >= 30', 907, 909], 1235, 2]
F53C3.2.1: ['3event', '5event', 846, 2]
Y49F6B.7.1: ['3event', '5event', 919, 2]
>10
F08D12.9.1: ['exon skipping', 0, 0]
F08D12.10.1: ['exon skipping', 0, 0]
F08D12.11.1: ['exon skipping', 0, 0]
F18A12.7.1: ['exon skipping', 0, 0]
F29A7.1a.1: ['5event', 14, 0]
F29A7.1b.1: ['5event', 14, 0]
F29A7.2.1: ['exon skipping', 0, 0]
F08D12.8.1: ['exon skipping', 0, 0]
F08D12.6.1: ['exon skipping', 0, 0]
F53C3.2.1: ['3event', '5event', 15, 2]
Y49F6B.7.1: ['exon skipping', 0, 0]
>11
F08D12.9.1: ['exon skipping', 0, 0]
F08D12.10.1: ['exon skipping', 0, 0]
F08D12.11.1: ['exon skipping', 0, 0]
F18A12.7.1: ['3event', '5event', 10, 2]
F29A7.1a.1: ['exon skipping', 0, 0]
F29A7.1b.1: ['exon skipping', 0, 0]
F29A7.2.1: ['exon skipping', 0, 0]
F08D12.8.1: ['exon skipping', 0, 0]
F08D12.6.1: ['3event', '5event', 167, 2]
F53C3.2.1: ['5event', ['internal gap >= 30', 7, 151], 23, 2]
Y49F6B.7.1: ['exon skipping', 0, 0]
>12
F08D12.9.1: ['exon skipping', 0, 0]
F08D12.10.1: ['exon skipping', 0, 0]
F08D12.11.1: ['exon skipping', 0, 0]
F18A12.7.1: ['exon skipping', 0, 0]
F29A7.1a.1: ['exon skipping', 0, 0]
F29A7.1b.1: ['exon skipping', 0, 0]
F29A7.2.1: ['exon skipping', 0, 0]
F08D12.8.1: ['exon skipping', 0, 0]
F08D12.6.1: ['5event', 13, 1]
F53C3.2.1: ['3event', 11, 2]
Y49F6B.7.1: ['exon skipping', 0, 0]
