>0
FBtr0077413: ['no event', 14, 0]
FBtr0077412: ['no event', 14, 0]
F37C12.2.1: ['exon skipping', 0, 0]
F37C12.2.2: ['exon skipping', 0, 0]
F37C12.2.3: ['exon skipping', 0, 0]
F37C12.2.4: ['exon skipping', 0, 0]
>1
FBtr0077413: ['exon skipping', 0, 0]
FBtr0077412: ['exon skipping', 0, 0]
F37C12.2.1: ['5event', 68, 0]
F37C12.2.2: ['5event', 68, 0]
F37C12.2.3: ['5event', 68, 0]
F37C12.2.4: ['5event', 68, 0]
>2
FBtr0077413: ['exon skipping', 0, 0]
FBtr0077412: ['exon skipping', 0, 0]
F37C12.2.1: ['no event', 154, 0]
F37C12.2.2: ['no event', 154, 0]
F37C12.2.3: ['no event', 154, 0]
F37C12.2.4: ['no event', 154, 0]
>3
FBtr0077413: ['3event', '5event', 299, 0]
FBtr0077412: ['3event', '5event', 299, 0]
F37C12.2.1: [['internal gap >= 30', 218, 78], 239, 2]
F37C12.2.2: [['internal gap >= 30', 218, 78], 239, 2]
F37C12.2.3: [['internal gap >= 30', 218, 78], 239, 2]
F37C12.2.4: [['internal gap >= 30', 218, 78], 239, 2]
>4
FBtr0077413: ['5event', 674, 2]
FBtr0077412: ['5event', 674, 2]
F37C12.2.1: ['exon skipping', 0, 0]
F37C12.2.2: ['exon skipping', 0, 0]
F37C12.2.3: ['exon skipping', 0, 0]
F37C12.2.4: ['exon skipping', 0, 0]
>5
FBtr0077413: ['exon skipping', 0, 0]
FBtr0077412: ['exon skipping', 0, 0]
F37C12.2.1: ['5event', 143, 2]
F37C12.2.2: ['5event', 143, 2]
F37C12.2.3: ['5event', 143, 2]
F37C12.2.4: ['5event', 143, 2]
>6
FBtr0077413: ['exon skipping', 0, 0]
FBtr0077412: ['exon skipping', 0, 0]
F37C12.2.1: ['no event', 189, 2]
F37C12.2.2: ['no event', 189, 2]
F37C12.2.3: ['no event', 189, 2]
F37C12.2.4: ['no event', 189, 2]
>7
FBtr0077413: ['5event', 501, 2]
FBtr0077412: ['5event', 501, 2]
F37C12.2.1: ['exon skipping', 0, 0]
F37C12.2.2: ['exon skipping', 0, 0]
F37C12.2.3: ['exon skipping', 0, 0]
F37C12.2.4: ['exon skipping', 0, 0]
>8
FBtr0077413: ['exon skipping', 0, 0]
FBtr0077412: ['exon skipping', 0, 0]
F37C12.2.1: ['5event', 149, 0]
F37C12.2.2: ['5event', 149, 0]
F37C12.2.3: ['5event', 149, 0]
F37C12.2.4: ['5event', 149, 0]
