>0
B0334.10.1: ['no event', 356, 0]
B0273.1a.1: ['no event', 356, 0]
B0273.1b.1: ['exon skipping', 0, 0]
>1
B0334.10.1: ['exon skipping', 0, 0]
B0273.1a.1: ['no event', 103, 0]
B0273.1b.1: ['5event', 72, 0]
>2
B0334.10.1: ['exon skipping', 0, 0]
B0273.1a.1: ['no event', 114, 1]
B0273.1b.1: ['no event', 114, 1]
>3
B0334.10.1: ['5event', 14, 0]
B0273.1a.1: ['exon skipping', 0, 0]
B0273.1b.1: ['exon skipping', 0, 0]
>4
B0334.10.1: [['internal gap < 30', 20, 2], 125, 0]
B0273.1a.1: ['5event', ['internal gap >= 30', 90, 31], 96, 2]
B0273.1b.1: ['5event', ['internal gap >= 30', 90, 31], 96, 2]
>5
B0334.10.1: ['no event', 51, 2]
B0273.1a.1: ['exon skipping', 0, 0]
B0273.1b.1: ['exon skipping', 0, 0]
