>0
FBtr0088997: ['exon skipping', 0, 0]
FBtr0299995: ['no event', 1058, 0]
Y94H6A.9a.1: ['exon skipping', 0, 0]
Y94H6A.9b.1: ['exon skipping', 0, 0]
Y94H6A.9c.1: ['exon skipping', 0, 0]
Y94H6A.9d.1: ['exon skipping', 0, 0]
>1
FBtr0088997: ['exon skipping', 0, 0]
FBtr0299995: ['exon skipping', 0, 0]
Y94H6A.9a.1: ['5event', 10, 0]
Y94H6A.9b.1: ['exon skipping', 0, 0]
Y94H6A.9c.1: ['exon skipping', 0, 0]
Y94H6A.9d.1: ['5event', 10, 0]
>2
FBtr0088997: ['3event', '5event', 102, 0]
FBtr0299995: ['exon skipping', 0, 0]
Y94H6A.9a.1: [['internal gap >= 30', 42, 32], 110, 2]
Y94H6A.9b.1: ['exon skipping', 0, 0]
Y94H6A.9c.1: ['exon skipping', 0, 0]
Y94H6A.9d.1: [['internal gap >= 30', 42, 32], 110, 2]
>3
FBtr0088997: ['5event', 209, 0]
FBtr0299995: ['exon skipping', 0, 0]
Y94H6A.9a.1: [['internal gap >= 30', 128, 62], 149, 2]
Y94H6A.9b.1: ['exon skipping', 0, 0]
Y94H6A.9c.1: ['exon skipping', 0, 0]
Y94H6A.9d.1: [['internal gap >= 30', 128, 62], 149, 2]
>4
FBtr0088997: ['no event', 4, 0]
FBtr0299995: ['exon skipping', 0, 0]
Y94H6A.9a.1: ['exon skipping', 0, 0]
Y94H6A.9b.1: ['exon skipping', 0, 0]
Y94H6A.9c.1: ['exon skipping', 0, 0]
Y94H6A.9d.1: ['exon skipping', 0, 0]
>5
FBtr0088997: ['no event', 316, 2]
FBtr0299995: ['exon skipping', 0, 0]
Y94H6A.9a.1: ['exon skipping', 0, 0]
Y94H6A.9b.1: ['exon skipping', 0, 0]
Y94H6A.9c.1: ['exon skipping', 0, 0]
Y94H6A.9d.1: ['exon skipping', 0, 0]
>6
FBtr0088997: [['internal gap < 30', 56, 6], 114, 1]
FBtr0299995: ['exon skipping', 0, 0]
Y94H6A.9a.1: ['5event', ['internal gap < 30', 64, 14], 106, 0]
Y94H6A.9b.1: ['5event', ['internal gap >= 30', 10, 68], 52, 0]
Y94H6A.9c.1: ['exon skipping', 0, 0]
Y94H6A.9d.1: ['5event', ['internal gap < 30', 64, 14], 106, 0]
>7
FBtr0088997: [['internal gap >= 30', 259, 1861], 344, 2]
FBtr0299995: ['exon skipping', 0, 0]
Y94H6A.9a.1: [['internal gap >= 30', 298, 1822], 383, 2]
Y94H6A.9b.1: [['internal gap >= 30', 298, 1822], 383, 2]
Y94H6A.9c.1: ['exon skipping', 0, 0]
Y94H6A.9d.1: ['3event', 365, 2]
>8
FBtr0088997: ['3event', 132, 2]
FBtr0299995: ['exon skipping', 0, 0]
Y94H6A.9a.1: [['internal gap < 30', 94, 7], 146, 2]
Y94H6A.9b.1: [['internal gap < 30', 94, 7], 146, 2]
Y94H6A.9c.1: ['5event', ['internal gap < 30', 79, 22], 131, 0]
Y94H6A.9d.1: ['exon skipping', 0, 0]
