>0
R06C7.4.1: ['no event', 39, 0]
R06C7.4.2: ['no event', 39, 0]
R06C7.4.3: ['no event', 39, 0]
Y54G2A.36.1: ['exon skipping', 0, 0]
Y54G2A.36.2: ['exon skipping', 0, 0]
Y54G2A.36.3: ['exon skipping', 0, 0]
Y54G2A.36.4: ['exon skipping', 0, 0]
F52E1.5.1: ['exon skipping', 0, 0]
F52E1.5.2: ['exon skipping', 0, 0]
>1
R06C7.4.1: ['exon skipping', 0, 0]
R06C7.4.2: ['exon skipping', 0, 0]
R06C7.4.3: ['exon skipping', 0, 0]
Y54G2A.36.1: ['exon skipping', 0, 0]
Y54G2A.36.2: ['exon skipping', 0, 0]
Y54G2A.36.3: ['exon skipping', 0, 0]
Y54G2A.36.4: ['exon skipping', 0, 0]
F52E1.5.1: ['5event', 207, 0]
F52E1.5.2: ['5event', 207, 0]
>2
R06C7.4.1: ['5event', 379, 1]
R06C7.4.2: ['5event', 379, 1]
R06C7.4.3: ['5event', 379, 1]
Y54G2A.36.1: ['exon skipping', 0, 0]
Y54G2A.36.2: ['exon skipping', 0, 0]
Y54G2A.36.3: ['exon skipping', 0, 0]
Y54G2A.36.4: ['exon skipping', 0, 0]
F52E1.5.1: ['exon skipping', 0, 0]
F52E1.5.2: ['exon skipping', 0, 0]
>3
R06C7.4.1: ['exon skipping', 0, 0]
R06C7.4.2: ['exon skipping', 0, 0]
R06C7.4.3: ['exon skipping', 0, 0]
Y54G2A.36.1: ['exon skipping', 0, 0]
Y54G2A.36.2: ['exon skipping', 0, 0]
Y54G2A.36.3: ['exon skipping', 0, 0]
Y54G2A.36.4: ['exon skipping', 0, 0]
F52E1.5.1: ['5event', 214, 1]
F52E1.5.2: ['5event', 214, 1]
>4
R06C7.4.1: ['5event', 50, 0]
R06C7.4.2: ['5event', 50, 0]
R06C7.4.3: ['5event', 50, 0]
Y54G2A.36.1: ['exon skipping', 0, 0]
Y54G2A.36.2: ['exon skipping', 0, 0]
Y54G2A.36.3: ['exon skipping', 0, 0]
Y54G2A.36.4: ['exon skipping', 0, 0]
F52E1.5.1: ['exon skipping', 0, 0]
F52E1.5.2: ['exon skipping', 0, 0]
>5
R06C7.4.1: ['3event', 409, 0]
R06C7.4.2: ['3event', 409, 0]
R06C7.4.3: ['3event', 409, 0]
Y54G2A.36.1: ['5event', ['internal gap >= 30', 307, 148], 386, 0]
Y54G2A.36.2: ['5event', ['internal gap >= 30', 307, 148], 386, 0]
Y54G2A.36.3: ['5event', ['internal gap >= 30', 307, 148], 386, 0]
Y54G2A.36.4: ['5event', ['internal gap >= 30', 307, 148], 386, 0]
F52E1.5.1: ['5event', ['internal gap >= 30', 314, 211], 323, 0]
F52E1.5.2: ['5event', ['internal gap >= 30', 314, 211], 323, 0]
