>0
Y1H11.1.1: ['exon skipping', 0, 0]
F21H7.1.1: ['exon skipping', 0, 0]
Y1H11.2.1: ['exon skipping', 0, 0]
ZK697.6a.1: ['exon skipping', 0, 0]
ZK697.6b.1: ['no event', 15, 0]
K08F4.11.1: ['exon skipping', 0, 0]
>1
Y1H11.1.1: ['exon skipping', 0, 0]
F21H7.1.1: ['exon skipping', 0, 0]
Y1H11.2.1: ['exon skipping', 0, 0]
ZK697.6a.1: ['exon skipping', 0, 0]
ZK697.6b.1: ['no event', 19, 1]
K08F4.11.1: ['exon skipping', 0, 0]
>2
Y1H11.1.1: ['5event', ['internal gap < 30', 107, 16], 159, 0]
F21H7.1.1: ['5event', ['internal gap < 30', 107, 16], 159, 0]
Y1H11.2.1: ['5event', ['internal gap < 30', 107, 16], 159, 0]
ZK697.6a.1: ['5event', ['internal gap < 30', 148, 15], 160, 0]
ZK697.6b.1: [['internal gap < 30', 150, 13], 162, 0]
K08F4.11.1: ['5event', ['internal gap >= 30', 105, 43], 132, 0]
>3
Y1H11.1.1: ['exon skipping', 0, 0]
F21H7.1.1: ['exon skipping', 0, 0]
Y1H11.2.1: ['exon skipping', 0, 0]
ZK697.6a.1: ['exon skipping', 0, 0]
ZK697.6b.1: ['exon skipping', 0, 0]
K08F4.11.1: ['no event', 92, 1]
>4
Y1H11.1.1: ['exon skipping', 0, 0]
F21H7.1.1: ['exon skipping', 0, 0]
Y1H11.2.1: ['exon skipping', 0, 0]
ZK697.6a.1: ['exon skipping', 0, 0]
ZK697.6b.1: ['exon skipping', 0, 0]
K08F4.11.1: ['no event', 127, 1]
>5
Y1H11.1.1: ['5event', ['internal gap < 30', 404, 6], 496, 1]
F21H7.1.1: ['5event', ['internal gap < 30', 404, 6], 496, 1]
Y1H11.2.1: ['5event', ['internal gap < 30', 404, 6], 496, 1]
ZK697.6a.1: ['5event', 499, 1]
ZK697.6b.1: ['5event', 499, 1]
K08F4.11.1: [['internal gap >= 30', 180, 230], 272, 0]
