>0
FBtr0100288: ['5event', 9, 0]
FBtr0339240: ['exon skipping', 0, 0]
FBtr0100553: ['exon skipping', 0, 0]
FBtr0078908: ['exon skipping', 0, 0]
FBtr0339239: ['exon skipping', 0, 0]
FBtr0100441: ['exon skipping', 0, 0]
FBtr0344267: ['exon skipping', 0, 0]
FBtr0347561: ['exon skipping', 0, 0]
FBtr0085172: ['exon skipping', 0, 0]
FBtr0112478: ['3event', '5event', 10, 0]
FBtr0347115: ['3event', '5event', 10, 0]
FBtr0303466: ['3event', 13, 0]
FBtr0079714: ['5event', 9, 0]
FBtr0331993: ['5event', 9, 0]
FBtr0331994: ['5event', 9, 0]
FBtr0079713: ['5event', 9, 0]
>1
FBtr0100288: ['3event', 273, 1]
FBtr0339240: ['3event', '5event', 309, 0]
FBtr0100553: ['3event', '5event', 309, 0]
FBtr0078908: ['3event', '5event', 291, 0]
FBtr0339239: ['5event', ['internal gap >= 30', 272, 1046], 279, 0]
FBtr0100441: ['5event', ['internal gap >= 30', 272, 1046], 279, 0]
FBtr0344267: ['5event', ['internal gap >= 30', 272, 1046], 279, 0]
FBtr0347561: ['5event', ['internal gap >= 30', 156, 1032], 293, 0]
FBtr0085172: ['5event', ['internal gap >= 30', 156, 1032], 293, 0]
FBtr0112478: ['3event', '5event', 272, 1]
FBtr0347115: ['3event', '5event', 272, 1]
FBtr0303466: ['3event', '5event', 281, 1]
FBtr0079714: ['3event', 270, 1]
FBtr0331993: ['3event', 264, 1]
FBtr0331994: ['3event', 270, 1]
FBtr0079713: ['3event', 267, 1]
>2
FBtr0100288: ['exon skipping', 0, 0]
FBtr0339240: ['exon skipping', 0, 0]
FBtr0100553: ['exon skipping', 0, 0]
FBtr0078908: ['exon skipping', 0, 0]
FBtr0339239: ['exon skipping', 0, 0]
FBtr0100441: ['exon skipping', 0, 0]
FBtr0344267: ['exon skipping', 0, 0]
FBtr0347561: ['exon skipping', 0, 0]
FBtr0085172: ['exon skipping', 0, 0]
FBtr0112478: ['exon skipping', 0, 0]
FBtr0347115: ['exon skipping', 0, 0]
FBtr0303466: ['5event', 23, 0]
FBtr0079714: ['exon skipping', 0, 0]
FBtr0331993: ['exon skipping', 0, 0]
FBtr0331994: ['exon skipping', 0, 0]
FBtr0079713: ['exon skipping', 0, 0]
