>0
FBtr0345320: ['exon skipping', 0, 0]
FBtr0100552: ['exon skipping', 0, 0]
FBtr0100551: ['exon skipping', 0, 0]
FBtr0070713: ['exon skipping', 0, 0]
FBtr0070714: ['exon skipping', 0, 0]
K06C4.17.1: ['no event', 68, 0]
>1
FBtr0345320: ['exon skipping', 0, 0]
FBtr0100552: ['exon skipping', 0, 0]
FBtr0100551: ['exon skipping', 0, 0]
FBtr0070713: ['exon skipping', 0, 0]
FBtr0070714: ['exon skipping', 0, 0]
K06C4.17.1: ['no event', 59, 0]
>2
FBtr0345320: ['5event', ['internal gap < 30', 14, 19], 199, 0]
FBtr0100552: ['5event', ['internal gap < 30', 14, 19], 199, 0]
FBtr0100551: ['5event', ['internal gap < 30', 14, 19], 199, 0]
FBtr0070713: ['5event', ['internal gap < 30', 14, 19], 199, 0]
FBtr0070714: ['5event', ['internal gap < 30', 14, 19], 199, 0]
K06C4.17.1: ['3event', 143, 0]
>3
FBtr0345320: ['exon skipping', 0, 0]
FBtr0100552: ['exon skipping', 0, 0]
FBtr0100551: ['exon skipping', 0, 0]
FBtr0070713: ['exon skipping', 0, 0]
FBtr0070714: ['exon skipping', 0, 0]
K06C4.17.1: ['5event', 91, 0]
>4
FBtr0345320: ['exon skipping', 0, 0]
FBtr0100552: ['exon skipping', 0, 0]
FBtr0100551: ['exon skipping', 0, 0]
FBtr0070713: ['exon skipping', 0, 0]
FBtr0070714: ['exon skipping', 0, 0]
K06C4.17.1: ['no event', 153, 2]
>5
FBtr0345320: ['exon skipping', 0, 0]
FBtr0100552: ['exon skipping', 0, 0]
FBtr0100551: ['exon skipping', 0, 0]
FBtr0070713: ['exon skipping', 0, 0]
FBtr0070714: ['exon skipping', 0, 0]
K06C4.17.1: ['no event', 103, 0]
>6
FBtr0345320: ['3event', '5event', 173, 2]
FBtr0100552: ['3event', '5event', 173, 2]
FBtr0100551: ['3event', '5event', 173, 2]
FBtr0070713: ['3event', '5event', 173, 2]
FBtr0070714: ['3event', '5event', 173, 2]
K06C4.17.1: [['internal gap < 30', 85, 13], 186, 2]
>7
FBtr0345320: ['5event', ['internal gap >= 30', 12, 37], 116, 1]
FBtr0100552: ['5event', ['internal gap >= 30', 12, 37], 116, 1]
FBtr0100551: ['5event', ['internal gap >= 30', 12, 37], 116, 1]
FBtr0070713: ['5event', ['internal gap >= 30', 12, 37], 116, 1]
FBtr0070714: ['5event', ['internal gap >= 30', 12, 37], 116, 1]
K06C4.17.1: ['3event', 127, 0]
>8
FBtr0345320: ['no event', 287, 1]
FBtr0100552: ['no event', 287, 1]
FBtr0100551: ['no event', 287, 1]
FBtr0070713: ['no event', 287, 1]
FBtr0070714: ['no event', 287, 1]
K06C4.17.1: ['exon skipping', 0, 0]
>9
FBtr0345320: ['no event', 226, 1]
FBtr0100552: ['no event', 226, 1]
FBtr0100551: ['no event', 226, 1]
FBtr0070713: ['no event', 226, 1]
FBtr0070714: ['no event', 226, 1]
K06C4.17.1: ['exon skipping', 0, 0]
>10
FBtr0345320: ['3event', 207, 0]
FBtr0100552: ['3event', 207, 0]
FBtr0100551: ['3event', 207, 0]
FBtr0070713: ['3event', 207, 0]
FBtr0070714: ['3event', 207, 0]
K06C4.17.1: ['5event', ['internal gap >= 30', 81, 72], 167, 0]
>11
FBtr0345320: ['5event', 425, 0]
FBtr0100552: ['5event', 425, 0]
FBtr0100551: ['5event', 425, 0]
FBtr0070713: ['5event', 425, 0]
FBtr0070714: ['5event', 425, 0]
K06C4.17.1: ['exon skipping', 0, 0]
