>0
FBtr0079066: ['5event', ['internal gap < 30', 94, 6], 201, 0]
FBtr0079068: ['5event', ['internal gap < 30', 94, 6], 201, 0]
FBtr0300456: [['internal gap < 30', 97, 3], 204, 0]
FBtr0088593: ['5event', 198, 0]
FBtr0088592: ['5event', 198, 0]
FBtr0088591: ['5event', 204, 0]
>1
FBtr0079066: ['no event', 203, 1]
FBtr0079068: ['no event', 203, 1]
FBtr0300456: ['no event', 203, 1]
FBtr0088593: [['internal gap < 30', 28, 3], 200, 1]
FBtr0088592: [['internal gap < 30', 28, 3], 200, 1]
FBtr0088591: [['internal gap < 30', 28, 3], 200, 1]
>2
FBtr0079066: ['no event', 81, 1]
FBtr0079068: ['no event', 81, 1]
FBtr0300456: ['no event', 81, 1]
FBtr0088593: ['no event', 81, 1]
FBtr0088592: ['no event', 81, 1]
FBtr0088591: ['no event', 81, 1]
>3
FBtr0079066: ['no event', 100, 2]
FBtr0079068: ['no event', 100, 2]
FBtr0300456: ['no event', 100, 2]
FBtr0088593: ['no event', 100, 2]
FBtr0088592: ['no event', 100, 2]
FBtr0088591: ['no event', 100, 2]
>4
FBtr0079066: [['internal gap >= 30', 780, 250], 940, 1]
FBtr0079068: [['internal gap >= 30', 780, 250], 940, 1]
FBtr0300456: ['3event', 939, 1]
FBtr0088593: ['3event', 966, 1]
FBtr0088592: ['3event', 960, 1]
FBtr0088591: [['internal gap >= 30', 809, 220], 970, 1]
>5
FBtr0079066: ['exon skipping', 0, 0]
FBtr0079068: ['exon skipping', 0, 0]
FBtr0300456: ['5event', 5, 0]
FBtr0088593: ['exon skipping', 0, 0]
FBtr0088592: ['exon skipping', 0, 0]
FBtr0088591: ['exon skipping', 0, 0]
