>0
FBtr0071548: ['exon skipping', 0, 0]
FBtr0307487: ['exon skipping', 0, 0]
FBtr0071450: ['exon skipping', 0, 0]
FBtr0088477: ['exon skipping', 0, 0]
ZK686.5.1: ['no event', 46, 0]
>1
FBtr0071548: ['5event', 2, 0]
FBtr0307487: ['exon skipping', 0, 0]
FBtr0071450: ['exon skipping', 0, 0]
FBtr0088477: ['exon skipping', 0, 0]
ZK686.5.1: ['exon skipping', 0, 0]
>2
FBtr0071548: [['internal gap < 30', 63, 16], 120, 0]
FBtr0307487: ['5event', ['internal gap < 30', 110, 14], 122, 0]
FBtr0071450: ['5event', ['internal gap < 30', 110, 14], 122, 0]
FBtr0088477: ['exon skipping', 0, 0]
ZK686.5.1: ['3event', '5event', 100, 2]
>3
FBtr0071548: ['exon skipping', 0, 0]
FBtr0307487: ['no event', 420, 0]
FBtr0071450: ['no event', 420, 0]
FBtr0088477: ['exon skipping', 0, 0]
ZK686.5.1: ['exon skipping', 0, 0]
>4
FBtr0071548: ['exon skipping', 0, 0]
FBtr0307487: ['exon skipping', 0, 0]
FBtr0071450: ['exon skipping', 0, 0]
FBtr0088477: ['exon skipping', 0, 0]
ZK686.5.1: ['5event', 78, 0]
>5
FBtr0071548: ['exon skipping', 0, 0]
FBtr0307487: ['exon skipping', 0, 0]
FBtr0071450: ['exon skipping', 0, 0]
FBtr0088477: ['5event', ['internal gap >= 30', 170, 58], 218, 0]
ZK686.5.1: [['internal gap >= 30', 216, 52], 224, 1]
>6
FBtr0071548: ['5event', 14, 0]
FBtr0307487: ['exon skipping', 0, 0]
FBtr0071450: ['exon skipping', 0, 0]
FBtr0088477: ['no event', 15, 0]
ZK686.5.1: ['exon skipping', 0, 0]
>7
FBtr0071548: ['exon skipping', 0, 0]
FBtr0307487: ['exon skipping', 0, 0]
FBtr0071450: ['exon skipping', 0, 0]
FBtr0088477: ['no event', 8, 0]
ZK686.5.1: ['exon skipping', 0, 0]
>8
FBtr0071548: ['5event', ['internal gap < 30', 713, 15], 751, 0]
FBtr0307487: ['5event', ['internal gap >= 30', 376, 322], 444, 1]
FBtr0071450: ['5event', ['internal gap >= 30', 376, 322], 444, 1]
FBtr0088477: ['exon skipping', 0, 0]
ZK686.5.1: ['exon skipping', 0, 0]
>9
FBtr0071548: ['exon skipping', 0, 0]
FBtr0307487: ['exon skipping', 0, 0]
FBtr0071450: ['exon skipping', 0, 0]
FBtr0088477: ['5event', 8, 0]
ZK686.5.1: ['exon skipping', 0, 0]
>10
FBtr0071548: ['3event', '5event', 586, 2]
FBtr0307487: ['5event', ['internal gap >= 30', 644, 338], 753, 2]
FBtr0071450: ['5event', ['internal gap >= 30', 644, 338], 753, 2]
FBtr0088477: ['3event', 910, 0]
ZK686.5.1: ['3event', '5event', 342, 0]
>11
FBtr0071548: ['5event', 233, 0]
FBtr0307487: ['exon skipping', 0, 0]
FBtr0071450: ['exon skipping', 0, 0]
FBtr0088477: ['exon skipping', 0, 0]
ZK686.5.1: ['exon skipping', 0, 0]
