>0
F42A9.5.1: ['no event', 81, 0]
C49C8.4.1: ['no event', 81, 0]
C49C8.4.2: ['no event', 81, 0]
F42A9.4.1: ['no event', 81, 0]
>1
F42A9.5.1: ['no event', 84, 1]
C49C8.4.1: ['no event', 84, 1]
C49C8.4.2: ['no event', 84, 1]
F42A9.4.1: ['no event', 84, 1]
>2
F42A9.5.1: ['no event', 148, 2]
C49C8.4.1: ['no event', 148, 2]
C49C8.4.2: ['no event', 148, 2]
F42A9.4.1: ['no event', 148, 2]
>3
F42A9.5.1: ['no event', 112, 1]
C49C8.4.1: ['no event', 112, 1]
C49C8.4.2: ['no event', 112, 1]
F42A9.4.1: ['exon skipping', 0, 0]
>4
F42A9.5.1: ['no event', 131, 0]
C49C8.4.1: ['no event', 131, 0]
C49C8.4.2: ['no event', 131, 0]
F42A9.4.1: ['exon skipping', 0, 0]
>5
F42A9.5.1: ['no event', 135, 0]
C49C8.4.1: ['no event', 135, 0]
C49C8.4.2: ['no event', 135, 0]
F42A9.4.1: ['exon skipping', 0, 0]
>6
F42A9.5.1: ['no event', 162, 1]
C49C8.4.1: ['no event', 162, 1]
C49C8.4.2: ['no event', 162, 1]
F42A9.4.1: ['exon skipping', 0, 0]
>7
F42A9.5.1: ['no event', 210, 2]
C49C8.4.1: ['no event', 210, 2]
C49C8.4.2: ['no event', 210, 2]
F42A9.4.1: ['exon skipping', 0, 0]
>8
F42A9.5.1: ['no event', 137, 0]
C49C8.4.1: ['no event', 137, 0]
C49C8.4.2: ['no event', 137, 0]
F42A9.4.1: ['exon skipping', 0, 0]
>9
F42A9.5.1: ['exon skipping', 0, 0]
C49C8.4.1: ['exon skipping', 0, 0]
C49C8.4.2: ['exon skipping', 0, 0]
F42A9.4.1: ['5event', 20, 1]
>10
F42A9.5.1: ['5event', ['internal gap >= 30', 45, 187], 275, 0]
C49C8.4.1: ['5event', ['internal gap >= 30', 45, 187], 275, 0]
C49C8.4.2: ['5event', ['internal gap >= 30', 45, 187], 275, 0]
F42A9.4.1: ['3event', 375, 1]
