takifugu_rubripes ENSTRUG00000016459
tetraodon_nigroviridis ENSTNIG00000011761
cynoglossus_semilaevis ENSCSEG00000007117
amphiprion_ocellaris ENSAOCG00000016023
amphiprion_percula ENSAPEG00000002730
stegastes_partitus ENSSPAG00000004060
poecilia_mexicana ENSPMEG00000019884
poecilia_formosa ENSPFOG00000008443
poecilia_reticulata ENSPREG00000022714
xiphophorus_couchianus ENSXCOG00000006754
xiphophorus_maculatus ENSXMAG00000012116
xiphophorus_couchianus ENSXCOG00000006750
poecilia_latipinna ENSPLAG00000012684
gambusia_affinis ENSGAFG00000004852
fundulus_heteroclitus ENSFHEG00000003103
cyprinodon_variegatus ENSCVAG00000015376
kryptolebias_marmoratus ENSKMAG00000008176
oryzias_latipes ENSORLG00000025891
oryzias_latipes ENSORLG00020003766
oryzias_latipes_asm223469v1 ENSORLG00015009063
oryzias_melastigma ENSOMEG00000000891
hippocampus_comes ENSHCOG00000004898
hippocampus_comes ENSHCOG00000004892
mola_mola ENSMMOG00000016465
gasterosteus_aculeatus ENSGACG00000020428
seriola_lalandi_dorsalis ENSSLDG00000018216
seriola_dumerili ENSSDUG00000011165
monopterus_albus ENSMALG00000017856
mastacembelus_armatus ENSMAMG00000015392
anabas_testudineus ENSATEG00000015153
hippocampus_comes ENSHCOG00000004905
labrus_bergylta ENSLBEG00000025451
maylandia_zebra ENSMZEG00005016341
haplochromis_burtoni ENSHBUG00000002564
pundamilia_nyererei ENSPNYG00000018000
astatotilapia_calliptera ENSACLG00000014248
neolamprologus_brichardi ENSNBRG00000020237
oreochromis_niloticus ENSONIG00000004156
amphilophus_citrinellus ENSACIG00000000859
acanthochromis_polyacanthus ENSAPOG00000001752
scophthalmus_maximus ENSSMAG00000014555
periophthalmus_magnuspinnatus ENSPMGG00000002929
gadus_morhua ENSGMOG00000005885
esox_lucius ENSELUG00000008004
esox_lucius ENSELUG00000007981
esox_lucius ENSELUG00000007924
astyanax_mexicanus ENSAMXG00000032181
ictalurus_punctatus ENSIPUG00000021590
pygocentrus_nattereri ENSPNAG00000020946
ictalurus_punctatus ENSIPUG00000021558
danio_rerio ENSDARG00000101109
astyanax_mexicanus ENSAMXG00000009354
pygocentrus_nattereri ENSPNAG00000024120
scleropages_formosus ENSSFOG00015000205
paramormyrops_kingsleyae ENSPKIG00000002003
takifugu_rubripes ENSTRUG00000015308
tetraodon_nigroviridis ENSTNIG00000013001
mola_mola ENSMMOG00000012709
cynoglossus_semilaevis ENSCSEG00000004464
periophthalmus_magnuspinnatus ENSPMGG00000008243
seriola_dumerili ENSSDUG00000005931
seriola_lalandi_dorsalis ENSSLDG00000003119
scophthalmus_maximus ENSSMAG00000006363
gasterosteus_aculeatus ENSGACG00000019261
mastacembelus_armatus ENSMAMG00000000467
monopterus_albus ENSMALG00000001382
anabas_testudineus ENSATEG00000001079
amphiprion_ocellaris ENSAOCG00000022181
amphiprion_percula ENSAPEG00000006507
acanthochromis_polyacanthus ENSAPOG00000005737
stegastes_partitus ENSSPAG00000013628
astatotilapia_calliptera ENSACLG00000009567
maylandia_zebra ENSMZEG00005021253
pundamilia_nyererei ENSPNYG00000021455
haplochromis_burtoni ENSHBUG00000019870
oreochromis_niloticus ENSONIG00000009315
neolamprologus_brichardi ENSNBRG00000000255
amphilophus_citrinellus ENSACIG00000019778
xiphophorus_maculatus ENSXMAG00000010697
xiphophorus_couchianus ENSXCOG00000003279
poecilia_formosa ENSPFOG00000012792
poecilia_mexicana ENSPMEG00000016570
poecilia_latipinna ENSPLAG00000002668
poecilia_reticulata ENSPREG00000010908
cyprinodon_variegatus ENSCVAG00000007350
fundulus_heteroclitus ENSFHEG00000017088
kryptolebias_marmoratus ENSKMAG00000019515
oryzias_latipes ENSORLG00000007164
oryzias_latipes ENSORLG00020008271
oryzias_latipes_asm223469v1 ENSORLG00015005126
oryzias_melastigma ENSOMEG00000013766
labrus_bergylta ENSLBEG00000028496
hippocampus_comes ENSHCOG00000010230
gadus_morhua ENSGMOG00000013543
esox_lucius ENSELUG00000019355
pygocentrus_nattereri ENSPNAG00000020488
astyanax_mexicanus ENSAMXG00000011143
ictalurus_punctatus ENSIPUG00000003172
danio_rerio ENSDARG00000112049
paramormyrops_kingsleyae ENSPKIG00000006689
lepisosteus_oculatus ENSLOCG00000013990
lepisosteus_oculatus ENSLOCG00000013989
