mastacembelus_armatus ENSMAMG00000007140
mastacembelus_armatus ENSMAMG00000007040
mastacembelus_armatus ENSMAMG00000007423
mastacembelus_armatus ENSMAMG00000018857
anabas_testudineus ENSATEG00000006374
anabas_testudineus ENSATEG00000006738
anabas_testudineus ENSATEG00000004296
anabas_testudineus ENSATEG00000006605
seriola_lalandi_dorsalis ENSSLDG00000016324
seriola_lalandi_dorsalis ENSSLDG00000016305
seriola_lalandi_dorsalis ENSSLDG00000003054
seriola_lalandi_dorsalis ENSSLDG00000009504
astatotilapia_calliptera ENSACLG00000021228
astatotilapia_calliptera ENSACLG00000020279
astatotilapia_calliptera ENSACLG00000020241
amphilophus_citrinellus ENSACIG00000014577
labrus_bergylta ENSLBEG00000004971
labrus_bergylta ENSLBEG00000006526
labrus_bergylta ENSLBEG00000011308
labrus_bergylta ENSLBEG00000002454
labrus_bergylta ENSLBEG00000010600
labrus_bergylta ENSLBEG00000014218
labrus_bergylta ENSLBEG00000010850
danio_rerio ENSDARG00000102625
