drosophila_melanogaster FBgn0034454
drosophila_melanogaster FBgn0032771
caenorhabditis_elegans_strain_n2 WBGene00017122
scophthalmus_maximus ENSSMAG00000019602
cynoglossus_semilaevis ENSCSEG00000002791
tetraodon_nigroviridis ENSTNIG00000017258
takifugu_rubripes ENSTRUG00000012169
mola_mola ENSMMOG00000010107
anabas_testudineus ENSATEG00000012043
cynoglossus_semilaevis ENSCSEG00000001872
seriola_lalandi_dorsalis ENSSLDG00000019687
labrus_bergylta ENSLBEG00000000910
amphiprion_ocellaris ENSAOCG00000016247
amphiprion_percula ENSAPEG00000017525
acanthochromis_polyacanthus ENSAPOG00000014186
stegastes_partitus ENSSPAG00000017222
kryptolebias_marmoratus ENSKMAG00000009956
poecilia_formosa ENSPFOG00000011380
poecilia_reticulata ENSPREG00000007136
poecilia_latipinna ENSPLAG00000012056
poecilia_mexicana ENSPMEG00000018316
gambusia_affinis ENSGAFG00000012897
xiphophorus_maculatus ENSXMAG00000017628
xiphophorus_couchianus ENSXCOG00000013545
fundulus_heteroclitus ENSFHEG00000017439
fundulus_heteroclitus ENSFHEG00000015438
cyprinodon_variegatus ENSCVAG00000015617
oryzias_latipes ENSORLG00020000736
oryzias_latipes ENSORLG00000024905
oryzias_latipes_asm223469v1 ENSORLG00015016557
oryzias_melastigma ENSOMEG00000015236
maylandia_zebra ENSMZEG00005003693
pundamilia_nyererei ENSPNYG00000017766
neolamprologus_brichardi ENSNBRG00000023920
oreochromis_niloticus ENSONIG00000005053
haplochromis_burtoni ENSHBUG00000008089
amphilophus_citrinellus ENSACIG00000017063
gasterosteus_aculeatus ENSGACG00000005199
seriola_dumerili ENSSDUG00000016228
mastacembelus_armatus ENSMAMG00000006694
monopterus_albus ENSMALG00000013798
hippocampus_comes ENSHCOG00000001987
periophthalmus_magnuspinnatus ENSPMGG00000023653
esox_lucius ENSELUG00000014815
scleropages_formosus ENSSFOG00015001711
capra_hircus ENSCHIG00000015636
vulpes_vulpes ENSVVUG00000001516
notechis_scutatus ENSNSUG00000015022
pygocentrus_nattereri ENSPNAG00000020561
stegastes_partitus ENSSPAG00000017207
astyanax_mexicanus ENSAMXG00000034414
pygocentrus_nattereri ENSPNAG00000023411
ictalurus_punctatus ENSIPUG00000004333
danio_rerio ENSDARG00000087556
paramormyrops_kingsleyae ENSPKIG00000014473
eptatretus_burgeri ENSEBUG00000009338
chrysemys_picta_bellii ENSCPBG00000019814
pelodiscus_sinensis ENSPSIG00000012107
apteryx_rowi ENSARWG00000010156
apteryx_owenii ENSAOWG00000011456
apteryx_haastii ENSAHAG00000007297
dromaius_novaehollandiae ENSDNVG00000003594
anser_brachyrhynchus ENSABRG00000008637
anas_platyrhynchos_platyrhynchos ENSAPLG00000010267
gallus_gallus ENSGALG00000011560
coturnix_japonica ENSCJPG00005004398
numida_meleagris ENSNMEG00000020160
manacus_vitellinus ENSMVIG00005013888
lepidothrix_coronata ENSLCOG00000003272
parus_major ENSPMJG00000001232
cyanistes_caeruleus ENSCCEG00000003609
junco_hyemalis ENSJHYG00000003750
zonotrichia_albicollis ENSZALG00000016342
serinus_canaria ENSSCAG00000016703
taeniopygia_guttata ENSTGUG00000009376
lonchura_striata_domestica ENSLSDG00000004603
ficedula_albicollis ENSFALG00000012177
melopsittacus_undulatus ENSMUNG00000011248
calidris_pugnax ENSCPUG00000012090
calidris_pygmaea ENSCPGG00000008162
nothoprocta_perdicaria ENSNPEG00000006464
crocodylus_porosus ENSCPRG00005017592
anolis_carolinensis ENSACAG00000003319
pogona_vitticeps ENSPVIG00000008974
salvator_merianae ENSSMRG00000022198
gopherus_agassizii ENSGAGG00000015827
chelonoidis_abingdonii ENSCABG00000004851
notechis_scutatus ENSNSUG00000015023
sphenodon_punctatus ENSSPUG00000012172
ornithorhynchus_anatinus ENSOANG00000011163
pan_troglodytes ENSPTRG00000048824
pan_paniscus ENSPPAG00000000755
homo_sapiens ENSG00000112530
gorilla_gorilla ENSGGOG00000014095
pongo_abelii ENSPPYG00000017159
nomascus_leucogenys ENSNLEG00000011474
papio_anubis ENSPANG00000030883
cercocebus_atys ENSCATG00000036404
macaca_nemestrina ENSMNEG00000042289
macaca_mulatta ENSMMUG00000020412
macaca_fascicularis ENSMFAG00000039741
theropithecus_gelada ENSTGEG00000028943
mandrillus_leucophaeus ENSMLEG00000040096
rhinopithecus_roxellana ENSRROG00000039063
rhinopithecus_bieti ENSRBIG00000005726
colobus_angolensis_palliatus ENSCANG00000029558
piliocolobus_tephrosceles ENSPTEG00000026053
callithrix_jacchus ENSCJAG00000012365
saimiri_boliviensis_boliviensis ENSSBOG00000036098
cebus_capucinus ENSCCAG00000034067
aotus_nancymaae ENSANAG00000020727
carlito_syrichta ENSTSYG00000013321
propithecus_coquereli ENSPCOG00000013888
microcebus_murinus ENSMICG00000009209
prolemur_simus ENSPSMG00000005502
otolemur_garnettii ENSOGAG00000004947
cavia_porcellus ENSCPOG00000013410
cavia_aperea ENSCAPG00000013175
chinchilla_lanigera ENSCLAG00000008105
octodon_degus ENSODEG00000009517
fukomys_damarensis ENSFDAG00000011666
peromyscus_maniculatus_bairdii ENSPEMG00000008420
microtus_ochrogaster ENSMOCG00000018703
cricetulus_griseus_crigri-picr ENSCGRG00015012958
cricetulus_griseus_chok1gshd ENSCGRG00001010865
cricetulus_griseus_crigri ENSCGRG00000017750
mesocricetus_auratus ENSMAUG00000001701
mus_musculus ENSMUSG00000037196
mus_spretus_strain_spret/eij MGP_SPRETEiJ_G0021964
mus_spicilegus ENSMSIG00000014249
mus_caroli_strain_caroli_eij MGP_CAROLIEiJ_G0021056
mus_pahari MGP_PahariEiJ_G0023372
nannospalax_galili ENSNGAG00000015468
jaculus_jaculus ENSJJAG00000013819
ictidomys_tridecemlineatus ENSSTOG00000010375
urocitellus_parryii ENSUPAG00010011904
marmota_marmota_marmota ENSMMMG00000009213
sorex_araneus ENSSARG00000006002
erinaceus_europaeus ENSEEUG00000007499
myotis_lucifugus ENSMLUG00000013384
pteropus_vampyrus ENSPVAG00000016794
tupaia_belangeri ENSTBEG00000000326
ochotona_princeps ENSOPRG00000011653
procavia_capensis ENSPCAG00000000631
echinops_telfairi ENSETEG00000013387
loxodonta_africana ENSLAFG00000002732
bos_mutus ENSBMUG00000022897
bos_taurus ENSBTAG00000011106
bison_bison_bison ENSBBBG00000015645
tursiops_truncatus ENSTTRG00000012041
vicugna_pacos ENSVPAG00000002926
sus_scrofa ENSSSCG00000038153
equus_asinus_asinus ENSEASG00005019723
equus_caballus ENSECAG00000014308
panthera_pardus ENSPPRG00000018305
panthera_tigris_altaica ENSPTIG00000004368
felis_catus ENSFCAG00000028010
ursus_americanus ENSUAMG00000012906
ursus_maritimus ENSUMAG00000011678
ailuropoda_melanoleuca ENSAMEG00000008449
neovison_vison ENSNVIG00000018167
heterocephalus_glaber_female ENSHGLG00000006454
heterocephalus_glaber_male ENSHGLG00100014412
meriones_unguiculatus ENSMUGG00000018348
dipodomys_ordii ENSDORG00000026934
oryctolagus_cuniculus ENSOCUG00000013289
canis_lupus_familiaris ENSCAFG00000000770
vulpes_vulpes ENSVVUG00000001531
mustela_putorius_furo ENSMPUG00000006361
capra_hircus ENSCHIG00000022840
ovis_aries ENSOARG00000004799
phascolarctos_cinereus ENSPCIG00000031508
choloepus_hoffmanni ENSCHOG00000005512
carlito_syrichta ENSTSYG00000028505
spermophilus_dauricus ENSSDAG00000002225
capra_hircus ENSCHIG00000010884
ovis_aries ENSOARG00000004794
canis_lupus_dingo ENSCAFG00020019027
vulpes_vulpes ENSVVUG00000001546
neovison_vison ENSNVIG00000002746
canis_lupus_familiaris ENSCAFG00000023031
ailuropoda_melanoleuca ENSAMEG00000008446
ursus_maritimus ENSUMAG00000011681
phascolarctos_cinereus ENSPCIG00000034977
lepidothrix_coronata ENSLCOG00000006250
monodelphis_domestica ENSMODG00000023273
notamacropus_eugenii ENSMEUG00000006807
xenopus_tropicalis ENSXETG00000010781
latimeria_chalumnae ENSLACG00000022537
lepisosteus_oculatus ENSLOCG00000004588
ciona_savignyi ENSCSAVG00000008443
ciona_intestinalis ENSCING00000018203
