petromyzon_marinus ENSPMAG00000009265
eptatretus_burgeri ENSEBUG00000000568
eptatretus_burgeri ENSEBUG00000000836
anolis_carolinensis ENSACAG00000009748
pogona_vitticeps ENSPVIG00000018269
notechis_scutatus ENSNSUG00000019372
salvator_merianae ENSSMRG00000015087
gopherus_agassizii ENSGAGG00000007692
chelonoidis_abingdonii ENSCABG00000008211
chrysemys_picta_bellii ENSCPBG00000018924
latimeria_chalumnae ENSLACG00000018691
labrus_bergylta ENSLBEG00000007241
labrus_bergylta ENSLBEG00000002515
mola_mola ENSMMOG00000005201
scophthalmus_maximus ENSSMAG00000019354
cynoglossus_semilaevis ENSCSEG00000006345
seriola_dumerili ENSSDUG00000003282
seriola_lalandi_dorsalis ENSSLDG00000006722
pundamilia_nyererei ENSPNYG00000006113
haplochromis_burtoni ENSHBUG00000002174
astatotilapia_calliptera ENSACLG00000014416
maylandia_zebra ENSMZEG00005024644
neolamprologus_brichardi ENSNBRG00000006460
oreochromis_niloticus ENSONIG00000001337
amphilophus_citrinellus ENSACIG00000018477
amphiprion_ocellaris ENSAOCG00000019845
amphiprion_percula ENSAPEG00000017671
stegastes_partitus ENSSPAG00000022083
gadus_morhua ENSGMOG00000007905
esox_lucius ENSELUG00000017445
paramormyrops_kingsleyae ENSPKIG00000008030
lepisosteus_oculatus ENSLOCG00000014319
petromyzon_marinus ENSPMAG00000006923
eptatretus_burgeri ENSEBUG00000008993
pan_troglodytes ENSPTRG00000006490
pan_paniscus ENSPPAG00000038933
homo_sapiens ENSG00000198732
gorilla_gorilla ENSGGOG00000008202
pongo_abelii ENSPPYG00000005947
nomascus_leucogenys ENSNLEG00000027504
rhinopithecus_roxellana ENSRROG00000025721
rhinopithecus_bieti ENSRBIG00000042991
colobus_angolensis_palliatus ENSCANG00000033175
piliocolobus_tephrosceles ENSPTEG00000033333
macaca_fascicularis ENSMFAG00000036642
macaca_nemestrina ENSMNEG00000027726
mandrillus_leucophaeus ENSMLEG00000030388
macaca_mulatta ENSMMUG00000017430
theropithecus_gelada ENSTGEG00000020059
papio_anubis ENSPANG00000024307
cercocebus_atys ENSCATG00000042123
chlorocebus_sabaeus ENSCSAG00000013030
cebus_capucinus ENSCCAG00000029650
saimiri_boliviensis_boliviensis ENSSBOG00000020092
callithrix_jacchus ENSCJAG00000014855
aotus_nancymaae ENSANAG00000020007
propithecus_coquereli ENSPCOG00000019775
prolemur_simus ENSPSMG00000023007
microcebus_murinus ENSMICG00000011629
otolemur_garnettii ENSOGAG00000010866
tupaia_belangeri ENSTBEG00000003070
castor_canadensis ENSCCNG00000019256
dipodomys_ordii ENSDORG00000003216
mus_spretus_strain_spret/eij MGP_SPRETEiJ_G0018750
mus_spicilegus ENSMSIG00000016323
mus_musculus ENSMUSG00000021136
mus_caroli_strain_caroli_eij MGP_CAROLIEiJ_G0017905
mus_pahari MGP_PahariEiJ_G0029661
rattus_norvegicus ENSRNOG00000005998
meriones_unguiculatus ENSMUGG00000004480
meriones_unguiculatus ENSMUGG00000004161
peromyscus_maniculatus_bairdii ENSPEMG00000020096
microtus_ochrogaster ENSMOCG00000019851
cricetulus_griseus_chok1gshd ENSCGRG00001016142
cricetulus_griseus_crigri ENSCGRG00000009828
cricetulus_griseus_crigri-picr ENSCGRG00015028140
mesocricetus_auratus ENSMAUG00000021369
nannospalax_galili ENSNGAG00000015576
jaculus_jaculus ENSJJAG00000016291
chinchilla_lanigera ENSCLAG00000004341
octodon_degus ENSODEG00000012836
cavia_porcellus ENSCPOG00000008973
cavia_aperea ENSCAPG00000012740
heterocephalus_glaber_female ENSHGLG00000010799
heterocephalus_glaber_male ENSHGLG00100001490
fukomys_damarensis ENSFDAG00000016296
spermophilus_dauricus ENSSDAG00000010184
urocitellus_parryii ENSUPAG00010001178
ictidomys_tridecemlineatus ENSSTOG00000003894
marmota_marmota_marmota ENSMMMG00000001018
oryctolagus_cuniculus ENSOCUG00000012811
ochotona_princeps ENSOPRG00000008317
pteropus_vampyrus ENSPVAG00000009833
myotis_lucifugus ENSMLUG00000011966
equus_asinus_asinus ENSEASG00005016617
equus_caballus ENSECAG00000021663
ursus_maritimus ENSUMAG00000009748
ursus_americanus ENSUAMG00000008092
ailuropoda_melanoleuca ENSAMEG00000014603
neovison_vison ENSNVIG00000010136
mustela_putorius_furo ENSMPUG00000007473
canis_lupus_familiaris ENSCAFG00000016602
canis_lupus_dingo ENSCAFG00020005639
vulpes_vulpes ENSVVUG00000003823
panthera_tigris_altaica ENSPTIG00000018558
panthera_pardus ENSPPRG00000013723
felis_catus ENSFCAG00000009569
bos_mutus ENSBMUG00000013315
bos_taurus ENSBTAG00000030599
bison_bison_bison ENSBBBG00000006424
capra_hircus ENSCHIG00000011592
ovis_aries ENSOARG00000021190
sus_scrofa ENSSSCG00000002314
tursiops_truncatus ENSTTRG00000014787
sorex_araneus ENSSARG00000004911
erinaceus_europaeus ENSEEUG00000013143
carlito_syrichta ENSTSYG00000000717
dasypus_novemcinctus ENSDNOG00000007841
choloepus_hoffmanni ENSCHOG00000011173
loxodonta_africana ENSLAFG00000016230
procavia_capensis ENSPCAG00000004924
echinops_telfairi ENSETEG00000014311
phascolarctos_cinereus ENSPCIG00000014609
notamacropus_eugenii ENSMEUG00000014266
sarcophilus_harrisii ENSSHAG00000018809
monodelphis_domestica ENSMODG00000007249
ornithorhynchus_anatinus ENSOANG00000029183
ornithorhynchus_anatinus ENSOANG00000032019
gallus_gallus ENSGALG00000009415
coturnix_japonica ENSCJPG00005014985
meleagris_gallopavo ENSMGAG00000011816
numida_meleagris ENSNMEG00000020108
anser_brachyrhynchus ENSABRG00000015342
anas_platyrhynchos_platyrhynchos ENSAPLG00000014966
parus_major ENSPMJG00000015040
cyanistes_caeruleus ENSCCEG00000009550
lonchura_striata_domestica ENSLSDG00000010950
taeniopygia_guttata ENSTGUG00000011412
serinus_canaria ENSSCAG00000013360
junco_hyemalis ENSJHYG00000003076
zonotrichia_albicollis ENSZALG00000006795
ficedula_albicollis ENSFALG00000004956
manacus_vitellinus ENSMVIG00005010787
lepidothrix_coronata ENSLCOG00000008747
melopsittacus_undulatus ENSMUNG00000010134
calidris_pugnax ENSCPUG00000007671
calidris_pygmaea ENSCPGG00000006765
apteryx_owenii ENSAOWG00000003785
apteryx_haastii ENSAHAG00000007363
apteryx_rowi ENSARWG00000001350
dromaius_novaehollandiae ENSDNVG00000001156
nothoprocta_perdicaria ENSNPEG00000008630
crocodylus_porosus ENSCPRG00005018184
gopherus_agassizii ENSGAGG00000024683
chelonoidis_abingdonii ENSCABG00000017033
chrysemys_picta_bellii ENSCPBG00000021693
pelodiscus_sinensis ENSPSIG00000013656
anolis_carolinensis ENSACAG00000005048
pogona_vitticeps ENSPVIG00000012950
notechis_scutatus ENSNSUG00000017540
salvator_merianae ENSSMRG00000009742
sphenodon_punctatus ENSSPUG00000002513
xenopus_tropicalis ENSXETG00000030085
gadus_morhua ENSGMOG00000000399
gadus_morhua ENSGMOG00000003419
oryzias_latipes ENSORLG00000009978
oryzias_latipes_asm223469v1 ENSORLG00015022409
oryzias_latipes ENSORLG00020002432
oryzias_melastigma ENSOMEG00000021863
hippocampus_comes ENSHCOG00000018644
seriola_lalandi_dorsalis ENSSLDG00000002315
takifugu_rubripes ENSTRUG00000000323
labrus_bergylta ENSLBEG00000015095
gasterosteus_aculeatus ENSGACG00000012411
mola_mola ENSMMOG00000009058
tetraodon_nigroviridis ENSTNIG00000004675
mastacembelus_armatus ENSMAMG00000000161
monopterus_albus ENSMALG00000020338
anabas_testudineus ENSATEG00000020550
fundulus_heteroclitus ENSFHEG00000005452
cyprinodon_variegatus ENSCVAG00000005373
poecilia_formosa ENSPFOG00000018014
poecilia_mexicana ENSPMEG00000024474
poecilia_latipinna ENSPLAG00000018153
poecilia_reticulata ENSPREG00000009097
xiphophorus_maculatus ENSXMAG00000009131
xiphophorus_couchianus ENSXCOG00000004056
gambusia_affinis ENSGAFG00000018021
kryptolebias_marmoratus ENSKMAG00000016418
haplochromis_burtoni ENSHBUG00000012893
pundamilia_nyererei ENSPNYG00000022650
maylandia_zebra ENSMZEG00005011593
astatotilapia_calliptera ENSACLG00000027513
oreochromis_niloticus ENSONIG00000019643
neolamprologus_brichardi ENSNBRG00000003926
amphilophus_citrinellus ENSACIG00000019569
amphiprion_ocellaris ENSAOCG00000001986
amphiprion_percula ENSAPEG00000007385
acanthochromis_polyacanthus ENSAPOG00000019712
stegastes_partitus ENSSPAG00000011226
scophthalmus_maximus ENSSMAG00000009615
cynoglossus_semilaevis ENSCSEG00000009502
seriola_dumerili ENSSDUG00000017893
seriola_lalandi_dorsalis ENSSLDG00000010552
periophthalmus_magnuspinnatus ENSPMGG00000001807
esox_lucius ENSELUG00000022021
pygocentrus_nattereri ENSPNAG00000001629
ictalurus_punctatus ENSIPUG00000010866
danio_rerio ENSDARG00000088255
scleropages_formosus ENSSFOG00015006938
paramormyrops_kingsleyae ENSPKIG00000003464
lepisosteus_oculatus ENSLOCG00000014213
latimeria_chalumnae ENSLACG00000010931
latimeria_chalumnae ENSLACG00000012645
cricetulus_griseus_chok1gshd ENSCGRG00001000600
cricetulus_griseus_crigri-picr ENSCGRG00015014404
cricetulus_griseus_crigri ENSCGRG00000017378
microtus_ochrogaster ENSMOCG00000007672
peromyscus_maniculatus_bairdii ENSPEMG00000018849
mus_spicilegus ENSMSIG00000027399
mus_spretus_strain_spret/eij MGP_SPRETEiJ_G0021986
mus_musculus ENSMUSG00000023886
mus_caroli_strain_caroli_eij MGP_CAROLIEiJ_G0021085
mus_pahari MGP_PahariEiJ_G0023400
rattus_norvegicus ENSRNOG00000014166
meriones_unguiculatus ENSMUGG00000001681
nannospalax_galili ENSNGAG00000010452
jaculus_jaculus ENSJJAG00000009559
castor_canadensis ENSCCNG00000007270
castor_canadensis ENSCCNG00000007123
dipodomys_ordii ENSDORG00000006153
urocitellus_parryii ENSUPAG00010011608
ictidomys_tridecemlineatus ENSSTOG00000011824
marmota_marmota_marmota ENSMMMG00000008070
chinchilla_lanigera ENSCLAG00000014318
octodon_degus ENSODEG00000008584
cavia_porcellus ENSCPOG00000008023
cavia_aperea ENSCAPG00000009287
heterocephalus_glaber_female ENSHGLG00000002295
heterocephalus_glaber_male ENSHGLG00100009037
fukomys_damarensis ENSFDAG00000015481
ochotona_princeps ENSOPRG00000015893
prolemur_simus ENSPSMG00000025182
propithecus_coquereli ENSPCOG00000023658
microcebus_murinus ENSMICG00000000590
otolemur_garnettii ENSOGAG00000009845
gorilla_gorilla ENSGGOG00000012868
homo_sapiens ENSG00000112562
pan_paniscus ENSPPAG00000037853
pan_troglodytes ENSPTRG00000018815
pongo_abelii ENSPPYG00000017182
theropithecus_gelada ENSTGEG00000028342
papio_anubis ENSPANG00000011796
mandrillus_leucophaeus ENSMLEG00000018210
cercocebus_atys ENSCATG00000037903
macaca_mulatta ENSMMUG00000014474
macaca_fascicularis ENSMFAG00000003901
macaca_nemestrina ENSMNEG00000020280
chlorocebus_sabaeus ENSCSAG00000011975
rhinopithecus_bieti ENSRBIG00000032102
rhinopithecus_roxellana ENSRROG00000036613
colobus_angolensis_palliatus ENSCANG00000000581
nomascus_leucogenys ENSNLEG00000001262
cebus_capucinus ENSCCAG00000029579
saimiri_boliviensis_boliviensis ENSSBOG00000025977
callithrix_jacchus ENSCJAG00000043849
aotus_nancymaae ENSANAG00000025479
carlito_syrichta ENSTSYG00000030464
mesocricetus_auratus ENSMAUG00000009780
myotis_lucifugus ENSMLUG00000030561
bos_mutus ENSBMUG00000009580
bos_taurus ENSBTAG00000013176
bison_bison_bison ENSBBBG00000021389
capra_hircus ENSCHIG00000024776
ovis_aries ENSOARG00000005022
tursiops_truncatus ENSTTRG00000014495
sus_scrofa ENSSSCG00000004013
pteropus_vampyrus ENSPVAG00000010423
ursus_americanus ENSUAMG00000012595
ursus_maritimus ENSUMAG00000009131
ailuropoda_melanoleuca ENSAMEG00000005089
mustela_putorius_furo ENSMPUG00000006634
neovison_vison ENSNVIG00000001152
canis_lupus_familiaris ENSCAFG00000000868
canis_lupus_dingo ENSCAFG00020021152
vulpes_vulpes ENSVVUG00000010580
panthera_pardus ENSPPRG00000011589
panthera_tigris_altaica ENSPTIG00000012671
felis_catus ENSFCAG00000002419
equus_caballus ENSECAG00000014155
equus_asinus_asinus ENSEASG00005000517
echinops_telfairi ENSETEG00000003621
loxodonta_africana ENSLAFG00000000049
procavia_capensis ENSPCAG00000016771
dasypus_novemcinctus ENSDNOG00000016318
choloepus_hoffmanni ENSCHOG00000004048
phascolarctos_cinereus ENSPCIG00000012909
notamacropus_eugenii ENSMEUG00000003422
sarcophilus_harrisii ENSSHAG00000017999
monodelphis_domestica ENSMODG00000005807
ornithorhynchus_anatinus ENSOANG00000002822
oryctolagus_cuniculus ENSOCUG00000012906
tupaia_belangeri ENSTBEG00000002004
gopherus_agassizii ENSGAGG00000009381
chelonoidis_abingdonii ENSCABG00000009931
chrysemys_picta_bellii ENSCPBG00000012498
pelodiscus_sinensis ENSPSIG00000007816
crocodylus_porosus ENSCPRG00005017389
sphenodon_punctatus ENSSPUG00000003217
parus_major ENSPMJG00000001856
cyanistes_caeruleus ENSCCEG00000002875
ficedula_albicollis ENSFALG00000003061
taeniopygia_guttata ENSTGUG00000009682
lonchura_striata_domestica ENSLSDG00000004775
serinus_canaria ENSSCAG00000003290
junco_hyemalis ENSJHYG00000006628
zonotrichia_albicollis ENSZALG00000013856
manacus_vitellinus ENSMVIG00005014079
lepidothrix_coronata ENSLCOG00000006675
melopsittacus_undulatus ENSMUNG00000001612
calidris_pygmaea ENSCPGG00000014589
calidris_pugnax ENSCPUG00000012043
anser_brachyrhynchus ENSABRG00000019377
anas_platyrhynchos_platyrhynchos ENSAPLG00000010314
anas_platyrhynchos_platyrhynchos ENSAPLG00000016465
gallus_gallus ENSGALG00000011205
coturnix_japonica ENSCJPG00005003957
meleagris_gallopavo ENSMGAG00000012249
meleagris_gallopavo ENSMGAG00000012250
numida_meleagris ENSNMEG00000017744
apteryx_rowi ENSARWG00000013654
apteryx_haastii ENSAHAG00000016826
apteryx_owenii ENSAOWG00000014643
dromaius_novaehollandiae ENSDNVG00000014819
nothoprocta_perdicaria ENSNPEG00000007608
pogona_vitticeps ENSPVIG00000001963
anolis_carolinensis ENSACAG00000003213
notechis_scutatus ENSNSUG00000004224
salvator_merianae ENSSMRG00000022150
ornithorhynchus_anatinus ENSOANG00000002983
amphiprion_ocellaris ENSAOCG00000021804
amphiprion_percula ENSAPEG00000024621
seriola_dumerili ENSSDUG00000004845
periophthalmus_magnuspinnatus ENSPMGG00000001418
hippocampus_comes ENSHCOG00000004109
mola_mola ENSMMOG00000008526
oryzias_latipes ENSORLG00020005769
oryzias_latipes_asm223469v1 ENSORLG00015021004
oryzias_latipes ENSORLG00000013491
oryzias_melastigma ENSOMEG00000017509
cynoglossus_semilaevis ENSCSEG00000017494
takifugu_rubripes ENSTRUG00000017700
monopterus_albus ENSMALG00000007173
mastacembelus_armatus ENSMAMG00000015675
anabas_testudineus ENSATEG00000013130
labrus_bergylta ENSLBEG00000013117
tetraodon_nigroviridis ENSTNIG00000013104
gasterosteus_aculeatus ENSGACG00000003595
maylandia_zebra ENSMZEG00005010946
astatotilapia_calliptera ENSACLG00000021551
haplochromis_burtoni ENSHBUG00000010963
pundamilia_nyererei ENSPNYG00000012487
neolamprologus_brichardi ENSNBRG00000016209
oreochromis_niloticus ENSONIG00000010242
amphilophus_citrinellus ENSACIG00000004407
poecilia_mexicana ENSPMEG00000020669
poecilia_formosa ENSPFOG00000013603
poecilia_latipinna ENSPLAG00000021787
poecilia_reticulata ENSPREG00000001325
xiphophorus_maculatus ENSXMAG00000004572
xiphophorus_couchianus ENSXCOG00000003471
gambusia_affinis ENSGAFG00000017811
fundulus_heteroclitus ENSFHEG00000019241
cyprinodon_variegatus ENSCVAG00000001267
kryptolebias_marmoratus ENSKMAG00000008724
stegastes_partitus ENSSPAG00000021788
acanthochromis_polyacanthus ENSAPOG00000020626
tetraodon_nigroviridis ENSTNIG00000004229
seriola_lalandi_dorsalis ENSSLDG00000023586
scophthalmus_maximus ENSSMAG00000012146
gadus_morhua ENSGMOG00000014049
esox_lucius ENSELUG00000010601
pygocentrus_nattereri ENSPNAG00000015923
astyanax_mexicanus ENSAMXG00000043024
ictalurus_punctatus ENSIPUG00000019553
danio_rerio ENSDARG00000088157
scleropages_formosus ENSSFOG00015002962
paramormyrops_kingsleyae ENSPKIG00000016937
lepisosteus_oculatus ENSLOCG00000016200
eptatretus_burgeri ENSEBUG00000013973
poecilia_latipinna ENSPLAG00000009583
oryzias_melastigma ENSOMEG00000003362
xiphophorus_maculatus ENSXMAG00000028677
poecilia_mexicana ENSPMEG00000014770
gambusia_affinis ENSGAFG00000019792
oryzias_melastigma ENSOMEG00000003326
periophthalmus_magnuspinnatus ENSPMGG00000007638
hippocampus_comes ENSHCOG00000002302
seriola_dumerili ENSSDUG00000010108
scophthalmus_maximus ENSSMAG00000002681
periophthalmus_magnuspinnatus ENSPMGG00000005113
mastacembelus_armatus ENSMAMG00000008343
fundulus_heteroclitus ENSFHEG00000014839
xiphophorus_maculatus ENSXMAG00000023929
esox_lucius ENSELUG00000015134
nannospalax_galili ENSNGAG00000019028
cricetulus_griseus_chok1gshd ENSCGRG00001006103
dasypus_novemcinctus ENSDNOG00000017467
anas_platyrhynchos_platyrhynchos ENSAPLG00000002748
latimeria_chalumnae ENSLACG00000003783
kryptolebias_marmoratus ENSKMAG00000019168
ciona_savignyi ENSCSAVG00000011669
ciona_intestinalis ENSCING00000003029
drosophila_melanogaster FBgn0262169
caenorhabditis_elegans_strain_n2 WBGene00011437
