scleropages_formosus ENSSFOG00015018376
scleropages_formosus ENSSFOG00015018300
paramormyrops_kingsleyae ENSPKIG00000023172
paramormyrops_kingsleyae ENSPKIG00000001958
lepisosteus_oculatus ENSLOCG00000014278
takifugu_rubripes ENSTRUG00000022351
takifugu_rubripes ENSTRUG00000020379
gadus_morhua ENSGMOG00000003805
gadus_morhua ENSGMOG00000011776
gadus_morhua ENSGMOG00000014728
mola_mola ENSMMOG00000014606
takifugu_rubripes ENSTRUG00000008921
amphiprion_percula ENSAPEG00000024392
amphiprion_ocellaris ENSAOCG00000015549
acanthochromis_polyacanthus ENSAPOG00000007015
stegastes_partitus ENSSPAG00000013672
amphiprion_percula ENSAPEG00000024382
amphiprion_ocellaris ENSAOCG00000015605
anabas_testudineus ENSATEG00000022130
anabas_testudineus ENSATEG00000022286
anabas_testudineus ENSATEG00000022269
anabas_testudineus ENSATEG00000022294
anabas_testudineus ENSATEG00000022086
anabas_testudineus ENSATEG00000022170
hippocampus_comes ENSHCOG00000014295
hippocampus_comes ENSHCOG00000014255
kryptolebias_marmoratus ENSKMAG00000021739
kryptolebias_marmoratus ENSKMAG00000007488
kryptolebias_marmoratus ENSKMAG00000000150
fundulus_heteroclitus ENSFHEG00000016760
cyprinodon_variegatus ENSCVAG00000016243
poecilia_formosa ENSPFOG00000000398
poecilia_mexicana ENSPMEG00000009005
poecilia_latipinna ENSPLAG00000011129
poecilia_mexicana ENSPMEG00000011146
poecilia_formosa ENSPFOG00000008639
poecilia_latipinna ENSPLAG00000011186
xiphophorus_maculatus ENSXMAG00000002774
xiphophorus_couchianus ENSXCOG00000002178
gambusia_affinis ENSGAFG00000013578
poecilia_reticulata ENSPREG00000007619
fundulus_heteroclitus ENSFHEG00000018686
cyprinodon_variegatus ENSCVAG00000016207
oryzias_latipes ENSORLG00000015653
oryzias_latipes ENSORLG00020006399
oryzias_latipes_asm223469v1 ENSORLG00015011654
oryzias_melastigma ENSOMEG00000006678
oreochromis_niloticus ENSONIG00000016660
neolamprologus_brichardi ENSNBRG00000001464
astatotilapia_calliptera ENSACLG00000011396
maylandia_zebra ENSMZEG00005005579
haplochromis_burtoni ENSHBUG00000001379
maylandia_zebra ENSMZEG00005005519
oreochromis_niloticus ENSONIG00000016656
amphilophus_citrinellus ENSACIG00000015877
amphilophus_citrinellus ENSACIG00000015942
haplochromis_burtoni ENSHBUG00000008572
haplochromis_burtoni ENSHBUG00000008556
haplochromis_burtoni ENSHBUG00000000971
astatotilapia_calliptera ENSACLG00000011340
maylandia_zebra ENSMZEG00005005638
pundamilia_nyererei ENSPNYG00000005418
pundamilia_nyererei ENSPNYG00000006162
neolamprologus_brichardi ENSNBRG00000001393
maylandia_zebra ENSMZEG00005005677
haplochromis_burtoni ENSHBUG00000001384
pundamilia_nyererei ENSPNYG00000005510
neolamprologus_brichardi ENSNBRG00000001417
pundamilia_nyererei ENSPNYG00000003150
pundamilia_nyererei ENSPNYG00000020857
haplochromis_burtoni ENSHBUG00000001387
astatotilapia_calliptera ENSACLG00000011388
maylandia_zebra ENSMZEG00005005687
neolamprologus_brichardi ENSNBRG00000001370
oreochromis_niloticus ENSONIG00000016662
amphilophus_citrinellus ENSACIG00000015824
amphilophus_citrinellus ENSACIG00000015772
stegastes_partitus ENSSPAG00000013701
gasterosteus_aculeatus ENSGACG00000005892
seriola_dumerili ENSSDUG00000012102
seriola_lalandi_dorsalis ENSSLDG00000008098
seriola_dumerili ENSSDUG00000012118
scophthalmus_maximus ENSSMAG00000000337
scophthalmus_maximus ENSSMAG00000000334
mastacembelus_armatus ENSMAMG00000013155
mastacembelus_armatus ENSMAMG00000013074
mastacembelus_armatus ENSMAMG00000013289
mastacembelus_armatus ENSMAMG00000013187
mastacembelus_armatus ENSMAMG00000013263
monopterus_albus ENSMALG00000019847
monopterus_albus ENSMALG00000019784
anabas_testudineus ENSATEG00000022235
kryptolebias_marmoratus ENSKMAG00000000406
kryptolebias_marmoratus ENSKMAG00000000530
kryptolebias_marmoratus ENSKMAG00000000270
fundulus_heteroclitus ENSFHEG00000017053
fundulus_heteroclitus ENSFHEG00000017099
fundulus_heteroclitus ENSFHEG00000016905
fundulus_heteroclitus ENSFHEG00000000425
cyprinodon_variegatus ENSCVAG00000016255
cyprinodon_variegatus ENSCVAG00000018647
poecilia_mexicana ENSPMEG00000011128
poecilia_formosa ENSPFOG00000008816
poecilia_latipinna ENSPLAG00000011072
poecilia_formosa ENSPFOG00000009020
poecilia_latipinna ENSPLAG00000010945
poecilia_mexicana ENSPMEG00000010966
poecilia_reticulata ENSPREG00000007876
xiphophorus_maculatus ENSXMAG00000002754
xiphophorus_couchianus ENSXCOG00000002186
gambusia_affinis ENSGAFG00000013556
periophthalmus_magnuspinnatus ENSPMGG00000017444
periophthalmus_magnuspinnatus ENSPMGG00000012397
haplochromis_burtoni ENSHBUG00000019635
pundamilia_nyererei ENSPNYG00000005566
tetraodon_nigroviridis ENSTNIG00000014344
takifugu_rubripes ENSTRUG00000002525
mola_mola ENSMMOG00000014695
labrus_bergylta ENSLBEG00000011932
cynoglossus_semilaevis ENSCSEG00000014544
esox_lucius ENSELUG00000019320
esox_lucius ENSELUG00000012694
pygocentrus_nattereri ENSPNAG00000009973
astyanax_mexicanus ENSAMXG00000015091
ictalurus_punctatus ENSIPUG00000021466
ictalurus_punctatus ENSIPUG00000021486
astyanax_mexicanus ENSAMXG00000044016
astyanax_mexicanus ENSAMXG00000036822
pygocentrus_nattereri ENSPNAG00000019202
pygocentrus_nattereri ENSPNAG00000002189
danio_rerio ENSDARG00000095212
danio_rerio ENSDARG00000096927
danio_rerio ENSDARG00000009402
danio_rerio ENSDARG00000098171
scleropages_formosus ENSSFOG00015007884
paramormyrops_kingsleyae ENSPKIG00000000598
lepisosteus_oculatus ENSLOCG00000014139
petromyzon_marinus ENSPMAG00000000885
xenopus_tropicalis ENSXETG00000033276
xenopus_tropicalis ENSXETG00000029983
xenopus_tropicalis ENSXETG00000022467
xenopus_tropicalis ENSXETG00000033914
ornithorhynchus_anatinus ENSOANG00000000452
phascolarctos_cinereus ENSPCIG00000014493
notamacropus_eugenii ENSMEUG00000015706
sarcophilus_harrisii ENSSHAG00000013214
monodelphis_domestica ENSMODG00000001667
phascolarctos_cinereus ENSPCIG00000014461
sarcophilus_harrisii ENSSHAG00000009022
periophthalmus_magnuspinnatus ENSPMGG00000009434
periophthalmus_magnuspinnatus ENSPMGG00000009428
propithecus_coquereli ENSPCOG00000023663
prolemur_simus ENSPSMG00000000814
microcebus_murinus ENSMICG00000011809
otolemur_garnettii ENSOGAG00000005558
carlito_syrichta ENSTSYG00000004919
castor_canadensis ENSCCNG00000025342
dipodomys_ordii ENSDORG00000011645
cricetulus_griseus_chok1gshd ENSCGRG00001021160
cricetulus_griseus_crigri ENSCGRG00000002694
cricetulus_griseus_crigri-picr ENSCGRG00015023958
mesocricetus_auratus ENSMAUG00000002366
microtus_ochrogaster ENSMOCG00000013031
peromyscus_maniculatus_bairdii ENSPEMG00000010236
mus_spicilegus ENSMSIG00000025716
mus_spretus_strain_spret/eij MGP_SPRETEiJ_G0029306
mus_musculus ENSMUSG00000029851
mus_caroli_strain_caroli_eij MGP_CAROLIEiJ_G0028302
mus_pahari MGP_PahariEiJ_G0022059
rattus_norvegicus ENSRNOG00000030222
rattus_norvegicus ENSRNOG00000050703
meriones_unguiculatus ENSMUGG00000021282
nannospalax_galili ENSNGAG00000000994
chinchilla_lanigera ENSCLAG00000001340
octodon_degus ENSODEG00000012316
cavia_porcellus ENSCPOG00000004675
cavia_aperea ENSCAPG00000016781
heterocephalus_glaber_female ENSHGLG00000011877
heterocephalus_glaber_male ENSHGLG00100004693
fukomys_damarensis ENSFDAG00000015521
ictidomys_tridecemlineatus ENSSTOG00000019601
marmota_marmota_marmota ENSMMMG00000007821
urocitellus_parryii ENSUPAG00010022798
spermophilus_dauricus ENSSDAG00000004203
oryctolagus_cuniculus ENSOCUG00000002072
ochotona_princeps ENSOPRG00000010630
tupaia_belangeri ENSTBEG00000010400
homo_sapiens ENSG00000170379
homo_sapiens ENSG00000283528
gorilla_gorilla ENSGGOG00000003586
pongo_abelii ENSPPYG00000018124
macaca_fascicularis ENSMFAG00000038110
macaca_mulatta ENSMMUG00000013955
macaca_nemestrina ENSMNEG00000035346
mandrillus_leucophaeus ENSMLEG00000043103
cercocebus_atys ENSCATG00000039306
theropithecus_gelada ENSTGEG00000000962
papio_anubis ENSPANG00000026228
chlorocebus_sabaeus ENSCSAG00000007127
colobus_angolensis_palliatus ENSCANG00000007311
piliocolobus_tephrosceles ENSPTEG00000031955
rhinopithecus_bieti ENSRBIG00000041550
pan_paniscus ENSPPAG00000042588
pan_troglodytes ENSPTRG00000019815
nomascus_leucogenys ENSNLEG00000011684
rhinopithecus_roxellana ENSRROG00000042625
saimiri_boliviensis_boliviensis ENSSBOG00000020750
callithrix_jacchus ENSCJAG00000044972
ursus_americanus ENSUAMG00000014394
callithrix_jacchus ENSCJAG00000009823
callithrix_jacchus ENSCJAG00000042022
cebus_capucinus ENSCCAG00000027639
aotus_nancymaae ENSANAG00000034570
tursiops_truncatus ENSTTRG00000005161
sus_scrofa ENSSSCG00000032422
pteropus_vampyrus ENSPVAG00000013420
ailuropoda_melanoleuca ENSAMEG00000006864
ursus_maritimus ENSUMAG00000011677
mustela_putorius_furo ENSMPUG00000007027
neovison_vison ENSNVIG00000002408
canis_lupus_familiaris ENSCAFG00000003530
canis_lupus_dingo ENSCAFG00020020693
vulpes_vulpes ENSVVUG00000016194
panthera_pardus ENSPPRG00000022289
panthera_tigris_altaica ENSPTIG00000008370
felis_catus ENSFCAG00000023864
equus_asinus_asinus ENSEASG00005009211
equus_caballus ENSECAG00000014110
bos_taurus ENSBTAG00000005475
bos_mutus ENSBMUG00000013754
bison_bison_bison ENSBBBG00000014348
ovis_aries ENSOARG00000018199
capra_hircus ENSCHIG00000016367
myotis_lucifugus ENSMLUG00000007364
ursus_americanus ENSUAMG00000011930
erinaceus_europaeus ENSEEUG00000004358
loxodonta_africana ENSLAFG00000007279
procavia_capensis ENSPCAG00000005676
echinops_telfairi ENSETEG00000006004
castor_canadensis ENSCCNG00000007266
dipodomys_ordii ENSDORG00000008389
cricetulus_griseus_chok1gshd ENSCGRG00001018028
cricetulus_griseus_crigri ENSCGRG00000003543
cricetulus_griseus_crigri-picr ENSCGRG00015023922
mesocricetus_auratus ENSMAUG00000009105
microtus_ochrogaster ENSMOCG00000004877
peromyscus_maniculatus_bairdii ENSPEMG00000031233
mus_spicilegus ENSMSIG00000025724
mus_musculus ENSMUSG00000018656
mus_spretus_strain_spret/eij MGP_SPRETEiJ_G0029305
mus_caroli_strain_caroli_eij MGP_CAROLIEiJ_G0028301
mus_pahari MGP_PahariEiJ_G0022058
rattus_norvegicus ENSRNOG00000038872
chinchilla_lanigera ENSCLAG00000001294
cavia_porcellus ENSCPOG00000026165
ochotona_princeps ENSOPRG00000000290
ochotona_princeps ENSOPRG00000000299
oryctolagus_cuniculus ENSOCUG00000001259
prolemur_simus ENSPSMG00000000824
choloepus_hoffmanni ENSCHOG00000011019
ursus_americanus ENSUAMG00000014395
ursus_americanus ENSUAMG00000011933
ursus_maritimus ENSUMAG00000011670
ailuropoda_melanoleuca ENSAMEG00000006882
neovison_vison ENSNVIG00000002431
mustela_putorius_furo ENSMPUG00000007035
canis_lupus_familiaris ENSCAFG00000003528
canis_lupus_dingo ENSCAFG00020020685
vulpes_vulpes ENSVVUG00000016200
panthera_pardus ENSPPRG00000022240
panthera_tigris_altaica ENSPTIG00000008385
felis_catus ENSFCAG00000007286
equus_asinus_asinus ENSEASG00005009210
equus_caballus ENSECAG00000017428
bos_mutus ENSBMUG00000013807
bos_taurus ENSBTAG00000002554
bison_bison_bison ENSBBBG00000014331
ovis_aries ENSOARG00000018237
capra_hircus ENSCHIG00000007610
sus_scrofa ENSSSCG00000016453
vicugna_pacos ENSVPAG00000002690
myotis_lucifugus ENSMLUG00000025737
mus_spretus_strain_spret/eij MGP_SPRETEiJ_G0029307
mus_spicilegus ENSMSIG00000025676
mus_musculus ENSMUSG00000036667
mus_caroli_strain_caroli_eij MGP_CAROLIEiJ_G0028303
mus_pahari MGP_PahariEiJ_G0022060
rattus_norvegicus ENSRNOG00000017911
meriones_unguiculatus ENSMUGG00000021249
microtus_ochrogaster ENSMOCG00000002979
peromyscus_maniculatus_bairdii ENSPEMG00000006497
cricetulus_griseus_chok1gshd ENSCGRG00001018706
cricetulus_griseus_crigri ENSCGRG00000002833
cricetulus_griseus_crigri-picr ENSCGRG00015023977
mesocricetus_auratus ENSMAUG00000007112
nannospalax_galili ENSNGAG00000017897
jaculus_jaculus ENSJJAG00000020805
dipodomys_ordii ENSDORG00000002952
chinchilla_lanigera ENSCLAG00000001425
octodon_degus ENSODEG00000012182
cavia_porcellus ENSCPOG00000004765
cavia_aperea ENSCAPG00000009358
heterocephalus_glaber_female ENSHGLG00000008982
heterocephalus_glaber_male ENSHGLG00100004914
fukomys_damarensis ENSFDAG00000020430
urocitellus_parryii ENSUPAG00010022802
ictidomys_tridecemlineatus ENSSTOG00000025138
spermophilus_dauricus ENSSDAG00000004139
marmota_marmota_marmota ENSMMMG00000007786
oryctolagus_cuniculus ENSOCUG00000002065
tupaia_belangeri ENSTBEG00000010540
homo_sapiens ENSG00000198420
gorilla_gorilla ENSGGOG00000028463
pan_troglodytes ENSPTRG00000019817
pan_paniscus ENSPPAG00000042716
pongo_abelii ENSPPYG00000018126
nomascus_leucogenys ENSNLEG00000003360
macaca_fascicularis ENSMFAG00000041977
macaca_mulatta ENSMMUG00000005136
macaca_nemestrina ENSMNEG00000036485
theropithecus_gelada ENSTGEG00000001135
mandrillus_leucophaeus ENSMLEG00000033087
papio_anubis ENSPANG00000009650
cercocebus_atys ENSCATG00000025197
chlorocebus_sabaeus ENSCSAG00000007120
rhinopithecus_bieti ENSRBIG00000040462
rhinopithecus_roxellana ENSRROG00000043188
piliocolobus_tephrosceles ENSPTEG00000031894
colobus_angolensis_palliatus ENSCANG00000009957
cebus_capucinus ENSCCAG00000030709
saimiri_boliviensis_boliviensis ENSSBOG00000033615
callithrix_jacchus ENSCJAG00000009841
aotus_nancymaae ENSANAG00000034724
carlito_syrichta ENSTSYG00000005491
propithecus_coquereli ENSPCOG00000014857
prolemur_simus ENSPSMG00000000850
microcebus_murinus ENSMICG00000037779
otolemur_garnettii ENSOGAG00000008963
castor_canadensis ENSCCNG00000025343
choloepus_hoffmanni ENSCHOG00000010574
dasypus_novemcinctus ENSDNOG00000043006
loxodonta_africana ENSLAFG00000022000
marmota_marmota_marmota ENSMMMG00000007843
periophthalmus_magnuspinnatus ENSPMGG00000007060
poecilia_mexicana ENSPMEG00000009028
cyprinodon_variegatus ENSCVAG00000018484
scleropages_formosus ENSSFOG00015018962
sorex_araneus ENSSARG00000003216
ornithorhynchus_anatinus ENSOANG00000007516
ornithorhynchus_anatinus ENSOANG00000014145
petromyzon_marinus ENSPMAG00000004788
chelonoidis_abingdonii ENSCABG00000012303
gopherus_agassizii ENSGAGG00000007047
chrysemys_picta_bellii ENSCPBG00000009957
pelodiscus_sinensis ENSPSIG00000013366
crocodylus_porosus ENSCPRG00005012877
apteryx_haastii ENSAHAG00000006637
apteryx_haastii ENSAHAG00000006648
apteryx_owenii ENSAOWG00000008108
apteryx_owenii ENSAOWG00000008107
apteryx_rowi ENSARWG00000002019
apteryx_rowi ENSARWG00000002018
dromaius_novaehollandiae ENSDNVG00000011580
nothoprocta_perdicaria ENSNPEG00000006696
manacus_vitellinus ENSMVIG00005014201
lepidothrix_coronata ENSLCOG00000004393
junco_hyemalis ENSJHYG00000012129
zonotrichia_albicollis ENSZALG00000009975
serinus_canaria ENSSCAG00000015260
taeniopygia_guttata ENSTGUG00000013145
taeniopygia_guttata ENSTGUG00000013765
ficedula_albicollis ENSFALG00000004877
cyanistes_caeruleus ENSCCEG00000011220
parus_major ENSPMJG00000003641
melopsittacus_undulatus ENSMUNG00000014395
lonchura_striata_domestica ENSLSDG00000012572
anser_brachyrhynchus ENSABRG00000012977
anas_platyrhynchos_platyrhynchos ENSAPLG00000001052
anas_platyrhynchos_platyrhynchos ENSAPLG00000024287
lonchura_striata_domestica ENSLSDG00000012570
nothoprocta_perdicaria ENSNPEG00000006694
xenopus_tropicalis ENSXETG00000031951
chrysemys_picta_bellii ENSCPBG00000027274
gopherus_agassizii ENSGAGG00000000041
pelodiscus_sinensis ENSPSIG00000017394
chelonoidis_abingdonii ENSCABG00000014966
gopherus_agassizii ENSGAGG00000001554
chrysemys_picta_bellii ENSCPBG00000006827
chrysemys_picta_bellii ENSCPBG00000002197
pelodiscus_sinensis ENSPSIG00000008594
anolis_carolinensis ENSACAG00000005702
anolis_carolinensis ENSACAG00000025030
pogona_vitticeps ENSPVIG00000017042
pogona_vitticeps ENSPVIG00000017043
salvator_merianae ENSSMRG00000007506
salvator_merianae ENSSMRG00000008044
anolis_carolinensis ENSACAG00000011057
sphenodon_punctatus ENSSPUG00000017460
calidris_pugnax ENSCPUG00000007168
calidris_pugnax ENSCPUG00000007166
calidris_pugnax ENSCPUG00000007170
calidris_pygmaea ENSCPGG00000004866
crocodylus_porosus ENSCPRG00005012682
