drosophila_melanogaster FBgn0029849
drosophila_melanogaster FBgn0039641
caenorhabditis_elegans_strain_n2 WBGene00017480
calidris_pygmaea ENSCPGG00000013292
calidris_pugnax ENSCPUG00000015950
melopsittacus_undulatus ENSMUNG00000010910
cyanistes_caeruleus ENSCCEG00000003973
ficedula_albicollis ENSFALG00000011781
parus_major ENSPMJG00000013087
taeniopygia_guttata ENSTGUG00000001953
lonchura_striata_domestica ENSLSDG00000002920
serinus_canaria ENSSCAG00000012486
manacus_vitellinus ENSMVIG00005019800
manacus_vitellinus ENSMVIG00005019801
lepidothrix_coronata ENSLCOG00000010334
anser_brachyrhynchus ENSABRG00000007105
anas_platyrhynchos_platyrhynchos ENSAPLG00000005885
meleagris_gallopavo ENSMGAG00000003700
coturnix_japonica ENSCJPG00005004085
gallus_gallus ENSGALG00000038187
numida_meleagris ENSNMEG00000001324
apteryx_rowi ENSARWG00000001020
apteryx_owenii ENSAOWG00000014034
apteryx_haastii ENSAHAG00000016706
dromaius_novaehollandiae ENSDNVG00000010627
nothoprocta_perdicaria ENSNPEG00000008560
crocodylus_porosus ENSCPRG00005001966
gopherus_agassizii ENSGAGG00000025723
chrysemys_picta_bellii ENSCPBG00000012310
chelonoidis_abingdonii ENSCABG00000010088
pelodiscus_sinensis ENSPSIG00000008790
anolis_carolinensis ENSACAG00000029309
pogona_vitticeps ENSPVIG00000005878
salvator_merianae ENSSMRG00000009401
sphenodon_punctatus ENSSPUG00000001760
pan_paniscus ENSPPAG00000036396
pan_troglodytes ENSPTRG00000028390
gorilla_gorilla ENSGGOG00000001736
homo_sapiens ENSG00000205060
pongo_abelii ENSPPYG00000018016
nomascus_leucogenys ENSNLEG00000031117
colobus_angolensis_palliatus ENSCANG00000005404
piliocolobus_tephrosceles ENSPTEG00000033575
rhinopithecus_roxellana ENSRROG00000045405
rhinopithecus_bieti ENSRBIG00000040408
papio_anubis ENSPANG00000010324
theropithecus_gelada ENSTGEG00000024063
cercocebus_atys ENSCATG00000008533
mandrillus_leucophaeus ENSMLEG00000039877
macaca_nemestrina ENSMNEG00000043258
macaca_fascicularis ENSMFAG00000034234
macaca_mulatta ENSMMUG00000000916
chlorocebus_sabaeus ENSCSAG00000009376
cebus_capucinus ENSCCAG00000038022
saimiri_boliviensis_boliviensis ENSSBOG00000021634
callithrix_jacchus ENSCJAG00000012197
aotus_nancymaae ENSANAG00000027792
carlito_syrichta ENSTSYG00000009668
prolemur_simus ENSPSMG00000016343
propithecus_coquereli ENSPCOG00000015654
microcebus_murinus ENSMICG00000001914
otolemur_garnettii ENSOGAG00000016153
castor_canadensis ENSCCNG00000000370
dipodomys_ordii ENSDORG00000006340
mus_musculus ENSMUSG00000018999
mus_spicilegus ENSMSIG00000029129
mus_spretus_strain_spret/eij MGP_SPRETEiJ_G0029203
mus_caroli_strain_caroli_eij MGP_CAROLIEiJ_G0028203
mus_pahari MGP_PahariEiJ_G0021961
rattus_norvegicus ENSRNOG00000008851
meriones_unguiculatus ENSMUGG00000022714
cricetulus_griseus_chok1gshd ENSCGRG00001007188
cricetulus_griseus_crigri-picr ENSCGRG00015027043
cricetulus_griseus_crigri ENSCGRG00000009455
mesocricetus_auratus ENSMAUG00000000568
microtus_ochrogaster ENSMOCG00000022925
peromyscus_maniculatus_bairdii ENSPEMG00000029193
nannospalax_galili ENSNGAG00000013677
heterocephalus_glaber_female ENSHGLG00000003491
heterocephalus_glaber_male ENSHGLG00100003792
fukomys_damarensis ENSFDAG00000005465
cavia_porcellus ENSCPOG00000005594
cavia_aperea ENSCAPG00000009949
octodon_degus ENSODEG00000009840
chinchilla_lanigera ENSCLAG00000014975
urocitellus_parryii ENSUPAG00010003063
ictidomys_tridecemlineatus ENSSTOG00000012363
marmota_marmota_marmota ENSMMMG00000012929
spermophilus_dauricus ENSSDAG00000022910
tupaia_belangeri ENSTBEG00000012802
bos_taurus ENSBTAG00000003372
bos_mutus ENSBMUG00000013158
bison_bison_bison ENSBBBG00000003728
ovis_aries ENSOARG00000007177
capra_hircus ENSCHIG00000017132
tursiops_truncatus ENSTTRG00000009260
vicugna_pacos ENSVPAG00000011522
pteropus_vampyrus ENSPVAG00000014251
myotis_lucifugus ENSMLUG00000000930
ursus_maritimus ENSUMAG00000014937
ailuropoda_melanoleuca ENSAMEG00000016839
mustela_putorius_furo ENSMPUG00000004350
neovison_vison ENSNVIG00000022737
canis_lupus_dingo ENSCAFG00020023506
canis_lupus_familiaris ENSCAFG00000001300
vulpes_vulpes ENSVVUG00000013044
panthera_pardus ENSPPRG00000023442
panthera_tigris_altaica ENSPTIG00000007211
felis_catus ENSFCAG00000040517
equus_caballus ENSECAG00000012567
equus_asinus_asinus ENSEASG00005014742
dasypus_novemcinctus ENSDNOG00000012469
choloepus_hoffmanni ENSCHOG00000013217
oryctolagus_cuniculus ENSOCUG00000017218
ochotona_princeps ENSOPRG00000016890
sus_scrofa ENSSSCG00000016541
sorex_araneus ENSSARG00000006093
loxodonta_africana ENSLAFG00000012932
procavia_capensis ENSPCAG00000013344
echinops_telfairi ENSETEG00000018536
erinaceus_europaeus ENSEEUG00000012933
phascolarctos_cinereus ENSPCIG00000033782
notamacropus_eugenii ENSMEUG00000007038
sarcophilus_harrisii ENSSHAG00000006186
monodelphis_domestica ENSMODG00000014153
ornithorhynchus_anatinus ENSOANG00000011481
latimeria_chalumnae ENSLACG00000012219
paramormyrops_kingsleyae ENSPKIG00000005507
scleropages_formosus ENSSFOG00015023918
takifugu_rubripes ENSTRUG00000016876
tetraodon_nigroviridis ENSTNIG00000016005
mola_mola ENSMMOG00000012060
labrus_bergylta ENSLBEG00000010300
gasterosteus_aculeatus ENSGACG00000004350
astatotilapia_calliptera ENSACLG00000002691
maylandia_zebra ENSMZEG00005007167
haplochromis_burtoni ENSHBUG00000002193
pundamilia_nyererei ENSPNYG00000002843
neolamprologus_brichardi ENSNBRG00000021280
oreochromis_niloticus ENSONIG00000008639
amphilophus_citrinellus ENSACIG00000003198
amphiprion_percula ENSAPEG00000003547
amphiprion_ocellaris ENSAOCG00000021808
acanthochromis_polyacanthus ENSAPOG00000014155
stegastes_partitus ENSSPAG00000012652
poecilia_latipinna ENSPLAG00000021526
poecilia_formosa ENSPFOG00000001828
poecilia_mexicana ENSPMEG00000006930
poecilia_reticulata ENSPREG00000007986
xiphophorus_maculatus ENSXMAG00000016942
xiphophorus_couchianus ENSXCOG00000020816
gambusia_affinis ENSGAFG00000015218
fundulus_heteroclitus ENSFHEG00000006897
cyprinodon_variegatus ENSCVAG00000009266
kryptolebias_marmoratus ENSKMAG00000004389
oryzias_latipes_asm223469v1 ENSORLG00015008306
oryzias_latipes ENSORLG00000003802
oryzias_latipes ENSORLG00020015512
oryzias_melastigma ENSOMEG00000011299
hippocampus_comes ENSHCOG00000011230
monopterus_albus ENSMALG00000011487
mastacembelus_armatus ENSMAMG00000023202
anabas_testudineus ENSATEG00000017404
scophthalmus_maximus ENSSMAG00000008776
cynoglossus_semilaevis ENSCSEG00000015228
seriola_lalandi_dorsalis ENSSLDG00000011185
seriola_dumerili ENSSDUG00000022589
periophthalmus_magnuspinnatus ENSPMGG00000005707
gadus_morhua ENSGMOG00000001429
esox_lucius ENSELUG00000008530
pygocentrus_nattereri ENSPNAG00000029957
astyanax_mexicanus ENSAMXG00000017675
ictalurus_punctatus ENSIPUG00000023068
danio_rerio ENSDARG00000071087
lepisosteus_oculatus ENSLOCG00000015627
petromyzon_marinus ENSPMAG00000000899
eptatretus_burgeri ENSEBUG00000012439
ciona_savignyi ENSCSAVG00000008132
ciona_savignyi ENSCSAVG00000008130
ciona_intestinalis ENSCING00000000399
saccharomyces_cerevisiae YEL004W
