nannospalax_galili ENSNGAG00000010043
nannospalax_galili ENSNGAG00000009720
peromyscus_maniculatus_bairdii ENSPEMG00000015541
microtus_ochrogaster ENSMOCG00000011300
cricetulus_griseus_chok1gshd ENSCGRG00001012213
cricetulus_griseus_crigri ENSCGRG00000007137
cricetulus_griseus_crigri ENSCGRG00000003167
cricetulus_griseus_chok1gshd ENSCGRG00001016334
cricetulus_griseus_crigri-picr ENSCGRG00015009170
mesocricetus_auratus ENSMAUG00000014302
mus_spretus_strain_spret/eij MGP_SPRETEiJ_G0022312
mus_musculus ENSMUSG00000067430
mus_spicilegus ENSMSIG00000022155
mus_caroli_strain_caroli_eij MGP_CAROLIEiJ_G0021399
mus_pahari MGP_PahariEiJ_G0020405
rattus_norvegicus ENSRNOG00000057416
meriones_unguiculatus ENSMUGG00000013713
meriones_unguiculatus ENSMUGG00000013646
mus_spretus_strain_spret/eij MGP_SPRETEiJ_G0016478
cricetulus_griseus_crigri-picr ENSCGRG00015004446
castor_canadensis ENSCCNG00000011483
rhinopithecus_roxellana ENSRROG00000042913
rhinopithecus_bieti ENSRBIG00000036716
colobus_angolensis_palliatus ENSCANG00000031162
papio_anubis ENSPANG00000030542
piliocolobus_tephrosceles ENSPTEG00000014559
homo_sapiens ENSG00000243660
gorilla_gorilla ENSGGOG00000012266
pan_troglodytes ENSPTRG00000043193
pan_paniscus ENSPPAG00000032625
pongo_abelii ENSPPYG00000002213
nomascus_leucogenys ENSNLEG00000029427
mandrillus_leucophaeus ENSMLEG00000043005
cercocebus_atys ENSCATG00000034028
theropithecus_gelada ENSTGEG00000010269
macaca_fascicularis ENSMFAG00000038768
macaca_nemestrina ENSMNEG00000042216
chlorocebus_sabaeus ENSCSAG00000010937
rhinopithecus_bieti ENSRBIG00000000038
rhinopithecus_roxellana ENSRROG00000039432
callithrix_jacchus ENSCJAG00000016245
pan_paniscus ENSPPAG00000027614
pan_troglodytes ENSPTRG00000008475
homo_sapiens ENSG00000170100
gorilla_gorilla ENSGGOG00000003326
pongo_abelii ENSPPYG00000007662
nomascus_leucogenys ENSNLEG00000015708
macaca_mulatta ENSMMUG00000037464
macaca_nemestrina ENSMNEG00000040218
macaca_fascicularis ENSMFAG00000032442
mandrillus_leucophaeus ENSMLEG00000037385
cercocebus_atys ENSCATG00000034433
papio_anubis ENSPANG00000025453
theropithecus_gelada ENSTGEG00000021224
chlorocebus_sabaeus ENSCSAG00000002857
rhinopithecus_bieti ENSRBIG00000033205
rhinopithecus_roxellana ENSRROG00000032271
piliocolobus_tephrosceles ENSPTEG00000037931
colobus_angolensis_palliatus ENSCANG00000033524
cebus_capucinus ENSCCAG00000036765
saimiri_boliviensis_boliviensis ENSSBOG00000027712
callithrix_jacchus ENSCJAG00000039428
callithrix_jacchus ENSCJAG00000010892
aotus_nancymaae ENSANAG00000022193
carlito_syrichta ENSTSYG00000032070
microcebus_murinus ENSMICG00000047407
microcebus_murinus ENSMICG00000034561
propithecus_coquereli ENSPCOG00000014874
prolemur_simus ENSPSMG00000009944
otolemur_garnettii ENSOGAG00000027711
monopterus_albus ENSMALG00000003423
maylandia_zebra ENSMZEG00005020160
