cercocebus_atys ENSCATG00000000492
mandrillus_leucophaeus ENSMLEG00000036207
macaca_nemestrina ENSMNEG00000030947
colobus_angolensis_palliatus ENSCANG00000032309
macaca_fascicularis ENSMFAG00000027665
aotus_nancymaae ENSANAG00000020869
prolemur_simus ENSPSMG00000018833
heterocephalus_glaber_male ENSHGLG00100000974
mus_spicilegus ENSMSIG00000020174
aotus_nancymaae ENSANAG00000006710
aotus_nancymaae ENSANAG00000019882
aotus_nancymaae ENSANAG00000019432
callithrix_jacchus ENSCJAG00000045138
oryctolagus_cuniculus ENSOCUG00000012284
jaculus_jaculus ENSJJAG00000006327
microcebus_murinus ENSMICG00000015369
propithecus_coquereli ENSPCOG00000003538
papio_anubis ENSPANG00000033303
mandrillus_leucophaeus ENSMLEG00000000797
theropithecus_gelada ENSTGEG00000001169
cercocebus_atys ENSCATG00000016774
macaca_fascicularis ENSMFAG00000013877
macaca_nemestrina ENSMNEG00000014068
macaca_mulatta ENSMMUG00000031635
colobus_angolensis_palliatus ENSCANG00000027827
microcebus_murinus ENSMICG00000005503
erinaceus_europaeus ENSEEUG00000006991
cricetulus_griseus_chok1gshd ENSCGRG00001000446
ictidomys_tridecemlineatus ENSSTOG00000008654
cavia_porcellus ENSCPOG00000036891
microtus_ochrogaster ENSMOCG00000014309
mesocricetus_auratus ENSMAUG00000020530
rattus_norvegicus ENSRNOG00000032232
jaculus_jaculus ENSJJAG00000015198
oryctolagus_cuniculus ENSOCUG00000011214
ochotona_princeps ENSOPRG00000001093
pan_paniscus ENSPPAG00000037542
gorilla_gorilla ENSGGOG00000036639
chlorocebus_sabaeus ENSCSAG00000015147
chlorocebus_sabaeus ENSCSAG00000000372
pan_troglodytes ENSPTRG00000042762
neovison_vison ENSNVIG00000020114
neovison_vison ENSNVIG00000014239
canis_lupus_dingo ENSCAFG00020001862
mus_pahari MGP_PahariEiJ_G0022330
mustela_putorius_furo ENSMPUG00000007221
heterocephalus_glaber_male ENSHGLG00100000851
vulpes_vulpes ENSVVUG00000002858
peromyscus_maniculatus_bairdii ENSPEMG00000014690
canis_lupus_familiaris ENSCAFG00000032595
piliocolobus_tephrosceles ENSPTEG00000002631
piliocolobus_tephrosceles ENSPTEG00000006551
jaculus_jaculus ENSJJAG00000004224
peromyscus_maniculatus_bairdii ENSPEMG00000025615
panthera_tigris_altaica ENSPTIG00000002303
panthera_pardus ENSPPRG00000021536
dasypus_novemcinctus ENSDNOG00000045718
bos_taurus ENSBTAG00000034506
mustela_putorius_furo ENSMPUG00000018774
microcebus_murinus ENSMICG00000032669
jaculus_jaculus ENSJJAG00000016975
felis_catus ENSFCAG00000035486
neovison_vison ENSNVIG00000019574
aotus_nancymaae ENSANAG00000019989
tursiops_truncatus ENSTTRG00000001197
neovison_vison ENSNVIG00000009630
mandrillus_leucophaeus ENSMLEG00000030697
mandrillus_leucophaeus ENSMLEG00000034222
cercocebus_atys ENSCATG00000031023
theropithecus_gelada ENSTGEG00000001379
rhinopithecus_bieti ENSRBIG00000026802
rhinopithecus_roxellana ENSRROG00000037134
piliocolobus_tephrosceles ENSPTEG00000025248
theropithecus_gelada ENSTGEG00000020425
theropithecus_gelada ENSTGEG00000026626
rhinopithecus_roxellana ENSRROG00000032968
propithecus_coquereli ENSPCOG00000024442
saimiri_boliviensis_boliviensis ENSSBOG00000026763
aotus_nancymaae ENSANAG00000023461
piliocolobus_tephrosceles ENSPTEG00000039750
carlito_syrichta ENSTSYG00000026369
cavia_aperea ENSCAPG00000002047
heterocephalus_glaber_female ENSHGLG00000004152
ictidomys_tridecemlineatus ENSSTOG00000019596
spermophilus_dauricus ENSSDAG00000008410
urocitellus_parryii ENSUPAG00010007384
urocitellus_parryii ENSUPAG00010018617
jaculus_jaculus ENSJJAG00000012999
rattus_norvegicus ENSRNOG00000058521
neovison_vison ENSNVIG00000017358
vulpes_vulpes ENSVVUG00000000890
felis_catus ENSFCAG00000008118
equus_caballus ENSECAG00000001370
equus_asinus_asinus ENSEASG00005008384
aotus_nancymaae ENSANAG00000019847
aotus_nancymaae ENSANAG00000036971
nomascus_leucogenys ENSNLEG00000030825
theropithecus_gelada ENSTGEG00000012357
cricetulus_griseus_crigri ENSCGRG00000011028
cricetulus_griseus_chok1gshd ENSCGRG00001013591
cricetulus_griseus_crigri-picr ENSCGRG00015022353
heterocephalus_glaber_female ENSHGLG00000018568
panthera_pardus ENSPPRG00000015709
bison_bison_bison ENSBBBG00000008069
rhinopithecus_bieti ENSRBIG00000036899
aotus_nancymaae ENSANAG00000017661
spermophilus_dauricus ENSSDAG00000016647
papio_anubis ENSPANG00000032445
theropithecus_gelada ENSTGEG00000008986
mandrillus_leucophaeus ENSMLEG00000028511
cercocebus_atys ENSCATG00000030279
castor_canadensis ENSCCNG00000019363
canis_lupus_dingo ENSCAFG00020023429
vulpes_vulpes ENSVVUG00000005535
marmota_marmota_marmota ENSMMMG00000022922
rhinopithecus_roxellana ENSRROG00000029552
bison_bison_bison ENSBBBG00000003741
peromyscus_maniculatus_bairdii ENSPEMG00000027783
dipodomys_ordii ENSDORG00000005623
dasypus_novemcinctus ENSDNOG00000019446
ursus_maritimus ENSUMAG00000021476
macaca_mulatta ENSMMUG00000030176
pongo_abelii ENSPPYG00000009646
callithrix_jacchus ENSCJAG00000022419
saimiri_boliviensis_boliviensis ENSSBOG00000020739
aotus_nancymaae ENSANAG00000005705
cricetulus_griseus_chok1gshd ENSCGRG00001010645
cricetulus_griseus_crigri-picr ENSCGRG00015025494
jaculus_jaculus ENSJJAG00000009736
castor_canadensis ENSCCNG00000030109
marmota_marmota_marmota ENSMMMG00000002661
urocitellus_parryii ENSUPAG00010023620
heterocephalus_glaber_female ENSHGLG00000005767
tupaia_belangeri ENSTBEG00000017381
panthera_pardus ENSPPRG00000011894
erinaceus_europaeus ENSEEUG00000001932
choloepus_hoffmanni ENSCHOG00000000130
cricetulus_griseus_crigri ENSCGRG00000000133
cricetulus_griseus_chok1gshd ENSCGRG00001011009
meriones_unguiculatus ENSMUGG00000005603
microcebus_murinus ENSMICG00000036425
macaca_fascicularis ENSMFAG00000043682
saimiri_boliviensis_boliviensis ENSSBOG00000004446
microcebus_murinus ENSMICG00000033993
fukomys_damarensis ENSFDAG00000005075
callithrix_jacchus ENSCJAG00000046709
saimiri_boliviensis_boliviensis ENSSBOG00000022826
nomascus_leucogenys ENSNLEG00000031314
gorilla_gorilla ENSGGOG00000022169
macaca_mulatta ENSMMUG00000032514
nomascus_leucogenys ENSNLEG00000029162
callithrix_jacchus ENSCJAG00000042327
saimiri_boliviensis_boliviensis ENSSBOG00000028922
saimiri_boliviensis_boliviensis ENSSBOG00000022793
prolemur_simus ENSPSMG00000019699
cricetulus_griseus_crigri-picr ENSCGRG00015004314
peromyscus_maniculatus_bairdii ENSPEMG00000031129
jaculus_jaculus ENSJJAG00000011161
propithecus_coquereli ENSPCOG00000021128
castor_canadensis ENSCCNG00000010759
castor_canadensis ENSCCNG00000002411
piliocolobus_tephrosceles ENSPTEG00000035335
fukomys_damarensis ENSFDAG00000009371
gorilla_gorilla ENSGGOG00000036975
nomascus_leucogenys ENSNLEG00000036278
macaca_mulatta ENSMMUG00000047159
macaca_fascicularis ENSMFAG00000001179
papio_anubis ENSPANG00000030725
cercocebus_atys ENSCATG00000044172
tupaia_belangeri ENSTBEG00000000061
carlito_syrichta ENSTSYG00000005729
prolemur_simus ENSPSMG00000021223
bos_taurus ENSBTAG00000050695
bos_mutus ENSBMUG00000017218
bison_bison_bison ENSBBBG00000014956
bos_mutus ENSBMUG00000021819
bos_mutus ENSBMUG00000023326
bos_taurus ENSBTAG00000049132
bison_bison_bison ENSBBBG00000016187
capra_hircus ENSCHIG00000002486
ovis_aries ENSOARG00000017484
capra_hircus ENSCHIG00000009012
capra_hircus ENSCHIG00000012507
ovis_aries ENSOARG00000006020
bos_taurus ENSBTAG00000014104
bos_mutus ENSBMUG00000025556
bison_bison_bison ENSBBBG00000005306
vulpes_vulpes ENSVVUG00000000415
canis_lupus_dingo ENSCAFG00020007381
mustela_putorius_furo ENSMPUG00000019200
jaculus_jaculus ENSJJAG00000022665
jaculus_jaculus ENSJJAG00000014502
ictidomys_tridecemlineatus ENSSTOG00000029967
propithecus_coquereli ENSPCOG00000015976
macaca_nemestrina ENSMNEG00000045190
capra_hircus ENSCHIG00000022682
capra_hircus ENSCHIG00000014762
rhinopithecus_roxellana ENSRROG00000034265
microtus_ochrogaster ENSMOCG00000014126
equus_caballus ENSECAG00000038646
equus_asinus_asinus ENSEASG00005011820
panthera_pardus ENSPPRG00000009976
pan_paniscus ENSPPAG00000043268
pan_troglodytes ENSPTRG00000041856
gorilla_gorilla ENSGGOG00000040381
nomascus_leucogenys ENSNLEG00000027426
rhinopithecus_bieti ENSRBIG00000030046
rhinopithecus_roxellana ENSRROG00000045277
ovis_aries ENSOARG00000000211
neovison_vison ENSNVIG00000014441
panthera_pardus ENSPPRG00000007431
felis_catus ENSFCAG00000028363
panthera_tigris_altaica ENSPTIG00000003291
bos_taurus ENSBTAG00000038368
urocitellus_parryii ENSUPAG00010018763
spermophilus_dauricus ENSSDAG00000014759
ictidomys_tridecemlineatus ENSSTOG00000011041
mus_spicilegus ENSMSIG00000015548
mus_spicilegus ENSMSIG00000009812
mus_spretus_strain_spret/eij MGP_SPRETEiJ_G0020637
dipodomys_ordii ENSDORG00000030093
callithrix_jacchus ENSCJAG00000040628
mus_spicilegus ENSMSIG00000015429
felis_catus ENSFCAG00000045921
chinchilla_lanigera ENSCLAG00000012216
mus_spretus_strain_spret/eij MGP_SPRETEiJ_G0029604
vicugna_pacos ENSVPAG00000007452
sus_scrofa ENSSSCG00000024776
octodon_degus ENSODEG00000011198
mus_musculus ENSMUSG00000057278
pongo_abelii ENSPPYG00000012324
panthera_tigris_altaica ENSPTIG00000016786
rhinopithecus_bieti ENSRBIG00000039564
urocitellus_parryii ENSUPAG00010005652
spermophilus_dauricus ENSSDAG00000005459
cricetulus_griseus_crigri ENSCGRG00000002261
cricetulus_griseus_chok1gshd ENSCGRG00001011831
cricetulus_griseus_crigri-picr ENSCGRG00015018487
rattus_norvegicus ENSRNOG00000016507
nannospalax_galili ENSNGAG00000020309
fukomys_damarensis ENSFDAG00000012567
rhinopithecus_roxellana ENSRROG00000045586
ovis_aries ENSOARG00000019701
pteropus_vampyrus ENSPVAG00000004855
ursus_americanus ENSUAMG00000025835
felis_catus ENSFCAG00000024033
loxodonta_africana ENSLAFG00000002301
callithrix_jacchus ENSCJAG00000019624
piliocolobus_tephrosceles ENSPTEG00000017297
marmota_marmota_marmota ENSMMMG00000004771
spermophilus_dauricus ENSSDAG00000021770
mus_caroli_strain_caroli_eij MGP_CAROLIEiJ_G0028593
meriones_unguiculatus ENSMUGG00000021023
dipodomys_ordii ENSDORG00000023335
bison_bison_bison ENSBBBG00000007945
vulpes_vulpes ENSVVUG00000019343
echinops_telfairi ENSETEG00000010028
neovison_vison ENSNVIG00000018920
ursus_maritimus ENSUMAG00000003604
ursus_americanus ENSUAMG00000008324
ursus_maritimus ENSUMAG00000005603
equus_asinus_asinus ENSEASG00005007399
equus_caballus ENSECAG00000019989
vicugna_pacos ENSVPAG00000007454
ailuropoda_melanoleuca ENSAMEG00000016000
neovison_vison ENSNVIG00000003352
bos_mutus ENSBMUG00000020905
cebus_capucinus ENSCCAG00000030474
saimiri_boliviensis_boliviensis ENSSBOG00000023307
callithrix_jacchus ENSCJAG00000019313
aotus_nancymaae ENSANAG00000028737
pan_troglodytes ENSPTRG00000012029
pan_paniscus ENSPPAG00000029464
homo_sapiens ENSG00000143977
gorilla_gorilla ENSGGOG00000039645
nomascus_leucogenys ENSNLEG00000010182
macaca_mulatta ENSMMUG00000007961
macaca_nemestrina ENSMNEG00000028209
macaca_fascicularis ENSMFAG00000041083
mandrillus_leucophaeus ENSMLEG00000031343
cercocebus_atys ENSCATG00000020914
papio_anubis ENSPANG00000029931
colobus_angolensis_palliatus ENSCANG00000008822
carlito_syrichta ENSTSYG00000034550
anas_platyrhynchos_platyrhynchos ENSAPLG00000003951
junco_hyemalis ENSJHYG00000001931
otolemur_garnettii ENSOGAG00000015300
bos_taurus ENSBTAG00000053210
taeniopygia_guttata ENSTGUG00000004149
coturnix_japonica ENSCJPG00005011731
parus_major ENSPMJG00000015822
nothoprocta_perdicaria ENSNPEG00000010206
cyanistes_caeruleus ENSCCEG00000006265
manacus_vitellinus ENSMVIG00005018512
lonchura_striata_domestica ENSLSDG00000016591
anser_brachyrhynchus ENSABRG00000019767
apteryx_haastii ENSAHAG00000005685
apteryx_owenii ENSAOWG00000007014
dromaius_novaehollandiae ENSDNVG00000008938
numida_meleagris ENSNMEG00000000327
myotis_lucifugus ENSMLUG00000026490
myotis_lucifugus ENSMLUG00000024983
myotis_lucifugus ENSMLUG00000025938
serinus_canaria ENSSCAG00000014972
amphilophus_citrinellus ENSACIG00000006560
stegastes_partitus ENSSPAG00000008300
oryzias_latipes ENSORLG00000025456
monopterus_albus ENSMALG00000006421
gasterosteus_aculeatus ENSGACG00000013201
gadus_morhua ENSGMOG00000006239
astyanax_mexicanus ENSAMXG00000030568
notamacropus_eugenii ENSMEUG00000005457
phascolarctos_cinereus ENSPCIG00000017076
pogona_vitticeps ENSPVIG00000016711
anolis_carolinensis ENSACAG00000007878
notechis_scutatus ENSNSUG00000020329
salvator_merianae ENSSMRG00000015536
salvator_merianae ENSSMRG00000016108
ficedula_albicollis ENSFALG00000008384
lepidothrix_coronata ENSLCOG00000007292
melopsittacus_undulatus ENSMUNG00000006616
cricetulus_griseus_chok1gshd ENSCGRG00001012757
monodelphis_domestica ENSMODG00000011528
sarcophilus_harrisii ENSSHAG00000012395
gallus_gallus ENSGALG00000028409
phascolarctos_cinereus ENSPCIG00000022813
apteryx_rowi ENSARWG00000011810
latimeria_chalumnae ENSLACG00000017900
oryzias_melastigma ENSOMEG00000010583
esox_lucius ENSELUG00000013944
paramormyrops_kingsleyae ENSPKIG00000015072
poecilia_formosa ENSPFOG00000016200
poecilia_mexicana ENSPMEG00000018925
poecilia_latipinna ENSPLAG00000007294
gambusia_affinis ENSGAFG00000000100
xiphophorus_maculatus ENSXMAG00000004353
oryzias_latipes_asm223469v1 ENSORLG00015015013
hippocampus_comes ENSHCOG00000014878
poecilia_reticulata ENSPREG00000005370
fundulus_heteroclitus ENSFHEG00000012063
oryzias_latipes ENSORLG00020020500
xiphophorus_couchianus ENSXCOG00000000088
acanthochromis_polyacanthus ENSAPOG00000013277
acanthochromis_polyacanthus ENSAPOG00000009068
neolamprologus_brichardi ENSNBRG00000008674
mola_mola ENSMMOG00000017624
takifugu_rubripes ENSTRUG00000004040
periophthalmus_magnuspinnatus ENSPMGG00000012549
cynoglossus_semilaevis ENSCSEG00000003401
monopterus_albus ENSMALG00000002114
cyprinodon_variegatus ENSCVAG00000012770
maylandia_zebra ENSMZEG00005022235
seriola_dumerili ENSSDUG00000014103
mastacembelus_armatus ENSMAMG00000016077
seriola_lalandi_dorsalis ENSSLDG00000015482
anabas_testudineus ENSATEG00000023229
amphiprion_percula ENSAPEG00000017249
amphiprion_ocellaris ENSAOCG00000006447
kryptolebias_marmoratus ENSKMAG00000005677
astatotilapia_calliptera ENSACLG00000006323
haplochromis_burtoni ENSHBUG00000006405
pundamilia_nyererei ENSPNYG00000008962
pygocentrus_nattereri ENSPNAG00000022455
labrus_bergylta ENSLBEG00000016516
tetraodon_nigroviridis ENSTNIG00000003506
scophthalmus_maximus ENSSMAG00000001167
danio_rerio ENSDARG00000099667
ictalurus_punctatus ENSIPUG00000006885
scleropages_formosus ENSSFOG00015019030
lepisosteus_oculatus ENSLOCG00000015662
gopherus_agassizii ENSGAGG00000007536
chelonoidis_abingdonii ENSCABG00000006475
chrysemys_picta_bellii ENSCPBG00000003642
sphenodon_punctatus ENSSPUG00000008514
xenopus_tropicalis ENSXETG00000008512
ursus_maritimus ENSUMAG00000016465
ursus_americanus ENSUAMG00000020319
cricetulus_griseus_crigri ENSCGRG00000008511
cricetulus_griseus_chok1gshd ENSCGRG00001013878
petromyzon_marinus ENSPMAG00000000033
drosophila_melanogaster FBgn0261791
