latimeria_chalumnae ENSLACG00000007224
xenopus_tropicalis ENSXETG00000001972
pygocentrus_nattereri ENSPNAG00000011216
astyanax_mexicanus ENSAMXG00000037615
ictalurus_punctatus ENSIPUG00000010730
danio_rerio ENSDARG00000029936
xiphophorus_couchianus ENSXCOG00000001961
xiphophorus_maculatus ENSXMAG00000019280
gambusia_affinis ENSGAFG00000012129
poecilia_formosa ENSPFOG00000010898
poecilia_latipinna ENSPLAG00000000227
poecilia_mexicana ENSPMEG00000013295
poecilia_reticulata ENSPREG00000021523
cyprinodon_variegatus ENSCVAG00000009193
fundulus_heteroclitus ENSFHEG00000009846
kryptolebias_marmoratus ENSKMAG00000021923
oryzias_latipes_asm223469v1 ENSORLG00015015038
oryzias_latipes ENSORLG00020016711
oryzias_latipes ENSORLG00000004671
oryzias_melastigma ENSOMEG00000016233
gasterosteus_aculeatus ENSGACG00000015345
amphiprion_percula ENSAPEG00000022481
amphiprion_ocellaris ENSAOCG00000024733
acanthochromis_polyacanthus ENSAPOG00000004762
stegastes_partitus ENSSPAG00000004876
neolamprologus_brichardi ENSNBRG00000018315
neolamprologus_brichardi ENSNBRG00000000039
pundamilia_nyererei ENSPNYG00000002562
haplochromis_burtoni ENSHBUG00000001762
maylandia_zebra ENSMZEG00005003096
astatotilapia_calliptera ENSACLG00000023970
oreochromis_niloticus ENSONIG00000003200
amphilophus_citrinellus ENSACIG00000022610
mastacembelus_armatus ENSMAMG00000003632
monopterus_albus ENSMALG00000015646
seriola_lalandi_dorsalis ENSSLDG00000002122
seriola_dumerili ENSSDUG00000005384
anabas_testudineus ENSATEG00000013759
cynoglossus_semilaevis ENSCSEG00000000499
labrus_bergylta ENSLBEG00000012742
takifugu_rubripes ENSTRUG00000017214
tetraodon_nigroviridis ENSTNIG00000001396
mola_mola ENSMMOG00000017930
scophthalmus_maximus ENSSMAG00000011236
hippocampus_comes ENSHCOG00000002324
periophthalmus_magnuspinnatus ENSPMGG00000017804
gadus_morhua ENSGMOG00000005798
esox_lucius ENSELUG00000001075
poecilia_mexicana ENSPMEG00000000494
poecilia_formosa ENSPFOG00000014947
poecilia_latipinna ENSPLAG00000020352
poecilia_reticulata ENSPREG00000009638
xiphophorus_couchianus ENSXCOG00000018865
xiphophorus_maculatus ENSXMAG00000011689
gambusia_affinis ENSGAFG00000021261
cyprinodon_variegatus ENSCVAG00000018440
fundulus_heteroclitus ENSFHEG00000013959
kryptolebias_marmoratus ENSKMAG00000000562
oryzias_latipes_asm223469v1 ENSORLG00015013546
oryzias_latipes ENSORLG00000012661
oryzias_latipes ENSORLG00020010291
oryzias_melastigma ENSOMEG00000010514
takifugu_rubripes ENSTRUG00000012971
tetraodon_nigroviridis ENSTNIG00000013891
mola_mola ENSMMOG00000019878
cynoglossus_semilaevis ENSCSEG00000004149
monopterus_albus ENSMALG00000005902
mastacembelus_armatus ENSMAMG00000016347
anabas_testudineus ENSATEG00000009687
seriola_dumerili ENSSDUG00000006094
seriola_lalandi_dorsalis ENSSLDG00000018522
scophthalmus_maximus ENSSMAG00000019606
periophthalmus_magnuspinnatus ENSPMGG00000010682
amphiprion_ocellaris ENSAOCG00000016431
amphiprion_percula ENSAPEG00000007446
acanthochromis_polyacanthus ENSAPOG00000001132
stegastes_partitus ENSSPAG00000006445
haplochromis_burtoni ENSHBUG00000005151
astatotilapia_calliptera ENSACLG00000001890
pundamilia_nyererei ENSPNYG00000014544
maylandia_zebra ENSMZEG00005022085
neolamprologus_brichardi ENSNBRG00000004229
oreochromis_niloticus ENSONIG00000014191
amphilophus_citrinellus ENSACIG00000022575
gasterosteus_aculeatus ENSGACG00000003127
labrus_bergylta ENSLBEG00000001774
gadus_morhua ENSGMOG00000011575
esox_lucius ENSELUG00000020861
pygocentrus_nattereri ENSPNAG00000023379
astyanax_mexicanus ENSAMXG00000035177
ictalurus_punctatus ENSIPUG00000014340
danio_rerio ENSDARG00000030269
scleropages_formosus ENSSFOG00015007908
paramormyrops_kingsleyae ENSPKIG00000009522
lepisosteus_oculatus ENSLOCG00000009858
choloepus_hoffmanni ENSCHOG00000005637
dasypus_novemcinctus ENSDNOG00000017542
loxodonta_africana ENSLAFG00000011140
procavia_capensis ENSPCAG00000009478
echinops_telfairi ENSETEG00000014583
pteropus_vampyrus ENSPVAG00000010878
myotis_lucifugus ENSMLUG00000015120
ursus_americanus ENSUAMG00000006530
ursus_maritimus ENSUMAG00000020903
ailuropoda_melanoleuca ENSAMEG00000004752
mustela_putorius_furo ENSMPUG00000009861
neovison_vison ENSNVIG00000000160
canis_lupus_familiaris ENSCAFG00000006334
canis_lupus_dingo ENSCAFG00020016030
vulpes_vulpes ENSVVUG00000013662
panthera_pardus ENSPPRG00000008634
panthera_tigris_altaica ENSPTIG00000017519
felis_catus ENSFCAG00000014248
bos_taurus ENSBTAG00000010246
bos_mutus ENSBMUG00000012813
bison_bison_bison ENSBBBG00000020114
capra_hircus ENSCHIG00000000310
ovis_aries ENSOARG00000008284
sus_scrofa ENSSSCG00000009554
tursiops_truncatus ENSTTRG00000004466
vicugna_pacos ENSVPAG00000008417
equus_asinus_asinus ENSEASG00005021910
equus_caballus ENSECAG00000023426
propithecus_coquereli ENSPCOG00000021296
prolemur_simus ENSPSMG00000016744
microcebus_murinus ENSMICG00000012739
otolemur_garnettii ENSOGAG00000009900
macaca_fascicularis ENSMFAG00000039147
macaca_mulatta ENSMMUG00000009791
macaca_nemestrina ENSMNEG00000036000
papio_anubis ENSPANG00000020893
cercocebus_atys ENSCATG00000018678
theropithecus_gelada ENSTGEG00000015948
chlorocebus_sabaeus ENSCSAG00000017435
colobus_angolensis_palliatus ENSCANG00000031218
piliocolobus_tephrosceles ENSPTEG00000037567
rhinopithecus_roxellana ENSRROG00000029184
pan_paniscus ENSPPAG00000037417
pan_troglodytes ENSPTRG00000006056
homo_sapiens ENSG00000139835
nomascus_leucogenys ENSNLEG00000000754
pongo_abelii ENSPPYG00000005525
gorilla_gorilla ENSGGOG00000003049
rhinopithecus_bieti ENSRBIG00000044502
piliocolobus_tephrosceles ENSPTEG00000016577
mandrillus_leucophaeus ENSMLEG00000030651
saimiri_boliviensis_boliviensis ENSSBOG00000035632
cebus_capucinus ENSCCAG00000018096
callithrix_jacchus ENSCJAG00000006915
aotus_nancymaae ENSANAG00000029704
carlito_syrichta ENSTSYG00000025442
castor_canadensis ENSCCNG00000008791
dipodomys_ordii ENSDORG00000025526
mus_musculus ENSMUSG00000038515
mus_spretus_strain_spret/eij MGP_SPRETEiJ_G0031945
mus_caroli_strain_caroli_eij MGP_CAROLIEiJ_G0030836
mus_spicilegus ENSMSIG00000006285
mus_pahari MGP_PahariEiJ_G0021298
rattus_norvegicus ENSRNOG00000061995
rattus_norvegicus ENSRNOG00000019504
meriones_unguiculatus ENSMUGG00000014598
cricetulus_griseus_crigri-picr ENSCGRG00015022111
cricetulus_griseus_chok1gshd ENSCGRG00001015044
cricetulus_griseus_crigri ENSCGRG00000017327
mesocricetus_auratus ENSMAUG00000021561
microtus_ochrogaster ENSMOCG00000012987
peromyscus_maniculatus_bairdii ENSPEMG00000019914
nannospalax_galili ENSNGAG00000011456
jaculus_jaculus ENSJJAG00000016679
jaculus_jaculus ENSJJAG00000006718
spermophilus_dauricus ENSSDAG00000017469
marmota_marmota_marmota ENSMMMG00000014534
urocitellus_parryii ENSUPAG00010011479
ictidomys_tridecemlineatus ENSSTOG00000003972
heterocephalus_glaber_female ENSHGLG00000002306
heterocephalus_glaber_male ENSHGLG00100011534
fukomys_damarensis ENSFDAG00000018473
octodon_degus ENSODEG00000007871
chinchilla_lanigera ENSCLAG00000003539
cavia_aperea ENSCAPG00000014036
cavia_porcellus ENSCPOG00000013842
oryctolagus_cuniculus ENSOCUG00000021086
ornithorhynchus_anatinus ENSOANG00000015634
phascolarctos_cinereus ENSPCIG00000016553
notamacropus_eugenii ENSMEUG00000003368
sarcophilus_harrisii ENSSHAG00000016488
monodelphis_domestica ENSMODG00000003875
junco_hyemalis ENSJHYG00000003704
zonotrichia_albicollis ENSZALG00000006939
serinus_canaria ENSSCAG00000004464
taeniopygia_guttata ENSTGUG00000009208
lonchura_striata_domestica ENSLSDG00000009188
ficedula_albicollis ENSFALG00000003266
parus_major ENSPMJG00000011596
cyanistes_caeruleus ENSCCEG00000000753
lepidothrix_coronata ENSLCOG00000004402
manacus_vitellinus ENSMVIG00005017057
melopsittacus_undulatus ENSMUNG00000016679
calidris_pygmaea ENSCPGG00000007464
calidris_pugnax ENSCPUG00000006675
gallus_gallus ENSGALG00000016828
meleagris_gallopavo ENSMGAG00000014849
coturnix_japonica ENSCJPG00005013681
numida_meleagris ENSNMEG00000017789
anser_brachyrhynchus ENSABRG00000013042
anas_platyrhynchos_platyrhynchos ENSAPLG00000015320
apteryx_haastii ENSAHAG00000015152
apteryx_owenii ENSAOWG00000014910
apteryx_rowi ENSARWG00000016789
dromaius_novaehollandiae ENSDNVG00000005103
nothoprocta_perdicaria ENSNPEG00000015486
crocodylus_porosus ENSCPRG00005016310
chelonoidis_abingdonii ENSCABG00000013894
gopherus_agassizii ENSGAGG00000002129
chrysemys_picta_bellii ENSCPBG00000019801
pelodiscus_sinensis ENSPSIG00000013333
pogona_vitticeps ENSPVIG00000022050
anolis_carolinensis ENSACAG00000000265
notechis_scutatus ENSNSUG00000018588
salvator_merianae ENSSMRG00000001307
sphenodon_punctatus ENSSPUG00000002276
choloepus_hoffmanni ENSCHOG00000008631
procavia_capensis ENSPCAG00000011679
rhinopithecus_bieti ENSRBIG00000036828
colobus_angolensis_palliatus ENSCANG00000036668
macaca_nemestrina ENSMNEG00000042178
microcebus_murinus ENSMICG00000045617
ochotona_princeps ENSOPRG00000017124
ochotona_princeps ENSOPRG00000015614
mus_caroli_strain_caroli_eij MGP_CAROLIEiJ_G0030837
ursus_maritimus ENSUMAG00000020901
ursus_americanus ENSUAMG00000006532
ailuropoda_melanoleuca ENSAMEG00000004712
canis_lupus_familiaris ENSCAFG00000030085
canis_lupus_dingo ENSCAFG00020016026
panthera_pardus ENSPPRG00000009079
panthera_tigris_altaica ENSPTIG00000017462
felis_catus ENSFCAG00000014249
bos_mutus ENSBMUG00000012657
equus_asinus_asinus ENSEASG00005021909
equus_caballus ENSECAG00000033224
monodelphis_domestica ENSMODG00000003846
manacus_vitellinus ENSMVIG00005017065
parus_major ENSPMJG00000011597
nothoprocta_perdicaria ENSNPEG00000009112
gallus_gallus ENSGALG00000016826
numida_meleagris ENSNMEG00000017788
xenopus_tropicalis ENSXETG00000006487
xenopus_tropicalis ENSXETG00000031958
oryzias_melastigma ENSOMEG00000016259
periophthalmus_magnuspinnatus ENSPMGG00000017806
latimeria_chalumnae ENSLACG00000018141
lepisosteus_oculatus ENSLOCG00000000758
eptatretus_burgeri ENSEBUG00000012377
