seriola_lalandi_dorsalis ENSSLDG00000007651
seriola_dumerili ENSSDUG00000018144
scophthalmus_maximus ENSSMAG00000017372
mastacembelus_armatus ENSMAMG00000019695
monopterus_albus ENSMALG00000001983
anabas_testudineus ENSATEG00000016937
tetraodon_nigroviridis ENSTNIG00000002478
takifugu_rubripes ENSTRUG00000018274
mola_mola ENSMMOG00000021051
labrus_bergylta ENSLBEG00000015929
gasterosteus_aculeatus ENSGACG00000010691
poecilia_latipinna ENSPLAG00000018224
poecilia_formosa ENSPFOG00000011660
poecilia_reticulata ENSPREG00000016171
gambusia_affinis ENSGAFG00000010097
xiphophorus_maculatus ENSXMAG00000008068
oryzias_latipes ENSORLG00020012912
oryzias_latipes ENSORLG00000017588
oryzias_melastigma ENSOMEG00000009705
pundamilia_nyererei ENSPNYG00000011425
fundulus_heteroclitus ENSFHEG00000007998
cyprinodon_variegatus ENSCVAG00000014104
kryptolebias_marmoratus ENSKMAG00000005352
amphiprion_ocellaris ENSAOCG00000005535
amphiprion_percula ENSAPEG00000024138
acanthochromis_polyacanthus ENSAPOG00000009220
stegastes_partitus ENSSPAG00000004789
maylandia_zebra ENSMZEG00005020848
haplochromis_burtoni ENSHBUG00000018748
astatotilapia_calliptera ENSACLG00000009642
neolamprologus_brichardi ENSNBRG00000023514
oreochromis_niloticus ENSONIG00000000811
amphilophus_citrinellus ENSACIG00000006501
hippocampus_comes ENSHCOG00000020693
gadus_morhua ENSGMOG00000000169
xiphophorus_couchianus ENSXCOG00000010195
scleropages_formosus ENSSFOG00015010504
paramormyrops_kingsleyae ENSPKIG00000019861
scleropages_formosus ENSSFOG00015017301
paramormyrops_kingsleyae ENSPKIG00000024817
pygocentrus_nattereri ENSPNAG00000024670
astyanax_mexicanus ENSAMXG00000012417
ictalurus_punctatus ENSIPUG00000010156
ictalurus_punctatus ENSIPUG00000010104
danio_rerio ENSDARG00000074640
esox_lucius ENSELUG00000016156
takifugu_rubripes ENSTRUG00000018584
tetraodon_nigroviridis ENSTNIG00000013450
gasterosteus_aculeatus ENSGACG00000015918
labrus_bergylta ENSLBEG00000025021
cynoglossus_semilaevis ENSCSEG00000015460
fundulus_heteroclitus ENSFHEG00000002015
cyprinodon_variegatus ENSCVAG00000011803
xiphophorus_maculatus ENSXMAG00000005973
gambusia_affinis ENSGAFG00000013947
poecilia_formosa ENSPFOG00000015006
poecilia_mexicana ENSPMEG00000022346
poecilia_reticulata ENSPREG00000021675
xiphophorus_couchianus ENSXCOG00000000846
poecilia_latipinna ENSPLAG00000008516
kryptolebias_marmoratus ENSKMAG00000009145
oryzias_latipes ENSORLG00000003723
oryzias_latipes_asm223469v1 ENSORLG00015017013
oryzias_latipes ENSORLG00020010016
oryzias_melastigma ENSOMEG00000012816
monopterus_albus ENSMALG00000011690
mastacembelus_armatus ENSMAMG00000018653
anabas_testudineus ENSATEG00000011860
amphiprion_ocellaris ENSAOCG00000006805
amphiprion_percula ENSAPEG00000023089
acanthochromis_polyacanthus ENSAPOG00000001143
stegastes_partitus ENSSPAG00000018596
pundamilia_nyererei ENSPNYG00000002860
astatotilapia_calliptera ENSACLG00000027683
maylandia_zebra ENSMZEG00005003810
haplochromis_burtoni ENSHBUG00000009468
neolamprologus_brichardi ENSNBRG00000008413
oreochromis_niloticus ENSONIG00000011251
amphilophus_citrinellus ENSACIG00000002563
seriola_dumerili ENSSDUG00000008458
seriola_lalandi_dorsalis ENSSLDG00000015466
scophthalmus_maximus ENSSMAG00000010616
mola_mola ENSMMOG00000004681
hippocampus_comes ENSHCOG00000005803
periophthalmus_magnuspinnatus ENSPMGG00000016720
gadus_morhua ENSGMOG00000018250
esox_lucius ENSELUG00000003797
pygocentrus_nattereri ENSPNAG00000018104
astyanax_mexicanus ENSAMXG00000008551
ictalurus_punctatus ENSIPUG00000024146
danio_rerio ENSDARG00000060393
lepisosteus_oculatus ENSLOCG00000006394
gopherus_agassizii ENSGAGG00000021023
chelonoidis_abingdonii ENSCABG00000005237
chrysemys_picta_bellii ENSCPBG00000022617
pelodiscus_sinensis ENSPSIG00000007046
crocodylus_porosus ENSCPRG00005004143
pogona_vitticeps ENSPVIG00000015759
notechis_scutatus ENSNSUG00000000033
salvator_merianae ENSSMRG00000005356
sphenodon_punctatus ENSSPUG00000013366
taeniopygia_guttata ENSTGUG00000004769
lonchura_striata_domestica ENSLSDG00000002357
serinus_canaria ENSSCAG00000004481
junco_hyemalis ENSJHYG00000007122
ficedula_albicollis ENSFALG00000001448
cyanistes_caeruleus ENSCCEG00000024315
parus_major ENSPMJG00000006832
calidris_pygmaea ENSCPGG00000013697
coturnix_japonica ENSCJPG00005002254
meleagris_gallopavo ENSMGAG00000005528
gallus_gallus ENSGALG00000003866
numida_meleagris ENSNMEG00000007893
anser_brachyrhynchus ENSABRG00000020932
lepidothrix_coronata ENSLCOG00000013075
zonotrichia_albicollis ENSZALG00000015237
melopsittacus_undulatus ENSMUNG00000008797
anas_platyrhynchos_platyrhynchos ENSAPLG00000012871
apteryx_owenii ENSAOWG00000005896
apteryx_haastii ENSAHAG00000014834
apteryx_rowi ENSARWG00000007221
dromaius_novaehollandiae ENSDNVG00000009258
nothoprocta_perdicaria ENSNPEG00000001115
castor_canadensis ENSCCNG00000025792
carlito_syrichta ENSTSYG00000035149
anolis_carolinensis ENSACAG00000001505
calidris_pugnax ENSCPUG00000011244
anolis_carolinensis ENSACAG00000016896
xenopus_tropicalis ENSXETG00000001469
phascolarctos_cinereus ENSPCIG00000023049
notamacropus_eugenii ENSMEUG00000004793
monodelphis_domestica ENSMODG00000012138
sarcophilus_harrisii ENSSHAG00000016548
propithecus_coquereli ENSPCOG00000027218
prolemur_simus ENSPSMG00000018761
microcebus_murinus ENSMICG00000031437
otolemur_garnettii ENSOGAG00000007565
homo_sapiens ENSG00000130720
gorilla_gorilla ENSGGOG00000010605
pan_troglodytes ENSPTRG00000043588
pan_troglodytes ENSPTRG00000021479
pan_paniscus ENSPPAG00000040268
pongo_abelii ENSPPYG00000019871
nomascus_leucogenys ENSNLEG00000012569
macaca_fascicularis ENSMFAG00000003220
macaca_mulatta ENSMMUG00000012713
macaca_nemestrina ENSMNEG00000041044
cercocebus_atys ENSCATG00000030096
mandrillus_leucophaeus ENSMLEG00000043288
papio_anubis ENSPANG00000025964
theropithecus_gelada ENSTGEG00000014989
chlorocebus_sabaeus ENSCSAG00000014786
rhinopithecus_bieti ENSRBIG00000032843
rhinopithecus_roxellana ENSRROG00000042577
colobus_angolensis_palliatus ENSCANG00000017793
piliocolobus_tephrosceles ENSPTEG00000001812
saimiri_boliviensis_boliviensis ENSSBOG00000031329
cebus_capucinus ENSCCAG00000021809
callithrix_jacchus ENSCJAG00000039136
aotus_nancymaae ENSANAG00000031975
cricetulus_griseus_crigri-picr ENSCGRG00015010235
cricetulus_griseus_chok1gshd ENSCGRG00001015213
cricetulus_griseus_crigri ENSCGRG00000010382
mesocricetus_auratus ENSMAUG00000019646
peromyscus_maniculatus_bairdii ENSPEMG00000028513
microtus_ochrogaster ENSMOCG00000022095
mus_spicilegus ENSMSIG00000019790
mus_musculus ENSMUSG00000026841
mus_spretus_strain_spret/eij MGP_SPRETEiJ_G0024335
mus_caroli_strain_caroli_eij MGP_CAROLIEiJ_G0023418
mus_pahari MGP_PahariEiJ_G0024875
rattus_norvegicus ENSRNOG00000050844
rattus_norvegicus ENSRNOG00000009735
meriones_unguiculatus ENSMUGG00000011086
nannospalax_galili ENSNGAG00000012641
jaculus_jaculus ENSJJAG00000000435
ictidomys_tridecemlineatus ENSSTOG00000003601
urocitellus_parryii ENSUPAG00010019328
spermophilus_dauricus ENSSDAG00000016755
marmota_marmota_marmota ENSMMMG00000011880
dipodomys_ordii ENSDORG00000001517
chinchilla_lanigera ENSCLAG00000016865
octodon_degus ENSODEG00000016757
cavia_aperea ENSCAPG00000008681
cavia_porcellus ENSCPOG00000006219
heterocephalus_glaber_female ENSHGLG00000010751
heterocephalus_glaber_male ENSHGLG00100014802
fukomys_damarensis ENSFDAG00000019809
oryctolagus_cuniculus ENSOCUG00000011264
ochotona_princeps ENSOPRG00000006560
tupaia_belangeri ENSTBEG00000006277
bos_taurus ENSBTAG00000017982
bos_mutus ENSBMUG00000005929
bison_bison_bison ENSBBBG00000009547
capra_hircus ENSCHIG00000014267
ovis_aries ENSOARG00000007401
sus_scrofa ENSSSCG00000005707
tursiops_truncatus ENSTTRG00000015178
pteropus_vampyrus ENSPVAG00000001522
erinaceus_europaeus ENSEEUG00000005641
ailuropoda_melanoleuca ENSAMEG00000016267
ursus_maritimus ENSUMAG00000018682
ursus_americanus ENSUAMG00000008053
canis_lupus_dingo ENSCAFG00020024086
canis_lupus_familiaris ENSCAFG00000019930
vulpes_vulpes ENSVVUG00000027682
mustela_putorius_furo ENSMPUG00000012648
neovison_vison ENSNVIG00000017742
felis_catus ENSFCAG00000005117
panthera_pardus ENSPPRG00000003917
equus_caballus ENSECAG00000024715
equus_asinus_asinus ENSEASG00005008491
choloepus_hoffmanni ENSCHOG00000012534
dasypus_novemcinctus ENSDNOG00000007685
loxodonta_africana ENSLAFG00000001852
procavia_capensis ENSPCAG00000004065
echinops_telfairi ENSETEG00000013162
ornithorhynchus_anatinus ENSOANG00000001048
latimeria_chalumnae ENSLACG00000016162
ciona_savignyi ENSCSAVG00000007198
ciona_savignyi ENSCSAVG00000000413
ciona_intestinalis ENSCING00000023980
