eptatretus_burgeri ENSEBUG00000004771
eptatretus_burgeri ENSEBUG00000004197
eptatretus_burgeri ENSEBUG00000009122
eptatretus_burgeri ENSEBUG00000009811
eptatretus_burgeri ENSEBUG00000013300
eptatretus_burgeri ENSEBUG00000010482
eptatretus_burgeri ENSEBUG00000010774
eptatretus_burgeri ENSEBUG00000015282
eptatretus_burgeri ENSEBUG00000000719
eptatretus_burgeri ENSEBUG00000002636
pogona_vitticeps ENSPVIG00000012670
anolis_carolinensis ENSACAG00000000272
notechis_scutatus ENSNSUG00000001234
salvator_merianae ENSSMRG00000021797
sphenodon_punctatus ENSSPUG00000018104
chelonoidis_abingdonii ENSCABG00000007776
gopherus_agassizii ENSGAGG00000023947
chrysemys_picta_bellii ENSCPBG00000005773
pelodiscus_sinensis ENSPSIG00000014019
serinus_canaria ENSSCAG00000017053
junco_hyemalis ENSJHYG00000003053
lonchura_striata_domestica ENSLSDG00000006190
ficedula_albicollis ENSFALG00000006756
parus_major ENSPMJG00000017943
manacus_vitellinus ENSMVIG00005019141
manacus_vitellinus ENSMVIG00005019130
lepidothrix_coronata ENSLCOG00000008188
calidris_pugnax ENSCPUG00000004731
calidris_pygmaea ENSCPGG00000008234
anser_brachyrhynchus ENSABRG00000000427
anas_platyrhynchos_platyrhynchos ENSAPLG00000008630
gallus_gallus ENSGALG00000019018
coturnix_japonica ENSCJPG00005015194
meleagris_gallopavo ENSMGAG00000002221
numida_meleagris ENSNMEG00000019639
apteryx_owenii ENSAOWG00000002312
apteryx_haastii ENSAHAG00000001510
apteryx_rowi ENSARWG00000011652
dromaius_novaehollandiae ENSDNVG00000003136
mandrillus_leucophaeus ENSMLEG00000028954
panthera_tigris_altaica ENSPTIG00000016724
echinops_telfairi ENSETEG00000000593
dasypus_novemcinctus ENSDNOG00000038161
bos_taurus ENSBTAG00000017981
bos_mutus ENSBMUG00000006349
capra_hircus ENSCHIG00000013874
ovis_aries ENSOARG00000001094
sus_scrofa ENSSSCG00000015821
ursus_americanus ENSUAMG00000023503
ailuropoda_melanoleuca ENSAMEG00000011054
neovison_vison ENSNVIG00000011289
mustela_putorius_furo ENSMPUG00000009926
canis_lupus_dingo ENSCAFG00020001758
canis_lupus_familiaris ENSCAFG00000006161
vulpes_vulpes ENSVVUG00000020166
felis_catus ENSFCAG00000010422
panthera_pardus ENSPPRG00000008424
pteropus_vampyrus ENSPVAG00000006012
myotis_lucifugus ENSMLUG00000007514
equus_caballus ENSECAG00000015780
equus_asinus_asinus ENSEASG00005016692
ictidomys_tridecemlineatus ENSSTOG00000024747
marmota_marmota_marmota ENSMMMG00000015315
urocitellus_parryii ENSUPAG00010023946
spermophilus_dauricus ENSSDAG00000006640
castor_canadensis ENSCCNG00000014672
mus_spicilegus ENSMSIG00000030070
mus_musculus ENSMUSG00000031489
mus_spretus_strain_spret/eij MGP_SPRETEiJ_G0032066
mus_caroli_strain_caroli_eij MGP_CAROLIEiJ_G0030947
mus_pahari MGP_PahariEiJ_G0021417
rattus_norvegicus ENSRNOG00000012674
meriones_unguiculatus ENSMUGG00000018046
cricetulus_griseus_crigri ENSCGRG00000008598
cricetulus_griseus_crigri-picr ENSCGRG00015025537
cricetulus_griseus_chok1gshd ENSCGRG00001013361
mesocricetus_auratus ENSMAUG00000019598
microtus_ochrogaster ENSMOCG00000022956
peromyscus_maniculatus_bairdii ENSPEMG00000007552
nannospalax_galili ENSNGAG00000017943
jaculus_jaculus ENSJJAG00000012860
dipodomys_ordii ENSDORG00000010152
chinchilla_lanigera ENSCLAG00000005285
octodon_degus ENSODEG00000019478
heterocephalus_glaber_female ENSHGLG00000002989
heterocephalus_glaber_male ENSHGLG00100011971
oryctolagus_cuniculus ENSOCUG00000007804
pan_paniscus ENSPPAG00000033560
pan_troglodytes ENSPTRG00000024086
homo_sapiens ENSG00000285880
homo_sapiens ENSG00000188778
gorilla_gorilla ENSGGOG00000007578
pongo_abelii ENSPPYG00000018517
nomascus_leucogenys ENSNLEG00000019123
rhinopithecus_roxellana ENSRROG00000009579
rhinopithecus_bieti ENSRBIG00000024958
colobus_angolensis_palliatus ENSCANG00000004797
macaca_mulatta ENSMMUG00000005876
macaca_fascicularis ENSMFAG00000039383
macaca_nemestrina ENSMNEG00000036727
cercocebus_atys ENSCATG00000042740
papio_anubis ENSPANG00000000535
theropithecus_gelada ENSTGEG00000007564
chlorocebus_sabaeus ENSCSAG00000015507
piliocolobus_tephrosceles ENSPTEG00000034058
callithrix_jacchus ENSCJAG00000002674
saimiri_boliviensis_boliviensis ENSSBOG00000032593
cebus_capucinus ENSCCAG00000024671
aotus_nancymaae ENSANAG00000034143
carlito_syrichta ENSTSYG00000027215
propithecus_coquereli ENSPCOG00000018496
prolemur_simus ENSPSMG00000012903
microcebus_murinus ENSMICG00000027016
otolemur_garnettii ENSOGAG00000028016
loxodonta_africana ENSLAFG00000004252
procavia_capensis ENSPCAG00000012859
erinaceus_europaeus ENSEEUG00000000191
sorex_araneus ENSSARG00000004970
phascolarctos_cinereus ENSPCIG00000008885
monodelphis_domestica ENSMODG00000010778
sarcophilus_harrisii ENSSHAG00000016923
xenopus_tropicalis ENSXETG00000030790
latimeria_chalumnae ENSLACG00000002602
scleropages_formosus ENSSFOG00015011100
paramormyrops_kingsleyae ENSPKIG00000007256
mola_mola ENSMMOG00000002371
takifugu_rubripes ENSTRUG00000025310
labrus_bergylta ENSLBEG00000004043
gasterosteus_aculeatus ENSGACG00000011022
mastacembelus_armatus ENSMAMG00000009284
monopterus_albus ENSMALG00000003498
anabas_testudineus ENSATEG00000023273
scophthalmus_maximus ENSSMAG00000006649
cynoglossus_semilaevis ENSCSEG00000012194
seriola_lalandi_dorsalis ENSSLDG00000008951
seriola_dumerili ENSSDUG00000020306
xiphophorus_maculatus ENSXMAG00000019542
xiphophorus_couchianus ENSXCOG00000016420
gambusia_affinis ENSGAFG00000010124
poecilia_mexicana ENSPMEG00000008269
poecilia_latipinna ENSPLAG00000008562
poecilia_formosa ENSPFOG00000020338
poecilia_reticulata ENSPREG00000007294
fundulus_heteroclitus ENSFHEG00000019894
cyprinodon_variegatus ENSCVAG00000010965
kryptolebias_marmoratus ENSKMAG00000005544
oryzias_latipes ENSORLG00000011365
oryzias_latipes_asm223469v1 ENSORLG00015020674
oryzias_latipes ENSORLG00020005914
oryzias_melastigma ENSOMEG00000009721
maylandia_zebra ENSMZEG00005012148
astatotilapia_calliptera ENSACLG00000009393
pundamilia_nyererei ENSPNYG00000015659
haplochromis_burtoni ENSHBUG00000012536
neolamprologus_brichardi ENSNBRG00000022047
oreochromis_niloticus ENSONIG00000020532
amphilophus_citrinellus ENSACIG00000006513
amphiprion_ocellaris ENSAOCG00000015216
amphiprion_percula ENSAPEG00000014371
acanthochromis_polyacanthus ENSAPOG00000011866
stegastes_partitus ENSSPAG00000000131
hippocampus_comes ENSHCOG00000011414
periophthalmus_magnuspinnatus ENSPMGG00000011899
gadus_morhua ENSGMOG00000006053
esox_lucius ENSELUG00000017383
astyanax_mexicanus ENSAMXG00000001079
pygocentrus_nattereri ENSPNAG00000018201
ictalurus_punctatus ENSIPUG00000010110
danio_rerio ENSDARG00000053646
lepisosteus_oculatus ENSLOCG00000014961
astyanax_mexicanus ENSAMXG00000020601
pygocentrus_nattereri ENSPNAG00000017509
danio_rerio ENSDARG00000052919
esox_lucius ENSELUG00000020410
scleropages_formosus ENSSFOG00015005507
paramormyrops_kingsleyae ENSPKIG00000020608
