eptatretus_burgeri ENSEBUG00000012900
eptatretus_burgeri ENSEBUG00000008918
petromyzon_marinus ENSPMAG00000007059
microcebus_murinus ENSMICG00000005805
propithecus_coquereli ENSPCOG00000026918
prolemur_simus ENSPSMG00000001000
otolemur_garnettii ENSOGAG00000012756
pan_troglodytes ENSPTRG00000016446
pan_paniscus ENSPPAG00000039405
homo_sapiens ENSG00000151012
gorilla_gorilla ENSGGOG00000005762
nomascus_leucogenys ENSNLEG00000013991
piliocolobus_tephrosceles ENSPTEG00000038218
colobus_angolensis_palliatus ENSCANG00000041441
rhinopithecus_roxellana ENSRROG00000031726
rhinopithecus_bieti ENSRBIG00000043816
theropithecus_gelada ENSTGEG00000009958
papio_anubis ENSPANG00000004190
mandrillus_leucophaeus ENSMLEG00000041464
macaca_fascicularis ENSMFAG00000037696
macaca_nemestrina ENSMNEG00000033891
macaca_mulatta ENSMMUG00000020317
cercocebus_atys ENSCATG00000029245
chlorocebus_sabaeus ENSCSAG00000003547
saimiri_boliviensis_boliviensis ENSSBOG00000024430
callithrix_jacchus ENSCJAG00000003185
cebus_capucinus ENSCCAG00000033426
aotus_nancymaae ENSANAG00000034963
bos_mutus ENSBMUG00000011834
bos_taurus ENSBTAG00000034075
bison_bison_bison ENSBBBG00000002250
capra_hircus ENSCHIG00000002069
ovis_aries ENSOARG00000014253
tursiops_truncatus ENSTTRG00000016382
sus_scrofa ENSSSCG00000022649
vicugna_pacos ENSVPAG00000009316
pteropus_vampyrus ENSPVAG00000017839
ursus_maritimus ENSUMAG00000014928
ursus_americanus ENSUAMG00000018951
ailuropoda_melanoleuca ENSAMEG00000011069
neovison_vison ENSNVIG00000020236
mustela_putorius_furo ENSMPUG00000016147
canis_lupus_familiaris ENSCAFG00000003749
canis_lupus_dingo ENSCAFG00020020741
vulpes_vulpes ENSVVUG00000021487
panthera_pardus ENSPPRG00000009725
panthera_tigris_altaica ENSPTIG00000009116
felis_catus ENSFCAG00000003767
equus_asinus_asinus ENSEASG00005007875
equus_caballus ENSECAG00000022696
carlito_syrichta ENSTSYG00000005158
erinaceus_europaeus ENSEEUG00000008234
choloepus_hoffmanni ENSCHOG00000008154
dasypus_novemcinctus ENSDNOG00000011228
loxodonta_africana ENSLAFG00000017422
procavia_capensis ENSPCAG00000015360
echinops_telfairi ENSETEG00000001309
castor_canadensis ENSCCNG00000017488
castor_canadensis ENSCCNG00000004402
dipodomys_ordii ENSDORG00000008559
mus_musculus ENSMUSG00000027737
mus_spicilegus ENSMSIG00000014433
mus_spretus_strain_spret/eij MGP_SPRETEiJ_G0025905
mus_caroli_strain_caroli_eij MGP_CAROLIEiJ_G0024970
mus_pahari MGP_PahariEiJ_G0026411
rattus_norvegicus ENSRNOG00000010210
meriones_unguiculatus ENSMUGG00000021070
meriones_unguiculatus ENSMUGG00000021085
meriones_unguiculatus ENSMUGG00000020682
meriones_unguiculatus ENSMUGG00000020673
cricetulus_griseus_crigri ENSCGRG00000013963
cricetulus_griseus_chok1gshd ENSCGRG00001013535
cricetulus_griseus_crigri-picr ENSCGRG00015007324
mesocricetus_auratus ENSMAUG00000015486
microtus_ochrogaster ENSMOCG00000022163
peromyscus_maniculatus_bairdii ENSPEMG00000004847
nannospalax_galili ENSNGAG00000012488
jaculus_jaculus ENSJJAG00000011019
chinchilla_lanigera ENSCLAG00000004373
octodon_degus ENSODEG00000004109
cavia_aperea ENSCAPG00000004261
cavia_porcellus ENSCPOG00000013036
heterocephalus_glaber_female ENSHGLG00000014666
heterocephalus_glaber_male ENSHGLG00100003620
fukomys_damarensis ENSFDAG00000016353
ictidomys_tridecemlineatus ENSSTOG00000009749
marmota_marmota_marmota ENSMMMG00000014855
spermophilus_dauricus ENSSDAG00000000708
urocitellus_parryii ENSUPAG00010012469
pongo_abelii ENSPPYG00000015066
oryctolagus_cuniculus ENSOCUG00000001662
ochotona_princeps ENSOPRG00000003006
tupaia_belangeri ENSTBEG00000008232
myotis_lucifugus ENSMLUG00000008864
phascolarctos_cinereus ENSPCIG00000017031
notamacropus_eugenii ENSMEUG00000006223
sarcophilus_harrisii ENSSHAG00000012376
monodelphis_domestica ENSMODG00000000053
ornithorhynchus_anatinus ENSOANG00000009594
chelonoidis_abingdonii ENSCABG00000003023
gopherus_agassizii ENSGAGG00000005663
chrysemys_picta_bellii ENSCPBG00000027632
pelodiscus_sinensis ENSPSIG00000007003
crocodylus_porosus ENSCPRG00005007667
anolis_carolinensis ENSACAG00000001704
pogona_vitticeps ENSPVIG00000021506
notechis_scutatus ENSNSUG00000005914
salvator_merianae ENSSMRG00000015609
sphenodon_punctatus ENSSPUG00000008169
manacus_vitellinus ENSMVIG00005011498
lepidothrix_coronata ENSLCOG00000010635
taeniopygia_guttata ENSTGUG00000001504
lonchura_striata_domestica ENSLSDG00000018022
serinus_canaria ENSSCAG00000013450
zonotrichia_albicollis ENSZALG00000000805
junco_hyemalis ENSJHYG00000004938
parus_major ENSPMJG00000000204
cyanistes_caeruleus ENSCCEG00000023469
ficedula_albicollis ENSFALG00000004848
melopsittacus_undulatus ENSMUNG00000007168
calidris_pygmaea ENSCPGG00000008089
calidris_pugnax ENSCPUG00000012306
anas_platyrhynchos_platyrhynchos ENSAPLG00000014089
anser_brachyrhynchus ENSABRG00000012645
meleagris_gallopavo ENSMGAG00000002726
gallus_gallus ENSGALG00000009758
coturnix_japonica ENSCJPG00005001052
numida_meleagris ENSNMEG00000000967
apteryx_owenii ENSAOWG00000006881
apteryx_haastii ENSAHAG00000007017
apteryx_rowi ENSARWG00000008865
dromaius_novaehollandiae ENSDNVG00000002668
nothoprocta_perdicaria ENSNPEG00000006479
xenopus_tropicalis ENSXETG00000003335
latimeria_chalumnae ENSLACG00000009337
