ciona_intestinalis ENSCING00000024553
ciona_intestinalis ENSCING00000022316
apteryx_rowi ENSARWG00000014275
apteryx_owenii ENSAOWG00000007794
apteryx_haastii ENSAHAG00000009897
dromaius_novaehollandiae ENSDNVG00000002168
nothoprocta_perdicaria ENSNPEG00000002528
lonchura_striata_domestica ENSLSDG00000006686
taeniopygia_guttata ENSTGUG00000002677
serinus_canaria ENSSCAG00000006308
junco_hyemalis ENSJHYG00000009417
ficedula_albicollis ENSFALG00000000678
parus_major ENSPMJG00000001198
cyanistes_caeruleus ENSCCEG00000021402
lepidothrix_coronata ENSLCOG00000012209
calidris_pygmaea ENSCPGG00000002146
melopsittacus_undulatus ENSMUNG00000000568
anser_brachyrhynchus ENSABRG00000012714
anas_platyrhynchos_platyrhynchos ENSAPLG00000031189
gallus_gallus ENSGALG00000032610
meleagris_gallopavo ENSMGAG00000003738
coturnix_japonica ENSCJPG00005004889
coturnix_japonica ENSCJPG00005004914
numida_meleagris ENSNMEG00000007433
crocodylus_porosus ENSCPRG00005001014
gopherus_agassizii ENSGAGG00000016798
chelonoidis_abingdonii ENSCABG00000001355
chrysemys_picta_bellii ENSCPBG00000016188
pelodiscus_sinensis ENSPSIG00000015225
pogona_vitticeps ENSPVIG00000017370
anolis_carolinensis ENSACAG00000017964
notechis_scutatus ENSNSUG00000008715
salvator_merianae ENSSMRG00000002370
sphenodon_punctatus ENSSPUG00000005791
capra_hircus ENSCHIG00000025669
ovis_aries ENSOARG00000002191
bos_mutus ENSBMUG00000015830
bos_taurus ENSBTAG00000047956
bison_bison_bison ENSBBBG00000011090
tursiops_truncatus ENSTTRG00000016413
sus_scrofa ENSSSCG00000035147
sorex_araneus ENSSARG00000014265
pteropus_vampyrus ENSPVAG00000016553
myotis_lucifugus ENSMLUG00000027344
mustela_putorius_furo ENSMPUG00000010328
neovison_vison ENSNVIG00000012894
ursus_americanus ENSUAMG00000007333
ailuropoda_melanoleuca ENSAMEG00000006505
canis_lupus_dingo ENSCAFG00020013472
canis_lupus_familiaris ENSCAFG00000014972
panthera_pardus ENSPPRG00000014798
panthera_tigris_altaica ENSPTIG00000010067
felis_catus ENSFCAG00000011661
erinaceus_europaeus ENSEEUG00000003132
equus_caballus ENSECAG00000016227
equus_asinus_asinus ENSEASG00005009968
castor_canadensis ENSCCNG00000026956
dipodomys_ordii ENSDORG00000006547
urocitellus_parryii ENSUPAG00010009802
ictidomys_tridecemlineatus ENSSTOG00000003602
marmota_marmota_marmota ENSMMMG00000005528
spermophilus_dauricus ENSSDAG00000009746
mus_spicilegus ENSMSIG00000005762
mus_spretus_strain_spret/eij MGP_SPRETEiJ_G0018036
mus_musculus ENSMUSG00000001751
mus_caroli_strain_caroli_eij MGP_CAROLIEiJ_G0017193
mus_pahari MGP_PahariEiJ_G0018323
rattus_norvegicus ENSRNOG00000032381
meriones_unguiculatus ENSMUGG00000023351
cricetulus_griseus_crigri ENSCGRG00000011161
cricetulus_griseus_chok1gshd ENSCGRG00001003319
mesocricetus_auratus ENSMAUG00000001292
peromyscus_maniculatus_bairdii ENSPEMG00000000599
microtus_ochrogaster ENSMOCG00000004738
nannospalax_galili ENSNGAG00000001778
jaculus_jaculus ENSJJAG00000020839
oryctolagus_cuniculus ENSOCUG00000000581
ochotona_princeps ENSOPRG00000012097
chinchilla_lanigera ENSCLAG00000016699
octodon_degus ENSODEG00000017945
cavia_porcellus ENSCPOG00000010613
cavia_aperea ENSCAPG00000011358
heterocephalus_glaber_female ENSHGLG00000011489
heterocephalus_glaber_male ENSHGLG00100012042
fukomys_damarensis ENSFDAG00000006787
propithecus_coquereli ENSPCOG00000026129
microcebus_murinus ENSMICG00000047584
prolemur_simus ENSPSMG00000005728
otolemur_garnettii ENSOGAG00000012198
tupaia_belangeri ENSTBEG00000009475
pan_troglodytes ENSPTRG00000009203
pan_paniscus ENSPPAG00000027189
homo_sapiens ENSG00000108784
gorilla_gorilla ENSGGOG00000010841
pongo_abelii ENSPPYG00000008390
nomascus_leucogenys ENSNLEG00000011557
macaca_nemestrina ENSMNEG00000038683
macaca_fascicularis ENSMFAG00000039206
macaca_mulatta ENSMMUG00000009376
mandrillus_leucophaeus ENSMLEG00000038482
papio_anubis ENSPANG00000021445
theropithecus_gelada ENSTGEG00000010272
cercocebus_atys ENSCATG00000039094
chlorocebus_sabaeus ENSCSAG00000003229
rhinopithecus_roxellana ENSRROG00000044592
rhinopithecus_bieti ENSRBIG00000041090
piliocolobus_tephrosceles ENSPTEG00000017334
colobus_angolensis_palliatus ENSCANG00000031789
cebus_capucinus ENSCCAG00000003973
saimiri_boliviensis_boliviensis ENSSBOG00000011806
callithrix_jacchus ENSCJAG00000046101
callithrix_jacchus ENSCJAG00000038325
aotus_nancymaae ENSANAG00000036738
carlito_syrichta ENSTSYG00000028598
loxodonta_africana ENSLAFG00000010634
echinops_telfairi ENSETEG00000006805
dasypus_novemcinctus ENSDNOG00000039803
notamacropus_eugenii ENSMEUG00000003029
notamacropus_eugenii ENSMEUG00000000158
phascolarctos_cinereus ENSPCIG00000005105
sarcophilus_harrisii ENSSHAG00000014690
petromyzon_marinus ENSPMAG00000003580
eptatretus_burgeri ENSEBUG00000010013
petromyzon_marinus ENSPMAG00000002423
xenopus_tropicalis ENSXETG00000031856
latimeria_chalumnae ENSLACG00000005675
fundulus_heteroclitus ENSFHEG00000003824
cyprinodon_variegatus ENSCVAG00000009060
poecilia_formosa ENSPFOG00000010949
poecilia_formosa ENSPFOG00000010964
poecilia_mexicana ENSPMEG00000017005
poecilia_latipinna ENSPLAG00000003658
poecilia_reticulata ENSPREG00000003730
xiphophorus_maculatus ENSXMAG00000014537
xiphophorus_couchianus ENSXCOG00000016932
gambusia_affinis ENSGAFG00000009253
kryptolebias_marmoratus ENSKMAG00000005849
oryzias_latipes ENSORLG00020017075
oryzias_latipes_asm223469v1 ENSORLG00015015000
oryzias_latipes ENSORLG00000025072
oryzias_melastigma ENSOMEG00000014157
stegastes_partitus ENSSPAG00000011331
maylandia_zebra ENSMZEG00005003259
pundamilia_nyererei ENSPNYG00000008782
astatotilapia_calliptera ENSACLG00000000400
haplochromis_burtoni ENSHBUG00000001120
oreochromis_niloticus ENSONIG00000007274
neolamprologus_brichardi ENSNBRG00000023017
amphilophus_citrinellus ENSACIG00000003424
monopterus_albus ENSMALG00000009930
labrus_bergylta ENSLBEG00000009426
labrus_bergylta ENSLBEG00000015575
gasterosteus_aculeatus ENSGACG00000015408
hippocampus_comes ENSHCOG00000018756
anabas_testudineus ENSATEG00000023162
amphiprion_percula ENSAPEG00000016256
amphiprion_ocellaris ENSAOCG00000007612
acanthochromis_polyacanthus ENSAPOG00000017737
seriola_dumerili ENSSDUG00000016095
seriola_dumerili ENSSDUG00000016074
seriola_lalandi_dorsalis ENSSLDG00000015875
scophthalmus_maximus ENSSMAG00000001363
mola_mola ENSMMOG00000001296
takifugu_rubripes ENSTRUG00000003631
mastacembelus_armatus ENSMAMG00000020637
periophthalmus_magnuspinnatus ENSPMGG00000019428
cynoglossus_semilaevis ENSCSEG00000011019
gadus_morhua ENSGMOG00000017709
esox_lucius ENSELUG00000004542
pygocentrus_nattereri ENSPNAG00000014612
astyanax_mexicanus ENSAMXG00000043894
ictalurus_punctatus ENSIPUG00000000147
danio_rerio ENSDARG00000030156
scleropages_formosus ENSSFOG00015004920
paramormyrops_kingsleyae ENSPKIG00000000770
lepisosteus_oculatus ENSLOCG00000012481
tetraodon_nigroviridis ENSTNIG00000006081
ciona_intestinalis ENSCING00000002106
tetraodon_nigroviridis ENSTNIG00000004939
drosophila_melanogaster FBgn0014417
caenorhabditis_elegans_strain_n2 WBGene00010722
