sphenodon_punctatus ENSSPUG00000009072
sphenodon_punctatus ENSSPUG00000009077
sphenodon_punctatus ENSSPUG00000009066
pogona_vitticeps ENSPVIG00000022181
notechis_scutatus ENSNSUG00000004537
crocodylus_porosus ENSCPRG00005009281
crocodylus_porosus ENSCPRG00005009278
calidris_pygmaea ENSCPGG00000003128
calidris_pugnax ENSCPUG00000015206
gallus_gallus ENSGALG00000004243
meleagris_gallopavo ENSMGAG00000002538
coturnix_japonica ENSCJPG00005013709
numida_meleagris ENSNMEG00000005272
anser_brachyrhynchus ENSABRG00000010129
gopherus_agassizii ENSGAGG00000013280
gopherus_agassizii ENSGAGG00000013267
chelonoidis_abingdonii ENSCABG00000013896
chrysemys_picta_bellii ENSCPBG00000003641
salvator_merianae ENSSMRG00000013462
salvator_merianae ENSSMRG00000013468
anolis_carolinensis ENSACAG00000022410
pogona_vitticeps ENSPVIG00000020092
equus_caballus ENSECAG00000000910
equus_asinus_asinus ENSEASG00005015270
equus_caballus ENSECAG00000000968
equus_asinus_asinus ENSEASG00005007128
equus_caballus ENSECAG00000024557
equus_asinus_asinus ENSEASG00005008412
canis_lupus_dingo ENSCAFG00020001813
canis_lupus_familiaris ENSCAFG00000024116
vulpes_vulpes ENSVVUG00000008859
ailuropoda_melanoleuca ENSAMEG00000011434
felis_catus ENSFCAG00000044260
panthera_pardus ENSPPRG00000002246
panthera_pardus ENSPPRG00000005819
pteropus_vampyrus ENSPVAG00000014042
pteropus_vampyrus ENSPVAG00000006047
myotis_lucifugus ENSMLUG00000013579
myotis_lucifugus ENSMLUG00000030731
myotis_lucifugus ENSMLUG00000000368
myotis_lucifugus ENSMLUG00000029640
myotis_lucifugus ENSMLUG00000014868
myotis_lucifugus ENSMLUG00000014769
sus_scrofa ENSSSCG00000032436
sus_scrofa ENSSSCG00000014565
sus_scrofa ENSSSCG00000038912
ursus_maritimus ENSUMAG00000005291
ursus_americanus ENSUAMG00000018760
ailuropoda_melanoleuca ENSAMEG00000010339
ursus_maritimus ENSUMAG00000005286
ursus_americanus ENSUAMG00000018761
ailuropoda_melanoleuca ENSAMEG00000001881
ursus_maritimus ENSUMAG00000005283
canis_lupus_dingo ENSCAFG00020011125
mustela_putorius_furo ENSMPUG00000008499
neovison_vison ENSNVIG00000005228
neovison_vison ENSNVIG00000005176
mustela_putorius_furo ENSMPUG00000008486
panthera_tigris_altaica ENSPTIG00000017749
panthera_pardus ENSPPRG00000007991
felis_catus ENSFCAG00000024242
panthera_pardus ENSPPRG00000012044
panthera_pardus ENSPPRG00000012088
panthera_tigris_altaica ENSPTIG00000016349
felis_catus ENSFCAG00000030612
panthera_tigris_altaica ENSPTIG00000017064
panthera_pardus ENSPPRG00000011489
felis_catus ENSFCAG00000030029
capra_hircus ENSCHIG00000026593
capra_hircus ENSCHIG00000007736
ovis_aries ENSOARG00000008178
bos_taurus ENSBTAG00000019018
bos_taurus ENSBTAG00000019015
bos_taurus ENSBTAG00000052306
bos_mutus ENSBMUG00000006291
capra_hircus ENSCHIG00000020493
capra_hircus ENSCHIG00000018017
bos_taurus ENSBTAG00000031905
capra_hircus ENSCHIG00000016060
capra_hircus ENSCHIG00000019798
bos_taurus ENSBTAG00000019017
bos_taurus ENSBTAG00000048470
bison_bison_bison ENSBBBG00000005673
vulpes_vulpes ENSVVUG00000016956
vulpes_vulpes ENSVVUG00000016937
canis_lupus_dingo ENSCAFG00020007276
canis_lupus_dingo ENSCAFG00020007272
canis_lupus_familiaris ENSCAFG00000030793
canis_lupus_dingo ENSCAFG00020007271
canis_lupus_dingo ENSCAFG00020007275
vulpes_vulpes ENSVVUG00000016950
canis_lupus_dingo ENSCAFG00020007273
canis_lupus_familiaris ENSCAFG00000006485
vulpes_vulpes ENSVVUG00000016945
equus_caballus ENSECAG00000001514
bison_bison_bison ENSBBBG00000018283
bos_mutus ENSBMUG00000006277
ovis_aries ENSOARG00000015728
bison_bison_bison ENSBBBG00000007857
ovis_aries ENSOARG00000008211
bison_bison_bison ENSBBBG00000021583
vulpes_vulpes ENSVVUG00000016940
equus_caballus ENSECAG00000034754
theropithecus_gelada ENSTGEG00000022955
macaca_mulatta ENSMMUG00000013257
loxodonta_africana ENSLAFG00000027556
loxodonta_africana ENSLAFG00000011110
loxodonta_africana ENSLAFG00000029182
loxodonta_africana ENSLAFG00000031586
echinops_telfairi ENSETEG00000020174
procavia_capensis ENSPCAG00000006682
bos_taurus ENSBTAG00000053521
bos_taurus ENSBTAG00000049371
bos_mutus ENSBMUG00000006283
sus_scrofa ENSSSCG00000032591
equus_asinus_asinus ENSEASG00005015269
equus_caballus ENSECAG00000030548
ovis_aries ENSOARG00000008115
equus_asinus_asinus ENSEASG00005015273
heterocephalus_glaber_female ENSHGLG00000012683
heterocephalus_glaber_male ENSHGLG00100004628
fukomys_damarensis ENSFDAG00000008481
heterocephalus_glaber_female ENSHGLG00000013029
chinchilla_lanigera ENSCLAG00000002205
octodon_degus ENSODEG00000014892
cavia_aperea ENSCAPG00000006928
cavia_porcellus ENSCPOG00000031469
cavia_porcellus ENSCPOG00000036343
cavia_aperea ENSCAPG00000000911
heterocephalus_glaber_male ENSHGLG00100011390
heterocephalus_glaber_female ENSHGLG00000012557
fukomys_damarensis ENSFDAG00000015124
octodon_degus ENSODEG00000014441
chinchilla_lanigera ENSCLAG00000002174
cavia_aperea ENSCAPG00000006138
ictidomys_tridecemlineatus ENSSTOG00000025599
marmota_marmota_marmota ENSMMMG00000007242
urocitellus_parryii ENSUPAG00010022914
spermophilus_dauricus ENSSDAG00000021488
spermophilus_dauricus ENSSDAG00000021483
spermophilus_dauricus ENSSDAG00000021414
spermophilus_dauricus ENSSDAG00000021449
marmota_marmota_marmota ENSMMMG00000007248
mus_spretus_strain_spret/eij MGP_SPRETEiJ_G0031782
mus_spicilegus ENSMSIG00000014239
mus_musculus ENSMUSG00000025491
mus_caroli_strain_caroli_eij MGP_CAROLIEiJ_G0030671
mus_pahari MGP_PahariEiJ_G0013871
rattus_norvegicus ENSRNOG00000004273
mus_spretus_strain_spret/eij MGP_SPRETEiJ_G0021370
mus_spretus_strain_spret/eij MGP_SPRETEiJ_G0021369
mus_musculus ENSMUSG00000065968
mus_spicilegus ENSMSIG00000021459
mus_caroli_strain_caroli_eij MGP_CAROLIEiJ_G0020474
mus_pahari MGP_PahariEiJ_G0016180
meriones_unguiculatus ENSMUGG00000011861
cricetulus_griseus_crigri-picr ENSCGRG00015027575
mesocricetus_auratus ENSMAUG00000020100
peromyscus_maniculatus_bairdii ENSPEMG00000010211
microtus_ochrogaster ENSMOCG00000021539
nannospalax_galili ENSNGAG00000014796
jaculus_jaculus ENSJJAG00000021879
castor_canadensis ENSCCNG00000010853
castor_canadensis ENSCCNG00000007781
castor_canadensis ENSCCNG00000010840
castor_canadensis ENSCCNG00000007787
peromyscus_maniculatus_bairdii ENSPEMG00000009211
peromyscus_maniculatus_bairdii ENSPEMG00000012917
cricetulus_griseus_crigri ENSCGRG00000008879
mesocricetus_auratus ENSMAUG00000020991
peromyscus_maniculatus_bairdii ENSPEMG00000017990
mus_spicilegus ENSMSIG00000027632
mus_spicilegus ENSMSIG00000003275
mus_spicilegus ENSMSIG00000008585
mus_musculus ENSMUSG00000060591
mus_spicilegus ENSMSIG00000021576
mus_caroli_strain_caroli_eij MGP_CAROLIEiJ_G0030670
mus_pahari MGP_PahariEiJ_G0013870
rattus_norvegicus ENSRNOG00000014936
cricetulus_griseus_chok1gshd ENSCGRG00001005229
cricetulus_griseus_crigri ENSCGRG00000019445
cricetulus_griseus_crigri-picr ENSCGRG00015024900
cricetulus_griseus_chok1gshd ENSCGRG00001016513
meriones_unguiculatus ENSMUGG00000011854
meriones_unguiculatus ENSMUGG00000015769
mus_spretus_strain_spret/eij MGP_SPRETEiJ_G0031781
mus_spicilegus ENSMSIG00000014182
mus_spicilegus ENSMSIG00000000103
rattus_norvegicus ENSRNOG00000042995
jaculus_jaculus ENSJJAG00000011910
rattus_norvegicus ENSRNOG00000015078
rattus_norvegicus ENSRNOG00000048944
mus_caroli_strain_caroli_eij MGP_CAROLIEiJ_G0030672
mus_spretus_strain_spret/eij MGP_SPRETEiJ_G0031783
mus_musculus ENSMUSG00000025492
mus_pahari MGP_PahariEiJ_G0013872
meriones_unguiculatus ENSMUGG00000011898
cricetulus_griseus_crigri ENSCGRG00000009008
cricetulus_griseus_chok1gshd ENSCGRG00001019525
cricetulus_griseus_crigri-picr ENSCGRG00015027573
microtus_ochrogaster ENSMOCG00000017374
peromyscus_maniculatus_bairdii ENSPEMG00000029317
nannospalax_galili ENSNGAG00000015706
jaculus_jaculus ENSJJAG00000013848
dipodomys_ordii ENSDORG00000028166
oryctolagus_cuniculus ENSOCUG00000022364
macaca_fascicularis ENSMFAG00000007625
papio_anubis ENSPANG00000031578
cercocebus_atys ENSCATG00000015118
cercocebus_atys ENSCATG00000030277
mandrillus_leucophaeus ENSMLEG00000020137
theropithecus_gelada ENSTGEG00000026782
papio_anubis ENSPANG00000004209
papio_anubis ENSPANG00000008224
macaca_nemestrina ENSMNEG00000010217
macaca_nemestrina ENSMNEG00000031998
macaca_fascicularis ENSMFAG00000040595
macaca_mulatta ENSMMUG00000030326
mandrillus_leucophaeus ENSMLEG00000006401
cercocebus_atys ENSCATG00000021641
theropithecus_gelada ENSTGEG00000014240
papio_anubis ENSPANG00000029485
mandrillus_leucophaeus ENSMLEG00000011308
theropithecus_gelada ENSTGEG00000026273
cercocebus_atys ENSCATG00000044237
macaca_mulatta ENSMMUG00000013256
mandrillus_leucophaeus ENSMLEG00000038068
chlorocebus_sabaeus ENSCSAG00000011099
cercocebus_atys ENSCATG00000030355
rhinopithecus_bieti ENSRBIG00000002322
callithrix_jacchus ENSCJAG00000043328
pan_troglodytes ENSPTRG00000003111
pan_paniscus ENSPPAG00000033375
homo_sapiens ENSG00000185885
gorilla_gorilla ENSGGOG00000003381
nomascus_leucogenys ENSNLEG00000013814
theropithecus_gelada ENSTGEG00000015525
papio_anubis ENSPANG00000001342
chlorocebus_sabaeus ENSCSAG00000019370
piliocolobus_tephrosceles ENSPTEG00000037636
piliocolobus_tephrosceles ENSPTEG00000030393
piliocolobus_tephrosceles ENSPTEG00000020377
rhinopithecus_roxellana ENSRROG00000045736
rhinopithecus_roxellana ENSRROG00000015516
rhinopithecus_bieti ENSRBIG00000030765
colobus_angolensis_palliatus ENSCANG00000031936
colobus_angolensis_palliatus ENSCANG00000001713
macaca_nemestrina ENSMNEG00000030846
macaca_fascicularis ENSMFAG00000039100
mandrillus_leucophaeus ENSMLEG00000034774
cercocebus_atys ENSCATG00000029703
papio_anubis ENSPANG00000005287
chlorocebus_sabaeus ENSCSAG00000011104
theropithecus_gelada ENSTGEG00000022951
callithrix_jacchus ENSCJAG00000038804
saimiri_boliviensis_boliviensis ENSSBOG00000027319
cebus_capucinus ENSCCAG00000030418
aotus_nancymaae ENSANAG00000029238
saimiri_boliviensis_boliviensis ENSSBOG00000028604
rhinopithecus_roxellana ENSRROG00000010679
piliocolobus_tephrosceles ENSPTEG00000026097
gorilla_gorilla ENSGGOG00000024307
gorilla_gorilla ENSGGOG00000038046
gorilla_gorilla ENSGGOG00000001400
gorilla_gorilla ENSGGOG00000022763
homo_sapiens ENSG00000142089
pan_troglodytes ENSPTRG00000003112
pongo_abelii ENSPPYG00000002858
nomascus_leucogenys ENSNLEG00000018675
macaca_mulatta ENSMMUG00000032219
macaca_nemestrina ENSMNEG00000005161
macaca_fascicularis ENSMFAG00000011493
theropithecus_gelada ENSTGEG00000003696
chlorocebus_sabaeus ENSCSAG00000000170
theropithecus_gelada ENSTGEG00000011015
papio_anubis ENSPANG00000033520
nomascus_leucogenys ENSNLEG00000036206
colobus_angolensis_palliatus ENSCANG00000035100
rhinopithecus_bieti ENSRBIG00000004712
piliocolobus_tephrosceles ENSPTEG00000039137
pan_troglodytes ENSPTRG00000051239
pan_troglodytes ENSPTRG00000048122
pan_paniscus ENSPPAG00000029557
gorilla_gorilla ENSGGOG00000027430
nomascus_leucogenys ENSNLEG00000035761
rhinopithecus_bieti ENSRBIG00000042698
piliocolobus_tephrosceles ENSPTEG00000032595
rhinopithecus_bieti ENSRBIG00000043717
colobus_angolensis_palliatus ENSCANG00000027672
macaca_mulatta ENSMMUG00000031017
macaca_fascicularis ENSMFAG00000026356
macaca_nemestrina ENSMNEG00000013783
papio_anubis ENSPANG00000032136
theropithecus_gelada ENSTGEG00000008438
chlorocebus_sabaeus ENSCSAG00000019281
theropithecus_gelada ENSTGEG00000021709
papio_anubis ENSPANG00000006676
macaca_fascicularis ENSMFAG00000034640
macaca_nemestrina ENSMNEG00000035123
chlorocebus_sabaeus ENSCSAG00000000090
mandrillus_leucophaeus ENSMLEG00000028176
chlorocebus_sabaeus ENSCSAG00000019368
papio_anubis ENSPANG00000031972
theropithecus_gelada ENSTGEG00000015270
macaca_nemestrina ENSMNEG00000040237
macaca_fascicularis ENSMFAG00000033006
macaca_mulatta ENSMMUG00000039892
cercocebus_atys ENSCATG00000022738
piliocolobus_tephrosceles ENSPTEG00000039592
gorilla_gorilla ENSGGOG00000003377
macaca_fascicularis ENSMFAG00000028816
macaca_mulatta ENSMMUG00000029345
macaca_nemestrina ENSMNEG00000024671
chlorocebus_sabaeus ENSCSAG00000019410
rhinopithecus_roxellana ENSRROG00000044166
rhinopithecus_bieti ENSRBIG00000031018
rhinopithecus_roxellana ENSRROG00000044111
rhinopithecus_bieti ENSRBIG00000024391
colobus_angolensis_palliatus ENSCANG00000006513
colobus_angolensis_palliatus ENSCANG00000018201
pan_troglodytes ENSPTRG00000003110
pan_paniscus ENSPPAG00000038595
gorilla_gorilla ENSGGOG00000013702
homo_sapiens ENSG00000185201
colobus_angolensis_palliatus ENSCANG00000021344
pan_troglodytes ENSPTRG00000052517
pan_paniscus ENSPPAG00000039541
nomascus_leucogenys ENSNLEG00000027096
piliocolobus_tephrosceles ENSPTEG00000008999
nomascus_leucogenys ENSNLEG00000027800
chlorocebus_sabaeus ENSCSAG00000000645
callithrix_jacchus ENSCJAG00000043694
saimiri_boliviensis_boliviensis ENSSBOG00000019640
cebus_capucinus ENSCCAG00000024902
cebus_capucinus ENSCCAG00000023453
cebus_capucinus ENSCCAG00000037634
cebus_capucinus ENSCCAG00000021188
callithrix_jacchus ENSCJAG00000042811
aotus_nancymaae ENSANAG00000035125
piliocolobus_tephrosceles ENSPTEG00000004817
pongo_abelii ENSPPYG00000018627
callithrix_jacchus ENSCJAG00000045169
cebus_capucinus ENSCCAG00000018282
aotus_nancymaae ENSANAG00000038324
callithrix_jacchus ENSCJAG00000048128
callithrix_jacchus ENSCJAG00000048362
callithrix_jacchus ENSCJAG00000023289
callithrix_jacchus ENSCJAG00000019951
callithrix_jacchus ENSCJAG00000038691
callithrix_jacchus ENSCJAG00000037392
callithrix_jacchus ENSCJAG00000044209
callithrix_jacchus ENSCJAG00000019427
cebus_capucinus ENSCCAG00000032087
saimiri_boliviensis_boliviensis ENSSBOG00000034064
aotus_nancymaae ENSANAG00000032666
pan_paniscus ENSPPAG00000033657
pan_troglodytes ENSPTRG00000044016
nomascus_leucogenys ENSNLEG00000008215
chlorocebus_sabaeus ENSCSAG00000019450
theropithecus_gelada ENSTGEG00000007834
piliocolobus_tephrosceles ENSPTEG00000016473
otolemur_garnettii ENSOGAG00000030287
otolemur_garnettii ENSOGAG00000033849
otolemur_garnettii ENSOGAG00000029949
prolemur_simus ENSPSMG00000021866
prolemur_simus ENSPSMG00000018209
propithecus_coquereli ENSPCOG00000021401
propithecus_coquereli ENSPCOG00000026604
microcebus_murinus ENSMICG00000033480
carlito_syrichta ENSTSYG00000025397
carlito_syrichta ENSTSYG00000032243
carlito_syrichta ENSTSYG00000035605
pteropus_vampyrus ENSPVAG00000017714
sorex_araneus ENSSARG00000014536
vicugna_pacos ENSVPAG00000001546
tursiops_truncatus ENSTTRG00000009360
pongo_abelii ENSPPYG00000002859
ochotona_princeps ENSOPRG00000009457
echinops_telfairi ENSETEG00000002038
procavia_capensis ENSPCAG00000006732
pongo_abelii ENSPPYG00000002860
dasypus_novemcinctus ENSDNOG00000034167
mus_spretus_strain_spret/eij MGP_SPRETEiJ_G0031784
mus_musculus ENSMUSG00000059108
mus_spicilegus ENSMSIG00000014167
mus_caroli_strain_caroli_eij MGP_CAROLIEiJ_G0030673
mus_pahari MGP_PahariEiJ_G0013873
rattus_norvegicus ENSRNOG00000036645
meriones_unguiculatus ENSMUGG00000011905
nannospalax_galili ENSNGAG00000017141
cricetulus_griseus_crigri-picr ENSCGRG00015027571
cricetulus_griseus_crigri ENSCGRG00000005744
cricetulus_griseus_chok1gshd ENSCGRG00001019805
jaculus_jaculus ENSJJAG00000024199
castor_canadensis ENSCCNG00000010860
sarcophilus_harrisii ENSSHAG00000008670
sarcophilus_harrisii ENSSHAG00000008303
sarcophilus_harrisii ENSSHAG00000008071
phascolarctos_cinereus ENSPCIG00000036872
coturnix_japonica ENSCJPG00005013708
meleagris_gallopavo ENSMGAG00000002545
gallus_gallus ENSGALG00000026970
numida_meleagris ENSNMEG00000005268
anas_platyrhynchos_platyrhynchos ENSAPLG00000023763
anser_brachyrhynchus ENSABRG00000010112
lonchura_striata_domestica ENSLSDG00000004233
serinus_canaria ENSSCAG00000008439
junco_hyemalis ENSJHYG00000006569
zonotrichia_albicollis ENSZALG00000004622
ficedula_albicollis ENSFALG00000011524
cyanistes_caeruleus ENSCCEG00000017029
parus_major ENSPMJG00000006563
lepidothrix_coronata ENSLCOG00000002784
manacus_vitellinus ENSMVIG00005009776
calidris_pygmaea ENSCPGG00000003122
apteryx_rowi ENSARWG00000013205
apteryx_owenii ENSAOWG00000008930
apteryx_haastii ENSAHAG00000018740
nothoprocta_perdicaria ENSNPEG00000001859
crocodylus_porosus ENSCPRG00005009287
gopherus_agassizii ENSGAGG00000012683
chelonoidis_abingdonii ENSCABG00000011437
chrysemys_picta_bellii ENSCPBG00000011403
pelodiscus_sinensis ENSPSIG00000009554
pogona_vitticeps ENSPVIG00000022182
notechis_scutatus ENSNSUG00000009187
sphenodon_punctatus ENSSPUG00000009033
salvator_merianae ENSSMRG00000013473
xenopus_tropicalis ENSXETG00000006711
xenopus_tropicalis ENSXETG00000030477
xenopus_tropicalis ENSXETG00000020495
latimeria_chalumnae ENSLACG00000005562
latimeria_chalumnae ENSLACG00000002584
latimeria_chalumnae ENSLACG00000022309
stegastes_partitus ENSSPAG00000021623
stegastes_partitus ENSSPAG00000021713
amphiprion_ocellaris ENSAOCG00000010000
amphiprion_ocellaris ENSAOCG00000010010
amphiprion_ocellaris ENSAOCG00000009994
amphiprion_percula ENSAPEG00000008536
amphiprion_percula ENSAPEG00000008645
amphiprion_ocellaris ENSAOCG00000015152
amphiprion_percula ENSAPEG00000016022
acanthochromis_polyacanthus ENSAPOG00000014353
takifugu_rubripes ENSTRUG00000016228
takifugu_rubripes ENSTRUG00000021093
mola_mola ENSMMOG00000001258
poecilia_latipinna ENSPLAG00000013599
poecilia_mexicana ENSPMEG00000000235
poecilia_formosa ENSPFOG00000022653
xiphophorus_maculatus ENSXMAG00000029539
poecilia_formosa ENSPFOG00000013821
poecilia_mexicana ENSPMEG00000019330
poecilia_latipinna ENSPLAG00000013759
poecilia_reticulata ENSPREG00000012385
xiphophorus_maculatus ENSXMAG00000022045
xiphophorus_couchianus ENSXCOG00000015521
gambusia_affinis ENSGAFG00000004740
poecilia_reticulata ENSPREG00000020580
poecilia_reticulata ENSPREG00000012411
poecilia_reticulata ENSPREG00000012459
poecilia_latipinna ENSPLAG00000013690
poecilia_formosa ENSPFOG00000013822
poecilia_mexicana ENSPMEG00000011750
poecilia_latipinna ENSPLAG00000013744
poecilia_formosa ENSPFOG00000024103
poecilia_mexicana ENSPMEG00000011757
poecilia_latipinna ENSPLAG00000013699
poecilia_reticulata ENSPREG00000012398
xiphophorus_maculatus ENSXMAG00000021088
xiphophorus_maculatus ENSXMAG00000002183
xiphophorus_maculatus ENSXMAG00000024967
xiphophorus_maculatus ENSXMAG00000026497
fundulus_heteroclitus ENSFHEG00000003661
cyprinodon_variegatus ENSCVAG00000015164
cyprinodon_variegatus ENSCVAG00000015184
seriola_dumerili ENSSDUG00000023347
seriola_lalandi_dorsalis ENSSLDG00000012413
mastacembelus_armatus ENSMAMG00000022420
mastacembelus_armatus ENSMAMG00000022422
mastacembelus_armatus ENSMAMG00000022414
scophthalmus_maximus ENSSMAG00000011310
periophthalmus_magnuspinnatus ENSPMGG00000008629
labrus_bergylta ENSLBEG00000021251
labrus_bergylta ENSLBEG00000014444
labrus_bergylta ENSLBEG00000021075
labrus_bergylta ENSLBEG00000020940
labrus_bergylta ENSLBEG00000021176
labrus_bergylta ENSLBEG00000009420
labrus_bergylta ENSLBEG00000001372
labrus_bergylta ENSLBEG00000021138
labrus_bergylta ENSLBEG00000021245
labrus_bergylta ENSLBEG00000020986
anabas_testudineus ENSATEG00000009625
anabas_testudineus ENSATEG00000009602
oryzias_melastigma ENSOMEG00000013790
oryzias_melastigma ENSOMEG00000013756
oryzias_melastigma ENSOMEG00000023516
oryzias_melastigma ENSOMEG00000013888
oryzias_latipes ENSORLG00000001737
oryzias_latipes ENSORLG00020021341
oryzias_latipes_asm223469v1 ENSORLG00015014771
oryzias_latipes ENSORLG00020021476
oryzias_latipes_asm223469v1 ENSORLG00015015006
oryzias_latipes_asm223469v1 ENSORLG00015014941
oryzias_latipes ENSORLG00020021600
oryzias_latipes ENSORLG00000024330
oryzias_latipes ENSORLG00000016164
oryzias_latipes_asm223469v1 ENSORLG00015014874
oryzias_latipes ENSORLG00020021553
oryzias_latipes ENSORLG00020021640
oryzias_latipes ENSORLG00020000650
oryzias_latipes_asm223469v1 ENSORLG00015014988
oryzias_latipes_asm223469v1 ENSORLG00015015011
oryzias_latipes ENSORLG00000028839
oryzias_latipes_asm223469v1 ENSORLG00015014631
oryzias_latipes ENSORLG00020021362
oryzias_latipes ENSORLG00020021648
oryzias_latipes ENSORLG00000023363
oryzias_latipes_asm223469v1 ENSORLG00015014732
oryzias_latipes ENSORLG00020021659
oryzias_latipes_asm223469v1 ENSORLG00015014804
oryzias_latipes_asm223469v1 ENSORLG00015014790
oryzias_latipes ENSORLG00020021496
xiphophorus_maculatus ENSXMAG00000025008
xiphophorus_couchianus ENSXCOG00000020879
poecilia_latipinna ENSPLAG00000013578
poecilia_mexicana ENSPMEG00000011707
poecilia_formosa ENSPFOG00000022607
gambusia_affinis ENSGAFG00000004765
seriola_lalandi_dorsalis ENSSLDG00000001178
seriola_dumerili ENSSDUG00000023443
monopterus_albus ENSMALG00000014822
anabas_testudineus ENSATEG00000020875
anabas_testudineus ENSATEG00000020841
anabas_testudineus ENSATEG00000020883
anabas_testudineus ENSATEG00000020844
anabas_testudineus ENSATEG00000020890
anabas_testudineus ENSATEG00000020801
anabas_testudineus ENSATEG00000020700
anabas_testudineus ENSATEG00000020656
maylandia_zebra ENSMZEG00005011250
astatotilapia_calliptera ENSACLG00000025509
astatotilapia_calliptera ENSACLG00000025498
haplochromis_burtoni ENSHBUG00000003144
pundamilia_nyererei ENSPNYG00000023549
neolamprologus_brichardi ENSNBRG00000018203
astatotilapia_calliptera ENSACLG00000025504
astatotilapia_calliptera ENSACLG00000025492
maylandia_zebra ENSMZEG00005011261
haplochromis_burtoni ENSHBUG00000012517
astatotilapia_calliptera ENSACLG00000025514
haplochromis_burtoni ENSHBUG00000018247
neolamprologus_brichardi ENSNBRG00000018210
maylandia_zebra ENSMZEG00005022802
neolamprologus_brichardi ENSNBRG00000018187
oreochromis_niloticus ENSONIG00000013612
haplochromis_burtoni ENSHBUG00000008633
pundamilia_nyererei ENSPNYG00000008435
astatotilapia_calliptera ENSACLG00000025443
oreochromis_niloticus ENSONIG00000013613
amphilophus_citrinellus ENSACIG00000010770
neolamprologus_brichardi ENSNBRG00000018143
maylandia_zebra ENSMZEG00005022804
oreochromis_niloticus ENSONIG00000000718
pundamilia_nyererei ENSPNYG00000008502
maylandia_zebra ENSMZEG00005010695
oreochromis_niloticus ENSONIG00000012877
astatotilapia_calliptera ENSACLG00000025436
amphilophus_citrinellus ENSACIG00000010711
amphilophus_citrinellus ENSACIG00000010642
haplochromis_burtoni ENSHBUG00000008658
maylandia_zebra ENSMZEG00005011277
maylandia_zebra ENSMZEG00005022803
astatotilapia_calliptera ENSACLG00000025439
pundamilia_nyererei ENSPNYG00000008463
neolamprologus_brichardi ENSNBRG00000018161
neolamprologus_brichardi ENSNBRG00000018150
pundamilia_nyererei ENSPNYG00000008472
oreochromis_niloticus ENSONIG00000008900
amphilophus_citrinellus ENSACIG00000010743
seriola_lalandi_dorsalis ENSSLDG00000001149
seriola_dumerili ENSSDUG00000023442
mola_mola ENSMMOG00000001259
kryptolebias_marmoratus ENSKMAG00000010269
kryptolebias_marmoratus ENSKMAG00000010285
kryptolebias_marmoratus ENSKMAG00000010246
kryptolebias_marmoratus ENSKMAG00000010254
anabas_testudineus ENSATEG00000020849
anabas_testudineus ENSATEG00000020836
mastacembelus_armatus ENSMAMG00000023118
mastacembelus_armatus ENSMAMG00000023121
ictalurus_punctatus ENSIPUG00000010882
ictalurus_punctatus ENSIPUG00000014895
pygocentrus_nattereri ENSPNAG00000001245
pygocentrus_nattereri ENSPNAG00000029265
pygocentrus_nattereri ENSPNAG00000008903
danio_rerio ENSDARG00000093303
hippocampus_comes ENSHCOG00000003183
esox_lucius ENSELUG00000023060
scleropages_formosus ENSSFOG00015022441
scleropages_formosus ENSSFOG00015022405
scleropages_formosus ENSSFOG00015004002
paramormyrops_kingsleyae ENSPKIG00000012151
paramormyrops_kingsleyae ENSPKIG00000012187
paramormyrops_kingsleyae ENSPKIG00000012176
paramormyrops_kingsleyae ENSPKIG00000021457
paramormyrops_kingsleyae ENSPKIG00000012134
lepisosteus_oculatus ENSLOCG00000000993
phascolarctos_cinereus ENSPCIG00000022935
notamacropus_eugenii ENSMEUG00000005823
sarcophilus_harrisii ENSSHAG00000008799
monodelphis_domestica ENSMODG00000021181
mustela_putorius_furo ENSMPUG00000008479
canis_lupus_dingo ENSCAFG00020007282
bos_taurus ENSBTAG00000020575
bos_mutus ENSBMUG00000021646
bison_bison_bison ENSBBBG00000025405
capra_hircus ENSCHIG00000022929
tursiops_truncatus ENSTTRG00000013541
ailuropoda_melanoleuca ENSAMEG00000003396
ursus_americanus ENSUAMG00000013670
panthera_pardus ENSPPRG00000012097
felis_catus ENSFCAG00000029226
sus_scrofa ENSSSCG00000040278
equus_asinus_asinus ENSEASG00005015275
equus_caballus ENSECAG00000035238
pan_troglodytes ENSPTRG00000028772
pan_paniscus ENSPPAG00000034171
homo_sapiens ENSG00000206013
pongo_abelii ENSPPYG00000002857
nomascus_leucogenys ENSNLEG00000008213
rhinopithecus_roxellana ENSRROG00000018527
rhinopithecus_bieti ENSRBIG00000019457
piliocolobus_tephrosceles ENSPTEG00000020421
colobus_angolensis_palliatus ENSCANG00000029942
macaca_nemestrina ENSMNEG00000040877
macaca_fascicularis ENSMFAG00000044560
macaca_mulatta ENSMMUG00000004626
chlorocebus_sabaeus ENSCSAG00000011109
theropithecus_gelada ENSTGEG00000022935
papio_anubis ENSPANG00000011321
cercocebus_atys ENSCATG00000031307
saimiri_boliviensis_boliviensis ENSSBOG00000013876
cebus_capucinus ENSCCAG00000023200
callithrix_jacchus ENSCJAG00000039290
aotus_nancymaae ENSANAG00000034777
carlito_syrichta ENSTSYG00000034283
prolemur_simus ENSPSMG00000021862
propithecus_coquereli ENSPCOG00000026861
microcebus_murinus ENSMICG00000006334
otolemur_garnettii ENSOGAG00000009736
dipodomys_ordii ENSDORG00000004124
castor_canadensis ENSCCNG00000007811
cricetulus_griseus_crigri ENSCGRG00000007112
cricetulus_griseus_crigri-picr ENSCGRG00015027580
cricetulus_griseus_chok1gshd ENSCGRG00001014047
mesocricetus_auratus ENSMAUG00000002881
peromyscus_maniculatus_bairdii ENSPEMG00000028080
mus_spretus_strain_spret/eij MGP_SPRETEiJ_G0031780
mus_musculus ENSMUSG00000025489
mus_spicilegus ENSMSIG00000014247
mus_caroli_strain_caroli_eij MGP_CAROLIEiJ_G0030669
mus_pahari MGP_PahariEiJ_G0013869
rattus_norvegicus ENSRNOG00000014923
meriones_unguiculatus ENSMUGG00000011841
jaculus_jaculus ENSJJAG00000010444
chinchilla_lanigera ENSCLAG00000002379
octodon_degus ENSODEG00000014917
cavia_porcellus ENSCPOG00000038604
cavia_aperea ENSCAPG00000006082
heterocephalus_glaber_female ENSHGLG00000013380
heterocephalus_glaber_male ENSHGLG00100015458
fukomys_damarensis ENSFDAG00000010697
marmota_marmota_marmota ENSMMMG00000007257
spermophilus_dauricus ENSSDAG00000002956
urocitellus_parryii ENSUPAG00010002531
ictidomys_tridecemlineatus ENSSTOG00000022428
loxodonta_africana ENSLAFG00000025606
procavia_capensis ENSPCAG00000005634
dasypus_novemcinctus ENSDNOG00000037589
ornithorhynchus_anatinus ENSOANG00000004654
sorex_araneus ENSSARG00000009068
ovis_aries ENSOARG00000008229
vulpes_vulpes ENSVVUG00000016929
neovison_vison ENSNVIG00000005168
mus_musculus ENSMUSG00000110104
microtus_ochrogaster ENSMOCG00000002155
nannospalax_galili ENSNGAG00000019920
gorilla_gorilla ENSGGOG00000044147
notechis_scutatus ENSNSUG00000000741
apteryx_haastii ENSAHAG00000018736
apteryx_owenii ENSAOWG00000008949
apteryx_rowi ENSARWG00000013200
dromaius_novaehollandiae ENSDNVG00000001775
nothoprocta_perdicaria ENSNPEG00000001862
anser_brachyrhynchus ENSABRG00000010133
anas_platyrhynchos_platyrhynchos ENSAPLG00000014998
gallus_gallus ENSGALG00000004239
coturnix_japonica ENSCJPG00005013713
meleagris_gallopavo ENSMGAG00000002529
numida_meleagris ENSNMEG00000005278
calidris_pugnax ENSCPUG00000015207
calidris_pugnax ENSCPUG00000013041
calidris_pygmaea ENSCPGG00000003134
lepidothrix_coronata ENSLCOG00000002786
manacus_vitellinus ENSMVIG00005009783
cyanistes_caeruleus ENSCCEG00000017028
parus_major ENSPMJG00000006557
lonchura_striata_domestica ENSLSDG00000004236
taeniopygia_guttata ENSTGUG00000006845
ficedula_albicollis ENSFALG00000011517
junco_hyemalis ENSJHYG00000006581
melopsittacus_undulatus ENSMUNG00000007597
crocodylus_porosus ENSCPRG00005009274
chelonoidis_abingdonii ENSCABG00000013900
gopherus_agassizii ENSGAGG00000013281
chrysemys_picta_bellii ENSCPBG00000011398
pelodiscus_sinensis ENSPSIG00000009586
pogona_vitticeps ENSPVIG00000017187
anolis_carolinensis ENSACAG00000017472
salvator_merianae ENSSMRG00000013461
sphenodon_punctatus ENSSPUG00000009080
xenopus_tropicalis ENSXETG00000034076
scleropages_formosus ENSSFOG00015003948
paramormyrops_kingsleyae ENSPKIG00000021488
pygocentrus_nattereri ENSPNAG00000008921
astyanax_mexicanus ENSAMXG00000041618
ictalurus_punctatus ENSIPUG00000014907
danio_rerio ENSDARG00000105153
poecilia_latipinna ENSPLAG00000001835
poecilia_formosa ENSPFOG00000013797
poecilia_mexicana ENSPMEG00000011331
poecilia_reticulata ENSPREG00000012350
gambusia_affinis ENSGAFG00000004683
xiphophorus_couchianus ENSXCOG00000020875
xiphophorus_maculatus ENSXMAG00000028775
fundulus_heteroclitus ENSFHEG00000015555
kryptolebias_marmoratus ENSKMAG00000010197
oryzias_melastigma ENSOMEG00000000736
oryzias_melastigma ENSOMEG00000005780
oryzias_latipes_asm223469v1 ENSORLG00015013430
oryzias_latipes ENSORLG00000029151
oryzias_latipes ENSORLG00020020359
gasterosteus_aculeatus ENSGACG00000003507
amphiprion_percula ENSAPEG00000005898
amphiprion_ocellaris ENSAOCG00000019250
acanthochromis_polyacanthus ENSAPOG00000017051
stegastes_partitus ENSSPAG00000003147
labrus_bergylta ENSLBEG00000021280
anabas_testudineus ENSATEG00000020580
monopterus_albus ENSMALG00000014764
mastacembelus_armatus ENSMAMG00000023122
maylandia_zebra ENSMZEG00005011192
astatotilapia_calliptera ENSACLG00000025599
pundamilia_nyererei ENSPNYG00000008040
haplochromis_burtoni ENSHBUG00000013900
neolamprologus_brichardi ENSNBRG00000018240
oreochromis_niloticus ENSONIG00000008893
amphilophus_citrinellus ENSACIG00000018068
mola_mola ENSMMOG00000001252
cyprinodon_variegatus ENSCVAG00000007453
hippocampus_comes ENSHCOG00000003190
tetraodon_nigroviridis ENSTNIG00000005679
takifugu_rubripes ENSTRUG00000016236
scophthalmus_maximus ENSSMAG00000005777
cynoglossus_semilaevis ENSCSEG00000002289
seriola_dumerili ENSSDUG00000023430
seriola_lalandi_dorsalis ENSSLDG00000001109
periophthalmus_magnuspinnatus ENSPMGG00000013620
gadus_morhua ENSGMOG00000013422
esox_lucius ENSELUG00000023034
lepisosteus_oculatus ENSLOCG00000000971
sarcophilus_harrisii ENSSHAG00000001122
phascolarctos_cinereus ENSPCIG00000009697
monodelphis_domestica ENSMODG00000019316
calidris_pugnax ENSCPUG00000003288
calidris_pygmaea ENSCPGG00000015257
junco_hyemalis ENSJHYG00000012557
zonotrichia_albicollis ENSZALG00000016893
lonchura_striata_domestica ENSLSDG00000012074
taeniopygia_guttata ENSTGUG00000009454
serinus_canaria ENSSCAG00000004439
parus_major ENSPMJG00000009396
cyanistes_caeruleus ENSCCEG00000008358
ficedula_albicollis ENSFALG00000011730
lepidothrix_coronata ENSLCOG00000013764
manacus_vitellinus ENSMVIG00005010419
melopsittacus_undulatus ENSMUNG00000010098
meleagris_gallopavo ENSMGAG00000008499
gallus_gallus ENSGALG00000031657
coturnix_japonica ENSCJPG00005018516
numida_meleagris ENSNMEG00000011448
apteryx_haastii ENSAHAG00000017190
apteryx_owenii ENSAOWG00000001277
apteryx_rowi ENSARWG00000002763
dromaius_novaehollandiae ENSDNVG00000014300
nothoprocta_perdicaria ENSNPEG00000009499
anas_platyrhynchos_platyrhynchos ENSAPLG00000026899
anser_brachyrhynchus ENSABRG00000005660
gopherus_agassizii ENSGAGG00000018804
chelonoidis_abingdonii ENSCABG00000010729
chrysemys_picta_bellii ENSCPBG00000007454
pelodiscus_sinensis ENSPSIG00000014846
crocodylus_porosus ENSCPRG00005016972
pogona_vitticeps ENSPVIG00000000648
anolis_carolinensis ENSACAG00000009353
notechis_scutatus ENSNSUG00000017435
sphenodon_punctatus ENSSPUG00000002470
microcebus_murinus ENSMICG00000028547
propithecus_coquereli ENSPCOG00000020792
otolemur_garnettii ENSOGAG00000028031
ictidomys_tridecemlineatus ENSSTOG00000027335
spermophilus_dauricus ENSSDAG00000014233
mus_musculus ENSMUSG00000045777
mus_spicilegus ENSMSIG00000016081
mus_spretus_strain_spret/eij MGP_SPRETEiJ_G0031829
mus_caroli_strain_caroli_eij MGP_CAROLIEiJ_G0030720
mus_pahari MGP_PahariEiJ_G0013916
rattus_norvegicus ENSRNOG00000020164
meriones_unguiculatus ENSMUGG00000017713
cricetulus_griseus_crigri ENSCGRG00000002857
cricetulus_griseus_chok1gshd ENSCGRG00001017849
cricetulus_griseus_crigri-picr ENSCGRG00015026704
mesocricetus_auratus ENSMAUG00000018748
microtus_ochrogaster ENSMOCG00000020379
peromyscus_maniculatus_bairdii ENSPEMG00000008413
nannospalax_galili ENSNGAG00000018816
castor_canadensis ENSCCNG00000030464
dipodomys_ordii ENSDORG00000013770
jaculus_jaculus ENSJJAG00000011027
heterocephalus_glaber_male ENSHGLG00100000664
heterocephalus_glaber_female ENSHGLG00000013676
fukomys_damarensis ENSFDAG00000010155
chinchilla_lanigera ENSCLAG00000014141
octodon_degus ENSODEG00000017241
cavia_aperea ENSCAPG00000005351
cavia_porcellus ENSCPOG00000019284
chlorocebus_sabaeus ENSCSAG00000009910
macaca_mulatta ENSMMUG00000003873
mandrillus_leucophaeus ENSMLEG00000033435
papio_anubis ENSPANG00000012977
rhinopithecus_bieti ENSRBIG00000027948
homo_sapiens ENSG00000244242
pongo_abelii ENSPPYG00000002910
callithrix_jacchus ENSCJAG00000018403
saimiri_boliviensis_boliviensis ENSSBOG00000029902
aotus_nancymaae ENSANAG00000028527
ursus_americanus ENSUAMG00000020901
ailuropoda_melanoleuca ENSAMEG00000001996
canis_lupus_dingo ENSCAFG00020000142
canis_lupus_dingo ENSCAFG00020017513
canis_lupus_familiaris ENSCAFG00000010028
neovison_vison ENSNVIG00000007133
mustela_putorius_furo ENSMPUG00000006078
panthera_pardus ENSPPRG00000014971
panthera_tigris_altaica ENSPTIG00000006347
felis_catus ENSFCAG00000007822
equus_asinus_asinus ENSEASG00005000524
sus_scrofa ENSSSCG00000033809
capra_hircus ENSCHIG00000015097
ovis_aries ENSOARG00000004989
bos_taurus ENSBTAG00000047996
bos_mutus ENSBMUG00000019721
equus_caballus ENSECAG00000030236
bison_bison_bison ENSBBBG00000020121
vulpes_vulpes ENSVVUG00000002300
pteropus_vampyrus ENSPVAG00000016485
cebus_capucinus ENSCCAG00000021225
cebus_capucinus ENSCCAG00000032120
salvator_merianae ENSSMRG00000014159
danio_rerio ENSDARG00000092616
eptatretus_burgeri ENSEBUG00000007800
eptatretus_burgeri ENSEBUG00000012417
eptatretus_burgeri ENSEBUG00000015041
