poecilia_mexicana ENSPMEG00000007573
poecilia_reticulata ENSPREG00000001514
xiphophorus_maculatus ENSXMAG00000019923
xiphophorus_couchianus ENSXCOG00000017871
oryzias_latipes ENSORLG00020002670
oryzias_latipes_asm223469v1 ENSORLG00015018867
haplochromis_burtoni ENSHBUG00000006639
astatotilapia_calliptera ENSACLG00000005681
poecilia_reticulata ENSPREG00000014105
maylandia_zebra ENSMZEG00005008729
astatotilapia_calliptera ENSACLG00000000063
kryptolebias_marmoratus ENSKMAG00000013272
monopterus_albus ENSMALG00000016079
labrus_bergylta ENSLBEG00000028628
esox_lucius ENSELUG00000001935
esox_lucius ENSELUG00000007236
esox_lucius ENSELUG00000015361
astyanax_mexicanus ENSAMXG00000037849
oryzias_latipes_asm223469v1 ENSORLG00015018275
oryzias_latipes ENSORLG00020019341
oryzias_melastigma ENSOMEG00000020986
monopterus_albus ENSMALG00000010962
poecilia_formosa ENSPFOG00000001144
tetraodon_nigroviridis ENSTNIG00000000277
paramormyrops_kingsleyae ENSPKIG00000019848
astyanax_mexicanus ENSAMXG00000035349
kryptolebias_marmoratus ENSKMAG00000009563
salvator_merianae ENSSMRG00000002502
pogona_vitticeps ENSPVIG00000009304
poecilia_formosa ENSPFOG00000023258
poecilia_reticulata ENSPREG00000007598
amphiprion_ocellaris ENSAOCG00000018256
hippocampus_comes ENSHCOG00000020957
takifugu_rubripes ENSTRUG00000020669
poecilia_latipinna ENSPLAG00000016561
fundulus_heteroclitus ENSFHEG00000013152
monopterus_albus ENSMALG00000018074
fundulus_heteroclitus ENSFHEG00000014023
fundulus_heteroclitus ENSFHEG00000012436
fundulus_heteroclitus ENSFHEG00000013870
kryptolebias_marmoratus ENSKMAG00000014629
fundulus_heteroclitus ENSFHEG00000004326
mastacembelus_armatus ENSMAMG00000008711
seriola_lalandi_dorsalis ENSSLDG00000010042
stegastes_partitus ENSSPAG00000013109
cynoglossus_semilaevis ENSCSEG00000020717
anabas_testudineus ENSATEG00000008683
mastacembelus_armatus ENSMAMG00000014743
seriola_dumerili ENSSDUG00000008682
haplochromis_burtoni ENSHBUG00000009953
maylandia_zebra ENSMZEG00005027793
maylandia_zebra ENSMZEG00005026470
maylandia_zebra ENSMZEG00005007426
haplochromis_burtoni ENSHBUG00000018916
astatotilapia_calliptera ENSACLG00000024670
maylandia_zebra ENSMZEG00005027943
oreochromis_niloticus ENSONIG00000006670
neolamprologus_brichardi ENSNBRG00000000577
amphilophus_citrinellus ENSACIG00000000360
maylandia_zebra ENSMZEG00005025729
neolamprologus_brichardi ENSNBRG00000003539
fundulus_heteroclitus ENSFHEG00000018009
poecilia_formosa ENSPFOG00000011766
paramormyrops_kingsleyae ENSPKIG00000018633
scleropages_formosus ENSSFOG00015001144
esox_lucius ENSELUG00000024006
astyanax_mexicanus ENSAMXG00000035478
ictalurus_punctatus ENSIPUG00000014841
maylandia_zebra ENSMZEG00005021426
astatotilapia_calliptera ENSACLG00000000521
maylandia_zebra ENSMZEG00005005162
astatotilapia_calliptera ENSACLG00000019360
oreochromis_niloticus ENSONIG00000003363
oreochromis_niloticus ENSONIG00000006585
oreochromis_niloticus ENSONIG00000013908
maylandia_zebra ENSMZEG00005025568
maylandia_zebra ENSMZEG00005004805
pundamilia_nyererei ENSPNYG00000024183
astatotilapia_calliptera ENSACLG00000001292
astatotilapia_calliptera ENSACLG00000014636
maylandia_zebra ENSMZEG00005019999
maylandia_zebra ENSMZEG00005022161
astatotilapia_calliptera ENSACLG00000017449
neolamprologus_brichardi ENSNBRG00000009798
amphilophus_citrinellus ENSACIG00000008886
stegastes_partitus ENSSPAG00000006539
ictalurus_punctatus ENSIPUG00000012873
monopterus_albus ENSMALG00000008638
cynoglossus_semilaevis ENSCSEG00000015585
fundulus_heteroclitus ENSFHEG00000018209
esox_lucius ENSELUG00000017412
danio_rerio ENSDARG00000102321
danio_rerio ENSDARG00000104605
danio_rerio ENSDARG00000104488
danio_rerio ENSDARG00000008906
danio_rerio ENSDARG00000103795
danio_rerio ENSDARG00000102033
danio_rerio ENSDARG00000101319
danio_rerio ENSDARG00000102950
danio_rerio ENSDARG00000103237
danio_rerio ENSDARG00000099612
danio_rerio ENSDARG00000103196
danio_rerio ENSDARG00000101593
danio_rerio ENSDARG00000099009
danio_rerio ENSDARG00000113380
danio_rerio ENSDARG00000098176
danio_rerio ENSDARG00000099331
danio_rerio ENSDARG00000088084
danio_rerio ENSDARG00000116765
danio_rerio ENSDARG00000078476
danio_rerio ENSDARG00000094427
danio_rerio ENSDARG00000079236
danio_rerio ENSDARG00000098661
danio_rerio ENSDARG00000076214
danio_rerio ENSDARG00000105073
danio_rerio ENSDARG00000053800
pygocentrus_nattereri ENSPNAG00000000083
danio_rerio ENSDARG00000092152
danio_rerio ENSDARG00000074125
danio_rerio ENSDARG00000102678
danio_rerio ENSDARG00000091896
danio_rerio ENSDARG00000100882
danio_rerio ENSDARG00000071725
danio_rerio ENSDARG00000071790
danio_rerio ENSDARG00000103853
danio_rerio ENSDARG00000101694
danio_rerio ENSDARG00000071819
danio_rerio ENSDARG00000097261
danio_rerio ENSDARG00000100361
danio_rerio ENSDARG00000112141
danio_rerio ENSDARG00000103582
danio_rerio ENSDARG00000092073
danio_rerio ENSDARG00000092765
danio_rerio ENSDARG00000102053
danio_rerio ENSDARG00000100468
danio_rerio ENSDARG00000104613
danio_rerio ENSDARG00000101542
danio_rerio ENSDARG00000095667
danio_rerio ENSDARG00000088507
danio_rerio ENSDARG00000111899
danio_rerio ENSDARG00000073821
danio_rerio ENSDARG00000071741
danio_rerio ENSDARG00000103078
danio_rerio ENSDARG00000112145
danio_rerio ENSDARG00000092088
danio_rerio ENSDARG00000094109
danio_rerio ENSDARG00000102601
danio_rerio ENSDARG00000115326
danio_rerio ENSDARG00000094736
danio_rerio ENSDARG00000104065
danio_rerio ENSDARG00000094563
danio_rerio ENSDARG00000110100
danio_rerio ENSDARG00000092605
danio_rerio ENSDARG00000103827
danio_rerio ENSDARG00000071833
danio_rerio ENSDARG00000071719
danio_rerio ENSDARG00000095350
danio_rerio ENSDARG00000093875
danio_rerio ENSDARG00000093672
danio_rerio ENSDARG00000113666
danio_rerio ENSDARG00000092849
danio_rerio ENSDARG00000101955
danio_rerio ENSDARG00000100196
danio_rerio ENSDARG00000099618
danio_rerio ENSDARG00000078159
danio_rerio ENSDARG00000094242
danio_rerio ENSDARG00000095397
danio_rerio ENSDARG00000108441
danio_rerio ENSDARG00000095617
danio_rerio ENSDARG00000100127
danio_rerio ENSDARG00000092027
danio_rerio ENSDARG00000094343
danio_rerio ENSDARG00000098613
danio_rerio ENSDARG00000100808
danio_rerio ENSDARG00000111614
danio_rerio ENSDARG00000095455
danio_rerio ENSDARG00000101885
danio_rerio ENSDARG00000092246
danio_rerio ENSDARG00000093562
danio_rerio ENSDARG00000094309
danio_rerio ENSDARG00000101425
danio_rerio ENSDARG00000077085
danio_rerio ENSDARG00000105305
danio_rerio ENSDARG00000103477
danio_rerio ENSDARG00000101998
danio_rerio ENSDARG00000022905
esox_lucius ENSELUG00000012039
danio_rerio ENSDARG00000077078
danio_rerio ENSDARG00000100883
danio_rerio ENSDARG00000113011
danio_rerio ENSDARG00000105074
danio_rerio ENSDARG00000099172
danio_rerio ENSDARG00000103530
danio_rerio ENSDARG00000098923
danio_rerio ENSDARG00000106565
danio_rerio ENSDARG00000099731
danio_rerio ENSDARG00000100803
danio_rerio ENSDARG00000098248
danio_rerio ENSDARG00000102401
danio_rerio ENSDARG00000115857
danio_rerio ENSDARG00000103777
danio_rerio ENSDARG00000078814
danio_rerio ENSDARG00000040141
danio_rerio ENSDARG00000102363
danio_rerio ENSDARG00000104894
danio_rerio ENSDARG00000104078
danio_rerio ENSDARG00000098142
danio_rerio ENSDARG00000104985
danio_rerio ENSDARG00000035221
danio_rerio ENSDARG00000116570
danio_rerio ENSDARG00000115096
danio_rerio ENSDARG00000111442
danio_rerio ENSDARG00000114211
danio_rerio ENSDARG00000109703
danio_rerio ENSDARG00000053165
danio_rerio ENSDARG00000097839
danio_rerio ENSDARG00000088298
danio_rerio ENSDARG00000044847
danio_rerio ENSDARG00000053263
danio_rerio ENSDARG00000097521
danio_rerio ENSDARG00000101044
danio_rerio ENSDARG00000113365
danio_rerio ENSDARG00000105056
danio_rerio ENSDARG00000099890
danio_rerio ENSDARG00000114349
danio_rerio ENSDARG00000110106
seriola_dumerili ENSSDUG00000004534
danio_rerio ENSDARG00000104783
danio_rerio ENSDARG00000104904
danio_rerio ENSDARG00000105295
esox_lucius ENSELUG00000012048
esox_lucius ENSELUG00000021953
astyanax_mexicanus ENSAMXG00000029660
astyanax_mexicanus ENSAMXG00000038849
pygocentrus_nattereri ENSPNAG00000000291
paramormyrops_kingsleyae ENSPKIG00000023765
astyanax_mexicanus ENSAMXG00000043291
astyanax_mexicanus ENSAMXG00000041650
amphiprion_percula ENSAPEG00000016055
amphiprion_ocellaris ENSAOCG00000018260
acanthochromis_polyacanthus ENSAPOG00000005977
stegastes_partitus ENSSPAG00000013287
maylandia_zebra ENSMZEG00005010866
astatotilapia_calliptera ENSACLG00000013450
haplochromis_burtoni ENSHBUG00000012529
pundamilia_nyererei ENSPNYG00000024154
mastacembelus_armatus ENSMAMG00000007054
anabas_testudineus ENSATEG00000022732
seriola_lalandi_dorsalis ENSSLDG00000007486
seriola_dumerili ENSSDUG00000000939
xiphophorus_maculatus ENSXMAG00000025934
xiphophorus_couchianus ENSXCOG00000012063
gambusia_affinis ENSGAFG00000014441
poecilia_formosa ENSPFOG00000015191
poecilia_mexicana ENSPMEG00000004160
poecilia_latipinna ENSPLAG00000010813
takifugu_rubripes ENSTRUG00000019837
cynoglossus_semilaevis ENSCSEG00000010979
esox_lucius ENSELUG00000012485
pygocentrus_nattereri ENSPNAG00000015139
astyanax_mexicanus ENSAMXG00000029428
ictalurus_punctatus ENSIPUG00000014818
paramormyrops_kingsleyae ENSPKIG00000020324
scleropages_formosus ENSSFOG00015000646
paramormyrops_kingsleyae ENSPKIG00000011987
lepisosteus_oculatus ENSLOCG00000001990
amphilophus_citrinellus ENSACIG00000007882
poecilia_latipinna ENSPLAG00000019025
anabas_testudineus ENSATEG00000010389
danio_rerio ENSDARG00000040179
stegastes_partitus ENSSPAG00000009426
mola_mola ENSMMOG00000018983
astatotilapia_calliptera ENSACLG00000019699
pundamilia_nyererei ENSPNYG00000005361
anabas_testudineus ENSATEG00000008667
xiphophorus_maculatus ENSXMAG00000021656
xiphophorus_couchianus ENSXCOG00000008525
gambusia_affinis ENSGAFG00000003436
fundulus_heteroclitus ENSFHEG00000005630
pundamilia_nyererei ENSPNYG00000005849
poecilia_reticulata ENSPREG00000005538
paramormyrops_kingsleyae ENSPKIG00000024594
eptatretus_burgeri ENSEBUG00000015073
eptatretus_burgeri ENSEBUG00000011274
periophthalmus_magnuspinnatus ENSPMGG00000001558
labrus_bergylta ENSLBEG00000022939
labrus_bergylta ENSLBEG00000020461
amphiprion_ocellaris ENSAOCG00000021565
esox_lucius ENSELUG00000008131
danio_rerio ENSDARG00000053260
esox_lucius ENSELUG00000017814
esox_lucius ENSELUG00000013892
danio_rerio ENSDARG00000098609
pygocentrus_nattereri ENSPNAG00000003251
ictalurus_punctatus ENSIPUG00000002029
oryzias_latipes ENSORLG00020021078
oryzias_latipes ENSORLG00000024186
mola_mola ENSMMOG00000012666
caenorhabditis_elegans_strain_n2 WBGene00010770
pygocentrus_nattereri ENSPNAG00000013622
fundulus_heteroclitus ENSFHEG00000007107
drosophila_melanogaster FBgn0038768
drosophila_melanogaster FBgn0037877
eptatretus_burgeri ENSEBUG00000016496
