saccharomyces_cerevisiae YPR003C
caenorhabditis_elegans_strain_n2 WBGene00016945
apteryx_owenii ENSAOWG00000013650
apteryx_haastii ENSAHAG00000005802
apteryx_rowi ENSARWG00000012996
dromaius_novaehollandiae ENSDNVG00000015111
nothoprocta_perdicaria ENSNPEG00000010164
anser_brachyrhynchus ENSABRG00000002875
anas_platyrhynchos_platyrhynchos ENSAPLG00000020854
meleagris_gallopavo ENSMGAG00000006156
coturnix_japonica ENSCJPG00005021195
gallus_gallus ENSGALG00000007018
numida_meleagris ENSNMEG00000003134
lonchura_striata_domestica ENSLSDG00000003305
taeniopygia_guttata ENSTGUG00000003079
junco_hyemalis ENSJHYG00000005645
zonotrichia_albicollis ENSZALG00000007507
serinus_canaria ENSSCAG00000012304
ficedula_albicollis ENSFALG00000012437
parus_major ENSPMJG00000016640
lepidothrix_coronata ENSLCOG00000010851
manacus_vitellinus ENSMVIG00005013054
melopsittacus_undulatus ENSMUNG00000000596
calidris_pugnax ENSCPUG00000010732
calidris_pygmaea ENSCPGG00000014549
crocodylus_porosus ENSCPRG00005018108
gopherus_agassizii ENSGAGG00000009826
chelonoidis_abingdonii ENSCABG00000014076
chrysemys_picta_bellii ENSCPBG00000010815
pelodiscus_sinensis ENSPSIG00000013527
pogona_vitticeps ENSPVIG00000008666
anolis_carolinensis ENSACAG00000015684
notechis_scutatus ENSNSUG00000009728
salvator_merianae ENSSMRG00000003657
sphenodon_punctatus ENSSPUG00000012245
ursus_americanus ENSUAMG00000027468
ursus_maritimus ENSUMAG00000014986
ailuropoda_melanoleuca ENSAMEG00000015248
mustela_putorius_furo ENSMPUG00000012160
neovison_vison ENSNVIG00000014923
canis_lupus_familiaris ENSCAFG00000005654
canis_lupus_dingo ENSCAFG00020008347
vulpes_vulpes ENSVVUG00000018062
panthera_tigris_altaica ENSPTIG00000009900
panthera_pardus ENSPPRG00000002900
felis_catus ENSFCAG00000000943
pteropus_vampyrus ENSPVAG00000003636
ovis_aries ENSOARG00000001513
capra_hircus ENSCHIG00000014026
bos_taurus ENSBTAG00000015276
bos_mutus ENSBMUG00000022298
bison_bison_bison ENSBBBG00000018043
tursiops_truncatus ENSTTRG00000000523
sus_scrofa ENSSSCG00000021040
equus_asinus_asinus ENSEASG00005005138
equus_caballus ENSECAG00000010099
erinaceus_europaeus ENSEEUG00000006055
mus_musculus ENSMUSG00000039908
mus_spicilegus ENSMSIG00000016447
mus_spretus_strain_spret/eij MGP_SPRETEiJ_G0018342
mus_caroli_strain_caroli_eij MGP_CAROLIEiJ_G0017498
mus_pahari MGP_PahariEiJ_G0018625
rattus_norvegicus ENSRNOG00000030537
meriones_unguiculatus ENSMUGG00000009929
cricetulus_griseus_chok1gshd ENSCGRG00001011926
cricetulus_griseus_crigri ENSCGRG00000001759
cricetulus_griseus_crigri-picr ENSCGRG00015002621
mesocricetus_auratus ENSMAUG00000010950
microtus_ochrogaster ENSMOCG00000020062
peromyscus_maniculatus_bairdii ENSPEMG00000004729
nannospalax_galili ENSNGAG00000024050
jaculus_jaculus ENSJJAG00000016429
marmota_marmota_marmota ENSMMMG00000007226
spermophilus_dauricus ENSSDAG00000013681
urocitellus_parryii ENSUPAG00010004377
ictidomys_tridecemlineatus ENSSTOG00000014833
chinchilla_lanigera ENSCLAG00000011253
octodon_degus ENSODEG00000009075
heterocephalus_glaber_female ENSHGLG00000008648
heterocephalus_glaber_male ENSHGLG00100005837
fukomys_damarensis ENSFDAG00000008478
cavia_porcellus ENSCPOG00000005217
cavia_aperea ENSCAPG00000003291
castor_canadensis ENSCCNG00000010711
dipodomys_ordii ENSDORG00000010553
oryctolagus_cuniculus ENSOCUG00000007777
ochotona_princeps ENSOPRG00000011688
cebus_capucinus ENSCCAG00000036011
saimiri_boliviensis_boliviensis ENSSBOG00000032335
callithrix_jacchus ENSCJAG00000003372
aotus_nancymaae ENSANAG00000036151
pan_paniscus ENSPPAG00000042136
pan_troglodytes ENSPTRG00000009740
homo_sapiens ENSG00000181045
gorilla_gorilla ENSGGOG00000000625
pongo_abelii ENSPPYG00000008717
nomascus_leucogenys ENSNLEG00000015660
piliocolobus_tephrosceles ENSPTEG00000033336
colobus_angolensis_palliatus ENSCANG00000012925
rhinopithecus_roxellana ENSRROG00000035946
mandrillus_leucophaeus ENSMLEG00000032610
cercocebus_atys ENSCATG00000043089
papio_anubis ENSPANG00000019669
theropithecus_gelada ENSTGEG00000007694
macaca_mulatta ENSMMUG00000002850
macaca_nemestrina ENSMNEG00000010049
macaca_fascicularis ENSMFAG00000032450
rhinopithecus_bieti ENSRBIG00000040329
chlorocebus_sabaeus ENSCSAG00000002327
carlito_syrichta ENSTSYG00000006285
prolemur_simus ENSPSMG00000005289
microcebus_murinus ENSMICG00000036627
propithecus_coquereli ENSPCOG00000026872
otolemur_garnettii ENSOGAG00000007512
dasypus_novemcinctus ENSDNOG00000015582
loxodonta_africana ENSLAFG00000006447
procavia_capensis ENSPCAG00000002530
echinops_telfairi ENSETEG00000015311
tupaia_belangeri ENSTBEG00000005709
phascolarctos_cinereus ENSPCIG00000029112
notamacropus_eugenii ENSMEUG00000006834
sarcophilus_harrisii ENSSHAG00000001366
monodelphis_domestica ENSMODG00000002254
ornithorhynchus_anatinus ENSOANG00000006546
xenopus_tropicalis ENSXETG00000019624
latimeria_chalumnae ENSLACG00000017701
paramormyrops_kingsleyae ENSPKIG00000010018
scleropages_formosus ENSSFOG00015020962
scleropages_formosus ENSSFOG00015021767
paramormyrops_kingsleyae ENSPKIG00000023535
monopterus_albus ENSMALG00000005823
mastacembelus_armatus ENSMAMG00000011585
anabas_testudineus ENSATEG00000019534
seriola_dumerili ENSSDUG00000001983
seriola_lalandi_dorsalis ENSSLDG00000012566
scophthalmus_maximus ENSSMAG00000005312
labrus_bergylta ENSLBEG00000009932
gasterosteus_aculeatus ENSGACG00000019006
hippocampus_comes ENSHCOG00000014873
cynoglossus_semilaevis ENSCSEG00000008050
takifugu_rubripes ENSTRUG00000011404
tetraodon_nigroviridis ENSTNIG00000014060
amphiprion_percula ENSAPEG00000013801
amphiprion_ocellaris ENSAOCG00000009713
acanthochromis_polyacanthus ENSAPOG00000000758
stegastes_partitus ENSSPAG00000008077
maylandia_zebra ENSMZEG00005007858
astatotilapia_calliptera ENSACLG00000020208
pundamilia_nyererei ENSPNYG00000001883
haplochromis_burtoni ENSHBUG00000018824
oreochromis_niloticus ENSONIG00000017745
neolamprologus_brichardi ENSNBRG00000023707
amphilophus_citrinellus ENSACIG00000008967
fundulus_heteroclitus ENSFHEG00000018581
cyprinodon_variegatus ENSCVAG00000011975
poecilia_latipinna ENSPLAG00000010935
poecilia_mexicana ENSPMEG00000014177
poecilia_formosa ENSPFOG00000003811
poecilia_reticulata ENSPREG00000000428
xiphophorus_maculatus ENSXMAG00000012920
xiphophorus_couchianus ENSXCOG00000014420
gambusia_affinis ENSGAFG00000010658
kryptolebias_marmoratus ENSKMAG00000018831
oryzias_latipes ENSORLG00020004930
oryzias_latipes ENSORLG00000012068
oryzias_latipes_asm223469v1 ENSORLG00015003592
oryzias_melastigma ENSOMEG00000012886
periophthalmus_magnuspinnatus ENSPMGG00000016398
gadus_morhua ENSGMOG00000015014
esox_lucius ENSELUG00000001524
pygocentrus_nattereri ENSPNAG00000022433
astyanax_mexicanus ENSAMXG00000004718
ictalurus_punctatus ENSIPUG00000009399
danio_rerio ENSDARG00000043021
lepisosteus_oculatus ENSLOCG00000012525
petromyzon_marinus ENSPMAG00000000272
eptatretus_burgeri ENSEBUG00000013714
ciona_savignyi ENSCSAVG00000009086
ciona_intestinalis ENSCING00000005777
ciona_intestinalis ENSCING00000008448
ciona_savignyi ENSCSAVG00000008340
drosophila_melanogaster FBgn0038337
drosophila_melanogaster FBgn0038354
drosophila_melanogaster FBgn0036240
drosophila_melanogaster FBgn0039789
drosophila_melanogaster FBgn0039787
drosophila_melanogaster FBgn0013953
drosophila_melanogaster FBgn0034275
drosophila_melanogaster FBgn0039736
saccharomyces_cerevisiae YBR294W
saccharomyces_cerevisiae YLR092W
poecilia_latipinna ENSPLAG00000020262
oryzias_latipes ENSORLG00000026002
seriola_lalandi_dorsalis ENSSLDG00000020914
pogona_vitticeps ENSPVIG00000023933
anolis_carolinensis ENSACAG00000000291
notechis_scutatus ENSNSUG00000007086
salvator_merianae ENSSMRG00000001712
sphenodon_punctatus ENSSPUG00000008061
gopherus_agassizii ENSGAGG00000016346
chelonoidis_abingdonii ENSCABG00000014442
chrysemys_picta_bellii ENSCPBG00000018021
pelodiscus_sinensis ENSPSIG00000011984
loxodonta_africana ENSLAFG00000027341
loxodonta_africana ENSLAFG00000031829
carlito_syrichta ENSTSYG00000030748
prolemur_simus ENSPSMG00000021793
mus_spretus_strain_spret/eij MGP_SPRETEiJ_G0016709
mus_musculus ENSMUSG00000040441
mus_spicilegus ENSMSIG00000028691
mus_caroli_strain_caroli_eij MGP_CAROLIEiJ_G0015883
mus_pahari MGP_PahariEiJ_G0031202
rattus_norvegicus ENSRNOG00000029465
meriones_unguiculatus ENSMUGG00000008465
microtus_ochrogaster ENSMOCG00000003649
peromyscus_maniculatus_bairdii ENSPEMG00000013550
cricetulus_griseus_chok1gshd ENSCGRG00001023769
cricetulus_griseus_crigri ENSCGRG00000004489
cricetulus_griseus_crigri-picr ENSCGRG00015000728
nannospalax_galili ENSNGAG00000007258
jaculus_jaculus ENSJJAG00000000444
castor_canadensis ENSCCNG00000031230
dipodomys_ordii ENSDORG00000027396
urocitellus_parryii ENSUPAG00010017441
marmota_marmota_marmota ENSMMMG00000010726
ictidomys_tridecemlineatus ENSSTOG00000020554
spermophilus_dauricus ENSSDAG00000002760
peromyscus_maniculatus_bairdii ENSPEMG00000025878
spermophilus_dauricus ENSSDAG00000002734
chinchilla_lanigera ENSCLAG00000011703
octodon_degus ENSODEG00000002108
cavia_porcellus ENSCPOG00000033620
heterocephalus_glaber_female ENSHGLG00000015674
heterocephalus_glaber_male ENSHGLG00100004315
fukomys_damarensis ENSFDAG00000011004
oryctolagus_cuniculus ENSOCUG00000021988
mustela_putorius_furo ENSMPUG00000001927
neovison_vison ENSNVIG00000002655
ailuropoda_melanoleuca ENSAMEG00000005175
felis_catus ENSFCAG00000030779
bison_bison_bison ENSBBBG00000011770
bison_bison_bison ENSBBBG00000007880
bos_mutus ENSBMUG00000025498
bos_taurus ENSBTAG00000023289
capra_hircus ENSCHIG00000012447
ovis_aries ENSOARG00000005767
sus_scrofa ENSSSCG00000036029
equus_caballus ENSECAG00000019756
equus_asinus_asinus ENSEASG00005007229
myotis_lucifugus ENSMLUG00000030169
vulpes_vulpes ENSVVUG00000017078
vulpes_vulpes ENSVVUG00000017087
canis_lupus_familiaris ENSCAFG00000000252
ursus_maritimus ENSUMAG00000020053
ursus_americanus ENSUAMG00000025474
panthera_pardus ENSPPRG00000003343
equus_asinus_asinus ENSEASG00005007232
prolemur_simus ENSPSMG00000021787
propithecus_coquereli ENSPCOG00000015531
microcebus_murinus ENSMICG00000032199
otolemur_garnettii ENSOGAG00000025974
pan_paniscus ENSPPAG00000042121
pan_troglodytes ENSPTRG00000050038
homo_sapiens ENSG00000135502
gorilla_gorilla ENSGGOG00000034835
nomascus_leucogenys ENSNLEG00000017254
theropithecus_gelada ENSTGEG00000017741
papio_anubis ENSPANG00000013233
cercocebus_atys ENSCATG00000033258
mandrillus_leucophaeus ENSMLEG00000043030
macaca_fascicularis ENSMFAG00000042325
macaca_nemestrina ENSMNEG00000037313
macaca_mulatta ENSMMUG00000001181
chlorocebus_sabaeus ENSCSAG00000004712
colobus_angolensis_palliatus ENSCANG00000038508
piliocolobus_tephrosceles ENSPTEG00000028473
rhinopithecus_roxellana ENSRROG00000043251
rhinopithecus_bieti ENSRBIG00000010753
saimiri_boliviensis_boliviensis ENSSBOG00000028275
cebus_capucinus ENSCCAG00000034534
aotus_nancymaae ENSANAG00000025341
dasypus_novemcinctus ENSDNOG00000046438
phascolarctos_cinereus ENSPCIG00000023690
sarcophilus_harrisii ENSSHAG00000008271
xenopus_tropicalis ENSXETG00000006224
latimeria_chalumnae ENSLACG00000018331
takifugu_rubripes ENSTRUG00000012857
tetraodon_nigroviridis ENSTNIG00000015075
cynoglossus_semilaevis ENSCSEG00000006977
labrus_bergylta ENSLBEG00000012625
mola_mola ENSMMOG00000006796
gasterosteus_aculeatus ENSGACG00000008976
mastacembelus_armatus ENSMAMG00000006375
monopterus_albus ENSMALG00000015408
anabas_testudineus ENSATEG00000022025
seriola_lalandi_dorsalis ENSSLDG00000006062
seriola_dumerili ENSSDUG00000012400
scophthalmus_maximus ENSSMAG00000002488
fundulus_heteroclitus ENSFHEG00000023410
cyprinodon_variegatus ENSCVAG00000022028
xiphophorus_maculatus ENSXMAG00000009959
xiphophorus_couchianus ENSXCOG00000006976
gambusia_affinis ENSGAFG00000010217
poecilia_latipinna ENSPLAG00000020322
poecilia_formosa ENSPFOG00000023768
poecilia_formosa ENSPFOG00000008212
poecilia_mexicana ENSPMEG00000011457
poecilia_reticulata ENSPREG00000021325
kryptolebias_marmoratus ENSKMAG00000002088
oryzias_latipes ENSORLG00020008007
oryzias_latipes ENSORLG00000007519
oryzias_latipes_asm223469v1 ENSORLG00015001027
oryzias_melastigma ENSOMEG00000017719
maylandia_zebra ENSMZEG00005027216
astatotilapia_calliptera ENSACLG00000005696
haplochromis_burtoni ENSHBUG00000004117
pundamilia_nyererei ENSPNYG00000020040
oreochromis_niloticus ENSONIG00000012113
neolamprologus_brichardi ENSNBRG00000016424
amphilophus_citrinellus ENSACIG00000018063
amphiprion_percula ENSAPEG00000002138
amphiprion_ocellaris ENSAOCG00000021094
acanthochromis_polyacanthus ENSAPOG00000020694
stegastes_partitus ENSSPAG00000007140
hippocampus_comes ENSHCOG00000003549
periophthalmus_magnuspinnatus ENSPMGG00000014195
gadus_morhua ENSGMOG00000004352
esox_lucius ENSELUG00000009010
pygocentrus_nattereri ENSPNAG00000023918
astyanax_mexicanus ENSAMXG00000013062
ictalurus_punctatus ENSIPUG00000008515
danio_rerio ENSDARG00000078800
paramormyrops_kingsleyae ENSPKIG00000025334
scleropages_formosus ENSSFOG00015004366
lepisosteus_oculatus ENSLOCG00000007565
petromyzon_marinus ENSPMAG00000003383
crocodylus_porosus ENSCPRG00005001837
crocodylus_porosus ENSCPRG00005001833
apteryx_owenii ENSAOWG00000017982
apteryx_haastii ENSAHAG00000012947
apteryx_rowi ENSARWG00000009349
dromaius_novaehollandiae ENSDNVG00000005344
nothoprocta_perdicaria ENSNPEG00000005097
apteryx_haastii ENSAHAG00000012956
apteryx_rowi ENSARWG00000009350
apteryx_owenii ENSAOWG00000017978
calidris_pugnax ENSCPUG00000000591
calidris_pygmaea ENSCPGG00000012399
melopsittacus_undulatus ENSMUNG00000006341
taeniopygia_guttata ENSTGUG00000011839
taeniopygia_guttata ENSTGUG00000016378
lonchura_striata_domestica ENSLSDG00000002127
serinus_canaria ENSSCAG00000002887
zonotrichia_albicollis ENSZALG00000013203
junco_hyemalis ENSJHYG00000005965
cyanistes_caeruleus ENSCCEG00000009347
parus_major ENSPMJG00000005622
ficedula_albicollis ENSFALG00000005313
lepidothrix_coronata ENSLCOG00000008440
manacus_vitellinus ENSMVIG00005015565
anas_platyrhynchos_platyrhynchos ENSAPLG00000011993
anser_brachyrhynchus ENSABRG00000016396
gallus_gallus ENSGALG00000033638
meleagris_gallopavo ENSMGAG00000011941
coturnix_japonica ENSCJPG00005000419
numida_meleagris ENSNMEG00000004187
chelonoidis_abingdonii ENSCABG00000017849
chelonoidis_abingdonii ENSCABG00000017848
gopherus_agassizii ENSGAGG00000011078
chrysemys_picta_bellii ENSCPBG00000002908
pelodiscus_sinensis ENSPSIG00000002434
pogona_vitticeps ENSPVIG00000016959
anolis_carolinensis ENSACAG00000003265
notechis_scutatus ENSNSUG00000013379
salvator_merianae ENSSMRG00000010497
sphenodon_punctatus ENSSPUG00000004899
phascolarctos_cinereus ENSPCIG00000007617
notamacropus_eugenii ENSMEUG00000002954
sarcophilus_harrisii ENSSHAG00000014607
monodelphis_domestica ENSMODG00000007528
cavia_porcellus ENSCPOG00000002686
cavia_aperea ENSCAPG00000014983
octodon_degus ENSODEG00000005374
chinchilla_lanigera ENSCLAG00000004673
heterocephalus_glaber_male ENSHGLG00100011316
heterocephalus_glaber_female ENSHGLG00000011325
fukomys_damarensis ENSFDAG00000019510
urocitellus_parryii ENSUPAG00010015342
ictidomys_tridecemlineatus ENSSTOG00000000314
spermophilus_dauricus ENSSDAG00000001603
marmota_marmota_marmota ENSMMMG00000007202
castor_canadensis ENSCCNG00000014316
dipodomys_ordii ENSDORG00000014243
cricetulus_griseus_crigri-picr ENSCGRG00015012252
cricetulus_griseus_chok1gshd ENSCGRG00001019804
cricetulus_griseus_crigri ENSCGRG00000000531
mesocricetus_auratus ENSMAUG00000012657
peromyscus_maniculatus_bairdii ENSPEMG00000011690
microtus_ochrogaster ENSMOCG00000009692
mus_musculus ENSMUSG00000040569
mus_spretus_strain_spret/eij MGP_SPRETEiJ_G0026769
mus_spicilegus ENSMSIG00000000568
mus_caroli_strain_caroli_eij MGP_CAROLIEiJ_G0025820
mus_pahari MGP_PahariEiJ_G0023943
rattus_norvegicus ENSRNOG00000006096
meriones_unguiculatus ENSMUGG00000024832
nannospalax_galili ENSNGAG00000017774
jaculus_jaculus ENSJJAG00000007243
ochotona_princeps ENSOPRG00000011257
macaca_mulatta ENSMMUG00000019481
macaca_fascicularis ENSMFAG00000000973
macaca_nemestrina ENSMNEG00000036565
papio_anubis ENSPANG00000010066
theropithecus_gelada ENSTGEG00000026003
mandrillus_leucophaeus ENSMLEG00000035669
cercocebus_atys ENSCATG00000031442
chlorocebus_sabaeus ENSCSAG00000012805
colobus_angolensis_palliatus ENSCANG00000032647
piliocolobus_tephrosceles ENSPTEG00000035565
rhinopithecus_roxellana ENSRROG00000031226
rhinopithecus_bieti ENSRBIG00000033677
pan_paniscus ENSPPAG00000013458
pan_troglodytes ENSPTRG00000033891
gorilla_gorilla ENSGGOG00000006440
homo_sapiens ENSG00000147606
pongo_abelii ENSPPYG00000018740
nomascus_leucogenys ENSNLEG00000002502
cebus_capucinus ENSCCAG00000017342
saimiri_boliviensis_boliviensis ENSSBOG00000021533
callithrix_jacchus ENSCJAG00000000159
aotus_nancymaae ENSANAG00000032016
carlito_syrichta ENSTSYG00000013763
prolemur_simus ENSPSMG00000017864
microcebus_murinus ENSMICG00000012285
propithecus_coquereli ENSPCOG00000013146
otolemur_garnettii ENSOGAG00000005224
tupaia_belangeri ENSTBEG00000017419
oryctolagus_cuniculus ENSOCUG00000012527
ursus_americanus ENSUAMG00000001031
ursus_maritimus ENSUMAG00000015520
ailuropoda_melanoleuca ENSAMEG00000006995
mustela_putorius_furo ENSMPUG00000009145
neovison_vison ENSNVIG00000003049
canis_lupus_familiaris ENSCAFG00000009051
canis_lupus_dingo ENSCAFG00020012231
vulpes_vulpes ENSVVUG00000002425
panthera_pardus ENSPPRG00000001892
panthera_tigris_altaica ENSPTIG00000013845
felis_catus ENSFCAG00000008754
equus_caballus ENSECAG00000003602
equus_asinus_asinus ENSEASG00005014030
pteropus_vampyrus ENSPVAG00000012629
myotis_lucifugus ENSMLUG00000003742
tursiops_truncatus ENSTTRG00000004381
sus_scrofa ENSSSCG00000006116
bos_taurus ENSBTAG00000032301
bos_mutus ENSBMUG00000011829
bison_bison_bison ENSBBBG00000021000
ovis_aries ENSOARG00000009573
capra_hircus ENSCHIG00000016301
vicugna_pacos ENSVPAG00000006296
erinaceus_europaeus ENSEEUG00000007947
loxodonta_africana ENSLAFG00000016880
procavia_capensis ENSPCAG00000012659
echinops_telfairi ENSETEG00000019199
choloepus_hoffmanni ENSCHOG00000003258
dasypus_novemcinctus ENSDNOG00000015538
sorex_araneus ENSSARG00000009340
ornithorhynchus_anatinus ENSOANG00000015030
xenopus_tropicalis ENSXETG00000014594
loxodonta_africana ENSLAFG00000005125
procavia_capensis ENSPCAG00000016221
echinops_telfairi ENSETEG00000013356
choloepus_hoffmanni ENSCHOG00000009773
dasypus_novemcinctus ENSDNOG00000015584
bos_mutus ENSBMUG00000013260
bos_taurus ENSBTAG00000017251
bison_bison_bison ENSBBBG00000013569
capra_hircus ENSCHIG00000014807
ovis_aries ENSOARG00000012670
tursiops_truncatus ENSTTRG00000014382
sus_scrofa ENSSSCG00000001555
vicugna_pacos ENSVPAG00000010995
ursus_americanus ENSUAMG00000024684
ursus_maritimus ENSUMAG00000010207
ailuropoda_melanoleuca ENSAMEG00000000483
mustela_putorius_furo ENSMPUG00000003835
neovison_vison ENSNVIG00000011113
canis_lupus_familiaris ENSCAFG00000001376
canis_lupus_dingo ENSCAFG00020007158
vulpes_vulpes ENSVVUG00000026199
panthera_pardus ENSPPRG00000004024
panthera_tigris_altaica ENSPTIG00000013528
felis_catus ENSFCAG00000014824
equus_caballus ENSECAG00000000493
equus_asinus_asinus ENSEASG00005021272
pteropus_vampyrus ENSPVAG00000014977
myotis_lucifugus ENSMLUG00000003668
erinaceus_europaeus ENSEEUG00000000095
dipodomys_ordii ENSDORG00000028148
castor_canadensis ENSCCNG00000001478
mus_spicilegus ENSMSIG00000009219
mus_musculus ENSMUSG00000036196
mus_spretus_strain_spret/eij MGP_SPRETEiJ_G0022240
mus_caroli_strain_caroli_eij MGP_CAROLIEiJ_G0021327
mus_pahari MGP_PahariEiJ_G0023645
rattus_norvegicus ENSRNOG00000000512
meriones_unguiculatus ENSMUGG00000023476
microtus_ochrogaster ENSMOCG00000013651
peromyscus_maniculatus_bairdii ENSPEMG00000016320
cricetulus_griseus_crigri ENSCGRG00000002720
cricetulus_griseus_chok1gshd ENSCGRG00001011828
cricetulus_griseus_crigri-picr ENSCGRG00015015627
mesocricetus_auratus ENSMAUG00000017560
nannospalax_galili ENSNGAG00000013089
jaculus_jaculus ENSJJAG00000020048
heterocephalus_glaber_female ENSHGLG00000015890
fukomys_damarensis ENSFDAG00000012893
cavia_aperea ENSCAPG00000000764
cavia_porcellus ENSCPOG00000014887
oryctolagus_cuniculus ENSOCUG00000014776
ochotona_princeps ENSOPRG00000006117
tupaia_belangeri ENSTBEG00000006461
ictidomys_tridecemlineatus ENSSTOG00000008184
urocitellus_parryii ENSUPAG00010015523
spermophilus_dauricus ENSSDAG00000005939
marmota_marmota_marmota ENSMMMG00000024345
rhinopithecus_bieti ENSRBIG00000036976
rhinopithecus_roxellana ENSRROG00000031983
piliocolobus_tephrosceles ENSPTEG00000031808
colobus_angolensis_palliatus ENSCANG00000038450
macaca_fascicularis ENSMFAG00000031229
macaca_mulatta ENSMMUG00000008442
macaca_nemestrina ENSMNEG00000037361
chlorocebus_sabaeus ENSCSAG00000010164
theropithecus_gelada ENSTGEG00000029526
cercocebus_atys ENSCATG00000031110
mandrillus_leucophaeus ENSMLEG00000032143
papio_anubis ENSPANG00000018480
pan_troglodytes ENSPTRG00000018095
pan_paniscus ENSPPAG00000039258
homo_sapiens ENSG00000112053
gorilla_gorilla ENSGGOG00000013580
pongo_abelii ENSPPYG00000016538
nomascus_leucogenys ENSNLEG00000008819
saimiri_boliviensis_boliviensis ENSSBOG00000019666
cebus_capucinus ENSCCAG00000025640
callithrix_jacchus ENSCJAG00000015817
aotus_nancymaae ENSANAG00000020781
carlito_syrichta ENSTSYG00000014401
microcebus_murinus ENSMICG00000043206
propithecus_coquereli ENSPCOG00000001683
prolemur_simus ENSPSMG00000010842
otolemur_garnettii ENSOGAG00000002813
sorex_araneus ENSSARG00000004639
notamacropus_eugenii ENSMEUG00000001776
phascolarctos_cinereus ENSPCIG00000021291
sarcophilus_harrisii ENSSHAG00000012955
monodelphis_domestica ENSMODG00000013715
ornithorhynchus_anatinus ENSOANG00000009985
apteryx_owenii ENSAOWG00000006503
apteryx_haastii ENSAHAG00000017732
apteryx_rowi ENSARWG00000012072
dromaius_novaehollandiae ENSDNVG00000014782
nothoprocta_perdicaria ENSNPEG00000005183
meleagris_gallopavo ENSMGAG00000000733
coturnix_japonica ENSCJPG00005003950
gallus_gallus ENSGALG00000040498
numida_meleagris ENSNMEG00000007542
anser_brachyrhynchus ENSABRG00000013390
anas_platyrhynchos_platyrhynchos ENSAPLG00000002988
calidris_pygmaea ENSCPGG00000018260
calidris_pugnax ENSCPUG00000017720
crocodylus_porosus ENSCPRG00005003078
gopherus_agassizii ENSGAGG00000009185
chrysemys_picta_bellii ENSCPBG00000017752
chelonoidis_abingdonii ENSCABG00000007846
pelodiscus_sinensis ENSPSIG00000006559
pogona_vitticeps ENSPVIG00000003428
anolis_carolinensis ENSACAG00000008311
salvator_merianae ENSSMRG00000017465
astyanax_mexicanus ENSAMXG00000035015
caenorhabditis_elegans_strain_n2 WBGene00010789
caenorhabditis_elegans_strain_n2 WBGene00010788
caenorhabditis_elegans_strain_n2 WBGene00018283
caenorhabditis_elegans_strain_n2 WBGene00012259
caenorhabditis_elegans_strain_n2 WBGene00017464
caenorhabditis_elegans_strain_n2 WBGene00013963
caenorhabditis_elegans_strain_n2 WBGene00020914
drosophila_melanogaster FBgn0036770
lepidothrix_coronata ENSLCOG00000011101
manacus_vitellinus ENSMVIG00005017542
lonchura_striata_domestica ENSLSDG00000008909
taeniopygia_guttata ENSTGUG00000000226
serinus_canaria ENSSCAG00000001469
junco_hyemalis ENSJHYG00000006850
zonotrichia_albicollis ENSZALG00000013981
cyanistes_caeruleus ENSCCEG00000019138
parus_major ENSPMJG00000006344
melopsittacus_undulatus ENSMUNG00000012005
calidris_pygmaea ENSCPGG00000003970
calidris_pugnax ENSCPUG00000007777
gallus_gallus ENSGALG00000033411
coturnix_japonica ENSCJPG00005008787
meleagris_gallopavo ENSMGAG00000003112
numida_meleagris ENSNMEG00000017915
anas_platyrhynchos_platyrhynchos ENSAPLG00000027437
apteryx_owenii ENSAOWG00000004689
apteryx_haastii ENSAHAG00000002452
apteryx_rowi ENSARWG00000001493
dromaius_novaehollandiae ENSDNVG00000002784
nothoprocta_perdicaria ENSNPEG00000003123
crocodylus_porosus ENSCPRG00005007158
pogona_vitticeps ENSPVIG00000020908
notechis_scutatus ENSNSUG00000010831
salvator_merianae ENSSMRG00000001136
xenopus_tropicalis ENSXETG00000031991
latimeria_chalumnae ENSLACG00000012970
eptatretus_burgeri ENSEBUG00000005746
lepidothrix_coronata ENSLCOG00000011102
manacus_vitellinus ENSMVIG00005017540
taeniopygia_guttata ENSTGUG00000000228
taeniopygia_guttata ENSTGUG00000015539
lonchura_striata_domestica ENSLSDG00000008905
serinus_canaria ENSSCAG00000001463
zonotrichia_albicollis ENSZALG00000013980
junco_hyemalis ENSJHYG00000006796
cyanistes_caeruleus ENSCCEG00000019137
parus_major ENSPMJG00000006346
ficedula_albicollis ENSFALG00000008869
melopsittacus_undulatus ENSMUNG00000012058
calidris_pygmaea ENSCPGG00000003979
calidris_pugnax ENSCPUG00000007779
gallus_gallus ENSGALG00000001239
coturnix_japonica ENSCJPG00005008790
meleagris_gallopavo ENSMGAG00000003118
numida_meleagris ENSNMEG00000017916
anas_platyrhynchos_platyrhynchos ENSAPLG00000009889
anser_brachyrhynchus ENSABRG00000001291
apteryx_haastii ENSAHAG00000002422
apteryx_owenii ENSAOWG00000004674
apteryx_rowi ENSARWG00000001519
dromaius_novaehollandiae ENSDNVG00000002773
nothoprocta_perdicaria ENSNPEG00000003200
crocodylus_porosus ENSCPRG00005007205
gopherus_agassizii ENSGAGG00000014365
chelonoidis_abingdonii ENSCABG00000012294
chrysemys_picta_bellii ENSCPBG00000007902
pelodiscus_sinensis ENSPSIG00000007690
pogona_vitticeps ENSPVIG00000020907
anolis_carolinensis ENSACAG00000015760
notechis_scutatus ENSNSUG00000010802
salvator_merianae ENSSMRG00000001051
castor_canadensis ENSCCNG00000025209
dipodomys_ordii ENSDORG00000027006
microtus_ochrogaster ENSMOCG00000020889
peromyscus_maniculatus_bairdii ENSPEMG00000026991
cricetulus_griseus_chok1gshd ENSCGRG00001016363
cricetulus_griseus_crigri ENSCGRG00000006560
cricetulus_griseus_crigri-picr ENSCGRG00015020963
mesocricetus_auratus ENSMAUG00000013332
mus_spicilegus ENSMSIG00000002708
mus_musculus ENSMUSG00000034320
mus_spretus_strain_spret/eij MGP_SPRETEiJ_G0023233
mus_caroli_strain_caroli_eij MGP_CAROLIEiJ_G0022321
mus_pahari MGP_PahariEiJ_G0019051
rattus_norvegicus ENSRNOG00000018082
meriones_unguiculatus ENSMUGG00000001188
nannospalax_galili ENSNGAG00000019650
jaculus_jaculus ENSJJAG00000010661
chinchilla_lanigera ENSCLAG00000014413
octodon_degus ENSODEG00000006352
cavia_porcellus ENSCPOG00000001964
heterocephalus_glaber_female ENSHGLG00000008518
heterocephalus_glaber_male ENSHGLG00100009316
fukomys_damarensis ENSFDAG00000005307
urocitellus_parryii ENSUPAG00010013538
spermophilus_dauricus ENSSDAG00000016441
marmota_marmota_marmota ENSMMMG00000019313
ictidomys_tridecemlineatus ENSSTOG00000006553
oryctolagus_cuniculus ENSOCUG00000013871
ochotona_princeps ENSOPRG00000013046
propithecus_coquereli ENSPCOG00000021285
prolemur_simus ENSPSMG00000024091
microcebus_murinus ENSMICG00000028691
otolemur_garnettii ENSOGAG00000015997
pan_troglodytes ENSPTRG00000043485
pan_paniscus ENSPPAG00000038310
homo_sapiens ENSG00000155850
gorilla_gorilla ENSGGOG00000000528
pongo_abelii ENSPPYG00000015940
nomascus_leucogenys ENSNLEG00000010209
colobus_angolensis_palliatus ENSCANG00000042547
piliocolobus_tephrosceles ENSPTEG00000019822
rhinopithecus_roxellana ENSRROG00000012031
rhinopithecus_bieti ENSRBIG00000016061
macaca_mulatta ENSMMUG00000029776
macaca_nemestrina ENSMNEG00000028522
macaca_fascicularis ENSMFAG00000042946
theropithecus_gelada ENSTGEG00000002165
papio_anubis ENSPANG00000008875
chlorocebus_sabaeus ENSCSAG00000011710
mandrillus_leucophaeus ENSMLEG00000026088
cercocebus_atys ENSCATG00000016803
saimiri_boliviensis_boliviensis ENSSBOG00000031044
cebus_capucinus ENSCCAG00000020161
callithrix_jacchus ENSCJAG00000021099
aotus_nancymaae ENSANAG00000024045
ovis_aries ENSOARG00000006140
capra_hircus ENSCHIG00000012265
bos_taurus ENSBTAG00000014615
bos_mutus ENSBMUG00000015170
bison_bison_bison ENSBBBG00000008983
tursiops_truncatus ENSTTRG00000008441
vicugna_pacos ENSVPAG00000006815
equus_caballus ENSECAG00000023363
equus_asinus_asinus ENSEASG00005002777
pteropus_vampyrus ENSPVAG00000001310
myotis_lucifugus ENSMLUG00000013187
ursus_maritimus ENSUMAG00000004796
ursus_americanus ENSUAMG00000024651
ailuropoda_melanoleuca ENSAMEG00000005206
mustela_putorius_furo ENSMPUG00000014113
neovison_vison ENSNVIG00000001354
canis_lupus_familiaris ENSCAFG00000018240
canis_lupus_dingo ENSCAFG00020023581
vulpes_vulpes ENSVVUG00000007543
panthera_tigris_altaica ENSPTIG00000016543
panthera_pardus ENSPPRG00000022664
felis_catus ENSFCAG00000026045
erinaceus_europaeus ENSEEUG00000012400
sorex_araneus ENSSARG00000012003
carlito_syrichta ENSTSYG00000013375
dasypus_novemcinctus ENSDNOG00000032277
loxodonta_africana ENSLAFG00000029084
procavia_capensis ENSPCAG00000016579
echinops_telfairi ENSETEG00000008269
phascolarctos_cinereus ENSPCIG00000016473
notamacropus_eugenii ENSMEUG00000001880
sarcophilus_harrisii ENSSHAG00000016766
monodelphis_domestica ENSMODG00000009820
ornithorhynchus_anatinus ENSOANG00000009366
sus_scrofa ENSSSCG00000039045
xenopus_tropicalis ENSXETG00000020492
latimeria_chalumnae ENSLACG00000012512
tetraodon_nigroviridis ENSTNIG00000006319
tetraodon_nigroviridis ENSTNIG00000001998
takifugu_rubripes ENSTRUG00000001304
cynoglossus_semilaevis ENSCSEG00000012154
xiphophorus_maculatus ENSXMAG00000019224
gambusia_affinis ENSGAFG00000017861
poecilia_formosa ENSPFOG00000006250
poecilia_mexicana ENSPMEG00000011362
poecilia_latipinna ENSPLAG00000022230
poecilia_reticulata ENSPREG00000007894
fundulus_heteroclitus ENSFHEG00000014001
cyprinodon_variegatus ENSCVAG00000005401
kryptolebias_marmoratus ENSKMAG00000002858
oryzias_latipes_asm223469v1 ENSORLG00015011704
oryzias_latipes ENSORLG00020016906
oryzias_latipes ENSORLG00000011237
oryzias_melastigma ENSOMEG00000021337
astatotilapia_calliptera ENSACLG00000018100
maylandia_zebra ENSMZEG00005004404
pundamilia_nyererei ENSPNYG00000001915
haplochromis_burtoni ENSHBUG00000018134
neolamprologus_brichardi ENSNBRG00000014354
oreochromis_niloticus ENSONIG00000004222
amphilophus_citrinellus ENSACIG00000013799
scophthalmus_maximus ENSSMAG00000006872
gasterosteus_aculeatus ENSGACG00000016814
monopterus_albus ENSMALG00000003101
mastacembelus_armatus ENSMAMG00000010041
anabas_testudineus ENSATEG00000007634
seriola_dumerili ENSSDUG00000006448
seriola_lalandi_dorsalis ENSSLDG00000007189
amphiprion_percula ENSAPEG00000002310
amphiprion_ocellaris ENSAOCG00000023193
acanthochromis_polyacanthus ENSAPOG00000018414
stegastes_partitus ENSSPAG00000001477
mola_mola ENSMMOG00000002546
labrus_bergylta ENSLBEG00000012386
periophthalmus_magnuspinnatus ENSPMGG00000024197
hippocampus_comes ENSHCOG00000006316
gadus_morhua ENSGMOG00000013680
esox_lucius ENSELUG00000015049
pygocentrus_nattereri ENSPNAG00000024034
astyanax_mexicanus ENSAMXG00000040557
ictalurus_punctatus ENSIPUG00000001460
danio_rerio ENSDARG00000011618
paramormyrops_kingsleyae ENSPKIG00000019639
scleropages_formosus ENSSFOG00015003162
lepisosteus_oculatus ENSLOCG00000012182
pogona_vitticeps ENSPVIG00000002003
anolis_carolinensis ENSACAG00000000532
notechis_scutatus ENSNSUG00000015463
salvator_merianae ENSSMRG00000019420
sphenodon_punctatus ENSSPUG00000010625
apteryx_owenii ENSAOWG00000017092
apteryx_haastii ENSAHAG00000006873
apteryx_rowi ENSARWG00000006851
dromaius_novaehollandiae ENSDNVG00000000929
nothoprocta_perdicaria ENSNPEG00000013002
parus_major ENSPMJG00000003494
cyanistes_caeruleus ENSCCEG00000017342
ficedula_albicollis ENSFALG00000005246
lonchura_striata_domestica ENSLSDG00000011518
taeniopygia_guttata ENSTGUG00000000214
serinus_canaria ENSSCAG00000013187
zonotrichia_albicollis ENSZALG00000007831
manacus_vitellinus ENSMVIG00005019891
lepidothrix_coronata ENSLCOG00000005490
melopsittacus_undulatus ENSMUNG00000005634
calidris_pygmaea ENSCPGG00000011529
calidris_pugnax ENSCPUG00000010247
coturnix_japonica ENSCJPG00005012091
meleagris_gallopavo ENSMGAG00000017281
gallus_gallus ENSGALG00000027423
numida_meleagris ENSNMEG00000004281
anser_brachyrhynchus ENSABRG00000010083
anas_platyrhynchos_platyrhynchos ENSAPLG00000019677
crocodylus_porosus ENSCPRG00005014253
gopherus_agassizii ENSGAGG00000010831
chelonoidis_abingdonii ENSCABG00000012005
chrysemys_picta_bellii ENSCPBG00000021660
pelodiscus_sinensis ENSPSIG00000015222
phascolarctos_cinereus ENSPCIG00000030244
notamacropus_eugenii ENSMEUG00000000891
monodelphis_domestica ENSMODG00000004455
sarcophilus_harrisii ENSSHAG00000014844
equus_caballus ENSECAG00000022104
equus_asinus_asinus ENSEASG00005022673
pteropus_vampyrus ENSPVAG00000015067
ursus_americanus ENSUAMG00000021302
ursus_maritimus ENSUMAG00000006068
ailuropoda_melanoleuca ENSAMEG00000016841
neovison_vison ENSNVIG00000022268
mustela_putorius_furo ENSMPUG00000011230
canis_lupus_dingo ENSCAFG00020027054
canis_lupus_familiaris ENSCAFG00000016706
vulpes_vulpes ENSVVUG00000013017
panthera_pardus ENSPPRG00000014458
felis_catus ENSFCAG00000026340
bos_mutus ENSBMUG00000024704
bos_taurus ENSBTAG00000007001
bison_bison_bison ENSBBBG00000022848
capra_hircus ENSCHIG00000004233
tursiops_truncatus ENSTTRG00000000106
sus_scrofa ENSSSCG00000035739
dasypus_novemcinctus ENSDNOG00000033231
erinaceus_europaeus ENSEEUG00000002194
ochotona_princeps ENSOPRG00000003651
propithecus_coquereli ENSPCOG00000027903
microcebus_murinus ENSMICG00000033003
prolemur_simus ENSPSMG00000002846
otolemur_garnettii ENSOGAG00000015601
pan_troglodytes ENSPTRG00000015818
pan_paniscus ENSPPAG00000034145
homo_sapiens ENSG00000145217
gorilla_gorilla ENSGGOG00000010333
pongo_abelii ENSPPYG00000014515
nomascus_leucogenys ENSNLEG00000000982
theropithecus_gelada ENSTGEG00000020017
papio_anubis ENSPANG00000016992
mandrillus_leucophaeus ENSMLEG00000037428
cercocebus_atys ENSCATG00000014542
macaca_nemestrina ENSMNEG00000037199
macaca_mulatta ENSMMUG00000017223
macaca_fascicularis ENSMFAG00000039496
chlorocebus_sabaeus ENSCSAG00000015468
colobus_angolensis_palliatus ENSCANG00000029863
piliocolobus_tephrosceles ENSPTEG00000021068
rhinopithecus_bieti ENSRBIG00000012398
rhinopithecus_roxellana ENSRROG00000030234
cebus_capucinus ENSCCAG00000026035
callithrix_jacchus ENSCJAG00000001864
saimiri_boliviensis_boliviensis ENSSBOG00000030545
aotus_nancymaae ENSANAG00000028621
tupaia_belangeri ENSTBEG00000014543
heterocephalus_glaber_male ENSHGLG00100015115
heterocephalus_glaber_female ENSHGLG00000005066
fukomys_damarensis ENSFDAG00000000839
octodon_degus ENSODEG00000015117
chinchilla_lanigera ENSCLAG00000006725
cavia_porcellus ENSCPOG00000013797
cavia_aperea ENSCAPG00000007442
ictidomys_tridecemlineatus ENSSTOG00000029038
urocitellus_parryii ENSUPAG00010022987
marmota_marmota_marmota ENSMMMG00000008883
castor_canadensis ENSCCNG00000019231
dipodomys_ordii ENSDORG00000024823
mus_musculus ENSMUSG00000046959
mus_spicilegus ENSMSIG00000021045
mus_spretus_strain_spret/eij MGP_SPRETEiJ_G0028526
mus_caroli_strain_caroli_eij MGP_CAROLIEiJ_G0027527
mus_pahari MGP_PahariEiJ_G0017300
rattus_norvegicus ENSRNOG00000000041
meriones_unguiculatus ENSMUGG00000001388
cricetulus_griseus_chok1gshd ENSCGRG00001000616
cricetulus_griseus_crigri ENSCGRG00000018309
cricetulus_griseus_crigri-picr ENSCGRG00015016102
mesocricetus_auratus ENSMAUG00000017218
microtus_ochrogaster ENSMOCG00000001405
peromyscus_maniculatus_bairdii ENSPEMG00000026895
nannospalax_galili ENSNGAG00000019448
jaculus_jaculus ENSJJAG00000024417
loxodonta_africana ENSLAFG00000012880
procavia_capensis ENSPCAG00000015045
echinops_telfairi ENSETEG00000008732
ornithorhynchus_anatinus ENSOANG00000011404
xenopus_tropicalis ENSXETG00000018033
monopterus_albus ENSMALG00000011870
mastacembelus_armatus ENSMAMG00000005990
anabas_testudineus ENSATEG00000021714
seriola_dumerili ENSSDUG00000019720
seriola_lalandi_dorsalis ENSSLDG00000014844
scophthalmus_maximus ENSSMAG00000017915
labrus_bergylta ENSLBEG00000021991
gasterosteus_aculeatus ENSGACG00000017745
mola_mola ENSMMOG00000021244
xiphophorus_maculatus ENSXMAG00000002291
xiphophorus_couchianus ENSXCOG00000005249
gambusia_affinis ENSGAFG00000005556
poecilia_mexicana ENSPMEG00000010173
poecilia_formosa ENSPFOG00000004575
poecilia_latipinna ENSPLAG00000006961
poecilia_reticulata ENSPREG00000005774
fundulus_heteroclitus ENSFHEG00000012239
cyprinodon_variegatus ENSCVAG00000014786
kryptolebias_marmoratus ENSKMAG00000014321
oryzias_latipes ENSORLG00000011411
oryzias_latipes ENSORLG00020010103
oryzias_latipes_asm223469v1 ENSORLG00015023219
oryzias_melastigma ENSOMEG00000021472
astatotilapia_calliptera ENSACLG00000024164
maylandia_zebra ENSMZEG00005016692
pundamilia_nyererei ENSPNYG00000011102
haplochromis_burtoni ENSHBUG00000023105
neolamprologus_brichardi ENSNBRG00000010013
oreochromis_niloticus ENSONIG00000004047
amphilophus_citrinellus ENSACIG00000023727
amphiprion_ocellaris ENSAOCG00000004942
amphiprion_percula ENSAPEG00000002819
acanthochromis_polyacanthus ENSAPOG00000004665
stegastes_partitus ENSSPAG00000021347
cynoglossus_semilaevis ENSCSEG00000019933
periophthalmus_magnuspinnatus ENSPMGG00000005153
takifugu_rubripes ENSTRUG00000023937
takifugu_rubripes ENSTRUG00000022331
tetraodon_nigroviridis ENSTNIG00000013228
hippocampus_comes ENSHCOG00000004672
gadus_morhua ENSGMOG00000001759
esox_lucius ENSELUG00000002144
pygocentrus_nattereri ENSPNAG00000010144
astyanax_mexicanus ENSAMXG00000041968
ictalurus_punctatus ENSIPUG00000004595
danio_rerio ENSDARG00000029832
paramormyrops_kingsleyae ENSPKIG00000022094
scleropages_formosus ENSSFOG00015019039
lepisosteus_oculatus ENSLOCG00000012231
latimeria_chalumnae ENSLACG00000002984
petromyzon_marinus ENSPMAG00000003117
eptatretus_burgeri ENSEBUG00000010369
ciona_intestinalis ENSCING00000024745
saccharomyces_cerevisiae YGR125W
