labrus_bergylta ENSLBEG00000015732
gasterosteus_aculeatus ENSGACG00000007296
mola_mola ENSMMOG00000010673
seriola_lalandi_dorsalis ENSSLDG00000002740
seriola_dumerili ENSSDUG00000022812
scophthalmus_maximus ENSSMAG00000003844
xiphophorus_maculatus ENSXMAG00000013471
xiphophorus_couchianus ENSXCOG00000012125
gambusia_affinis ENSGAFG00000009147
poecilia_formosa ENSPFOG00000014601
poecilia_mexicana ENSPMEG00000008365
poecilia_latipinna ENSPLAG00000010044
poecilia_reticulata ENSPREG00000020743
fundulus_heteroclitus ENSFHEG00000003966
cyprinodon_variegatus ENSCVAG00000003294
kryptolebias_marmoratus ENSKMAG00000020822
oryzias_latipes ENSORLG00000008478
oryzias_latipes ENSORLG00020002504
oryzias_latipes_asm223469v1 ENSORLG00015006971
oryzias_melastigma ENSOMEG00000002700
maylandia_zebra ENSMZEG00005003028
astatotilapia_calliptera ENSACLG00000007861
pundamilia_nyererei ENSPNYG00000009238
haplochromis_burtoni ENSHBUG00000023813
neolamprologus_brichardi ENSNBRG00000009577
oreochromis_niloticus ENSONIG00000009510
amphilophus_citrinellus ENSACIG00000022563
amphiprion_ocellaris ENSAOCG00000009445
amphiprion_percula ENSAPEG00000015752
acanthochromis_polyacanthus ENSAPOG00000013055
stegastes_partitus ENSSPAG00000002576
cynoglossus_semilaevis ENSCSEG00000007954
monopterus_albus ENSMALG00000016806
mastacembelus_armatus ENSMAMG00000002591
anabas_testudineus ENSATEG00000022765
takifugu_rubripes ENSTRUG00000011539
tetraodon_nigroviridis ENSTNIG00000016517
periophthalmus_magnuspinnatus ENSPMGG00000020200
hippocampus_comes ENSHCOG00000019309
gadus_morhua ENSGMOG00000004336
esox_lucius ENSELUG00000021698
pygocentrus_nattereri ENSPNAG00000014850
astyanax_mexicanus ENSAMXG00000016900
ictalurus_punctatus ENSIPUG00000008044
danio_rerio ENSDARG00000074686
paramormyrops_kingsleyae ENSPKIG00000007634
scleropages_formosus ENSSFOG00015013836
paramormyrops_kingsleyae ENSPKIG00000010731
scleropages_formosus ENSSFOG00015019170
lepisosteus_oculatus ENSLOCG00000012705
otolemur_garnettii ENSOGAG00000010002
otolemur_garnettii ENSOGAG00000033418
propithecus_coquereli ENSPCOG00000014940
prolemur_simus ENSPSMG00000022436
microcebus_murinus ENSMICG00000011745
pan_troglodytes ENSPTRG00000002876
pan_paniscus ENSPPAG00000030424
homo_sapiens ENSG00000198408
gorilla_gorilla ENSGGOG00000002901
pongo_abelii ENSPPYG00000002590
colobus_angolensis_palliatus ENSCANG00000029055
piliocolobus_tephrosceles ENSPTEG00000026469
rhinopithecus_roxellana ENSRROG00000045455
theropithecus_gelada ENSTGEG00000019728
papio_anubis ENSPANG00000021048
macaca_mulatta ENSMMUG00000015775
chlorocebus_sabaeus ENSCSAG00000005507
mandrillus_leucophaeus ENSMLEG00000034257
cercocebus_atys ENSCATG00000032677
macaca_fascicularis ENSMFAG00000032188
macaca_nemestrina ENSMNEG00000042719
rhinopithecus_bieti ENSRBIG00000042557
nomascus_leucogenys ENSNLEG00000014902
saimiri_boliviensis_boliviensis ENSSBOG00000024431
cebus_capucinus ENSCCAG00000035955
callithrix_jacchus ENSCJAG00000017657
aotus_nancymaae ENSANAG00000034639
tupaia_belangeri ENSTBEG00000003188
capra_hircus ENSCHIG00000012695
ovis_aries ENSOARG00000016996
bos_taurus ENSBTAG00000016336
bos_mutus ENSBMUG00000002507
bison_bison_bison ENSBBBG00000005781
tursiops_truncatus ENSTTRG00000014946
sus_scrofa ENSSSCG00000010569
vicugna_pacos ENSVPAG00000003121
ursus_maritimus ENSUMAG00000023018
ursus_americanus ENSUAMG00000023914
ailuropoda_melanoleuca ENSAMEG00000017642
neovison_vison ENSNVIG00000018264
mustela_putorius_furo ENSMPUG00000016893
canis_lupus_dingo ENSCAFG00020009186
canis_lupus_familiaris ENSCAFG00000009930
vulpes_vulpes ENSVVUG00000000965
panthera_tigris_altaica ENSPTIG00000005989
panthera_pardus ENSPPRG00000012421
felis_catus ENSFCAG00000007179
equus_asinus_asinus ENSEASG00005008004
equus_caballus ENSECAG00000018731
myotis_lucifugus ENSMLUG00000004970
pteropus_vampyrus ENSPVAG00000004041
mus_spretus_strain_spret/eij MGP_SPRETEiJ_G0023942
mus_spicilegus ENSMSIG00000012429
mus_musculus ENSMUSG00000025220
mus_caroli_strain_caroli_eij MGP_CAROLIEiJ_G0023021
mus_pahari MGP_PahariEiJ_G0014511
rattus_norvegicus ENSRNOG00000017822
meriones_unguiculatus ENSMUGG00000014658
microtus_ochrogaster ENSMOCG00000014392
peromyscus_maniculatus_bairdii ENSPEMG00000008883
cricetulus_griseus_chok1gshd ENSCGRG00001020553
cricetulus_griseus_crigri-picr ENSCGRG00015022438
cricetulus_griseus_crigri ENSCGRG00000017121
mesocricetus_auratus ENSMAUG00000015052
nannospalax_galili ENSNGAG00000011804
jaculus_jaculus ENSJJAG00000020565
castor_canadensis ENSCCNG00000016520
dipodomys_ordii ENSDORG00000003493
ictidomys_tridecemlineatus ENSSTOG00000033697
ictidomys_tridecemlineatus ENSSTOG00000032901
urocitellus_parryii ENSUPAG00010010052
marmota_marmota_marmota ENSMMMG00000023220
spermophilus_dauricus ENSSDAG00000022491
octodon_degus ENSODEG00000008001
chinchilla_lanigera ENSCLAG00000001003
cavia_porcellus ENSCPOG00000000219
cavia_aperea ENSCAPG00000000370
heterocephalus_glaber_female ENSHGLG00000019033
heterocephalus_glaber_male ENSHGLG00100011472
fukomys_damarensis ENSFDAG00000009073
sorex_araneus ENSSARG00000010279
erinaceus_europaeus ENSEEUG00000007570
dasypus_novemcinctus ENSDNOG00000018879
choloepus_hoffmanni ENSCHOG00000012945
loxodonta_africana ENSLAFG00000016050
procavia_capensis ENSPCAG00000011547
echinops_telfairi ENSETEG00000006311
oryctolagus_cuniculus ENSOCUG00000002768
ochotona_princeps ENSOPRG00000009241
carlito_syrichta ENSTSYG00000012767
phascolarctos_cinereus ENSPCIG00000009619
notamacropus_eugenii ENSMEUG00000010346
sarcophilus_harrisii ENSSHAG00000008257
monodelphis_domestica ENSMODG00000011681
ornithorhynchus_anatinus ENSOANG00000004474
ornithorhynchus_anatinus ENSOANG00000031044
lepidothrix_coronata ENSLCOG00000016488
manacus_vitellinus ENSMVIG00005018606
taeniopygia_guttata ENSTGUG00000009938
lonchura_striata_domestica ENSLSDG00000005356
serinus_canaria ENSSCAG00000016559
zonotrichia_albicollis ENSZALG00000006771
junco_hyemalis ENSJHYG00000001637
parus_major ENSPMJG00000004530
cyanistes_caeruleus ENSCCEG00000022357
ficedula_albicollis ENSFALG00000008580
melopsittacus_undulatus ENSMUNG00000010897
calidris_pygmaea ENSCPGG00000005651
calidris_pugnax ENSCPUG00000010661
anser_brachyrhynchus ENSABRG00000007745
anas_platyrhynchos_platyrhynchos ENSAPLG00000011067
gallus_gallus ENSGALG00000007697
coturnix_japonica ENSCJPG00005019752
meleagris_gallopavo ENSMGAG00000010077
numida_meleagris ENSNMEG00000013579
apteryx_owenii ENSAOWG00000005204
apteryx_rowi ENSARWG00000000819
apteryx_haastii ENSAHAG00000006950
dromaius_novaehollandiae ENSDNVG00000014797
nothoprocta_perdicaria ENSNPEG00000010203
crocodylus_porosus ENSCPRG00005013170
gopherus_agassizii ENSGAGG00000017864
chelonoidis_abingdonii ENSCABG00000002352
chrysemys_picta_bellii ENSCPBG00000003826
pelodiscus_sinensis ENSPSIG00000009514
pogona_vitticeps ENSPVIG00000013919
anolis_carolinensis ENSACAG00000011944
notechis_scutatus ENSNSUG00000006678
salvator_merianae ENSSMRG00000021668
sphenodon_punctatus ENSSPUG00000011899
xenopus_tropicalis ENSXETG00000014468
latimeria_chalumnae ENSLACG00000010162
petromyzon_marinus ENSPMAG00000005503
eptatretus_burgeri ENSEBUG00000012622
pygocentrus_nattereri ENSPNAG00000023078
astyanax_mexicanus ENSAMXG00000029086
ictalurus_punctatus ENSIPUG00000021621
danio_rerio ENSDARG00000103266
labrus_bergylta ENSLBEG00000023997
gasterosteus_aculeatus ENSGACG00000018341
mola_mola ENSMMOG00000007751
mastacembelus_armatus ENSMAMG00000011193
monopterus_albus ENSMALG00000005094
anabas_testudineus ENSATEG00000020161
seriola_dumerili ENSSDUG00000001303
seriola_lalandi_dorsalis ENSSLDG00000012042
scophthalmus_maximus ENSSMAG00000005860
periophthalmus_magnuspinnatus ENSPMGG00000016334
amphiprion_ocellaris ENSAOCG00000008119
amphiprion_percula ENSAPEG00000014551
acanthochromis_polyacanthus ENSAPOG00000010513
stegastes_partitus ENSSPAG00000010634
astatotilapia_calliptera ENSACLG00000019393
maylandia_zebra ENSMZEG00005008173
haplochromis_burtoni ENSHBUG00000019327
pundamilia_nyererei ENSPNYG00000002625
neolamprologus_brichardi ENSNBRG00000023168
oreochromis_niloticus ENSONIG00000018794
amphilophus_citrinellus ENSACIG00000008238
xiphophorus_maculatus ENSXMAG00000000245
xiphophorus_couchianus ENSXCOG00000014375
gambusia_affinis ENSGAFG00000011060
poecilia_formosa ENSPFOG00000001376
poecilia_mexicana ENSPMEG00000014587
poecilia_latipinna ENSPLAG00000001755
poecilia_reticulata ENSPREG00000000445
fundulus_heteroclitus ENSFHEG00000019101
cyprinodon_variegatus ENSCVAG00000019679
kryptolebias_marmoratus ENSKMAG00000019823
oryzias_latipes ENSORLG00000012348
oryzias_latipes ENSORLG00020004483
oryzias_latipes_asm223469v1 ENSORLG00015002987
oryzias_melastigma ENSOMEG00000012211
hippocampus_comes ENSHCOG00000015318
tetraodon_nigroviridis ENSTNIG00000017524
tetraodon_nigroviridis ENSTNIG00000002380
gadus_morhua ENSGMOG00000019527
esox_lucius ENSELUG00000018771
paramormyrops_kingsleyae ENSPKIG00000022287
scleropages_formosus ENSSFOG00015020027
pygocentrus_nattereri ENSPNAG00000013703
astyanax_mexicanus ENSAMXG00000003739
ictalurus_punctatus ENSIPUG00000005938
danio_rerio ENSDARG00000076443
seriola_lalandi_dorsalis ENSSLDG00000023705
seriola_dumerili ENSSDUG00000021691
scophthalmus_maximus ENSSMAG00000016841
gasterosteus_aculeatus ENSGACG00000019888
cynoglossus_semilaevis ENSCSEG00000016450
hippocampus_comes ENSHCOG00000002745
labrus_bergylta ENSLBEG00000017628
monopterus_albus ENSMALG00000015176
amphiprion_ocellaris ENSAOCG00000020279
amphiprion_percula ENSAPEG00000020121
acanthochromis_polyacanthus ENSAPOG00000001498
stegastes_partitus ENSSPAG00000022114
astatotilapia_calliptera ENSACLG00000020221
maylandia_zebra ENSMZEG00005013609
haplochromis_burtoni ENSHBUG00000023794
pundamilia_nyererei ENSPNYG00000002146
neolamprologus_brichardi ENSNBRG00000005265
oreochromis_niloticus ENSONIG00000009180
amphilophus_citrinellus ENSACIG00000017284
xiphophorus_couchianus ENSXCOG00000005352
xiphophorus_maculatus ENSXMAG00000008875
gambusia_affinis ENSGAFG00000014885
poecilia_latipinna ENSPLAG00000012793
poecilia_formosa ENSPFOG00000003687
poecilia_mexicana ENSPMEG00000018556
poecilia_reticulata ENSPREG00000001429
fundulus_heteroclitus ENSFHEG00000007904
cyprinodon_variegatus ENSCVAG00000017270
kryptolebias_marmoratus ENSKMAG00000006146
oryzias_latipes ENSORLG00000004069
oryzias_latipes_asm223469v1 ENSORLG00015014017
oryzias_latipes ENSORLG00020016399
oryzias_melastigma ENSOMEG00000004901
takifugu_rubripes ENSTRUG00000007655
tetraodon_nigroviridis ENSTNIG00000005292
mola_mola ENSMMOG00000014170
anabas_testudineus ENSATEG00000016883
mastacembelus_armatus ENSMAMG00000008072
periophthalmus_magnuspinnatus ENSPMGG00000016400
gadus_morhua ENSGMOG00000006095
esox_lucius ENSELUG00000012794
lepisosteus_oculatus ENSLOCG00000001521
lonchura_striata_domestica ENSLSDG00000013346
taeniopygia_guttata ENSTGUG00000011033
junco_hyemalis ENSJHYG00000004754
zonotrichia_albicollis ENSZALG00000016091
serinus_canaria ENSSCAG00000009878
cyanistes_caeruleus ENSCCEG00000006413
parus_major ENSPMJG00000018559
ficedula_albicollis ENSFALG00000006481
lepidothrix_coronata ENSLCOG00000007780
manacus_vitellinus ENSMVIG00005004787
calidris_pugnax ENSCPUG00000004865
calidris_pygmaea ENSCPGG00000013949
melopsittacus_undulatus ENSMUNG00000016438
anas_platyrhynchos_platyrhynchos ENSAPLG00000003756
anser_brachyrhynchus ENSABRG00000021000
gallus_gallus ENSGALG00000044344
gallus_gallus ENSGALG00000048102
meleagris_gallopavo ENSMGAG00000010469
coturnix_japonica ENSCJPG00005007591
numida_meleagris ENSNMEG00000012316
apteryx_owenii ENSAOWG00000010238
apteryx_rowi ENSARWG00000003946
crocodylus_porosus ENSCPRG00005011033
latimeria_chalumnae ENSLACG00000015281
ciona_savignyi ENSCSAVG00000006979
ciona_intestinalis ENSCING00000013220
drosophila_melanogaster FBgn0038870
caenorhabditis_elegans_strain_n2 WBGene00020596
