eptatretus_burgeri ENSEBUG00000015618
eptatretus_burgeri ENSEBUG00000000524
anolis_carolinensis ENSACAG00000003362
pogona_vitticeps ENSPVIG00000014461
notechis_scutatus ENSNSUG00000008889
salvator_merianae ENSSMRG00000017025
sphenodon_punctatus ENSSPUG00000016019
gopherus_agassizii ENSGAGG00000021940
chelonoidis_abingdonii ENSCABG00000021875
chrysemys_picta ENSCPBG00000026603
pelodiscus_sinensis ENSPSIG00000015997
anser_brachyrhynchus ENSABRG00000002288
anas_platyrhynchos ENSAPLG00000004058
gallus_gallus ENSGALG00000002067
coturnix_japonica ENSCJPG00005017444
meleagris_gallopavo ENSMGAG00000009885
numida_meleagris ENSNMEG00000021678
calidris_pugnax ENSCPUG00000009529
calidris_pygmaea ENSCPGG00000017751
manacus_vitellinus ENSMVIG00005009182
lepidothrix_coronata ENSLCOG00000007474
cyanistes_caeruleus ENSCCEG00000020861
parus_major ENSPMJG00000008352
ficedula_albicollis ENSFALG00000004659
taeniopygia_guttata ENSTGUG00000003443
lonchura_striata ENSLSDG00000001410
junco_hyemalis ENSJHYG00000017910
zonotrichia_albicollis ENSZALG00000001694
serinus_canaria ENSSCAG00000013117
melopsittacus_undulatus ENSMUNG00000004914
apteryx_owenii ENSAOWG00000002357
apteryx_haastii ENSAHAG00000004644
apteryx_rowi ENSARWG00000007877
dromaius_novaehollandiae ENSDNVG00000017531
nothoprocta_perdicaria ENSNPEG00000011403
xenopus_tropicalis ENSXETG00000025674
latimeria_chalumnae ENSLACG00000013276
tetraodon_nigroviridis ENSTNIG00000011292
tetraodon_nigroviridis ENSTNIG00000008124
mola_mola ENSMMOG00000020167
labrus_bergylta ENSLBEG00000006906
mastacembelus_armatus ENSMAMG00000019464
monopterus_albus ENSMALG00000020974
anabas_testudineus ENSATEG00000019464
seriola_dumerili ENSSDUG00000023307
seriola_lalandi ENSSLDG00000010924
haplochromis_burtoni ENSHBUG00000000559
pundamilia_nyererei ENSPNYG00000009837
maylandia_zebra ENSMZEG00005002474
astatotilapia_calliptera ENSACLG00000019264
neolamprologus_brichardi ENSNBRG00000009251
oreochromis_niloticus ENSONIG00000009470
amphilophus_citrinellus ENSACIG00000018259
poecilia_formosa ENSPFOG00000007944
poecilia_mexicana ENSPMEG00000011035
poecilia_latipinna ENSPLAG00000019678
poecilia_reticulata ENSPREG00000013575
xiphophorus_maculatus ENSXMAG00000013119
gambusia_affinis ENSGAFG00000005274
fundulus_heteroclitus ENSFHEG00000017284
cyprinodon_variegatus ENSCVAG00000004886
oryzias_latipes ENSORLG00015009797
oryzias_latipes ENSORLG00000000332
oryzias_latipes ENSORLG00020018799
oryzias_melastigma ENSOMEG00000014042
amphiprion_ocellaris ENSAOCG00000003682
amphiprion_percula ENSAPEG00000005420
acanthochromis_polyacanthus ENSAPOG00000010301
stegastes_partitus ENSSPAG00000005507
scophthalmus_maximus ENSSMAG00000014480
kryptolebias_marmoratus ENSKMAG00000009248
gasterosteus_aculeatus ENSGACG00000014943
cynoglossus_semilaevis ENSCSEG00000008924
hippocampus_comes ENSHCOG00000007756
periophthalmus_magnuspinnatus ENSPMGG00000007625
gadus_morhua ENSGMOG00000009558
periophthalmus_magnuspinnatus ENSPMGG00000006902
esox_lucius ENSELUG00000012950
pygocentrus_nattereri ENSPNAG00000026120
astyanax_mexicanus ENSAMXG00000039123
ictalurus_punctatus ENSIPUG00000015526
danio_rerio ENSDARG00000054963
scleropages_formosus ENSSFOG00015023722
paramormyrops_kingsleyae ENSPKIG00000019652
lepisosteus_oculatus ENSLOCG00000006836
notamacropus_eugenii ENSMEUG00000009497
phascolarctos_cinereus ENSPCIG00000000262
sarcophilus_harrisii ENSSHAG00000013015
monodelphis_domestica ENSMODG00000005925
mus_spicilegus ENSMSIG00000027496
mus_spretus MGP_SPRETEiJ_G0021319
mus_musculus ENSMUSG00000039427
mus_caroli MGP_CAROLIEiJ_G0020425
mus_pahari MGP_PahariEiJ_G0016133
rattus_norvegicus ENSRNOG00000002883
meriones_unguiculatus ENSMUGG00000018896
cricetulus_griseus ENSCGRG00001018585
cricetulus_griseus ENSCGRG00000016047
cricetulus_griseus ENSCGRG00015012406
mesocricetus_auratus ENSMAUG00000005771
microtus_ochrogaster ENSMOCG00000001597
peromyscus_maniculatus ENSPEMG00000022806
nannospalax_galili ENSNGAG00000009168
jaculus_jaculus ENSJJAG00000024413
castor_canadensis ENSCCNG00000021538
dipodomys_ordii ENSDORG00000007122
chinchilla_lanigera ENSCLAG00000012952
octodon_degus ENSODEG00000013224
cavia_porcellus ENSCPOG00000013812
cavia_aperea ENSCAPG00000011078
heterocephalus_glaber ENSHGLG00000016910
heterocephalus_glaber ENSHGLG00100003657
fukomys_damarensis ENSFDAG00000001057
urocitellus_parryii ENSUPAG00010019631
ictidomys_tridecemlineatus ENSSTOG00000016041
spermophilus_dauricus ENSSDAG00000006071
marmota_marmota ENSMMMG00000005807
oryctolagus_cuniculus ENSOCUG00000012524
ochotona_princeps ENSOPRG00000000731
tupaia_belangeri ENSTBEG00000005631
pan_troglodytes ENSPTRG00000050622
pan_troglodytes ENSPTRG00000046263
gorilla_gorilla ENSGGOG00000039268
pan_paniscus ENSPPAG00000008889
pan_paniscus ENSPPAG00000027549
gorilla_gorilla ENSGGOG00000041405
pan_troglodytes ENSPTRG00000052355
pan_paniscus ENSPPAG00000027925
pan_troglodytes ENSPTRG00000015558
homo_sapiens ENSG00000189366
gorilla_gorilla ENSGGOG00000025807
pan_troglodytes ENSPTRG00000052736
pan_troglodytes ENSPTRG00000044362
homo_sapiens ENSG00000251287
gorilla_gorilla ENSGGOG00000027087
nomascus_leucogenys ENSNLEG00000001848
pongo_abelii ENSPPYG00000007077
colobus_angolensis ENSCANG00000039278
piliocolobus_tephrosceles ENSPTEG00000033665
rhinopithecus_bieti ENSRBIG00000037457
rhinopithecus_roxellana ENSRROG00000039352
papio_anubis ENSPANG00000016271
theropithecus_gelada ENSTGEG00000023305
mandrillus_leucophaeus ENSMLEG00000043910
cercocebus_atys ENSCATG00000033796
macaca_nemestrina ENSMNEG00000042312
macaca_mulatta ENSMMUG00000007494
macaca_fascicularis ENSMFAG00000032954
chlorocebus_sabaeus ENSCSAG00000008781
pan_troglodytes ENSPTRG00000007737
pan_paniscus ENSPPAG00000015865
gorilla_gorilla ENSGGOG00000000447
homo_sapiens ENSG00000033011
nomascus_leucogenys ENSNLEG00000010012
pan_paniscus ENSPPAG00000033585
callithrix_jacchus ENSCJAG00000020001
cebus_capucinus ENSCCAG00000037103
saimiri_boliviensis ENSSBOG00000030809
aotus_nancymaae ENSANAG00000027147
carlito_syrichta ENSTSYG00000026389
propithecus_coquereli ENSPCOG00000023899
prolemur_simus ENSPSMG00000024773
microcebus_murinus ENSMICG00000016018
otolemur_garnettii ENSOGAG00000000227
ursus_americanus ENSUAMG00000017300
ursus_maritimus ENSUMAG00000003525
ailuropoda_melanoleuca ENSAMEG00000001489
canis_lupus ENSCAFG00020024891
canis_lupus ENSCAFG00000019111
vulpes_vulpes ENSVVUG00000017261
neovison_vison ENSNVIG00000000963
mustela_putorius ENSMPUG00000014862
panthera_tigris ENSPTIG00000015784
panthera_tigris ENSPTIG00000004255
panthera_pardus ENSPPRG00000013176
felis_catus ENSFCAG00000004574
equus_asinus ENSEASG00005000054
equus_caballus ENSECAG00000008022
capra_hircus ENSCHIG00000012024
ovis_aries ENSOARG00000005002
bos_taurus ENSBTAG00000002189
bos_mutus ENSBMUG00000009906
bison_bison ENSBBBG00000020619
sus_scrofa ENSSSCG00000007919
tursiops_truncatus ENSTTRG00000001649
vicugna_pacos ENSVPAG00000003032
pteropus_vampyrus ENSPVAG00000016094
myotis_lucifugus ENSMLUG00000013078
erinaceus_europaeus ENSEEUG00000014478
procavia_capensis ENSPCAG00000001367
echinops_telfairi ENSETEG00000011903
loxodonta_africana ENSLAFG00000012380
dasypus_novemcinctus ENSDNOG00000009119
manacus_vitellinus ENSMVIG00005009216
ciona_intestinalis ENSCING00000007217
drosophila_melanogaster FBgn0038552
caenorhabditis_elegans WBGene00020820
saccharomyces_cerevisiae YBR110W
