scleropages_formosus ENSSFOG00015021872
paramormyrops_kingsleyae ENSPKIG00000019253
monopterus_albus ENSMALG00000004710
mastacembelus_armatus ENSMAMG00000000979
anabas_testudineus ENSATEG00000002650
betta_splendens ENSBSLG00000002190
seriola_dumerili ENSSDUG00000017753
seriola_lalandi ENSSLDG00000008822
scophthalmus_maximus ENSSMAG00000006378
lates_calcarifer ENSLCAG00010006991
gasterosteus_aculeatus ENSGACG00000008483
cottoperca_gobio ENSCGOG00000003475
labrus_bergylta ENSLBEG00000022809
takifugu_rubripes ENSTRUG00000014881
tetraodon_nigroviridis ENSTNIG00000011693
mola_mola ENSMMOG00000020542
larimichthys_crocea ENSLCRG00005003928
astatotilapia_calliptera ENSACLG00000003705
haplochromis_burtoni ENSHBUG00000002379
pundamilia_nyererei ENSPNYG00000009849
maylandia_zebra ENSMZEG00005022639
neolamprologus_brichardi ENSNBRG00000016880
oreochromis_niloticus ENSONIG00000001227
amphilophus_citrinellus ENSACIG00000011727
gouania_willdenowi ENSGWIG00000013114
poecilia_formosa ENSPFOG00000013864
poecilia_mexicana ENSPMEG00000015287
poecilia_latipinna ENSPLAG00000000495
poecilia_reticulata ENSPREG00000009360
xiphophorus_couchianus ENSXCOG00000016694
xiphophorus_maculatus ENSXMAG00000009149
gambusia_affinis ENSGAFG00000018217
cyprinodon_variegatus ENSCVAG00000022639
fundulus_heteroclitus ENSFHEG00000006538
kryptolebias_marmoratus ENSKMAG00000019357
oryzias_latipes ENSORLG00000004387
oryzias_latipes ENSORLG00020007150
oryzias_latipes ENSORLG00015020423
oryzias_melastigma ENSOMEG00000023639
amphiprion_ocellaris ENSAOCG00000023053
amphiprion_percula ENSAPEG00000017428
acanthochromis_polyacanthus ENSAPOG00000022883
stegastes_partitus ENSSPAG00000012025
parambassis_ranga ENSPRNG00000009667
cynoglossus_semilaevis ENSCSEG00000017447
hippocampus_comes ENSHCOG00000017196
periophthalmus_magnuspinnatus ENSPMGG00000000255
gadus_morhua ENSGMOG00000015582
hucho_hucho ENSHHUG00000035259
hucho_hucho ENSHHUG00000006946
esox_lucius ENSELUG00000000839
clupea_harengus ENSCHAG00000016815
denticeps_clupeoides ENSDCDG00000031758
astyanax_mexicanus ENSAMXG00000012641
astyanax_mexicanus ENSAMXG00005005615
pygocentrus_nattereri ENSPNAG00000016497
ictalurus_punctatus ENSIPUG00000012331
electrophorus_electricus ENSEEEG00000005347
danio_rerio ENSDARG00000074524
scleropages_formosus ENSSFOG00015004697
paramormyrops_kingsleyae ENSPKIG00000000350
lepisosteus_oculatus ENSLOCG00000012408
erpetoichthys_calabaricus ENSECRG00000011789
