pogona_vitticeps ENSPVIG00000010903
notechis_scutatus ENSNSUG00000002145
salvator_merianae ENSSMRG00000003281
sphenodon_punctatus ENSSPUG00000002073
gopherus_agassizii ENSGAGG00000018706
chelonoidis_abingdonii ENSCABG00000009765
chrysemys_picta_bellii ENSCPBG00000002374
pelodiscus_sinensis ENSPSIG00000014288
lonchura_striata_domestica ENSLSDG00000012660
junco_hyemalis ENSJHYG00000010151
calidris_pygmaea ENSCPGG00000011449
calidris_pugnax ENSCPUG00000019357
gallus_gallus ENSGALG00000009261
coturnix_japonica ENSCJPG00005020117
apteryx_rowi ENSARWG00000018598
anser_brachyrhynchus ENSABRG00000001585
numida_meleagris ENSNMEG00000012876
anas_platyrhynchos_platyrhynchos ENSAPLG00000010700
parus_major ENSPMJG00000005525
taeniopygia_guttata ENSTGUG00000011051
apteryx_haastii ENSAHAG00000012934
dromaius_novaehollandiae ENSDNVG00000009854
ficedula_albicollis ENSFALG00000002206
cyanistes_caeruleus ENSCCEG00000017627
nothoprocta_perdicaria ENSNPEG00000014808
notamacropus_eugenii ENSMEUG00000012970
phascolarctos_cinereus ENSPCIG00000034129
monodelphis_domestica ENSMODG00000009428
sarcophilus_harrisii ENSSHAG00000016892
canis_lupus_dingo ENSCAFG00020013764
canis_lupus_familiaris ENSCAFG00000011912
neovison_vison ENSNVIG00000004765
mustela_putorius_furo ENSMPUG00000003374
ailuropoda_melanoleuca ENSAMEG00000014086
panthera_pardus ENSPPRG00000012370
felis_catus ENSFCAG00000036220
pteropus_vampyrus ENSPVAG00000008173
equus_caballus ENSECAG00000023955
equus_asinus_asinus ENSEASG00005014505
bos_mutus ENSBMUG00000026141
bos_taurus ENSBTAG00000013875
bison_bison_bison ENSBBBG00000010067
capra_hircus ENSCHIG00000001536
sus_scrofa ENSSSCG00000010666
ochotona_princeps ENSOPRG00000009359
dasypus_novemcinctus ENSDNOG00000039315
ovis_aries ENSOARG00000018096
pan_paniscus ENSPPAG00000029176
gorilla_gorilla ENSGGOG00000037135
pongo_abelii ENSPPYG00000002688
colobus_angolensis_palliatus ENSCANG00000037783
rhinopithecus_roxellana ENSRROG00000037617
carlito_syrichta ENSTSYG00000030701
echinops_telfairi ENSETEG00000014224
loxodonta_africana ENSLAFG00000018107
prolemur_simus ENSPSMG00000018741
propithecus_coquereli ENSPCOG00000027093
microcebus_murinus ENSMICG00000036933
otolemur_garnettii ENSOGAG00000030974
homo_sapiens ENSG00000148704
pan_troglodytes ENSPTRG00000045431
nomascus_leucogenys ENSNLEG00000032960
theropithecus_gelada ENSTGEG00000026644
macaca_nemestrina ENSMNEG00000042756
papio_anubis ENSPANG00000020704
chlorocebus_sabaeus ENSCSAG00000004808
piliocolobus_tephrosceles ENSPTEG00000036244
macaca_fascicularis ENSMFAG00000044674
cercocebus_atys ENSCATG00000036567
rhinopithecus_bieti ENSRBIG00000028577
cebus_capucinus ENSCCAG00000022975
saimiri_boliviensis_boliviensis ENSSBOG00000030377
callithrix_jacchus ENSCJAG00000019496
aotus_nancymaae ENSANAG00000025818
cricetulus_griseus_chok1gshd ENSCGRG00001017524
cricetulus_griseus_crigri-picr ENSCGRG00015010069
mesocricetus_auratus ENSMAUG00000010122
microtus_ochrogaster ENSMOCG00000008001
peromyscus_maniculatus_bairdii ENSPEMG00000008665
mus_spretus_strain_spret/eij MGP_SPRETEiJ_G0024032
mus_caroli_strain_caroli_eij MGP_CAROLIEiJ_G0023111
mus_musculus ENSMUSG00000006270
mus_spicilegus ENSMSIG00000028320
mus_pahari MGP_PahariEiJ_G0014599
rattus_norvegicus ENSRNOG00000008824
meriones_unguiculatus ENSMUGG00000011592
nannospalax_galili ENSNGAG00000007068
urocitellus_parryii ENSUPAG00010023483
ictidomys_tridecemlineatus ENSSTOG00000023466
spermophilus_dauricus ENSSDAG00000000064
fukomys_damarensis ENSFDAG00000009945
dipodomys_ordii ENSDORG00000029462
jaculus_jaculus ENSJJAG00000020260
cavia_porcellus ENSCPOG00000000542
chinchilla_lanigera ENSCLAG00000004384
octodon_degus ENSODEG00000017835
heterocephalus_glaber_female ENSHGLG00000012395
castor_canadensis ENSCCNG00000030012
oryctolagus_cuniculus ENSOCUG00000013528
procavia_capensis ENSPCAG00000015630
erinaceus_europaeus ENSEEUG00000015409
xenopus_tropicalis ENSXETG00000008186
latimeria_chalumnae ENSLACG00000012062
paramormyrops_kingsleyae ENSPKIG00000009767
scleropages_formosus ENSSFOG00015018548
monopterus_albus ENSMALG00000010292
hippocampus_comes ENSHCOG00000008321
takifugu_rubripes ENSTRUG00000017910
tetraodon_nigroviridis ENSTNIG00000005818
gasterosteus_aculeatus ENSGACG00000014648
mola_mola ENSMMOG00000007200
mastacembelus_armatus ENSMAMG00000007747
poecilia_latipinna ENSPLAG00000013557
poecilia_mexicana ENSPMEG00000001526
poecilia_formosa ENSPFOG00000002051
poecilia_reticulata ENSPREG00000018520
xiphophorus_maculatus ENSXMAG00000025346
gambusia_affinis ENSGAFG00000013141
fundulus_heteroclitus ENSFHEG00000010886
cyprinodon_variegatus ENSCVAG00000007273
kryptolebias_marmoratus ENSKMAG00000016441
oryzias_latipes ENSORLG00000027781
oryzias_latipes_asm223469v1 ENSORLG00015009916
oryzias_latipes ENSORLG00020003222
oryzias_melastigma ENSOMEG00000001595
scophthalmus_maximus ENSSMAG00000016711
cynoglossus_semilaevis ENSCSEG00000018214
seriola_dumerili ENSSDUG00000021885
seriola_lalandi_dorsalis ENSSLDG00000017988
labrus_bergylta ENSLBEG00000027910
anabas_testudineus ENSATEG00000005127
amphiprion_ocellaris ENSAOCG00000004654
amphiprion_percula ENSAPEG00000003802
acanthochromis_polyacanthus ENSAPOG00000010050
stegastes_partitus ENSSPAG00000016445
maylandia_zebra ENSMZEG00005005238
pundamilia_nyererei ENSPNYG00000003674
astatotilapia_calliptera ENSACLG00000005465
haplochromis_burtoni ENSHBUG00000014644
oreochromis_niloticus ENSONIG00000009148
neolamprologus_brichardi ENSNBRG00000018945
amphilophus_citrinellus ENSACIG00000024262
esox_lucius ENSELUG00000014001
pygocentrus_nattereri ENSPNAG00000025156
astyanax_mexicanus ENSAMXG00000036022
ictalurus_punctatus ENSIPUG00000012584
danio_rerio ENSDARG00000021916
gadus_morhua ENSGMOG00000000185
lepisosteus_oculatus ENSLOCG00000009641
periophthalmus_magnuspinnatus ENSPMGG00000007818
eptatretus_burgeri ENSEBUG00000009207
