takifugu_rubripes ENSTRUG00000016769
tetraodon_nigroviridis ENSTNIG00000018506
mola_mola ENSMMOG00000002400
gasterosteus_aculeatus ENSGACG00000018862
labrus_bergylta ENSLBEG00000004327
labrus_bergylta ENSLBEG00000013417
oryzias_latipes ENSORLG00020019738
oryzias_latipes_asm223469v1 ENSORLG00015018048
oryzias_latipes ENSORLG00000013048
oryzias_melastigma ENSOMEG00000011944
monopterus_albus ENSMALG00000016956
seriola_dumerili ENSSDUG00000007175
seriola_lalandi_dorsalis ENSSLDG00000012193
cynoglossus_semilaevis ENSCSEG00000010522
mastacembelus_armatus ENSMAMG00000008998
amphiprion_percula ENSAPEG00000017915
amphiprion_ocellaris ENSAOCG00000015741
acanthochromis_polyacanthus ENSAPOG00000012625
stegastes_partitus ENSSPAG00000013494
stegastes_partitus ENSSPAG00000013521
poecilia_mexicana ENSPMEG00000005558
poecilia_formosa ENSPFOG00000015498
poecilia_latipinna ENSPLAG00000004707
poecilia_reticulata ENSPREG00000011378
gambusia_affinis ENSGAFG00000017423
xiphophorus_maculatus ENSXMAG00000009355
fundulus_heteroclitus ENSFHEG00000007371
kryptolebias_marmoratus ENSKMAG00000012413
maylandia_zebra ENSMZEG00005010910
astatotilapia_calliptera ENSACLG00000001119
haplochromis_burtoni ENSHBUG00000006334
pundamilia_nyererei ENSPNYG00000008307
oreochromis_niloticus ENSONIG00000016841
neolamprologus_brichardi ENSNBRG00000001339
amphilophus_citrinellus ENSACIG00000015966
cyprinodon_variegatus ENSCVAG00000001055
scophthalmus_maximus ENSSMAG00000020469
anabas_testudineus ENSATEG00000012481
periophthalmus_magnuspinnatus ENSPMGG00000009872
hippocampus_comes ENSHCOG00000009057
gadus_morhua ENSGMOG00000018808
esox_lucius ENSELUG00000009378
pygocentrus_nattereri ENSPNAG00000024005
astyanax_mexicanus ENSAMXG00000016560
danio_rerio ENSDARG00000022550
paramormyrops_kingsleyae ENSPKIG00000021508
scleropages_formosus ENSSFOG00015005096
takifugu_rubripes ENSTRUG00000016788
tetraodon_nigroviridis ENSTNIG00000015989
mola_mola ENSMMOG00000014615
gasterosteus_aculeatus ENSGACG00000004112
labrus_bergylta ENSLBEG00000007556
scophthalmus_maximus ENSSMAG00000008062
cynoglossus_semilaevis ENSCSEG00000004336
seriola_dumerili ENSSDUG00000022929
seriola_lalandi_dorsalis ENSSLDG00000022923
monopterus_albus ENSMALG00000012312
mastacembelus_armatus ENSMAMG00000023180
anabas_testudineus ENSATEG00000018487
amphiprion_percula ENSAPEG00000005812
amphiprion_ocellaris ENSAOCG00000024570
acanthochromis_polyacanthus ENSAPOG00000017039
stegastes_partitus ENSSPAG00000003107
astatotilapia_calliptera ENSACLG00000000481
haplochromis_burtoni ENSHBUG00000001705
pundamilia_nyererei ENSPNYG00000005077
maylandia_zebra ENSMZEG00005008242
oreochromis_niloticus ENSONIG00000008707
neolamprologus_brichardi ENSNBRG00000020710
amphilophus_citrinellus ENSACIG00000002649
fundulus_heteroclitus ENSFHEG00000005428
cyprinodon_variegatus ENSCVAG00000002805
xiphophorus_maculatus ENSXMAG00000017282
gambusia_affinis ENSGAFG00000001157
xiphophorus_couchianus ENSXCOG00000020836
poecilia_latipinna ENSPLAG00000010190
poecilia_reticulata ENSPREG00000009558
poecilia_formosa ENSPFOG00000005277
poecilia_mexicana ENSPMEG00000013651
kryptolebias_marmoratus ENSKMAG00000005749
oryzias_latipes ENSORLG00020017872
oryzias_latipes_asm223469v1 ENSORLG00015010545
oryzias_latipes ENSORLG00000003267
oryzias_melastigma ENSOMEG00000010162
hippocampus_comes ENSHCOG00000006039
periophthalmus_magnuspinnatus ENSPMGG00000010764
gadus_morhua ENSGMOG00000000771
esox_lucius ENSELUG00000009783
pygocentrus_nattereri ENSPNAG00000018139
astyanax_mexicanus ENSAMXG00000030102
ictalurus_punctatus ENSIPUG00000014524
danio_rerio ENSDARG00000076111
lepisosteus_oculatus ENSLOCG00000001360
loxodonta_africana ENSLAFG00000022750
procavia_capensis ENSPCAG00000013626
choloepus_hoffmanni ENSCHOG00000002259
dasypus_novemcinctus ENSDNOG00000031839
tupaia_belangeri ENSTBEG00000005437
pan_paniscus ENSPPAG00000016567
pan_troglodytes ENSPTRG00000004836
homo_sapiens ENSG00000151233
gorilla_gorilla ENSGGOG00000027928
pongo_abelii ENSPPYG00000004419
nomascus_leucogenys ENSNLEG00000028842
macaca_fascicularis ENSMFAG00000034181
macaca_nemestrina ENSMNEG00000044085
theropithecus_gelada ENSTGEG00000006473
theropithecus_gelada ENSTGEG00000008598
papio_anubis ENSPANG00000022965
mandrillus_leucophaeus ENSMLEG00000040017
cercocebus_atys ENSCATG00000037090
chlorocebus_sabaeus ENSCSAG00000007101
rhinopithecus_roxellana ENSRROG00000042104
rhinopithecus_bieti ENSRBIG00000038671
piliocolobus_tephrosceles ENSPTEG00000019464
colobus_angolensis_palliatus ENSCANG00000034614
saimiri_boliviensis_boliviensis ENSSBOG00000035882
cebus_capucinus ENSCCAG00000028460
callithrix_jacchus ENSCJAG00000017773
aotus_nancymaae ENSANAG00000030783
carlito_syrichta ENSTSYG00000002637
propithecus_coquereli ENSPCOG00000024287
prolemur_simus ENSPSMG00000014624
microcebus_murinus ENSMICG00000008275
otolemur_garnettii ENSOGAG00000000552
ictidomys_tridecemlineatus ENSSTOG00000027389
marmota_marmota_marmota ENSMMMG00000022532
spermophilus_dauricus ENSSDAG00000010134
urocitellus_parryii ENSUPAG00010001274
dipodomys_ordii ENSDORG00000013304
cavia_porcellus ENSCPOG00000000860
cavia_aperea ENSCAPG00000017643
chinchilla_lanigera ENSCLAG00000003085
octodon_degus ENSODEG00000004822
heterocephalus_glaber_male ENSHGLG00100015521
heterocephalus_glaber_female ENSHGLG00000001208
fukomys_damarensis ENSFDAG00000007178
cricetulus_griseus_crigri-picr ENSCGRG00015001050
cricetulus_griseus_crigri ENSCGRG00000011148
cricetulus_griseus_chok1gshd ENSCGRG00001021374
mesocricetus_auratus ENSMAUG00000009967
microtus_ochrogaster ENSMOCG00000011890
peromyscus_maniculatus_bairdii ENSPEMG00000025095
mus_spretus_strain_spret/eij MGP_SPRETEiJ_G0021085
mus_spicilegus ENSMSIG00000020567
mus_musculus ENSMUSG00000036197
mus_caroli_strain_caroli_eij MGP_CAROLIEiJ_G0020189
mus_pahari MGP_PahariEiJ_G0020193
rattus_norvegicus ENSRNOG00000005234
nannospalax_galili ENSNGAG00000015337
jaculus_jaculus ENSJJAG00000010228
oryctolagus_cuniculus ENSOCUG00000027426
ochotona_princeps ENSOPRG00000010000
bos_taurus ENSBTAG00000015024
bos_mutus ENSBMUG00000020450
bison_bison_bison ENSBBBG00000015442
capra_hircus ENSCHIG00000020294
ovis_aries ENSOARG00000019820
sus_scrofa ENSSSCG00000031701
tursiops_truncatus ENSTTRG00000001371
equus_caballus ENSECAG00000011563
equus_asinus_asinus ENSEASG00005023489
ailuropoda_melanoleuca ENSAMEG00000013852
mustela_putorius_furo ENSMPUG00000000319
canis_lupus_familiaris ENSCAFG00000009790
canis_lupus_dingo ENSCAFG00020010436
vulpes_vulpes ENSVVUG00000016736
panthera_pardus ENSPPRG00000009758
panthera_tigris_altaica ENSPTIG00000019972
felis_catus ENSFCAG00000023419
pteropus_vampyrus ENSPVAG00000016830
myotis_lucifugus ENSMLUG00000004356
neovison_vison ENSNVIG00000007703
vicugna_pacos ENSVPAG00000012037
sorex_araneus ENSSARG00000010171
erinaceus_europaeus ENSEEUG00000004589
echinops_telfairi ENSETEG00000013874
notamacropus_eugenii ENSMEUG00000012261
phascolarctos_cinereus ENSPCIG00000011436
sarcophilus_harrisii ENSSHAG00000000990
monodelphis_domestica ENSMODG00000008913
ornithorhynchus_anatinus ENSOANG00000029187
ornithorhynchus_anatinus ENSOANG00000003428
anolis_carolinensis ENSACAG00000016426
pogona_vitticeps ENSPVIG00000000296
notechis_scutatus ENSNSUG00000013585
salvator_merianae ENSSMRG00000015800
sphenodon_punctatus ENSSPUG00000009980
calidris_pugnax ENSCPUG00000008172
calidris_pygmaea ENSCPGG00000019530
melopsittacus_undulatus ENSMUNG00000015758
junco_hyemalis ENSJHYG00000017182
zonotrichia_albicollis ENSZALG00000008979
serinus_canaria ENSSCAG00000013457
taeniopygia_guttata ENSTGUG00000005804
lonchura_striata_domestica ENSLSDG00000006701
cyanistes_caeruleus ENSCCEG00000009169
parus_major ENSPMJG00000010898
ficedula_albicollis ENSFALG00000010267
lepidothrix_coronata ENSLCOG00000002401
manacus_vitellinus ENSMVIG00005006434
anser_brachyrhynchus ENSABRG00000005321
anas_platyrhynchos_platyrhynchos ENSAPLG00000004547
gallus_gallus ENSGALG00000009532
coturnix_japonica ENSCJPG00005013397
meleagris_gallopavo ENSMGAG00000009413
numida_meleagris ENSNMEG00000011243
apteryx_haastii ENSAHAG00000006979
apteryx_owenii ENSAOWG00000014196
apteryx_rowi ENSARWG00000016041
dromaius_novaehollandiae ENSDNVG00000001232
nothoprocta_perdicaria ENSNPEG00000005123
crocodylus_porosus ENSCPRG00005009329
chelonoidis_abingdonii ENSCABG00000006999
gopherus_agassizii ENSGAGG00000021453
chrysemys_picta_bellii ENSCPBG00000015511
pelodiscus_sinensis ENSPSIG00000003322
xenopus_tropicalis ENSXETG00000006794
latimeria_chalumnae ENSLACG00000004536
takifugu_rubripes ENSTRUG00000009592
stegastes_partitus ENSSPAG00000007016
petromyzon_marinus ENSPMAG00000004704
petromyzon_marinus ENSPMAG00000000782
eptatretus_burgeri ENSEBUG00000008985
