scleropages_formosus ENSSFOG00015015914
paramormyrops_kingsleyae ENSPKIG00000008463
astyanax_mexicanus ENSAMXG00000032822
pygocentrus_nattereri ENSPNAG00000005540
ictalurus_punctatus ENSIPUG00000000771
danio_rerio ENSDARG00000069327
lepisosteus_oculatus ENSLOCG00000009031
mola_mola ENSMMOG00000010550
takifugu_rubripes ENSTRUG00000020172
gasterosteus_aculeatus ENSGACG00000007573
labrus_bergylta ENSLBEG00000024201
mastacembelus_armatus ENSMAMG00000001296
monopterus_albus ENSMALG00000017609
anabas_testudineus ENSATEG00000001137
seriola_dumerili ENSSDUG00000008602
seriola_lalandi_dorsalis ENSSLDG00000019317
cynoglossus_semilaevis ENSCSEG00000006437
amphiprion_ocellaris ENSAOCG00000005851
amphiprion_percula ENSAPEG00000014379
acanthochromis_polyacanthus ENSAPOG00000019669
stegastes_partitus ENSSPAG00000013532
astatotilapia_calliptera ENSACLG00000010124
haplochromis_burtoni ENSHBUG00000023635
maylandia_zebra ENSMZEG00005027739
pundamilia_nyererei ENSPNYG00000008015
neolamprologus_brichardi ENSNBRG00000021221
oreochromis_niloticus ENSONIG00000018347
amphilophus_citrinellus ENSACIG00000021761
xiphophorus_maculatus ENSXMAG00000023050
xiphophorus_couchianus ENSXCOG00000012272
gambusia_affinis ENSGAFG00000009357
poecilia_formosa ENSPFOG00000020885
poecilia_mexicana ENSPMEG00000005213
poecilia_latipinna ENSPLAG00000007630
poecilia_reticulata ENSPREG00000019662
cyprinodon_variegatus ENSCVAG00000000340
fundulus_heteroclitus ENSFHEG00000002355
kryptolebias_marmoratus ENSKMAG00000021316
oryzias_latipes_asm223469v1 ENSORLG00015008221
oryzias_latipes ENSORLG00020003332
oryzias_latipes ENSORLG00000007716
oryzias_melastigma ENSOMEG00000003321
esox_lucius ENSELUG00000021562
latimeria_chalumnae ENSLACG00000012763
xenopus_tropicalis ENSXETG00000018432
haplochromis_burtoni ENSHBUG00000013310
pundamilia_nyererei ENSPNYG00000014688
astatotilapia_calliptera ENSACLG00000007791
maylandia_zebra ENSMZEG00005012847
acanthochromis_polyacanthus ENSAPOG00000011986
periophthalmus_magnuspinnatus ENSPMGG00000012209
ictalurus_punctatus ENSIPUG00000007819
ursus_americanus ENSUAMG00000004457
xenopus_tropicalis ENSXETG00000007765
labrus_bergylta ENSLBEG00000008986
monopterus_albus ENSMALG00000018660
scleropages_formosus ENSSFOG00015005895
ictalurus_punctatus ENSIPUG00000000325
gallus_gallus ENSGALG00000031859
xenopus_tropicalis ENSXETG00000004060
eptatretus_burgeri ENSEBUG00000015739
ciona_intestinalis ENSCING00000007395
drosophila_melanogaster FBgn0004862
