pogona_vitticeps ENSPVIG00000004012
anolis_carolinensis ENSACAG00000010865
notechis_scutatus ENSNSUG00000015098
salvator_merianae ENSSMRG00000009403
sphenodon_punctatus ENSSPUG00000003398
anas_platyrhynchos_platyrhynchos ENSAPLG00000003351
anser_brachyrhynchus ENSABRG00000003944
gallus_gallus ENSGALG00000012339
meleagris_gallopavo ENSMGAG00000013747
coturnix_japonica ENSCJPG00005007643
numida_meleagris ENSNMEG00000018871
calidris_pygmaea ENSCPGG00000019595
calidris_pugnax ENSCPUG00000018075
melopsittacus_undulatus ENSMUNG00000007142
serinus_canaria ENSSCAG00000001707
taeniopygia_guttata ENSTGUG00000013160
lonchura_striata_domestica ENSLSDG00000001742
lonchura_striata_domestica ENSLSDG00000001745
cyanistes_caeruleus ENSCCEG00000000021
parus_major ENSPMJG00000013369
ficedula_albicollis ENSFALG00000001855
manacus_vitellinus ENSMVIG00005006211
lepidothrix_coronata ENSLCOG00000008940
junco_hyemalis ENSJHYG00000007325
zonotrichia_albicollis ENSZALG00000005422
lonchura_striata_domestica ENSLSDG00000008291
zonotrichia_albicollis ENSZALG00000005424
taeniopygia_guttata ENSTGUG00000013842
apteryx_owenii ENSAOWG00000001810
apteryx_haastii ENSAHAG00000006398
apteryx_rowi ENSARWG00000007802
dromaius_novaehollandiae ENSDNVG00000005097
nothoprocta_perdicaria ENSNPEG00000015119
dromaius_novaehollandiae ENSDNVG00000005095
crocodylus_porosus ENSCPRG00005018434
chelonoidis_abingdonii ENSCABG00000019349
gopherus_agassizii ENSGAGG00000006779
chrysemys_picta_bellii ENSCPBG00000021641
pelodiscus_sinensis ENSPSIG00000005130
ovis_aries ENSOARG00000020652
capra_hircus ENSCHIG00000026021
bos_taurus ENSBTAG00000014312
bos_mutus ENSBMUG00000021288
bison_bison_bison ENSBBBG00000003834
tursiops_truncatus ENSTTRG00000009566
vicugna_pacos ENSVPAG00000000734
sus_scrofa ENSSSCG00000005020
pteropus_vampyrus ENSPVAG00000006176
myotis_lucifugus ENSMLUG00000015934
ursus_americanus ENSUAMG00000024884
ursus_maritimus ENSUMAG00000005389
ailuropoda_melanoleuca ENSAMEG00000009965
mustela_putorius_furo ENSMPUG00000005107
neovison_vison ENSNVIG00000000924
canis_lupus_familiaris ENSCAFG00000014460
canis_lupus_dingo ENSCAFG00020020080
vulpes_vulpes ENSVVUG00000029790
panthera_pardus ENSPPRG00000007854
panthera_tigris_altaica ENSPTIG00000019899
felis_catus ENSFCAG00000028445
equus_asinus_asinus ENSEASG00005008291
equus_caballus ENSECAG00000008487
sorex_araneus ENSSARG00000002162
erinaceus_europaeus ENSEEUG00000015378
peromyscus_maniculatus_bairdii ENSPEMG00000022136
microtus_ochrogaster ENSMOCG00000008819
cricetulus_griseus_crigri-picr ENSCGRG00015026251
cricetulus_griseus_chok1gshd ENSCGRG00001015789
cricetulus_griseus_crigri ENSCGRG00000006570
mesocricetus_auratus ENSMAUG00000016977
mus_spretus_strain_spret/eij MGP_SPRETEiJ_G0018658
mus_spicilegus ENSMSIG00000028917
mus_musculus ENSMUSG00000021066
mus_caroli_strain_caroli_eij MGP_CAROLIEiJ_G0017813
mus_pahari MGP_PahariEiJ_G0029569
rattus_norvegicus ENSRNOG00000005063
nannospalax_galili ENSNGAG00000005287
jaculus_jaculus ENSJJAG00000010744
heterocephalus_glaber_male ENSHGLG00100014596
heterocephalus_glaber_female ENSHGLG00000017094
fukomys_damarensis ENSFDAG00000001410
octodon_degus ENSODEG00000011772
chinchilla_lanigera ENSCLAG00000014538
cavia_porcellus ENSCPOG00000040134
cavia_aperea ENSCAPG00000011871
castor_canadensis ENSCCNG00000025735
dipodomys_ordii ENSDORG00000000058
spermophilus_dauricus ENSSDAG00000009548
ictidomys_tridecemlineatus ENSSTOG00000011921
urocitellus_parryii ENSUPAG00010007750
oryctolagus_cuniculus ENSOCUG00000017706
ochotona_princeps ENSOPRG00000001968
tupaia_belangeri ENSTBEG00000008427
gorilla_gorilla ENSGGOG00000005481
homo_sapiens ENSG00000198513
pan_troglodytes ENSPTRG00000023829
pan_paniscus ENSPPAG00000033293
pongo_abelii ENSPPYG00000005804
nomascus_leucogenys ENSNLEG00000012204
rhinopithecus_roxellana ENSRROG00000008128
rhinopithecus_bieti ENSRBIG00000039686
colobus_angolensis_palliatus ENSCANG00000028680
piliocolobus_tephrosceles ENSPTEG00000039434
cercocebus_atys ENSCATG00000042444
mandrillus_leucophaeus ENSMLEG00000029085
papio_anubis ENSPANG00000014239
theropithecus_gelada ENSTGEG00000008117
macaca_nemestrina ENSMNEG00000042927
macaca_mulatta ENSMMUG00000009577
macaca_fascicularis ENSMFAG00000000528
chlorocebus_sabaeus ENSCSAG00000015138
cebus_capucinus ENSCCAG00000036431
saimiri_boliviensis_boliviensis ENSSBOG00000021977
callithrix_jacchus ENSCJAG00000006480
aotus_nancymaae ENSANAG00000027795
carlito_syrichta ENSTSYG00000009286
propithecus_coquereli ENSPCOG00000015429
prolemur_simus ENSPSMG00000011343
microcebus_murinus ENSMICG00000005443
otolemur_garnettii ENSOGAG00000014295
choloepus_hoffmanni ENSCHOG00000003523
dasypus_novemcinctus ENSDNOG00000007585
loxodonta_africana ENSLAFG00000013808
procavia_capensis ENSPCAG00000011486
echinops_telfairi ENSETEG00000008018
meriones_unguiculatus ENSMUGG00000018892
marmota_marmota_marmota ENSMMMG00000001706
notamacropus_eugenii ENSMEUG00000006367
phascolarctos_cinereus ENSPCIG00000012325
sarcophilus_harrisii ENSSHAG00000003890
monodelphis_domestica ENSMODG00000013099
ornithorhynchus_anatinus ENSOANG00000013972
xenopus_tropicalis ENSXETG00000009126
latimeria_chalumnae ENSLACG00000012098
oryzias_latipes_asm223469v1 ENSORLG00015023029
oryzias_latipes ENSORLG00000009054
oryzias_latipes ENSORLG00020003767
oryzias_melastigma ENSOMEG00000022948
labrus_bergylta ENSLBEG00000017261
anabas_testudineus ENSATEG00000000582
mastacembelus_armatus ENSMAMG00000000204
monopterus_albus ENSMALG00000021524
maylandia_zebra ENSMZEG00005012235
astatotilapia_calliptera ENSACLG00000001983
pundamilia_nyererei ENSPNYG00000009167
neolamprologus_brichardi ENSNBRG00000006306
haplochromis_burtoni ENSHBUG00000017388
oreochromis_niloticus ENSONIG00000000509
amphilophus_citrinellus ENSACIG00000010005
seriola_dumerili ENSSDUG00000006940
seriola_lalandi_dorsalis ENSSLDG00000002988
scophthalmus_maximus ENSSMAG00000011403
amphiprion_ocellaris ENSAOCG00000005477
amphiprion_percula ENSAPEG00000009762
acanthochromis_polyacanthus ENSAPOG00000016435
stegastes_partitus ENSSPAG00000020769
tetraodon_nigroviridis ENSTNIG00000019334
takifugu_rubripes ENSTRUG00000008829
mola_mola ENSMMOG00000009985
gasterosteus_aculeatus ENSGACG00000011856
poecilia_reticulata ENSPREG00000017576
poecilia_latipinna ENSPLAG00000014169
xiphophorus_couchianus ENSXCOG00000003969
poecilia_formosa ENSPFOG00000023382
poecilia_latipinna ENSPLAG00000016663
poecilia_formosa ENSPFOG00000016716
poecilia_mexicana ENSPMEG00000003609
gambusia_affinis ENSGAFG00000018558
xiphophorus_maculatus ENSXMAG00000014757
cyprinodon_variegatus ENSCVAG00000006338
fundulus_heteroclitus ENSFHEG00000003724
kryptolebias_marmoratus ENSKMAG00000017270
cynoglossus_semilaevis ENSCSEG00000007668
hippocampus_comes ENSHCOG00000016850
periophthalmus_magnuspinnatus ENSPMGG00000021314
gadus_morhua ENSGMOG00000001077
esox_lucius ENSELUG00000020010
astyanax_mexicanus ENSAMXG00000003230
pygocentrus_nattereri ENSPNAG00000002623
ictalurus_punctatus ENSIPUG00000019583
danio_rerio ENSDARG00000060481
scleropages_formosus ENSSFOG00015009212
paramormyrops_kingsleyae ENSPKIG00000012016
lepisosteus_oculatus ENSLOCG00000011885
