ciona_savignyi ENSCSAVG00000000169
ciona_intestinalis ENSCING00000003858
ciona_savignyi ENSCSAVG00000004700
ciona_savignyi ENSCSAVG00000000151
ciona_intestinalis ENSCING00000022792
ciona_intestinalis ENSCING00000022865
ciona_intestinalis ENSCING00000000312
ciona_savignyi ENSCSAVG00000007622
apteryx_owenii ENSAOWG00000000570
apteryx_haastii ENSAHAG00000001464
apteryx_rowi ENSARWG00000009641
dromaius_novaehollandiae ENSDNVG00000014835
nothoprocta_perdicaria ENSNPEG00000009630
anser_brachyrhynchus ENSABRG00000005623
anas_platyrhynchos_platyrhynchos ENSAPLG00000003398
meleagris_gallopavo ENSMGAG00000005776
coturnix_japonica ENSCJPG00005003076
gallus_gallus ENSGALG00000005460
numida_meleagris ENSNMEG00000016003
calidris_pygmaea ENSCPGG00000009836
calidris_pugnax ENSCPUG00000008356
melopsittacus_undulatus ENSMUNG00000007419
lepidothrix_coronata ENSLCOG00000008269
manacus_vitellinus ENSMVIG00005004617
taeniopygia_guttata ENSTGUG00000007700
lonchura_striata_domestica ENSLSDG00000004491
junco_hyemalis ENSJHYG00000011489
zonotrichia_albicollis ENSZALG00000009994
serinus_canaria ENSSCAG00000014874
cyanistes_caeruleus ENSCCEG00000021547
parus_major ENSPMJG00000007375
ficedula_albicollis ENSFALG00000010535
crocodylus_porosus ENSCPRG00005005674
gopherus_agassizii ENSGAGG00000019306
chelonoidis_abingdonii ENSCABG00000004384
chrysemys_picta_bellii ENSCPBG00000027154
pelodiscus_sinensis ENSPSIG00000004478
anolis_carolinensis ENSACAG00000005096
pogona_vitticeps ENSPVIG00000005224
notechis_scutatus ENSNSUG00000014060
salvator_merianae ENSSMRG00000012647
sphenodon_punctatus ENSSPUG00000014790
phascolarctos_cinereus ENSPCIG00000009707
notamacropus_eugenii ENSMEUG00000003613
sarcophilus_harrisii ENSSHAG00000007017
monodelphis_domestica ENSMODG00000016783
bos_mutus ENSBMUG00000022420
bos_taurus ENSBTAG00000016388
bison_bison_bison ENSBBBG00000017273
capra_hircus ENSCHIG00000020363
ovis_aries ENSOARG00000012621
sus_scrofa ENSSSCG00000039419
tursiops_truncatus ENSTTRG00000001754
equus_caballus ENSECAG00000016658
equus_asinus_asinus ENSEASG00005023200
myotis_lucifugus ENSMLUG00000012879
pteropus_vampyrus ENSPVAG00000016766
ailuropoda_melanoleuca ENSAMEG00000017361
ursus_americanus ENSUAMG00000012849
neovison_vison ENSNVIG00000020066
mustela_putorius_furo ENSMPUG00000007893
canis_lupus_dingo ENSCAFG00020000949
canis_lupus_familiaris ENSCAFG00000012710
vulpes_vulpes ENSVVUG00000015410
panthera_pardus ENSPPRG00000007640
felis_catus ENSFCAG00000000381
erinaceus_europaeus ENSEEUG00000010216
pan_troglodytes ENSPTRG00000013715
pan_paniscus ENSPPAG00000040142
homo_sapiens ENSG00000101187
gorilla_gorilla ENSGGOG00000007516
pongo_abelii ENSPPYG00000011213
nomascus_leucogenys ENSNLEG00000009897
cercocebus_atys ENSCATG00000031528
mandrillus_leucophaeus ENSMLEG00000026008
papio_anubis ENSPANG00000014254
theropithecus_gelada ENSTGEG00000009806
macaca_mulatta ENSMMUG00000016848
macaca_fascicularis ENSMFAG00000041624
macaca_nemestrina ENSMNEG00000031292
chlorocebus_sabaeus ENSCSAG00000016079
piliocolobus_tephrosceles ENSPTEG00000001310
colobus_angolensis_palliatus ENSCANG00000031263
rhinopithecus_roxellana ENSRROG00000036205
rhinopithecus_bieti ENSRBIG00000027762
cebus_capucinus ENSCCAG00000020112
saimiri_boliviensis_boliviensis ENSSBOG00000030164
callithrix_jacchus ENSCJAG00000009785
aotus_nancymaae ENSANAG00000025751
carlito_syrichta ENSTSYG00000027773
propithecus_coquereli ENSPCOG00000021209
prolemur_simus ENSPSMG00000016739
microcebus_murinus ENSMICG00000001139
otolemur_garnettii ENSOGAG00000005124
dipodomys_ordii ENSDORG00000001161
castor_canadensis ENSCCNG00000028376
mus_spicilegus ENSMSIG00000017476
mus_musculus ENSMUSG00000038963
mus_spretus_strain_spret/eij MGP_SPRETEiJ_G0025705
mus_pahari MGP_PahariEiJ_G0026227
rattus_norvegicus ENSRNOG00000053430
mus_caroli_strain_caroli_eij MGP_CAROLIEiJ_G0024780
meriones_unguiculatus ENSMUGG00000006642
meriones_unguiculatus ENSMUGG00000022106
cricetulus_griseus_chok1gshd ENSCGRG00001013645
cricetulus_griseus_crigri ENSCGRG00000008065
cricetulus_griseus_crigri-picr ENSCGRG00015015829
mesocricetus_auratus ENSMAUG00000009594
peromyscus_maniculatus_bairdii ENSPEMG00000019875
microtus_ochrogaster ENSMOCG00000018880
nannospalax_galili ENSNGAG00000021326
jaculus_jaculus ENSJJAG00000018715
chinchilla_lanigera ENSCLAG00000007190
octodon_degus ENSODEG00000004720
cavia_porcellus ENSCPOG00000015749
cavia_aperea ENSCAPG00000011733
heterocephalus_glaber_female ENSHGLG00000008931
heterocephalus_glaber_male ENSHGLG00100005824
fukomys_damarensis ENSFDAG00000007687
urocitellus_parryii ENSUPAG00010009439
ictidomys_tridecemlineatus ENSSTOG00000019826
marmota_marmota_marmota ENSMMMG00000003911
dasypus_novemcinctus ENSDNOG00000048368
ochotona_princeps ENSOPRG00000017079
loxodonta_africana ENSLAFG00000007102
procavia_capensis ENSPCAG00000012258
ornithorhynchus_anatinus ENSOANG00000004979
xenopus_tropicalis ENSXETG00000011257
latimeria_chalumnae ENSLACG00000016459
scleropages_formosus ENSSFOG00015017248
paramormyrops_kingsleyae ENSPKIG00000006158
labrus_bergylta ENSLBEG00000023606
takifugu_rubripes ENSTRUG00000002381
periophthalmus_magnuspinnatus ENSPMGG00000019851
periophthalmus_magnuspinnatus ENSPMGG00000006920
periophthalmus_magnuspinnatus ENSPMGG00000019845
mastacembelus_armatus ENSMAMG00000016505
monopterus_albus ENSMALG00000001442
anabas_testudineus ENSATEG00000000561
seriola_dumerili ENSSDUG00000003912
seriola_lalandi_dorsalis ENSSLDG00000015633
scophthalmus_maximus ENSSMAG00000011046
mola_mola ENSMMOG00000017551
xiphophorus_maculatus ENSXMAG00000022051
xiphophorus_couchianus ENSXCOG00000000073
gambusia_affinis ENSGAFG00000001710
poecilia_formosa ENSPFOG00000015625
poecilia_latipinna ENSPLAG00000020596
poecilia_mexicana ENSPMEG00000007188
poecilia_reticulata ENSPREG00000004586
fundulus_heteroclitus ENSFHEG00000011970
cyprinodon_variegatus ENSCVAG00000010332
kryptolebias_marmoratus ENSKMAG00000017360
oryzias_latipes ENSORLG00000002407
oryzias_latipes ENSORLG00020019842
oryzias_latipes_asm223469v1 ENSORLG00015014322
oryzias_melastigma ENSOMEG00000009213
maylandia_zebra ENSMZEG00005027665
pundamilia_nyererei ENSPNYG00000009060
astatotilapia_calliptera ENSACLG00000006818
haplochromis_burtoni ENSHBUG00000021183
neolamprologus_brichardi ENSNBRG00000020146
oreochromis_niloticus ENSONIG00000012098
amphilophus_citrinellus ENSACIG00000011564
amphiprion_percula ENSAPEG00000002813
amphiprion_ocellaris ENSAOCG00000014896
acanthochromis_polyacanthus ENSAPOG00000017899
amphiprion_percula ENSAPEG00000002858
amphiprion_ocellaris ENSAOCG00000023930
amphiprion_ocellaris ENSAOCG00000013087
acanthochromis_polyacanthus ENSAPOG00000017979
stegastes_partitus ENSSPAG00000003122
hippocampus_comes ENSHCOG00000004468
gasterosteus_aculeatus ENSGACG00000004451
gadus_morhua ENSGMOG00000007021
esox_lucius ENSELUG00000009414
pygocentrus_nattereri ENSPNAG00000000803
astyanax_mexicanus ENSAMXG00000003400
ictalurus_punctatus ENSIPUG00000010663
danio_rerio ENSDARG00000075948
lepisosteus_oculatus ENSLOCG00000005933
eptatretus_burgeri ENSEBUG00000005183
ciona_savignyi ENSCSAVG00000006415
ciona_intestinalis ENSCING00000024438
ciona_savignyi ENSCSAVG00000006274
ciona_intestinalis ENSCING00000009746
ciona_intestinalis ENSCING00000009745
ciona_savignyi ENSCSAVG00000002231
monodelphis_domestica ENSMODG00000019279
sarcophilus_harrisii ENSSHAG00000007350
phascolarctos_cinereus ENSPCIG00000004421
notamacropus_eugenii ENSMEUG00000000033
gorilla_gorilla ENSGGOG00000023256
homo_sapiens ENSG00000173930
pan_troglodytes ENSPTRG00000017107
pan_paniscus ENSPPAG00000043922
pongo_abelii ENSPPYG00000015663
nomascus_leucogenys ENSNLEG00000010874
macaca_fascicularis ENSMFAG00000046265
macaca_mulatta ENSMMUG00000007773
macaca_nemestrina ENSMNEG00000038860
theropithecus_gelada ENSTGEG00000007483
papio_anubis ENSPANG00000004267
cercocebus_atys ENSCATG00000029437
mandrillus_leucophaeus ENSMLEG00000033741
chlorocebus_sabaeus ENSCSAG00000015304
piliocolobus_tephrosceles ENSPTEG00000016977
colobus_angolensis_palliatus ENSCANG00000036171
rhinopithecus_roxellana ENSRROG00000036726
rhinopithecus_bieti ENSRBIG00000037276
saimiri_boliviensis_boliviensis ENSSBOG00000032611
cebus_capucinus ENSCCAG00000023393
callithrix_jacchus ENSCJAG00000009487
aotus_nancymaae ENSANAG00000020847
carlito_syrichta ENSTSYG00000008485
microcebus_murinus ENSMICG00000013545
prolemur_simus ENSPSMG00000012240
propithecus_coquereli ENSPCOG00000009780
otolemur_garnettii ENSOGAG00000010550
tupaia_belangeri ENSTBEG00000000952
heterocephalus_glaber_female ENSHGLG00000008917
heterocephalus_glaber_male ENSHGLG00100000837
fukomys_damarensis ENSFDAG00000015726
chinchilla_lanigera ENSCLAG00000013462
cavia_porcellus ENSCPOG00000024985
ictidomys_tridecemlineatus ENSSTOG00000014718
urocitellus_parryii ENSUPAG00010023086
spermophilus_dauricus ENSSDAG00000023614
marmota_marmota_marmota ENSMMMG00000007769
castor_canadensis ENSCCNG00000026256
castor_canadensis ENSCCNG00000016762
dipodomys_ordii ENSDORG00000004651
cricetulus_griseus_crigri ENSCGRG00000004376
cricetulus_griseus_chok1gshd ENSCGRG00001010874
cricetulus_griseus_crigri-picr ENSCGRG00015017561
mesocricetus_auratus ENSMAUG00000016086
peromyscus_maniculatus_bairdii ENSPEMG00000020395
microtus_ochrogaster ENSMOCG00000004368
mus_spretus_strain_spret/eij MGP_SPRETEiJ_G0015277
mus_spicilegus ENSMSIG00000019329
mus_musculus ENSMUSG00000040693
mus_caroli_strain_caroli_eij MGP_CAROLIEiJ_G0014473
mus_pahari MGP_PahariEiJ_G0027709
rattus_norvegicus ENSRNOG00000022711
nannospalax_galili ENSNGAG00000010912
jaculus_jaculus ENSJJAG00000007136
oryctolagus_cuniculus ENSOCUG00000016948
mustela_putorius_furo ENSMPUG00000003784
neovison_vison ENSNVIG00000019976
ursus_maritimus ENSUMAG00000015315
ailuropoda_melanoleuca ENSAMEG00000009401
canis_lupus_dingo ENSCAFG00020012011
canis_lupus_familiaris ENSCAFG00000024995
vulpes_vulpes ENSVVUG00000020047
panthera_pardus ENSPPRG00000003202
panthera_tigris_altaica ENSPTIG00000020890
felis_catus ENSFCAG00000025960
equus_asinus_asinus ENSEASG00005015860
equus_caballus ENSECAG00000009100
pteropus_vampyrus ENSPVAG00000006631
myotis_lucifugus ENSMLUG00000001943
bos_mutus ENSBMUG00000026516
bos_taurus ENSBTAG00000016359
bison_bison_bison ENSBBBG00000020941
ovis_aries ENSOARG00000018280
capra_hircus ENSCHIG00000022821
tursiops_truncatus ENSTTRG00000013607
sus_scrofa ENSSSCG00000014182
vicugna_pacos ENSVPAG00000001602
erinaceus_europaeus ENSEEUG00000014465
sorex_araneus ENSSARG00000002608
choloepus_hoffmanni ENSCHOG00000000098
dasypus_novemcinctus ENSDNOG00000001345
procavia_capensis ENSPCAG00000009606
loxodonta_africana ENSLAFG00000002750
echinops_telfairi ENSETEG00000007308
phascolarctos_cinereus ENSPCIG00000029891
sarcophilus_harrisii ENSSHAG00000001507
monodelphis_domestica ENSMODG00000019281
choloepus_hoffmanni ENSCHOG00000012853
dasypus_novemcinctus ENSDNOG00000017926
procavia_capensis ENSPCAG00000011796
echinops_telfairi ENSETEG00000020380
loxodonta_africana ENSLAFG00000016752
heterocephalus_glaber_female ENSHGLG00000004826
heterocephalus_glaber_male ENSHGLG00100004478
fukomys_damarensis ENSFDAG00000015605
chinchilla_lanigera ENSCLAG00000015414
cavia_porcellus ENSCPOG00000001919
cricetulus_griseus_crigri-picr ENSCGRG00015017619
peromyscus_maniculatus_bairdii ENSPEMG00000030212
rattus_norvegicus ENSRNOG00000048837
rattus_norvegicus ENSRNOG00000019252
mus_spicilegus ENSMSIG00000002448
cricetulus_griseus_crigri ENSCGRG00000000673
cricetulus_griseus_crigri-picr ENSCGRG00015017748
peromyscus_maniculatus_bairdii ENSPEMG00000017201
mus_spicilegus ENSMSIG00000024358
mus_spicilegus ENSMSIG00000024343
mus_spretus_strain_spret/eij MGP_SPRETEiJ_G0015283
mus_musculus ENSMUSG00000026336
mus_caroli_strain_caroli_eij MGP_CAROLIEiJ_G0014479
rattus_norvegicus ENSRNOG00000031146
rattus_norvegicus ENSRNOG00000047903
mus_musculus ENSMUSG00000026331
mus_caroli_strain_caroli_eij MGP_CAROLIEiJ_G0014474
mus_spicilegus ENSMSIG00000002264
mus_spretus_strain_spret/eij MGP_SPRETEiJ_G0015278
mus_pahari MGP_PahariEiJ_G0027710
rattus_norvegicus ENSRNOG00000013792
urocitellus_parryii ENSUPAG00010023093
spermophilus_dauricus ENSSDAG00000023607
marmota_marmota_marmota ENSMMMG00000007789
castor_canadensis ENSCCNG00000014227
oryctolagus_cuniculus ENSOCUG00000003393
ochotona_princeps ENSOPRG00000010759
tupaia_belangeri ENSTBEG00000011357
pan_paniscus ENSPPAG00000026067
pan_troglodytes ENSPTRG00000028663
homo_sapiens ENSG00000205359
gorilla_gorilla ENSGGOG00000014715
pongo_abelii ENSPPYG00000015664
nomascus_leucogenys ENSNLEG00000010892
rhinopithecus_roxellana ENSRROG00000030903
rhinopithecus_bieti ENSRBIG00000033261
colobus_angolensis_palliatus ENSCANG00000037676
piliocolobus_tephrosceles ENSPTEG00000017172
cercocebus_atys ENSCATG00000024448
mandrillus_leucophaeus ENSMLEG00000036023
theropithecus_gelada ENSTGEG00000007579
papio_anubis ENSPANG00000020937
macaca_fascicularis ENSMFAG00000039771
macaca_mulatta ENSMMUG00000029885
macaca_nemestrina ENSMNEG00000029762
chlorocebus_sabaeus ENSCSAG00000015256
cebus_capucinus ENSCCAG00000022229
saimiri_boliviensis_boliviensis ENSSBOG00000024624
callithrix_jacchus ENSCJAG00000009478
aotus_nancymaae ENSANAG00000023978
carlito_syrichta ENSTSYG00000004968
prolemur_simus ENSPSMG00000012227
propithecus_coquereli ENSPCOG00000018603
microcebus_murinus ENSMICG00000000142
otolemur_garnettii ENSOGAG00000010553
pteropus_vampyrus ENSPVAG00000004778
myotis_lucifugus ENSMLUG00000003988
erinaceus_europaeus ENSEEUG00000008732
bos_mutus ENSBMUG00000026517
bison_bison_bison ENSBBBG00000020921
bos_taurus ENSBTAG00000030210
ovis_aries ENSOARG00000018356
capra_hircus ENSCHIG00000010171
tursiops_truncatus ENSTTRG00000002071
sus_scrofa ENSSSCG00000014183
vicugna_pacos ENSVPAG00000001604
ursus_maritimus ENSUMAG00000015316
ailuropoda_melanoleuca ENSAMEG00000009416
neovison_vison ENSNVIG00000020000
mustela_putorius_furo ENSMPUG00000003796
canis_lupus_familiaris ENSCAFG00000007611
canis_lupus_dingo ENSCAFG00020012017
vulpes_vulpes ENSVVUG00000020025
panthera_pardus ENSPPRG00000003887
panthera_tigris_altaica ENSPTIG00000018685
felis_catus ENSFCAG00000019119
equus_caballus ENSECAG00000007048
ornithorhynchus_anatinus ENSOANG00000005449
gopherus_agassizii ENSGAGG00000005497
chelonoidis_abingdonii ENSCABG00000001513
chrysemys_picta_bellii ENSCPBG00000024289
pelodiscus_sinensis ENSPSIG00000005263
lonchura_striata_domestica ENSLSDG00000000969
taeniopygia_guttata ENSTGUG00000000900
serinus_canaria ENSSCAG00000017347
junco_hyemalis ENSJHYG00000000853
ficedula_albicollis ENSFALG00000001063
parus_major ENSPMJG00000012698
cyanistes_caeruleus ENSCCEG00000017286
manacus_vitellinus ENSMVIG00005018655
lepidothrix_coronata ENSLCOG00000004615
melopsittacus_undulatus ENSMUNG00000002124
calidris_pugnax ENSCPUG00000000659
calidris_pygmaea ENSCPGG00000009533
anas_platyrhynchos_platyrhynchos ENSAPLG00000009323
anser_brachyrhynchus ENSABRG00000021771
gallus_gallus ENSGALG00000026768
coturnix_japonica ENSCJPG00005009669
numida_meleagris ENSNMEG00000002383
apteryx_haastii ENSAHAG00000018205
apteryx_owenii ENSAOWG00000005223
apteryx_rowi ENSARWG00000008670
dromaius_novaehollandiae ENSDNVG00000016229
nothoprocta_perdicaria ENSNPEG00000014385
crocodylus_porosus ENSCPRG00005005439
pogona_vitticeps ENSPVIG00000001245
anolis_carolinensis ENSACAG00000029435
notechis_scutatus ENSNSUG00000009523
salvator_merianae ENSSMRG00000012792
sphenodon_punctatus ENSSPUG00000003574
latimeria_chalumnae ENSLACG00000011687
xenopus_tropicalis ENSXETG00000023865
lepisosteus_oculatus ENSLOCG00000009096
caenorhabditis_elegans_strain_n2 WBGene00013499
caenorhabditis_elegans_strain_n2 WBGene00019346
caenorhabditis_elegans_strain_n2 WBGene00018739
drosophila_melanogaster FBgn0051634
notamacropus_eugenii ENSMEUG00000000440
phascolarctos_cinereus ENSPCIG00000022283
monodelphis_domestica ENSMODG00000013193
sarcophilus_harrisii ENSSHAG00000007726
bos_taurus ENSBTAG00000001652
bison_bison_bison ENSBBBG00000023617
tursiops_truncatus ENSTTRG00000007284
erinaceus_europaeus ENSEEUG00000012264
panthera_pardus ENSPPRG00000022841
felis_catus ENSFCAG00000003164
canis_lupus_dingo ENSCAFG00020019152
canis_lupus_familiaris ENSCAFG00000011241
vulpes_vulpes ENSVVUG00000013095
mustela_putorius_furo ENSMPUG00000017574
urocitellus_parryii ENSUPAG00010021918
dasypus_novemcinctus ENSDNOG00000018203
equus_asinus_asinus ENSEASG00005015429
equus_caballus ENSECAG00000013398
neovison_vison ENSNVIG00000020627
pteropus_vampyrus ENSPVAG00000008127
sus_scrofa ENSSSCG00000002263
propithecus_coquereli ENSPCOG00000025115
microcebus_murinus ENSMICG00000010035
prolemur_simus ENSPSMG00000000084
otolemur_garnettii ENSOGAG00000007636
pan_troglodytes ENSPTRG00000007471
pan_paniscus ENSPPAG00000042705
gorilla_gorilla ENSGGOG00000001633
homo_sapiens ENSG00000176463
pongo_abelii ENSPPYG00000006795
piliocolobus_tephrosceles ENSPTEG00000035961
colobus_angolensis_palliatus ENSCANG00000037702
rhinopithecus_roxellana ENSRROG00000043751
rhinopithecus_bieti ENSRBIG00000035371
cercocebus_atys ENSCATG00000037751
mandrillus_leucophaeus ENSMLEG00000037968
macaca_fascicularis ENSMFAG00000034393
macaca_mulatta ENSMMUG00000001740
macaca_nemestrina ENSMNEG00000034162
papio_anubis ENSPANG00000025596
theropithecus_gelada ENSTGEG00000009937
saimiri_boliviensis_boliviensis ENSSBOG00000031641
cebus_capucinus ENSCCAG00000033566
callithrix_jacchus ENSCJAG00000020426
aotus_nancymaae ENSANAG00000033843
carlito_syrichta ENSTSYG00000002419
mesocricetus_auratus ENSMAUG00000016730
peromyscus_maniculatus_bairdii ENSPEMG00000019635
cricetulus_griseus_chok1gshd ENSCGRG00001017955
cricetulus_griseus_crigri-picr ENSCGRG00015021898
microtus_ochrogaster ENSMOCG00000017386
mus_spretus_strain_spret/eij MGP_SPRETEiJ_G0030965
mus_spicilegus ENSMSIG00000026230
mus_musculus ENSMUSG00000025790
mus_caroli_strain_caroli_eij MGP_CAROLIEiJ_G0029863
mus_pahari MGP_PahariEiJ_G0013085
rattus_norvegicus ENSRNOG00000032798
nannospalax_galili ENSNGAG00000010733
jaculus_jaculus ENSJJAG00000014694
dipodomys_ordii ENSDORG00000026662
heterocephalus_glaber_female ENSHGLG00000004875
heterocephalus_glaber_male ENSHGLG00100010044
fukomys_damarensis ENSFDAG00000001023
cavia_aperea ENSCAPG00000008156
cavia_porcellus ENSCPOG00000010758
octodon_degus ENSODEG00000014776
chinchilla_lanigera ENSCLAG00000012887
oryctolagus_cuniculus ENSOCUG00000012038
ochotona_princeps ENSOPRG00000014275
ictidomys_tridecemlineatus ENSSTOG00000012990
cricetulus_griseus_crigri ENSCGRG00000017692
marmota_marmota_marmota ENSMMMG00000020727
castor_canadensis ENSCCNG00000020758
procavia_capensis ENSPCAG00000009685
ornithorhynchus_anatinus ENSOANG00000020373
pelodiscus_sinensis ENSPSIG00000012076
ailuropoda_melanoleuca ENSAMEG00000019652
sorex_araneus ENSSARG00000009075
vicugna_pacos ENSVPAG00000010605
sarcophilus_harrisii ENSSHAG00000005060
ornithorhynchus_anatinus ENSOANG00000009838
chlorocebus_sabaeus ENSCSAG00000017018
meriones_unguiculatus ENSMUGG00000018636
ailuropoda_melanoleuca ENSAMEG00000005664
ursus_maritimus ENSUMAG00000000435
myotis_lucifugus ENSMLUG00000008340
ovis_aries ENSOARG00000010528
bos_mutus ENSBMUG00000024032
capra_hircus ENSCHIG00000024715
panthera_tigris_altaica ENSPTIG00000016559
tupaia_belangeri ENSTBEG00000015166
nomascus_leucogenys ENSNLEG00000033581
sphenodon_punctatus ENSSPUG00000011382
gopherus_agassizii ENSGAGG00000024268
chelonoidis_abingdonii ENSCABG00000020356
chrysemys_picta_bellii ENSCPBG00000018032
pelodiscus_sinensis ENSPSIG00000014911
apteryx_haastii ENSAHAG00000004812
apteryx_rowi ENSARWG00000002377
apteryx_owenii ENSAOWG00000002381
dromaius_novaehollandiae ENSDNVG00000005958
nothoprocta_perdicaria ENSNPEG00000007411
calidris_pygmaea ENSCPGG00000012582
calidris_pugnax ENSCPUG00000018756
melopsittacus_undulatus ENSMUNG00000004520
manacus_vitellinus ENSMVIG00005013286
lepidothrix_coronata ENSLCOG00000014828
taeniopygia_guttata ENSTGUG00000008476
lonchura_striata_domestica ENSLSDG00000008146
junco_hyemalis ENSJHYG00000010709
zonotrichia_albicollis ENSZALG00000001651
serinus_canaria ENSSCAG00000006327
ficedula_albicollis ENSFALG00000010386
cyanistes_caeruleus ENSCCEG00000011481
parus_major ENSPMJG00000002360
gallus_gallus ENSGALG00000006871
coturnix_japonica ENSCJPG00005020405
meleagris_gallopavo ENSMGAG00000008934
numida_meleagris ENSNMEG00000023070
anas_platyrhynchos_platyrhynchos ENSAPLG00000012595
anser_brachyrhynchus ENSABRG00000021850
crocodylus_porosus ENSCPRG00005017140
anolis_carolinensis ENSACAG00000000084
pogona_vitticeps ENSPVIG00000024148
notechis_scutatus ENSNSUG00000002833
salvator_merianae ENSSMRG00000021608
xenopus_tropicalis ENSXETG00000007633
latimeria_chalumnae ENSLACG00000009037
poecilia_formosa ENSPFOG00000006866
poecilia_mexicana ENSPMEG00000019882
poecilia_latipinna ENSPLAG00000014376
poecilia_reticulata ENSPREG00000006530
xiphophorus_maculatus ENSXMAG00000002787
xiphophorus_couchianus ENSXCOG00000020251
gambusia_affinis ENSGAFG00000001817
cyprinodon_variegatus ENSCVAG00000002373
fundulus_heteroclitus ENSFHEG00000002157
kryptolebias_marmoratus ENSKMAG00000015955
oryzias_latipes ENSORLG00020004257
oryzias_latipes ENSORLG00000008355
oryzias_latipes_asm223469v1 ENSORLG00015017789
oryzias_melastigma ENSOMEG00000005704
astatotilapia_calliptera ENSACLG00000021251
maylandia_zebra ENSMZEG00005021357
pundamilia_nyererei ENSPNYG00000010413
haplochromis_burtoni ENSHBUG00000018164
neolamprologus_brichardi ENSNBRG00000020539
oreochromis_niloticus ENSONIG00000015148
amphilophus_citrinellus ENSACIG00000023585
monopterus_albus ENSMALG00000007653
mola_mola ENSMMOG00000008096
hippocampus_comes ENSHCOG00000012097
periophthalmus_magnuspinnatus ENSPMGG00000009934
gasterosteus_aculeatus ENSGACG00000010749
labrus_bergylta ENSLBEG00000011085
anabas_testudineus ENSATEG00000005441
cynoglossus_semilaevis ENSCSEG00000003666
amphiprion_ocellaris ENSAOCG00000023336
amphiprion_percula ENSAPEG00000016887
acanthochromis_polyacanthus ENSAPOG00000008676
stegastes_partitus ENSSPAG00000016368
takifugu_rubripes ENSTRUG00000008048
tetraodon_nigroviridis ENSTNIG00000012694
seriola_lalandi_dorsalis ENSSLDG00000001038
seriola_dumerili ENSSDUG00000011820
scophthalmus_maximus ENSSMAG00000001670
mastacembelus_armatus ENSMAMG00000009001
gadus_morhua ENSGMOG00000013029
tetraodon_nigroviridis ENSTNIG00000002334
esox_lucius ENSELUG00000018069
astyanax_mexicanus ENSAMXG00000007411
pygocentrus_nattereri ENSPNAG00000016517
ictalurus_punctatus ENSIPUG00000000508
danio_rerio ENSDARG00000018726
gasterosteus_aculeatus ENSGACG00000014835
labrus_bergylta ENSLBEG00000009874
takifugu_rubripes ENSTRUG00000007682
mola_mola ENSMMOG00000015726
scophthalmus_maximus ENSSMAG00000011574
cynoglossus_semilaevis ENSCSEG00000008478
mastacembelus_armatus ENSMAMG00000008190
monopterus_albus ENSMALG00000000604
anabas_testudineus ENSATEG00000006701
seriola_dumerili ENSSDUG00000010204
seriola_lalandi_dorsalis ENSSLDG00000014970
amphiprion_ocellaris ENSAOCG00000023034
amphiprion_percula ENSAPEG00000000992
acanthochromis_polyacanthus ENSAPOG00000020206
stegastes_partitus ENSSPAG00000011439
maylandia_zebra ENSMZEG00005004815
astatotilapia_calliptera ENSACLG00000020668
pundamilia_nyererei ENSPNYG00000007480
haplochromis_burtoni ENSHBUG00000000580
neolamprologus_brichardi ENSNBRG00000005531
oreochromis_niloticus ENSONIG00000003064
amphilophus_citrinellus ENSACIG00000007578
fundulus_heteroclitus ENSFHEG00000001421
cyprinodon_variegatus ENSCVAG00000022977
xiphophorus_maculatus ENSXMAG00000011782
xiphophorus_couchianus ENSXCOG00000018023
gambusia_affinis ENSGAFG00000000636
poecilia_formosa ENSPFOG00000018084
poecilia_mexicana ENSPMEG00000021324
poecilia_latipinna ENSPLAG00000023059
poecilia_reticulata ENSPREG00000004021
kryptolebias_marmoratus ENSKMAG00000001427
oryzias_latipes_asm223469v1 ENSORLG00015015747
oryzias_latipes ENSORLG00020018068
oryzias_latipes ENSORLG00000014898
oryzias_melastigma ENSOMEG00000019098
tetraodon_nigroviridis ENSTNIG00000005824
periophthalmus_magnuspinnatus ENSPMGG00000023220
hippocampus_comes ENSHCOG00000005517
gadus_morhua ENSGMOG00000000886
esox_lucius ENSELUG00000000685
paramormyrops_kingsleyae ENSPKIG00000000419
scleropages_formosus ENSSFOG00015023771
scleropages_formosus ENSSFOG00015019746
paramormyrops_kingsleyae ENSPKIG00000013050
danio_rerio ENSDARG00000068296
lepisosteus_oculatus ENSLOCG00000014374
latimeria_chalumnae ENSLACG00000010005
lepisosteus_oculatus ENSLOCG00000009080
eptatretus_burgeri ENSEBUG00000008241
ornithorhynchus_anatinus ENSOANG00000021242
caenorhabditis_elegans_strain_n2 WBGene00018566
caenorhabditis_elegans_strain_n2 WBGene00018568
caenorhabditis_elegans_strain_n2 WBGene00012531
caenorhabditis_elegans_strain_n2 WBGene00009023
drosophila_melanogaster FBgn0050277
drosophila_melanogaster FBgn0034715
drosophila_melanogaster FBgn0034716
drosophila_melanogaster FBgn0032433
drosophila_melanogaster FBgn0036732
petromyzon_marinus ENSPMAG00000008829
petromyzon_marinus ENSPMAG00000000402
eptatretus_burgeri ENSEBUG00000009861
petromyzon_marinus ENSPMAG00000000200
cynoglossus_semilaevis ENSCSEG00000013566
cynoglossus_semilaevis ENSCSEG00000013572
scleropages_formosus ENSSFOG00015013948
scleropages_formosus ENSSFOG00015013974
poecilia_formosa ENSPFOG00000000527
poecilia_mexicana ENSPMEG00000007358
xiphophorus_maculatus ENSXMAG00000003649
kryptolebias_marmoratus ENSKMAG00000000452
fundulus_heteroclitus ENSFHEG00000004668
maylandia_zebra ENSMZEG00005007613
astatotilapia_calliptera ENSACLG00000026279
amphiprion_percula ENSAPEG00000002971
amphiprion_ocellaris ENSAOCG00000005502
acanthochromis_polyacanthus ENSAPOG00000007508
haplochromis_burtoni ENSHBUG00000007326
oreochromis_niloticus ENSONIG00000017719
neolamprologus_brichardi ENSNBRG00000019869
amphilophus_citrinellus ENSACIG00000019072
stegastes_partitus ENSSPAG00000009219
scophthalmus_maximus ENSSMAG00000006264
anabas_testudineus ENSATEG00000013869
takifugu_rubripes ENSTRUG00000002518
periophthalmus_magnuspinnatus ENSPMGG00000016525
labrus_bergylta ENSLBEG00000022085
tetraodon_nigroviridis ENSTNIG00000007996
cyprinodon_variegatus ENSCVAG00000010653
gambusia_affinis ENSGAFG00000018604
xiphophorus_couchianus ENSXCOG00000019965
poecilia_latipinna ENSPLAG00000009200
pundamilia_nyererei ENSPNYG00000024248
mola_mola ENSMMOG00000011300
oryzias_latipes ENSORLG00020020551
oryzias_latipes_asm223469v1 ENSORLG00015020108
oryzias_latipes ENSORLG00000006222
oryzias_melastigma ENSOMEG00000008133
cynoglossus_semilaevis ENSCSEG00000021509
hippocampus_comes ENSHCOG00000011446
seriola_lalandi_dorsalis ENSSLDG00000000647
seriola_dumerili ENSSDUG00000005585
mastacembelus_armatus ENSMAMG00000014283
monopterus_albus ENSMALG00000012663
anabas_testudineus ENSATEG00000013117
poecilia_reticulata ENSPREG00000020386
labrus_bergylta ENSLBEG00000022058
gadus_morhua ENSGMOG00000004159
esox_lucius ENSELUG00000009453
astyanax_mexicanus ENSAMXG00000019797
pygocentrus_nattereri ENSPNAG00000020001
ictalurus_punctatus ENSIPUG00000014191
periophthalmus_magnuspinnatus ENSPMGG00000009737
periophthalmus_magnuspinnatus ENSPMGG00000009740
poecilia_reticulata ENSPREG00000020395
esox_lucius ENSELUG00000007623
lepisosteus_oculatus ENSLOCG00000004156
poecilia_formosa ENSPFOG00000011620
poecilia_latipinna ENSPLAG00000000880
poecilia_mexicana ENSPMEG00000022712
poecilia_reticulata ENSPREG00000018286
gambusia_affinis ENSGAFG00000007801
xiphophorus_maculatus ENSXMAG00000010224
fundulus_heteroclitus ENSFHEG00000000448
cyprinodon_variegatus ENSCVAG00000001119
monopterus_albus ENSMALG00000001087
mastacembelus_armatus ENSMAMG00000023068
tetraodon_nigroviridis ENSTNIG00000004255
takifugu_rubripes ENSTRUG00000011533
mola_mola ENSMMOG00000003481
oryzias_latipes_asm223469v1 ENSORLG00015016095
oryzias_latipes ENSORLG00000008114
oryzias_latipes ENSORLG00020000682
oryzias_melastigma ENSOMEG00000009545
scophthalmus_maximus ENSSMAG00000016018
gasterosteus_aculeatus ENSGACG00000002831
amphiprion_ocellaris ENSAOCG00000012866
amphiprion_percula ENSAPEG00000021541
acanthochromis_polyacanthus ENSAPOG00000012986
stegastes_partitus ENSSPAG00000016708
pundamilia_nyererei ENSPNYG00000002002
haplochromis_burtoni ENSHBUG00000019606
astatotilapia_calliptera ENSACLG00000025429
maylandia_zebra ENSMZEG00005021600
neolamprologus_brichardi ENSNBRG00000023658
oreochromis_niloticus ENSONIG00000014242
amphilophus_citrinellus ENSACIG00000022682
kryptolebias_marmoratus ENSKMAG00000007469
xiphophorus_couchianus ENSXCOG00000009401
seriola_lalandi_dorsalis ENSSLDG00000006480
seriola_dumerili ENSSDUG00000013384
anabas_testudineus ENSATEG00000012621
labrus_bergylta ENSLBEG00000015466
hippocampus_comes ENSHCOG00000008132
gadus_morhua ENSGMOG00000016623
pygocentrus_nattereri ENSPNAG00000019460
astyanax_mexicanus ENSAMXG00000002099
ictalurus_punctatus ENSIPUG00000012436
danio_rerio ENSDARG00000071685
paramormyrops_kingsleyae ENSPKIG00000007199
notamacropus_eugenii ENSMEUG00000015414
phascolarctos_cinereus ENSPCIG00000021136
sarcophilus_harrisii ENSSHAG00000016247
monodelphis_domestica ENSMODG00000007415
pteropus_vampyrus ENSPVAG00000012841
myotis_lucifugus ENSMLUG00000011238
erinaceus_europaeus ENSEEUG00000002297
mus_spretus_strain_spret/eij MGP_SPRETEiJ_G0014756
mus_spicilegus ENSMSIG00000031047
mus_musculus ENSMUSG00000025938
mus_caroli_strain_caroli_eij MGP_CAROLIEiJ_G0013952
mus_pahari MGP_PahariEiJ_G0023867
rattus_norvegicus ENSRNOG00000008966
meriones_unguiculatus ENSMUGG00000020698
cricetulus_griseus_chok1gshd ENSCGRG00001020493
cricetulus_griseus_crigri ENSCGRG00000010742
cricetulus_griseus_crigri-picr ENSCGRG00015021051
mesocricetus_auratus ENSMAUG00000000380
microtus_ochrogaster ENSMOCG00000018313
peromyscus_maniculatus_bairdii ENSPEMG00000015280
nannospalax_galili ENSNGAG00000012393
jaculus_jaculus ENSJJAG00000017844
urocitellus_parryii ENSUPAG00010010676
spermophilus_dauricus ENSSDAG00000001336
ictidomys_tridecemlineatus ENSSTOG00000002338
marmota_marmota_marmota ENSMMMG00000003820
heterocephalus_glaber_male ENSHGLG00100015761
heterocephalus_glaber_female ENSHGLG00000007007
fukomys_damarensis ENSFDAG00000008840
octodon_degus ENSODEG00000005815
chinchilla_lanigera ENSCLAG00000001974
cavia_aperea ENSCAPG00000010239
cavia_porcellus ENSCPOG00000032623
dipodomys_ordii ENSDORG00000013262
oryctolagus_cuniculus ENSOCUG00000003263
ochotona_princeps ENSOPRG00000006907
pan_paniscus ENSPPAG00000011123
pan_troglodytes ENSPTRG00000020330
homo_sapiens ENSG00000137571
gorilla_gorilla ENSGGOG00000009225
pongo_abelii ENSPPYG00000018656
nomascus_leucogenys ENSNLEG00000011288
rhinopithecus_roxellana ENSRROG00000011033
rhinopithecus_bieti ENSRBIG00000032319
piliocolobus_tephrosceles ENSPTEG00000009582
colobus_angolensis_palliatus ENSCANG00000032605
theropithecus_gelada ENSTGEG00000021593
mandrillus_leucophaeus ENSMLEG00000036819
papio_anubis ENSPANG00000021039
cercocebus_atys ENSCATG00000006742
macaca_mulatta ENSMMUG00000008783
macaca_fascicularis ENSMFAG00000037298
macaca_nemestrina ENSMNEG00000033659
chlorocebus_sabaeus ENSCSAG00000013880
cebus_capucinus ENSCCAG00000038101
saimiri_boliviensis_boliviensis ENSSBOG00000026310
callithrix_jacchus ENSCJAG00000005106
aotus_nancymaae ENSANAG00000037165
carlito_syrichta ENSTSYG00000004415
prolemur_simus ENSPSMG00000013961
propithecus_coquereli ENSPCOG00000023357
microcebus_murinus ENSMICG00000010526
otolemur_garnettii ENSOGAG00000005019
tupaia_belangeri ENSTBEG00000010933
castor_canadensis ENSCCNG00000011898
cricetulus_griseus_crigri ENSCGRG00000000979
ursus_americanus ENSUAMG00000027025
loxodonta_africana ENSLAFG00000015419
sus_scrofa ENSSSCG00000006196
sorex_araneus ENSSARG00000001315
equus_caballus ENSECAG00000016284
equus_asinus_asinus ENSEASG00005001083
bos_mutus ENSBMUG00000025859
bos_taurus ENSBTAG00000032881
bison_bison_bison ENSBBBG00000007505
capra_hircus ENSCHIG00000022073
ovis_aries ENSOARG00000003495
tursiops_truncatus ENSTTRG00000011338
vicugna_pacos ENSVPAG00000010889
ailuropoda_melanoleuca ENSAMEG00000006207
ursus_maritimus ENSUMAG00000018669
mustela_putorius_furo ENSMPUG00000010631
neovison_vison ENSNVIG00000017030
canis_lupus_familiaris ENSCAFG00000007686
canis_lupus_dingo ENSCAFG00020017579
vulpes_vulpes ENSVVUG00000018889
panthera_pardus ENSPPRG00000008540
panthera_tigris_altaica ENSPTIG00000006092
felis_catus ENSFCAG00000024571
procavia_capensis ENSPCAG00000000579
echinops_telfairi ENSETEG00000011751
choloepus_hoffmanni ENSCHOG00000013800
dasypus_novemcinctus ENSDNOG00000037230
loxodonta_africana ENSLAFG00000027827
ornithorhynchus_anatinus ENSOANG00000029625
pogona_vitticeps ENSPVIG00000006743
anolis_carolinensis ENSACAG00000015198
notechis_scutatus ENSNSUG00000015020
salvator_merianae ENSSMRG00000011476
sphenodon_punctatus ENSSPUG00000003517
gopherus_agassizii ENSGAGG00000014042
chelonoidis_abingdonii ENSCABG00000012541
chrysemys_picta_bellii ENSCPBG00000006798
pelodiscus_sinensis ENSPSIG00000017847
dromaius_novaehollandiae ENSDNVG00000009775
apteryx_haastii ENSAHAG00000008102
anas_platyrhynchos_platyrhynchos ENSAPLG00000004488
anser_brachyrhynchus ENSABRG00000006992
gallus_gallus ENSGALG00000048280
gallus_gallus ENSGALG00000029842
meleagris_gallopavo ENSMGAG00000011409
coturnix_japonica ENSCJPG00005011688
numida_meleagris ENSNMEG00000017406
junco_hyemalis ENSJHYG00000016681
zonotrichia_albicollis ENSZALG00000008768
ficedula_albicollis ENSFALG00000005212
cyanistes_caeruleus ENSCCEG00000010143
parus_major ENSPMJG00000005078
taeniopygia_guttata ENSTGUG00000011450
lonchura_striata_domestica ENSLSDG00000014080
serinus_canaria ENSSCAG00000001785
manacus_vitellinus ENSMVIG00005016037
lepidothrix_coronata ENSLCOG00000004127
calidris_pygmaea ENSCPGG00000000362
calidris_pugnax ENSCPUG00000010220
apteryx_owenii ENSAOWG00000009939
apteryx_rowi ENSARWG00000008276
nothoprocta_perdicaria ENSNPEG00000014034
melopsittacus_undulatus ENSMUNG00000005697
crocodylus_porosus ENSCPRG00005018295
xenopus_tropicalis ENSXETG00000015232
latimeria_chalumnae ENSLACG00000016438
petromyzon_marinus ENSPMAG00000006985
eptatretus_burgeri ENSEBUG00000000739
ciona_intestinalis ENSCING00000001637
ciona_savignyi ENSCSAVG00000007859
drosophila_melanogaster FBgn0032123
