seriola_lalandi_dorsalis ENSSLDG00000022309
seriola_lalandi_dorsalis ENSSLDG00000008977
seriola_dumerili ENSSDUG00000005617
scophthalmus_maximus ENSSMAG00000014053
anabas_testudineus ENSATEG00000012941
monopterus_albus ENSMALG00000004781
mastacembelus_armatus ENSMAMG00000011109
cynoglossus_semilaevis ENSCSEG00000008188
periophthalmus_magnuspinnatus ENSPMGG00000008148
labrus_bergylta ENSLBEG00000026461
takifugu_rubripes ENSTRUG00000011761
xiphophorus_couchianus ENSXCOG00000012633
xiphophorus_maculatus ENSXMAG00000023012
gambusia_affinis ENSGAFG00000012089
poecilia_formosa ENSPFOG00000024064
poecilia_mexicana ENSPMEG00000013776
poecilia_latipinna ENSPLAG00000004566
poecilia_reticulata ENSPREG00000022919
fundulus_heteroclitus ENSFHEG00000016515
kryptolebias_marmoratus ENSKMAG00000021377
oryzias_latipes ENSORLG00000006854
oryzias_latipes ENSORLG00020002804
oryzias_latipes_asm223469v1 ENSORLG00015004884
oryzias_melastigma ENSOMEG00000013732
oreochromis_niloticus ENSONIG00000005976
amphilophus_citrinellus ENSACIG00000019624
amphiprion_percula ENSAPEG00000010941
amphiprion_ocellaris ENSAOCG00000012023
acanthochromis_polyacanthus ENSAPOG00000017041
stegastes_partitus ENSSPAG00000015755
hippocampus_comes ENSHCOG00000007004
gadus_morhua ENSGMOG00000019139
esox_lucius ENSELUG00000013934
astyanax_mexicanus ENSAMXG00000020350
pygocentrus_nattereri ENSPNAG00000009702
ictalurus_punctatus ENSIPUG00000021714
danio_rerio ENSDARG00000057504
paramormyrops_kingsleyae ENSPKIG00000010248
