pogona_vitticeps ENSPVIG00000015648
anolis_carolinensis ENSACAG00000017764
notechis_scutatus ENSNSUG00000013847
salvator_merianae ENSSMRG00000002255
sphenodon_punctatus ENSSPUG00000010213
chelonoidis_abingdonii ENSCABG00000010540
gopherus_agassizii ENSGAGG00000000401
chrysemys_picta_bellii ENSCPBG00000025010
pelodiscus_sinensis ENSPSIG00000018001
calidris_pygmaea ENSCPGG00000018229
calidris_pugnax ENSCPUG00000016309
lepidothrix_coronata ENSLCOG00000001032
manacus_vitellinus ENSMVIG00005008312
junco_hyemalis ENSJHYG00000002097
ficedula_albicollis ENSFALG00000000374
parus_major ENSPMJG00000018000
lonchura_striata_domestica ENSLSDG00000016649
anser_brachyrhynchus ENSABRG00000001217
apteryx_owenii ENSAOWG00000011319
apteryx_haastii ENSAHAG00000011313
apteryx_rowi ENSARWG00000010615
dromaius_novaehollandiae ENSDNVG00000008104
nothoprocta_perdicaria ENSNPEG00000009726
taeniopygia_guttata ENSTGUG00000001037
serinus_canaria ENSSCAG00000007133
zonotrichia_albicollis ENSZALG00000012175
cyanistes_caeruleus ENSCCEG00000016769
melopsittacus_undulatus ENSMUNG00000010033
anas_platyrhynchos_platyrhynchos ENSAPLG00000016571
crocodylus_porosus ENSCPRG00005004195
gallus_gallus ENSGALG00000036022
coturnix_japonica ENSCJPG00005015465
meleagris_gallopavo ENSMGAG00000009456
numida_meleagris ENSNMEG00000003584
pteropus_vampyrus ENSPVAG00000017267
myotis_lucifugus ENSMLUG00000010158
vicugna_pacos ENSVPAG00000008073
tursiops_truncatus ENSTTRG00000005678
sus_scrofa ENSSSCG00000003557
bos_mutus ENSBMUG00000004584
bos_taurus ENSBTAG00000048256
bos_taurus ENSBTAG00000048376
bison_bison_bison ENSBBBG00000005160
ovis_aries ENSOARG00000003913
capra_hircus ENSCHIG00000026545
bos_mutus ENSBMUG00000016448
bos_taurus ENSBTAG00000040497
bison_bison_bison ENSBBBG00000014058
capra_hircus ENSCHIG00000020597
ovis_aries ENSOARG00000004614
myotis_lucifugus ENSMLUG00000004699
sorex_araneus ENSSARG00000013135
ursus_maritimus ENSUMAG00000012579
ursus_americanus ENSUAMG00000006984
ailuropoda_melanoleuca ENSAMEG00000010582
canis_lupus_dingo ENSCAFG00020021405
canis_lupus_familiaris ENSCAFG00000012488
vulpes_vulpes ENSVVUG00000011926
vulpes_vulpes ENSVVUG00000010329
panthera_pardus ENSPPRG00000009198
felis_catus ENSFCAG00000012810
heterocephalus_glaber_female ENSHGLG00000008794
heterocephalus_glaber_female ENSHGLG00000001037
heterocephalus_glaber_male ENSHGLG00100005396
cavia_porcellus ENSCPOG00000019646
aotus_nancymaae ENSANAG00000029599
marmota_marmota_marmota ENSMMMG00000014050
equus_caballus ENSECAG00000020267
equus_asinus_asinus ENSEASG00005003947
erinaceus_europaeus ENSEEUG00000012085
neovison_vison ENSNVIG00000023660
mustela_putorius_furo ENSMPUG00000015724
panthera_tigris_altaica ENSPTIG00000015007
jaculus_jaculus ENSJJAG00000000679
dipodomys_ordii ENSDORG00000005491
dasypus_novemcinctus ENSDNOG00000010710
choloepus_hoffmanni ENSCHOG00000002073
microcebus_murinus ENSMICG00000035023
microcebus_murinus ENSMICG00000035289
propithecus_coquereli ENSPCOG00000026551
prolemur_simus ENSPSMG00000011746
otolemur_garnettii ENSOGAG00000003971
nomascus_leucogenys ENSNLEG00000028132
pongo_abelii ENSPPYG00000001684
macaca_nemestrina ENSMNEG00000035868
macaca_mulatta ENSMMUG00000044953
macaca_fascicularis ENSMFAG00000037808
cercocebus_atys ENSCATG00000020825
mandrillus_leucophaeus ENSMLEG00000011746
papio_anubis ENSPANG00000009841
theropithecus_gelada ENSTGEG00000007168
chlorocebus_sabaeus ENSCSAG00000000975
rhinopithecus_roxellana ENSRROG00000013874
rhinopithecus_bieti ENSRBIG00000032004
colobus_angolensis_palliatus ENSCANG00000029848
piliocolobus_tephrosceles ENSPTEG00000018393
pan_troglodytes ENSPTRG00000000384
pan_paniscus ENSPPAG00000037906
homo_sapiens ENSG00000131914
gorilla_gorilla ENSGGOG00000040223
callithrix_jacchus ENSCJAG00000009796
pan_troglodytes ENSPTRG00000048365
pan_paniscus ENSPPAG00000034357
nomascus_leucogenys ENSNLEG00000030778
piliocolobus_tephrosceles ENSPTEG00000001279
nomascus_leucogenys ENSNLEG00000030680
callithrix_jacchus ENSCJAG00000022770
saimiri_boliviensis_boliviensis ENSSBOG00000033280
callithrix_jacchus ENSCJAG00000021979
saimiri_boliviensis_boliviensis ENSSBOG00000031930
cebus_capucinus ENSCCAG00000037041
cebus_capucinus ENSCCAG00000010683
aotus_nancymaae ENSANAG00000022867
pan_troglodytes ENSPTRG00000049314
pan_paniscus ENSPPAG00000012576
gorilla_gorilla ENSGGOG00000023305
nomascus_leucogenys ENSNLEG00000027494
rhinopithecus_bieti ENSRBIG00000011346
rhinopithecus_roxellana ENSRROG00000032651
colobus_angolensis_palliatus ENSCANG00000039698
macaca_nemestrina ENSMNEG00000036734
macaca_fascicularis ENSMFAG00000032023
cercocebus_atys ENSCATG00000032907
mandrillus_leucophaeus ENSMLEG00000009801
cebus_capucinus ENSCCAG00000012963
aotus_nancymaae ENSANAG00000021009
castor_canadensis ENSCCNG00000023344
dipodomys_ordii ENSDORG00000027432
cricetulus_griseus_chok1gshd ENSCGRG00001017186
cricetulus_griseus_crigri-picr ENSCGRG00015017402
cricetulus_griseus_crigri ENSCGRG00000011390
mus_spretus_strain_spret/eij MGP_SPRETEiJ_G0027583
mus_spicilegus ENSMSIG00000001471
mus_musculus ENSMUSG00000050966
cavia_porcellus ENSCPOG00000024027
octodon_degus ENSODEG00000019263
heterocephalus_glaber_male ENSHGLG00100017589
heterocephalus_glaber_female ENSHGLG00000013109
heterocephalus_glaber_female ENSHGLG00000014608
microtus_ochrogaster ENSMOCG00000007819
peromyscus_maniculatus_bairdii ENSPEMG00000012419
mesocricetus_auratus ENSMAUG00000018852
meriones_unguiculatus ENSMUGG00000020113
fukomys_damarensis ENSFDAG00000015707
chinchilla_lanigera ENSCLAG00000013508
octodon_degus ENSODEG00000004283
ictidomys_tridecemlineatus ENSSTOG00000004329
spermophilus_dauricus ENSSDAG00000019131
ictidomys_tridecemlineatus ENSSTOG00000022629
heterocephalus_glaber_male ENSHGLG00100006225
heterocephalus_glaber_female ENSHGLG00000019546
mus_caroli_strain_caroli_eij MGP_CAROLIEiJ_G0026603
nannospalax_galili ENSNGAG00000018842
rattus_norvegicus ENSRNOG00000060320
castor_canadensis ENSCCNG00000011834
octodon_degus ENSODEG00000016070
oryctolagus_cuniculus ENSOCUG00000022420
propithecus_coquereli ENSPCOG00000019441
propithecus_coquereli ENSPCOG00000016166
microcebus_murinus ENSMICG00000013694
microcebus_murinus ENSMICG00000034716
oryctolagus_cuniculus ENSOCUG00000027473
oryctolagus_cuniculus ENSOCUG00000000299
oryctolagus_cuniculus ENSOCUG00000027786
oryctolagus_cuniculus ENSOCUG00000011640
ochotona_princeps ENSOPRG00000001591
mus_pahari MGP_PahariEiJ_G0028936
jaculus_jaculus ENSJJAG00000018806
carlito_syrichta ENSTSYG00000027067
callithrix_jacchus ENSCJAG00000046922
aotus_nancymaae ENSANAG00000038124
saimiri_boliviensis_boliviensis ENSSBOG00000005545
ailuropoda_melanoleuca ENSAMEG00000019027
vulpes_vulpes ENSVVUG00000013087
sus_scrofa ENSSSCG00000039497
sus_scrofa ENSSSCG00000039310
loxodonta_africana ENSLAFG00000017525
procavia_capensis ENSPCAG00000013674
dasypus_novemcinctus ENSDNOG00000031694
notamacropus_eugenii ENSMEUG00000008743
phascolarctos_cinereus ENSPCIG00000012691
monodelphis_domestica ENSMODG00000014236
latimeria_chalumnae ENSLACG00000002747
scophthalmus_maximus ENSSMAG00000005221
cynoglossus_semilaevis ENSCSEG00000019091
takifugu_rubripes ENSTRUG00000006069
tetraodon_nigroviridis ENSTNIG00000005334
mola_mola ENSMMOG00000002137
labrus_bergylta ENSLBEG00000027533
gasterosteus_aculeatus ENSGACG00000013893
monopterus_albus ENSMALG00000012505
mastacembelus_armatus ENSMAMG00000007271
anabas_testudineus ENSATEG00000010132
seriola_dumerili ENSSDUG00000009722
seriola_lalandi_dorsalis ENSSLDG00000003150
fundulus_heteroclitus ENSFHEG00000001038
cyprinodon_variegatus ENSCVAG00000017320
poecilia_formosa ENSPFOG00000014054
poecilia_latipinna ENSPLAG00000020857
poecilia_mexicana ENSPMEG00000013212
poecilia_reticulata ENSPREG00000005259
xiphophorus_couchianus ENSXCOG00000000815
xiphophorus_maculatus ENSXMAG00000014593
gambusia_affinis ENSGAFG00000008380
kryptolebias_marmoratus ENSKMAG00000013435
oryzias_latipes ENSORLG00020019710
oryzias_latipes ENSORLG00000028106
oryzias_latipes_asm223469v1 ENSORLG00015004663
oryzias_melastigma ENSOMEG00000018521
oryzias_melastigma ENSOMEG00000021405
pundamilia_nyererei ENSPNYG00000014005
astatotilapia_calliptera ENSACLG00000027769
maylandia_zebra ENSMZEG00005006914
haplochromis_burtoni ENSHBUG00000009265
neolamprologus_brichardi ENSNBRG00000009446
oreochromis_niloticus ENSONIG00000016204
amphilophus_citrinellus ENSACIG00000017279
amphiprion_percula ENSAPEG00000006197
amphiprion_ocellaris ENSAOCG00000021583
acanthochromis_polyacanthus ENSAPOG00000024256
stegastes_partitus ENSSPAG00000012590
periophthalmus_magnuspinnatus ENSPMGG00000004200
gadus_morhua ENSGMOG00000015660
esox_lucius ENSELUG00000018033
hippocampus_comes ENSHCOG00000006614
pygocentrus_nattereri ENSPNAG00000015739
astyanax_mexicanus ENSAMXG00000042088
ictalurus_punctatus ENSIPUG00000014952
danio_rerio ENSDARG00000004328
paramormyrops_kingsleyae ENSPKIG00000004532
scleropages_formosus ENSSFOG00015006164
pygocentrus_nattereri ENSPNAG00000019008
astyanax_mexicanus ENSAMXG00000038508
ictalurus_punctatus ENSIPUG00000011583
danio_rerio ENSDARG00000016999
tetraodon_nigroviridis ENSTNIG00000009802
takifugu_rubripes ENSTRUG00000009454
gasterosteus_aculeatus ENSGACG00000007826
mola_mola ENSMMOG00000014314
labrus_bergylta ENSLBEG00000018630
labrus_bergylta ENSLBEG00000000893
mastacembelus_armatus ENSMAMG00000002030
monopterus_albus ENSMALG00000004941
anabas_testudineus ENSATEG00000008862
seriola_lalandi_dorsalis ENSSLDG00000020568
seriola_dumerili ENSSDUG00000011644
scophthalmus_maximus ENSSMAG00000020241
amphiprion_ocellaris ENSAOCG00000014049
amphiprion_percula ENSAPEG00000007421
acanthochromis_polyacanthus ENSAPOG00000014331
stegastes_partitus ENSSPAG00000018737
periophthalmus_magnuspinnatus ENSPMGG00000003595
gadus_morhua ENSGMOG00000015523
esox_lucius ENSELUG00000010131
lepisosteus_oculatus ENSLOCG00000003353
poecilia_latipinna ENSPLAG00000009101
poecilia_formosa ENSPFOG00000019352
poecilia_mexicana ENSPMEG00000015694
gambusia_affinis ENSGAFG00000013047
poecilia_reticulata ENSPREG00000006170
xiphophorus_maculatus ENSXMAG00000003450
xiphophorus_couchianus ENSXCOG00000004261
fundulus_heteroclitus ENSFHEG00000022590
cyprinodon_variegatus ENSCVAG00000001868
kryptolebias_marmoratus ENSKMAG00000016334
takifugu_rubripes ENSTRUG00000019692
tetraodon_nigroviridis ENSTNIG00000012302
mastacembelus_armatus ENSMAMG00000006635
anabas_testudineus ENSATEG00000014088
cynoglossus_semilaevis ENSCSEG00000000312
gasterosteus_aculeatus ENSGACG00000009428
mola_mola ENSMMOG00000014877
labrus_bergylta ENSLBEG00000019319
seriola_dumerili ENSSDUG00000000613
seriola_lalandi_dorsalis ENSSLDG00000001858
monopterus_albus ENSMALG00000000365
amphiprion_percula ENSAPEG00000021919
amphiprion_percula ENSAPEG00000021809
amphiprion_ocellaris ENSAOCG00000015180
acanthochromis_polyacanthus ENSAPOG00000014016
stegastes_partitus ENSSPAG00000009877
astatotilapia_calliptera ENSACLG00000021564
haplochromis_burtoni ENSHBUG00000014195
pundamilia_nyererei ENSPNYG00000022590
maylandia_zebra ENSMZEG00005018178
neolamprologus_brichardi ENSNBRG00000020118
oreochromis_niloticus ENSONIG00000014706
amphilophus_citrinellus ENSACIG00000009818
oryzias_latipes ENSORLG00020013527
oryzias_latipes_asm223469v1 ENSORLG00015008232
oryzias_latipes ENSORLG00000012891
oryzias_melastigma ENSOMEG00000006425
hippocampus_comes ENSHCOG00000010844
periophthalmus_magnuspinnatus ENSPMGG00000022825
gadus_morhua ENSGMOG00000010704
esox_lucius ENSELUG00000001315
astyanax_mexicanus ENSAMXG00000001888
pygocentrus_nattereri ENSPNAG00000002632
ictalurus_punctatus ENSIPUG00000013520
danio_rerio ENSDARG00000052511
pygocentrus_nattereri ENSPNAG00000016114
astyanax_mexicanus ENSAMXG00000001433
ictalurus_punctatus ENSIPUG00000014304
paramormyrops_kingsleyae ENSPKIG00000013309
scleropages_formosus ENSSFOG00015010561
gopherus_agassizii ENSGAGG00000004857
chelonoidis_abingdonii ENSCABG00000007359
chrysemys_picta_bellii ENSCPBG00000004104
pelodiscus_sinensis ENSPSIG00000002635
crocodylus_porosus ENSCPRG00005001009
pogona_vitticeps ENSPVIG00000000019
anolis_carolinensis ENSACAG00000003957
notechis_scutatus ENSNSUG00000017911
salvator_merianae ENSSMRG00000013336
apteryx_rowi ENSARWG00000010100
dromaius_novaehollandiae ENSDNVG00000014409
lepidothrix_coronata ENSLCOG00000011850
manacus_vitellinus ENSMVIG00005001087
taeniopygia_guttata ENSTGUG00000012225
lonchura_striata_domestica ENSLSDG00000005238
serinus_canaria ENSSCAG00000000914
junco_hyemalis ENSJHYG00000002736
zonotrichia_albicollis ENSZALG00000013435
parus_major ENSPMJG00000000304
calidris_pygmaea ENSCPGG00000003158
calidris_pugnax ENSCPUG00000009424
melopsittacus_undulatus ENSMUNG00000011375
anser_brachyrhynchus ENSABRG00000003182
anas_platyrhynchos_platyrhynchos ENSAPLG00000019549
gallus_gallus ENSGALG00000026761
meleagris_gallopavo ENSMGAG00000013531
coturnix_japonica ENSCJPG00005009457
numida_meleagris ENSNMEG00000008732
cyanistes_caeruleus ENSCCEG00000009806
ficedula_albicollis ENSFALG00000011574
apteryx_owenii ENSAOWG00000009005
apteryx_haastii ENSAHAG00000007246
nothoprocta_perdicaria ENSNPEG00000005809
sphenodon_punctatus ENSSPUG00000013225
sarcophilus_harrisii ENSSHAG00000012434
sarcophilus_harrisii ENSSHAG00000012716
phascolarctos_cinereus ENSPCIG00000019464
notamacropus_eugenii ENSMEUG00000003066
monodelphis_domestica ENSMODG00000018035
pteropus_vampyrus ENSPVAG00000008797
myotis_lucifugus ENSMLUG00000006883
sorex_araneus ENSSARG00000008374
erinaceus_europaeus ENSEEUG00000003632
tursiops_truncatus ENSTTRG00000014919
vicugna_pacos ENSVPAG00000011202
capra_hircus ENSCHIG00000011133
ovis_aries ENSOARG00000011404
bos_mutus ENSBMUG00000023040
bos_taurus ENSBTAG00000043973
bison_bison_bison ENSBBBG00000010534
sus_scrofa ENSSSCG00000037612
ursus_maritimus ENSUMAG00000020916
ursus_americanus ENSUAMG00000022834
ailuropoda_melanoleuca ENSAMEG00000011453
neovison_vison ENSNVIG00000003725
mustela_putorius_furo ENSMPUG00000009489
canis_lupus_familiaris ENSCAFG00000003598
canis_lupus_dingo ENSCAFG00020017606
vulpes_vulpes ENSVVUG00000003739
panthera_tigris_altaica ENSPTIG00000009405
panthera_pardus ENSPPRG00000016158
felis_catus ENSFCAG00000044308
equus_caballus ENSECAG00000020994
equus_asinus_asinus ENSEASG00005006422
pan_troglodytes ENSPTRG00000018453
pan_paniscus ENSPPAG00000038725
gorilla_gorilla ENSGGOG00000015437
homo_sapiens ENSG00000187772
pongo_abelii ENSPPYG00000016875
nomascus_leucogenys ENSNLEG00000014146
theropithecus_gelada ENSTGEG00000022934
mandrillus_leucophaeus ENSMLEG00000028886
papio_anubis ENSPANG00000005196
papio_anubis ENSPANG00000032324
macaca_fascicularis ENSMFAG00000013463
macaca_nemestrina ENSMNEG00000038148
macaca_mulatta ENSMMUG00000014470
cercocebus_atys ENSCATG00000037900
chlorocebus_sabaeus ENSCSAG00000014708
rhinopithecus_roxellana ENSRROG00000033602
rhinopithecus_bieti ENSRBIG00000036241
colobus_angolensis_palliatus ENSCANG00000011024
piliocolobus_tephrosceles ENSPTEG00000003865
cebus_capucinus ENSCCAG00000020904
saimiri_boliviensis_boliviensis ENSSBOG00000025323
callithrix_jacchus ENSCJAG00000001671
aotus_nancymaae ENSANAG00000036677
aotus_nancymaae ENSANAG00000032418
carlito_syrichta ENSTSYG00000006480
carlito_syrichta ENSTSYG00000032245
propithecus_coquereli ENSPCOG00000016875
microcebus_murinus ENSMICG00000047923
prolemur_simus ENSPSMG00000003723
otolemur_garnettii ENSOGAG00000011042
cricetulus_griseus_crigri ENSCGRG00000014674
cricetulus_griseus_chok1gshd ENSCGRG00001024078
cricetulus_griseus_crigri-picr ENSCGRG00015018711
mesocricetus_auratus ENSMAUG00000006523
microtus_ochrogaster ENSMOCG00000015558
peromyscus_maniculatus_bairdii ENSPEMG00000015724
mus_musculus ENSMUSG00000063804
mus_caroli_strain_caroli_eij MGP_CAROLIEiJ_G0015299
mus_spretus_strain_spret/eij MGP_SPRETEiJ_G0016108
mus_spicilegus ENSMSIG00000030258
mus_pahari MGP_PahariEiJ_G0030716
rattus_norvegicus ENSRNOG00000025938
meriones_unguiculatus ENSMUGG00000025129
jaculus_jaculus ENSJJAG00000011024
castor_canadensis ENSCCNG00000022515
cavia_porcellus ENSCPOG00000006178
cavia_aperea ENSCAPG00000009019
dipodomys_ordii ENSDORG00000009587
dipodomys_ordii ENSDORG00000023330
nannospalax_galili ENSNGAG00000022808
urocitellus_parryii ENSUPAG00010012532
spermophilus_dauricus ENSSDAG00000017448
ictidomys_tridecemlineatus ENSSTOG00000002692
heterocephalus_glaber_female ENSHGLG00000002468
heterocephalus_glaber_male ENSHGLG00100014464
fukomys_damarensis ENSFDAG00000006141
chinchilla_lanigera ENSCLAG00000010534
octodon_degus ENSODEG00000013568
heterocephalus_glaber_female ENSHGLG00000007160
heterocephalus_glaber_male ENSHGLG00100001729
oryctolagus_cuniculus ENSOCUG00000017850
ochotona_princeps ENSOPRG00000006333
tupaia_belangeri ENSTBEG00000005872
loxodonta_africana ENSLAFG00000017788
echinops_telfairi ENSETEG00000015340
choloepus_hoffmanni ENSCHOG00000001682
dasypus_novemcinctus ENSDNOG00000015300
xenopus_tropicalis ENSXETG00000013293
latimeria_chalumnae ENSLACG00000004053
lepisosteus_oculatus ENSLOCG00000016539
ornithorhynchus_anatinus ENSOANG00000010299
xenopus_tropicalis ENSXETG00000012324
eptatretus_burgeri ENSEBUG00000008325
