caenorhabditis_elegans_strain_n2 WBGene00015391
caenorhabditis_elegans_strain_n2 WBGene00016392
drosophila_melanogaster FBgn0261439
acanthochromis_polyacanthus ENSAPOG00000024232
cynoglossus_semilaevis ENSCSEG00000011447
takifugu_rubripes ENSTRUG00000017567
tetraodon_nigroviridis ENSTNIG00000019083
mola_mola ENSMMOG00000006729
labrus_bergylta ENSLBEG00000006135
monopterus_albus ENSMALG00000004263
mastacembelus_armatus ENSMAMG00000000526
anabas_testudineus ENSATEG00000024442
gasterosteus_aculeatus ENSGACG00000005763
seriola_lalandi_dorsalis ENSSLDG00000013543
seriola_dumerili ENSSDUG00000011732
scophthalmus_maximus ENSSMAG00000007060
hippocampus_comes ENSHCOG00000009811
haplochromis_burtoni ENSHBUG00000011402
pundamilia_nyererei ENSPNYG00000013682
astatotilapia_calliptera ENSACLG00000021598
maylandia_zebra ENSMZEG00005006913
neolamprologus_brichardi ENSNBRG00000009676
oreochromis_niloticus ENSONIG00000007272
amphilophus_citrinellus ENSACIG00000019856
xiphophorus_maculatus ENSXMAG00000008900
xiphophorus_couchianus ENSXCOG00000016854
gambusia_affinis ENSGAFG00000000125
poecilia_formosa ENSPFOG00000018930
poecilia_mexicana ENSPMEG00000012211
poecilia_latipinna ENSPLAG00000017961
poecilia_reticulata ENSPREG00000013854
fundulus_heteroclitus ENSFHEG00000002402
cyprinodon_variegatus ENSCVAG00000003793
kryptolebias_marmoratus ENSKMAG00000021615
oryzias_latipes ENSORLG00020018884
oryzias_latipes_asm223469v1 ENSORLG00015003575
oryzias_latipes ENSORLG00000006164
oryzias_melastigma ENSOMEG00000017294
amphiprion_percula ENSAPEG00000018278
amphiprion_ocellaris ENSAOCG00000009508
acanthochromis_polyacanthus ENSAPOG00000004596
stegastes_partitus ENSSPAG00000017994
periophthalmus_magnuspinnatus ENSPMGG00000016915
gadus_morhua ENSGMOG00000009590
esox_lucius ENSELUG00000008178
esox_lucius ENSELUG00000021942
pygocentrus_nattereri ENSPNAG00000001724
astyanax_mexicanus ENSAMXG00000013857
ictalurus_punctatus ENSIPUG00000005032
danio_rerio ENSDARG00000016721
scleropages_formosus ENSSFOG00015018938
paramormyrops_kingsleyae ENSPKIG00000024753
lepisosteus_oculatus ENSLOCG00000009351
gallus_gallus ENSGALG00000013167
coturnix_japonica ENSCJPG00005014819
meleagris_gallopavo ENSMGAG00000006943
numida_meleagris ENSNMEG00000008844
anser_brachyrhynchus ENSABRG00000019249
anas_platyrhynchos_platyrhynchos ENSAPLG00000007028
lepidothrix_coronata ENSLCOG00000000340
manacus_vitellinus ENSMVIG00005003379
taeniopygia_guttata ENSTGUG00000014169
taeniopygia_guttata ENSTGUG00000008245
lonchura_striata_domestica ENSLSDG00000017139
serinus_canaria ENSSCAG00000005992
parus_major ENSPMJG00000013737
cyanistes_caeruleus ENSCCEG00000014007
ficedula_albicollis ENSFALG00000002129
junco_hyemalis ENSJHYG00000013490
zonotrichia_albicollis ENSZALG00000002243
melopsittacus_undulatus ENSMUNG00000002300
calidris_pugnax ENSCPUG00000005380
calidris_pygmaea ENSCPGG00000002034
apteryx_owenii ENSAOWG00000007086
apteryx_rowi ENSARWG00000012937
apteryx_haastii ENSAHAG00000004173
dromaius_novaehollandiae ENSDNVG00000007255
nothoprocta_perdicaria ENSNPEG00000005742
crocodylus_porosus ENSCPRG00005014191
chelonoidis_abingdonii ENSCABG00000006327
gopherus_agassizii ENSGAGG00000000122
chrysemys_picta_bellii ENSCPBG00000000867
pelodiscus_sinensis ENSPSIG00000007382
sphenodon_punctatus ENSSPUG00000013093
pogona_vitticeps ENSPVIG00000019745
anolis_carolinensis ENSACAG00000009576
notechis_scutatus ENSNSUG00000004177
salvator_merianae ENSSMRG00000010026
phascolarctos_cinereus ENSPCIG00000016980
notamacropus_eugenii ENSMEUG00000016539
sarcophilus_harrisii ENSSHAG00000018352
monodelphis_domestica ENSMODG00000000624
mus_spicilegus ENSMSIG00000015586
mus_spretus_strain_spret/eij MGP_SPRETEiJ_G0019604
mus_musculus ENSMUSG00000021577
mus_caroli_strain_caroli_eij MGP_CAROLIEiJ_G0018720
mus_pahari MGP_PahariEiJ_G0015800
rattus_norvegicus ENSRNOG00000013331
meriones_unguiculatus ENSMUGG00000016835
cricetulus_griseus_crigri ENSCGRG00000003468
cricetulus_griseus_crigri-picr ENSCGRG00015009770
cricetulus_griseus_chok1gshd ENSCGRG00001000553
mesocricetus_auratus ENSMAUG00000020809
microtus_ochrogaster ENSMOCG00000000203
peromyscus_maniculatus_bairdii ENSPEMG00000018520
nannospalax_galili ENSNGAG00000005141
jaculus_jaculus ENSJJAG00000016564
castor_canadensis ENSCCNG00000028723
dipodomys_ordii ENSDORG00000023147
ictidomys_tridecemlineatus ENSSTOG00000003740
urocitellus_parryii ENSUPAG00010019467
spermophilus_dauricus ENSSDAG00000023846
marmota_marmota_marmota ENSMMMG00000016022
cavia_porcellus ENSCPOG00000008921
cavia_aperea ENSCAPG00000000494
octodon_degus ENSODEG00000018317
chinchilla_lanigera ENSCLAG00000002734
heterocephalus_glaber_male ENSHGLG00100003848
heterocephalus_glaber_female ENSHGLG00000012160
fukomys_damarensis ENSFDAG00000016429
tupaia_belangeri ENSTBEG00000005820
pan_troglodytes ENSPTRG00000016677
pan_paniscus ENSPPAG00000035300
homo_sapiens ENSG00000073578
pan_troglodytes ENSPTRG00000042759
pan_paniscus ENSPPAG00000025271
pan_troglodytes ENSPTRG00000043063
pongo_abelii ENSPPYG00000015298
gorilla_gorilla ENSGGOG00000013586
papio_anubis ENSPANG00000004216
cercocebus_atys ENSCATG00000002457
piliocolobus_tephrosceles ENSPTEG00000019775
piliocolobus_tephrosceles ENSPTEG00000019806
gorilla_gorilla ENSGGOG00000037406
pongo_abelii ENSPPYG00000019995
homo_sapiens ENSG00000286001
macaca_mulatta ENSMMUG00000014452
macaca_fascicularis ENSMFAG00000010720
rhinopithecus_roxellana ENSRROG00000038083
theropithecus_gelada ENSTGEG00000000499
rhinopithecus_bieti ENSRBIG00000036784
rhinopithecus_bieti ENSRBIG00000040313
mandrillus_leucophaeus ENSMLEG00000039044
piliocolobus_tephrosceles ENSPTEG00000020017
piliocolobus_tephrosceles ENSPTEG00000019979
piliocolobus_tephrosceles ENSPTEG00000020056
piliocolobus_tephrosceles ENSPTEG00000020099
rhinopithecus_roxellana ENSRROG00000037833
macaca_nemestrina ENSMNEG00000038362
papio_anubis ENSPANG00000030581
cercocebus_atys ENSCATG00000036041
colobus_angolensis_palliatus ENSCANG00000034382
macaca_nemestrina ENSMNEG00000028348
cebus_capucinus ENSCCAG00000032610
saimiri_boliviensis_boliviensis ENSSBOG00000024262
callithrix_jacchus ENSCJAG00000017583
aotus_nancymaae ENSANAG00000025718
carlito_syrichta ENSTSYG00000010659
propithecus_coquereli ENSPCOG00000025392
prolemur_simus ENSPSMG00000010830
microcebus_murinus ENSMICG00000008421
otolemur_garnettii ENSOGAG00000010357
oryctolagus_cuniculus ENSOCUG00000023573
ochotona_princeps ENSOPRG00000000756
bos_mutus ENSBMUG00000013147
bos_taurus ENSBTAG00000046019
bison_bison_bison ENSBBBG00000021310
capra_hircus ENSCHIG00000017916
ovis_aries ENSOARG00000015619
sus_scrofa ENSSSCG00000020686
tursiops_truncatus ENSTTRG00000006226
pteropus_vampyrus ENSPVAG00000009296
equus_caballus ENSECAG00000000397
equus_asinus_asinus ENSEASG00005018069
ursus_americanus ENSUAMG00000022229
ursus_maritimus ENSUMAG00000022271
ailuropoda_melanoleuca ENSAMEG00000008480
mustela_putorius_furo ENSMPUG00000010324
neovison_vison ENSNVIG00000022331
canis_lupus_familiaris ENSCAFG00000010951
canis_lupus_dingo ENSCAFG00020023074
vulpes_vulpes ENSVVUG00000021998
panthera_pardus ENSPPRG00000003291
panthera_tigris_altaica ENSPTIG00000006463
felis_catus ENSFCAG00000030558
myotis_lucifugus ENSMLUG00000017004
sorex_araneus ENSSARG00000000923
erinaceus_europaeus ENSEEUG00000014564
loxodonta_africana ENSLAFG00000018337
echinops_telfairi ENSETEG00000019152
procavia_capensis ENSPCAG00000016878
choloepus_hoffmanni ENSCHOG00000012963
dasypus_novemcinctus ENSDNOG00000044290
ornithorhynchus_anatinus ENSOANG00000010157
xenopus_tropicalis ENSXETG00000023408
latimeria_chalumnae ENSLACG00000007077
petromyzon_marinus ENSPMAG00000005152
eptatretus_burgeri ENSEBUG00000010582
ciona_savignyi ENSCSAVG00000010362
ciona_intestinalis ENSCING00000020844
ciona_intestinalis ENSCING00000004289
ciona_savignyi ENSCSAVG00000003056
drosophila_melanogaster FBgn0036222
piliocolobus_tephrosceles ENSPTEG00000013708
saccharomyces_cerevisiae YJL045W
