seriola_dumerili ENSSDUG00000001497
seriola_lalandi_dorsalis ENSSLDG00000001906
scophthalmus_maximus ENSSMAG00000009323
monopterus_albus ENSMALG00000003239
anabas_testudineus ENSATEG00000017129
mastacembelus_armatus ENSMAMG00000019709
xiphophorus_couchianus ENSXCOG00000009865
xiphophorus_maculatus ENSXMAG00000005878
gambusia_affinis ENSGAFG00000006270
poecilia_formosa ENSPFOG00000016800
poecilia_latipinna ENSPLAG00000005729
poecilia_mexicana ENSPMEG00000012403
poecilia_reticulata ENSPREG00000003927
fundulus_heteroclitus ENSFHEG00000005104
cyprinodon_variegatus ENSCVAG00000017078
kryptolebias_marmoratus ENSKMAG00000015122
oryzias_latipes ENSORLG00020016093
oryzias_latipes ENSORLG00000011738
oryzias_latipes_asm223469v1 ENSORLG00015001240
oryzias_melastigma ENSOMEG00000021852
amphiprion_ocellaris ENSAOCG00000003996
amphiprion_percula ENSAPEG00000020321
acanthochromis_polyacanthus ENSAPOG00000001581
stegastes_partitus ENSSPAG00000010866
pundamilia_nyererei ENSPNYG00000018396
haplochromis_burtoni ENSHBUG00000020848
neolamprologus_brichardi ENSNBRG00000013080
astatotilapia_calliptera ENSACLG00000025623
maylandia_zebra ENSMZEG00005009040
oreochromis_niloticus ENSONIG00000009965
amphilophus_citrinellus ENSACIG00000008863
tetraodon_nigroviridis ENSTNIG00000016627
takifugu_rubripes ENSTRUG00000008487
mola_mola ENSMMOG00000003299
labrus_bergylta ENSLBEG00000022670
labrus_bergylta ENSLBEG00000026907
gasterosteus_aculeatus ENSGACG00000004833
cynoglossus_semilaevis ENSCSEG00000011563
hippocampus_comes ENSHCOG00000011931
periophthalmus_magnuspinnatus ENSPMGG00000022366
gadus_morhua ENSGMOG00000016985
esox_lucius ENSELUG00000016461
pygocentrus_nattereri ENSPNAG00000017097
astyanax_mexicanus ENSAMXG00000043021
danio_rerio ENSDARG00000052702
scleropages_formosus ENSSFOG00015004746
paramormyrops_kingsleyae ENSPKIG00000022346
lepisosteus_oculatus ENSLOCG00000015637
pan_troglodytes ENSPTRG00000018215
pan_paniscus ENSPPAG00000035892
homo_sapiens ENSG00000137225
gorilla_gorilla ENSGGOG00000003079
pongo_abelii ENSPPYG00000016652
nomascus_leucogenys ENSNLEG00000003797
colobus_angolensis_palliatus ENSCANG00000034509
piliocolobus_tephrosceles ENSPTEG00000013658
rhinopithecus_roxellana ENSRROG00000041564
rhinopithecus_bieti ENSRBIG00000011545
mandrillus_leucophaeus ENSMLEG00000032534
cercocebus_atys ENSCATG00000040416
theropithecus_gelada ENSTGEG00000029668
papio_anubis ENSPANG00000023068
macaca_fascicularis ENSMFAG00000039448
macaca_mulatta ENSMMUG00000012876
macaca_nemestrina ENSMNEG00000029403
chlorocebus_sabaeus ENSCSAG00000012369
saimiri_boliviensis_boliviensis ENSSBOG00000026495
cebus_capucinus ENSCCAG00000030442
callithrix_jacchus ENSCJAG00000012346
aotus_nancymaae ENSANAG00000021503
carlito_syrichta ENSTSYG00000005639
propithecus_coquereli ENSPCOG00000022203
prolemur_simus ENSPSMG00000018791
microcebus_murinus ENSMICG00000013043
otolemur_garnettii ENSOGAG00000012715
mus_musculus ENSMUSG00000058626
mus_spretus_strain_spret/eij MGP_SPRETEiJ_G0022563
mus_spicilegus ENSMSIG00000023352
mus_caroli_strain_caroli_eij MGP_CAROLIEiJ_G0021651
mus_pahari MGP_PahariEiJ_G0020643
rattus_norvegicus ENSRNOG00000026025
meriones_unguiculatus ENSMUGG00000000792
peromyscus_maniculatus_bairdii ENSPEMG00000016267
microtus_ochrogaster ENSMOCG00000012508
cricetulus_griseus_crigri-picr ENSCGRG00015004674
cricetulus_griseus_crigri ENSCGRG00000011512
mesocricetus_auratus ENSMAUG00000001798
nannospalax_galili ENSNGAG00000007388
jaculus_jaculus ENSJJAG00000023762
chinchilla_lanigera ENSCLAG00000013084
octodon_degus ENSODEG00000015728
cavia_aperea ENSCAPG00000000695
cavia_porcellus ENSCPOG00000020426
fukomys_damarensis ENSFDAG00000006328
castor_canadensis ENSCCNG00000015824
dipodomys_ordii ENSDORG00000026068
urocitellus_parryii ENSUPAG00010003744
ictidomys_tridecemlineatus ENSSTOG00000003304
marmota_marmota_marmota ENSMMMG00000024569
spermophilus_dauricus ENSSDAG00000001071
oryctolagus_cuniculus ENSOCUG00000017535
ochotona_princeps ENSOPRG00000017195
tupaia_belangeri ENSTBEG00000014486
pteropus_vampyrus ENSPVAG00000000307
myotis_lucifugus ENSMLUG00000005209
ursus_americanus ENSUAMG00000015941
ursus_maritimus ENSUMAG00000005384
ailuropoda_melanoleuca ENSAMEG00000011874
neovison_vison ENSNVIG00000009603
mustela_putorius_furo ENSMPUG00000012627
canis_lupus_dingo ENSCAFG00020012105
canis_lupus_dingo ENSCAFG00020012093
canis_lupus_familiaris ENSCAFG00000001960
vulpes_vulpes ENSVVUG00000029116
panthera_pardus ENSPPRG00000023373
panthera_tigris_altaica ENSPTIG00000019831
felis_catus ENSFCAG00000009759
ovis_aries ENSOARG00000009035
capra_hircus ENSCHIG00000010362
bos_taurus ENSBTAG00000021066
bos_taurus ENSBTAG00000053551
bos_mutus ENSBMUG00000011894
bison_bison_bison ENSBBBG00000004944
tursiops_truncatus ENSTTRG00000006905
sus_scrofa ENSSSCG00000001698
erinaceus_europaeus ENSEEUG00000012947
sorex_araneus ENSSARG00000010682
equus_caballus ENSECAG00000000758
equus_asinus_asinus ENSEASG00005003548
dasypus_novemcinctus ENSDNOG00000014868
procavia_capensis ENSPCAG00000009453
loxodonta_africana ENSLAFG00000027870
loxodonta_africana ENSLAFG00000028863
echinops_telfairi ENSETEG00000009981
notamacropus_eugenii ENSMEUG00000013426
ornithorhynchus_anatinus ENSOANG00000009824
lonchura_striata_domestica ENSLSDG00000010324
taeniopygia_guttata ENSTGUG00000008009
serinus_canaria ENSSCAG00000013612
zonotrichia_albicollis ENSZALG00000011347
ficedula_albicollis ENSFALG00000011310
cyanistes_caeruleus ENSCCEG00000003222
parus_major ENSPMJG00000014855
lepidothrix_coronata ENSLCOG00000001752
manacus_vitellinus ENSMVIG00005006949
melopsittacus_undulatus ENSMUNG00000007956
calidris_pygmaea ENSCPGG00000003414
calidris_pugnax ENSCPUG00000002144
anser_brachyrhynchus ENSABRG00000019619
anas_platyrhynchos_platyrhynchos ENSAPLG00000015649
gallus_gallus ENSGALG00000010186
meleagris_gallopavo ENSMGAG00000010826
coturnix_japonica ENSCJPG00005010310
numida_meleagris ENSNMEG00000016482
junco_hyemalis ENSJHYG00000012414
anas_platyrhynchos_platyrhynchos ENSAPLG00000005185
apteryx_owenii ENSAOWG00000003902
apteryx_haastii ENSAHAG00000017208
apteryx_rowi ENSARWG00000004638
dromaius_novaehollandiae ENSDNVG00000007587
nothoprocta_perdicaria ENSNPEG00000008785
crocodylus_porosus ENSCPRG00005010843
gopherus_agassizii ENSGAGG00000011420
chelonoidis_abingdonii ENSCABG00000020734
chrysemys_picta_bellii ENSCPBG00000025283
pelodiscus_sinensis ENSPSIG00000016903
anolis_carolinensis ENSACAG00000000755
pogona_vitticeps ENSPVIG00000001941
notechis_scutatus ENSNSUG00000008888
salvator_merianae ENSSMRG00000005886
sphenodon_punctatus ENSSPUG00000007252
paramormyrops_kingsleyae ENSPKIG00000003990
scleropages_formosus ENSSFOG00015022628
esox_lucius ENSELUG00000023019
astyanax_mexicanus ENSAMXG00000013685
pygocentrus_nattereri ENSPNAG00000006646
ictalurus_punctatus ENSIPUG00000012379
danio_rerio ENSDARG00000052748
kryptolebias_marmoratus ENSKMAG00000010227
fundulus_heteroclitus ENSFHEG00000006190
cynoglossus_semilaevis ENSCSEG00000020948
mola_mola ENSMMOG00000018434
gasterosteus_aculeatus ENSGACG00000019940
seriola_dumerili ENSSDUG00000021683
seriola_lalandi_dorsalis ENSSLDG00000019420
scophthalmus_maximus ENSSMAG00000021043
anabas_testudineus ENSATEG00000015261
mastacembelus_armatus ENSMAMG00000017752
monopterus_albus ENSMALG00000004894
oryzias_melastigma ENSOMEG00000008234
oryzias_latipes ENSORLG00020022138
xiphophorus_maculatus ENSXMAG00000008745
gambusia_affinis ENSGAFG00000014752
poecilia_formosa ENSPFOG00000018520
poecilia_latipinna ENSPLAG00000005345
poecilia_mexicana ENSPMEG00000022297
poecilia_reticulata ENSPREG00000018261
astatotilapia_calliptera ENSACLG00000003915
maylandia_zebra ENSMZEG00005010436
maylandia_zebra ENSMZEG00005010795
pundamilia_nyererei ENSPNYG00000016528
haplochromis_burtoni ENSHBUG00000014408
neolamprologus_brichardi ENSNBRG00000020983
oreochromis_niloticus ENSONIG00000007243
amphilophus_citrinellus ENSACIG00000007865
amphiprion_percula ENSAPEG00000016062
amphiprion_ocellaris ENSAOCG00000011195
acanthochromis_polyacanthus ENSAPOG00000007320
stegastes_partitus ENSSPAG00000003217
cyprinodon_variegatus ENSCVAG00000007141
fundulus_heteroclitus ENSFHEG00000006225
kryptolebias_marmoratus ENSKMAG00000006621
xiphophorus_couchianus ENSXCOG00000015264
xiphophorus_couchianus ENSXCOG00000015253
poecilia_reticulata ENSPREG00000005709
oryzias_latipes ENSORLG00000022256
labrus_bergylta ENSLBEG00000009085
petromyzon_marinus ENSPMAG00000009490
eptatretus_burgeri ENSEBUG00000010485
eptatretus_burgeri ENSEBUG00000003327
sarcophilus_harrisii ENSSHAG00000017264
