sphenodon_punctatus ENSSPUG00000006481
sphenodon_punctatus ENSSPUG00000006488
sphenodon_punctatus ENSSPUG00000006505
sphenodon_punctatus ENSSPUG00000006498
pogona_vitticeps ENSPVIG00000001583
anolis_carolinensis ENSACAG00000000549
notechis_scutatus ENSNSUG00000017033
salvator_merianae ENSSMRG00000007932
apteryx_haastii ENSAHAG00000013347
apteryx_owenii ENSAOWG00000004486
apteryx_rowi ENSARWG00000013479
dromaius_novaehollandiae ENSDNVG00000019030
nothoprocta_perdicaria ENSNPEG00000015786
zonotrichia_albicollis ENSZALG00000014759
junco_hyemalis ENSJHYG00000002145
serinus_canaria ENSSCAG00000008864
lonchura_striata_domestica ENSLSDG00000001746
taeniopygia_guttata ENSTGUG00000012690
parus_major ENSPMJG00000013125
cyanistes_caeruleus ENSCCEG00000012601
ficedula_albicollis ENSFALG00000008780
manacus_vitellinus ENSMVIG00005011711
lepidothrix_coronata ENSLCOG00000000511
melopsittacus_undulatus ENSMUNG00000012936
calidris_pygmaea ENSCPGG00000005820
calidris_pugnax ENSCPUG00000010083
gallus_gallus ENSGALG00000031380
meleagris_gallopavo ENSMGAG00000012966
coturnix_japonica ENSCJPG00005010452
numida_meleagris ENSNMEG00000010018
anser_brachyrhynchus ENSABRG00000007366
crocodylus_porosus ENSCPRG00005013464
gopherus_agassizii ENSGAGG00000023635
chelonoidis_abingdonii ENSCABG00000022350
chrysemys_picta_bellii ENSCPBG00000019131
pelodiscus_sinensis ENSPSIG00000014485
castor_canadensis ENSCCNG00000027911
dipodomys_ordii ENSDORG00000005645
mus_spicilegus ENSMSIG00000019118
mus_spretus_strain_spret/eij MGP_SPRETEiJ_G0020761
mus_musculus ENSMUSG00000036661
mus_caroli_strain_caroli_eij MGP_CAROLIEiJ_G0019863
mus_pahari MGP_PahariEiJ_G0019869
rattus_norvegicus ENSRNOG00000010794
meriones_unguiculatus ENSMUGG00000015144
cricetulus_griseus_crigri-picr ENSCGRG00015016314
cricetulus_griseus_crigri ENSCGRG00000013997
cricetulus_griseus_chok1gshd ENSCGRG00001009394
mesocricetus_auratus ENSMAUG00000012902
microtus_ochrogaster ENSMOCG00000010331
peromyscus_maniculatus_bairdii ENSPEMG00000020034
nannospalax_galili ENSNGAG00000002578
jaculus_jaculus ENSJJAG00000011270
cavia_porcellus ENSCPOG00000006551
cavia_aperea ENSCAPG00000014634
chinchilla_lanigera ENSCLAG00000012179
heterocephalus_glaber_female ENSHGLG00000013884
heterocephalus_glaber_male ENSHGLG00100013401
fukomys_damarensis ENSFDAG00000013643
octodon_degus ENSODEG00000013810
urocitellus_parryii ENSUPAG00010006428
ictidomys_tridecemlineatus ENSSTOG00000011809
spermophilus_dauricus ENSSDAG00000017788
marmota_marmota_marmota ENSMMMG00000005523
oryctolagus_cuniculus ENSOCUG00000003959
ochotona_princeps ENSOPRG00000010495
tupaia_belangeri ENSTBEG00000016457
homo_sapiens ENSG00000105339
gorilla_gorilla ENSGGOG00000008013
pan_paniscus ENSPPAG00000032948
pan_troglodytes ENSPTRG00000020626
pongo_abelii ENSPPYG00000018910
nomascus_leucogenys ENSNLEG00000001560
cercocebus_atys ENSCATG00000043316
mandrillus_leucophaeus ENSMLEG00000033267
papio_anubis ENSPANG00000006229
theropithecus_gelada ENSTGEG00000015527
macaca_fascicularis ENSMFAG00000034459
macaca_mulatta ENSMMUG00000013578
macaca_nemestrina ENSMNEG00000041197
chlorocebus_sabaeus ENSCSAG00000009555
piliocolobus_tephrosceles ENSPTEG00000015850
piliocolobus_tephrosceles ENSPTEG00000015893
piliocolobus_tephrosceles ENSPTEG00000015924
piliocolobus_tephrosceles ENSPTEG00000015810
piliocolobus_tephrosceles ENSPTEG00000026829
colobus_angolensis_palliatus ENSCANG00000030952
rhinopithecus_roxellana ENSRROG00000030728
rhinopithecus_bieti ENSRBIG00000041826
cebus_capucinus ENSCCAG00000001315
callithrix_jacchus ENSCJAG00000003842
cebus_capucinus ENSCCAG00000021581
saimiri_boliviensis_boliviensis ENSSBOG00000016014
aotus_nancymaae ENSANAG00000031248
carlito_syrichta ENSTSYG00000027936
propithecus_coquereli ENSPCOG00000018459
microcebus_murinus ENSMICG00000010407
prolemur_simus ENSPSMG00000004961
otolemur_garnettii ENSOGAG00000008776
ursus_maritimus ENSUMAG00000020261
ursus_americanus ENSUAMG00000005466
ursus_americanus ENSUAMG00000019874
ailuropoda_melanoleuca ENSAMEG00000001580
neovison_vison ENSNVIG00000015230
neovison_vison ENSNVIG00000015280
mustela_putorius_furo ENSMPUG00000001942
canis_lupus_familiaris ENSCAFG00000001228
canis_lupus_dingo ENSCAFG00020018348
vulpes_vulpes ENSVVUG00000014330
panthera_pardus ENSPPRG00000004322
panthera_tigris_altaica ENSPTIG00000008002
felis_catus ENSFCAG00000015503
capra_hircus ENSCHIG00000008841
ovis_aries ENSOARG00000003114
bos_taurus ENSBTAG00000006132
bos_mutus ENSBMUG00000012683
bison_bison_bison ENSBBBG00000017864
tursiops_truncatus ENSTTRG00000007533
sus_scrofa ENSSSCG00000030831
equus_asinus_asinus ENSEASG00005021125
equus_caballus ENSECAG00000014691
pteropus_vampyrus ENSPVAG00000013580
erinaceus_europaeus ENSEEUG00000001436
loxodonta_africana ENSLAFG00000015654
procavia_capensis ENSPCAG00000003518
echinops_telfairi ENSETEG00000003132
choloepus_hoffmanni ENSCHOG00000005926
dasypus_novemcinctus ENSDNOG00000000994
anas_platyrhynchos_platyrhynchos ENSAPLG00000027705
ornithorhynchus_anatinus ENSOANG00000007128
phascolarctos_cinereus ENSPCIG00000027056
notamacropus_eugenii ENSMEUG00000009444
sarcophilus_harrisii ENSSHAG00000014190
monodelphis_domestica ENSMODG00000024413
monodelphis_domestica ENSMODG00000000677
taeniopygia_guttata ENSTGUG00000015078
xenopus_tropicalis ENSXETG00000023753
latimeria_chalumnae ENSLACG00000006366
eptatretus_burgeri ENSEBUG00000014759
eptatretus_burgeri ENSEBUG00000001408
gasterosteus_aculeatus ENSGACG00000008925
labrus_bergylta ENSLBEG00000023665
tetraodon_nigroviridis ENSTNIG00000018388
takifugu_rubripes ENSTRUG00000022315
mola_mola ENSMMOG00000003273
hippocampus_comes ENSHCOG00000014558
monopterus_albus ENSMALG00000012568
mastacembelus_armatus ENSMAMG00000011271
anabas_testudineus ENSATEG00000002388
seriola_lalandi_dorsalis ENSSLDG00000016761
seriola_dumerili ENSSDUG00000007422
scophthalmus_maximus ENSSMAG00000019259
astatotilapia_calliptera ENSACLG00000006600
haplochromis_burtoni ENSHBUG00000016770
maylandia_zebra ENSMZEG00005015234
pundamilia_nyererei ENSPNYG00000017530
neolamprologus_brichardi ENSNBRG00000014161
oreochromis_niloticus ENSONIG00000005993
amphilophus_citrinellus ENSACIG00000013765
amphiprion_ocellaris ENSAOCG00000003995
amphiprion_percula ENSAPEG00000000517
acanthochromis_polyacanthus ENSAPOG00000004292
stegastes_partitus ENSSPAG00000002359
xiphophorus_maculatus ENSXMAG00000014446
xiphophorus_couchianus ENSXCOG00000019687
gambusia_affinis ENSGAFG00000007572
poecilia_mexicana ENSPMEG00000020281
poecilia_formosa ENSPFOG00000017821
poecilia_latipinna ENSPLAG00000009782
poecilia_reticulata ENSPREG00000019116
cyprinodon_variegatus ENSCVAG00000009851
fundulus_heteroclitus ENSFHEG00000014932
kryptolebias_marmoratus ENSKMAG00000005678
oryzias_latipes_asm223469v1 ENSORLG00015019379
oryzias_latipes ENSORLG00000008599
oryzias_latipes ENSORLG00020013103
oryzias_melastigma ENSOMEG00000000085
cynoglossus_semilaevis ENSCSEG00000008272
periophthalmus_magnuspinnatus ENSPMGG00000002213
gadus_morhua ENSGMOG00000015935
esox_lucius ENSELUG00000005268
pygocentrus_nattereri ENSPNAG00000027692
astyanax_mexicanus ENSAMXG00000018629
danio_rerio ENSDARG00000013153
anabas_testudineus ENSATEG00000012018
mastacembelus_armatus ENSMAMG00000015260
scophthalmus_maximus ENSSMAG00000005636
cynoglossus_semilaevis ENSCSEG00000014911
seriola_dumerili ENSSDUG00000012929
seriola_lalandi_dorsalis ENSSLDG00000011375
amphiprion_ocellaris ENSAOCG00000023131
amphiprion_percula ENSAPEG00000005252
acanthochromis_polyacanthus ENSAPOG00000015424
stegastes_partitus ENSSPAG00000001255
maylandia_zebra ENSMZEG00005026714
astatotilapia_calliptera ENSACLG00000012420
pundamilia_nyererei ENSPNYG00000008490
haplochromis_burtoni ENSHBUG00000013058
neolamprologus_brichardi ENSNBRG00000014566
oreochromis_niloticus ENSONIG00000002833
amphilophus_citrinellus ENSACIG00000014262
tetraodon_nigroviridis ENSTNIG00000009165
takifugu_rubripes ENSTRUG00000007196
mola_mola ENSMMOG00000018269
gasterosteus_aculeatus ENSGACG00000004021
labrus_bergylta ENSLBEG00000026220
hippocampus_comes ENSHCOG00000006918
monopterus_albus ENSMALG00000006961
xiphophorus_maculatus ENSXMAG00000015472
xiphophorus_couchianus ENSXCOG00000019869
gambusia_affinis ENSGAFG00000009746
poecilia_mexicana ENSPMEG00000009006
poecilia_formosa ENSPFOG00000004408
poecilia_latipinna ENSPLAG00000011758
poecilia_reticulata ENSPREG00000011896
fundulus_heteroclitus ENSFHEG00000009492
fundulus_heteroclitus ENSFHEG00000000219
cyprinodon_variegatus ENSCVAG00000003077
kryptolebias_marmoratus ENSKMAG00000009201
oryzias_latipes ENSORLG00020015980
oryzias_latipes ENSORLG00000028399
oryzias_melastigma ENSOMEG00000012121
periophthalmus_magnuspinnatus ENSPMGG00000021378
gadus_morhua ENSGMOG00000016795
esox_lucius ENSELUG00000022669
astyanax_mexicanus ENSAMXG00000004469
pygocentrus_nattereri ENSPNAG00000017591
ictalurus_punctatus ENSIPUG00000003090
danio_rerio ENSDARG00000078797
scleropages_formosus ENSSFOG00015009930
paramormyrops_kingsleyae ENSPKIG00000019719
lepisosteus_oculatus ENSLOCG00000007668
eptatretus_burgeri ENSEBUG00000013019
eptatretus_burgeri ENSEBUG00000014248
anser_brachyrhynchus ENSABRG00000009052
