pongo_abelii ENSPPYG00000010606
pongo_abelii ENSPPYG00000000156
gorilla_gorilla ENSGGOG00000023042
pan_paniscus ENSPPAG00000034254
pongo_abelii ENSPPYG00000000065
gorilla_gorilla ENSGGOG00000042736
nomascus_leucogenys ENSNLEG00000027973
aotus_nancymaae ENSANAG00000021053
cebus_capucinus ENSCCAG00000024126
cebus_capucinus ENSCCAG00000020923
cebus_capucinus ENSCCAG00000033859
callithrix_jacchus ENSCJAG00000040905
callithrix_jacchus ENSCJAG00000048479
callithrix_jacchus ENSCJAG00000045041
callithrix_jacchus ENSCJAG00000043859
saimiri_boliviensis_boliviensis ENSSBOG00000027443
aotus_nancymaae ENSANAG00000023097
homo_sapiens ENSG00000261456
gorilla_gorilla ENSGGOG00000026399
pan_troglodytes ENSPTRG00000050363
pan_troglodytes ENSPTRG00000002056
gorilla_gorilla ENSGGOG00000008143
homo_sapiens ENSG00000173213
pongo_abelii ENSPPYG00000002031
pongo_abelii ENSPPYG00000020910
pongo_abelii ENSPPYG00000020036
nomascus_leucogenys ENSNLEG00000031517
nomascus_leucogenys ENSNLEG00000015545
nomascus_leucogenys ENSNLEG00000028786
nomascus_leucogenys ENSNLEG00000009290
pan_troglodytes ENSPTRG00000002168
pan_paniscus ENSPPAG00000031982
pan_troglodytes ENSPTRG00000017674
pan_troglodytes ENSPTRG00000044858
nomascus_leucogenys ENSNLEG00000009151
macaca_fascicularis ENSMFAG00000001960
macaca_mulatta ENSMMUG00000029983
mandrillus_leucophaeus ENSMLEG00000041417
pan_troglodytes ENSPTRG00000051021
pan_paniscus ENSPPAG00000042857
nomascus_leucogenys ENSNLEG00000027696
rhinopithecus_roxellana ENSRROG00000037187
macaca_nemestrina ENSMNEG00000009819
rhinopithecus_roxellana ENSRROG00000035746
macaca_fascicularis ENSMFAG00000046178
cercocebus_atys ENSCATG00000013265
colobus_angolensis_palliatus ENSCANG00000031448
theropithecus_gelada ENSTGEG00000025458
papio_anubis ENSPANG00000016580
macaca_fascicularis ENSMFAG00000043555
macaca_fascicularis ENSMFAG00000032710
macaca_mulatta ENSMMUG00000011029
macaca_fascicularis ENSMFAG00000042072
macaca_nemestrina ENSMNEG00000008225
macaca_mulatta ENSMMUG00000007588
mandrillus_leucophaeus ENSMLEG00000042055
papio_anubis ENSPANG00000033085
chlorocebus_sabaeus ENSCSAG00000017110
theropithecus_gelada ENSTGEG00000027545
theropithecus_gelada ENSTGEG00000020409
papio_anubis ENSPANG00000016083
colobus_angolensis_palliatus ENSCANG00000028286
macaca_mulatta ENSMMUG00000012546
macaca_nemestrina ENSMNEG00000036821
papio_anubis ENSPANG00000026438
theropithecus_gelada ENSTGEG00000002647
cercocebus_atys ENSCATG00000029379
rhinopithecus_roxellana ENSRROG00000031722
macaca_mulatta ENSMMUG00000023253
piliocolobus_tephrosceles ENSPTEG00000032555
piliocolobus_tephrosceles ENSPTEG00000026389
macaca_mulatta ENSMMUG00000043539
chlorocebus_sabaeus ENSCSAG00000002898
papio_anubis ENSPANG00000029806
pan_troglodytes ENSPTRG00000047329
pan_troglodytes ENSPTRG00000048749
gorilla_gorilla ENSGGOG00000041990
macaca_nemestrina ENSMNEG00000031258
macaca_fascicularis ENSMFAG00000032961
macaca_mulatta ENSMMUG00000047050
papio_anubis ENSPANG00000035918
theropithecus_gelada ENSTGEG00000028715
piliocolobus_tephrosceles ENSPTEG00000022026
cebus_capucinus ENSCCAG00000020785
