caenorhabditis_elegans_strain_n2 WBGene00019349
caenorhabditis_elegans_strain_n2 WBGene00020875
caenorhabditis_elegans_strain_n2 WBGene00020613
caenorhabditis_elegans_strain_n2 WBGene00016316
caenorhabditis_elegans_strain_n2 WBGene00008905
caenorhabditis_elegans_strain_n2 WBGene00011495
scleropages_formosus ENSSFOG00015005059
paramormyrops_kingsleyae ENSPKIG00000007485
fundulus_heteroclitus ENSFHEG00000000094
kryptolebias_marmoratus ENSKMAG00000019040
oryzias_melastigma ENSOMEG00000004242
cynoglossus_semilaevis ENSCSEG00000013526
neolamprologus_brichardi ENSNBRG00000020162
amphilophus_citrinellus ENSACIG00000007904
mola_mola ENSMMOG00000014324
takifugu_rubripes ENSTRUG00000001410
tetraodon_nigroviridis ENSTNIG00000016219
scophthalmus_maximus ENSSMAG00000007053
periophthalmus_magnuspinnatus ENSPMGG00000013073
hippocampus_comes ENSHCOG00000015667
gadus_morhua ENSGMOG00000010534
pygocentrus_nattereri ENSPNAG00000019475
astyanax_mexicanus ENSAMXG00000032024
ictalurus_punctatus ENSIPUG00000016761
danio_rerio ENSDARG00000033978
scleropages_formosus ENSSFOG00015004901
paramormyrops_kingsleyae ENSPKIG00000012685
coturnix_japonica ENSCJPG00005016491
meleagris_gallopavo ENSMGAG00000006962
numida_meleagris ENSNMEG00000003113
anser_brachyrhynchus ENSABRG00000011366
lonchura_striata_domestica ENSLSDG00000009155
junco_hyemalis ENSJHYG00000002787
ficedula_albicollis ENSFALG00000005809
parus_major ENSPMJG00000019798
lepidothrix_coronata ENSLCOG00000009326
calidris_pygmaea ENSCPGG00000007765
calidris_pugnax ENSCPUG00000019804
apteryx_rowi ENSARWG00000015528
apteryx_owenii ENSAOWG00000016928
apteryx_haastii ENSAHAG00000005633
chrysemys_picta_bellii ENSCPBG00000015796
crocodylus_porosus ENSCPRG00005012624
pogona_vitticeps ENSPVIG00000010582
anolis_carolinensis ENSACAG00000015948
salvator_merianae ENSSMRG00000001993
chinchilla_lanigera ENSCLAG00000009995
heterocephalus_glaber_female ENSHGLG00000008482
cavia_porcellus ENSCPOG00000003199
octodon_degus ENSODEG00000009835
marmota_marmota_marmota ENSMMMG00000024144
urocitellus_parryii ENSUPAG00010018610
spermophilus_dauricus ENSSDAG00000020724
mus_musculus ENSMUSG00000020844
mus_spicilegus ENSMSIG00000024846
mus_spretus_strain_spret/eij MGP_SPRETEiJ_G0017602
mus_caroli_strain_caroli_eij MGP_CAROLIEiJ_G0016759
mus_pahari MGP_PahariEiJ_G0017896
rattus_norvegicus ENSRNOG00000008178
meriones_unguiculatus ENSMUGG00000004283
cricetulus_griseus_crigri-picr ENSCGRG00015018668
cricetulus_griseus_chok1gshd ENSCGRG00001014576
mesocricetus_auratus ENSMAUG00000002800
peromyscus_maniculatus_bairdii ENSPEMG00000012023
microtus_ochrogaster ENSMOCG00000014329
castor_canadensis ENSCCNG00000017227
oryctolagus_cuniculus ENSOCUG00000005189
propithecus_coquereli ENSPCOG00000014439
microcebus_murinus ENSMICG00000009368
prolemur_simus ENSPSMG00000000980
macaca_mulatta ENSMMUG00000011425
macaca_fascicularis ENSMFAG00000041118
cercocebus_atys ENSCATG00000039476
papio_anubis ENSPANG00000024614
theropithecus_gelada ENSTGEG00000013636
pan_troglodytes ENSPTRG00000008513
homo_sapiens ENSG00000167693
cebus_capucinus ENSCCAG00000031366
callithrix_jacchus ENSCJAG00000021700
dasypus_novemcinctus ENSDNOG00000004297
loxodonta_africana ENSLAFG00000016660
procavia_capensis ENSPCAG00000008070
bos_taurus ENSBTAG00000000855
sus_scrofa ENSSSCG00000028720
pteropus_vampyrus ENSPVAG00000011710
neovison_vison ENSNVIG00000007059
mustela_putorius_furo ENSMPUG00000013796
canis_lupus_familiaris ENSCAFG00000019078
canis_lupus_dingo ENSCAFG00020010982
panthera_pardus ENSPPRG00000007982
felis_catus ENSFCAG00000001674
equus_asinus_asinus ENSEASG00005009649
ochotona_princeps ENSOPRG00000002535
ovis_aries ENSOARG00000011221
capra_hircus ENSCHIG00000018214
bos_mutus ENSBMUG00000009627
erinaceus_europaeus ENSEEUG00000008741
myotis_lucifugus ENSMLUG00000001507
panthera_tigris_altaica ENSPTIG00000021071
chlorocebus_sabaeus ENSCSAG00000014227
macaca_nemestrina ENSMNEG00000030279
rhinopithecus_bieti ENSRBIG00000044332
rhinopithecus_roxellana ENSRROG00000031195
pan_paniscus ENSPPAG00000040300
gorilla_gorilla ENSGGOG00000015520
pongo_abelii ENSPPYG00000007763
nomascus_leucogenys ENSNLEG00000000596
aotus_nancymaae ENSANAG00000025947
carlito_syrichta ENSTSYG00000007929
otolemur_garnettii ENSOGAG00000010951
phascolarctos_cinereus ENSPCIG00000025696
notamacropus_eugenii ENSMEUG00000012228
colobus_angolensis_palliatus ENSCANG00000036790
sarcophilus_harrisii ENSSHAG00000011476
vulpes_vulpes ENSVVUG00000021602
xenopus_tropicalis ENSXETG00000022447
petromyzon_marinus ENSPMAG00000009875
