poecilia_formosa ENSPFOG00000015774
poecilia_mexicana ENSPMEG00000019635
poecilia_latipinna ENSPLAG00000016167
poecilia_reticulata ENSPREG00000001936
xiphophorus_maculatus ENSXMAG00000017774
xiphophorus_couchianus ENSXCOG00000012029
gambusia_affinis ENSGAFG00000015251
cyprinodon_variegatus ENSCVAG00000000043
fundulus_heteroclitus ENSFHEG00000013572
kryptolebias_marmoratus ENSKMAG00000020058
oryzias_latipes ENSORLG00000002063
oryzias_latipes_asm223469v1 ENSORLG00015013518
oryzias_latipes ENSORLG00020013911
oryzias_melastigma ENSOMEG00000021786
amphiprion_ocellaris ENSAOCG00000020980
amphiprion_ocellaris ENSAOCG00000023893
amphiprion_percula ENSAPEG00000014226
acanthochromis_polyacanthus ENSAPOG00000001222
stegastes_partitus ENSSPAG00000014561
haplochromis_burtoni ENSHBUG00000001746
pundamilia_nyererei ENSPNYG00000003539
maylandia_zebra ENSMZEG00005011551
astatotilapia_calliptera ENSACLG00000010983
oreochromis_niloticus ENSONIG00000003372
neolamprologus_brichardi ENSNBRG00000018238
amphilophus_citrinellus ENSACIG00000013277
monopterus_albus ENSMALG00000021922
mastacembelus_armatus ENSMAMG00000006525
anabas_testudineus ENSATEG00000023002
periophthalmus_magnuspinnatus ENSPMGG00000019503
periophthalmus_magnuspinnatus ENSPMGG00000002810
hippocampus_comes ENSHCOG00000012888
cynoglossus_semilaevis ENSCSEG00000014510
seriola_lalandi_dorsalis ENSSLDG00000002726
seriola_lalandi_dorsalis ENSSLDG00000020447
seriola_dumerili ENSSDUG00000002446
scophthalmus_maximus ENSSMAG00000012140
labrus_bergylta ENSLBEG00000018110
gasterosteus_aculeatus ENSGACG00000018473
mola_mola ENSMMOG00000006640
takifugu_rubripes ENSTRUG00000015036
tetraodon_nigroviridis ENSTNIG00000012342
gadus_morhua ENSGMOG00000019579
esox_lucius ENSELUG00000011339
xiphophorus_maculatus ENSXMAG00000010918
xiphophorus_couchianus ENSXCOG00000013736
gambusia_affinis ENSGAFG00000019593
poecilia_latipinna ENSPLAG00000004693
poecilia_formosa ENSPFOG00000004910
poecilia_mexicana ENSPMEG00000006126
poecilia_reticulata ENSPREG00000006781
fundulus_heteroclitus ENSFHEG00000004933
takifugu_rubripes ENSTRUG00000003946
tetraodon_nigroviridis ENSTNIG00000003910
monopterus_albus ENSMALG00000000192
amphiprion_percula ENSAPEG00000018184
amphiprion_ocellaris ENSAOCG00000014023
acanthochromis_polyacanthus ENSAPOG00000016382
stegastes_partitus ENSSPAG00000023526
seriola_dumerili ENSSDUG00000000929
seriola_lalandi_dorsalis ENSSLDG00000007695
anabas_testudineus ENSATEG00000015667
maylandia_zebra ENSMZEG00005017368
astatotilapia_calliptera ENSACLG00000006578
pundamilia_nyererei ENSPNYG00000017440
haplochromis_burtoni ENSHBUG00000002981
oreochromis_niloticus ENSONIG00000011538
neolamprologus_brichardi ENSNBRG00000006656
amphilophus_citrinellus ENSACIG00000015432
scophthalmus_maximus ENSSMAG00000014932
labrus_bergylta ENSLBEG00000023847
mastacembelus_armatus ENSMAMG00000002371
gasterosteus_aculeatus ENSGACG00000019625
mola_mola ENSMMOG00000001380
periophthalmus_magnuspinnatus ENSPMGG00000016139
gadus_morhua ENSGMOG00000012278
esox_lucius ENSELUG00000002566
pygocentrus_nattereri ENSPNAG00000006503
astyanax_mexicanus ENSAMXG00000002242
ictalurus_punctatus ENSIPUG00000017770
danio_rerio ENSDARG00000003213
pygocentrus_nattereri ENSPNAG00000014200
astyanax_mexicanus ENSAMXG00000005342
ictalurus_punctatus ENSIPUG00000009655
danio_rerio ENSDARG00000030368
paramormyrops_kingsleyae ENSPKIG00000025693
scleropages_formosus ENSSFOG00015024041
paramormyrops_kingsleyae ENSPKIG00000013186
scleropages_formosus ENSSFOG00015020061
lepisosteus_oculatus ENSLOCG00000010549
apteryx_owenii ENSAOWG00000006928
apteryx_haastii ENSAHAG00000007054
apteryx_rowi ENSARWG00000008850
dromaius_novaehollandiae ENSDNVG00000002614
nothoprocta_perdicaria ENSNPEG00000006454
calidris_pygmaea ENSCPGG00000008045
calidris_pugnax ENSCPUG00000012293
melopsittacus_undulatus ENSMUNG00000008614
lonchura_striata_domestica ENSLSDG00000003771
taeniopygia_guttata ENSTGUG00000002442
serinus_canaria ENSSCAG00000012999
junco_hyemalis ENSJHYG00000015728
zonotrichia_albicollis ENSZALG00000003303
cyanistes_caeruleus ENSCCEG00000023461
parus_major ENSPMJG00000008006
ficedula_albicollis ENSFALG00000004885
manacus_vitellinus ENSMVIG00005009758
lepidothrix_coronata ENSLCOG00000011184
anas_platyrhynchos_platyrhynchos ENSAPLG00000006263
anser_brachyrhynchus ENSABRG00000012922
gallus_gallus ENSGALG00000009782
meleagris_gallopavo ENSMGAG00000002831
coturnix_japonica ENSCJPG00005001125
numida_meleagris ENSNMEG00000001061
crocodylus_porosus ENSCPRG00005008142
gopherus_agassizii ENSGAGG00000002955
chelonoidis_abingdonii ENSCABG00000003004
chrysemys_picta_bellii ENSCPBG00000027608
pelodiscus_sinensis ENSPSIG00000006964
pogona_vitticeps ENSPVIG00000021501
anolis_carolinensis ENSACAG00000002092
notechis_scutatus ENSNSUG00000005907
salvator_merianae ENSSMRG00000015616
sphenodon_punctatus ENSSPUG00000008128
ornithorhynchus_anatinus ENSOANG00000022719
equus_caballus ENSECAG00000019842
equus_asinus_asinus ENSEASG00005007865
sorex_araneus ENSSARG00000012301
pteropus_vampyrus ENSPVAG00000009583
myotis_lucifugus ENSMLUG00000009086
sus_scrofa ENSSSCG00000009061
tursiops_truncatus ENSTTRG00000001106
bos_mutus ENSBMUG00000011551
bos_taurus ENSBTAG00000004745
bison_bison_bison ENSBBBG00000011936
capra_hircus ENSCHIG00000022044
ovis_aries ENSOARG00000013690
vicugna_pacos ENSVPAG00000007704
ursus_maritimus ENSUMAG00000014972
ursus_americanus ENSUAMG00000022668
ailuropoda_melanoleuca ENSAMEG00000010988
neovison_vison ENSNVIG00000020001
mustela_putorius_furo ENSMPUG00000016126
canis_lupus_familiaris ENSCAFG00000003716
canis_lupus_dingo ENSCAFG00020020850
vulpes_vulpes ENSVVUG00000021442
panthera_tigris_altaica ENSPTIG00000007667
panthera_pardus ENSPPRG00000006354
felis_catus ENSFCAG00000025080
chinchilla_lanigera ENSCLAG00000003865
octodon_degus ENSODEG00000003007
cavia_porcellus ENSCPOG00000013184
cavia_aperea ENSCAPG00000007836
heterocephalus_glaber_female ENSHGLG00000007395
heterocephalus_glaber_male ENSHGLG00100003236
fukomys_damarensis ENSFDAG00000015385
urocitellus_parryii ENSUPAG00010012214
spermophilus_dauricus ENSSDAG00000000395
ictidomys_tridecemlineatus ENSSTOG00000015163
marmota_marmota_marmota ENSMMMG00000014966
castor_canadensis ENSCCNG00000004225
dipodomys_ordii ENSDORG00000005486
mus_spicilegus ENSMSIG00000012304
mus_spretus_strain_spret/eij MGP_SPRETEiJ_G0025910
mus_musculus ENSMUSG00000063273
mus_caroli_strain_caroli_eij MGP_CAROLIEiJ_G0024975
mus_pahari MGP_PahariEiJ_G0026416
rattus_norvegicus ENSRNOG00000012385
meriones_unguiculatus ENSMUGG00000007412
cricetulus_griseus_crigri-picr ENSCGRG00015007975
cricetulus_griseus_chok1gshd ENSCGRG00001016024
cricetulus_griseus_crigri ENSCGRG00000014340
cricetulus_griseus_chok1gshd ENSCGRG00001024987
cricetulus_griseus_crigri ENSCGRG00000009030
mesocricetus_auratus ENSMAUG00000016687
peromyscus_maniculatus_bairdii ENSPEMG00000018617
microtus_ochrogaster ENSMOCG00000017390
nannospalax_galili ENSNGAG00000020578
oryctolagus_cuniculus ENSOCUG00000017331
ochotona_princeps ENSOPRG00000014269
pan_troglodytes ENSPTRG00000016453
pan_paniscus ENSPPAG00000034447
gorilla_gorilla ENSGGOG00000008676
homo_sapiens ENSG00000164134
pongo_abelii ENSPPYG00000015071
nomascus_leucogenys ENSNLEG00000014091
macaca_nemestrina ENSMNEG00000040674
macaca_fascicularis ENSMFAG00000041929
cercocebus_atys ENSCATG00000005537
mandrillus_leucophaeus ENSMLEG00000027970
macaca_mulatta ENSMMUG00000018184
theropithecus_gelada ENSTGEG00000010476
papio_anubis ENSPANG00000020525
chlorocebus_sabaeus ENSCSAG00000003534
piliocolobus_tephrosceles ENSPTEG00000038405
colobus_angolensis_palliatus ENSCANG00000037339
rhinopithecus_roxellana ENSRROG00000000220
rhinopithecus_bieti ENSRBIG00000040132
cebus_capucinus ENSCCAG00000021709
saimiri_boliviensis_boliviensis ENSSBOG00000028600
aotus_nancymaae ENSANAG00000035444
callithrix_jacchus ENSCJAG00000003095
carlito_syrichta ENSTSYG00000003462
prolemur_simus ENSPSMG00000023890
propithecus_coquereli ENSPCOG00000026962
microcebus_murinus ENSMICG00000014119
otolemur_garnettii ENSOGAG00000010139
tupaia_belangeri ENSTBEG00000009649
choloepus_hoffmanni ENSCHOG00000005155
dasypus_novemcinctus ENSDNOG00000037740
loxodonta_africana ENSLAFG00000002574
echinops_telfairi ENSETEG00000017562
procavia_capensis ENSPCAG00000003197
erinaceus_europaeus ENSEEUG00000004913
ornithorhynchus_anatinus ENSOANG00000008970
heterocephalus_glaber_female ENSHGLG00000001716
heterocephalus_glaber_male ENSHGLG00100000801
tetraodon_nigroviridis ENSTNIG00000004034
phascolarctos_cinereus ENSPCIG00000027075
notamacropus_eugenii ENSMEUG00000001441
sarcophilus_harrisii ENSSHAG00000005053
monodelphis_domestica ENSMODG00000000107
xenopus_tropicalis ENSXETG00000016900
latimeria_chalumnae ENSLACG00000013953
paramormyrops_kingsleyae ENSPKIG00000006679
scleropages_formosus ENSSFOG00015022700
lepisosteus_oculatus ENSLOCG00000005914
apteryx_owenii ENSAOWG00000012656
apteryx_rowi ENSARWG00000006362
apteryx_haastii ENSAHAG00000011721
dromaius_novaehollandiae ENSDNVG00000013064
nothoprocta_perdicaria ENSNPEG00000008711
calidris_pygmaea ENSCPGG00000019409
calidris_pugnax ENSCPUG00000011823
melopsittacus_undulatus ENSMUNG00000015536
lepidothrix_coronata ENSLCOG00000006829
manacus_vitellinus ENSMVIG00005006868
taeniopygia_guttata ENSTGUG00000012418
taeniopygia_guttata ENSTGUG00000015359
lonchura_striata_domestica ENSLSDG00000013415
serinus_canaria ENSSCAG00000014433
zonotrichia_albicollis ENSZALG00000000259
zonotrichia_albicollis ENSZALG00000000184
junco_hyemalis ENSJHYG00000004761
parus_major ENSPMJG00000014876
cyanistes_caeruleus ENSCCEG00000004614
ficedula_albicollis ENSFALG00000008048
anser_brachyrhynchus ENSABRG00000003737
anas_platyrhynchos_platyrhynchos ENSAPLG00000009514
gallus_gallus ENSGALG00000032808
meleagris_gallopavo ENSMGAG00000014972
gallus_gallus ENSGALG00000040808
coturnix_japonica ENSCJPG00005019686
numida_meleagris ENSNMEG00000005810
crocodylus_porosus ENSCPRG00005000330
chrysemys_picta_bellii ENSCPBG00000007986
chelonoidis_abingdonii ENSCABG00000000785
pelodiscus_sinensis ENSPSIG00000005139
anolis_carolinensis ENSACAG00000000984
pogona_vitticeps ENSPVIG00000012593
notechis_scutatus ENSNSUG00000008255
salvator_merianae ENSSMRG00000022985
sphenodon_punctatus ENSSPUG00000007362
phascolarctos_cinereus ENSPCIG00000034063
phascolarctos_cinereus ENSPCIG00000012948
notamacropus_eugenii ENSMEUG00000002578
sarcophilus_harrisii ENSSHAG00000018196
monodelphis_domestica ENSMODG00000014799
myotis_lucifugus ENSMLUG00000004194
pteropus_vampyrus ENSPVAG00000008575
equus_asinus_asinus ENSEASG00005015756
equus_caballus ENSECAG00000015497
canis_lupus_dingo ENSCAFG00020018184
canis_lupus_dingo ENSCAFG00020018183
canis_lupus_familiaris ENSCAFG00000004778
vulpes_vulpes ENSVVUG00000028743
ursus_americanus ENSUAMG00000023990
ursus_maritimus ENSUMAG00000014778
ursus_americanus ENSUAMG00000023989
ailuropoda_melanoleuca ENSAMEG00000008721
neovison_vison ENSNVIG00000001540
mustela_putorius_furo ENSMPUG00000001871
panthera_pardus ENSPPRG00000008553
panthera_tigris_altaica ENSPTIG00000007921
felis_catus ENSFCAG00000007219
bos_mutus ENSBMUG00000005517
bos_taurus ENSBTAG00000038251
bison_bison_bison ENSBBBG00000000798
capra_hircus ENSCHIG00000020957
ovis_aries ENSOARG00000007053
tursiops_truncatus ENSTTRG00000010386
sus_scrofa ENSSSCG00000009435
vicugna_pacos ENSVPAG00000002566
sorex_araneus ENSSARG00000002325
pan_troglodytes ENSPTRG00000005816
pan_paniscus ENSPPAG00000027330
homo_sapiens ENSG00000172766
gorilla_gorilla ENSGGOG00000015823
gorilla_gorilla ENSGGOG00000023196
pongo_abelii ENSPPYG00000005314
nomascus_leucogenys ENSNLEG00000001282
cebus_capucinus ENSCCAG00000027828
saimiri_boliviensis_boliviensis ENSSBOG00000030176
callithrix_jacchus ENSCJAG00000017696
piliocolobus_tephrosceles ENSPTEG00000026366
colobus_angolensis_palliatus ENSCANG00000033930
rhinopithecus_roxellana ENSRROG00000031116
rhinopithecus_bieti ENSRBIG00000037675
papio_anubis ENSPANG00000012072
theropithecus_gelada ENSTGEG00000000996
mandrillus_leucophaeus ENSMLEG00000030571
macaca_mulatta ENSMMUG00000011590
macaca_fascicularis ENSMFAG00000043606
macaca_nemestrina ENSMNEG00000036159
chlorocebus_sabaeus ENSCSAG00000017833
cercocebus_atys ENSCATG00000041542
aotus_nancymaae ENSANAG00000027984
carlito_syrichta ENSTSYG00000007379
microcebus_murinus ENSMICG00000017489
propithecus_coquereli ENSPCOG00000015796
prolemur_simus ENSPSMG00000003373
otolemur_garnettii ENSOGAG00000007188
tupaia_belangeri ENSTBEG00000004973
heterocephalus_glaber_female ENSHGLG00000008702
heterocephalus_glaber_male ENSHGLG00100012651
chinchilla_lanigera ENSCLAG00000000566
spermophilus_dauricus ENSSDAG00000008760
urocitellus_parryii ENSUPAG00010022237
marmota_marmota_marmota ENSMMMG00000000060
ictidomys_tridecemlineatus ENSSTOG00000002798
castor_canadensis ENSCCNG00000020230
dipodomys_ordii ENSDORG00000012584
cricetulus_griseus_crigri ENSCGRG00000001695
cricetulus_griseus_crigri-picr ENSCGRG00015000067
cricetulus_griseus_chok1gshd ENSCGRG00001023139
microtus_ochrogaster ENSMOCG00000013086
peromyscus_maniculatus_bairdii ENSPEMG00000021265
mus_spicilegus ENSMSIG00000004556
mus_spretus_strain_spret/eij MGP_SPRETEiJ_G0020434
mus_musculus ENSMUSG00000022020
mus_caroli_strain_caroli_eij MGP_CAROLIEiJ_G0019538
mus_pahari MGP_PahariEiJ_G0030556
rattus_norvegicus ENSRNOG00000045863
nannospalax_galili ENSNGAG00000004140
oryctolagus_cuniculus ENSOCUG00000013024
ochotona_princeps ENSOPRG00000008517
choloepus_hoffmanni ENSCHOG00000004216
dasypus_novemcinctus ENSDNOG00000004473
procavia_capensis ENSPCAG00000000866
echinops_telfairi ENSETEG00000019278
loxodonta_africana ENSLAFG00000003231
ornithorhynchus_anatinus ENSOANG00000004627
xenopus_tropicalis ENSXETG00000018897
latimeria_chalumnae ENSLACG00000010903
ornithorhynchus_anatinus ENSOANG00000029563
eptatretus_burgeri ENSEBUG00000015049
petromyzon_marinus ENSPMAG00000005506
ciona_savignyi ENSCSAVG00000000732
ciona_intestinalis ENSCING00000005291
drosophila_melanogaster FBgn0031020
caenorhabditis_elegans_strain_n2 WBGene00021754
piliocolobus_tephrosceles ENSPTEG00000020736
piliocolobus_tephrosceles ENSPTEG00000008435
saccharomyces_cerevisiae YDL040C
propithecus_coquereli ENSPCOG00000022768
microcebus_murinus ENSMICG00000031690
ursus_americanus ENSUAMG00000008462
choloepus_hoffmanni ENSCHOG00000006875
ursus_americanus ENSUAMG00000008491
ursus_maritimus ENSUMAG00000008494
ailuropoda_melanoleuca ENSAMEG00000008360
neovison_vison ENSNVIG00000016183
mustela_putorius_furo ENSMPUG00000002328
canis_lupus_dingo ENSCAFG00020017088
canis_lupus_familiaris ENSCAFG00000008792
vulpes_vulpes ENSVVUG00000012553
panthera_pardus ENSPPRG00000011674
panthera_tigris_altaica ENSPTIG00000020640
felis_catus ENSFCAG00000003884
equus_caballus ENSECAG00000008754
equus_asinus_asinus ENSEASG00005009947
pteropus_vampyrus ENSPVAG00000012402
myotis_lucifugus ENSMLUG00000008262
bos_taurus ENSBTAG00000006666
bos_mutus ENSBMUG00000007463
bison_bison_bison ENSBBBG00000013295
capra_hircus ENSCHIG00000010664
ovis_aries ENSOARG00000010295
tursiops_truncatus ENSTTRG00000010797
sus_scrofa ENSSSCG00000009887
vicugna_pacos ENSVPAG00000006997
erinaceus_europaeus ENSEEUG00000005347
pan_troglodytes ENSPTRG00000005469
pan_paniscus ENSPPAG00000040769
gorilla_gorilla ENSGGOG00000007161
homo_sapiens ENSG00000111300
pongo_abelii ENSPPYG00000004972
nomascus_leucogenys ENSNLEG00000000033
piliocolobus_tephrosceles ENSPTEG00000010525
colobus_angolensis_palliatus ENSCANG00000028731
rhinopithecus_bieti ENSRBIG00000041396
mandrillus_leucophaeus ENSMLEG00000041295
macaca_nemestrina ENSMNEG00000014428
macaca_mulatta ENSMMUG00000013917
macaca_fascicularis ENSMFAG00000039818
papio_anubis ENSPANG00000010015
theropithecus_gelada ENSTGEG00000019468
chlorocebus_sabaeus ENSCSAG00000002516
cercocebus_atys ENSCATG00000036764
rhinopithecus_roxellana ENSRROG00000033923
cebus_capucinus ENSCCAG00000034272
callithrix_jacchus ENSCJAG00000012131
saimiri_boliviensis_boliviensis ENSSBOG00000029596
aotus_nancymaae ENSANAG00000021267
carlito_syrichta ENSTSYG00000014449
prolemur_simus ENSPSMG00000025783
microcebus_murinus ENSMICG00000013873
otolemur_garnettii ENSOGAG00000012003
tupaia_belangeri ENSTBEG00000003826
chinchilla_lanigera ENSCLAG00000013686
octodon_degus ENSODEG00000010753
cavia_porcellus ENSCPOG00000013361
cavia_aperea ENSCAPG00000004015
heterocephalus_glaber_male ENSHGLG00100017672
heterocephalus_glaber_female ENSHGLG00000017392
fukomys_damarensis ENSFDAG00000012797
ictidomys_tridecemlineatus ENSSTOG00000012699
spermophilus_dauricus ENSSDAG00000014414
urocitellus_parryii ENSUPAG00010007071
marmota_marmota_marmota ENSMMMG00000005354
oryctolagus_cuniculus ENSOCUG00000007226
ochotona_princeps ENSOPRG00000011691
loxodonta_africana ENSLAFG00000013882
procavia_capensis ENSPCAG00000014428
dasypus_novemcinctus ENSDNOG00000041993
cricetulus_griseus_crigri-picr ENSCGRG00015026622
cricetulus_griseus_chok1gshd ENSCGRG00001014602
cricetulus_griseus_crigri ENSCGRG00000012516
peromyscus_maniculatus_bairdii ENSPEMG00000015654
microtus_ochrogaster ENSMOCG00000017243
mus_spicilegus ENSMSIG00000010778
mus_spretus_strain_spret/eij MGP_SPRETEiJ_G0028679
mus_musculus ENSMUSG00000042719
mus_caroli_strain_caroli_eij MGP_CAROLIEiJ_G0027681
mus_pahari MGP_PahariEiJ_G0024261
rattus_norvegicus ENSRNOG00000001350
meriones_unguiculatus ENSMUGG00000014002
jaculus_jaculus ENSJJAG00000012893
dipodomys_ordii ENSDORG00000026744
echinops_telfairi ENSETEG00000015263
sorex_araneus ENSSARG00000011429
phascolarctos_cinereus ENSPCIG00000018078
notamacropus_eugenii ENSMEUG00000007155
sarcophilus_harrisii ENSSHAG00000009351
monodelphis_domestica ENSMODG00000002917
ornithorhynchus_anatinus ENSOANG00000004803
calidris_pygmaea ENSCPGG00000018637
calidris_pugnax ENSCPUG00000006849
lepidothrix_coronata ENSLCOG00000010655
manacus_vitellinus ENSMVIG00005016868
taeniopygia_guttata ENSTGUG00000006656
lonchura_striata_domestica ENSLSDG00000004992
junco_hyemalis ENSJHYG00000010431
zonotrichia_albicollis ENSZALG00000002938
serinus_canaria ENSSCAG00000008176
ficedula_albicollis ENSFALG00000008983
parus_major ENSPMJG00000004730
cyanistes_caeruleus ENSCCEG00000004422
melopsittacus_undulatus ENSMUNG00000015986
anser_brachyrhynchus ENSABRG00000019807
anas_platyrhynchos_platyrhynchos ENSAPLG00000008475
gallus_gallus ENSGALG00000041821
coturnix_japonica ENSCJPG00005007035
meleagris_gallopavo ENSMGAG00000005479
numida_meleagris ENSNMEG00000021014
apteryx_owenii ENSAOWG00000019046
apteryx_rowi ENSARWG00000008020
apteryx_haastii ENSAHAG00000016934
dromaius_novaehollandiae ENSDNVG00000014516
nothoprocta_perdicaria ENSNPEG00000004755
crocodylus_porosus ENSCPRG00005014635
chelonoidis_abingdonii ENSCABG00000016230
gopherus_agassizii ENSGAGG00000004969
chrysemys_picta_bellii ENSCPBG00000003718
pelodiscus_sinensis ENSPSIG00000003470
pelodiscus_sinensis ENSPSIG00000012632
pelodiscus_sinensis ENSPSIG00000005836
anolis_carolinensis ENSACAG00000009408
pogona_vitticeps ENSPVIG00000008344
notechis_scutatus ENSNSUG00000011660
salvator_merianae ENSSMRG00000009287
sphenodon_punctatus ENSSPUG00000010075
xenopus_tropicalis ENSXETG00000004301
mesocricetus_auratus ENSMAUG00000010129
nannospalax_galili ENSNGAG00000017782
latimeria_chalumnae ENSLACG00000010192
pygocentrus_nattereri ENSPNAG00000012760
astyanax_mexicanus ENSAMXG00000019973
ictalurus_punctatus ENSIPUG00000014297
danio_rerio ENSDARG00000075446
takifugu_rubripes ENSTRUG00000018548
tetraodon_nigroviridis ENSTNIG00000013525
gasterosteus_aculeatus ENSGACG00000000334
poecilia_formosa ENSPFOG00000008401
poecilia_mexicana ENSPMEG00000016183
poecilia_latipinna ENSPLAG00000021358
poecilia_reticulata ENSPREG00000016454
xiphophorus_maculatus ENSXMAG00000005930
xiphophorus_couchianus ENSXCOG00000010203
gambusia_affinis ENSGAFG00000005513
cyprinodon_variegatus ENSCVAG00000006108
fundulus_heteroclitus ENSFHEG00000020589
kryptolebias_marmoratus ENSKMAG00000015517
oryzias_latipes_asm223469v1 ENSORLG00015004601
oryzias_latipes ENSORLG00020017915
oryzias_latipes ENSORLG00000024199
oryzias_melastigma ENSOMEG00000023413
mastacembelus_armatus ENSMAMG00000011028
monopterus_albus ENSMALG00000020297
maylandia_zebra ENSMZEG00005008371
pundamilia_nyererei ENSPNYG00000003300
astatotilapia_calliptera ENSACLG00000024116
haplochromis_burtoni ENSHBUG00000010313
neolamprologus_brichardi ENSNBRG00000018460
oreochromis_niloticus ENSONIG00000011296
amphilophus_citrinellus ENSACIG00000018617
cynoglossus_semilaevis ENSCSEG00000012364
labrus_bergylta ENSLBEG00000014259
mola_mola ENSMMOG00000009444
amphiprion_ocellaris ENSAOCG00000012402
amphiprion_percula ENSAPEG00000010428
acanthochromis_polyacanthus ENSAPOG00000007468
stegastes_partitus ENSSPAG00000015520
seriola_dumerili ENSSDUG00000023588
seriola_lalandi_dorsalis ENSSLDG00000010960
scophthalmus_maximus ENSSMAG00000016014
anabas_testudineus ENSATEG00000003633
hippocampus_comes ENSHCOG00000000876
gadus_morhua ENSGMOG00000012355
esox_lucius ENSELUG00000002508
paramormyrops_kingsleyae ENSPKIG00000023372
scleropages_formosus ENSSFOG00015017785
periophthalmus_magnuspinnatus ENSPMGG00000017253
lepisosteus_oculatus ENSLOCG00000007981
eptatretus_burgeri ENSEBUG00000000342
ciona_intestinalis ENSCING00000013487
ciona_savignyi ENSCSAVG00000003988
drosophila_melanogaster FBgn0243511
caenorhabditis_elegans_strain_n2 WBGene00020068
saccharomyces_cerevisiae YOL076W
