astyanax_mexicanus ENSAMXG00000025187
astyanax_mexicanus ENSAMXG00005021647
pygocentrus_nattereri ENSPNAG00000014831
electrophorus_electricus ENSEEEG00000018470
ictalurus_punctatus ENSIPUG00000022554
danio_rerio ENSDARG00000088260
clupea_harengus ENSCHAG00000026547
denticeps_clupeoides ENSDCDG00000014280
hucho_hucho ENSHHUG00000007842
esox_lucius ENSELUG00000017477
oryzias_latipes ENSORLG00020008422
oryzias_latipes ENSORLG00015022600
oryzias_latipes ENSORLG00000010287
parambassis_ranga ENSPRNG00000018195
gasterosteus_aculeatus ENSGACG00000010431
amphiprion_percula ENSAPEG00000017256
amphiprion_ocellaris ENSAOCG00000003416
acanthochromis_polyacanthus ENSAPOG00000002358
stegastes_partitus ENSSPAG00000005252
haplochromis_burtoni ENSHBUG00000010491
pundamilia_nyererei ENSPNYG00000021226
neolamprologus_brichardi ENSNBRG00000000843
amphilophus_citrinellus ENSACIG00000006934
poecilia_mexicana ENSPMEG00000018167
poecilia_reticulata ENSPREG00000005283
gambusia_affinis ENSGAFG00000009453
cyprinodon_variegatus ENSCVAG00000006821
fundulus_heteroclitus ENSFHEG00000017724
kryptolebias_marmoratus ENSKMAG00000007907
monopterus_albus ENSMALG00000008417
labrus_bergylta ENSLBEG00000018778
mola_mola ENSMMOG00000005594
anabas_testudineus ENSATEG00000003163
scophthalmus_maximus ENSSMAG00000008317
seriola_dumerili ENSSDUG00000018079
lates_calcarifer ENSLCAG00010027858
seriola_dumerili ENSSDUG00000018069
seriola_lalandi ENSSLDG00000018358
scophthalmus_maximus ENSSMAG00000008329
fundulus_heteroclitus ENSFHEG00000017712
cyprinodon_variegatus ENSCVAG00000006837
poecilia_mexicana ENSPMEG00000018196
poecilia_formosa ENSPFOG00000006191
poecilia_reticulata ENSPREG00000005273
xiphophorus_maculatus ENSXMAG00000019444
gambusia_affinis ENSGAFG00000009440
kryptolebias_marmoratus ENSKMAG00000007923
anabas_testudineus ENSATEG00000003229
anabas_testudineus ENSATEG00000003250
betta_splendens ENSBSLG00000014809
mastacembelus_armatus ENSMAMG00000011285
lates_calcarifer ENSLCAG00010027863
lates_calcarifer ENSLCAG00010027860
amphiprion_ocellaris ENSAOCG00000003433
amphiprion_percula ENSAPEG00000017270
acanthochromis_polyacanthus ENSAPOG00000002344
stegastes_partitus ENSSPAG00000005267
anabas_testudineus ENSATEG00000003204
haplochromis_burtoni ENSHBUG00000010473
astatotilapia_calliptera ENSACLG00000006461
maylandia_zebra ENSMZEG00005013815
pundamilia_nyererei ENSPNYG00000021214
neolamprologus_brichardi ENSNBRG00000000872
oreochromis_niloticus ENSONIG00000011824
amphilophus_citrinellus ENSACIG00000006917
larimichthys_crocea ENSLCRG00005020612
labrus_bergylta ENSLBEG00000018765
oryzias_latipes ENSORLG00015022642
oryzias_latipes ENSORLG00000028073
oryzias_latipes ENSORLG00020008444
oryzias_melastigma ENSOMEG00000007340
parambassis_ranga ENSPRNG00000018196
mola_mola ENSMMOG00000005597
cottoperca_gobio ENSCGOG00000007512
gouania_willdenowi ENSGWIG00000026727
takifugu_rubripes ENSTRUG00000023008
scleropages_formosus ENSSFOG00015009887
lepisosteus_oculatus ENSLOCG00000017859
erpetoichthys_calabaricus ENSECRG00000013530
latimeria_chalumnae ENSLACG00000015882
hucho_hucho ENSHHUG00000025987
esox_lucius ENSELUG00000017166
clupea_harengus ENSCHAG00000016564
scleropages_formosus ENSSFOG00015007829
astyanax_mexicanus ENSAMXG00000025547
astyanax_mexicanus ENSAMXG00005006865
pygocentrus_nattereri ENSPNAG00000012118
electrophorus_electricus ENSEEEG00000014562
ictalurus_punctatus ENSIPUG00000009280
danio_rerio ENSDARG00000086903
denticeps_clupeoides ENSDCDG00000016587
lepisosteus_oculatus ENSLOCG00000017862
erpetoichthys_calabaricus ENSECRG00000013538
astyanax_mexicanus ENSAMXG00005016546
astyanax_mexicanus ENSAMXG00000026111
pygocentrus_nattereri ENSPNAG00000015816
electrophorus_electricus ENSEEEG00000004215
ictalurus_punctatus ENSIPUG00000001531
scleropages_formosus ENSSFOG00015005862
lepisosteus_oculatus ENSLOCG00000005879
hucho_hucho ENSHHUG00000052060
hucho_hucho ENSHHUG00000005549
erpetoichthys_calabaricus ENSECRG00000007435
latimeria_chalumnae ENSLACG00000018888
poecilia_formosa ENSPFOG00000005274
poecilia_mexicana ENSPMEG00000007652
cyprinodon_variegatus ENSCVAG00000003718
cyprinodon_variegatus ENSCVAG00000003734
oryzias_melastigma ENSOMEG00000015239
oryzias_melastigma ENSOMEG00000015253
oryzias_melastigma ENSOMEG00000013250
oryzias_melastigma ENSOMEG00000013589
oryzias_latipes ENSORLG00000027961
oryzias_latipes ENSORLG00015008571
haplochromis_burtoni ENSHBUG00000018939
pundamilia_nyererei ENSPNYG00000009627
neolamprologus_brichardi ENSNBRG00000009062
pundamilia_nyererei ENSPNYG00000009654
oreochromis_niloticus ENSONIG00000009460
amphilophus_citrinellus ENSACIG00000023385
haplochromis_burtoni ENSHBUG00000019410
neolamprologus_brichardi ENSNBRG00000009049
amphilophus_citrinellus ENSACIG00000018452
amphilophus_citrinellus ENSACIG00000009062
astatotilapia_calliptera ENSACLG00000019044
amphiprion_ocellaris ENSAOCG00000010944
acanthochromis_polyacanthus ENSAPOG00000010190
cottoperca_gobio ENSCGOG00000016899
hucho_hucho ENSHHUG00000046889
hucho_hucho ENSHHUG00000046895
hucho_hucho ENSHHUG00000046887
hucho_hucho ENSHHUG00000027926
hucho_hucho ENSHHUG00000027906
erpetoichthys_calabaricus ENSECRG00000001868
erpetoichthys_calabaricus ENSECRG00000001897
erpetoichthys_calabaricus ENSECRG00000001880
danio_rerio ENSDARG00000091730
danio_rerio ENSDARG00000099735
danio_rerio ENSDARG00000099325
danio_rerio ENSDARG00000069769
danio_rerio ENSDARG00000103447
danio_rerio ENSDARG00000098463
danio_rerio ENSDARG00000103444
danio_rerio ENSDARG00000075757
danio_rerio ENSDARG00000098772
pygocentrus_nattereri ENSPNAG00000015845
pygocentrus_nattereri ENSPNAG00000015811
astyanax_mexicanus ENSAMXG00000041087
astyanax_mexicanus ENSAMXG00000026038
astyanax_mexicanus ENSAMXG00000004144
astyanax_mexicanus ENSAMXG00000026110
astyanax_mexicanus ENSAMXG00000032512
astyanax_mexicanus ENSAMXG00005016453
electrophorus_electricus ENSEEEG00000004220
electrophorus_electricus ENSEEEG00000004218
ictalurus_punctatus ENSIPUG00000001510
clupea_harengus ENSCHAG00000005834
hucho_hucho ENSHHUG00000047635
hucho_hucho ENSHHUG00000044705
hucho_hucho ENSHHUG00000036843
denticeps_clupeoides ENSDCDG00000008786
scleropages_formosus ENSSFOG00015005900
scleropages_formosus ENSSFOG00015005912
scleropages_formosus ENSSFOG00015005869
scleropages_formosus ENSSFOG00015005876
lepisosteus_oculatus ENSLOCG00000005897
erpetoichthys_calabaricus ENSECRG00000001715
erpetoichthys_calabaricus ENSECRG00000001974
erpetoichthys_calabaricus ENSECRG00000001416
erpetoichthys_calabaricus ENSECRG00000001325
latimeria_chalumnae ENSLACG00000015833
latimeria_chalumnae ENSLACG00000000239
xenopus_tropicalis ENSXETG00000013801
xenopus_tropicalis ENSXETG00000013791
xenopus_tropicalis ENSXETG00000013805
xenopus_tropicalis ENSXETG00000013797
xenopus_tropicalis ENSXETG00000013786
pygocentrus_nattereri ENSPNAG00000026625
ictalurus_punctatus ENSIPUG00000000101
astyanax_mexicanus ENSAMXG00005025432
astyanax_mexicanus ENSAMXG00000016000
astyanax_mexicanus ENSAMXG00000030672
pygocentrus_nattereri ENSPNAG00000021255
electrophorus_electricus ENSEEEG00000019338
electrophorus_electricus ENSEEEG00000015141
ictalurus_punctatus ENSIPUG00000005433
astyanax_mexicanus ENSAMXG00005006437
astyanax_mexicanus ENSAMXG00000043196
pygocentrus_nattereri ENSPNAG00000026634
ictalurus_punctatus ENSIPUG00000007003
ictalurus_punctatus ENSIPUG00000007035
clupea_harengus ENSCHAG00000007470
electrophorus_electricus ENSEEEG00000012726
paramormyrops_kingsleyae ENSPKIG00000003192
paramormyrops_kingsleyae ENSPKIG00000000863
paramormyrops_kingsleyae ENSPKIG00000000927
paramormyrops_kingsleyae ENSPKIG00000000878
paramormyrops_kingsleyae ENSPKIG00000024607
paramormyrops_kingsleyae ENSPKIG00000025437
paramormyrops_kingsleyae ENSPKIG00000014377
paramormyrops_kingsleyae ENSPKIG00000001665
paramormyrops_kingsleyae ENSPKIG00000021656
paramormyrops_kingsleyae ENSPKIG00000014390
lepisosteus_oculatus ENSLOCG00000018186
petromyzon_marinus ENSPMAG00000005660
petromyzon_marinus ENSPMAG00000010332
petromyzon_marinus ENSPMAG00000007294
