oryzias_latipes_asm223469v1 ENSORLG00015006587
oryzias_latipes ENSORLG00000013876
oryzias_latipes ENSORLG00020016387
oryzias_melastigma ENSOMEG00000015902
gasterosteus_aculeatus ENSGACG00000002529
cynoglossus_semilaevis ENSCSEG00000000278
maylandia_zebra ENSMZEG00005016250
astatotilapia_calliptera ENSACLG00000000819
pundamilia_nyererei ENSPNYG00000006972
haplochromis_burtoni ENSHBUG00000018554
oreochromis_niloticus ENSONIG00000010745
amphilophus_citrinellus ENSACIG00000015288
amphiprion_ocellaris ENSAOCG00000023424
amphiprion_percula ENSAPEG00000005883
acanthochromis_polyacanthus ENSAPOG00000016717
stegastes_partitus ENSSPAG00000016671
labrus_bergylta ENSLBEG00000007542
seriola_lalandi_dorsalis ENSSLDG00000004896
seriola_dumerili ENSSDUG00000003438
scophthalmus_maximus ENSSMAG00000000265
monopterus_albus ENSMALG00000009929
mastacembelus_armatus ENSMAMG00000012242
anabas_testudineus ENSATEG00000005791
tetraodon_nigroviridis ENSTNIG00000004529
tetraodon_nigroviridis ENSTNIG00000004528
takifugu_rubripes ENSTRUG00000002411
mola_mola ENSMMOG00000002567
xiphophorus_maculatus ENSXMAG00000006216
xiphophorus_couchianus ENSXCOG00000013575
poecilia_formosa ENSPFOG00000002391
poecilia_mexicana ENSPMEG00000013265
poecilia_reticulata ENSPREG00000019243
gambusia_affinis ENSGAFG00000015128
fundulus_heteroclitus ENSFHEG00000017051
cyprinodon_variegatus ENSCVAG00000015966
kryptolebias_marmoratus ENSKMAG00000010187
hippocampus_comes ENSHCOG00000000464
periophthalmus_magnuspinnatus ENSPMGG00000001988
gadus_morhua ENSGMOG00000002280
esox_lucius ENSELUG00000013650
pygocentrus_nattereri ENSPNAG00000021919
astyanax_mexicanus ENSAMXG00000000968
ictalurus_punctatus ENSIPUG00000006434
danio_rerio ENSDARG00000100875
scleropages_formosus ENSSFOG00015022951
paramormyrops_kingsleyae ENSPKIG00000004115
lepisosteus_oculatus ENSLOCG00000002584
phascolarctos_cinereus ENSPCIG00000011004
notamacropus_eugenii ENSMEUG00000001328
sarcophilus_harrisii ENSSHAG00000008348
monodelphis_domestica ENSMODG00000015214
pan_paniscus ENSPPAG00000040205
pan_troglodytes ENSPTRG00000008391
homo_sapiens ENSG00000261609
pongo_abelii ENSPPYG00000007588
nomascus_leucogenys ENSNLEG00000010617
piliocolobus_tephrosceles ENSPTEG00000012481
colobus_angolensis_palliatus ENSCANG00000030395
rhinopithecus_roxellana ENSRROG00000000822
rhinopithecus_bieti ENSRBIG00000041752
theropithecus_gelada ENSTGEG00000016505
cercocebus_atys ENSCATG00000037337
macaca_nemestrina ENSMNEG00000042633
macaca_fascicularis ENSMFAG00000033724
macaca_mulatta ENSMMUG00000015029
chlorocebus_sabaeus ENSCSAG00000003492
otolemur_garnettii ENSOGAG00000012484
ictidomys_tridecemlineatus ENSSTOG00000007492
marmota_marmota_marmota ENSMMMG00000012233
dipodomys_ordii ENSDORG00000007841
urocitellus_parryii ENSUPAG00010008708
castor_canadensis ENSCCNG00000029031
oryctolagus_cuniculus ENSOCUG00000001073
ochotona_princeps ENSOPRG00000003458
equus_asinus_asinus ENSEASG00005013631
equus_caballus ENSECAG00000012155
vicugna_pacos ENSVPAG00000008584
erinaceus_europaeus ENSEEUG00000002079
myotis_lucifugus ENSMLUG00000014891
pteropus_vampyrus ENSPVAG00000010943
canis_lupus_familiaris ENSCAFG00000019999
canis_lupus_dingo ENSCAFG00020002506
ursus_americanus ENSUAMG00000006697
mustela_putorius_furo ENSMPUG00000009551
neovison_vison ENSNVIG00000020231
panthera_pardus ENSPPRG00000004887
panthera_tigris_altaica ENSPTIG00000012567
felis_catus ENSFCAG00000028273
loxodonta_africana ENSLAFG00000013109
cebus_capucinus ENSCCAG00000016849
saimiri_boliviensis_boliviensis ENSSBOG00000024113
callithrix_jacchus ENSCJAG00000016571
aotus_nancymaae ENSANAG00000033975
mus_spretus_strain_spret/eij MGP_SPRETEiJ_G0032726
mus_spicilegus ENSMSIG00000021114
mus_musculus ENSMUSG00000052557
mus_caroli_strain_caroli_eij MGP_CAROLIEiJ_G0031608
mus_pahari MGP_PahariEiJ_G0023206
rattus_norvegicus ENSRNOG00000012671
meriones_unguiculatus ENSMUGG00000019493
cricetulus_griseus_chok1gshd ENSCGRG00001010582
peromyscus_maniculatus_bairdii ENSPEMG00000020147
microtus_ochrogaster ENSMOCG00000022503
nannospalax_galili ENSNGAG00000015938
jaculus_jaculus ENSJJAG00000022642
echinops_telfairi ENSETEG00000013096
dasypus_novemcinctus ENSDNOG00000000417
choloepus_hoffmanni ENSCHOG00000008651
procavia_capensis ENSPCAG00000000217
carlito_syrichta ENSTSYG00000036909
sorex_araneus ENSSARG00000011713
propithecus_coquereli ENSPCOG00000016506
microcebus_murinus ENSMICG00000014957
prolemur_simus ENSPSMG00000005802
tursiops_truncatus ENSTTRG00000006791
sus_scrofa ENSSSCG00000002690
chinchilla_lanigera ENSCLAG00000000989
octodon_degus ENSODEG00000014419
cavia_porcellus ENSCPOG00000010223
heterocephalus_glaber_female ENSHGLG00000018670
heterocephalus_glaber_male ENSHGLG00100007758
bison_bison_bison ENSBBBG00000008171
bos_mutus ENSBMUG00000006681
capra_hircus ENSCHIG00000025169
fukomys_damarensis ENSFDAG00000014548
cavia_aperea ENSCAPG00000011577
cricetulus_griseus_crigri ENSCGRG00000015007
cricetulus_griseus_crigri-picr ENSCGRG00015023738
papio_anubis ENSPANG00000008267
mandrillus_leucophaeus ENSMLEG00000037931
gorilla_gorilla ENSGGOG00000014214
spermophilus_dauricus ENSSDAG00000002740
tupaia_belangeri ENSTBEG00000000096
ailuropoda_melanoleuca ENSAMEG00000014009
ursus_maritimus ENSUMAG00000015243
ovis_aries ENSOARG00000008689
bos_taurus ENSBTAG00000009428
ornithorhynchus_anatinus ENSOANG00000009351
ornithorhynchus_anatinus ENSOANG00000031831
ornithorhynchus_anatinus ENSOANG00000030001
lepidothrix_coronata ENSLCOG00000014636
manacus_vitellinus ENSMVIG00005012838
zonotrichia_albicollis ENSZALG00000013384
serinus_canaria ENSSCAG00000006604
lonchura_striata_domestica ENSLSDG00000015968
taeniopygia_guttata ENSTGUG00000004495
ficedula_albicollis ENSFALG00000006805
parus_major ENSPMJG00000013990
cyanistes_caeruleus ENSCCEG00000008093
calidris_pygmaea ENSCPGG00000017289
calidris_pugnax ENSCPUG00000008662
melopsittacus_undulatus ENSMUNG00000014706
anser_brachyrhynchus ENSABRG00000011136
anas_platyrhynchos_platyrhynchos ENSAPLG00000010354
gallus_gallus ENSGALG00000013437
meleagris_gallopavo ENSMGAG00000006826
coturnix_japonica ENSCJPG00005014700
numida_meleagris ENSNMEG00000018753
apteryx_owenii ENSAOWG00000006029
apteryx_haastii ENSAHAG00000016927
apteryx_rowi ENSARWG00000015750
dromaius_novaehollandiae ENSDNVG00000012544
nothoprocta_perdicaria ENSNPEG00000000424
crocodylus_porosus ENSCPRG00005005955
anolis_carolinensis ENSACAG00000009119
pogona_vitticeps ENSPVIG00000013233
notechis_scutatus ENSNSUG00000010426
salvator_merianae ENSSMRG00000011590
sphenodon_punctatus ENSSPUG00000008470
chelonoidis_abingdonii ENSCABG00000021567
gopherus_agassizii ENSGAGG00000010175
chrysemys_picta_bellii ENSCPBG00000023962
pelodiscus_sinensis ENSPSIG00000003693
xenopus_tropicalis ENSXETG00000018044
latimeria_chalumnae ENSLACG00000009288
poecilia_latipinna ENSPLAG00000010985
gambusia_affinis ENSGAFG00000014473
acanthochromis_polyacanthus ENSAPOG00000010192
acanthochromis_polyacanthus ENSAPOG00000010178
neolamprologus_brichardi ENSNBRG00000016567
mesocricetus_auratus ENSMAUG00000009114
papio_anubis ENSPANG00000030276
panthera_pardus ENSPPRG00000019706
calidris_pugnax ENSCPUG00000008660
salvator_merianae ENSSMRG00000004453
pogona_vitticeps ENSPVIG00000023067
cyanistes_caeruleus ENSCCEG00000014402
parus_major ENSPMJG00000004411
zonotrichia_albicollis ENSZALG00000001553
junco_hyemalis ENSJHYG00000014401
serinus_canaria ENSSCAG00000000746
manacus_vitellinus ENSMVIG00005019690
lepidothrix_coronata ENSLCOG00000007206
calidris_pygmaea ENSCPGG00000018405
calidris_pugnax ENSCPUG00000012933
taeniopygia_guttata ENSTGUG00000000068
gallus_gallus ENSGALG00000000407
coturnix_japonica ENSCJPG00005006062
meleagris_gallopavo ENSMGAG00000000744
numida_meleagris ENSNMEG00000007682
melopsittacus_undulatus ENSMUNG00000012854
anser_brachyrhynchus ENSABRG00000006111
anas_platyrhynchos_platyrhynchos ENSAPLG00000029055
apteryx_owenii ENSAOWG00000014634
parus_major ENSPMJG00000004407
paramormyrops_kingsleyae ENSPKIG00000011358
scleropages_formosus ENSSFOG00015006709
ictalurus_punctatus ENSIPUG00000024999
astyanax_mexicanus ENSAMXG00000021632
seriola_lalandi_dorsalis ENSSLDG00000016352
seriola_dumerili ENSSDUG00000001881
scophthalmus_maximus ENSSMAG00000004184
takifugu_rubripes ENSTRUG00000012838
tetraodon_nigroviridis ENSTNIG00000015526
hippocampus_comes ENSHCOG00000020250
monopterus_albus ENSMALG00000014505
mastacembelus_armatus ENSMAMG00000005414
anabas_testudineus ENSATEG00000008586
fundulus_heteroclitus ENSFHEG00000006356
cyprinodon_variegatus ENSCVAG00000021074
xiphophorus_maculatus ENSXMAG00000018626
xiphophorus_couchianus ENSXCOG00000002581
gambusia_affinis ENSGAFG00000013896
poecilia_latipinna ENSPLAG00000011389
poecilia_formosa ENSPFOG00000012496
poecilia_mexicana ENSPMEG00000011428
poecilia_reticulata ENSPREG00000016703
kryptolebias_marmoratus ENSKMAG00000022150
oryzias_latipes_asm223469v1 ENSORLG00015020000
oryzias_latipes ENSORLG00000005166
oryzias_latipes ENSORLG00020022212
oryzias_melastigma ENSOMEG00000012817
astatotilapia_calliptera ENSACLG00000021095
maylandia_zebra ENSMZEG00005028056
pundamilia_nyererei ENSPNYG00000006923
haplochromis_burtoni ENSHBUG00000004610
neolamprologus_brichardi ENSNBRG00000015780
oreochromis_niloticus ENSONIG00000001800
amphilophus_citrinellus ENSACIG00000006564
labrus_bergylta ENSLBEG00000005177
acanthochromis_polyacanthus ENSAPOG00000015437
lepisosteus_oculatus ENSLOCG00000004375
eptatretus_burgeri ENSEBUG00000005136
petromyzon_marinus ENSPMAG00000006609
