paramormyrops_kingsleyae ENSPKIG00000011657
scleropages_formosus ENSSFOG00015012851
scleropages_formosus ENSSFOG00015023066
paramormyrops_kingsleyae ENSPKIG00000010199
takifugu_rubripes ENSTRUG00000005600
tetraodon_nigroviridis ENSTNIG00000013928
mola_mola ENSMMOG00000019994
anabas_testudineus ENSATEG00000011532
monopterus_albus ENSMALG00000007699
oryzias_latipes_asm223469v1 ENSORLG00015010084
oryzias_latipes ENSORLG00000030050
oryzias_latipes ENSORLG00020015384
oryzias_melastigma ENSOMEG00000008752
seriola_lalandi_dorsalis ENSSLDG00000019858
seriola_dumerili ENSSDUG00000004854
scophthalmus_maximus ENSSMAG00000018538
labrus_bergylta ENSLBEG00000002363
gasterosteus_aculeatus ENSGACG00000003586
hippocampus_comes ENSHCOG00000013165
cynoglossus_semilaevis ENSCSEG00000011287
acanthochromis_polyacanthus ENSAPOG00000005682
stegastes_partitus ENSSPAG00000004715
amphiprion_percula ENSAPEG00000000789
amphiprion_ocellaris ENSAOCG00000009320
maylandia_zebra ENSMZEG00005000387
haplochromis_burtoni ENSHBUG00000003591
pundamilia_nyererei ENSPNYG00000020340
astatotilapia_calliptera ENSACLG00000004152
neolamprologus_brichardi ENSNBRG00000006921
amphilophus_citrinellus ENSACIG00000000207
xiphophorus_maculatus ENSXMAG00000027412
xiphophorus_couchianus ENSXCOG00000018951
poecilia_formosa ENSPFOG00000010900
poecilia_mexicana ENSPMEG00000011884
poecilia_reticulata ENSPREG00000022885
poecilia_latipinna ENSPLAG00000001691
gambusia_affinis ENSGAFG00000021302
fundulus_heteroclitus ENSFHEG00000017069
kryptolebias_marmoratus ENSKMAG00000021946
seriola_lalandi_dorsalis ENSSLDG00000001615
cyprinodon_variegatus ENSCVAG00000016594
mastacembelus_armatus ENSMAMG00000015015
periophthalmus_magnuspinnatus ENSPMGG00000011565
gadus_morhua ENSGMOG00000003717
esox_lucius ENSELUG00000004463
pygocentrus_nattereri ENSPNAG00000009117
astyanax_mexicanus ENSAMXG00000003801
ictalurus_punctatus ENSIPUG00000000321
fundulus_heteroclitus ENSFHEG00000007385
cyprinodon_variegatus ENSCVAG00000007884
poecilia_mexicana ENSPMEG00000021331
poecilia_latipinna ENSPLAG00000001193
poecilia_formosa ENSPFOG00000000827
poecilia_reticulata ENSPREG00000007339
xiphophorus_maculatus ENSXMAG00000024341
xiphophorus_couchianus ENSXCOG00000017404
gambusia_affinis ENSGAFG00000019778
kryptolebias_marmoratus ENSKMAG00000001166
oryzias_latipes ENSORLG00020019596
oryzias_latipes ENSORLG00000029328
oryzias_latipes_asm223469v1 ENSORLG00015017731
oryzias_melastigma ENSOMEG00000003462
gasterosteus_aculeatus ENSGACG00000014137
takifugu_rubripes ENSTRUG00000010009
tetraodon_nigroviridis ENSTNIG00000010349
mola_mola ENSMMOG00000004388
labrus_bergylta ENSLBEG00000014559
amphiprion_ocellaris ENSAOCG00000011781
amphiprion_percula ENSAPEG00000017828
acanthochromis_polyacanthus ENSAPOG00000006382
stegastes_partitus ENSSPAG00000001626
astatotilapia_calliptera ENSACLG00000027062
pundamilia_nyererei ENSPNYG00000009626
maylandia_zebra ENSMZEG00005001867
haplochromis_burtoni ENSHBUG00000006249
neolamprologus_brichardi ENSNBRG00000021223
oreochromis_niloticus ENSONIG00000011970
amphilophus_citrinellus ENSACIG00000018289
scophthalmus_maximus ENSSMAG00000011288
cynoglossus_semilaevis ENSCSEG00000013914
hippocampus_comes ENSHCOG00000012015
anabas_testudineus ENSATEG00000005561
mastacembelus_armatus ENSMAMG00000008474
seriola_dumerili ENSSDUG00000010353
seriola_lalandi_dorsalis ENSSLDG00000003265
monopterus_albus ENSMALG00000008564
periophthalmus_magnuspinnatus ENSPMGG00000013489
gadus_morhua ENSGMOG00000012849
esox_lucius ENSELUG00000000214
ictalurus_punctatus ENSIPUG00000013739
astyanax_mexicanus ENSAMXG00000039067
danio_rerio ENSDARG00000075858
anser_brachyrhynchus ENSABRG00000006580
melopsittacus_undulatus ENSMUNG00000004062
lonchura_striata_domestica ENSLSDG00000017494
serinus_canaria ENSSCAG00000016250
junco_hyemalis ENSJHYG00000017985
zonotrichia_albicollis ENSZALG00000017286
parus_major ENSPMJG00000000925
cyanistes_caeruleus ENSCCEG00000018528
manacus_vitellinus ENSMVIG00005014840
apteryx_owenii ENSAOWG00000007616
apteryx_haastii ENSAHAG00000011677
calidris_pugnax ENSCPUG00000007045
anas_platyrhynchos_platyrhynchos ENSAPLG00000003757
lepidothrix_coronata ENSLCOG00000015158
gallus_gallus ENSGALG00000022762
meleagris_gallopavo ENSMGAG00000014872
numida_meleagris ENSNMEG00000018638
apteryx_rowi ENSARWG00000018190
nothoprocta_perdicaria ENSNPEG00000011333
dromaius_novaehollandiae ENSDNVG00000010734
crocodylus_porosus ENSCPRG00005016702
chrysemys_picta_bellii ENSCPBG00000023293
pelodiscus_sinensis ENSPSIG00000015039
anolis_carolinensis ENSACAG00000006065
pogona_vitticeps ENSPVIG00000000796
notechis_scutatus ENSNSUG00000006846
salvator_merianae ENSSMRG00000000270
sphenodon_punctatus ENSSPUG00000008432
phascolarctos_cinereus ENSPCIG00000018247
xenopus_tropicalis ENSXETG00000017800
ornithorhynchus_anatinus ENSOANG00000014910
notamacropus_eugenii ENSMEUG00000015214
homo_sapiens ENSG00000204442
pan_paniscus ENSPPAG00000017305
gorilla_gorilla ENSGGOG00000016224
macaca_nemestrina ENSMNEG00000027856
papio_anubis ENSPANG00000009295
macaca_mulatta ENSMMUG00000030627
theropithecus_gelada ENSTGEG00000013278
rhinopithecus_bieti ENSRBIG00000034386
piliocolobus_tephrosceles ENSPTEG00000034330
pongo_abelii ENSPPYG00000005492
callithrix_jacchus ENSCJAG00000014696
saimiri_boliviensis_boliviensis ENSSBOG00000025953
cebus_capucinus ENSCCAG00000024975
aotus_nancymaae ENSANAG00000022602
pan_troglodytes ENSPTRG00000031125
pteropus_vampyrus ENSPVAG00000005593
echinops_telfairi ENSETEG00000017548
procavia_capensis ENSPCAG00000010843
choloepus_hoffmanni ENSCHOG00000005000
propithecus_coquereli ENSPCOG00000014441
prolemur_simus ENSPSMG00000016404
microcebus_murinus ENSMICG00000007531
otolemur_garnettii ENSOGAG00000002744
carlito_syrichta ENSTSYG00000003761
tupaia_belangeri ENSTBEG00000014763
panthera_tigris_altaica ENSPTIG00000004377
panthera_pardus ENSPPRG00000007417
felis_catus ENSFCAG00000040781
chinchilla_lanigera ENSCLAG00000003458
octodon_degus ENSODEG00000009813
cavia_aperea ENSCAPG00000005559
cavia_porcellus ENSCPOG00000013221
heterocephalus_glaber_female ENSHGLG00000000757
heterocephalus_glaber_male ENSHGLG00100017642
fukomys_damarensis ENSFDAG00000017715
peromyscus_maniculatus_bairdii ENSPEMG00000000217
microtus_ochrogaster ENSMOCG00000009543
cricetulus_griseus_chok1gshd ENSCGRG00001023371
cricetulus_griseus_crigri ENSCGRG00000004323
cricetulus_griseus_crigri-picr ENSCGRG00015024962
mus_spicilegus ENSMSIG00000010229
mus_spretus_strain_spret/eij MGP_SPRETEiJ_G0031916
mus_musculus ENSMUSG00000079157
mus_caroli_strain_caroli_eij MGP_CAROLIEiJ_G0030808
mus_pahari MGP_PahariEiJ_G0021269
ictidomys_tridecemlineatus ENSSTOG00000002944
urocitellus_parryii ENSUPAG00010011279
marmota_marmota_marmota ENSMMMG00000020209
ochotona_princeps ENSOPRG00000015651
cercocebus_atys ENSCATG00000038677
tursiops_truncatus ENSTTRG00000012019
bos_taurus ENSBTAG00000025220
vicugna_pacos ENSVPAG00000002269
neovison_vison ENSNVIG00000018564
erinaceus_europaeus ENSEEUG00000006845
mesocricetus_auratus ENSMAUG00000009083
jaculus_jaculus ENSJJAG00000011474
canis_lupus_familiaris ENSCAFG00000029765
ailuropoda_melanoleuca ENSAMEG00000004248
equus_caballus ENSECAG00000036059
equus_asinus_asinus ENSEASG00005022076
sus_scrofa ENSSSCG00000040130
sorex_araneus ENSSARG00000014123
myotis_lucifugus ENSMLUG00000002440
loxodonta_africana ENSLAFG00000028991
dasypus_novemcinctus ENSDNOG00000014056
oryctolagus_cuniculus ENSOCUG00000009763
dipodomys_ordii ENSDORG00000025429
chlorocebus_sabaeus ENSCSAG00000000212
macaca_fascicularis ENSMFAG00000030954
capra_hircus ENSCHIG00000011524
rhinopithecus_roxellana ENSRROG00000031330
colobus_angolensis_palliatus ENSCANG00000029905
nomascus_leucogenys ENSNLEG00000031393
capra_hircus ENSCHIG00000000460
ovis_aries ENSOARG00000005484
sus_scrofa ENSSSCG00000009537
canis_lupus_dingo ENSCAFG00020021247
canis_lupus_familiaris ENSCAFG00000031791
vulpes_vulpes ENSVVUG00000020834
ailuropoda_melanoleuca ENSAMEG00000004249
ursus_maritimus ENSUMAG00000022575
myotis_lucifugus ENSMLUG00000029992
equus_asinus_asinus ENSEASG00005022079
equus_caballus ENSECAG00000018753
dasypus_novemcinctus ENSDNOG00000034490
castor_canadensis ENSCCNG00000001382
loxodonta_africana ENSLAFG00000015726
ficedula_albicollis ENSFALG00000015050
ficedula_albicollis ENSFALG00000015064
ficedula_albicollis ENSFALG00000004215
taeniopygia_guttata ENSTGUG00000010796
taeniopygia_guttata ENSTGUG00000010798
crocodylus_porosus ENSCPRG00005016683
pelodiscus_sinensis ENSPSIG00000015358
chelonoidis_abingdonii ENSCABG00000001020
gopherus_agassizii ENSGAGG00000013837
anas_platyrhynchos_platyrhynchos ENSAPLG00000016992
calidris_pygmaea ENSCPGG00000002704
zonotrichia_albicollis ENSZALG00000017285
lonchura_striata_domestica ENSLSDG00000015653
parus_major ENSPMJG00000000881
calidris_pugnax ENSCPUG00000007040
nothoprocta_perdicaria ENSNPEG00000011331
coturnix_japonica ENSCJPG00005015967
gallus_gallus ENSGALG00000026994
numida_meleagris ENSNMEG00000018632
anser_brachyrhynchus ENSABRG00000006565
melopsittacus_undulatus ENSMUNG00000004063
apteryx_rowi ENSARWG00000005323
apteryx_owenii ENSAOWG00000008196
apteryx_haastii ENSAHAG00000015004
dromaius_novaehollandiae ENSDNVG00000018733
sphenodon_punctatus ENSSPUG00000008442
salvator_merianae ENSSMRG00000000315
latimeria_chalumnae ENSLACG00000005121
pygocentrus_nattereri ENSPNAG00000005612
pygocentrus_nattereri ENSPNAG00000004297
latimeria_chalumnae ENSLACG00000013949
lepisosteus_oculatus ENSLOCG00000008886
eptatretus_burgeri ENSEBUG00000001018
