urocitellus_parryii ENSUPAG00010007078
ictidomys_tridecemlineatus ENSSTOG00000015520
spermophilus_dauricus ENSSDAG00000023557
marmota_marmota_marmota ENSMMMG00000021004
dipodomys_ordii ENSDORG00000001043
cricetulus_griseus_chok1gshd ENSCGRG00001024267
cricetulus_griseus_crigri ENSCGRG00000007530
cricetulus_griseus_crigri-picr ENSCGRG00015026338
mesocricetus_auratus ENSMAUG00000011082
microtus_ochrogaster ENSMOCG00000016306
peromyscus_maniculatus_bairdii ENSPEMG00000018386
mus_spretus_strain_spret/eij MGP_SPRETEiJ_G0028065
mus_spicilegus ENSMSIG00000013808
mus_musculus ENSMUSG00000029161
mus_caroli_strain_caroli_eij MGP_CAROLIEiJ_G0027070
mus_pahari MGP_PahariEiJ_G0029311
rattus_norvegicus ENSRNOG00000007923
meriones_unguiculatus ENSMUGG00000027032
nannospalax_galili ENSNGAG00000013644
jaculus_jaculus ENSJJAG00000000578
heterocephalus_glaber_female ENSHGLG00000017028
heterocephalus_glaber_male ENSHGLG00100016756
fukomys_damarensis ENSFDAG00000016051
cavia_porcellus ENSCPOG00000000058
cavia_aperea ENSCAPG00000006244
chinchilla_lanigera ENSCLAG00000008112
prolemur_simus ENSPSMG00000003980
propithecus_coquereli ENSPCOG00000028870
microcebus_murinus ENSMICG00000017044
otolemur_garnettii ENSOGAG00000029392
colobus_angolensis_palliatus ENSCANG00000034745
rhinopithecus_roxellana ENSRROG00000036345
piliocolobus_tephrosceles ENSPTEG00000003308
macaca_mulatta ENSMMUG00000016050
macaca_nemestrina ENSMNEG00000006088
macaca_fascicularis ENSMFAG00000031188
papio_anubis ENSPANG00000011257
nomascus_leucogenys ENSNLEG00000002886
mandrillus_leucophaeus ENSMLEG00000040404
cercocebus_atys ENSCATG00000006363
theropithecus_gelada ENSTGEG00000022792
chlorocebus_sabaeus ENSCSAG00000009550
rhinopithecus_bieti ENSRBIG00000044061
gorilla_gorilla ENSGGOG00000002597
homo_sapiens ENSG00000138028
pan_paniscus ENSPPAG00000025050
pan_troglodytes ENSPTRG00000011747
callithrix_jacchus ENSCJAG00000033953
saimiri_boliviensis_boliviensis ENSSBOG00000028458
cebus_capucinus ENSCCAG00000036183
aotus_nancymaae ENSANAG00000002760
tupaia_belangeri ENSTBEG00000015186
castor_canadensis ENSCCNG00000005785
bos_mutus ENSBMUG00000008443
bos_taurus ENSBTAG00000051104
bison_bison_bison ENSBBBG00000016748
capra_hircus ENSCHIG00000013120
ovis_aries ENSOARG00000019115
tursiops_truncatus ENSTTRG00000005210
pteropus_vampyrus ENSPVAG00000015146
equus_asinus_asinus ENSEASG00005012600
panthera_pardus ENSPPRG00000000715
panthera_tigris_altaica ENSPTIG00000006929
felis_catus ENSFCAG00000009887
erinaceus_europaeus ENSEEUG00000010977
loxodonta_africana ENSLAFG00000014581
procavia_capensis ENSPCAG00000006068
sus_scrofa ENSSSCG00000008555
myotis_lucifugus ENSMLUG00000001376
neovison_vison ENSNVIG00000017356
mustela_putorius_furo ENSMPUG00000009469
ursus_americanus ENSUAMG00000006896
ursus_maritimus ENSUMAG00000021971
ailuropoda_melanoleuca ENSAMEG00000001870
canis_lupus_dingo ENSCAFG00020024744
canis_lupus_familiaris ENSCAFG00000004676
vulpes_vulpes ENSVVUG00000016228
oryctolagus_cuniculus ENSOCUG00000008657
ochotona_princeps ENSOPRG00000006928
carlito_syrichta ENSTSYG00000033272
sorex_araneus ENSSARG00000007291
dasypus_novemcinctus ENSDNOG00000032259
phascolarctos_cinereus ENSPCIG00000032908
notamacropus_eugenii ENSMEUG00000011279
monodelphis_domestica ENSMODG00000015725
salvator_merianae ENSSMRG00000013042
latimeria_chalumnae ENSLACG00000017589
drosophila_melanogaster FBgn0037798
sphenodon_punctatus ENSSPUG00000000762
notechis_scutatus ENSNSUG00000015242
lepidothrix_coronata ENSLCOG00000010727
manacus_vitellinus ENSMVIG00005005906
lonchura_striata_domestica ENSLSDG00000010586
taeniopygia_guttata ENSTGUG00000002627
serinus_canaria ENSSCAG00000010567
junco_hyemalis ENSJHYG00000011271
zonotrichia_albicollis ENSZALG00000002891
cyanistes_caeruleus ENSCCEG00000011724
ficedula_albicollis ENSFALG00000012870
calidris_pygmaea ENSCPGG00000002040
calidris_pugnax ENSCPUG00000001539
melopsittacus_undulatus ENSMUNG00000010053
apteryx_rowi ENSARWG00000013724
apteryx_haastii ENSAHAG00000012539
dromaius_novaehollandiae ENSDNVG00000002393
nothoprocta_perdicaria ENSNPEG00000014567
anser_brachyrhynchus ENSABRG00000001847
anas_platyrhynchos_platyrhynchos ENSAPLG00000023817
gallus_gallus ENSGALG00000010017
meleagris_gallopavo ENSMGAG00000010368
coturnix_japonica ENSCJPG00005010165
numida_meleagris ENSNMEG00000016412
apteryx_owenii ENSAOWG00000016463
parus_major ENSPMJG00000014608
crocodylus_porosus ENSCPRG00005015138
chelonoidis_abingdonii ENSCABG00000007187
chrysemys_picta_bellii ENSCPBG00000016693
gopherus_agassizii ENSGAGG00000011568
pelodiscus_sinensis ENSPSIG00000014785
notamacropus_eugenii ENSMEUG00000010002
phascolarctos_cinereus ENSPCIG00000033308
sarcophilus_harrisii ENSSHAG00000007364
monodelphis_domestica ENSMODG00000001011
rhinopithecus_roxellana ENSRROG00000032954
rhinopithecus_bieti ENSRBIG00000043450
macaca_fascicularis ENSMFAG00000038776
macaca_mulatta ENSMMUG00000042395
macaca_nemestrina ENSMNEG00000032272
cercocebus_atys ENSCATG00000026050
theropithecus_gelada ENSTGEG00000002246
mandrillus_leucophaeus ENSMLEG00000032033
papio_anubis ENSPANG00000023116
chlorocebus_sabaeus ENSCSAG00000013524
colobus_angolensis_palliatus ENSCANG00000028683
piliocolobus_tephrosceles ENSPTEG00000033216
pan_troglodytes ENSPTRG00000011898
pan_paniscus ENSPPAG00000025149
gorilla_gorilla ENSGGOG00000012267
homo_sapiens ENSG00000180398
nomascus_leucogenys ENSNLEG00000016937
pongo_abelii ENSPPYG00000012433
saimiri_boliviensis_boliviensis ENSSBOG00000022762
cebus_capucinus ENSCCAG00000027930
callithrix_jacchus ENSCJAG00000044202
aotus_nancymaae ENSANAG00000018572
cercocebus_atys ENSCATG00000034139
mandrillus_leucophaeus ENSMLEG00000028722
piliocolobus_tephrosceles ENSPTEG00000037102
theropithecus_gelada ENSTGEG00000002797
prolemur_simus ENSPSMG00000011494
microcebus_murinus ENSMICG00000009145
propithecus_coquereli ENSPCOG00000016535
spermophilus_dauricus ENSSDAG00000024364
urocitellus_parryii ENSUPAG00010020633
ictidomys_tridecemlineatus ENSSTOG00000003692
marmota_marmota_marmota ENSMMMG00000008748
marmota_marmota_marmota ENSMMMG00000010047
castor_canadensis ENSCCNG00000022481
dipodomys_ordii ENSDORG00000026885
mus_musculus ENSMUSG00000024150
mus_spretus_strain_spret/eij MGP_SPRETEiJ_G0022860
mus_spicilegus ENSMSIG00000010432
mus_caroli_strain_caroli_eij MGP_CAROLIEiJ_G0021944
mus_pahari MGP_PahariEiJ_G0020934
rattus_norvegicus ENSRNOG00000015059
meriones_unguiculatus ENSMUGG00000004354
cricetulus_griseus_crigri-picr ENSCGRG00015023209
cricetulus_griseus_chok1gshd ENSCGRG00001022506
cricetulus_griseus_crigri ENSCGRG00000003907
microtus_ochrogaster ENSMOCG00000012996
peromyscus_maniculatus_bairdii ENSPEMG00000026904
nannospalax_galili ENSNGAG00000020905
jaculus_jaculus ENSJJAG00000009684
heterocephalus_glaber_female ENSHGLG00000006612
heterocephalus_glaber_male ENSHGLG00100015998
fukomys_damarensis ENSFDAG00000010599
cavia_porcellus ENSCPOG00000039174
cavia_aperea ENSCAPG00000011590
chinchilla_lanigera ENSCLAG00000009903
octodon_degus ENSODEG00000011724
octodon_degus ENSODEG00000020203
oryctolagus_cuniculus ENSOCUG00000007785
ochotona_princeps ENSOPRG00000015423
carlito_syrichta ENSTSYG00000029889
ursus_maritimus ENSUMAG00000013016
equus_caballus ENSECAG00000000411
felis_catus ENSFCAG00000044481
panthera_pardus ENSPPRG00000019518
ursus_maritimus ENSUMAG00000008732
ursus_americanus ENSUAMG00000007832
ailuropoda_melanoleuca ENSAMEG00000006097
ursus_americanus ENSUAMG00000027059
neovison_vison ENSNVIG00000017307
mustela_putorius_furo ENSMPUG00000012043
canis_lupus_dingo ENSCAFG00020026408
canis_lupus_familiaris ENSCAFG00000032480
vulpes_vulpes ENSVVUG00000005570
felis_catus ENSFCAG00000034741
panthera_tigris_altaica ENSPTIG00000006155
panthera_pardus ENSPPRG00000001506
erinaceus_europaeus ENSEEUG00000003727
tursiops_truncatus ENSTTRG00000012017
sus_scrofa ENSSSCG00000021325
vicugna_pacos ENSVPAG00000010692
capra_hircus ENSCHIG00000021334
ovis_aries ENSOARG00000005526
bison_bison_bison ENSBBBG00000006742
bison_bison_bison ENSBBBG00000015562
bos_taurus ENSBTAG00000003358
pteropus_vampyrus ENSPVAG00000005172
myotis_lucifugus ENSMLUG00000004210
loxodonta_africana ENSLAFG00000007876
procavia_capensis ENSPCAG00000009313
echinops_telfairi ENSETEG00000011856
sorex_araneus ENSSARG00000013887
otolemur_garnettii ENSOGAG00000009252
choloepus_hoffmanni ENSCHOG00000003286
choloepus_hoffmanni ENSCHOG00000003255
choloepus_hoffmanni ENSCHOG00000008712
choloepus_hoffmanni ENSCHOG00000001417
choloepus_hoffmanni ENSCHOG00000009057
bos_mutus ENSBMUG00000005186
bos_mutus ENSBMUG00000008223
bos_taurus ENSBTAG00000046363
bison_bison_bison ENSBBBG00000002657
equus_asinus_asinus ENSEASG00005003033
dasypus_novemcinctus ENSDNOG00000032663
anolis_carolinensis ENSACAG00000004264
pogona_vitticeps ENSPVIG00000006844
salvator_merianae ENSSMRG00000018462
xenopus_tropicalis ENSXETG00000022745
latimeria_chalumnae ENSLACG00000012081
esox_lucius ENSELUG00000015627
gadus_morhua ENSGMOG00000006856
danio_rerio ENSDARG00000039757
takifugu_rubripes ENSTRUG00000009161
tetraodon_nigroviridis ENSTNIG00000017096
mola_mola ENSMMOG00000008127
gasterosteus_aculeatus ENSGACG00000002589
labrus_bergylta ENSLBEG00000009660
xiphophorus_maculatus ENSXMAG00000007510
xiphophorus_couchianus ENSXCOG00000006531
gambusia_affinis ENSGAFG00000002698
poecilia_formosa ENSPFOG00000019864
poecilia_latipinna ENSPLAG00000019216
poecilia_mexicana ENSPMEG00000023186
poecilia_reticulata ENSPREG00000010773
fundulus_heteroclitus ENSFHEG00000020700
cyprinodon_variegatus ENSCVAG00000005362
kryptolebias_marmoratus ENSKMAG00000003377
cynoglossus_semilaevis ENSCSEG00000000605
amphiprion_percula ENSAPEG00000006376
amphiprion_ocellaris ENSAOCG00000019688
acanthochromis_polyacanthus ENSAPOG00000009312
stegastes_partitus ENSSPAG00000016084
oryzias_latipes ENSORLG00000028193
oryzias_latipes_asm223469v1 ENSORLG00015009349
oryzias_latipes ENSORLG00020002767
oryzias_melastigma ENSOMEG00000001314
pundamilia_nyererei ENSPNYG00000006022
astatotilapia_calliptera ENSACLG00000016947
haplochromis_burtoni ENSHBUG00000008473
maylandia_zebra ENSMZEG00005018060
neolamprologus_brichardi ENSNBRG00000019344
oreochromis_niloticus ENSONIG00000003041
amphilophus_citrinellus ENSACIG00000015394
seriola_dumerili ENSSDUG00000000233
seriola_lalandi_dorsalis ENSSLDG00000000632
scophthalmus_maximus ENSSMAG00000015249
mastacembelus_armatus ENSMAMG00000011042
monopterus_albus ENSMALG00000006273
anabas_testudineus ENSATEG00000009468
periophthalmus_magnuspinnatus ENSPMGG00000018656
astyanax_mexicanus ENSAMXG00000043792
pygocentrus_nattereri ENSPNAG00000013379
ictalurus_punctatus ENSIPUG00000009993
scleropages_formosus ENSSFOG00015001471
paramormyrops_kingsleyae ENSPKIG00000021779
lepisosteus_oculatus ENSLOCG00000016322
ciona_savignyi ENSCSAVG00000005413
ciona_intestinalis ENSCING00000022685
caenorhabditis_elegans_strain_n2 WBGene00011439
caenorhabditis_elegans_strain_n2 WBGene00044634
caenorhabditis_elegans_strain_n2 WBGene00010075
drosophila_melanogaster FBgn0038829
