anolis_carolinensis ENSACAG00000017682
pogona_vitticeps ENSPVIG00000013629
notechis_scutatus ENSNSUG00000019353
sphenodon_punctatus ENSSPUG00000005563
apteryx_owenii ENSAOWG00000015587
apteryx_rowi ENSARWG00000010305
apteryx_haastii ENSAHAG00000011436
dromaius_novaehollandiae ENSDNVG00000006147
nothoprocta_perdicaria ENSNPEG00000014749
manacus_vitellinus ENSMVIG00005018978
lepidothrix_coronata ENSLCOG00000005091
parus_major ENSPMJG00000018818
cyanistes_caeruleus ENSCCEG00000010925
taeniopygia_guttata ENSTGUG00000015779
lonchura_striata_domestica ENSLSDG00000013656
serinus_canaria ENSSCAG00000003715
junco_hyemalis ENSJHYG00000001369
ficedula_albicollis ENSFALG00000009410
melopsittacus_undulatus ENSMUNG00000010957
calidris_pygmaea ENSCPGG00000001996
calidris_pugnax ENSCPUG00000005275
anser_brachyrhynchus ENSABRG00000004764
anas_platyrhynchos_platyrhynchos ENSAPLG00000015945
gallus_gallus ENSGALG00000042351
meleagris_gallopavo ENSMGAG00000002970
coturnix_japonica ENSCJPG00005020558
numida_meleagris ENSNMEG00000015378
crocodylus_porosus ENSCPRG00005008293
gopherus_agassizii ENSGAGG00000011216
chelonoidis_abingdonii ENSCABG00000018586
chrysemys_picta_bellii ENSCPBG00000027882
pelodiscus_sinensis ENSPSIG00000011165
ornithorhynchus_anatinus ENSOANG00000020754
dasypus_novemcinctus ENSDNOG00000045766
castor_canadensis ENSCCNG00000027471
dipodomys_ordii ENSDORG00000004824
cricetulus_griseus_crigri-picr ENSCGRG00015012410
cricetulus_griseus_chok1gshd ENSCGRG00001016788
cricetulus_griseus_crigri ENSCGRG00000016514
mesocricetus_auratus ENSMAUG00000019064
peromyscus_maniculatus_bairdii ENSPEMG00000009218
microtus_ochrogaster ENSMOCG00000001479
mus_spicilegus ENSMSIG00000008429
mus_spretus_strain_spret/eij MGP_SPRETEiJ_G0017373
mus_musculus ENSMUSG00000046207
mus_caroli_strain_caroli_eij MGP_CAROLIEiJ_G0016537
mus_pahari MGP_PahariEiJ_G0017667
rattus_norvegicus ENSRNOG00000003992
meriones_unguiculatus ENSMUGG00000011764
nannospalax_galili ENSNGAG00000021568
jaculus_jaculus ENSJJAG00000022980
heterocephalus_glaber_female ENSHGLG00000015017
heterocephalus_glaber_male ENSHGLG00100013510
fukomys_damarensis ENSFDAG00000005408
chinchilla_lanigera ENSCLAG00000010010
octodon_degus ENSODEG00000018030
cavia_porcellus ENSCPOG00000002975
cavia_aperea ENSCAPG00000007754
ictidomys_tridecemlineatus ENSSTOG00000005195
urocitellus_parryii ENSUPAG00010016865
marmota_marmota_marmota ENSMMMG00000020491
spermophilus_dauricus ENSSDAG00000003490
ochotona_princeps ENSOPRG00000014489
oryctolagus_cuniculus ENSOCUG00000004052
tupaia_belangeri ENSTBEG00000015234
pan_paniscus ENSPPAG00000033738
pan_troglodytes ENSPTRG00000043647
homo_sapiens ENSG00000276231
gorilla_gorilla ENSGGOG00000015459
pongo_abelii ENSPPYG00000007967
nomascus_leucogenys ENSNLEG00000010033
rhinopithecus_roxellana ENSRROG00000029828
rhinopithecus_bieti ENSRBIG00000031495
piliocolobus_tephrosceles ENSPTEG00000004548
colobus_angolensis_palliatus ENSCANG00000004695
macaca_mulatta ENSMMUG00000005791
macaca_fascicularis ENSMFAG00000000836
macaca_nemestrina ENSMNEG00000033944
theropithecus_gelada ENSTGEG00000026797
cercocebus_atys ENSCATG00000033823
papio_anubis ENSPANG00000034213
mandrillus_leucophaeus ENSMLEG00000035023
chlorocebus_sabaeus ENSCSAG00000010390
cebus_capucinus ENSCCAG00000019106
saimiri_boliviensis_boliviensis ENSSBOG00000028519
callithrix_jacchus ENSCJAG00000018268
aotus_nancymaae ENSANAG00000031731
carlito_syrichta ENSTSYG00000033851
propithecus_coquereli ENSPCOG00000025165
prolemur_simus ENSPSMG00000013647
microcebus_murinus ENSMICG00000007078
otolemur_garnettii ENSOGAG00000007749
bos_mutus ENSBMUG00000012062
bos_taurus ENSBTAG00000016344
bison_bison_bison ENSBBBG00000012990
ovis_aries ENSOARG00000002147
capra_hircus ENSCHIG00000024947
tursiops_truncatus ENSTTRG00000006548
sus_scrofa ENSSSCG00000017990
vicugna_pacos ENSVPAG00000010273
ursus_americanus ENSUAMG00000015881
ursus_maritimus ENSUMAG00000017728
ailuropoda_melanoleuca ENSAMEG00000002090
neovison_vison ENSNVIG00000005637
mustela_putorius_furo ENSMPUG00000007913
canis_lupus_familiaris ENSCAFG00000017382
canis_lupus_dingo ENSCAFG00020006951
vulpes_vulpes ENSVVUG00000028876
panthera_pardus ENSPPRG00000001831
panthera_tigris_altaica ENSPTIG00000013191
felis_catus ENSFCAG00000003971
equus_caballus ENSECAG00000017146
equus_asinus_asinus ENSEASG00005021724
pteropus_vampyrus ENSPVAG00000010059
myotis_lucifugus ENSMLUG00000001584
erinaceus_europaeus ENSEEUG00000002460
sorex_araneus ENSSARG00000008626
choloepus_hoffmanni ENSCHOG00000009504
loxodonta_africana ENSLAFG00000006595
procavia_capensis ENSPCAG00000003148
echinops_telfairi ENSETEG00000002235
xenopus_tropicalis ENSXETG00000019512
latimeria_chalumnae ENSLACG00000000063
gadus_morhua ENSGMOG00000017842
gadus_morhua ENSGMOG00000017823
monopterus_albus ENSMALG00000022585
mastacembelus_armatus ENSMAMG00000001266
anabas_testudineus ENSATEG00000004108
seriola_dumerili ENSSDUG00000020405
seriola_lalandi_dorsalis ENSSLDG00000002583
scophthalmus_maximus ENSSMAG00000015769
amphiprion_ocellaris ENSAOCG00000012139
amphiprion_percula ENSAPEG00000001065
acanthochromis_polyacanthus ENSAPOG00000013229
stegastes_partitus ENSSPAG00000021748
astatotilapia_calliptera ENSACLG00000006039
maylandia_zebra ENSMZEG00005023925
pundamilia_nyererei ENSPNYG00000016258
haplochromis_burtoni ENSHBUG00000003880
oreochromis_niloticus ENSONIG00000018161
xiphophorus_maculatus ENSXMAG00000006596
gambusia_affinis ENSGAFG00000010092
poecilia_formosa ENSPFOG00000001996
poecilia_mexicana ENSPMEG00000021316
poecilia_latipinna ENSPLAG00000003888
fundulus_heteroclitus ENSFHEG00000003491
cyprinodon_variegatus ENSCVAG00000004845
kryptolebias_marmoratus ENSKMAG00000001119
oryzias_latipes ENSORLG00020011353
oryzias_latipes ENSORLG00000003102
oryzias_latipes_asm223469v1 ENSORLG00015009480
oryzias_melastigma ENSOMEG00000018437
gasterosteus_aculeatus ENSGACG00000019369
gasterosteus_aculeatus ENSGACG00000019371
takifugu_rubripes ENSTRUG00000004075
labrus_bergylta ENSLBEG00000026472
cynoglossus_semilaevis ENSCSEG00000003604
hippocampus_comes ENSHCOG00000018481
esox_lucius ENSELUG00000005993
pygocentrus_nattereri ENSPNAG00000026465
astyanax_mexicanus ENSAMXG00000009718
ictalurus_punctatus ENSIPUG00000003564
scleropages_formosus ENSSFOG00015007059
paramormyrops_kingsleyae ENSPKIG00000006340
mastacembelus_armatus ENSMAMG00000008538
gasterosteus_aculeatus ENSGACG00000006848
astatotilapia_calliptera ENSACLG00000018696
haplochromis_burtoni ENSHBUG00000021620
pundamilia_nyererei ENSPNYG00000021262
maylandia_zebra ENSMZEG00005004310
neolamprologus_brichardi ENSNBRG00000000253
oreochromis_niloticus ENSONIG00000008242
esox_lucius ENSELUG00000009671
pygocentrus_nattereri ENSPNAG00000000640
astyanax_mexicanus ENSAMXG00000035619
ictalurus_punctatus ENSIPUG00000008366
danio_rerio ENSDARG00000091140
scleropages_formosus ENSSFOG00015005106
paramormyrops_kingsleyae ENSPKIG00000005545
lepisosteus_oculatus ENSLOCG00000013248
petromyzon_marinus ENSPMAG00000000291
pogona_vitticeps ENSPVIG00000013549
anolis_carolinensis ENSACAG00000017694
notechis_scutatus ENSNSUG00000019354
salvator_merianae ENSSMRG00000022403
sphenodon_punctatus ENSSPUG00000005610
apteryx_haastii ENSAHAG00000011431
apteryx_owenii ENSAOWG00000015597
apteryx_rowi ENSARWG00000010304
dromaius_novaehollandiae ENSDNVG00000006129
nothoprocta_perdicaria ENSNPEG00000012360
lepidothrix_coronata ENSLCOG00000005093
manacus_vitellinus ENSMVIG00005018976
ficedula_albicollis ENSFALG00000009386
parus_major ENSPMJG00000018816
junco_hyemalis ENSJHYG00000001454
zonotrichia_albicollis ENSZALG00000008185
serinus_canaria ENSSCAG00000003707
lonchura_striata_domestica ENSLSDG00000013661
taeniopygia_guttata ENSTGUG00000005164
melopsittacus_undulatus ENSMUNG00000010951
calidris_pugnax ENSCPUG00000005261
calidris_pygmaea ENSCPGG00000001957
anser_brachyrhynchus ENSABRG00000004748
anas_platyrhynchos_platyrhynchos ENSAPLG00000016065
gallus_gallus ENSGALG00000026167
coturnix_japonica ENSCJPG00005020559
meleagris_gallopavo ENSMGAG00000003012
numida_meleagris ENSNMEG00000015379
crocodylus_porosus ENSCPRG00005008237
gopherus_agassizii ENSGAGG00000011225
chelonoidis_abingdonii ENSCABG00000018579
chrysemys_picta_bellii ENSCPBG00000027885
pelodiscus_sinensis ENSPSIG00000008856
chinchilla_lanigera ENSCLAG00000008429
octodon_degus ENSODEG00000017960
cavia_porcellus ENSCPOG00000010032
cavia_aperea ENSCAPG00000014936
heterocephalus_glaber_female ENSHGLG00000009900
heterocephalus_glaber_male ENSHGLG00100013067
heterocephalus_glaber_male ENSHGLG00100006103
heterocephalus_glaber_female ENSHGLG00000006806
fukomys_damarensis ENSFDAG00000013238
urocitellus_parryii ENSUPAG00010016917
ictidomys_tridecemlineatus ENSSTOG00000005231
spermophilus_dauricus ENSSDAG00000000750
marmota_marmota_marmota ENSMMMG00000020529
castor_canadensis ENSCCNG00000000194
dipodomys_ordii ENSDORG00000005013
mus_spretus_strain_spret/eij MGP_SPRETEiJ_G0017372
mus_spicilegus ENSMSIG00000008355
mus_musculus ENSMUSG00000020901
mus_caroli_strain_caroli_eij MGP_CAROLIEiJ_G0016536
mus_pahari MGP_PahariEiJ_G0017666
rattus_norvegicus ENSRNOG00000023428
meriones_unguiculatus ENSMUGG00000011877
cricetulus_griseus_crigri-picr ENSCGRG00015012460
cricetulus_griseus_chok1gshd ENSCGRG00001016158
cricetulus_griseus_crigri ENSCGRG00000012612
mesocricetus_auratus ENSMAUG00000020086
microtus_ochrogaster ENSMOCG00000012612
peromyscus_maniculatus_bairdii ENSPEMG00000017391
nannospalax_galili ENSNGAG00000020887
jaculus_jaculus ENSJJAG00000024193
tupaia_belangeri ENSTBEG00000015459
pan_troglodytes ENSPTRG00000008751
pan_paniscus ENSPPAG00000036150
homo_sapiens ENSG00000141506
gorilla_gorilla ENSGGOG00000002783
pongo_abelii ENSPPYG00000007968
nomascus_leucogenys ENSNLEG00000010040
papio_anubis ENSPANG00000023774
theropithecus_gelada ENSTGEG00000026843
mandrillus_leucophaeus ENSMLEG00000028875
macaca_mulatta ENSMMUG00000005792
macaca_nemestrina ENSMNEG00000044932
macaca_fascicularis ENSMFAG00000045616
cercocebus_atys ENSCATG00000042129
chlorocebus_sabaeus ENSCSAG00000010370
rhinopithecus_bieti ENSRBIG00000044928
rhinopithecus_roxellana ENSRROG00000044374
piliocolobus_tephrosceles ENSPTEG00000004433
colobus_angolensis_palliatus ENSCANG00000031315
cebus_capucinus ENSCCAG00000001392
saimiri_boliviensis_boliviensis ENSSBOG00000020406
callithrix_jacchus ENSCJAG00000018276
aotus_nancymaae ENSANAG00000037864
carlito_syrichta ENSTSYG00000027385
propithecus_coquereli ENSPCOG00000023789
prolemur_simus ENSPSMG00000013716
microcebus_murinus ENSMICG00000011867
otolemur_garnettii ENSOGAG00000007757
bos_mutus ENSBMUG00000012016
bos_taurus ENSBTAG00000005978
bison_bison_bison ENSBBBG00000013021
capra_hircus ENSCHIG00000021617
ovis_aries ENSOARG00000002479
tursiops_truncatus ENSTTRG00000006550
sus_scrofa ENSSSCG00000017991
bison_bison_bison ENSBBBG00000007889
panthera_tigris_altaica ENSPTIG00000012882
ursus_americanus ENSUAMG00000015882
ursus_maritimus ENSUMAG00000017790
ailuropoda_melanoleuca ENSAMEG00000002063
neovison_vison ENSNVIG00000005680
mustela_putorius_furo ENSMPUG00000007856
canis_lupus_familiaris ENSCAFG00000017387
canis_lupus_dingo ENSCAFG00020006765
vulpes_vulpes ENSVVUG00000028888
panthera_pardus ENSPPRG00000007100
felis_catus ENSFCAG00000045870
equus_caballus ENSECAG00000017425
equus_asinus_asinus ENSEASG00005021751
pteropus_vampyrus ENSPVAG00000010062
myotis_lucifugus ENSMLUG00000008535
loxodonta_africana ENSLAFG00000017147
procavia_capensis ENSPCAG00000012479
echinops_telfairi ENSETEG00000015191
dasypus_novemcinctus ENSDNOG00000015433
ornithorhynchus_anatinus ENSOANG00000012434
ornithorhynchus_anatinus ENSOANG00000030140
erinaceus_europaeus ENSEEUG00000008111
sorex_araneus ENSSARG00000006854
oryctolagus_cuniculus ENSOCUG00000022712
ochotona_princeps ENSOPRG00000014515
phascolarctos_cinereus ENSPCIG00000000380
notamacropus_eugenii ENSMEUG00000007542
sarcophilus_harrisii ENSSHAG00000002313
monodelphis_domestica ENSMODG00000008530
ornithorhynchus_anatinus ENSOANG00000030460
xenopus_tropicalis ENSXETG00000019515
latimeria_chalumnae ENSLACG00000003800
labrus_bergylta ENSLBEG00000026446
labrus_bergylta ENSLBEG00000000976
takifugu_rubripes ENSTRUG00000004218
tetraodon_nigroviridis ENSTNIG00000014093
gasterosteus_aculeatus ENSGACG00000019372
cynoglossus_semilaevis ENSCSEG00000003615
mastacembelus_armatus ENSMAMG00000001297
monopterus_albus ENSMALG00000022586
anabas_testudineus ENSATEG00000004096
seriola_dumerili ENSSDUG00000020441
seriola_lalandi_dorsalis ENSSLDG00000002556
scophthalmus_maximus ENSSMAG00000015653
mola_mola ENSMMOG00000008846
amphiprion_percula ENSAPEG00000001053
amphiprion_ocellaris ENSAOCG00000012179
acanthochromis_polyacanthus ENSAPOG00000013196
stegastes_partitus ENSSPAG00000021675
maylandia_zebra ENSMZEG00005023924
astatotilapia_calliptera ENSACLG00000006089
haplochromis_burtoni ENSHBUG00000003913
pundamilia_nyererei ENSPNYG00000016063
neolamprologus_brichardi ENSNBRG00000000824
oreochromis_niloticus ENSONIG00000018156
amphilophus_citrinellus ENSACIG00000008265
xiphophorus_maculatus ENSXMAG00000006605
gambusia_affinis ENSGAFG00000010080
poecilia_formosa ENSPFOG00000002198
poecilia_latipinna ENSPLAG00000003862
poecilia_mexicana ENSPMEG00000000556
poecilia_reticulata ENSPREG00000016844
fundulus_heteroclitus ENSFHEG00000003498
cyprinodon_variegatus ENSCVAG00000000146
kryptolebias_marmoratus ENSKMAG00000001175
oryzias_latipes ENSORLG00000003122
oryzias_latipes_asm223469v1 ENSORLG00015009458
oryzias_latipes ENSORLG00020011274
oryzias_melastigma ENSOMEG00000000472
hippocampus_comes ENSHCOG00000018458
periophthalmus_magnuspinnatus ENSPMGG00000006677
gadus_morhua ENSGMOG00000017849
esox_lucius ENSELUG00000006043
pygocentrus_nattereri ENSPNAG00000011138
astyanax_mexicanus ENSAMXG00000009714
ictalurus_punctatus ENSIPUG00000003531
danio_rerio ENSDARG00000102762
mastacembelus_armatus ENSMAMG00000008557
monopterus_albus ENSMALG00000004315
anabas_testudineus ENSATEG00000010968
seriola_dumerili ENSSDUG00000017697
seriola_lalandi_dorsalis ENSSLDG00000024284
scophthalmus_maximus ENSSMAG00000003654
gasterosteus_aculeatus ENSGACG00000006852
amphiprion_percula ENSAPEG00000015127
amphiprion_ocellaris ENSAOCG00000013811
acanthochromis_polyacanthus ENSAPOG00000002939
stegastes_partitus ENSSPAG00000004009
astatotilapia_calliptera ENSACLG00000018682
cynoglossus_semilaevis ENSCSEG00000014558
periophthalmus_magnuspinnatus ENSPMGG00000001324
hippocampus_comes ENSHCOG00000009006
xiphophorus_maculatus ENSXMAG00000014507
xiphophorus_couchianus ENSXCOG00000015727
gambusia_affinis ENSGAFG00000015056
poecilia_formosa ENSPFOG00000005665
poecilia_latipinna ENSPLAG00000000710
poecilia_mexicana ENSPMEG00000010852
poecilia_reticulata ENSPREG00000015082
cyprinodon_variegatus ENSCVAG00000002105
fundulus_heteroclitus ENSFHEG00000010740
kryptolebias_marmoratus ENSKMAG00000012627
oryzias_melastigma ENSOMEG00000008712
oryzias_melastigma ENSOMEG00000023416
oryzias_latipes ENSORLG00020005071
oryzias_latipes ENSORLG00000015305
oryzias_latipes_asm223469v1 ENSORLG00015017014
maylandia_zebra ENSMZEG00005004332
haplochromis_burtoni ENSHBUG00000021650
pundamilia_nyererei ENSPNYG00000021225
neolamprologus_brichardi ENSNBRG00000000283
oreochromis_niloticus ENSONIG00000008249
amphilophus_citrinellus ENSACIG00000022279
mola_mola ENSMMOG00000007923
gadus_morhua ENSGMOG00000002515
scleropages_formosus ENSSFOG00015007040
paramormyrops_kingsleyae ENSPKIG00000006271
lepisosteus_oculatus ENSLOCG00000013254
eptatretus_burgeri ENSEBUG00000001362
