anabas_testudineus ENSATEG00000000620
monopterus_albus ENSMALG00000020811
mola_mola ENSMMOG00000020169
labrus_bergylta ENSLBEG00000005236
oreochromis_niloticus ENSONIG00000004499
neolamprologus_brichardi ENSNBRG00000006043
maylandia_zebra ENSMZEG00005009105
astatotilapia_calliptera ENSACLG00000024823
pundamilia_nyererei ENSPNYG00000020082
haplochromis_burtoni ENSHBUG00000018277
amphilophus_citrinellus ENSACIG00000001268
poecilia_formosa ENSPFOG00000021751
poecilia_reticulata ENSPREG00000001965
poecilia_mexicana ENSPMEG00000007885
poecilia_latipinna ENSPLAG00000007831
xiphophorus_maculatus ENSXMAG00000000838
gambusia_affinis ENSGAFG00000018015
fundulus_heteroclitus ENSFHEG00000015976
cyprinodon_variegatus ENSCVAG00000000879
oryzias_latipes_asm223469v1 ENSORLG00015015435
oryzias_latipes ENSORLG00020003465
oryzias_latipes ENSORLG00000004649
oryzias_melastigma ENSOMEG00000001014
kryptolebias_marmoratus ENSKMAG00000019938
tetraodon_nigroviridis ENSTNIG00000017758
takifugu_rubripes ENSTRUG00000006827
gasterosteus_aculeatus ENSGACG00000006863
mastacembelus_armatus ENSMAMG00000008616
scophthalmus_maximus ENSSMAG00000014204
cynoglossus_semilaevis ENSCSEG00000012223
seriola_lalandi_dorsalis ENSSLDG00000025580
seriola_dumerili ENSSDUG00000005657
amphiprion_percula ENSAPEG00000018511
amphiprion_ocellaris ENSAOCG00000015380
acanthochromis_polyacanthus ENSAPOG00000017473
stegastes_partitus ENSSPAG00000004253
hippocampus_comes ENSHCOG00000006251
periophthalmus_magnuspinnatus ENSPMGG00000006096
gadus_morhua ENSGMOG00000013705
esox_lucius ENSELUG00000005748
astyanax_mexicanus ENSAMXG00000036630
pygocentrus_nattereri ENSPNAG00000000490
ictalurus_punctatus ENSIPUG00000006156
danio_rerio ENSDARG00000036222
scleropages_formosus ENSSFOG00015013942
paramormyrops_kingsleyae ENSPKIG00000012245
seriola_lalandi_dorsalis ENSSLDG00000015297
seriola_dumerili ENSSDUG00000005855
hippocampus_comes ENSHCOG00000005228
stegastes_partitus ENSSPAG00000016351
acanthochromis_polyacanthus ENSAPOG00000005865
fundulus_heteroclitus ENSFHEG00000015559
cyprinodon_variegatus ENSCVAG00000011845
poecilia_latipinna ENSPLAG00000015745
poecilia_formosa ENSPFOG00000022694
poecilia_mexicana ENSPMEG00000001588
poecilia_reticulata ENSPREG00000000877
xiphophorus_maculatus ENSXMAG00000013995
xiphophorus_couchianus ENSXCOG00000019786
gambusia_affinis ENSGAFG00000005955
kryptolebias_marmoratus ENSKMAG00000014576
oryzias_latipes ENSORLG00020014651
oryzias_latipes_asm223469v1 ENSORLG00015020887
oryzias_melastigma ENSOMEG00000021366
monopterus_albus ENSMALG00000011494
mastacembelus_armatus ENSMAMG00000012919
tetraodon_nigroviridis ENSTNIG00000018421
takifugu_rubripes ENSTRUG00000014884
mola_mola ENSMMOG00000001715
pundamilia_nyererei ENSPNYG00000015619
haplochromis_burtoni ENSHBUG00000017245
astatotilapia_calliptera ENSACLG00000004109
maylandia_zebra ENSMZEG00005014357
neolamprologus_brichardi ENSNBRG00000015897
oreochromis_niloticus ENSONIG00000003003
amphilophus_citrinellus ENSACIG00000015781
amphiprion_ocellaris ENSAOCG00000023697
amphiprion_percula ENSAPEG00000010164
scophthalmus_maximus ENSSMAG00000020146
anabas_testudineus ENSATEG00000005520
labrus_bergylta ENSLBEG00000000596
periophthalmus_magnuspinnatus ENSPMGG00000011845
esox_lucius ENSELUG00000003034
pygocentrus_nattereri ENSPNAG00000008308
astyanax_mexicanus ENSAMXG00000032963
scleropages_formosus ENSSFOG00015021370
paramormyrops_kingsleyae ENSPKIG00000009927
lepisosteus_oculatus ENSLOCG00000011653
apteryx_haastii ENSAHAG00000016243
apteryx_owenii ENSAOWG00000011153
apteryx_rowi ENSARWG00000018174
nothoprocta_perdicaria ENSNPEG00000002578
calidris_pygmaea ENSCPGG00000002062
calidris_pugnax ENSCPUG00000010863
anas_platyrhynchos_platyrhynchos ENSAPLG00000014559
anser_brachyrhynchus ENSABRG00000010432
serinus_canaria ENSSCAG00000002239
gallus_gallus ENSGALG00000010983
coturnix_japonica ENSCJPG00005012506
meleagris_gallopavo ENSMGAG00000010569
numida_meleagris ENSNMEG00000007491
melopsittacus_undulatus ENSMUNG00000014499
manacus_vitellinus ENSMVIG00005017658
lepidothrix_coronata ENSLCOG00000012350
parus_major ENSPMJG00000000901
cyanistes_caeruleus ENSCCEG00000001625
junco_hyemalis ENSJHYG00000005101
zonotrichia_albicollis ENSZALG00000011277
ficedula_albicollis ENSFALG00000009582
lonchura_striata_domestica ENSLSDG00000001113
taeniopygia_guttata ENSTGUG00000002810
anolis_carolinensis ENSACAG00000013388
notechis_scutatus ENSNSUG00000015178
salvator_merianae ENSSMRG00000003394
phascolarctos_cinereus ENSPCIG00000023077
notamacropus_eugenii ENSMEUG00000010229
sarcophilus_harrisii ENSSHAG00000009192
monodelphis_domestica ENSMODG00000000745
gopherus_agassizii ENSGAGG00000008011
chelonoidis_abingdonii ENSCABG00000000511
chrysemys_picta_bellii ENSCPBG00000022471
pelodiscus_sinensis ENSPSIG00000016425
crocodylus_porosus ENSCPRG00005015989
sphenodon_punctatus ENSSPUG00000014157
ornithorhynchus_anatinus ENSOANG00000013383
loxodonta_africana ENSLAFG00000031995
echinops_telfairi ENSETEG00000004160
dasypus_novemcinctus ENSDNOG00000002909
choloepus_hoffmanni ENSCHOG00000012321
pteropus_vampyrus ENSPVAG00000005578
myotis_lucifugus ENSMLUG00000004126
sorex_araneus ENSSARG00000005163
capra_hircus ENSCHIG00000007443
ovis_aries ENSOARG00000010915
bos_taurus ENSBTAG00000004503
bos_mutus ENSBMUG00000012039
bison_bison_bison ENSBBBG00000021182
tursiops_truncatus ENSTTRG00000007532
sus_scrofa ENSSSCG00000016718
equus_caballus ENSECAG00000008726
equus_asinus_asinus ENSEASG00005022038
vicugna_pacos ENSVPAG00000005184
erinaceus_europaeus ENSEEUG00000002658
ursus_maritimus ENSUMAG00000001496
ursus_americanus ENSUAMG00000008553
ailuropoda_melanoleuca ENSAMEG00000006179
mustela_putorius_furo ENSMPUG00000013440
neovison_vison ENSNVIG00000012797
canis_lupus_familiaris ENSCAFG00000002801
canis_lupus_dingo ENSCAFG00020002904
vulpes_vulpes ENSVVUG00000000829
panthera_pardus ENSPPRG00000009455
panthera_tigris_altaica ENSPTIG00000015462
felis_catus ENSFCAG00000010966
homo_sapiens ENSG00000122585
gorilla_gorilla ENSGGOG00000028114
pan_troglodytes ENSPTRG00000018992
pan_paniscus ENSPPAG00000016967
pongo_abelii ENSPPYG00000018248
pongo_abelii ENSPPYG00000017723
nomascus_leucogenys ENSNLEG00000014826
rhinopithecus_roxellana ENSRROG00000034794
rhinopithecus_bieti ENSRBIG00000043745
colobus_angolensis_palliatus ENSCANG00000015458
piliocolobus_tephrosceles ENSPTEG00000030181
macaca_nemestrina ENSMNEG00000037164
macaca_mulatta ENSMMUG00000009818
macaca_fascicularis ENSMFAG00000043708
cercocebus_atys ENSCATG00000041237
theropithecus_gelada ENSTGEG00000021925
mandrillus_leucophaeus ENSMLEG00000034089
papio_anubis ENSPANG00000021597
chlorocebus_sabaeus ENSCSAG00000014088
cebus_capucinus ENSCCAG00000031249
callithrix_jacchus ENSCJAG00000040907
saimiri_boliviensis_boliviensis ENSSBOG00000023880
aotus_nancymaae ENSANAG00000024297
carlito_syrichta ENSTSYG00000010053
tupaia_belangeri ENSTBEG00000017009
cavia_porcellus ENSCPOG00000026763
octodon_degus ENSODEG00000008296
chinchilla_lanigera ENSCLAG00000004780
heterocephalus_glaber_female ENSHGLG00000005935
heterocephalus_glaber_male ENSHGLG00100000207
heterocephalus_glaber_female ENSHGLG00000008149
fukomys_damarensis ENSFDAG00000009440
castor_canadensis ENSCCNG00000018880
urocitellus_parryii ENSUPAG00010018066
ictidomys_tridecemlineatus ENSSTOG00000020410
marmota_marmota_marmota ENSMMMG00000005649
spermophilus_dauricus ENSSDAG00000006069
rattus_norvegicus ENSRNOG00000009768
rattus_norvegicus ENSRNOG00000046449
mus_spretus_strain_spret/eij MGP_SPRETEiJ_G0029372
mus_caroli_strain_caroli_eij MGP_CAROLIEiJ_G0028369
mus_spicilegus ENSMSIG00000018434
mus_musculus ENSMUSG00000029819
mus_pahari MGP_PahariEiJ_G0022119
meriones_unguiculatus ENSMUGG00000008463
peromyscus_maniculatus_bairdii ENSPEMG00000020414
microtus_ochrogaster ENSMOCG00000011513
cricetulus_griseus_crigri-picr ENSCGRG00015019843
cricetulus_griseus_crigri ENSCGRG00000017221
cricetulus_griseus_chok1gshd ENSCGRG00001016547
mesocricetus_auratus ENSMAUG00000018791
nannospalax_galili ENSNGAG00000009749
jaculus_jaculus ENSJJAG00000002520
dipodomys_ordii ENSDORG00000002630
oryctolagus_cuniculus ENSOCUG00000010761
ochotona_princeps ENSOPRG00000002494
microcebus_murinus ENSMICG00000000511
prolemur_simus ENSPSMG00000013748
propithecus_coquereli ENSPCOG00000016739
otolemur_garnettii ENSOGAG00000024572
pogona_vitticeps ENSPVIG00000016292
xenopus_tropicalis ENSXETG00000030527
xenopus_tropicalis ENSXETG00000030650
latimeria_chalumnae ENSLACG00000001891
petromyzon_marinus ENSPMAG00000010376
petromyzon_marinus ENSPMAG00000007688
