ornithorhynchus_anatinus ENSOANG00000021604
ornithorhynchus_anatinus ENSOANG00000011804
phascolarctos_cinereus ENSPCIG00000033161
vombatus_ursinus ENSVURG00010016092
notamacropus_eugenii ENSMEUG00000001429
sarcophilus_harrisii ENSSHAG00000018589
monodelphis_domestica ENSMODG00000002325
procavia_capensis ENSPCAG00000003736
echinops_telfairi ENSETEG00000011015
loxodonta_africana ENSLAFG00000003442
microcebus_murinus ENSMICG00000006767
prolemur_simus ENSPSMG00000002400
propithecus_coquereli ENSPCOG00000013914
otolemur_garnettii ENSOGAG00000006891
pan_troglodytes ENSPTRG00000046556
pan_paniscus ENSPPAG00000026922
gorilla_gorilla ENSGGOG00000004376
homo_sapiens ENSG00000165633
nomascus_leucogenys ENSNLEG00000015788
piliocolobus_tephrosceles ENSPTEG00000021482
colobus_angolensis ENSCANG00000028729
rhinopithecus_roxellana ENSRROG00000032789
rhinopithecus_bieti ENSRBIG00000026872
papio_anubis ENSPANG00000022622
theropithecus_gelada ENSTGEG00000012733
macaca_nemestrina ENSMNEG00000032340
macaca_fascicularis ENSMFAG00000041628
cercocebus_atys ENSCATG00000009559
macaca_mulatta ENSMMUG00000008900
mandrillus_leucophaeus ENSMLEG00000033182
chlorocebus_sabaeus ENSCSAG00000010398
cebus_capucinus ENSCCAG00000011270
saimiri_boliviensis ENSSBOG00000030672
aotus_nancymaae ENSANAG00000020381
pongo_abelii ENSPPYG00000002844
callithrix_jacchus ENSCJAG00000013502
castor_canadensis ENSCCNG00000029388
dipodomys_ordii ENSDORG00000004874
mus_musculus ENSMUSG00000050666
mus_spretus MGP_SPRETEiJ_G0019984
mus_caroli MGP_CAROLIEiJ_G0019098
mus_spicilegus ENSMSIG00000012383
mus_pahari MGP_PahariEiJ_G0030116
rattus_norvegicus ENSRNOG00000020078
meriones_unguiculatus ENSMUGG00000026909
peromyscus_maniculatus ENSPEMG00000011442
microtus_ochrogaster ENSMOCG00000000829
cricetulus_griseus ENSCGRG00001002064
cricetulus_griseus ENSCGRG00015020149
cricetulus_griseus ENSCGRG00000015181
mesocricetus_auratus ENSMAUG00000017607
nannospalax_galili ENSNGAG00000018520
jaculus_jaculus ENSJJAG00000024286
ictidomys_tridecemlineatus ENSSTOG00000010490
urocitellus_parryii ENSUPAG00010003636
marmota_marmota ENSMMMG00000019161
chinchilla_lanigera ENSCLAG00000000282
octodon_degus ENSODEG00000002070
cavia_porcellus ENSCPOG00000030142
cavia_aperea ENSCAPG00000007175
heterocephalus_glaber ENSHGLG00100014056
heterocephalus_glaber ENSHGLG00000001022
fukomys_damarensis ENSFDAG00000012821
ochotona_princeps ENSOPRG00000005764
tupaia_belangeri ENSTBEG00000003171
carlito_syrichta ENSTSYG00000012433
oryctolagus_cuniculus ENSOCUG00000007504
bos_indicus ENSBIXG00005031238
bos_mutus ENSBMUG00000019889
bos_indicus ENSBIXG00000002723
bos_taurus ENSBTAG00000006288
bison_bison ENSBBBG00000009972
capra_hircus ENSCHIG00000020695
ovis_aries ENSOARG00000001870
tursiops_truncatus ENSTTRG00000006332
sus_scrofa ENSSSCG00000010385
vicugna_pacos ENSVPAG00000002338
equus_asinus ENSEASG00005019412
equus_caballus ENSECAG00000024182
neovison_vison ENSNVIG00000005314
mustela_putorius ENSMPUG00000009229
canis_lupus ENSCAFG00020025072
canis_lupus ENSCAFG00000006604
vulpes_vulpes ENSVVUG00000020997
ursus_maritimus ENSUMAG00000015704
ailuropoda_melanoleuca ENSAMEG00000010384
ursus_americanus ENSUAMG00000014928
panthera_tigris ENSPTIG00000015818
panthera_pardus ENSPPRG00000015408
felis_catus ENSFCAG00000007396
pteropus_vampyrus ENSPVAG00000001289
myotis_lucifugus ENSMLUG00000004082
erinaceus_europaeus ENSEEUG00000001593
sorex_araneus ENSSARG00000002195
dasypus_novemcinctus ENSDNOG00000043943
gallus_gallus ENSGALG00000006174
coturnix_japonica ENSCJPG00005018887
meleagris_gallopavo ENSMGAG00000008110
numida_meleagris ENSNMEG00000000994
anser_brachyrhynchus ENSABRG00000012227
anas_platyrhynchos ENSAPLG00000016366
cyanistes_caeruleus ENSCCEG00000017400
parus_major ENSPMJG00000016038
ficedula_albicollis ENSFALG00000007538
taeniopygia_guttata ENSTGUG00000008203
lonchura_striata ENSLSDG00000016731
serinus_canaria ENSSCAG00000017110
junco_hyemalis ENSJHYG00000018099
zonotrichia_albicollis ENSZALG00000012890
manacus_vitellinus ENSMVIG00005017083
lepidothrix_coronata ENSLCOG00000006710
melopsittacus_undulatus ENSMUNG00000014028
calidris_pygmaea ENSCPGG00000018054
calidris_pugnax ENSCPUG00000009083
apteryx_haastii ENSAHAG00000015361
apteryx_owenii ENSAOWG00000003007
apteryx_rowi ENSARWG00000015485
dromaius_novaehollandiae ENSDNVG00000005542
nothoprocta_perdicaria ENSNPEG00000013164
crocodylus_porosus ENSCPRG00005017853
gopherus_agassizii ENSGAGG00000008246
chelonoidis_abingdonii ENSCABG00000005847
chrysemys_picta ENSCPBG00000012795
pelodiscus_sinensis ENSPSIG00000015279
anolis_carolinensis ENSACAG00000011627
pogona_vitticeps ENSPVIG00000013464
notechis_scutatus ENSNSUG00000008441
salvator_merianae ENSSMRG00000000009
sphenodon_punctatus ENSSPUG00000016733
xenopus_tropicalis ENSXETG00000002298
latimeria_chalumnae ENSLACG00000009281
scleropages_formosus ENSSFOG00015016869
paramormyrops_kingsleyae ENSPKIG00000016931
paramormyrops_kingsleyae ENSPKIG00000016571
astyanax_mexicanus ENSAMXG00000037427
astyanax_mexicanus ENSAMXG00005022882
pygocentrus_nattereri ENSPNAG00000000450
ictalurus_punctatus ENSIPUG00000000254
electrophorus_electricus ENSEEEG00000001690
danio_rerio ENSDARG00000010154
clupea_harengus ENSCHAG00000011268
seriola_dumerili ENSSDUG00000023012
seriola_lalandi ENSSLDG00000015513
scophthalmus_maximus ENSSMAG00000004530
amphiprion_ocellaris ENSAOCG00000016642
amphiprion_percula ENSAPEG00000016843
acanthochromis_polyacanthus ENSAPOG00000013768
stegastes_partitus ENSSPAG00000022316
cyprinodon_variegatus ENSCVAG00000003707
fundulus_heteroclitus ENSFHEG00000004777
poecilia_formosa ENSPFOG00000006436
poecilia_mexicana ENSPMEG00000005559
poecilia_latipinna ENSPLAG00000019793
xiphophorus_maculatus ENSXMAG00000013584
gambusia_affinis ENSGAFG00000008768
xiphophorus_couchianus ENSXCOG00000012005
poecilia_reticulata ENSPREG00000021356
kryptolebias_marmoratus ENSKMAG00000020241
oryzias_latipes ENSORLG00000009027
oryzias_latipes ENSORLG00020000021
oryzias_latipes ENSORLG00015006165
oryzias_melastigma ENSOMEG00000002383
maylandia_zebra ENSMZEG00005003798
pundamilia_nyererei ENSPNYG00000010071
haplochromis_burtoni ENSHBUG00000022897
oreochromis_niloticus ENSONIG00000009578
astatotilapia_calliptera ENSACLG00000006654
neolamprologus_brichardi ENSNBRG00000010571
amphilophus_citrinellus ENSACIG00000022998
parambassis_ranga ENSPRNG00000025215
lates_calcarifer ENSLCAG00010003614
monopterus_albus ENSMALG00000016162
mastacembelus_armatus ENSMAMG00000004179
anabas_testudineus ENSATEG00000022392
cynoglossus_semilaevis ENSCSEG00000007399
periophthalmus_magnuspinnatus ENSPMGG00000020325
gouania_willdenowi ENSGWIG00000019786
cottoperca_gobio ENSCGOG00000023758
larimichthys_crocea ENSLCRG00005018636
labrus_bergylta ENSLBEG00000014765
gasterosteus_aculeatus ENSGACG00000006962
takifugu_rubripes ENSTRUG00000023344
tetraodon_nigroviridis ENSTNIG00000000558
mola_mola ENSMMOG00000010947
hippocampus_comes ENSHCOG00000020032
gadus_morhua ENSGMOG00000003674
betta_splendens ENSBSLG00000025298
hucho_hucho ENSHHUG00000043666
esox_lucius ENSELUG00000010032
astyanax_mexicanus ENSAMXG00000003254
astyanax_mexicanus ENSAMXG00005010863
pygocentrus_nattereri ENSPNAG00000023328
ictalurus_punctatus ENSIPUG00000012643
electrophorus_electricus ENSEEEG00000002837
danio_rerio ENSDARG00000053186
denticeps_clupeoides ENSDCDG00000005569
clupea_harengus ENSCHAG00000003512
hucho_hucho ENSHHUG00000016865
hucho_hucho ENSHHUG00000024462
esox_lucius ENSELUG00000006186
poecilia_formosa ENSPFOG00000017703
poecilia_mexicana ENSPMEG00000013780
poecilia_latipinna ENSPLAG00000006607
poecilia_reticulata ENSPREG00000021522
xiphophorus_couchianus ENSXCOG00000001215
xiphophorus_maculatus ENSXMAG00000021218
gambusia_affinis ENSGAFG00000007945
fundulus_heteroclitus ENSFHEG00000017562
oryzias_latipes ENSORLG00015006549
oryzias_latipes ENSORLG00000002399
oryzias_latipes ENSORLG00020008035
oryzias_melastigma ENSOMEG00000009429
cynoglossus_semilaevis ENSCSEG00000000369
periophthalmus_magnuspinnatus ENSPMGG00000020190
betta_splendens ENSBSLG00000024217
labrus_bergylta ENSLBEG00000000074
gasterosteus_aculeatus ENSGACG00000005691
mola_mola ENSMMOG00000004641
takifugu_rubripes ENSTRUG00000017147
gouania_willdenowi ENSGWIG00000021567
hippocampus_comes ENSHCOG00000002624
amphiprion_percula ENSAPEG00000021812
amphiprion_ocellaris ENSAOCG00000023661
acanthochromis_polyacanthus ENSAPOG00000005859
stegastes_partitus ENSSPAG00000018078
parambassis_ranga ENSPRNG00000014314
maylandia_zebra ENSMZEG00005006157
astatotilapia_calliptera ENSACLG00000021659
pundamilia_nyererei ENSPNYG00000006370
haplochromis_burtoni ENSHBUG00000005083
neolamprologus_brichardi ENSNBRG00000014385
oreochromis_niloticus ENSONIG00000019623
cottoperca_gobio ENSCGOG00000017662
larimichthys_crocea ENSLCRG00005007477
neolamprologus_brichardi ENSNBRG00000000159
amphilophus_citrinellus ENSACIG00000020780
seriola_lalandi ENSSLDG00000010957
seriola_dumerili ENSSDUG00000006568
scophthalmus_maximus ENSSMAG00000005515
lates_calcarifer ENSLCAG00010016869
monopterus_albus ENSMALG00000011374
mastacembelus_armatus ENSMAMG00000002719
anabas_testudineus ENSATEG00000005716
gadus_morhua ENSGMOG00000017655
scleropages_formosus ENSSFOG00015008686
lepisosteus_oculatus ENSLOCG00000004090
callorhinchus_milii ENSCMIG00000003876
