petromyzon_marinus ENSPMAG00000005344
petromyzon_marinus ENSPMAG00000002150
eptatretus_burgeri ENSEBUG00000016864
scleropages_formosus ENSSFOG00015014501
paramormyrops_kingsleyae ENSPKIG00000009502
scophthalmus_maximus ENSSMAG00000014383
scophthalmus_maximus ENSSMAG00000014391
gasterosteus_aculeatus ENSGACG00000006954
labrus_bergylta ENSLBEG00000005497
monopterus_albus ENSMALG00000020988
cynoglossus_semilaevis ENSCSEG00000012049
tetraodon_nigroviridis ENSTNIG00000017751
takifugu_rubripes ENSTRUG00000005492
mastacembelus_armatus ENSMAMG00000008473
seriola_dumerili ENSSDUG00000005464
seriola_lalandi_dorsalis ENSSLDG00000025573
mola_mola ENSMMOG00000020192
anabas_testudineus ENSATEG00000000940
poecilia_formosa ENSPFOG00000004661
poecilia_mexicana ENSPMEG00000007377
poecilia_reticulata ENSPREG00000001739
xiphophorus_maculatus ENSXMAG00000000864
fundulus_heteroclitus ENSFHEG00000015773
cyprinodon_variegatus ENSCVAG00000009230
gambusia_affinis ENSGAFG00000017974
gambusia_affinis ENSGAFG00000017980
poecilia_latipinna ENSPLAG00000009853
xiphophorus_couchianus ENSXCOG00000000791
kryptolebias_marmoratus ENSKMAG00000019769
oryzias_latipes ENSORLG00000004750
oryzias_latipes ENSORLG00020003638
oryzias_latipes_asm223469v1 ENSORLG00015015917
oryzias_melastigma ENSOMEG00000018013
amphiprion_ocellaris ENSAOCG00000019353
acanthochromis_polyacanthus ENSAPOG00000017292
astatotilapia_calliptera ENSACLG00000000166
oreochromis_niloticus ENSONIG00000004527
haplochromis_burtoni ENSHBUG00000018004
pundamilia_nyererei ENSPNYG00000020303
neolamprologus_brichardi ENSNBRG00000005869
maylandia_zebra ENSMZEG00005009304
amphilophus_citrinellus ENSACIG00000001575
amphiprion_percula ENSAPEG00000018780
stegastes_partitus ENSSPAG00000003932
hippocampus_comes ENSHCOG00000006559
periophthalmus_magnuspinnatus ENSPMGG00000006087
gadus_morhua ENSGMOG00000009545
esox_lucius ENSELUG00000006418
danio_rerio ENSDARG00000062640
ictalurus_punctatus ENSIPUG00000006482
chinchilla_lanigera ENSCLAG00000004698
octodon_degus ENSODEG00000005720
cavia_porcellus ENSCPOG00000033526
cavia_aperea ENSCAPG00000006609
heterocephalus_glaber_female ENSHGLG00000003608
heterocephalus_glaber_male ENSHGLG00100005259
fukomys_damarensis ENSFDAG00000005535
ictidomys_tridecemlineatus ENSSTOG00000023006
urocitellus_parryii ENSUPAG00010016662
spermophilus_dauricus ENSSDAG00000011243
marmota_marmota_marmota ENSMMMG00000008724
castor_canadensis ENSCCNG00000003304
dipodomys_ordii ENSDORG00000010205
oryctolagus_cuniculus ENSOCUG00000016348
ochotona_princeps ENSOPRG00000000167
tupaia_belangeri ENSTBEG00000011870
homo_sapiens ENSG00000183960
gorilla_gorilla ENSGGOG00000028470
pan_troglodytes ENSPTRG00000014679
pan_paniscus ENSPPAG00000043183
pongo_abelii ENSPPYG00000014076
nomascus_leucogenys ENSNLEG00000000890
macaca_fascicularis ENSMFAG00000035903
macaca_mulatta ENSMMUG00000005370
macaca_nemestrina ENSMNEG00000043418
cercocebus_atys ENSCATG00000031386
mandrillus_leucophaeus ENSMLEG00000029352
papio_anubis ENSPANG00000010237
theropithecus_gelada ENSTGEG00000017897
chlorocebus_sabaeus ENSCSAG00000009913
piliocolobus_tephrosceles ENSPTEG00000034681
colobus_angolensis_palliatus ENSCANG00000043671
rhinopithecus_roxellana ENSRROG00000034409
rhinopithecus_bieti ENSRBIG00000026942
cebus_capucinus ENSCCAG00000025449
saimiri_boliviensis_boliviensis ENSSBOG00000029678
callithrix_jacchus ENSCJAG00000003681
aotus_nancymaae ENSANAG00000033965
carlito_syrichta ENSTSYG00000004779
propithecus_coquereli ENSPCOG00000017646
microcebus_murinus ENSMICG00000049082
prolemur_simus ENSPSMG00000008036
otolemur_garnettii ENSOGAG00000000804
cricetulus_griseus_chok1gshd ENSCGRG00001023448
cricetulus_griseus_crigri ENSCGRG00000003008
cricetulus_griseus_crigri-picr ENSCGRG00015025324
mesocricetus_auratus ENSMAUG00000004139
peromyscus_maniculatus_bairdii ENSPEMG00000021076
microtus_ochrogaster ENSMOCG00000010702
mus_musculus ENSMUSG00000035580
mus_spretus_strain_spret/eij MGP_SPRETEiJ_G0022651
mus_spicilegus ENSMSIG00000013139
mus_caroli_strain_caroli_eij MGP_CAROLIEiJ_G0021739
mus_pahari MGP_PahariEiJ_G0020728
rattus_norvegicus ENSRNOG00000058626
nannospalax_galili ENSNGAG00000013207
jaculus_jaculus ENSJJAG00000011433
erinaceus_europaeus ENSEEUG00000015280
pteropus_vampyrus ENSPVAG00000016798
myotis_lucifugus ENSMLUG00000001650
equus_caballus ENSECAG00000023098
equus_asinus_asinus ENSEASG00005005804
sorex_araneus ENSSARG00000000046
ursus_maritimus ENSUMAG00000018259
ailuropoda_melanoleuca ENSAMEG00000007435
mustela_putorius_furo ENSMPUG00000001398
neovison_vison ENSNVIG00000019424
canis_lupus_familiaris ENSCAFG00000005826
canis_lupus_dingo ENSCAFG00020027292
vulpes_vulpes ENSVVUG00000000541
panthera_tigris_altaica ENSPTIG00000021965
panthera_pardus ENSPPRG00000023681
felis_catus ENSFCAG00000012306
bos_taurus ENSBTAG00000012798
bos_mutus ENSBMUG00000023195
bison_bison_bison ENSBBBG00000010348
ovis_aries ENSOARG00000015658
capra_hircus ENSCHIG00000018810
tursiops_truncatus ENSTTRG00000008461
vicugna_pacos ENSVPAG00000008382
sus_scrofa ENSSSCG00000011204
choloepus_hoffmanni ENSCHOG00000008803
dasypus_novemcinctus ENSDNOG00000017660
procavia_capensis ENSPCAG00000006343
echinops_telfairi ENSETEG00000001762
loxodonta_africana ENSLAFG00000000251
dasypus_novemcinctus ENSDNOG00000044401
phascolarctos_cinereus ENSPCIG00000018327
notamacropus_eugenii ENSMEUG00000000248
sarcophilus_harrisii ENSSHAG00000008165
monodelphis_domestica ENSMODG00000014786
ornithorhynchus_anatinus ENSOANG00000004990
apteryx_haastii ENSAHAG00000003373
apteryx_owenii ENSAOWG00000018063
apteryx_rowi ENSARWG00000016697
dromaius_novaehollandiae ENSDNVG00000012151
nothoprocta_perdicaria ENSNPEG00000000632
calidris_pygmaea ENSCPGG00000001605
calidris_pugnax ENSCPUG00000010778
melopsittacus_undulatus ENSMUNG00000013872
junco_hyemalis ENSJHYG00000007169
zonotrichia_albicollis ENSZALG00000011372
serinus_canaria ENSSCAG00000015206
lonchura_striata_domestica ENSLSDG00000013894
taeniopygia_guttata ENSTGUG00000003211
ficedula_albicollis ENSFALG00000009249
parus_major ENSPMJG00000003557
cyanistes_caeruleus ENSCCEG00000006287
manacus_vitellinus ENSMVIG00005017443
lepidothrix_coronata ENSLCOG00000004129
anser_brachyrhynchus ENSABRG00000006793
anas_platyrhynchos_platyrhynchos ENSAPLG00000013144
gallus_gallus ENSGALG00000011262
coturnix_japonica ENSCJPG00005012584
meleagris_gallopavo ENSMGAG00000010937
numida_meleagris ENSNMEG00000008544
crocodylus_porosus ENSCPRG00005001753
gopherus_agassizii ENSGAGG00000014897
gopherus_agassizii ENSGAGG00000023513
chelonoidis_abingdonii ENSCABG00000018790
chrysemys_picta_bellii ENSCPBG00000022553
pelodiscus_sinensis ENSPSIG00000004263
anolis_carolinensis ENSACAG00000000019
pogona_vitticeps ENSPVIG00000007993
notechis_scutatus ENSNSUG00000010443
salvator_merianae ENSSMRG00000011744
sphenodon_punctatus ENSSPUG00000008973
xenopus_tropicalis ENSXETG00000014005
latimeria_chalumnae ENSLACG00000005721
lepisosteus_oculatus ENSLOCG00000006545
eptatretus_burgeri ENSEBUG00000010548
petromyzon_marinus ENSPMAG00000003963
latimeria_chalumnae ENSLACG00000019046
