anolis_carolinensis ENSACAG00000003330
pogona_vitticeps ENSPVIG00000025044
notechis_scutatus ENSNSUG00000019046
salvator_merianae ENSSMRG00000017679
sphenodon_punctatus ENSSPUG00000007060
gallus_gallus ENSGALG00000003722
meleagris_gallopavo ENSMGAG00000004968
coturnix_japonica ENSCJPG00005011337
numida_meleagris ENSNMEG00000018039
anas_platyrhynchos_platyrhynchos ENSAPLG00000013772
anas_platyrhynchos_platyrhynchos ENSAPLG00000021990
anser_brachyrhynchus ENSABRG00000016860
taeniopygia_guttata ENSTGUG00000000618
lonchura_striata_domestica ENSLSDG00000000274
serinus_canaria ENSSCAG00000013129
zonotrichia_albicollis ENSZALG00000010517
junco_hyemalis ENSJHYG00000002449
ficedula_albicollis ENSFALG00000008475
parus_major ENSPMJG00000007711
cyanistes_caeruleus ENSCCEG00000007551
lepidothrix_coronata ENSLCOG00000007948
manacus_vitellinus ENSMVIG00005016647
melopsittacus_undulatus ENSMUNG00000005708
melopsittacus_undulatus ENSMUNG00000010452
calidris_pugnax ENSCPUG00000000829
calidris_pygmaea ENSCPGG00000015440
apteryx_haastii ENSAHAG00000001130
apteryx_owenii ENSAOWG00000010335
apteryx_rowi ENSARWG00000005102
dromaius_novaehollandiae ENSDNVG00000001854
nothoprocta_perdicaria ENSNPEG00000004968
gopherus_agassizii ENSGAGG00000016997
chelonoidis_abingdonii ENSCABG00000007468
chrysemys_picta_bellii ENSCPBG00000001551
pelodiscus_sinensis ENSPSIG00000005072
crocodylus_porosus ENSCPRG00005013345
erinaceus_europaeus ENSEEUG00000001923
sorex_araneus ENSSARG00000012216
echinops_telfairi ENSETEG00000000463
ursus_maritimus ENSUMAG00000000769
ursus_americanus ENSUAMG00000013357
ailuropoda_melanoleuca ENSAMEG00000006356
neovison_vison ENSNVIG00000004874
mustela_putorius_furo ENSMPUG00000013462
canis_lupus_dingo ENSCAFG00020025580
canis_lupus_familiaris ENSCAFG00000017348
vulpes_vulpes ENSVVUG00000004234
panthera_pardus ENSPPRG00000007563
panthera_tigris_altaica ENSPTIG00000013921
felis_catus ENSFCAG00000022752
equus_asinus_asinus ENSEASG00005000757
equus_caballus ENSECAG00000013378
capra_hircus ENSCHIG00000011287
ovis_aries ENSOARG00000012620
bos_mutus ENSBMUG00000014976
bos_taurus ENSBTAG00000010359
bison_bison_bison ENSBBBG00000022697
tursiops_truncatus ENSTTRG00000006448
sus_scrofa ENSSSCG00000036047
vicugna_pacos ENSVPAG00000007839
myotis_lucifugus ENSMLUG00000015926
heterocephalus_glaber_female ENSHGLG00000008948
heterocephalus_glaber_male ENSHGLG00100007419
fukomys_damarensis ENSFDAG00000009417
chinchilla_lanigera ENSCLAG00000013903
octodon_degus ENSODEG00000009719
cavia_aperea ENSCAPG00000013412
cavia_porcellus ENSCPOG00000037046
spermophilus_dauricus ENSSDAG00000020539
spermophilus_dauricus ENSSDAG00000020553
ictidomys_tridecemlineatus ENSSTOG00000014243
urocitellus_parryii ENSUPAG00010016766
marmota_marmota_marmota ENSMMMG00000013157
castor_canadensis ENSCCNG00000021588
dipodomys_ordii ENSDORG00000007564
cricetulus_griseus_chok1gshd ENSCGRG00001019597
cricetulus_griseus_crigri-picr ENSCGRG00015023244
cricetulus_griseus_crigri ENSCGRG00000003459
mesocricetus_auratus ENSMAUG00000012121
microtus_ochrogaster ENSMOCG00000005041
peromyscus_maniculatus_bairdii ENSPEMG00000022707
mus_musculus ENSMUSG00000011254
mus_spretus_strain_spret/eij MGP_SPRETEiJ_G0017077
mus_caroli_strain_caroli_eij MGP_CAROLIEiJ_G0016236
mus_spicilegus ENSMSIG00000032204
mus_pahari MGP_PahariEiJ_G0017372
rattus_norvegicus ENSRNOG00000005539
meriones_unguiculatus ENSMUGG00000016168
nannospalax_galili ENSNGAG00000012087
jaculus_jaculus ENSJJAG00000022909
macaca_nemestrina ENSMNEG00000038597
macaca_fascicularis ENSMFAG00000041928
papio_anubis ENSPANG00000025147
cercocebus_atys ENSCATG00000040510
theropithecus_gelada ENSTGEG00000008546
chlorocebus_sabaeus ENSCSAG00000010572
mandrillus_leucophaeus ENSMLEG00000025109
rhinopithecus_roxellana ENSRROG00000045380
rhinopithecus_bieti ENSRBIG00000037537
colobus_angolensis_palliatus ENSCANG00000039650
piliocolobus_tephrosceles ENSPTEG00000012158
pan_paniscus ENSPPAG00000042438
pan_troglodytes ENSPTRG00000017473
gorilla_gorilla ENSGGOG00000008668
homo_sapiens ENSG00000113272
pongo_abelii ENSPPYG00000015993
nomascus_leucogenys ENSNLEG00000004166
callithrix_jacchus ENSCJAG00000018973
saimiri_boliviensis_boliviensis ENSSBOG00000024790
cebus_capucinus ENSCCAG00000024953
aotus_nancymaae ENSANAG00000031173
aotus_nancymaae ENSANAG00000025715
carlito_syrichta ENSTSYG00000001547
prolemur_simus ENSPSMG00000006213
microcebus_murinus ENSMICG00000038734
propithecus_coquereli ENSPCOG00000028595
otolemur_garnettii ENSOGAG00000009057
oryctolagus_cuniculus ENSOCUG00000001053
ochotona_princeps ENSOPRG00000013774
tupaia_belangeri ENSTBEG00000000788
pteropus_vampyrus ENSPVAG00000006279
choloepus_hoffmanni ENSCHOG00000007378
dasypus_novemcinctus ENSDNOG00000002215
loxodonta_africana ENSLAFG00000004926
procavia_capensis ENSPCAG00000016378
sarcophilus_harrisii ENSSHAG00000016908
phascolarctos_cinereus ENSPCIG00000018471
monodelphis_domestica ENSMODG00000008328
ornithorhynchus_anatinus ENSOANG00000005074
xenopus_tropicalis ENSXETG00000007902
latimeria_chalumnae ENSLACG00000015528
gadus_morhua ENSGMOG00000015482
fundulus_heteroclitus ENSFHEG00000007339
labrus_bergylta ENSLBEG00000013870
labrus_bergylta ENSLBEG00000022336
gasterosteus_aculeatus ENSGACG00000018445
takifugu_rubripes ENSTRUG00000009758
tetraodon_nigroviridis ENSTNIG00000017067
mola_mola ENSMMOG00000009355
mastacembelus_armatus ENSMAMG00000012302
monopterus_albus ENSMALG00000005060
anabas_testudineus ENSATEG00000001426
scophthalmus_maximus ENSSMAG00000008988
cynoglossus_semilaevis ENSCSEG00000019947
seriola_dumerili ENSSDUG00000009841
seriola_lalandi_dorsalis ENSSLDG00000003416
poecilia_formosa ENSPFOG00000000528
poecilia_formosa ENSPFOG00000000643
poecilia_latipinna ENSPLAG00000019419
poecilia_mexicana ENSPMEG00000017466
poecilia_mexicana ENSPMEG00000017382
poecilia_reticulata ENSPREG00000019678
xiphophorus_maculatus ENSXMAG00000008240
gambusia_affinis ENSGAFG00000006870
cyprinodon_variegatus ENSCVAG00000011708
kryptolebias_marmoratus ENSKMAG00000009156
oryzias_latipes ENSORLG00000007424
oryzias_latipes_asm223469v1 ENSORLG00015006415
oryzias_latipes ENSORLG00020006322
oryzias_melastigma ENSOMEG00000011477
astatotilapia_calliptera ENSACLG00000001490
pundamilia_nyererei ENSPNYG00000000169
maylandia_zebra ENSMZEG00005008770
haplochromis_burtoni ENSHBUG00000004025
neolamprologus_brichardi ENSNBRG00000017747
oreochromis_niloticus ENSONIG00000017663
amphilophus_citrinellus ENSACIG00000015946
acanthochromis_polyacanthus ENSAPOG00000010278
acanthochromis_polyacanthus ENSAPOG00000012429
acanthochromis_polyacanthus ENSAPOG00000002190
amphiprion_ocellaris ENSAOCG00000015583
amphiprion_percula ENSAPEG00000011671
stegastes_partitus ENSSPAG00000008744
periophthalmus_magnuspinnatus ENSPMGG00000020712
hippocampus_comes ENSHCOG00000002622
esox_lucius ENSELUG00000005532
pygocentrus_nattereri ENSPNAG00000013944
astyanax_mexicanus ENSAMXG00000042416
ictalurus_punctatus ENSIPUG00000006310
danio_rerio ENSDARG00000038360
paramormyrops_kingsleyae ENSPKIG00000002407
scleropages_formosus ENSSFOG00015017619
lepisosteus_oculatus ENSLOCG00000009255
eptatretus_burgeri ENSEBUG00000006216
petromyzon_marinus ENSPMAG00000000881
ciona_savignyi ENSCSAVG00000001943
ciona_intestinalis ENSCING00000013151
drosophila_melanogaster FBgn0283659
piliocolobus_tephrosceles ENSPTEG00000018166
saccharomyces_cerevisiae YGR024C
