petromyzon_marinus ENSPMAG00000005648
eptatretus_burgeri ENSEBUG00000011157
maylandia_zebra ENSMZEG00005011071
haplochromis_burtoni ENSHBUG00000010031
pundamilia_nyererei ENSPNYG00000019436
astatotilapia_calliptera ENSACLG00000005630
neolamprologus_brichardi ENSNBRG00000023818
oreochromis_niloticus ENSONIG00000002573
amphilophus_citrinellus ENSACIG00000024381
amphiprion_ocellaris ENSAOCG00000019078
amphiprion_percula ENSAPEG00000009323
acanthochromis_polyacanthus ENSAPOG00000019292
stegastes_partitus ENSSPAG00000014297
mola_mola ENSMMOG00000001343
xiphophorus_maculatus ENSXMAG00000011864
xiphophorus_couchianus ENSXCOG00000009181
gambusia_affinis ENSGAFG00000005772
poecilia_formosa ENSPFOG00000006963
poecilia_latipinna ENSPLAG00000014093
poecilia_mexicana ENSPMEG00000007770
poecilia_reticulata ENSPREG00000006130
cyprinodon_variegatus ENSCVAG00000019631
fundulus_heteroclitus ENSFHEG00000022780
kryptolebias_marmoratus ENSKMAG00000006384
oryzias_latipes_asm223467v1 ENSORLG00000015193
oryzias_latipes_asm223471v1 ENSORLG00020021028
oryzias_latipes_asm223469v1 ENSORLG00015017122
oryzias_melastigma ENSOMEG00000002469
takifugu_rubripes ENSTRUG00000018302
tetraodon_nigroviridis ENSTNIG00000013177
scophthalmus_maximus ENSSMAG00000018482
mastacembelus_armatus ENSMAMG00000018408
monopterus_albus ENSMALG00000022043
anabas_testudineus ENSATEG00000023683
seriola_dumerili ENSSDUG00000002692
seriola_lalandi_dorsalis ENSSLDG00000005531
labrus_bergylta ENSLBEG00000005685
cynoglossus_semilaevis ENSCSEG00000007318
hippocampus_comes ENSHCOG00000001004
periophthalmus_magnuspinnatus ENSPMGG00000014301
gasterosteus_aculeatus ENSGACG00000014428
gadus_morhua ENSGMOG00000015371
esox_lucius ENSELUG00000016290
pygocentrus_nattereri ENSPNAG00000017687
ictalurus_punctatus ENSIPUG00000001333
danio_rerio ENSDARG00000062152
paramormyrops_kingsleyae ENSPKIG00000016297
scleropages_formosus ENSSFOG00015002686
lepisosteus_oculatus ENSLOCG00000006653
ciona_intestinalis ENSCING00000008952
gallus_gallus ENSGALG00000001126
coturnix_japonica ENSCJPG00005010320
meleagris_gallopavo ENSMGAG00000002708
numida_meleagris ENSNMEG00000002925
anser_brachyrhynchus ENSABRG00000021500
anas_platyrhynchos_platyrhynchos ENSAPLG00000008289
taeniopygia_guttata ENSTGUG00000000819
lonchura_striata_domestica ENSLSDG00000001531
serinus_canaria ENSSCAG00000007146
junco_hyemalis ENSJHYG00000007472
zonotrichia_albicollis ENSZALG00000007191
ficedula_albicollis ENSFALG00000001107
cyanistes_caeruleus ENSCCEG00000006252
parus_major ENSPMJG00000012870
lepidothrix_coronata ENSLCOG00000006739
manacus_vitellinus ENSMVIG00005019605
melopsittacus_undulatus ENSMUNG00000005575
calidris_pugnax ENSCPUG00000006227
calidris_pygmaea ENSCPGG00000000674
apteryx_rowi ENSARWG00000003140
apteryx_owenii ENSAOWG00000007538
apteryx_haastii ENSAHAG00000019673
dromaius_novaehollandiae ENSDNVG00000004393
nothoprocta_perdicaria ENSNPEG00000010661
crocodylus_porosus ENSCPRG00005008804
chelonoidis_abingdonii ENSCABG00000001784
gopherus_agassizii ENSGAGG00000014373
chrysemys_picta_bellii ENSCPBG00000011068
pelodiscus_sinensis ENSPSIG00000008382
sphenodon_punctatus ENSSPUG00000010528
anolis_carolinensis ENSACAG00000001290
pogona_vitticeps ENSPVIG00000023391
salvator_merianae ENSSMRG00000017687
notechis_scutatus ENSNSUG00000002741
phascolarctos_cinereus ENSPCIG00000006291
notamacropus_eugenii ENSMEUG00000010486
monodelphis_domestica ENSMODG00000000950
sarcophilus_harrisii ENSSHAG00000000307
ornithorhynchus_anatinus ENSOANG00000030964
loxodonta_africana ENSLAFG00000000293
procavia_capensis ENSPCAG00000015412
echinops_telfairi ENSETEG00000006787
choloepus_hoffmanni ENSCHOG00000013780
dasypus_novemcinctus ENSDNOG00000000688
pan_paniscus ENSPPAG00000033194
pan_troglodytes ENSPTRG00000010309
homo_sapiens ENSG00000167670
gorilla_gorilla ENSGGOG00000040557
pongo_abelii ENSPPYG00000009406
nomascus_leucogenys ENSNLEG00000003132
papio_anubis ENSPANG00000022953
theropithecus_gelada ENSTGEG00000016503
cercocebus_atys ENSCATG00000037940
mandrillus_leucophaeus ENSMLEG00000037211
macaca_fascicularis ENSMFAG00000035792
macaca_mulatta ENSMMUG00000016706
macaca_nemestrina ENSMNEG00000039177
chlorocebus_sabaeus ENSCSAG00000010557
piliocolobus_tephrosceles ENSPTEG00000023866
colobus_angolensis_palliatus ENSCANG00000031925
rhinopithecus_roxellana ENSRROG00000029710
rhinopithecus_bieti ENSRBIG00000016297
saimiri_boliviensis_boliviensis ENSSBOG00000027727
cebus_capucinus_imitator ENSCCAG00000020997
callithrix_jacchus ENSCJAG00000007402
aotus_nancymaae ENSANAG00000025401
carlito_syrichta ENSTSYG00000010174
propithecus_coquereli ENSPCOG00000024961
microcebus_murinus ENSMICG00000000323
prolemur_simus ENSPSMG00000019830
otolemur_garnettii ENSOGAG00000002196
urocitellus_parryii ENSUPAG00010009868
spermophilus_dauricus ENSSDAG00000008550
marmota_marmota_marmota ENSMMMG00000018263
ictidomys_tridecemlineatus ENSSTOG00000014889
castor_canadensis ENSCCNG00000030218
chinchilla_lanigera ENSCLAG00000008702
octodon_degus ENSODEG00000015861
heterocephalus_glaber_hetgla_female_1.0 ENSHGLG00000005439
heterocephalus_glaber_hetgla_1.0 ENSHGLG00100014548
fukomys_damarensis ENSFDAG00000015395
cavia_porcellus ENSCPOG00000011635
cavia_aperea ENSCAPG00000007362
cricetulus_griseus_crigri-picr ENSCGRG00015003665
cricetulus_griseus_crigri_1.0 ENSCGRG00000014179
cricetulus_griseus_chok1gs_hdv1 ENSCGRG00001022507
mesocricetus_auratus ENSMAUG00000011198
microtus_ochrogaster ENSMOCG00000020238
peromyscus_maniculatus_bairdii ENSPEMG00000009601
mus_spicilegus ENSMSIG00000012336
mus_spretus_strain_spret/eij MGP_SPRETEiJ_G0022673
mus_musculus_strain_reference_cl57bl6 ENSMUSG00000002835
mus_caroli_strain_caroli_eij MGP_CAROLIEiJ_G0021761
mus_pahari_strain_pahari_eij MGP_PahariEiJ_G0020750
rattus_norvegicus ENSRNOG00000046479
meriones_unguiculatus ENSMUGG00000004886
nannospalax_galili ENSNGAG00000020900
jaculus_jaculus ENSJJAG00000023703
ochotona_princeps ENSOPRG00000008845
bos_taurus ENSBTAG00000008181
bos_mutus ENSBMUG00000018995
bison_bison_bison ENSBBBG00000022444
ovis_aries ENSOARG00000009704
capra_hircus ENSCHIG00000013105
tursiops_truncatus ENSTTRG00000001712
vicugna_pacos ENSVPAG00000000635
sus_scrofa ENSSSCG00000013509
pteropus_vampyrus ENSPVAG00000005851
ursus_maritimus ENSUMAG00000007691
ursus_americanus ENSUAMG00000019182
ailuropoda_melanoleuca ENSAMEG00000002002
neovison_vison ENSNVIG00000007855
mustela_putorius_furo ENSMPUG00000005021
canis_lupus_familiaris ENSCAFG00000019070
canis_lupus_dingo ENSCAFG00020018600
vulpes_vulpes ENSVVUG00000008352
panthera_pardus ENSPPRG00000013271
panthera_tigris_altaica ENSPTIG00000017273
felis_catus ENSFCAG00000014158
equus_asinus_asinus ENSEASG00005022431
equus_caballus ENSECAG00000014377
myotis_lucifugus ENSMLUG00000011351
sorex_araneus ENSSARG00000008066
erinaceus_europaeus ENSEEUG00000002856
ornithorhynchus_anatinus ENSOANG00000010940
myotis_lucifugus ENSMLUG00000024980
ornithorhynchus_anatinus ENSOANG00000029938
ciona_savignyi ENSCSAVG00000009265
xenopus_tropicalis ENSXETG00000024157
latimeria_chalumnae ENSLACG00000002195
caenorhabditis_elegans_strain_n2 WBGene00011532
