scleropages_formosus ENSSFOG00015015798
scleropages_formosus ENSSFOG00015015820
paramormyrops_kingsleyae ENSPKIG00000001327
paramormyrops_kingsleyae ENSPKIG00000001335
scleropages_formosus ENSSFOG00015018272
amphiprion_percula ENSAPEG00000003687
amphiprion_ocellaris ENSAOCG00000004982
acanthochromis_polyacanthus ENSAPOG00000014644
stegastes_partitus ENSSPAG00000002155
poecilia_reticulata ENSPREG00000007892
poecilia_reticulata ENSPREG00000007915
poecilia_formosa ENSPFOG00000023003
poecilia_latipinna ENSPLAG00000001554
poecilia_mexicana ENSPMEG00000003741
xiphophorus_maculatus ENSXMAG00000023530
xiphophorus_couchianus ENSXCOG00000003639
gambusia_affinis ENSGAFG00000014159
cyprinodon_variegatus ENSCVAG00000013031
fundulus_heteroclitus ENSFHEG00000018414
kryptolebias_marmoratus ENSKMAG00000007383
oryzias_latipes_asm223469v1 ENSORLG00015014576
oryzias_latipes_asm223471v1 ENSORLG00020018873
oryzias_latipes_asm223467v1 ENSORLG00000006800
oryzias_melastigma ENSOMEG00000019865
astatotilapia_calliptera ENSACLG00000025570
maylandia_zebra ENSMZEG00005020623
haplochromis_burtoni ENSHBUG00000007287
pundamilia_nyererei ENSPNYG00000019643
neolamprologus_brichardi ENSNBRG00000002408
oreochromis_niloticus ENSONIG00000012555
amphilophus_citrinellus ENSACIG00000010013
hippocampus_comes ENSHCOG00000009871
periophthalmus_magnuspinnatus ENSPMGG00000011680
mola_mola ENSMMOG00000008359
monopterus_albus ENSMALG00000013968
monopterus_albus ENSMALG00000013982
mastacembelus_armatus ENSMAMG00000002953
anabas_testudineus ENSATEG00000014196
seriola_lalandi_dorsalis ENSSLDG00000025030
seriola_dumerili ENSSDUG00000007486
gasterosteus_aculeatus ENSGACG00000008804
labrus_bergylta ENSLBEG00000022001
scophthalmus_maximus ENSSMAG00000021222
cynoglossus_semilaevis ENSCSEG00000015857
tetraodon_nigroviridis ENSTNIG00000010075
takifugu_rubripes ENSTRUG00000010774
gadus_morhua ENSGMOG00000000922
esox_lucius ENSELUG00000013622
astyanax_mexicanus ENSAMXG00000021585
pygocentrus_nattereri ENSPNAG00000005337
ictalurus_punctatus ENSIPUG00000024950
danio_rerio ENSDARG00000104717
lepisosteus_oculatus ENSLOCG00000000178
calidris_pugnax ENSCPUG00000012624
calidris_pygmaea ENSCPGG00000001192
anser_brachyrhynchus ENSABRG00000004389
apteryx_haastii ENSAHAG00000008652
apteryx_owenii ENSAOWG00000014159
apteryx_rowi ENSARWG00000015507
dromaius_novaehollandiae ENSDNVG00000005658
taeniopygia_guttata ENSTGUG00000000167
lonchura_striata_domestica ENSLSDG00000000085
serinus_canaria ENSSCAG00000001225
junco_hyemalis ENSJHYG00000013975
zonotrichia_albicollis ENSZALG00000002433
cyanistes_caeruleus ENSCCEG00000022652
parus_major ENSPMJG00000004691
ficedula_albicollis ENSFALG00000011627
lepidothrix_coronata ENSLCOG00000001414
meleagris_gallopavo ENSMGAG00000015732
coturnix_japonica ENSCJPG00005006170
gallus_gallus ENSGALG00000037888
numida_meleagris ENSNMEG00000007863
nothoprocta_perdicaria ENSNPEG00000013601
crocodylus_porosus ENSCPRG00005012195
gopherus_agassizii ENSGAGG00000009861
chelonoidis_abingdonii ENSCABG00000022397
chrysemys_picta_bellii ENSCPBG00000017116
pelodiscus_sinensis ENSPSIG00000001724
pogona_vitticeps ENSPVIG00000024214
notechis_scutatus ENSNSUG00000016934
salvator_merianae ENSSMRG00000010562
octodon_degus ENSODEG00000013384
cavia_porcellus ENSCPOG00000031050
chinchilla_lanigera ENSCLAG00000010610
heterocephalus_glaber_hetgla_1.0 ENSHGLG00100012382
heterocephalus_glaber_hetgla_female_1.0 ENSHGLG00000012829
cricetulus_griseus_crigri-picr ENSCGRG00015001372
cricetulus_griseus_crigri_1.0 ENSCGRG00000005623
cricetulus_griseus_chok1gs_hdv1 ENSCGRG00001014446
mesocricetus_auratus ENSMAUG00000015276
microtus_ochrogaster ENSMOCG00000005701
peromyscus_maniculatus_bairdii ENSPEMG00000015376
mus_spicilegus ENSMSIG00000024021
mus_spretus_strain_spret/eij MGP_SPRETEiJ_G0016452
mus_musculus_strain_reference_cl57bl6 ENSMUSG00000034881
mus_caroli_strain_caroli_eij MGP_CAROLIEiJ_G0015634
mus_pahari_strain_pahari_eij MGP_PahariEiJ_G0031047
rattus_norvegicus ENSRNOG00000020585
meriones_unguiculatus ENSMUGG00000010598
dipodomys_ordii ENSDORG00000004093
microcebus_murinus ENSMICG00000031426
erinaceus_europaeus ENSEEUG00000015634
jaculus_jaculus ENSJJAG00000015378
nannospalax_galili ENSNGAG00000023199
castor_canadensis ENSCCNG00000015042
ictidomys_tridecemlineatus ENSSTOG00000028290
urocitellus_parryii ENSUPAG00010008535
propithecus_coquereli ENSPCOG00000015698
prolemur_simus ENSPSMG00000019078
otolemur_garnettii ENSOGAG00000026948
pan_troglodytes ENSPTRG00000050832
pan_paniscus ENSPPAG00000033099
homo_sapiens ENSG00000006638
pongo_abelii ENSPPYG00000009381
gorilla_gorilla ENSGGOG00000013761
nomascus_leucogenys ENSNLEG00000002715
theropithecus_gelada ENSTGEG00000014673
cercocebus_atys ENSCATG00000037254
macaca_mulatta ENSMMUG00000011403
macaca_fascicularis ENSMFAG00000002307
macaca_nemestrina ENSMNEG00000029210
papio_anubis ENSPANG00000018961
chlorocebus_sabaeus ENSCSAG00000011119
mandrillus_leucophaeus ENSMLEG00000040764
piliocolobus_tephrosceles ENSPTEG00000000307
colobus_angolensis_palliatus ENSCANG00000023054
rhinopithecus_roxellana ENSRROG00000044222
rhinopithecus_bieti ENSRBIG00000036411
callithrix_jacchus ENSCJAG00000014921
cebus_capucinus_imitator ENSCCAG00000028722
aotus_nancymaae ENSANAG00000009361
loxodonta_africana ENSLAFG00000027874
dasypus_novemcinctus ENSDNOG00000018121
ailuropoda_melanoleuca ENSAMEG00000005733
ursus_americanus ENSUAMG00000017199
neovison_vison ENSNVIG00000006523
mustela_putorius_furo ENSMPUG00000004032
canis_lupus_familiaris ENSCAFG00000019175
canis_lupus_dingo ENSCAFG00020018318
vulpes_vulpes ENSVVUG00000003357
felis_catus ENSFCAG00000012120
panthera_pardus ENSPPRG00000006108
pteropus_vampyrus ENSPVAG00000004302
myotis_lucifugus ENSMLUG00000003517
capra_hircus ENSCHIG00000012747
ovis_aries ENSOARG00000012274
bos_mutus ENSBMUG00000018072
bos_taurus ENSBTAG00000014944
bison_bison_bison ENSBBBG00000000372
vicugna_pacos ENSVPAG00000001493
tursiops_truncatus ENSTTRG00000005760
sus_scrofa ENSSSCG00000033759
equus_caballus ENSECAG00000038039
equus_asinus_asinus ENSEASG00005022250
sorex_araneus ENSSARG00000013271
procavia_capensis ENSPCAG00000010953
phascolarctos_cinereus ENSPCIG00000025359
monodelphis_domestica ENSMODG00000006844
sarcophilus_harrisii ENSSHAG00000006677
ornithorhynchus_anatinus ENSOANG00000013517
xenopus_tropicalis ENSXETG00000022101
latimeria_chalumnae ENSLACG00000015049
eptatretus_burgeri ENSEBUG00000012299
anolis_carolinensis ENSACAG00000017009
pogona_vitticeps ENSPVIG00000005956
notechis_scutatus ENSNSUG00000017839
salvator_merianae ENSSMRG00000004952
sphenodon_punctatus ENSSPUG00000001303
chelonoidis_abingdonii ENSCABG00000015255
gopherus_agassizii ENSGAGG00000011987
chrysemys_picta_bellii ENSCPBG00000011808
pelodiscus_sinensis ENSPSIG00000007226
ailuropoda_melanoleuca ENSAMEG00000013480
ovis_aries ENSOARG00000005678
microcebus_murinus ENSMICG00000045048
propithecus_coquereli ENSPCOG00000016929
prolemur_simus ENSPSMG00000003774
otolemur_garnettii ENSOGAG00000033700
cebus_capucinus_imitator ENSCCAG00000024809
saimiri_boliviensis_boliviensis ENSSBOG00000026379
callithrix_jacchus ENSCJAG00000004706
aotus_nancymaae ENSANAG00000034925
gorilla_gorilla ENSGGOG00000023671
homo_sapiens ENSG00000160951
pan_troglodytes ENSPTRG00000045625
pongo_abelii ENSPPYG00000009644
nomascus_leucogenys ENSNLEG00000013538
theropithecus_gelada ENSTGEG00000007582
papio_anubis ENSPANG00000010976
cercocebus_atys ENSCATG00000040988
mandrillus_leucophaeus ENSMLEG00000043291
chlorocebus_sabaeus ENSCSAG00000006336
macaca_mulatta ENSMMUG00000005728
macaca_nemestrina ENSMNEG00000029342
macaca_fascicularis ENSMFAG00000040149
rhinopithecus_roxellana ENSRROG00000035503
rhinopithecus_bieti ENSRBIG00000039678
piliocolobus_tephrosceles ENSPTEG00000036495
ochotona_princeps ENSOPRG00000002280
castor_canadensis ENSCCNG00000025646
procavia_capensis ENSPCAG00000007185
dasypus_novemcinctus ENSDNOG00000041674
loxodonta_africana ENSLAFG00000030343
pteropus_vampyrus ENSPVAG00000006954
myotis_lucifugus ENSMLUG00000008382
bos_taurus ENSBTAG00000017041
bison_bison_bison ENSBBBG00000020190
capra_hircus ENSCHIG00000024064
tursiops_truncatus ENSTTRG00000007938
sus_scrofa ENSSSCG00000013782
canis_lupus_dingo ENSCAFG00020007434
canis_lupus_familiaris ENSCAFG00000016300
mustela_putorius_furo ENSMPUG00000003008
neovison_vison ENSNVIG00000007621
felis_catus ENSFCAG00000044590
panthera_pardus ENSPPRG00000006114
equus_asinus_asinus ENSEASG00005015271
equus_caballus ENSECAG00000028942
peromyscus_maniculatus_bairdii ENSPEMG00000027389
microtus_ochrogaster ENSMOCG00000012350
cricetulus_griseus_chok1gs_hdv1 ENSCGRG00001012182
cricetulus_griseus_crigri-picr ENSCGRG00015013946
cricetulus_griseus_crigri_1.0 ENSCGRG00000006621
mesocricetus_auratus ENSMAUG00000012479
mus_spretus_strain_spret/eij MGP_SPRETEiJ_G0032394
mus_musculus_strain_reference_cl57bl6 ENSMUSG00000019464
mus_spicilegus ENSMSIG00000011721
mus_caroli_strain_caroli_eij MGP_CAROLIEiJ_G0031275
mus_pahari_strain_pahari_eij MGP_PahariEiJ_G0022882
rattus_norvegicus ENSRNOG00000004094
meriones_unguiculatus ENSMUGG00000015406
nannospalax_galili ENSNGAG00000015906
urocitellus_parryii ENSUPAG00010012165
ictidomys_tridecemlineatus ENSSTOG00000013787
jaculus_jaculus ENSJJAG00000002161
chinchilla_lanigera ENSCLAG00000015236
octodon_degus ENSODEG00000010144
heterocephalus_glaber_hetgla_female_1.0 ENSHGLG00000015401
heterocephalus_glaber_hetgla_1.0 ENSHGLG00100013485
fukomys_damarensis ENSFDAG00000010151
cavia_porcellus ENSCPOG00000032486
phascolarctos_cinereus ENSPCIG00000029793
notamacropus_eugenii ENSMEUG00000002883
sarcophilus_harrisii ENSSHAG00000004529
monodelphis_domestica ENSMODG00000002532
ornithorhynchus_anatinus ENSOANG00000015204
latimeria_chalumnae ENSLACG00000016145
paramormyrops_kingsleyae ENSPKIG00000008380
scleropages_formosus ENSSFOG00015008694
takifugu_rubripes ENSTRUG00000007446
tetraodon_nigroviridis ENSTNIG00000012058
mola_mola ENSMMOG00000007246
poecilia_formosa ENSPFOG00000022309
poecilia_formosa ENSPFOG00000012799
poecilia_formosa ENSPFOG00000012794
poecilia_mexicana ENSPMEG00000010788
poecilia_latipinna ENSPLAG00000022578
poecilia_latipinna ENSPLAG00000019037
poecilia_reticulata ENSPREG00000000518
xiphophorus_maculatus ENSXMAG00000005260
gambusia_affinis ENSGAFG00000013668
fundulus_heteroclitus ENSFHEG00000015043
cyprinodon_variegatus ENSCVAG00000011306
kryptolebias_marmoratus ENSKMAG00000021747
oryzias_latipes_asm223467v1 ENSORLG00000014518
oryzias_latipes_asm223469v1 ENSORLG00015020107
oryzias_latipes_asm223471v1 ENSORLG00020019213
oryzias_melastigma ENSOMEG00000006114
monopterus_albus ENSMALG00000002078
mastacembelus_armatus ENSMAMG00000008071
anabas_testudineus ENSATEG00000022063
labrus_bergylta ENSLBEG00000011132
haplochromis_burtoni ENSHBUG00000021681
pundamilia_nyererei ENSPNYG00000006220
maylandia_zebra ENSMZEG00005010198
astatotilapia_calliptera ENSACLG00000015224
neolamprologus_brichardi ENSNBRG00000019613
oreochromis_niloticus ENSONIG00000018911
amphilophus_citrinellus ENSACIG00000006810
amphiprion_ocellaris ENSAOCG00000000881
amphiprion_percula ENSAPEG00000017755
acanthochromis_polyacanthus ENSAPOG00000011294
stegastes_partitus ENSSPAG00000017836
gasterosteus_aculeatus ENSGACG00000019103
scophthalmus_maximus ENSSMAG00000008320
cynoglossus_semilaevis ENSCSEG00000014229
seriola_dumerili ENSSDUG00000019976
seriola_lalandi_dorsalis ENSSLDG00000008117
hippocampus_comes ENSHCOG00000019818
periophthalmus_magnuspinnatus ENSPMGG00000010955
esox_lucius ENSELUG00000024325
astyanax_mexicanus ENSAMXG00000037178
pygocentrus_nattereri ENSPNAG00000008757
danio_rerio ENSDARG00000078605
cyprinodon_variegatus ENSCVAG00000007784
fundulus_heteroclitus ENSFHEG00000009466
xiphophorus_couchianus ENSXCOG00000015516
xiphophorus_maculatus ENSXMAG00000008865
gambusia_affinis ENSGAFG00000014194
poecilia_formosa ENSPFOG00000000937
poecilia_latipinna ENSPLAG00000000591
poecilia_mexicana ENSPMEG00000013641
poecilia_reticulata ENSPREG00000013692
kryptolebias_marmoratus ENSKMAG00000010814
oryzias_latipes_asm223469v1 ENSORLG00015015137
oryzias_latipes_asm223471v1 ENSORLG00020022062
oryzias_latipes_asm223467v1 ENSORLG00000016366
oryzias_melastigma ENSOMEG00000017168
gasterosteus_aculeatus ENSGACG00000006265
haplochromis_burtoni ENSHBUG00000019953
pundamilia_nyererei ENSPNYG00000002025
astatotilapia_calliptera ENSACLG00000001598
maylandia_zebra ENSMZEG00005002425
neolamprologus_brichardi ENSNBRG00000010138
oreochromis_niloticus ENSONIG00000008088
amphilophus_citrinellus ENSACIG00000020540
cynoglossus_semilaevis ENSCSEG00000016255
labrus_bergylta ENSLBEG00000023422
anabas_testudineus ENSATEG00000012538
periophthalmus_magnuspinnatus ENSPMGG00000001445
amphiprion_ocellaris ENSAOCG00000009439
amphiprion_percula ENSAPEG00000017651
acanthochromis_polyacanthus ENSAPOG00000011377
stegastes_partitus ENSSPAG00000018233
mola_mola ENSMMOG00000006292
seriola_dumerili ENSSDUG00000008765
seriola_lalandi_dorsalis ENSSLDG00000017216
scophthalmus_maximus ENSSMAG00000002469
mastacembelus_armatus ENSMAMG00000010592
monopterus_albus ENSMALG00000002270
hippocampus_comes ENSHCOG00000019485
gadus_morhua ENSGMOG00000016226
gadus_morhua ENSGMOG00000007010
esox_lucius ENSELUG00000010295
pygocentrus_nattereri ENSPNAG00000000846
astyanax_mexicanus ENSAMXG00000031327
ictalurus_punctatus ENSIPUG00000007708
danio_rerio ENSDARG00000104847
paramormyrops_kingsleyae ENSPKIG00000006939
scleropages_formosus ENSSFOG00015014925
lepisosteus_oculatus ENSLOCG00000008504
pygocentrus_nattereri ENSPNAG00000015395
astyanax_mexicanus ENSAMXG00000043345
ictalurus_punctatus ENSIPUG00000006841
danio_rerio ENSDARG00000078602
labrus_bergylta ENSLBEG00000023127
anabas_testudineus ENSATEG00000023793
mastacembelus_armatus ENSMAMG00000020494
gasterosteus_aculeatus ENSGACG00000010258
seriola_dumerili ENSSDUG00000015367
seriola_lalandi_dorsalis ENSSLDG00000002642
scophthalmus_maximus ENSSMAG00000002532
fundulus_heteroclitus ENSFHEG00000015288
cyprinodon_variegatus ENSCVAG00000023375
xiphophorus_couchianus ENSXCOG00000010941
xiphophorus_maculatus ENSXMAG00000027818
gambusia_affinis ENSGAFG00000012374
poecilia_formosa ENSPFOG00000023756
poecilia_mexicana ENSPMEG00000013282
poecilia_latipinna ENSPLAG00000001719
poecilia_reticulata ENSPREG00000004847
kryptolebias_marmoratus ENSKMAG00000013831
oryzias_latipes_asm223471v1 ENSORLG00020001738
oryzias_latipes_asm223467v1 ENSORLG00000006707
oryzias_latipes_asm223469v1 ENSORLG00015013434
oryzias_melastigma ENSOMEG00000006043
haplochromis_burtoni ENSHBUG00000003385
pundamilia_nyererei ENSPNYG00000008071
astatotilapia_calliptera ENSACLG00000021679
maylandia_zebra ENSMZEG00005013852
neolamprologus_brichardi ENSNBRG00000019954
amphilophus_citrinellus ENSACIG00000017222
amphiprion_percula ENSAPEG00000006864
amphiprion_ocellaris ENSAOCG00000004263
acanthochromis_polyacanthus ENSAPOG00000023666
stegastes_partitus ENSSPAG00000017111
scleropages_formosus ENSSFOG00015020789
lepisosteus_oculatus ENSLOCG00000008602
xenopus_tropicalis ENSXETG00000028023
petromyzon_marinus ENSPMAG00000002462
cynoglossus_semilaevis ENSCSEG00000020006
hippocampus_comes ENSHCOG00000000797
labrus_bergylta ENSLBEG00000018446
fundulus_heteroclitus ENSFHEG00000001538
cyprinodon_variegatus ENSCVAG00000003328
xiphophorus_maculatus ENSXMAG00000013163
xiphophorus_couchianus ENSXCOG00000010012
gambusia_affinis ENSGAFG00000000712
poecilia_formosa ENSPFOG00000018159
poecilia_mexicana ENSPMEG00000020291
poecilia_latipinna ENSPLAG00000017453
poecilia_reticulata ENSPREG00000010385
kryptolebias_marmoratus ENSKMAG00000001783
oryzias_latipes_asm223469v1 ENSORLG00015022572
oryzias_latipes_asm223471v1 ENSORLG00020004356
oryzias_latipes_asm223467v1 ENSORLG00000024637
oryzias_melastigma ENSOMEG00000005198
maylandia_zebra ENSMZEG00005006512
pundamilia_nyererei ENSPNYG00000006383
haplochromis_burtoni ENSHBUG00000007177
neolamprologus_brichardi ENSNBRG00000024234
oreochromis_niloticus ENSONIG00000002071
amphilophus_citrinellus ENSACIG00000012742
amphiprion_percula ENSAPEG00000004946
amphiprion_ocellaris ENSAOCG00000009449
acanthochromis_polyacanthus ENSAPOG00000008807
stegastes_partitus ENSSPAG00000018830
seriola_dumerili ENSSDUG00000006992
seriola_lalandi_dorsalis ENSSLDG00000016780
scophthalmus_maximus ENSSMAG00000007633
mastacembelus_armatus ENSMAMG00000001521
monopterus_albus ENSMALG00000018561
anabas_testudineus ENSATEG00000003415
mola_mola ENSMMOG00000000138
takifugu_rubripes ENSTRUG00000017638
gasterosteus_aculeatus ENSGACG00000011963
periophthalmus_magnuspinnatus ENSPMGG00000016662
gadus_morhua ENSGMOG00000018301
esox_lucius ENSELUG00000016017
pygocentrus_nattereri ENSPNAG00000012814
astyanax_mexicanus ENSAMXG00000018613
ictalurus_punctatus ENSIPUG00000012920
danio_rerio ENSDARG00000074016
scleropages_formosus ENSSFOG00015010365
paramormyrops_kingsleyae ENSPKIG00000008959
lepisosteus_oculatus ENSLOCG00000003835
pogona_vitticeps ENSPVIG00000007501
anolis_carolinensis ENSACAG00000006527
notechis_scutatus ENSNSUG00000006415
salvator_merianae ENSSMRG00000020200
sphenodon_punctatus ENSSPUG00000010654
apteryx_owenii ENSAOWG00000010989
apteryx_haastii ENSAHAG00000011953
apteryx_rowi ENSARWG00000003027
dromaius_novaehollandiae ENSDNVG00000007989
nothoprocta_perdicaria ENSNPEG00000000864
taeniopygia_guttata ENSTGUG00000006816
lonchura_striata_domestica ENSLSDG00000011612
serinus_canaria ENSSCAG00000014364
parus_major ENSPMJG00000019465
cyanistes_caeruleus ENSCCEG00000016187
ficedula_albicollis ENSFALG00000005792
junco_hyemalis ENSJHYG00000004079
zonotrichia_albicollis ENSZALG00000007452
lepidothrix_coronata ENSLCOG00000001230
manacus_vitellinus ENSMVIG00005020007
melopsittacus_undulatus ENSMUNG00000009007
calidris_pygmaea ENSCPGG00000010583
calidris_pugnax ENSCPUG00000003216
anser_brachyrhynchus ENSABRG00000018247
anas_platyrhynchos_platyrhynchos ENSAPLG00000005684
coturnix_japonica ENSCJPG00005008414
meleagris_gallopavo ENSMGAG00000009401
gallus_gallus ENSGALG00000008901
numida_meleagris ENSNMEG00000021241
crocodylus_porosus ENSCPRG00005017199
gopherus_agassizii ENSGAGG00000014368
chelonoidis_abingdonii ENSCABG00000022568
chrysemys_picta_bellii ENSCPBG00000016966
pelodiscus_sinensis ENSPSIG00000002606
ornithorhynchus_anatinus ENSOANG00000004586
otolemur_garnettii ENSOGAG00000007261
carlito_syrichta ENSTSYG00000006103
cricetulus_griseus_crigri_1.0 ENSCGRG00000002397
cricetulus_griseus_crigri-picr ENSCGRG00015019393
cricetulus_griseus_chok1gs_hdv1 ENSCGRG00001024153
mesocricetus_auratus ENSMAUG00000013922
microtus_ochrogaster ENSMOCG00000020982
peromyscus_maniculatus_bairdii ENSPEMG00000029819
mus_musculus_strain_reference_cl57bl6 ENSMUSG00000028036
mus_spicilegus ENSMSIG00000031561
mus_spretus_strain_spret/eij MGP_SPRETEiJ_G0026690
mus_caroli_strain_caroli_eij MGP_CAROLIEiJ_G0025737
mus_pahari_strain_pahari_eij MGP_PahariEiJ_G0027188
rattus_norvegicus ENSRNOG00000046468
meriones_unguiculatus ENSMUGG00000026566
nannospalax_galili ENSNGAG00000000646
jaculus_jaculus ENSJJAG00000017381
cavia_porcellus ENSCPOG00000036183
cavia_aperea ENSCAPG00000017591
octodon_degus ENSODEG00000003205
chinchilla_lanigera ENSCLAG00000007068
heterocephalus_glaber_hetgla_1.0 ENSHGLG00100005989
heterocephalus_glaber_hetgla_female_1.0 ENSHGLG00000012530
fukomys_damarensis ENSFDAG00000019813
microcebus_murinus ENSMICG00000035932
prolemur_simus ENSPSMG00000003128
propithecus_coquereli ENSPCOG00000027733
rhinopithecus_bieti ENSRBIG00000006942
rhinopithecus_roxellana ENSRROG00000031592
colobus_angolensis_palliatus ENSCANG00000030203
mandrillus_leucophaeus ENSMLEG00000031242
papio_anubis ENSPANG00000007569
cercocebus_atys ENSCATG00000037227
macaca_nemestrina ENSMNEG00000045057
macaca_mulatta ENSMMUG00000010594
macaca_fascicularis ENSMFAG00000041229
theropithecus_gelada ENSTGEG00000018592
chlorocebus_sabaeus ENSCSAG00000001406
pan_paniscus ENSPPAG00000034207
pan_troglodytes ENSPTRG00000000891
homo_sapiens ENSG00000122420
gorilla_gorilla ENSGGOG00000014499
pongo_abelii ENSPPYG00000001216
nomascus_leucogenys ENSNLEG00000009807
saimiri_boliviensis_boliviensis ENSSBOG00000023342
cebus_capucinus_imitator ENSCCAG00000032144
callithrix_jacchus ENSCJAG00000007162
aotus_nancymaae ENSANAG00000032906
oryctolagus_cuniculus ENSOCUG00000002522
ochotona_princeps ENSOPRG00000000379
dipodomys_ordii ENSDORG00000025401
canis_lupus_familiaris ENSCAFG00000020345
canis_lupus_dingo ENSCAFG00020015211
vulpes_vulpes ENSVVUG00000030021
equus_caballus ENSECAG00000010558
pteropus_vampyrus ENSPVAG00000004026
sorex_araneus ENSSARG00000006169
erinaceus_europaeus ENSEEUG00000001054
ictidomys_tridecemlineatus ENSSTOG00000001209
spermophilus_dauricus ENSSDAG00000010747
urocitellus_parryii ENSUPAG00010015635
marmota_marmota_marmota ENSMMMG00000001803
castor_canadensis ENSCCNG00000001801
piliocolobus_tephrosceles ENSPTEG00000033900
tupaia_belangeri ENSTBEG00000014877
ovis_aries ENSOARG00000013402
capra_hircus ENSCHIG00000012516
bos_mutus ENSBMUG00000008888
bos_taurus ENSBTAG00000015902
bison_bison_bison ENSBBBG00000012278
tursiops_truncatus ENSTTRG00000009371
sus_scrofa ENSSSCG00000039548
vicugna_pacos ENSVPAG00000010317
equus_asinus_asinus ENSEASG00005016973
ursus_americanus ENSUAMG00000005141
ursus_maritimus ENSUMAG00000005971
ailuropoda_melanoleuca ENSAMEG00000018250
neovison_vison ENSNVIG00000009670
mustela_putorius_furo ENSMPUG00000010786
panthera_pardus ENSPPRG00000011472
panthera_tigris_altaica ENSPTIG00000018492
felis_catus ENSFCAG00000004947
dasypus_novemcinctus ENSDNOG00000031456
choloepus_hoffmanni ENSCHOG00000010651
myotis_lucifugus ENSMLUG00000008646
loxodonta_africana ENSLAFG00000005183
procavia_capensis ENSPCAG00000004200
echinops_telfairi ENSETEG00000008706
phascolarctos_cinereus ENSPCIG00000036710
notamacropus_eugenii ENSMEUG00000014109
sarcophilus_harrisii ENSSHAG00000002658
xenopus_tropicalis ENSXETG00000030932
latimeria_chalumnae ENSLACG00000013339
anolis_carolinensis ENSACAG00000004371
pogona_vitticeps ENSPVIG00000003882
notechis_scutatus ENSNSUG00000008206
salvator_merianae ENSSMRG00000020093
sphenodon_punctatus ENSSPUG00000016431
chelonoidis_abingdonii ENSCABG00000021936
gopherus_agassizii ENSGAGG00000001070
chrysemys_picta_bellii ENSCPBG00000022486
pelodiscus_sinensis ENSPSIG00000012271
anas_platyrhynchos_platyrhynchos ENSAPLG00000019095
anser_brachyrhynchus ENSABRG00000017654
gallus_gallus ENSGALG00000023142
coturnix_japonica ENSCJPG00005014527
numida_meleagris ENSNMEG00000010931
calidris_pygmaea ENSCPGG00000013382
calidris_pugnax ENSCPUG00000015091
melopsittacus_undulatus ENSMUNG00000012296
manacus_vitellinus ENSMVIG00005006365
lepidothrix_coronata ENSLCOG00000003761
parus_major ENSPMJG00000013049
ficedula_albicollis ENSFALG00000001239
taeniopygia_guttata ENSTGUG00000010350
lonchura_striata_domestica ENSLSDG00000014770
zonotrichia_albicollis ENSZALG00000011756
junco_hyemalis ENSJHYG00000010221
apteryx_owenii ENSAOWG00000013828
apteryx_rowi ENSARWG00000011320
apteryx_haastii ENSAHAG00000006865
dromaius_novaehollandiae ENSDNVG00000000767
nothoprocta_perdicaria ENSNPEG00000002898
crocodylus_porosus ENSCPRG00005012835
phascolarctos_cinereus ENSPCIG00000001445
notamacropus_eugenii ENSMEUG00000012653
monodelphis_domestica ENSMODG00000003176
monodelphis_domestica ENSMODG00000025217
sorex_araneus ENSSARG00000009446
erinaceus_europaeus ENSEEUG00000012887
pteropus_vampyrus ENSPVAG00000012508
myotis_lucifugus ENSMLUG00000001754
equus_asinus_asinus ENSEASG00005007839
equus_caballus ENSECAG00000014239
prolemur_simus ENSPSMG00000005484
microcebus_murinus ENSMICG00000011907
otolemur_garnettii ENSOGAG00000025169
pan_troglodytes ENSPTRG00000000855
pan_paniscus ENSPPAG00000043015
homo_sapiens ENSG00000050628
gorilla_gorilla ENSGGOG00000000587
pongo_abelii ENSPPYG00000001241
nomascus_leucogenys ENSNLEG00000027100
macaca_mulatta ENSMMUG00000017309
macaca_nemestrina ENSMNEG00000005617
cercocebus_atys ENSCATG00000041781
mandrillus_leucophaeus ENSMLEG00000035122
papio_anubis ENSPANG00000006005
theropithecus_gelada ENSTGEG00000015704
macaca_fascicularis ENSMFAG00000040520
chlorocebus_sabaeus ENSCSAG00000001378
colobus_angolensis_palliatus ENSCANG00000032155
piliocolobus_tephrosceles ENSPTEG00000035885
rhinopithecus_bieti ENSRBIG00000035240
rhinopithecus_roxellana ENSRROG00000039931
saimiri_boliviensis_boliviensis ENSSBOG00000032109
cebus_capucinus_imitator ENSCCAG00000025505
callithrix_jacchus ENSCJAG00000022946
aotus_nancymaae ENSANAG00000038521
jaculus_jaculus ENSJJAG00000024154
nannospalax_galili ENSNGAG00000014963
dipodomys_ordii ENSDORG00000016347
chinchilla_lanigera ENSCLAG00000005105
octodon_degus ENSODEG00000005473
cavia_porcellus ENSCPOG00000002783
heterocephalus_glaber_hetgla_1.0 ENSHGLG00100014773
heterocephalus_glaber_hetgla_female_1.0 ENSHGLG00000005622
vulpes_vulpes ENSVVUG00000007145
canis_lupus_dingo ENSCAFG00020017158
mus_spicilegus ENSMSIG00000005959
mus_spretus_strain_spret/eij MGP_SPRETEiJ_G0026716
mus_musculus_strain_reference_cl57bl6 ENSMUSG00000040016
mus_caroli_strain_caroli_eij MGP_CAROLIEiJ_G0025764
mus_pahari_strain_pahari_eij MGP_PahariEiJ_G0027214
rattus_norvegicus ENSRNOG00000010325
meriones_unguiculatus ENSMUGG00000002214
peromyscus_maniculatus_bairdii ENSPEMG00000009210
microtus_ochrogaster ENSMOCG00000008513
cricetulus_griseus_chok1gs_hdv1 ENSCGRG00001018046
cricetulus_griseus_crigri_1.0 ENSCGRG00000001213
cricetulus_griseus_crigri-picr ENSCGRG00015021278
mesocricetus_auratus ENSMAUG00000011005
urocitellus_parryii ENSUPAG00010014568
marmota_marmota_marmota ENSMMMG00000000262
urocitellus_parryii ENSUPAG00010003168
ictidomys_tridecemlineatus ENSSTOG00000000886
castor_canadensis ENSCCNG00000011475
oryctolagus_cuniculus ENSOCUG00000004633
propithecus_coquereli ENSPCOG00000017140
ursus_americanus ENSUAMG00000023130
ailuropoda_melanoleuca ENSAMEG00000003871
neovison_vison ENSNVIG00000010874
mustela_putorius_furo ENSMPUG00000000913
panthera_pardus ENSPPRG00000007485
felis_catus ENSFCAG00000006185
loxodonta_africana ENSLAFG00000018598
procavia_capensis ENSPCAG00000015103
dasypus_novemcinctus ENSDNOG00000010437
ovis_aries ENSOARG00000012024
capra_hircus ENSCHIG00000020559
bos_mutus ENSBMUG00000003340
bos_taurus ENSBTAG00000019230
bison_bison_bison ENSBBBG00000012819
sus_scrofa ENSSSCG00000003788
tursiops_truncatus ENSTTRG00000014672
vicugna_pacos ENSVPAG00000002939
ursus_maritimus ENSUMAG00000006569
ochotona_princeps ENSOPRG00000003808
choloepus_hoffmanni ENSCHOG00000002764
xenopus_tropicalis ENSXETG00000011179
scleropages_formosus ENSSFOG00015014795
paramormyrops_kingsleyae ENSPKIG00000021722
amphiprion_percula ENSAPEG00000003025
amphiprion_ocellaris ENSAOCG00000015679
stegastes_partitus ENSSPAG00000005787
acanthochromis_polyacanthus ENSAPOG00000001333
cynoglossus_semilaevis ENSCSEG00000008621
poecilia_mexicana ENSPMEG00000000959
poecilia_formosa ENSPFOG00000023602
poecilia_latipinna ENSPLAG00000002984
poecilia_reticulata ENSPREG00000013490
gambusia_affinis ENSGAFG00000015907
xiphophorus_maculatus ENSXMAG00000024829
cyprinodon_variegatus ENSCVAG00000011464
fundulus_heteroclitus ENSFHEG00000003760
kryptolebias_marmoratus ENSKMAG00000009980
oryzias_melastigma ENSOMEG00000002924
oryzias_melastigma ENSOMEG00000012549
oryzias_latipes_asm223469v1 ENSORLG00015011281
oryzias_latipes_asm223471v1 ENSORLG00020015498
oryzias_latipes_asm223467v1 ENSORLG00000022393
tetraodon_nigroviridis ENSTNIG00000010497
takifugu_rubripes ENSTRUG00000002962
gasterosteus_aculeatus ENSGACG00000009453
mola_mola ENSMMOG00000008873
labrus_bergylta ENSLBEG00000024066
monopterus_albus ENSMALG00000016491
mastacembelus_armatus ENSMAMG00000022362
anabas_testudineus ENSATEG00000011448
seriola_dumerili ENSSDUG00000004455
seriola_lalandi_dorsalis ENSSLDG00000003300
maylandia_zebra ENSMZEG00005017912
pundamilia_nyererei ENSPNYG00000021955
astatotilapia_calliptera ENSACLG00000000902
haplochromis_burtoni ENSHBUG00000014251
neolamprologus_brichardi ENSNBRG00000020097
oreochromis_niloticus ENSONIG00000002660
amphilophus_citrinellus ENSACIG00000012271
scophthalmus_maximus ENSSMAG00000002690
hippocampus_comes ENSHCOG00000016945
hippocampus_comes ENSHCOG00000016955
gadus_morhua ENSGMOG00000015965
esox_lucius ENSELUG00000013065
astyanax_mexicanus ENSAMXG00000030985
pygocentrus_nattereri ENSPNAG00000012020
ictalurus_punctatus ENSIPUG00000022578
danio_rerio ENSDARG00000055781
lepisosteus_oculatus ENSLOCG00000010015
latimeria_chalumnae ENSLACG00000003866
ciona_intestinalis ENSCING00000014328
poecilia_formosa ENSPFOG00000015378
poecilia_latipinna ENSPLAG00000010502
poecilia_mexicana ENSPMEG00000003367
poecilia_reticulata ENSPREG00000021779
xiphophorus_couchianus ENSXCOG00000009699
xiphophorus_maculatus ENSXMAG00000026058
gambusia_affinis ENSGAFG00000013844
fundulus_heteroclitus ENSFHEG00000002059
cyprinodon_variegatus ENSCVAG00000001289
kryptolebias_marmoratus ENSKMAG00000009302
oryzias_latipes_asm223471v1 ENSORLG00020009855
oryzias_latipes_asm223469v1 ENSORLG00015016820
oryzias_latipes_asm223467v1 ENSORLG00000003829
oryzias_melastigma ENSOMEG00000012457
takifugu_rubripes ENSTRUG00000021070
tetraodon_nigroviridis ENSTNIG00000007493
mola_mola ENSMMOG00000004644
seriola_dumerili ENSSDUG00000008343
seriola_lalandi_dorsalis ENSSLDG00000015381
scophthalmus_maximus ENSSMAG00000010391
mastacembelus_armatus ENSMAMG00000018540
monopterus_albus ENSMALG00000011579
gasterosteus_aculeatus ENSGACG00000015930
anabas_testudineus ENSATEG00000012202
cynoglossus_semilaevis ENSCSEG00000014929
amphiprion_percula ENSAPEG00000022966
amphiprion_ocellaris ENSAOCG00000006629
acanthochromis_polyacanthus ENSAPOG00000020665
stegastes_partitus ENSSPAG00000008566
stegastes_partitus ENSSPAG00000020479
maylandia_zebra ENSMZEG00005003648
pundamilia_nyererei ENSPNYG00000003060
astatotilapia_calliptera ENSACLG00000027737
haplochromis_burtoni ENSHBUG00000009217
neolamprologus_brichardi ENSNBRG00000008241
oreochromis_niloticus ENSONIG00000011266
amphilophus_citrinellus ENSACIG00000002112
labrus_bergylta ENSLBEG00000024912
periophthalmus_magnuspinnatus ENSPMGG00000004875
hippocampus_comes ENSHCOG00000001714
gadus_morhua ENSGMOG00000003555
pygocentrus_nattereri ENSPNAG00000021508
astyanax_mexicanus ENSAMXG00000008187
scleropages_formosus ENSSFOG00015015229
pygocentrus_nattereri ENSPNAG00000007992
astyanax_mexicanus ENSAMXG00000043195
ictalurus_punctatus ENSIPUG00000025050
danio_rerio ENSDARG00000059236
xiphophorus_maculatus ENSXMAG00000016127
xiphophorus_couchianus ENSXCOG00000007731
poecilia_formosa ENSPFOG00000007304
poecilia_latipinna ENSPLAG00000016573
poecilia_mexicana ENSPMEG00000016514
poecilia_reticulata ENSPREG00000015115
cyprinodon_variegatus ENSCVAG00000020584
fundulus_heteroclitus ENSFHEG00000019077
kryptolebias_marmoratus ENSKMAG00000000495
oryzias_latipes_asm223469v1 ENSORLG00015011740
oryzias_latipes_asm223467v1 ENSORLG00000023313
oryzias_latipes_asm223471v1 ENSORLG00020002887
oryzias_melastigma ENSOMEG00000020568
tetraodon_nigroviridis ENSTNIG00000016684
takifugu_rubripes ENSTRUG00000015663
mola_mola ENSMMOG00000013202
scophthalmus_maximus ENSSMAG00000003445
cynoglossus_semilaevis ENSCSEG00000017853
labrus_bergylta ENSLBEG00000018364
gasterosteus_aculeatus ENSGACG00000006542
amphiprion_percula ENSAPEG00000006833
amphiprion_ocellaris ENSAOCG00000011196
acanthochromis_polyacanthus ENSAPOG00000013996
stegastes_partitus ENSSPAG00000009705
astatotilapia_calliptera ENSACLG00000013660
maylandia_zebra ENSMZEG00005008106
pundamilia_nyererei ENSPNYG00000016338
haplochromis_burtoni ENSHBUG00000003310
neolamprologus_brichardi ENSNBRG00000015096
oreochromis_niloticus ENSONIG00000015242
amphilophus_citrinellus ENSACIG00000004565
mastacembelus_armatus ENSMAMG00000019542
seriola_dumerili ENSSDUG00000001875
seriola_lalandi_dorsalis ENSSLDG00000019500
anabas_testudineus ENSATEG00000018120
periophthalmus_magnuspinnatus ENSPMGG00000017280
hippocampus_comes ENSHCOG00000004298
esox_lucius ENSELUG00000002394
gadus_morhua ENSGMOG00000020089
esox_lucius ENSELUG00000003604
danio_rerio ENSDARG00000035415
paramormyrops_kingsleyae ENSPKIG00000018854
scleropages_formosus ENSSFOG00015022502
lepisosteus_oculatus ENSLOCG00000011237
paramormyrops_kingsleyae ENSPKIG00000020041
pogona_vitticeps ENSPVIG00000011516
anolis_carolinensis ENSACAG00000010213
salvator_merianae ENSSMRG00000018875
notechis_scutatus ENSNSUG00000016689
sphenodon_punctatus ENSSPUG00000015307
coturnix_japonica ENSCJPG00005007909
gallus_gallus ENSGALG00000014824
meleagris_gallopavo ENSMGAG00000015384
numida_meleagris ENSNMEG00000006098
anser_brachyrhynchus ENSABRG00000006211
anas_platyrhynchos_platyrhynchos ENSAPLG00000017436
taeniopygia_guttata ENSTGUG00000002168
lonchura_striata_domestica ENSLSDG00000009308
serinus_canaria ENSSCAG00000008380
zonotrichia_albicollis ENSZALG00000008275
parus_major ENSPMJG00000015844
cyanistes_caeruleus ENSCCEG00000015847
ficedula_albicollis ENSFALG00000002017
manacus_vitellinus ENSMVIG00005008958
lepidothrix_coronata ENSLCOG00000011351
melopsittacus_undulatus ENSMUNG00000013861
calidris_pygmaea ENSCPGG00000011620
calidris_pugnax ENSCPUG00000005894
apteryx_owenii ENSAOWG00000008511
apteryx_haastii ENSAHAG00000018344
apteryx_rowi ENSARWG00000007887
dromaius_novaehollandiae ENSDNVG00000013134
nothoprocta_perdicaria ENSNPEG00000001396
crocodylus_porosus ENSCPRG00005015941
gopherus_agassizii ENSGAGG00000008216
chelonoidis_abingdonii ENSCABG00000010473
chrysemys_picta_bellii ENSCPBG00000007245
pelodiscus_sinensis ENSPSIG00000013137
echinops_telfairi ENSETEG00000000352
loxodonta_africana ENSLAFG00000017781
mus_spicilegus ENSMSIG00000031824
mus_spretus_strain_spret/eij MGP_SPRETEiJ_G0020535
mus_musculus_strain_reference_cl57bl6 ENSMUSG00000039942
mus_caroli_strain_caroli_eij MGP_CAROLIEiJ_G0019638
mus_pahari_strain_pahari_eij MGP_PahariEiJ_G0016019
rattus_norvegicus ENSRNOG00000013240
meriones_unguiculatus ENSMUGG00000022174
cricetulus_griseus_chok1gs_hdv1 ENSCGRG00001020213
cricetulus_griseus_crigri-picr ENSCGRG00015019066
cricetulus_griseus_crigri_1.0 ENSCGRG00000011852
mesocricetus_auratus ENSMAUG00000014264
microtus_ochrogaster ENSMOCG00000017627
peromyscus_maniculatus_bairdii ENSPEMG00000028671
jaculus_jaculus ENSJJAG00000023417
dipodomys_ordii ENSDORG00000005762
heterocephalus_glaber_hetgla_female_1.0 ENSHGLG00000002903
heterocephalus_glaber_hetgla_1.0 ENSHGLG00100008239
fukomys_damarensis ENSFDAG00000003119
chinchilla_lanigera ENSCLAG00000014156
cavia_porcellus ENSCPOG00000000716
octodon_degus ENSODEG00000003031
oryctolagus_cuniculus ENSOCUG00000000895
otolemur_garnettii ENSOGAG00000024975
neovison_vison ENSNVIG00000000646
mustela_putorius_furo ENSMPUG00000014788
ursus_americanus ENSUAMG00000008281
ursus_maritimus ENSUMAG00000007573
ailuropoda_melanoleuca ENSAMEG00000015458
canis_lupus_familiaris ENSCAFG00000018619
canis_lupus_dingo ENSCAFG00020012207
vulpes_vulpes ENSVVUG00000002185
panthera_pardus ENSPPRG00000007870
panthera_tigris_altaica ENSPTIG00000018762
felis_catus ENSFCAG00000036856
equus_asinus_asinus ENSEASG00005013933
equus_caballus ENSECAG00000011145
capra_hircus ENSCHIG00000023835
ovis_aries ENSOARG00000009401
bos_taurus ENSBTAG00000014972
bos_mutus ENSBMUG00000026228
bison_bison_bison ENSBBBG00000025021
tursiops_truncatus ENSTTRG00000010883
sus_scrofa ENSSSCG00000024439
vicugna_pacos ENSVPAG00000002540
pteropus_vampyrus ENSPVAG00000011373
tupaia_belangeri ENSTBEG00000007013
ochotona_princeps ENSOPRG00000003604
macaca_mulatta ENSMMUG00000016167
macaca_nemestrina ENSMNEG00000031003
macaca_fascicularis ENSMFAG00000040505
papio_anubis ENSPANG00000017119
cercocebus_atys ENSCATG00000044142
theropithecus_gelada ENSTGEG00000009558
mandrillus_leucophaeus ENSMLEG00000030658
chlorocebus_sabaeus ENSCSAG00000016922
rhinopithecus_roxellana ENSRROG00000034162
rhinopithecus_bieti ENSRBIG00000028249
piliocolobus_tephrosceles ENSPTEG00000022028
colobus_angolensis_palliatus ENSCANG00000032863
pan_paniscus ENSPPAG00000029600
pan_troglodytes ENSPTRG00000016819
gorilla_gorilla ENSGGOG00000007632
homo_sapiens ENSG00000171522
pongo_abelii ENSPPYG00000015419
nomascus_leucogenys ENSNLEG00000016459
saimiri_boliviensis_boliviensis ENSSBOG00000024324
callithrix_jacchus ENSCJAG00000007410
cebus_capucinus_imitator ENSCCAG00000036155
aotus_nancymaae ENSANAG00000037694
carlito_syrichta ENSTSYG00000027760
castor_canadensis ENSCCNG00000023182
nannospalax_galili ENSNGAG00000002797
urocitellus_parryii ENSUPAG00010006503
ictidomys_tridecemlineatus ENSSTOG00000024710
spermophilus_dauricus ENSSDAG00000005701
marmota_marmota_marmota ENSMMMG00000017826
prolemur_simus ENSPSMG00000007946
propithecus_coquereli ENSPCOG00000022906
microcebus_murinus ENSMICG00000027186
myotis_lucifugus ENSMLUG00000010038
dasypus_novemcinctus ENSDNOG00000044393
notamacropus_eugenii ENSMEUG00000000219
phascolarctos_cinereus ENSPCIG00000027624
monodelphis_domestica ENSMODG00000020306
sarcophilus_harrisii ENSSHAG00000014654
ornithorhynchus_anatinus ENSOANG00000000341
xenopus_tropicalis ENSXETG00000007030
latimeria_chalumnae ENSLACG00000002507
tetraodon_nigroviridis ENSTNIG00000006086
mola_mola ENSMMOG00000008284
poecilia_formosa ENSPFOG00000001160
poecilia_latipinna ENSPLAG00000012123
poecilia_mexicana ENSPMEG00000007222
poecilia_reticulata ENSPREG00000022865
gambusia_affinis ENSGAFG00000011252
xiphophorus_couchianus ENSXCOG00000007182
xiphophorus_maculatus ENSXMAG00000000724
fundulus_heteroclitus ENSFHEG00000009607
cyprinodon_variegatus ENSCVAG00000004352
kryptolebias_marmoratus ENSKMAG00000006073
oryzias_latipes_asm223467v1 ENSORLG00000007800
oryzias_latipes_asm223469v1 ENSORLG00015011824
oryzias_latipes_asm223471v1 ENSORLG00020015995
oryzias_melastigma ENSOMEG00000002749
amphiprion_percula ENSAPEG00000004882
amphiprion_ocellaris ENSAOCG00000006922
acanthochromis_polyacanthus ENSAPOG00000023029
stegastes_partitus ENSSPAG00000003260
astatotilapia_calliptera ENSACLG00000024316
maylandia_zebra ENSMZEG00005016905
pundamilia_nyererei ENSPNYG00000018514
haplochromis_burtoni ENSHBUG00000015372
neolamprologus_brichardi ENSNBRG00000003963
oreochromis_niloticus ENSONIG00000012660
amphilophus_citrinellus ENSACIG00000005018
scophthalmus_maximus ENSSMAG00000021182
cynoglossus_semilaevis ENSCSEG00000018327
seriola_dumerili ENSSDUG00000008250
seriola_lalandi_dorsalis ENSSLDG00000025239
mastacembelus_armatus ENSMAMG00000003892
monopterus_albus ENSMALG00000019173
anabas_testudineus ENSATEG00000014964
labrus_bergylta ENSLBEG00000001119
periophthalmus_magnuspinnatus ENSPMGG00000021417
hippocampus_comes ENSHCOG00000008152
gadus_morhua ENSGMOG00000001402
esox_lucius ENSELUG00000012171
paramormyrops_kingsleyae ENSPKIG00000007079
lepisosteus_oculatus ENSLOCG00000001580
latimeria_chalumnae ENSLACG00000017800
scleropages_formosus ENSSFOG00015010777
paramormyrops_kingsleyae ENSPKIG00000008412
pygocentrus_nattereri ENSPNAG00000009292
astyanax_mexicanus ENSAMXG00000038463
ictalurus_punctatus ENSIPUG00000014040
danio_rerio ENSDARG00000079907
tetraodon_nigroviridis ENSTNIG00000006977
tetraodon_nigroviridis ENSTNIG00000002417
takifugu_rubripes ENSTRUG00000007461
mola_mola ENSMMOG00000006203
gasterosteus_aculeatus ENSGACG00000015606
scophthalmus_maximus ENSSMAG00000006238
astatotilapia_calliptera ENSACLG00000008389
maylandia_zebra ENSMZEG00005004255
pundamilia_nyererei ENSPNYG00000002592
haplochromis_burtoni ENSHBUG00000007725
neolamprologus_brichardi ENSNBRG00000002120
oreochromis_niloticus ENSONIG00000010532
amphilophus_citrinellus ENSACIG00000021072
cynoglossus_semilaevis ENSCSEG00000012031
mastacembelus_armatus ENSMAMG00000005527
monopterus_albus ENSMALG00000001170
anabas_testudineus ENSATEG00000018776
labrus_bergylta ENSLBEG00000011418
amphiprion_percula ENSAPEG00000015369
amphiprion_ocellaris ENSAOCG00000009716
acanthochromis_polyacanthus ENSAPOG00000015504
stegastes_partitus ENSSPAG00000000365
cyprinodon_variegatus ENSCVAG00000010413
fundulus_heteroclitus ENSFHEG00000005445
poecilia_formosa ENSPFOG00000017607
poecilia_latipinna ENSPLAG00000005146
poecilia_mexicana ENSPMEG00000021708
poecilia_reticulata ENSPREG00000008468
xiphophorus_couchianus ENSXCOG00000007245
xiphophorus_maculatus ENSXMAG00000026789
gambusia_affinis ENSGAFG00000017319
kryptolebias_marmoratus ENSKMAG00000001613
oryzias_latipes_asm223469v1 ENSORLG00015009197
oryzias_latipes_asm223471v1 ENSORLG00020013273
oryzias_latipes_asm223467v1 ENSORLG00000008589
oryzias_melastigma ENSOMEG00000005392
hippocampus_comes ENSHCOG00000017078
seriola_lalandi_dorsalis ENSSLDG00000021702
seriola_dumerili ENSSDUG00000012244
periophthalmus_magnuspinnatus ENSPMGG00000009390
gadus_morhua ENSGMOG00000017031
esox_lucius ENSELUG00000019480
lepisosteus_oculatus ENSLOCG00000004217
latimeria_chalumnae ENSLACG00000002714
petromyzon_marinus ENSPMAG00000008377
eptatretus_burgeri ENSEBUG00000008532
petromyzon_marinus ENSPMAG00000003537
eptatretus_burgeri ENSEBUG00000012928
eptatretus_burgeri ENSEBUG00000013922
petromyzon_marinus ENSPMAG00000005768
petromyzon_marinus ENSPMAG00000002196
eptatretus_burgeri ENSEBUG00000005921
petromyzon_marinus ENSPMAG00000001967
eptatretus_burgeri ENSEBUG00000005874
eptatretus_burgeri ENSEBUG00000006163
eptatretus_burgeri ENSEBUG00000002034
petromyzon_marinus ENSPMAG00000008094
erinaceus_europaeus ENSEEUG00000009135
sorex_araneus ENSSARG00000001572
equus_caballus ENSECAG00000031190
equus_caballus ENSECAG00000009713
equus_asinus_asinus ENSEASG00005009739
mus_musculus_strain_reference_cl57bl6 ENSMUSG00000037759
mus_spretus_strain_spret/eij MGP_SPRETEiJ_G0020032
mus_spicilegus ENSMSIG00000027338
mus_caroli_strain_caroli_eij MGP_CAROLIEiJ_G0019146
mus_pahari_strain_pahari_eij MGP_PahariEiJ_G0030163
rattus_norvegicus ENSRNOG00000050968
meriones_unguiculatus ENSMUGG00000025692
peromyscus_maniculatus_bairdii ENSPEMG00000004119
microtus_ochrogaster ENSMOCG00000000110
cricetulus_griseus_chok1gs_hdv1 ENSCGRG00001008404
cricetulus_griseus_crigri_1.0 ENSCGRG00000009591
cricetulus_griseus_crigri-picr ENSCGRG00015021484
mesocricetus_auratus ENSMAUG00000013603
nannospalax_galili ENSNGAG00000016331
jaculus_jaculus ENSJJAG00000023226
chinchilla_lanigera ENSCLAG00000011936
cavia_porcellus ENSCPOG00000031528
heterocephalus_glaber_hetgla_female_1.0 ENSHGLG00000011102
heterocephalus_glaber_hetgla_1.0 ENSHGLG00100015959
fukomys_damarensis ENSFDAG00000009902
octodon_degus ENSODEG00000011973
dipodomys_ordii ENSDORG00000010992
castor_canadensis ENSCCNG00000011362
oryctolagus_cuniculus ENSOCUG00000012608
ochotona_princeps ENSOPRG00000016416
otolemur_garnettii ENSOGAG00000024889
neovison_vison ENSNVIG00000001975
mustela_putorius_furo ENSMPUG00000005341
ursus_maritimus ENSUMAG00000014471
ursus_americanus ENSUAMG00000014290
ailuropoda_melanoleuca ENSAMEG00000001972
canis_lupus_dingo ENSCAFG00020018884
canis_lupus_familiaris ENSCAFG00000014701
vulpes_vulpes ENSVVUG00000029720
panthera_tigris_altaica ENSPTIG00000018741
panthera_pardus ENSPPRG00000006565
felis_catus ENSFCAG00000045711
bos_taurus ENSBTAG00000002163
bos_mutus ENSBMUG00000004113
bison_bison_bison ENSBBBG00000025180
capra_hircus ENSCHIG00000026600
ovis_aries ENSOARG00000017673
tursiops_truncatus ENSTTRG00000010641
sus_scrofa ENSSSCG00000021862
pteropus_vampyrus ENSPVAG00000014112
myotis_lucifugus ENSMLUG00000027363
cercocebus_atys ENSCATG00000039743
chlorocebus_sabaeus ENSCSAG00000015052
theropithecus_gelada ENSTGEG00000009397
papio_anubis ENSPANG00000000702
mandrillus_leucophaeus ENSMLEG00000032754
macaca_mulatta ENSMMUG00000000023
macaca_fascicularis ENSMFAG00000001288
macaca_nemestrina ENSMNEG00000037348
piliocolobus_tephrosceles ENSPTEG00000038974
colobus_angolensis_palliatus ENSCANG00000021833
rhinopithecus_bieti ENSRBIG00000044285
rhinopithecus_roxellana ENSRROG00000017229
homo_sapiens ENSG00000125384
gorilla_gorilla ENSGGOG00000011992
pan_paniscus ENSPPAG00000038128
pan_troglodytes ENSPTRG00000006347
pongo_abelii ENSPPYG00000005817
nomascus_leucogenys ENSNLEG00000032985
cebus_capucinus_imitator ENSCCAG00000024716
saimiri_boliviensis_boliviensis ENSSBOG00000001804
callithrix_jacchus ENSCJAG00000007034
aotus_nancymaae ENSANAG00000033131
propithecus_coquereli ENSPCOG00000008393
microcebus_murinus ENSMICG00000036646
prolemur_simus ENSPSMG00000009484
spermophilus_dauricus ENSSDAG00000019190
ictidomys_tridecemlineatus ENSSTOG00000026921
urocitellus_parryii ENSUPAG00010008659
marmota_marmota_marmota ENSMMMG00000001589
loxodonta_africana ENSLAFG00000027078
procavia_capensis ENSPCAG00000006523
dasypus_novemcinctus ENSDNOG00000041288
echinops_telfairi ENSETEG00000015610
phascolarctos_cinereus ENSPCIG00000020699
notamacropus_eugenii ENSMEUG00000001541
monodelphis_domestica ENSMODG00000014473
ornithorhynchus_anatinus ENSOANG00000013955
chelonoidis_abingdonii ENSCABG00000012816
chrysemys_picta_bellii ENSCPBG00000021532
parus_major ENSPMJG00000011870
cyanistes_caeruleus ENSCCEG00000001511
lonchura_striata_domestica ENSLSDG00000002865
junco_hyemalis ENSJHYG00000000136
ficedula_albicollis ENSFALG00000003905
serinus_canaria ENSSCAG00000001891
lepidothrix_coronata ENSLCOG00000011362
manacus_vitellinus ENSMVIG00005007956
anas_platyrhynchos_platyrhynchos ENSAPLG00000026085
anser_brachyrhynchus ENSABRG00000010514
gallus_gallus ENSGALG00000012396
coturnix_japonica ENSCJPG00005011445
meleagris_gallopavo ENSMGAG00000013782
numida_meleagris ENSNMEG00000019934
calidris_pygmaea ENSCPGG00000015769
calidris_pugnax ENSCPUG00000018831
melopsittacus_undulatus ENSMUNG00000004137
nothoprocta_perdicaria ENSNPEG00000015015
dromaius_novaehollandiae ENSDNVG00000016705
apteryx_owenii ENSAOWG00000004966
apteryx_haastii ENSAHAG00000012846
apteryx_rowi ENSARWG00000007940
pogona_vitticeps ENSPVIG00000010550
anolis_carolinensis ENSACAG00000026065
notechis_scutatus ENSNSUG00000013685
salvator_merianae ENSSMRG00000009463
sphenodon_punctatus ENSSPUG00000003776
latimeria_chalumnae ENSLACG00000022651
xenopus_tropicalis ENSXETG00000012202
scleropages_formosus ENSSFOG00015009700
paramormyrops_kingsleyae ENSPKIG00000013768
hippocampus_comes ENSHCOG00000002221
periophthalmus_magnuspinnatus ENSPMGG00000012003
gasterosteus_aculeatus ENSGACG00000014102
labrus_bergylta ENSLBEG00000015112
xiphophorus_maculatus ENSXMAG00000024948
xiphophorus_couchianus ENSXCOG00000017372
gambusia_affinis ENSGAFG00000019790
poecilia_latipinna ENSPLAG00000009644
poecilia_mexicana ENSPMEG00000014851
poecilia_formosa ENSPFOG00000003007
poecilia_reticulata ENSPREG00000012562
cyprinodon_variegatus ENSCVAG00000007975
fundulus_heteroclitus ENSFHEG00000000944
kryptolebias_marmoratus ENSKMAG00000000975
oryzias_latipes_asm223467v1 ENSORLG00000003901
oryzias_latipes_asm223471v1 ENSORLG00020019763
oryzias_latipes_asm223469v1 ENSORLG00015017870
oryzias_melastigma ENSOMEG00000003371
scophthalmus_maximus ENSSMAG00000011189
cynoglossus_semilaevis ENSCSEG00000013665
seriola_dumerili ENSSDUG00000010181
seriola_lalandi_dorsalis ENSSLDG00000002941
amphiprion_percula ENSAPEG00000017743
amphiprion_ocellaris ENSAOCG00000002143
acanthochromis_polyacanthus ENSAPOG00000006550
stegastes_partitus ENSSPAG00000012401
maylandia_zebra ENSMZEG00005001734
astatotilapia_calliptera ENSACLG00000026997
haplochromis_burtoni ENSHBUG00000000655
pundamilia_nyererei ENSPNYG00000016772
neolamprologus_brichardi ENSNBRG00000021341
oreochromis_niloticus ENSONIG00000011952
amphilophus_citrinellus ENSACIG00000018453
mastacembelus_armatus ENSMAMG00000008369
monopterus_albus ENSMALG00000008438
anabas_testudineus ENSATEG00000005880
takifugu_rubripes ENSTRUG00000021655
tetraodon_nigroviridis ENSTNIG00000010344
mola_mola ENSMMOG00000004427
gadus_morhua ENSGMOG00000016940
esox_lucius ENSELUG00000015947
pygocentrus_nattereri ENSPNAG00000013858
astyanax_mexicanus ENSAMXG00000040345
ictalurus_punctatus ENSIPUG00000004854
danio_rerio ENSDARG00000011434
anabas_testudineus ENSATEG00000014093
monopterus_albus ENSMALG00000016744
seriola_dumerili ENSSDUG00000001016
seriola_lalandi_dorsalis ENSSLDG00000011077
esox_lucius ENSELUG00000008685
astyanax_mexicanus ENSAMXG00000009338
pygocentrus_nattereri ENSPNAG00000027306
ictalurus_punctatus ENSIPUG00000017963
danio_rerio ENSDARG00000037033
paramormyrops_kingsleyae ENSPKIG00000022110
scleropages_formosus ENSSFOG00015003569
lepisosteus_oculatus ENSLOCG00000012035
gopherus_agassizii ENSGAGG00000025582
chelonoidis_abingdonii ENSCABG00000012811
chrysemys_picta_bellii ENSCPBG00000021519
notechis_scutatus ENSNSUG00000013664
pogona_vitticeps ENSPVIG00000010549
salvator_merianae ENSSMRG00000009465
lonchura_striata_domestica ENSLSDG00000002869
taeniopygia_guttata ENSTGUG00000013116
serinus_canaria ENSSCAG00000001887
parus_major ENSPMJG00000011872
cyanistes_caeruleus ENSCCEG00000001503
ficedula_albicollis ENSFALG00000003908
junco_hyemalis ENSJHYG00000000142
lepidothrix_coronata ENSLCOG00000011361
calidris_pygmaea ENSCPGG00000015768
calidris_pugnax ENSCPUG00000018830
melopsittacus_undulatus ENSMUNG00000004136
gallus_gallus ENSGALG00000029768
coturnix_japonica ENSCJPG00005011444
numida_meleagris ENSNMEG00000019932
nothoprocta_perdicaria ENSNPEG00000015016
castor_canadensis ENSCCNG00000011357
dipodomys_ordii ENSDORG00000009401
urocitellus_parryii ENSUPAG00010008651
ictidomys_tridecemlineatus ENSSTOG00000024233
spermophilus_dauricus ENSSDAG00000019197
marmota_marmota_marmota ENSMMMG00000001575
heterocephalus_glaber_hetgla_female_1.0 ENSHGLG00000011361
heterocephalus_glaber_hetgla_1.0 ENSHGLG00100013919
fukomys_damarensis ENSFDAG00000018407
chinchilla_lanigera ENSCLAG00000013111
octodon_degus ENSODEG00000012057
cavia_porcellus ENSCPOG00000006861
mus_musculus_strain_reference_cl57bl6 ENSMUSG00000071489
mus_spicilegus ENSMSIG00000014308
mus_pahari_strain_pahari_eij MGP_PahariEiJ_G0030162
rattus_norvegicus ENSRNOG00000031535
rattus_norvegicus ENSRNOG00000031307
meriones_unguiculatus ENSMUGG00000025693
cricetulus_griseus_chok1gs_hdv1 ENSCGRG00001006567
cricetulus_griseus_crigri_1.0 ENSCGRG00000009823
cricetulus_griseus_crigri-picr ENSCGRG00015021489
microtus_ochrogaster ENSMOCG00000002135
peromyscus_maniculatus_bairdii ENSPEMG00000010045
nannospalax_galili ENSNGAG00000019341
jaculus_jaculus ENSJJAG00000018642
oryctolagus_cuniculus ENSOCUG00000003474
ochotona_princeps ENSOPRG00000016404
cebus_capucinus_imitator ENSCCAG00000021439
saimiri_boliviensis_boliviensis ENSSBOG00000031009
callithrix_jacchus ENSCJAG00000007025
aotus_nancymaae ENSANAG00000024105
homo_sapiens ENSG00000168229
gorilla_gorilla ENSGGOG00000010473
pan_troglodytes ENSPTRG00000048446
pan_paniscus ENSPPAG00000037353
pongo_abelii ENSPPYG00000005816
nomascus_leucogenys ENSNLEG00000012465
mandrillus_leucophaeus ENSMLEG00000023723
papio_anubis ENSPANG00000008289
cercocebus_atys ENSCATG00000037708
macaca_fascicularis ENSMFAG00000031583
macaca_nemestrina ENSMNEG00000029198
macaca_mulatta ENSMMUG00000000024
chlorocebus_sabaeus ENSCSAG00000015056
rhinopithecus_bieti ENSRBIG00000017357
rhinopithecus_roxellana ENSRROG00000036331
colobus_angolensis_palliatus ENSCANG00000029493
piliocolobus_tephrosceles ENSPTEG00000038982
theropithecus_gelada ENSTGEG00000009356
carlito_syrichta ENSTSYG00000004655
propithecus_coquereli ENSPCOG00000017384
prolemur_simus ENSPSMG00000009488
microcebus_murinus ENSMICG00000034390
otolemur_garnettii ENSOGAG00000024123
tupaia_belangeri ENSTBEG00000007743
pteropus_vampyrus ENSPVAG00000014111
equus_asinus_asinus ENSEASG00005009733
equus_caballus ENSECAG00000007432
myotis_lucifugus ENSMLUG00000015461
ursus_americanus ENSUAMG00000014178
ailuropoda_melanoleuca ENSAMEG00000001991
neovison_vison ENSNVIG00000001973
mustela_putorius_furo ENSMPUG00000005334
canis_lupus_dingo ENSCAFG00020018888
canis_lupus_familiaris ENSCAFG00000014692
vulpes_vulpes ENSVVUG00000029723
felis_catus ENSFCAG00000045717
panthera_pardus ENSPPRG00000005514
erinaceus_europaeus ENSEEUG00000004286
sorex_araneus ENSSARG00000008128
capra_hircus ENSCHIG00000025921
ovis_aries ENSOARG00000020714
bos_mutus ENSBMUG00000004918
bos_taurus ENSBTAG00000006703
bison_bison_bison ENSBBBG00000010775
tursiops_truncatus ENSTTRG00000005873
choloepus_hoffmanni ENSCHOG00000003572
dasypus_novemcinctus ENSDNOG00000003560
loxodonta_africana ENSLAFG00000009971
procavia_capensis ENSPCAG00000002907
sarcophilus_harrisii ENSSHAG00000001165
xenopus_tropicalis ENSXETG00000031128
latimeria_chalumnae ENSLACG00000000282
lepisosteus_oculatus ENSLOCG00000012020
pogona_vitticeps ENSPVIG00000018647
anolis_carolinensis ENSACAG00000008563
notechis_scutatus ENSNSUG00000018725
salvator_merianae ENSSMRG00000015328
sphenodon_punctatus ENSSPUG00000003066
chrysemys_picta_bellii ENSCPBG00000006925
chelonoidis_abingdonii ENSCABG00000014355
pelodiscus_sinensis ENSPSIG00000013769
equus_caballus ENSECAG00000023626
equus_asinus_asinus ENSEASG00005004013
pteropus_vampyrus ENSPVAG00000007756
bos_mutus ENSBMUG00000005300
bos_taurus ENSBTAG00000014585
bison_bison_bison ENSBBBG00000014585
ovis_aries ENSOARG00000010647
capra_hircus ENSCHIG00000016612
sus_scrofa ENSSSCG00000026602
canis_lupus_dingo ENSCAFG00020001637
canis_lupus_familiaris ENSCAFG00000004277
vulpes_vulpes ENSVVUG00000002758
mustela_putorius_furo ENSMPUG00000005257
neovison_vison ENSNVIG00000009732
ursus_americanus ENSUAMG00000016918
ursus_maritimus ENSUMAG00000023716
ailuropoda_melanoleuca ENSAMEG00000008560
felis_catus ENSFCAG00000027533
panthera_pardus ENSPPRG00000013057
octodon_degus ENSODEG00000007904
chinchilla_lanigera ENSCLAG00000004207
heterocephalus_glaber_hetgla_1.0 ENSHGLG00100017361
heterocephalus_glaber_hetgla_female_1.0 ENSHGLG00000007145
cavia_porcellus ENSCPOG00000034773
cavia_aperea ENSCAPG00000009590
dipodomys_ordii ENSDORG00000005401
ictidomys_tridecemlineatus ENSSTOG00000023648
spermophilus_dauricus ENSSDAG00000013113
urocitellus_parryii ENSUPAG00010009623
marmota_marmota_marmota ENSMMMG00000013798
castor_canadensis ENSCCNG00000021636
cricetulus_griseus_crigri-picr ENSCGRG00015017763
cricetulus_griseus_chok1gs_hdv1 ENSCGRG00001018220
cricetulus_griseus_crigri_1.0 ENSCGRG00000003220
mesocricetus_auratus ENSMAUG00000011407
peromyscus_maniculatus_bairdii ENSPEMG00000016407
microtus_ochrogaster ENSMOCG00000002747
mus_spretus_strain_spret/eij MGP_SPRETEiJ_G0030325
mus_spicilegus ENSMSIG00000011655
mus_musculus_strain_reference_cl57bl6 ENSMUSG00000043017
mus_caroli_strain_caroli_eij MGP_CAROLIEiJ_G0029246
mus_pahari_strain_pahari_eij MGP_PahariEiJ_G0021102
rattus_norvegicus ENSRNOG00000016756
meriones_unguiculatus ENSMUGG00000005036
nannospalax_galili ENSNGAG00000015456
jaculus_jaculus ENSJJAG00000017272
oryctolagus_cuniculus ENSOCUG00000026915
ochotona_princeps ENSOPRG00000000076
prolemur_simus ENSPSMG00000006434
microcebus_murinus ENSMICG00000029447
propithecus_coquereli ENSPCOG00000022780
otolemur_garnettii ENSOGAG00000030472
pan_troglodytes ENSPTRG00000011186
pan_paniscus ENSPPAG00000041949
gorilla_gorilla ENSGGOG00000013112
homo_sapiens ENSG00000160013
pongo_abelii ENSPPYG00000010155
nomascus_leucogenys ENSNLEG00000002780
colobus_angolensis_palliatus ENSCANG00000007707
piliocolobus_tephrosceles ENSPTEG00000038420
rhinopithecus_roxellana ENSRROG00000035701
rhinopithecus_bieti ENSRBIG00000039814
papio_anubis ENSPANG00000019287
cercocebus_atys ENSCATG00000044691
mandrillus_leucophaeus ENSMLEG00000039111
theropithecus_gelada ENSTGEG00000022838
macaca_mulatta ENSMMUG00000017922
macaca_nemestrina ENSMNEG00000037044
macaca_fascicularis ENSMFAG00000002915
chlorocebus_sabaeus ENSCSAG00000003043
callithrix_jacchus ENSCJAG00000011850
cebus_capucinus_imitator ENSCCAG00000021110
saimiri_boliviensis_boliviensis ENSSBOG00000035755
aotus_nancymaae ENSANAG00000030542
carlito_syrichta ENSTSYG00000009355
fukomys_damarensis ENSFDAG00000000602
erinaceus_europaeus ENSEEUG00000000348
loxodonta_africana ENSLAFG00000021881
procavia_capensis ENSPCAG00000013506
dasypus_novemcinctus ENSDNOG00000036213
phascolarctos_cinereus ENSPCIG00000009351
notamacropus_eugenii ENSMEUG00000008499
monodelphis_domestica ENSMODG00000009211
xenopus_tropicalis ENSXETG00000018270
tetraodon_nigroviridis ENSTNIG00000001391
takifugu_rubripes ENSTRUG00000011708
mola_mola ENSMMOG00000012345
xiphophorus_maculatus ENSXMAG00000025943
xiphophorus_couchianus ENSXCOG00000016108
gambusia_affinis ENSGAFG00000012095
poecilia_formosa ENSPFOG00000009272
poecilia_latipinna ENSPLAG00000004560
poecilia_mexicana ENSPMEG00000013766
poecilia_reticulata ENSPREG00000022925
fundulus_heteroclitus ENSFHEG00000016518
cyprinodon_variegatus ENSCVAG00000020463
kryptolebias_marmoratus ENSKMAG00000021374
oryzias_latipes_asm223471v1 ENSORLG00020002810
oryzias_latipes_asm223467v1 ENSORLG00000006848
oryzias_latipes_asm223469v1 ENSORLG00015004896
oryzias_melastigma ENSOMEG00000013711
seriola_dumerili ENSSDUG00000005631
seriola_lalandi_dorsalis ENSSLDG00000022322
scophthalmus_maximus ENSSMAG00000014044
mastacembelus_armatus ENSMAMG00000011128
monopterus_albus ENSMALG00000004762
gasterosteus_aculeatus ENSGACG00000009600
amphiprion_percula ENSAPEG00000010934
amphiprion_ocellaris ENSAOCG00000012040
acanthochromis_polyacanthus ENSAPOG00000000955
stegastes_partitus ENSSPAG00000019403
astatotilapia_calliptera ENSACLG00000017460
maylandia_zebra ENSMZEG00005016402
pundamilia_nyererei ENSPNYG00000018955
haplochromis_burtoni ENSHBUG00000019321
neolamprologus_brichardi ENSNBRG00000005586
oreochromis_niloticus ENSONIG00000005975
amphilophus_citrinellus ENSACIG00000019614
anabas_testudineus ENSATEG00000012953
labrus_bergylta ENSLBEG00000026490
cynoglossus_semilaevis ENSCSEG00000008173
periophthalmus_magnuspinnatus ENSPMGG00000008149
hippocampus_comes ENSHCOG00000007014
gadus_morhua ENSGMOG00000019145
esox_lucius ENSELUG00000013943
pygocentrus_nattereri ENSPNAG00000009713
astyanax_mexicanus ENSAMXG00000020353
ictalurus_punctatus ENSIPUG00000021710
danio_rerio ENSDARG00000038278
scleropages_formosus ENSSFOG00015007014
paramormyrops_kingsleyae ENSPKIG00000010282
lepisosteus_oculatus ENSLOCG00000014873
ciona_intestinalis ENSCING00000006628
drosophila_melanogaster FBgn0036742
