jaculus_jaculus ENSJJAG00000014110
spermophilus_dauricus ENSSDAG00000013071
dipodomys_ordii ENSDORG00000000877
castor_canadensis ENSCCNG00000014158
castor_canadensis ENSCCNG00000007782
dipodomys_ordii ENSDORG00000024072
microtus_ochrogaster ENSMOCG00000007976
peromyscus_maniculatus_bairdii ENSPEMG00000027436
cricetulus_griseus_chok1gs_hdv1 ENSCGRG00001016823
cricetulus_griseus_crigri_1.0 ENSCGRG00000016709
mesocricetus_auratus ENSMAUG00000018115
mus_spicilegus ENSMSIG00000018174
mus_spicilegus ENSMSIG00000019420
mus_musculus_strain_reference_cl57bl6 ENSMUSG00000010054
mus_spretus_strain_spret/eij MGP_SPRETEiJ_G0033794
mus_caroli_strain_caroli_eij MGP_CAROLIEiJ_G0032649
mus_pahari_strain_pahari_eij MGP_PahariEiJ_G0015517
rattus_norvegicus ENSRNOG00000021528
meriones_unguiculatus ENSMUGG00000017178
nannospalax_galili ENSNGAG00000020839
jaculus_jaculus ENSJJAG00000012527
heterocephalus_glaber_hetgla_1.0 ENSHGLG00100011801
heterocephalus_glaber_hetgla_female_1.0 ENSHGLG00000013681
heterocephalus_glaber_hetgla_1.0 ENSHGLG00100020926
heterocephalus_glaber_hetgla_female_1.0 ENSHGLG00000021210
fukomys_damarensis ENSFDAG00000014497
chinchilla_lanigera ENSCLAG00000013926
octodon_degus ENSODEG00000020330
cavia_porcellus ENSCPOG00000032333
tupaia_belangeri ENSTBEG00000001762
prolemur_simus ENSPSMG00000014759
propithecus_coquereli ENSPCOG00000027975
microcebus_murinus ENSMICG00000046717
carlito_syrichta ENSTSYG00000031945
mus_spicilegus ENSMSIG00000007639
mus_spicilegus ENSMSIG00000007383
cricetulus_griseus_crigri-picr ENSCGRG00015011527
jaculus_jaculus ENSJJAG00000007961
urocitellus_parryii ENSUPAG00010022638
cebus_capucinus_imitator ENSCCAG00000032928
saimiri_boliviensis_boliviensis ENSSBOG00000032814
ursus_maritimus ENSUMAG00000021876
canis_lupus_familiaris ENSCAFG00000010651
panthera_tigris_altaica ENSPTIG00000003739
capra_hircus ENSCHIG00000015880
bos_mutus ENSBMUG00000020800
sorex_araneus ENSSARG00000006021
cebus_capucinus_imitator ENSCCAG00000029836
saimiri_boliviensis_boliviensis ENSSBOG00000034609
callithrix_jacchus ENSCJAG00000048104
aotus_nancymaae ENSANAG00000024374
aotus_nancymaae ENSANAG00000019084
gorilla_gorilla ENSGGOG00000007104
homo_sapiens ENSG00000114383
pan_paniscus ENSPPAG00000016581
pan_troglodytes ENSPTRG00000050779
pongo_abelii ENSPPYG00000013845
nomascus_leucogenys ENSNLEG00000006988
theropithecus_gelada ENSTGEG00000004389
papio_anubis ENSPANG00000006145
macaca_fascicularis ENSMFAG00000035779
macaca_nemestrina ENSMNEG00000009453
mandrillus_leucophaeus ENSMLEG00000042909
chlorocebus_sabaeus ENSCSAG00000014214
cercocebus_atys ENSCATG00000032629
rhinopithecus_bieti ENSRBIG00000023790
rhinopithecus_roxellana ENSRROG00000039505
piliocolobus_tephrosceles ENSPTEG00000001300
colobus_angolensis_palliatus ENSCANG00000028311
marmota_marmota_marmota ENSMMMG00000003178
ictidomys_tridecemlineatus ENSSTOG00000023085
ochotona_princeps ENSOPRG00000015393
oryctolagus_cuniculus ENSOCUG00000005259
otolemur_garnettii ENSOGAG00000008080
equus_asinus_asinus ENSEASG00005012135
equus_caballus ENSECAG00000015584
tursiops_truncatus ENSTTRG00000006894
pteropus_vampyrus ENSPVAG00000017117
capra_hircus ENSCHIG00000024277
bison_bison_bison ENSBBBG00000003478
myotis_lucifugus ENSMLUG00000002499
vulpes_vulpes ENSVVUG00000028426
canis_lupus_dingo ENSCAFG00020022176
ursus_americanus ENSUAMG00000028334
neovison_vison ENSNVIG00000001065
mustela_putorius_furo ENSMPUG00000013060
panthera_pardus ENSPPRG00000023554
felis_catus ENSFCAG00000031595
ailuropoda_melanoleuca ENSAMEG00000011700
vicugna_pacos ENSVPAG00000007903
carlito_syrichta ENSTSYG00000033269
carlito_syrichta ENSTSYG00000033349
erinaceus_europaeus ENSEEUG00000015074
cavia_aperea ENSCAPG00000000313
urocitellus_parryii ENSUPAG00010000822
ovis_aries ENSOARG00000017874
loxodonta_africana ENSLAFG00000010921
procavia_capensis ENSPCAG00000006487
dasypus_novemcinctus ENSDNOG00000014316
dasypus_novemcinctus ENSDNOG00000008203
phascolarctos_cinereus ENSPCIG00000023118
notamacropus_eugenii ENSMEUG00000004116
monodelphis_domestica ENSMODG00000012130
sarcophilus_harrisii ENSSHAG00000018723
ornithorhynchus_anatinus ENSOANG00000005481
anolis_carolinensis ENSACAG00000008693
notechis_scutatus ENSNSUG00000005387
salvator_merianae ENSSMRG00000008330
sphenodon_punctatus ENSSPUG00000001208
gopherus_agassizii ENSGAGG00000023703
chrysemys_picta_bellii ENSCPBG00000027095
ficedula_albicollis ENSFALG00000009007
serinus_canaria ENSSCAG00000001026
manacus_vitellinus ENSMVIG00005013540
gallus_gallus ENSGALG00000041338
lonchura_striata_domestica ENSLSDG00000017572
calidris_pugnax ENSCPUG00000012022
apteryx_haastii ENSAHAG00000015149
apteryx_rowi ENSARWG00000005209
apteryx_owenii ENSAOWG00000010068
dromaius_novaehollandiae ENSDNVG00000003868
crocodylus_porosus ENSCPRG00005014445
pelodiscus_sinensis ENSPSIG00000007976
chelonoidis_abingdonii ENSCABG00000008391
pogona_vitticeps ENSPVIG00000024269
parus_major ENSPMJG00000005330
junco_hyemalis ENSJHYG00000011287
lepidothrix_coronata ENSLCOG00000003336
numida_meleagris ENSNMEG00000008878
coturnix_japonica ENSCJPG00005005744
anser_brachyrhynchus ENSABRG00000000774
anas_platyrhynchos_platyrhynchos ENSAPLG00000024351
latimeria_chalumnae ENSLACG00000017689
xenopus_tropicalis ENSXETG00000007331
scleropages_formosus ENSSFOG00015018839
paramormyrops_kingsleyae ENSPKIG00000001381
mola_mola ENSMMOG00000010972
takifugu_rubripes ENSTRUG00000013499
cynoglossus_semilaevis ENSCSEG00000021733
periophthalmus_magnuspinnatus ENSPMGG00000004790
labrus_bergylta ENSLBEG00000023252
hippocampus_comes ENSHCOG00000001259
pundamilia_nyererei ENSPNYG00000016950
maylandia_zebra ENSMZEG00005014766
astatotilapia_calliptera ENSACLG00000014382
haplochromis_burtoni ENSHBUG00000002624
neolamprologus_brichardi ENSNBRG00000019661
oreochromis_niloticus ENSONIG00000003977
amphilophus_citrinellus ENSACIG00000010041
mastacembelus_armatus ENSMAMG00000016426
monopterus_albus ENSMALG00000002487
anabas_testudineus ENSATEG00000024875
seriola_lalandi_dorsalis ENSSLDG00000009103
seriola_dumerili ENSSDUG00000000664
scophthalmus_maximus ENSSMAG00000016073
amphiprion_ocellaris ENSAOCG00000010849
amphiprion_percula ENSAPEG00000002914
acanthochromis_polyacanthus ENSAPOG00000024128
stegastes_partitus ENSSPAG00000006427
oryzias_latipes_asm223467v1 ENSORLG00000027802
oryzias_latipes_asm223471v1 ENSORLG00020020859
oryzias_latipes_asm223469v1 ENSORLG00015016780
oryzias_melastigma ENSOMEG00000001791
kryptolebias_marmoratus ENSKMAG00000005634
xiphophorus_maculatus ENSXMAG00000016874
xiphophorus_couchianus ENSXCOG00000013458
gambusia_affinis ENSGAFG00000011389
poecilia_latipinna ENSPLAG00000022689
poecilia_reticulata ENSPREG00000004685
poecilia_formosa ENSPFOG00000015404
poecilia_mexicana ENSPMEG00000018671
cyprinodon_variegatus ENSCVAG00000000184
gasterosteus_aculeatus ENSGACG00000001292
gadus_morhua ENSGMOG00000016106
esox_lucius ENSELUG00000006750
pygocentrus_nattereri ENSPNAG00000002326
astyanax_mexicanus ENSAMXG00000031577
ictalurus_punctatus ENSIPUG00000024880
danio_rerio ENSDARG00000099817
pygocentrus_nattereri ENSPNAG00000006745
astyanax_mexicanus ENSAMXG00000041490
ictalurus_punctatus ENSIPUG00000019628
danio_rerio ENSDARG00000025340
esox_lucius ENSELUG00000009558
amphiprion_percula ENSAPEG00000014927
amphiprion_ocellaris ENSAOCG00000003218
acanthochromis_polyacanthus ENSAPOG00000003813
stegastes_partitus ENSSPAG00000016648
pundamilia_nyererei ENSPNYG00000020580
haplochromis_burtoni ENSHBUG00000012300
maylandia_zebra ENSMZEG00005012638
astatotilapia_calliptera ENSACLG00000019081
neolamprologus_brichardi ENSNBRG00000001889
oreochromis_niloticus ENSONIG00000014464
amphilophus_citrinellus ENSACIG00000018031
anabas_testudineus ENSATEG00000009624
mastacembelus_armatus ENSMAMG00000023749
seriola_dumerili ENSSDUG00000014406
seriola_lalandi_dorsalis ENSSLDG00000024042
scophthalmus_maximus ENSSMAG00000020930
cynoglossus_semilaevis ENSCSEG00000001699
monopterus_albus ENSMALG00000003068
mola_mola ENSMMOG00000021706
takifugu_rubripes ENSTRUG00000014121
gasterosteus_aculeatus ENSGACG00000001554
labrus_bergylta ENSLBEG00000018901
fundulus_heteroclitus ENSFHEG00000019206
cyprinodon_variegatus ENSCVAG00000014868
poecilia_mexicana ENSPMEG00000021591
poecilia_formosa ENSPFOG00000018632
poecilia_latipinna ENSPLAG00000006093
poecilia_reticulata ENSPREG00000008784
xiphophorus_maculatus ENSXMAG00000017221
gambusia_affinis ENSGAFG00000008766
kryptolebias_marmoratus ENSKMAG00000001952
oryzias_latipes_asm223469v1 ENSORLG00015021607
oryzias_latipes_asm223467v1 ENSORLG00000027402
oryzias_latipes_asm223471v1 ENSORLG00020003542
oryzias_melastigma ENSOMEG00000005679
periophthalmus_magnuspinnatus ENSPMGG00000002185
hippocampus_comes ENSHCOG00000007668
gadus_morhua ENSGMOG00000009624
paramormyrops_kingsleyae ENSPKIG00000024280
lepisosteus_oculatus ENSLOCG00000014230
eptatretus_burgeri ENSEBUG00000002014
petromyzon_marinus ENSPMAG00000000142
tetraodon_nigroviridis ENSTNIG00000014697
fundulus_heteroclitus ENSFHEG00000019198
eptatretus_burgeri ENSEBUG00000011377
petromyzon_marinus ENSPMAG00000008303
ciona_intestinalis ENSCING00000003817
caenorhabditis_elegans_strain_n2 WBGene00007476
