gopherus_agassizii ENSGAGG00000022016
chelonoidis_abingdonii ENSCABG00000008788
chrysemys_picta_bellii ENSCPBG00000020687
pelodiscus_sinensis ENSPSIG00000006797
crocodylus_porosus ENSCPRG00005016409
pogona_vitticeps ENSPVIG00000008831
salvator_merianae ENSSMRG00000010888
latimeria_chalumnae ENSLACG00000012568
anser_brachyrhynchus ENSABRG00000006281
anas_platyrhynchos_platyrhynchos ENSAPLG00000002360
meleagris_gallopavo ENSMGAG00000002748
coturnix_japonica ENSCJPG00005014173
numida_meleagris ENSNMEG00000009080
taeniopygia_guttata ENSTGUG00000008135
lonchura_striata_domestica ENSLSDG00000001097
serinus_canaria ENSSCAG00000009348
zonotrichia_albicollis ENSZALG00000005738
junco_hyemalis ENSJHYG00000006901
ficedula_albicollis ENSFALG00000014246
parus_major ENSPMJG00000017369
lepidothrix_coronata ENSLCOG00000001504
manacus_vitellinus ENSMVIG00005002363
calidris_pygmaea ENSCPGG00000007152
melopsittacus_undulatus ENSMUNG00000004588
cyanistes_caeruleus ENSCCEG00000022477
calidris_pugnax ENSCPUG00000003089
apteryx_haastii ENSAHAG00000009672
apteryx_owenii ENSAOWG00000017367
apteryx_rowi ENSARWG00000017696
dromaius_novaehollandiae ENSDNVG00000010613
nothoprocta_perdicaria ENSNPEG00000001502
astyanax_mexicanus ENSAMXG00000025538
pygocentrus_nattereri ENSPNAG00000021649
ictalurus_punctatus ENSIPUG00000018370
scophthalmus_maximus ENSSMAG00000000652
cynoglossus_semilaevis ENSCSEG00000002109
anabas_testudineus ENSATEG00000004534
monopterus_albus ENSMALG00000019125
seriola_lalandi_dorsalis ENSSLDG00000016429
seriola_dumerili ENSSDUG00000014865
mastacembelus_armatus ENSMAMG00000007039
cyprinodon_variegatus ENSCVAG00000004757
fundulus_heteroclitus ENSFHEG00000004775
kryptolebias_marmoratus ENSKMAG00000009387
oryzias_latipes_asm223467v1 ENSORLG00000026280
oryzias_latipes_asm223469v1 ENSORLG00015009846
oryzias_latipes_asm223471v1 ENSORLG00020010411
oryzias_melastigma ENSOMEG00000019757
amphiprion_percula ENSAPEG00000010861
amphiprion_ocellaris ENSAOCG00000023039
acanthochromis_polyacanthus ENSAPOG00000019625
maylandia_zebra ENSMZEG00005013556
astatotilapia_calliptera ENSACLG00000004391
neolamprologus_brichardi ENSNBRG00000006510
oreochromis_niloticus ENSONIG00000000168
amphilophus_citrinellus ENSACIG00000000338
labrus_bergylta ENSLBEG00000009047
tetraodon_nigroviridis ENSTNIG00000000470
gasterosteus_aculeatus ENSGACG00000016506
periophthalmus_magnuspinnatus ENSPMGG00000015226
gadus_morhua ENSGMOG00000003740
esox_lucius ENSELUG00000011214
scleropages_formosus ENSSFOG00015006507
paramormyrops_kingsleyae ENSPKIG00000011823
paramormyrops_kingsleyae ENSPKIG00000010073
scleropages_formosus ENSSFOG00015005797
gadus_morhua ENSGMOG00000000388
esox_lucius ENSELUG00000016897
astyanax_mexicanus ENSAMXG00000035802
pygocentrus_nattereri ENSPNAG00000011544
ictalurus_punctatus ENSIPUG00000006717
paramormyrops_kingsleyae ENSPKIG00000009874
lepisosteus_oculatus ENSLOCG00000017754
latimeria_chalumnae ENSLACG00000011914
sarcophilus_harrisii ENSSHAG00000006729
monodelphis_domestica ENSMODG00000000120
notechis_scutatus ENSNSUG00000015215
latimeria_chalumnae ENSLACG00000007937
latimeria_chalumnae ENSLACG00000010116
xenopus_tropicalis ENSXETG00000013359
lepisosteus_oculatus ENSLOCG00000017965
notamacropus_eugenii ENSMEUG00000011607
phascolarctos_cinereus ENSPCIG00000015634
mesocricetus_auratus ENSMAUG00000010606
cricetulus_griseus_chok1gs_hdv1 ENSCGRG00001010656
nannospalax_galili ENSNGAG00000013473
castor_canadensis ENSCCNG00000006961
heterocephalus_glaber_hetgla_female_1.0 ENSHGLG00000007069
oryctolagus_cuniculus ENSOCUG00000010885
homo_sapiens ENSG00000178015
pan_troglodytes ENSPTRG00000028773
gorilla_gorilla ENSGGOG00000002380
pongo_abelii ENSPPYG00000015641
macaca_nemestrina ENSMNEG00000016185
macaca_fascicularis ENSMFAG00000041690
macaca_mulatta ENSMMUG00000001211
cercocebus_atys ENSCATG00000014071
theropithecus_gelada ENSTGEG00000004219
chlorocebus_sabaeus ENSCSAG00000019425
colobus_angolensis_palliatus ENSCANG00000017060
piliocolobus_tephrosceles ENSPTEG00000008948
rhinopithecus_roxellana ENSRROG00000038865
rhinopithecus_bieti ENSRBIG00000025052
callithrix_jacchus ENSCJAG00000038923
saimiri_boliviensis_boliviensis ENSSBOG00000019919
otolemur_garnettii ENSOGAG00000031980
equus_caballus ENSECAG00000032318
equus_asinus_asinus ENSEASG00005019453
mustela_putorius_furo ENSMPUG00000018495
neovison_vison ENSNVIG00000004982
ursus_americanus ENSUAMG00000006863
felis_catus ENSFCAG00000041866
vicugna_pacos ENSVPAG00000000861
sus_scrofa ENSSSCG00000014140
capra_hircus ENSCHIG00000022631
loxodonta_africana ENSLAFG00000016229
chrysemys_picta_bellii ENSCPBG00000000462
gopherus_agassizii ENSGAGG00000009065
apteryx_haastii ENSAHAG00000005015
notechis_scutatus ENSNSUG00000007376
paramormyrops_kingsleyae ENSPKIG00000025385
scleropages_formosus ENSSFOG00015020270
paramormyrops_kingsleyae ENSPKIG00000017858
seriola_lalandi_dorsalis ENSSLDG00000012242
seriola_dumerili ENSSDUG00000021574
scophthalmus_maximus ENSSMAG00000011739
amphiprion_percula ENSAPEG00000024400
amphiprion_ocellaris ENSAOCG00000020484
acanthochromis_polyacanthus ENSAPOG00000002689
stegastes_partitus ENSSPAG00000000100
oryzias_latipes_asm223469v1 ENSORLG00015006928
oryzias_latipes_asm223467v1 ENSORLG00000029616
oryzias_melastigma ENSOMEG00000000431
mola_mola ENSMMOG00000001466
tetraodon_nigroviridis ENSTNIG00000011110
gasterosteus_aculeatus ENSGACG00000009699
anabas_testudineus ENSATEG00000017104
labrus_bergylta ENSLBEG00000001513
mastacembelus_armatus ENSMAMG00000020309
cynoglossus_semilaevis ENSCSEG00000005393
poecilia_formosa ENSPFOG00000024535
poecilia_formosa ENSPFOG00000004110
poecilia_reticulata ENSPREG00000017658
xiphophorus_maculatus ENSXMAG00000022723
gambusia_affinis ENSGAFG00000020485
fundulus_heteroclitus ENSFHEG00000005742
cyprinodon_variegatus ENSCVAG00000009705
kryptolebias_marmoratus ENSKMAG00000006617
pundamilia_nyererei ENSPNYG00000020266
astatotilapia_calliptera ENSACLG00000018997
maylandia_zebra ENSMZEG00005010825
haplochromis_burtoni ENSHBUG00000011293
neolamprologus_brichardi ENSNBRG00000022183
amphilophus_citrinellus ENSACIG00000013315
esox_lucius ENSELUG00000006029
astyanax_mexicanus ENSAMXG00000043680
cynoglossus_semilaevis ENSCSEG00000002633
hippocampus_comes ENSHCOG00000000690
oryzias_latipes_asm223471v1 ENSORLG00020006261
oryzias_latipes_asm223467v1 ENSORLG00000001234
oryzias_latipes_asm223469v1 ENSORLG00015002599
oryzias_melastigma ENSOMEG00000010407
seriola_lalandi_dorsalis ENSSLDG00000024787
seriola_dumerili ENSSDUG00000008306
scophthalmus_maximus ENSSMAG00000001162
mola_mola ENSMMOG00000021809
labrus_bergylta ENSLBEG00000010297
gasterosteus_aculeatus ENSGACG00000000832
mastacembelus_armatus ENSMAMG00000023954
monopterus_albus ENSMALG00000016558
anabas_testudineus ENSATEG00000003190
amphiprion_ocellaris ENSAOCG00000022750
amphiprion_percula ENSAPEG00000017511
acanthochromis_polyacanthus ENSAPOG00000016384
stegastes_partitus ENSSPAG00000019840
xiphophorus_maculatus ENSXMAG00000022294
gambusia_affinis ENSGAFG00000021680
poecilia_formosa ENSPFOG00000005107
poecilia_latipinna ENSPLAG00000014133
poecilia_mexicana ENSPMEG00000019793
poecilia_reticulata ENSPREG00000010254
cyprinodon_variegatus ENSCVAG00000005760
fundulus_heteroclitus ENSFHEG00000006788
pundamilia_nyererei ENSPNYG00000006197
maylandia_zebra ENSMZEG00005009616
haplochromis_burtoni ENSHBUG00000009351
neolamprologus_brichardi ENSNBRG00000003650
oreochromis_niloticus ENSONIG00000019023
periophthalmus_magnuspinnatus ENSPMGG00000006532
esox_lucius ENSELUG00000017114
astyanax_mexicanus ENSAMXG00000001949
chrysemys_picta_bellii ENSCPBG00000008654
gopherus_agassizii ENSGAGG00000001693
anolis_carolinensis ENSACAG00000013002
notechis_scutatus ENSNSUG00000005769
xenopus_tropicalis ENSXETG00000008607
mola_mola ENSMMOG00000012210
gasterosteus_aculeatus ENSGACG00000010047
oryzias_latipes_asm223471v1 ENSORLG00020013569
oryzias_latipes_asm223467v1 ENSORLG00000004399
oryzias_latipes_asm223469v1 ENSORLG00015006537
oryzias_melastigma ENSOMEG00000012859
cynoglossus_semilaevis ENSCSEG00000003371
amphiprion_percula ENSAPEG00000002313
amphiprion_ocellaris ENSAOCG00000004481
acanthochromis_polyacanthus ENSAPOG00000015804
stegastes_partitus ENSSPAG00000004731
astatotilapia_calliptera ENSACLG00000005034
haplochromis_burtoni ENSHBUG00000004953
maylandia_zebra ENSMZEG00005005980
pundamilia_nyererei ENSPNYG00000001055
neolamprologus_brichardi ENSNBRG00000001421
oreochromis_niloticus ENSONIG00000021088
amphilophus_citrinellus ENSACIG00000018863
labrus_bergylta ENSLBEG00000012138
mastacembelus_armatus ENSMAMG00000023228
monopterus_albus ENSMALG00000009870
anabas_testudineus ENSATEG00000016391
seriola_dumerili ENSSDUG00000022270
seriola_lalandi_dorsalis ENSSLDG00000004019
scophthalmus_maximus ENSSMAG00000009916
fundulus_heteroclitus ENSFHEG00000008227
cyprinodon_variegatus ENSCVAG00000008935
xiphophorus_maculatus ENSXMAG00000019892
xiphophorus_couchianus ENSXCOG00000020794
gambusia_affinis ENSGAFG00000021975
poecilia_formosa ENSPFOG00000020695
poecilia_latipinna ENSPLAG00000003133
poecilia_mexicana ENSPMEG00000003793
poecilia_reticulata ENSPREG00000003993
takifugu_rubripes ENSTRUG00000019790
tetraodon_nigroviridis ENSTNIG00000016028
periophthalmus_magnuspinnatus ENSPMGG00000005791
hippocampus_comes ENSHCOG00000011890
gadus_morhua ENSGMOG00000013773
pygocentrus_nattereri ENSPNAG00000029970
astyanax_mexicanus ENSAMXG00000017676
ictalurus_punctatus ENSIPUG00000023054
danio_rerio ENSDARG00000045383
seriola_lalandi_dorsalis ENSSLDG00000014060
seriola_dumerili ENSSDUG00000014575
scophthalmus_maximus ENSSMAG00000015672
monopterus_albus ENSMALG00000004302
mastacembelus_armatus ENSMAMG00000023297
amphiprion_ocellaris ENSAOCG00000011212
amphiprion_ocellaris ENSAOCG00000018064
amphiprion_percula ENSAPEG00000002352
acanthochromis_polyacanthus ENSAPOG00000005429
stegastes_partitus ENSSPAG00000019102
amphilophus_citrinellus ENSACIG00000008047
haplochromis_burtoni ENSHBUG00000017283
fundulus_heteroclitus ENSFHEG00000000480
cyprinodon_variegatus ENSCVAG00000018033
poecilia_mexicana ENSPMEG00000004169
poecilia_formosa ENSPFOG00000008353
oryzias_latipes_asm223471v1 ENSORLG00020019841
oryzias_latipes_asm223469v1 ENSORLG00015018210
oryzias_latipes_asm223467v1 ENSORLG00000012989
oryzias_melastigma ENSOMEG00000019566
takifugu_rubripes ENSTRUG00000010205
tetraodon_nigroviridis ENSTNIG00000007247
esox_lucius ENSELUG00000000692
danio_rerio ENSDARG00000004592
scleropages_formosus ENSSFOG00015011145
paramormyrops_kingsleyae ENSPKIG00000000422
lepisosteus_oculatus ENSLOCG00000017904
apteryx_owenii ENSAOWG00000001176
apteryx_rowi ENSARWG00000016278
apteryx_haastii ENSAHAG00000009873
dromaius_novaehollandiae ENSDNVG00000016637
nothoprocta_perdicaria ENSNPEG00000016123
calidris_pygmaea ENSCPGG00000019139
calidris_pugnax ENSCPUG00000013784
lonchura_striata_domestica ENSLSDG00000014510
taeniopygia_guttata ENSTGUG00000003123
serinus_canaria ENSSCAG00000006746
zonotrichia_albicollis ENSZALG00000004135
junco_hyemalis ENSJHYG00000011492
ficedula_albicollis ENSFALG00000014670
cyanistes_caeruleus ENSCCEG00000017600
parus_major ENSPMJG00000004798
lepidothrix_coronata ENSLCOG00000009054
manacus_vitellinus ENSMVIG00005006934
crocodylus_porosus ENSCPRG00005014043
gopherus_agassizii ENSGAGG00000023049
chelonoidis_abingdonii ENSCABG00000019016
chrysemys_picta_bellii ENSCPBG00000000940
pelodiscus_sinensis ENSPSIG00000013473
anolis_carolinensis ENSACAG00000015115
pogona_vitticeps ENSPVIG00000010841
salvator_merianae ENSSMRG00000015618
sphenodon_punctatus ENSSPUG00000019146
oryctolagus_cuniculus ENSOCUG00000011385
ochotona_princeps ENSOPRG00000007042
castor_canadensis ENSCCNG00000026295
dipodomys_ordii ENSDORG00000010585
cricetulus_griseus_crigri-picr ENSCGRG00015005235
cricetulus_griseus_crigri_1.0 ENSCGRG00000000362
cricetulus_griseus_chok1gs_hdv1 ENSCGRG00001014089
mesocricetus_auratus ENSMAUG00000014397
peromyscus_maniculatus_bairdii ENSPEMG00000029973
microtus_ochrogaster ENSMOCG00000002304
mus_spretus_strain_spret/eij MGP_SPRETEiJ_G0018524
mus_musculus_strain_reference_cl57bl6 ENSMUSG00000044067
mus_spicilegus ENSMSIG00000004368
mus_caroli_strain_caroli_eij MGP_CAROLIEiJ_G0017682
mus_pahari_strain_pahari_eij MGP_PahariEiJ_G0029440
rattus_norvegicus ENSRNOG00000008423
meriones_unguiculatus ENSMUGG00000009001
meriones_unguiculatus ENSMUGG00000009007
nannospalax_galili ENSNGAG00000021526
jaculus_jaculus ENSJJAG00000022356
urocitellus_parryii ENSUPAG00010014048
spermophilus_dauricus ENSSDAG00000001382
marmota_marmota_marmota ENSMMMG00000016530
ictidomys_tridecemlineatus ENSSTOG00000023580
heterocephalus_glaber_hetgla_female_1.0 ENSHGLG00000011203
heterocephalus_glaber_hetgla_1.0 ENSHGLG00100004275
fukomys_damarensis ENSFDAG00000020584
chinchilla_lanigera ENSCLAG00000007346
octodon_degus ENSODEG00000001302
cavia_aperea ENSCAPG00000001621
pan_paniscus ENSPPAG00000003684
pan_troglodytes ENSPTRG00000028426
homo_sapiens ENSG00000172209
gorilla_gorilla ENSGGOG00000024246
pongo_abelii ENSPPYG00000017900
nomascus_leucogenys ENSNLEG00000015869
chlorocebus_sabaeus ENSCSAG00000019129
cercocebus_atys ENSCATG00000000810
theropithecus_gelada ENSTGEG00000012551
mandrillus_leucophaeus ENSMLEG00000027150
papio_anubis ENSPANG00000008426
macaca_nemestrina ENSMNEG00000026544
macaca_fascicularis ENSMFAG00000017789
macaca_mulatta ENSMMUG00000015412
rhinopithecus_bieti ENSRBIG00000011538
rhinopithecus_roxellana ENSRROG00000022596
piliocolobus_tephrosceles ENSPTEG00000038605
colobus_angolensis_palliatus ENSCANG00000001695
cebus_capucinus_imitator ENSCCAG00000007933
saimiri_boliviensis_boliviensis ENSSBOG00000014910
callithrix_jacchus ENSCJAG00000016322
aotus_nancymaae ENSANAG00000022664
carlito_syrichta ENSTSYG00000012365
microcebus_murinus ENSMICG00000027599
prolemur_simus ENSPSMG00000015251
propithecus_coquereli ENSPCOG00000008371
neovison_vison ENSNVIG00000019497
mustela_putorius_furo ENSMPUG00000018394
canis_lupus_familiaris ENSCAFG00000003937
canis_lupus_dingo ENSCAFG00020023122
vulpes_vulpes ENSVVUG00000022008
ursus_americanus ENSUAMG00000005957
ursus_maritimus ENSUMAG00000018251
ailuropoda_melanoleuca ENSAMEG00000019029
panthera_pardus ENSPPRG00000019708
panthera_tigris_altaica ENSPTIG00000009800
felis_catus ENSFCAG00000024280
myotis_lucifugus ENSMLUG00000013164
ovis_aries ENSOARG00000005683
capra_hircus ENSCHIG00000010247
bos_mutus ENSBMUG00000007912
bos_taurus ENSBTAG00000046917
bison_bison_bison ENSBBBG00000003782
tursiops_truncatus ENSTTRG00000006832
sus_scrofa ENSSSCG00000015442
equus_caballus ENSECAG00000013670
equus_asinus_asinus ENSEASG00005017479
erinaceus_europaeus ENSEEUG00000001307
sorex_araneus ENSSARG00000009437
loxodonta_africana ENSLAFG00000004727
echinops_telfairi ENSETEG00000018548
phascolarctos_cinereus ENSPCIG00000000727
sarcophilus_harrisii ENSSHAG00000012382
notechis_scutatus ENSNSUG00000019774
latimeria_chalumnae ENSLACG00000003263
petromyzon_marinus ENSPMAG00000002251
poecilia_formosa ENSPFOG00000019111
poecilia_latipinna ENSPLAG00000009060
poecilia_mexicana ENSPMEG00000022717
xiphophorus_couchianus ENSXCOG00000016903
cyprinodon_variegatus ENSCVAG00000018775
kryptolebias_marmoratus ENSKMAG00000021837
oryzias_latipes_asm223469v1 ENSORLG00015018215
oryzias_latipes_asm223467v1 ENSORLG00000022653
oryzias_latipes_asm223471v1 ENSORLG00020001883
oryzias_melastigma ENSOMEG00000011296
acanthochromis_polyacanthus ENSAPOG00000017028
gadus_morhua ENSGMOG00000018051
esox_lucius ENSELUG00000020304
pygocentrus_nattereri ENSPNAG00000017178
astyanax_mexicanus ENSAMXG00000011120
ictalurus_punctatus ENSIPUG00000003021
danio_rerio ENSDARG00000005522
maylandia_zebra ENSMZEG00005026225
astatotilapia_calliptera ENSACLG00000001631
haplochromis_burtoni ENSHBUG00000018100
pundamilia_nyererei ENSPNYG00000005338
neolamprologus_brichardi ENSNBRG00000015980
oreochromis_niloticus ENSONIG00000013789
amphilophus_citrinellus ENSACIG00000019399
periophthalmus_magnuspinnatus ENSPMGG00000002914
labrus_bergylta ENSLBEG00000015770
seriola_dumerili ENSSDUG00000010567
seriola_lalandi_dorsalis ENSSLDG00000016814
mola_mola ENSMMOG00000014245
gasterosteus_aculeatus ENSGACG00000002526
fundulus_heteroclitus ENSFHEG00000016447
kryptolebias_marmoratus ENSKMAG00000012389
amphiprion_percula ENSAPEG00000019895
amphiprion_ocellaris ENSAOCG00000001499
acanthochromis_polyacanthus ENSAPOG00000022160
stegastes_partitus ENSSPAG00000002111
scophthalmus_maximus ENSSMAG00000019779
cynoglossus_semilaevis ENSCSEG00000009587
mastacembelus_armatus ENSMAMG00000006080
monopterus_albus ENSMALG00000015168
anabas_testudineus ENSATEG00000004923
gadus_morhua ENSGMOG00000010768
astyanax_mexicanus ENSAMXG00000001883
pygocentrus_nattereri ENSPNAG00000016764
ictalurus_punctatus ENSIPUG00000004857
paramormyrops_kingsleyae ENSPKIG00000013494
lepisosteus_oculatus ENSLOCG00000003878
chelonoidis_abingdonii ENSCABG00000013434
gopherus_agassizii ENSGAGG00000008415
chrysemys_picta_bellii ENSCPBG00000003627
pelodiscus_sinensis ENSPSIG00000008551
apteryx_owenii ENSAOWG00000013126
apteryx_rowi ENSARWG00000004546
apteryx_haastii ENSAHAG00000013745
dromaius_novaehollandiae ENSDNVG00000010957
nothoprocta_perdicaria ENSNPEG00000010397
gallus_gallus ENSGALG00000026011
coturnix_japonica ENSCJPG00005007144
meleagris_gallopavo ENSMGAG00000008020
numida_meleagris ENSNMEG00000005340
anas_platyrhynchos_platyrhynchos ENSAPLG00000011047
calidris_pygmaea ENSCPGG00000003298
calidris_pugnax ENSCPUG00000006352
melopsittacus_undulatus ENSMUNG00000003235
taeniopygia_guttata ENSTGUG00000009044
lonchura_striata_domestica ENSLSDG00000016859
junco_hyemalis ENSJHYG00000014706
zonotrichia_albicollis ENSZALG00000001587
serinus_canaria ENSSCAG00000007394
parus_major ENSPMJG00000014259
ficedula_albicollis ENSFALG00000004702
lepidothrix_coronata ENSLCOG00000010544
manacus_vitellinus ENSMVIG00005001822
sphenodon_punctatus ENSSPUG00000000828
anolis_carolinensis ENSACAG00000005481
pogona_vitticeps ENSPVIG00000002632
notechis_scutatus ENSNSUG00000013582
crocodylus_porosus ENSCPRG00005004675
ictidomys_tridecemlineatus ENSSTOG00000007064
urocitellus_parryii ENSUPAG00010000380
spermophilus_dauricus ENSSDAG00000019344
marmota_marmota_marmota ENSMMMG00000018971
dipodomys_ordii ENSDORG00000028616
heterocephalus_glaber_hetgla_1.0 ENSHGLG00100005306
heterocephalus_glaber_hetgla_female_1.0 ENSHGLG00000001233
fukomys_damarensis ENSFDAG00000009129
chinchilla_lanigera ENSCLAG00000013020
octodon_degus ENSODEG00000002674
cavia_porcellus ENSCPOG00000000125
mus_spretus_strain_spret/eij MGP_SPRETEiJ_G0023358
mus_musculus_strain_reference_cl57bl6 ENSMUSG00000024553
mus_spicilegus ENSMSIG00000001741
mus_caroli_strain_caroli_eij MGP_CAROLIEiJ_G0022443
mus_pahari_strain_pahari_eij MGP_PahariEiJ_G0019171
rattus_norvegicus ENSRNOG00000016654
meriones_unguiculatus ENSMUGG00000013202
cricetulus_griseus_crigri_1.0 ENSCGRG00000014007
cricetulus_griseus_chok1gs_hdv1 ENSCGRG00001023113
cricetulus_griseus_crigri-picr ENSCGRG00015014530
mesocricetus_auratus ENSMAUG00000009153
microtus_ochrogaster ENSMOCG00000018111
peromyscus_maniculatus_bairdii ENSPEMG00000022914
nannospalax_galili ENSNGAG00000023931
jaculus_jaculus ENSJJAG00000014911
pan_paniscus ENSPPAG00000028798
pan_troglodytes ENSPTRG00000010125
homo_sapiens ENSG00000166573
gorilla_gorilla ENSGGOG00000001342
pongo_abelii ENSPPYG00000009252
nomascus_leucogenys ENSNLEG00000009350
rhinopithecus_bieti ENSRBIG00000027621
rhinopithecus_roxellana ENSRROG00000011206
piliocolobus_tephrosceles ENSPTEG00000028838
theropithecus_gelada ENSTGEG00000007351
papio_anubis ENSPANG00000004349
cercocebus_atys ENSCATG00000036322
aotus_nancymaae ENSANAG00000030151
callithrix_jacchus ENSCJAG00000007988
carlito_syrichta ENSTSYG00000004590
bos_mutus ENSBMUG00000014406
bos_taurus ENSBTAG00000021003
bison_bison_bison ENSBBBG00000014588
capra_hircus ENSCHIG00000000288
ovis_aries ENSOARG00000004369
tursiops_truncatus ENSTTRG00000005044
sus_scrofa ENSSSCG00000036984
equus_caballus ENSECAG00000014845
equus_asinus_asinus ENSEASG00005002075
ursus_maritimus ENSUMAG00000004765
ursus_americanus ENSUAMG00000020254
ailuropoda_melanoleuca ENSAMEG00000003075
canis_lupus_dingo ENSCAFG00020015114
canis_lupus_familiaris ENSCAFG00000000015
vulpes_vulpes ENSVVUG00000018795
mustela_putorius_furo ENSMPUG00000016642
panthera_pardus ENSPPRG00000013426
panthera_tigris_altaica ENSPTIG00000011401
felis_catus ENSFCAG00000008682
myotis_lucifugus ENSMLUG00000011174
pteropus_vampyrus ENSPVAG00000014135
propithecus_coquereli ENSPCOG00000015232
microcebus_murinus ENSMICG00000036654
prolemur_simus ENSPSMG00000019143
loxodonta_africana ENSLAFG00000027134
phascolarctos_cinereus ENSPCIG00000033987
notamacropus_eugenii ENSMEUG00000008662
monodelphis_domestica ENSMODG00000012282
ornithorhynchus_anatinus ENSOANG00000005981
xenopus_tropicalis ENSXETG00000014693
latimeria_chalumnae ENSLACG00000002517
petromyzon_marinus ENSPMAG00000008598
pogona_vitticeps ENSPVIG00000013242
anolis_carolinensis ENSACAG00000009728
notechis_scutatus ENSNSUG00000017962
salvator_merianae ENSSMRG00000000184
sphenodon_punctatus ENSSPUG00000012802
parus_major ENSPMJG00000001595
cyanistes_caeruleus ENSCCEG00000015162
taeniopygia_guttata ENSTGUG00000007047
lonchura_striata_domestica ENSLSDG00000015513
serinus_canaria ENSSCAG00000004975
junco_hyemalis ENSJHYG00000015307
zonotrichia_albicollis ENSZALG00000012042
ficedula_albicollis ENSFALG00000007762
melopsittacus_undulatus ENSMUNG00000014851
calidris_pygmaea ENSCPGG00000017233
calidris_pugnax ENSCPUG00000002257
coturnix_japonica ENSCJPG00005012389
meleagris_gallopavo ENSMGAG00000004069
numida_meleagris ENSNMEG00000016765
anas_platyrhynchos_platyrhynchos ENSAPLG00000004353
anser_brachyrhynchus ENSABRG00000022667
apteryx_haastii ENSAHAG00000000676
apteryx_rowi ENSARWG00000005063
apteryx_owenii ENSAOWG00000015296
dromaius_novaehollandiae ENSDNVG00000016192
crocodylus_porosus ENSCPRG00005002869
chrysemys_picta_bellii ENSCPBG00000012107
chelonoidis_abingdonii ENSCABG00000018659
pelodiscus_sinensis ENSPSIG00000003499
latimeria_chalumnae ENSLACG00000009419
scleropages_formosus ENSSFOG00015000802
scleropages_formosus ENSSFOG00015010188
pygocentrus_nattereri ENSPNAG00000014578
ictalurus_punctatus ENSIPUG00000017340
danio_rerio ENSDARG00000079165
esox_lucius ENSELUG00000017345
lepisosteus_oculatus ENSLOCG00000008111
paramormyrops_kingsleyae ENSPKIG00000021177
latimeria_chalumnae ENSLACG00000002165
stegastes_partitus ENSSPAG00000012626
acanthochromis_polyacanthus ENSAPOG00000022909
poecilia_reticulata ENSPREG00000001826
poecilia_formosa ENSPFOG00000000059
xiphophorus_maculatus ENSXMAG00000009963
xiphophorus_couchianus ENSXCOG00000009848
haplochromis_burtoni ENSHBUG00000000777
astatotilapia_calliptera ENSACLG00000024130
maylandia_zebra ENSMZEG00005001302
oreochromis_niloticus ENSONIG00000003247
neolamprologus_brichardi ENSNBRG00000003659
amphilophus_citrinellus ENSACIG00000007223
periophthalmus_magnuspinnatus ENSPMGG00000006487
cynoglossus_semilaevis ENSCSEG00000003506
seriola_lalandi_dorsalis ENSSLDG00000009797
mastacembelus_armatus ENSMAMG00000022286
anabas_testudineus ENSATEG00000013256
petromyzon_marinus ENSPMAG00000000313
chelonoidis_abingdonii ENSCABG00000003704
gopherus_agassizii ENSGAGG00000015270
chrysemys_picta_bellii ENSCPBG00000026562
pelodiscus_sinensis ENSPSIG00000014907
gallus_gallus ENSGALG00000001866
meleagris_gallopavo ENSMGAG00000010252
anser_brachyrhynchus ENSABRG00000021306
anas_platyrhynchos_platyrhynchos ENSAPLG00000013376
manacus_vitellinus ENSMVIG00005011035
lepidothrix_coronata ENSLCOG00000007136
apteryx_owenii ENSAOWG00000001194
apteryx_rowi ENSARWG00000016587
apteryx_haastii ENSAHAG00000008628
dromaius_novaehollandiae ENSDNVG00000001718
nothoprocta_perdicaria ENSNPEG00000006222
sphenodon_punctatus ENSSPUG00000009693
pogona_vitticeps ENSPVIG00000020091
notechis_scutatus ENSNSUG00000019845
salvator_merianae ENSSMRG00000013990
latimeria_chalumnae ENSLACG00000002901
paramormyrops_kingsleyae ENSPKIG00000023216
scleropages_formosus ENSSFOG00015014385
astyanax_mexicanus ENSAMXG00000032236
pygocentrus_nattereri ENSPNAG00000011034
danio_rerio ENSDARG00000105113
gadus_morhua ENSGMOG00000004875
esox_lucius ENSELUG00000020509
paramormyrops_kingsleyae ENSPKIG00000000533
lepisosteus_oculatus ENSLOCG00000001179
lepidothrix_coronata ENSLCOG00000013350
zonotrichia_albicollis ENSZALG00000015160
panthera_tigris_altaica ENSPTIG00000010540
notamacropus_eugenii ENSMEUG00000009225
apteryx_haastii ENSAHAG00000001288
crocodylus_porosus ENSCPRG00005018989
salvator_merianae ENSSMRG00000015696
loxodonta_africana ENSLAFG00000012077
procavia_capensis ENSPCAG00000006512
microcebus_murinus ENSMICG00000038753
prolemur_simus ENSPSMG00000015732
propithecus_coquereli ENSPCOG00000023080
otolemur_garnettii ENSOGAG00000028948
urocitellus_parryii ENSUPAG00010022397
castor_canadensis ENSCCNG00000025190
pan_troglodytes ENSPTRG00000014349
gorilla_gorilla ENSGGOG00000003992
homo_sapiens ENSG00000128310
theropithecus_gelada ENSTGEG00000012693
cercocebus_atys ENSCATG00000038581
macaca_nemestrina ENSMNEG00000039126
macaca_fascicularis ENSMFAG00000033474
papio_anubis ENSPANG00000007411
chlorocebus_sabaeus ENSCSAG00000006945
rhinopithecus_roxellana ENSRROG00000033941
rhinopithecus_bieti ENSRBIG00000038889
piliocolobus_tephrosceles ENSPTEG00000035962
cebus_capucinus_imitator ENSCCAG00000021099
callithrix_jacchus ENSCJAG00000012394
aotus_nancymaae ENSANAG00000036129
mus_spicilegus ENSMSIG00000021898
mus_musculus_strain_reference_cl57bl6 ENSMUSG00000114755
rattus_norvegicus ENSRNOG00000027060
meriones_unguiculatus ENSMUGG00000012381
cricetulus_griseus_crigri-picr ENSCGRG00015002216
mesocricetus_auratus ENSMAUG00000019657
microtus_ochrogaster ENSMOCG00000022926
dipodomys_ordii ENSDORG00000009475
sus_scrofa ENSSSCG00000000121
tursiops_truncatus ENSTTRG00000004809
capra_hircus ENSCHIG00000023810
bos_taurus ENSBTAG00000008857
canis_lupus_dingo ENSCAFG00020003711
canis_lupus_familiaris ENSCAFG00000001447
mustela_putorius_furo ENSMPUG00000012908
neovison_vison ENSNVIG00000002410
felis_catus ENSFCAG00000040590
panthera_pardus ENSPPRG00000019047
equus_caballus ENSECAG00000030191
equus_caballus ENSECAG00000039331
equus_caballus ENSECAG00000028490
equus_asinus_asinus ENSEASG00005018812
notamacropus_eugenii ENSMEUG00000013945
latimeria_chalumnae ENSLACG00000001837
paramormyrops_kingsleyae ENSPKIG00000022284
scleropages_formosus ENSSFOG00015009768
oryzias_latipes_asm223471v1 ENSORLG00020007916
oryzias_latipes_asm223467v1 ENSORLG00000001694
oryzias_latipes_asm223469v1 ENSORLG00015017269
oryzias_melastigma ENSOMEG00000015140
kryptolebias_marmoratus ENSKMAG00000005833
amphiprion_percula ENSAPEG00000014174
amphiprion_ocellaris ENSAOCG00000004072
astatotilapia_calliptera ENSACLG00000018266
seriola_dumerili ENSSDUG00000013021
mastacembelus_armatus ENSMAMG00000007711
anabas_testudineus ENSATEG00000022623
cynoglossus_semilaevis ENSCSEG00000007118
esox_lucius ENSELUG00000012840
lepisosteus_oculatus ENSLOCG00000002431
pygocentrus_nattereri ENSPNAG00000010719
astyanax_mexicanus ENSAMXG00000034217
ictalurus_punctatus ENSIPUG00000017437
fundulus_heteroclitus ENSFHEG00000017726
periophthalmus_magnuspinnatus ENSPMGG00000018824
gadus_morhua ENSGMOG00000011215
paramormyrops_kingsleyae ENSPKIG00000011185
gopherus_agassizii ENSGAGG00000019696
chelonoidis_abingdonii ENSCABG00000003440
chrysemys_picta_bellii ENSCPBG00000009798
pelodiscus_sinensis ENSPSIG00000004416
crocodylus_porosus ENSCPRG00005015090
salvator_merianae ENSSMRG00000013202
notechis_scutatus ENSNSUG00000016922
sphenodon_punctatus ENSSPUG00000005465
phascolarctos_cinereus ENSPCIG00000007291
sarcophilus_harrisii ENSSHAG00000013728
chinchilla_lanigera ENSCLAG00000007689
octodon_degus ENSODEG00000011996
cavia_porcellus ENSCPOG00000022990
mesocricetus_auratus ENSMAUG00000014090
felis_catus ENSFCAG00000031394
mustela_putorius_furo ENSMPUG00000009306
bos_taurus ENSBTAG00000037418
bison_bison_bison ENSBBBG00000017643
capra_hircus ENSCHIG00000024651
ovis_aries ENSOARG00000010064
xenopus_tropicalis ENSXETG00000021618
anolis_carolinensis ENSACAG00000016872
astyanax_mexicanus ENSAMXG00000025045
pygocentrus_nattereri ENSPNAG00000007591
gasterosteus_aculeatus ENSGACG00000000629
labrus_bergylta ENSLBEG00000018029
fundulus_heteroclitus ENSFHEG00000022053
cyprinodon_variegatus ENSCVAG00000001604
xiphophorus_couchianus ENSXCOG00000018703
stegastes_partitus ENSSPAG00000001020
astatotilapia_calliptera ENSACLG00000002371
monopterus_albus ENSMALG00000016756
pundamilia_nyererei ENSPNYG00000017897
astatotilapia_calliptera ENSACLG00000006701
haplochromis_burtoni ENSHBUG00000005000
neolamprologus_brichardi ENSNBRG00000017867
oreochromis_niloticus ENSONIG00000012197
amphilophus_citrinellus ENSACIG00000016397
stegastes_partitus ENSSPAG00000022522
scophthalmus_maximus ENSSMAG00000004214
cynoglossus_semilaevis ENSCSEG00000008290
anabas_testudineus ENSATEG00000022561
periophthalmus_magnuspinnatus ENSPMGG00000015511
astyanax_mexicanus ENSAMXG00000025183
petromyzon_marinus ENSPMAG00000001021
chinchilla_lanigera ENSCLAG00000003487
octodon_degus ENSODEG00000016129
cavia_porcellus ENSCPOG00000002132
heterocephalus_glaber_hetgla_female_1.0 ENSHGLG00000007702
heterocephalus_glaber_hetgla_1.0 ENSHGLG00100010296
fukomys_damarensis ENSFDAG00000016730
ictidomys_tridecemlineatus ENSSTOG00000016093
urocitellus_parryii ENSUPAG00010015683
marmota_marmota_marmota ENSMMMG00000016402
spermophilus_dauricus ENSSDAG00000011611
castor_canadensis ENSCCNG00000003573
dipodomys_ordii ENSDORG00000004054
mus_spicilegus ENSMSIG00000001346
mus_musculus_strain_reference_cl57bl6 ENSMUSG00000054200
mus_spretus_strain_spret/eij MGP_SPRETEiJ_G0023839
mus_caroli_strain_caroli_eij MGP_CAROLIEiJ_G0022921
mus_pahari_strain_pahari_eij MGP_PahariEiJ_G0014414
rattus_norvegicus ENSRNOG00000021763
meriones_unguiculatus ENSMUGG00000016050
cricetulus_griseus_crigri_1.0 ENSCGRG00000005643
cricetulus_griseus_crigri-picr ENSCGRG00015002565
cricetulus_griseus_chok1gs_hdv1 ENSCGRG00001011553
mesocricetus_auratus ENSMAUG00000020836
microtus_ochrogaster ENSMOCG00000012765
peromyscus_maniculatus_bairdii ENSPEMG00000030137
nannospalax_galili ENSNGAG00000014684
jaculus_jaculus ENSJJAG00000009459
oryctolagus_cuniculus ENSOCUG00000010519
ochotona_princeps ENSOPRG00000004311
tupaia_belangeri ENSTBEG00000006397
microcebus_murinus ENSMICG00000043364
propithecus_coquereli ENSPCOG00000023423
prolemur_simus ENSPSMG00000012168
otolemur_garnettii ENSOGAG00000013345
cebus_capucinus_imitator ENSCCAG00000023384
saimiri_boliviensis_boliviensis ENSSBOG00000000559
callithrix_jacchus ENSCJAG00000009157
aotus_nancymaae ENSANAG00000030174
pan_paniscus ENSPPAG00000013271
pan_troglodytes ENSPTRG00000002767
homo_sapiens ENSG00000186188
gorilla_gorilla ENSGGOG00000004413
pongo_abelii ENSPPYG00000002492
nomascus_leucogenys ENSNLEG00000012845
macaca_mulatta ENSMMUG00000014710
macaca_fascicularis ENSMFAG00000042176
macaca_nemestrina ENSMNEG00000031922
mandrillus_leucophaeus ENSMLEG00000020772
cercocebus_atys ENSCATG00000033579
chlorocebus_sabaeus ENSCSAG00000006287
papio_anubis ENSPANG00000021536
theropithecus_gelada ENSTGEG00000009757
piliocolobus_tephrosceles ENSPTEG00000035325
colobus_angolensis_palliatus ENSCANG00000042176
rhinopithecus_roxellana ENSRROG00000044947
rhinopithecus_bieti ENSRBIG00000035742
sorex_araneus ENSSARG00000011599
erinaceus_europaeus ENSEEUG00000011853
bos_mutus ENSBMUG00000023805
bos_taurus ENSBTAG00000000437
bison_bison_bison ENSBBBG00000016953
capra_hircus ENSCHIG00000011853
sus_scrofa ENSSSCG00000010478
tursiops_truncatus ENSTTRG00000008356
ursus_maritimus ENSUMAG00000003906
ursus_americanus ENSUAMG00000001126
ailuropoda_melanoleuca ENSAMEG00000013835
mustela_putorius_furo ENSMPUG00000017194
neovison_vison ENSNVIG00000002740
panthera_pardus ENSPPRG00000009445
felis_catus ENSFCAG00000009936
canis_lupus_dingo ENSCAFG00020004389
canis_lupus_familiaris ENSCAFG00000007888
vulpes_vulpes ENSVVUG00000022026
myotis_lucifugus ENSMLUG00000003854
pteropus_vampyrus ENSPVAG00000011194
equus_caballus ENSECAG00000018390
equus_caballus ENSECAG00000034171
equus_asinus_asinus ENSEASG00005011474
loxodonta_africana ENSLAFG00000015164
procavia_capensis ENSPCAG00000007907
dasypus_novemcinctus ENSDNOG00000032777
choloepus_hoffmanni ENSCHOG00000006908
phascolarctos_cinereus ENSPCIG00000012663
notamacropus_eugenii ENSMEUG00000005078
notechis_scutatus ENSNSUG00000013002
pogona_vitticeps ENSPVIG00000013316
salvator_merianae ENSSMRG00000013444
sphenodon_punctatus ENSSPUG00000002485
apteryx_haastii ENSAHAG00000011825
apteryx_owenii ENSAOWG00000004348
apteryx_rowi ENSARWG00000015879
dromaius_novaehollandiae ENSDNVG00000004236
nothoprocta_perdicaria ENSNPEG00000013841
calidris_pygmaea ENSCPGG00000017210
calidris_pugnax ENSCPUG00000013575
melopsittacus_undulatus ENSMUNG00000006716
cyanistes_caeruleus ENSCCEG00000018089
parus_major ENSPMJG00000002919
ficedula_albicollis ENSFALG00000007865
junco_hyemalis ENSJHYG00000018213
zonotrichia_albicollis ENSZALG00000012814
lonchura_striata_domestica ENSLSDG00000016938
lepidothrix_coronata ENSLCOG00000005797
manacus_vitellinus ENSMVIG00005017473
meleagris_gallopavo ENSMGAG00000008853
coturnix_japonica ENSCJPG00005019184
gallus_gallus ENSGALG00000026733
numida_meleagris ENSNMEG00000014640
anser_brachyrhynchus ENSABRG00000011562
crocodylus_porosus ENSCPRG00005017083
gopherus_agassizii ENSGAGG00000021739
chelonoidis_abingdonii ENSCABG00000012053
pelodiscus_sinensis ENSPSIG00000009838
pygocentrus_nattereri ENSPNAG00000029471
astyanax_mexicanus ENSAMXG00000032973
ictalurus_punctatus ENSIPUG00000007414
ictalurus_punctatus ENSIPUG00000007400
seriola_dumerili ENSSDUG00000010114
seriola_lalandi_dorsalis ENSSLDG00000020694
scophthalmus_maximus ENSSMAG00000001371
amphiprion_percula ENSAPEG00000012441
amphiprion_ocellaris ENSAOCG00000004890
acanthochromis_polyacanthus ENSAPOG00000018267
oreochromis_niloticus ENSONIG00000018473
mastacembelus_armatus ENSMAMG00000021408
monopterus_albus ENSMALG00000005072
petromyzon_marinus ENSPMAG00000001924
