myotis_lucifugus ENSMLUG00000025869
myotis_lucifugus ENSMLUG00000028795
oryctolagus_cuniculus ENSOCUG00000025966
oryctolagus_cuniculus ENSOCUG00000026234
oryctolagus_cuniculus ENSOCUG00000022506
oryctolagus_cuniculus ENSOCUG00000027090
oryctolagus_cuniculus ENSOCUG00000027523
oryctolagus_cuniculus ENSOCUG00000026338
oryctolagus_cuniculus ENSOCUG00000023331
castor_canadensis ENSCCNG00000005190
tupaia_belangeri ENSTBEG00000003584
myotis_lucifugus ENSMLUG00000030381
myotis_lucifugus ENSMLUG00000030049
myotis_lucifugus ENSMLUG00000006452
myotis_lucifugus ENSMLUG00000024281
myotis_lucifugus ENSMLUG00000022387
myotis_lucifugus ENSMLUG00000016304
panthera_tigris_altaica ENSPTIG00000014235
myotis_lucifugus ENSMLUG00000030279
myotis_lucifugus ENSMLUG00000030308
myotis_lucifugus ENSMLUG00000024991
myotis_lucifugus ENSMLUG00000023205
microcebus_murinus ENSMICG00000044394
tupaia_belangeri ENSTBEG00000003766
tupaia_belangeri ENSTBEG00000015273
tupaia_belangeri ENSTBEG00000014005
dasypus_novemcinctus ENSDNOG00000039470
ursus_americanus ENSUAMG00000003266
ursus_maritimus ENSUMAG00000000950
ursus_americanus ENSUAMG00000003271
ailuropoda_melanoleuca ENSAMEG00000007092
vulpes_vulpes ENSVVUG00000005833
canis_lupus_dingo ENSCAFG00020003871
sus_scrofa ENSSSCG00000039180
otolemur_garnettii ENSOGAG00000028816
macaca_mulatta ENSMMUG00000046815
mustela_putorius_furo ENSMPUG00000001534
neovison_vison ENSNVIG00000010013
mustela_putorius_furo ENSMPUG00000012653
vulpes_vulpes ENSVVUG00000005859
ursus_maritimus ENSUMAG00000008042
vulpes_vulpes ENSVVUG00000003117
canis_lupus_familiaris ENSCAFG00000030506
ailuropoda_melanoleuca ENSAMEG00000001969
ailuropoda_melanoleuca ENSAMEG00000018749
ursus_americanus ENSUAMG00000010309
mustela_putorius_furo ENSMPUG00000010962
vulpes_vulpes ENSVVUG00000003109
canis_lupus_dingo ENSCAFG00020003929
neovison_vison ENSNVIG00000001126
panthera_tigris_altaica ENSPTIG00000014245
ursus_americanus ENSUAMG00000005417
ailuropoda_melanoleuca ENSAMEG00000020236
ursus_maritimus ENSUMAG00000008046
ursus_maritimus ENSUMAG00000008039
ailuropoda_melanoleuca ENSAMEG00000019523
myotis_lucifugus ENSMLUG00000029012
myotis_lucifugus ENSMLUG00000025388
erinaceus_europaeus ENSEEUG00000004199
erinaceus_europaeus ENSEEUG00000004644
ursus_americanus ENSUAMG00000000388
canis_lupus_dingo ENSCAFG00020003801
myotis_lucifugus ENSMLUG00000029158
myotis_lucifugus ENSMLUG00000026186
myotis_lucifugus ENSMLUG00000030486
panthera_pardus ENSPPRG00000012318
panthera_tigris_altaica ENSPTIG00000007402
panthera_pardus ENSPPRG00000009016
panthera_tigris_altaica ENSPTIG00000021620
panthera_tigris_altaica ENSPTIG00000007471
felis_catus ENSFCAG00000045593
panthera_tigris_altaica ENSPTIG00000005292
panthera_tigris_altaica ENSPTIG00000007281
panthera_pardus ENSPPRG00000001042
felis_catus ENSFCAG00000025218
felis_catus ENSFCAG00000045882
neovison_vison ENSNVIG00000001118
mustela_putorius_furo ENSMPUG00000001126
mustela_putorius_furo ENSMPUG00000001515
ursus_americanus ENSUAMG00000015147
ailuropoda_melanoleuca ENSAMEG00000018693
felis_catus ENSFCAG00000034608
spermophilus_dauricus ENSSDAG00000001114
marmota_marmota_marmota ENSMMMG00000017896
peromyscus_maniculatus_bairdii ENSPEMG00000025279
peromyscus_maniculatus_bairdii ENSPEMG00000027648
myotis_lucifugus ENSMLUG00000029746
myotis_lucifugus ENSMLUG00000026828
dasypus_novemcinctus ENSDNOG00000048899
dasypus_novemcinctus ENSDNOG00000049771
dasypus_novemcinctus ENSDNOG00000039301
dasypus_novemcinctus ENSDNOG00000037738
dasypus_novemcinctus ENSDNOG00000036406
dasypus_novemcinctus ENSDNOG00000043333
spermophilus_dauricus ENSSDAG00000024838
urocitellus_parryii ENSUPAG00010023755
tupaia_belangeri ENSTBEG00000015490
equus_asinus_asinus ENSEASG00005012764
equus_asinus_asinus ENSEASG00005001733
canis_lupus_dingo ENSCAFG00020003952
canis_lupus_dingo ENSCAFG00020003800
tupaia_belangeri ENSTBEG00000015382
tupaia_belangeri ENSTBEG00000003524
tupaia_belangeri ENSTBEG00000004583
propithecus_coquereli ENSPCOG00000003356
propithecus_coquereli ENSPCOG00000019919
microcebus_murinus ENSMICG00000046824
microcebus_murinus ENSMICG00000047896
otolemur_garnettii ENSOGAG00000027948
castor_canadensis ENSCCNG00000005280
castor_canadensis ENSCCNG00000011236
castor_canadensis ENSCCNG00000014849
castor_canadensis ENSCCNG00000005249
castor_canadensis ENSCCNG00000005302
bos_taurus ENSBTAG00000050653
bos_taurus ENSBTAG00000055142
capra_hircus ENSCHIG00000018596
myotis_lucifugus ENSMLUG00000025332
dasypus_novemcinctus ENSDNOG00000038706
microcebus_murinus ENSMICG00000043690
microcebus_murinus ENSMICG00000048131
microcebus_murinus ENSMICG00000030771
microcebus_murinus ENSMICG00000044032
microcebus_murinus ENSMICG00000045826
prolemur_simus ENSPSMG00000003158
marmota_marmota_marmota ENSMMMG00000017875
marmota_marmota_marmota ENSMMMG00000017892
urocitellus_parryii ENSUPAG00010019953
spermophilus_dauricus ENSSDAG00000001100
urocitellus_parryii ENSUPAG00010008762
spermophilus_dauricus ENSSDAG00000001039
marmota_marmota_marmota ENSMMMG00000017882
urocitellus_parryii ENSUPAG00010020170
ictidomys_tridecemlineatus ENSSTOG00000033074
prolemur_simus ENSPSMG00000002013
prolemur_simus ENSPSMG00000010590
prolemur_simus ENSPSMG00000001553
prolemur_simus ENSPSMG00000002970
prolemur_simus ENSPSMG00000016263
prolemur_simus ENSPSMG00000003185
prolemur_simus ENSPSMG00000018992
propithecus_coquereli ENSPCOG00000009109
otolemur_garnettii ENSOGAG00000029625
myotis_lucifugus ENSMLUG00000024099
sus_scrofa ENSSSCG00000037718
ailuropoda_melanoleuca ENSAMEG00000016044
ovis_aries ENSOARG00000012396
ovis_aries ENSOARG00000002645
ovis_aries ENSOARG00000001907
ovis_aries ENSOARG00000001857
capra_hircus ENSCHIG00000016084
bos_mutus ENSBMUG00000021933
bos_taurus ENSBTAG00000046584
bison_bison_bison ENSBBBG00000022244
dasypus_novemcinctus ENSDNOG00000031331
otolemur_garnettii ENSOGAG00000028422
otolemur_garnettii ENSOGAG00000002755
prolemur_simus ENSPSMG00000016766
dasypus_novemcinctus ENSDNOG00000045312
dasypus_novemcinctus ENSDNOG00000039196
propithecus_coquereli ENSPCOG00000000278
propithecus_coquereli ENSPCOG00000001170
propithecus_coquereli ENSPCOG00000024953
homo_sapiens ENSG00000211650
pan_paniscus ENSPPAG00000032348
pongo_abelii ENSPPYG00000029687
nomascus_leucogenys ENSNLEG00000035156
mandrillus_leucophaeus ENSMLEG00000042141
macaca_mulatta ENSMMUG00000042229
cercocebus_atys ENSCATG00000041471
papio_anubis ENSPANG00000034926
colobus_angolensis_palliatus ENSCANG00000039051
mandrillus_leucophaeus ENSMLEG00000040710
mandrillus_leucophaeus ENSMLEG00000033534
cercocebus_atys ENSCATG00000037423
macaca_nemestrina ENSMNEG00000037752
macaca_mulatta ENSMMUG00000039166
macaca_fascicularis ENSMFAG00000028443
theropithecus_gelada ENSTGEG00000000574
theropithecus_gelada ENSTGEG00000007595
theropithecus_gelada ENSTGEG00000029190
theropithecus_gelada ENSTGEG00000029182
papio_anubis ENSPANG00000023253
macaca_nemestrina ENSMNEG00000037741
macaca_nemestrina ENSMNEG00000029120
rhinopithecus_roxellana ENSRROG00000031445
rhinopithecus_bieti ENSRBIG00000034820
rhinopithecus_roxellana ENSRROG00000034867
rhinopithecus_bieti ENSRBIG00000027820
colobus_angolensis_palliatus ENSCANG00000034933
macaca_fascicularis ENSMFAG00000023368
macaca_nemestrina ENSMNEG00000037558
macaca_mulatta ENSMMUG00000038538
chlorocebus_sabaeus ENSCSAG00000013780
mandrillus_leucophaeus ENSMLEG00000019490
rhinopithecus_roxellana ENSRROG00000025177
rhinopithecus_bieti ENSRBIG00000014931
rhinopithecus_roxellana ENSRROG00000009258
pan_troglodytes ENSPTRG00000049144
pan_troglodytes ENSPTRG00000052875
pan_paniscus ENSPPAG00000032135
gorilla_gorilla ENSGGOG00000026835
homo_sapiens ENSG00000211647
nomascus_leucogenys ENSNLEG00000029011
nomascus_leucogenys ENSNLEG00000031427
pan_paniscus ENSPPAG00000018196
macaca_fascicularis ENSMFAG00000025031
macaca_mulatta ENSMMUG00000041627
macaca_nemestrina ENSMNEG00000037591
cercocebus_atys ENSCATG00000043044
theropithecus_gelada ENSTGEG00000000744
cercocebus_atys ENSCATG00000008743
papio_anubis ENSPANG00000011341
mandrillus_leucophaeus ENSMLEG00000028332
colobus_angolensis_palliatus ENSCANG00000035273
piliocolobus_tephrosceles ENSPTEG00000022319
piliocolobus_tephrosceles ENSPTEG00000013229
piliocolobus_tephrosceles ENSPTEG00000013123
homo_sapiens ENSG00000211654
pan_paniscus ENSPPAG00000032198
nomascus_leucogenys ENSNLEG00000034938
piliocolobus_tephrosceles ENSPTEG00000013012
piliocolobus_tephrosceles ENSPTEG00000013452
colobus_angolensis_palliatus ENSCANG00000018090
callithrix_jacchus ENSCJAG00000046859
saimiri_boliviensis_boliviensis ENSSBOG00000030994
aotus_nancymaae ENSANAG00000023800
cebus_capucinus_imitator ENSCCAG00000019907
cebus_capucinus_imitator ENSCCAG00000033263
callithrix_jacchus ENSCJAG00000043582
macaca_mulatta ENSMMUG00000040668
papio_anubis ENSPANG00000018557
chlorocebus_sabaeus ENSCSAG00000013827
prolemur_simus ENSPSMG00000001738
prolemur_simus ENSPSMG00000004921
prolemur_simus ENSPSMG00000003247
prolemur_simus ENSPSMG00000002982
prolemur_simus ENSPSMG00000014140
microcebus_murinus ENSMICG00000037071
microcebus_murinus ENSMICG00000045797
prolemur_simus ENSPSMG00000016771
prolemur_simus ENSPSMG00000006513
prolemur_simus ENSPSMG00000002004
prolemur_simus ENSPSMG00000001656
prolemur_simus ENSPSMG00000001949
prolemur_simus ENSPSMG00000006673
microcebus_murinus ENSMICG00000047431
chinchilla_lanigera ENSCLAG00000009416
chinchilla_lanigera ENSCLAG00000008446
octodon_degus ENSODEG00000008043
macaca_fascicularis ENSMFAG00000035747
macaca_nemestrina ENSMNEG00000044782
theropithecus_gelada ENSTGEG00000000925
theropithecus_gelada ENSTGEG00000006946
macaca_mulatta ENSMMUG00000047099
otolemur_garnettii ENSOGAG00000024404
microcebus_murinus ENSMICG00000044801
tupaia_belangeri ENSTBEG00000012036
chinchilla_lanigera ENSCLAG00000014386
echinops_telfairi ENSETEG00000008770
gorilla_gorilla ENSGGOG00000042693
homo_sapiens ENSG00000211643
pongo_abelii ENSPPYG00000012012
macaca_mulatta ENSMMUG00000039205
macaca_fascicularis ENSMFAG00000012173
chlorocebus_sabaeus ENSCSAG00000013763
rhinopithecus_bieti ENSRBIG00000029406
rhinopithecus_roxellana ENSRROG00000038370
carlito_syrichta ENSTSYG00000032890
tupaia_belangeri ENSTBEG00000000733
tupaia_belangeri ENSTBEG00000012950
felis_catus ENSFCAG00000025739
dasypus_novemcinctus ENSDNOG00000040079
dasypus_novemcinctus ENSDNOG00000038737
vulpes_vulpes ENSVVUG00000003037
ursus_americanus ENSUAMG00000004114
felis_catus ENSFCAG00000040275
felis_catus ENSFCAG00000045548
felis_catus ENSFCAG00000042516
panthera_pardus ENSPPRG00000001008
panthera_pardus ENSPPRG00000024127
myotis_lucifugus ENSMLUG00000026085
myotis_lucifugus ENSMLUG00000006916
myotis_lucifugus ENSMLUG00000028843
myotis_lucifugus ENSMLUG00000023936
myotis_lucifugus ENSMLUG00000027636
dasypus_novemcinctus ENSDNOG00000041709
castor_canadensis ENSCCNG00000011257
notechis_scutatus ENSNSUG00000001601
