procavia_capensis ENSPCAG00000003088
procavia_capensis ENSPCAG00000007823
procavia_capensis ENSPCAG00000005228
echinops_telfairi ENSETEG00000006837
echinops_telfairi ENSETEG00000016253
echinops_telfairi ENSETEG00000006912
echinops_telfairi ENSETEG00000017759
procavia_capensis ENSPCAG00000001948
echinops_telfairi ENSETEG00000009282
echinops_telfairi ENSETEG00000014713
echinops_telfairi ENSETEG00000000424
echinops_telfairi ENSETEG00000004659
echinops_telfairi ENSETEG00000000328
echinops_telfairi ENSETEG00000016405
procavia_capensis ENSPCAG00000004530
tursiops_truncatus ENSTTRG00000015409
vicugna_pacos ENSVPAG00000001740
pteropus_vampyrus ENSPVAG00000017016
prolemur_simus ENSPSMG00000017340
propithecus_coquereli ENSPCOG00000028005
microcebus_murinus ENSMICG00000016529
otolemur_garnettii ENSOGAG00000033365
pan_troglodytes ENSPTRG00000013177
pan_paniscus ENSPPAG00000017593
homo_sapiens ENSG00000088876
gorilla_gorilla ENSGGOG00000005326
pongo_abelii ENSPPYG00000010840
nomascus_leucogenys ENSNLEG00000009203
theropithecus_gelada ENSTGEG00000010959
papio_anubis ENSPANG00000013446
mandrillus_leucophaeus ENSMLEG00000037595
cercocebus_atys ENSCATG00000035883
macaca_fascicularis ENSMFAG00000033379
macaca_mulatta ENSMMUG00000010054
macaca_nemestrina ENSMNEG00000044885
rhinopithecus_roxellana ENSRROG00000029443
rhinopithecus_bieti ENSRBIG00000042785
piliocolobus_tephrosceles ENSPTEG00000032992
colobus_angolensis_palliatus ENSCANG00000027689
callithrix_jacchus ENSCJAG00000042032
cebus_capucinus_imitator ENSCCAG00000028537
aotus_nancymaae ENSANAG00000009075
homo_sapiens ENSG00000256566
chlorocebus_sabaeus ENSCSAG00000010844
saimiri_boliviensis_boliviensis ENSSBOG00000029706
choloepus_hoffmanni ENSCHOG00000001661
