haplochromis_burtoni ENSHBUG00000010286
maylandia_zebra ENSMZEG00005025077
neolamprologus_brichardi ENSNBRG00000018075
oreochromis_niloticus ENSONIG00000017859
amphilophus_citrinellus ENSACIG00000009908
stegastes_partitus ENSSPAG00000019059
anabas_testudineus ENSATEG00000009544
monopterus_albus ENSMALG00000009798
scophthalmus_maximus ENSSMAG00000011336
seriola_dumerili ENSSDUG00000023338
seriola_lalandi_dorsalis ENSSLDG00000009110
mastacembelus_armatus ENSMAMG00000011084
tetraodon_nigroviridis ENSTNIG00000007601
takifugu_rubripes ENSTRUG00000008130
mola_mola ENSMMOG00000017408
poecilia_formosa ENSPFOG00000001872
poecilia_latipinna ENSPLAG00000019708
poecilia_mexicana ENSPMEG00000024355
poecilia_reticulata ENSPREG00000016321
xiphophorus_couchianus ENSXCOG00000018529
xiphophorus_maculatus ENSXMAG00000007041
gambusia_affinis ENSGAFG00000009872
fundulus_heteroclitus ENSFHEG00000022768
cyprinodon_variegatus ENSCVAG00000006471
oryzias_latipes_asm223469v1 ENSORLG00015007987
oryzias_latipes_asm223471v1 ENSORLG00020003338
oryzias_latipes_asm223467v1 ENSORLG00000000704
oryzias_melastigma ENSOMEG00000016769
amphiprion_percula ENSAPEG00000004663
amphiprion_ocellaris ENSAOCG00000011350
kryptolebias_marmoratus ENSKMAG00000004620
kryptolebias_marmoratus ENSKMAG00000007714
acanthochromis_polyacanthus ENSAPOG00000000300
cynoglossus_semilaevis ENSCSEG00000006825
cynoglossus_semilaevis ENSCSEG00000006832
labrus_bergylta ENSLBEG00000002191
hippocampus_comes ENSHCOG00000019580
hippocampus_comes ENSHCOG00000009450
periophthalmus_magnuspinnatus ENSPMGG00000012429
esox_lucius ENSELUG00000021602
pygocentrus_nattereri ENSPNAG00000007173
astyanax_mexicanus ENSAMXG00000036757
ictalurus_punctatus ENSIPUG00000024067
danio_rerio ENSDARG00000011317
scleropages_formosus ENSSFOG00015022904
paramormyrops_kingsleyae ENSPKIG00000018012
scleropages_formosus ENSSFOG00015015861
paramormyrops_kingsleyae ENSPKIG00000009231
scophthalmus_maximus ENSSMAG00000004226
cynoglossus_semilaevis ENSCSEG00000015642
seriola_dumerili ENSSDUG00000005089
seriola_lalandi_dorsalis ENSSLDG00000014434
mastacembelus_armatus ENSMAMG00000008319
monopterus_albus ENSMALG00000004170
anabas_testudineus ENSATEG00000006442
amphiprion_percula ENSAPEG00000018004
amphiprion_ocellaris ENSAOCG00000011993
acanthochromis_polyacanthus ENSAPOG00000009327
stegastes_partitus ENSSPAG00000014059
fundulus_heteroclitus ENSFHEG00000012842
cyprinodon_variegatus ENSCVAG00000019355
poecilia_mexicana ENSPMEG00000024362
poecilia_latipinna ENSPLAG00000005396
poecilia_formosa ENSPFOG00000008976
poecilia_reticulata ENSPREG00000004327
xiphophorus_couchianus ENSXCOG00000004201
xiphophorus_maculatus ENSXMAG00000009000
gambusia_affinis ENSGAFG00000008223
kryptolebias_marmoratus ENSKMAG00000005562
oryzias_latipes_asm223467v1 ENSORLG00000005454
oryzias_latipes_asm223471v1 ENSORLG00020011714
oryzias_latipes_asm223469v1 ENSORLG00015001941
oryzias_melastigma ENSOMEG00000006166
maylandia_zebra ENSMZEG00005012302
astatotilapia_calliptera ENSACLG00000007374
haplochromis_burtoni ENSHBUG00000002327
pundamilia_nyererei ENSPNYG00000000293
neolamprologus_brichardi ENSNBRG00000012174
oreochromis_niloticus ENSONIG00000012960
amphilophus_citrinellus ENSACIG00000005598
hippocampus_comes ENSHCOG00000015158
mola_mola ENSMMOG00000004197
labrus_bergylta ENSLBEG00000004981
gasterosteus_aculeatus ENSGACG00000018139
gadus_morhua ENSGMOG00000016159
takifugu_rubripes ENSTRUG00000001030
tetraodon_nigroviridis ENSTNIG00000004653
esox_lucius ENSELUG00000015225
periophthalmus_magnuspinnatus ENSPMGG00000015679
danio_rerio ENSDARG00000041173
ictalurus_punctatus ENSIPUG00000003153
lepisosteus_oculatus ENSLOCG00000009467
phascolarctos_cinereus ENSPCIG00000025630
monodelphis_domestica ENSMODG00000008023
sarcophilus_harrisii ENSSHAG00000006676
tupaia_belangeri ENSTBEG00000004001
jaculus_jaculus ENSJJAG00000001311
chlorocebus_sabaeus ENSCSAG00000010426
nomascus_leucogenys ENSNLEG00000004316
saimiri_boliviensis_boliviensis ENSSBOG00000023488
carlito_syrichta ENSTSYG00000036536
sorex_araneus ENSSARG00000008092
dipodomys_ordii ENSDORG00000005707
erinaceus_europaeus ENSEEUG00000001286
ursus_americanus ENSUAMG00000016032
ursus_maritimus ENSUMAG00000000471
spermophilus_dauricus ENSSDAG00000023939
cavia_aperea ENSCAPG00000015730
procavia_capensis ENSPCAG00000009778
microcebus_murinus ENSMICG00000043682
prolemur_simus ENSPSMG00000006018
propithecus_coquereli ENSPCOG00000016962
otolemur_garnettii ENSOGAG00000032072
cebus_capucinus_imitator ENSCCAG00000033654
callithrix_jacchus ENSCJAG00000019081
aotus_nancymaae ENSANAG00000029288
pan_paniscus ENSPPAG00000041419
pan_troglodytes ENSPTRG00000017482
homo_sapiens ENSG00000170214
gorilla_gorilla ENSGGOG00000001969
pongo_abelii ENSPPYG00000016001
theropithecus_gelada ENSTGEG00000008936
papio_anubis ENSPANG00000000117
cercocebus_atys ENSCATG00000043853
macaca_fascicularis ENSMFAG00000045077
macaca_nemestrina ENSMNEG00000034660
colobus_angolensis_palliatus ENSCANG00000032752
mandrillus_leucophaeus ENSMLEG00000037875
rhinopithecus_bieti ENSRBIG00000028903
rhinopithecus_roxellana ENSRROG00000033574
piliocolobus_tephrosceles ENSPTEG00000010676
cricetulus_griseus_crigri-picr ENSCGRG00015023015
cricetulus_griseus_chok1gs_hdv1 ENSCGRG00001011857
cricetulus_griseus_crigri_1.0 ENSCGRG00000017225
mesocricetus_auratus ENSMAUG00000013092
microtus_ochrogaster ENSMOCG00000008511
peromyscus_maniculatus_bairdii ENSPEMG00000018698
mus_spicilegus ENSMSIG00000023363
mus_spretus_strain_spret/eij MGP_SPRETEiJ_G0017070
mus_musculus_strain_reference_cl57bl6 ENSMUSG00000050541
mus_caroli_strain_caroli_eij MGP_CAROLIEiJ_G0016229
mus_pahari_strain_pahari_eij MGP_PahariEiJ_G0017365
rattus_norvegicus ENSRNOG00000060087
meriones_unguiculatus ENSMUGG00000007134
nannospalax_galili ENSNGAG00000008556
castor_canadensis ENSCCNG00000003874
ictidomys_tridecemlineatus ENSSTOG00000026778
urocitellus_parryii ENSUPAG00010005801
marmota_marmota_marmota ENSMMMG00000012931
cavia_porcellus ENSCPOG00000019316
chinchilla_lanigera ENSCLAG00000013326
octodon_degus ENSODEG00000010364
heterocephalus_glaber_hetgla_1.0 ENSHGLG00100012192
heterocephalus_glaber_hetgla_female_1.0 ENSHGLG00000015871
fukomys_damarensis ENSFDAG00000019165
ochotona_princeps ENSOPRG00000008789
oryctolagus_cuniculus ENSOCUG00000005721
pteropus_vampyrus ENSPVAG00000011884
myotis_lucifugus ENSMLUG00000010123
equus_caballus ENSECAG00000011653
equus_asinus_asinus ENSEASG00005000662
mustela_putorius_furo ENSMPUG00000013327
neovison_vison ENSNVIG00000005259
canis_lupus_dingo ENSCAFG00020025610
canis_lupus_familiaris ENSCAFG00000017281
vulpes_vulpes ENSVVUG00000004081
ailuropoda_melanoleuca ENSAMEG00000006563
panthera_pardus ENSPPRG00000014950
panthera_tigris_altaica ENSPTIG00000017492
felis_catus ENSFCAG00000011146
capra_hircus ENSCHIG00000018230
ovis_aries ENSOARG00000010320
bos_mutus ENSBMUG00000003306
bos_taurus ENSBTAG00000040253
bison_bison_bison ENSBBBG00000005874
tursiops_truncatus ENSTTRG00000013016
sus_scrofa ENSSSCG00000017041
choloepus_hoffmanni ENSCHOG00000006156
loxodonta_africana ENSLAFG00000016171
dasypus_novemcinctus ENSDNOG00000017631
ornithorhynchus_anatinus ENSOANG00000012334
apteryx_owenii ENSAOWG00000004784
apteryx_rowi ENSARWG00000001478
dromaius_novaehollandiae ENSDNVG00000002900
nothoprocta_perdicaria ENSNPEG00000003069
apteryx_haastii ENSAHAG00000002676
taeniopygia_guttata ENSTGUG00000000206
lonchura_striata_domestica ENSLSDG00000004317
serinus_canaria ENSSCAG00000001616
parus_major ENSPMJG00000006317
cyanistes_caeruleus ENSCCEG00000019144
ficedula_albicollis ENSFALG00000008888
junco_hyemalis ENSJHYG00000006930
lepidothrix_coronata ENSLCOG00000011096
manacus_vitellinus ENSMVIG00005017556
melopsittacus_undulatus ENSMUNG00000011981
calidris_pugnax ENSCPUG00000007757
calidris_pygmaea ENSCPGG00000003797
gallus_gallus ENSGALG00000001416
coturnix_japonica ENSCJPG00005008779
meleagris_gallopavo ENSMGAG00000002990
numida_meleagris ENSNMEG00000017907
anser_brachyrhynchus ENSABRG00000001467
anas_platyrhynchos_platyrhynchos ENSAPLG00000009090
zonotrichia_albicollis ENSZALG00000014022
crocodylus_porosus ENSCPRG00005007082
gopherus_agassizii ENSGAGG00000009155
chelonoidis_abingdonii ENSCABG00000012272
chrysemys_picta_bellii ENSCPBG00000008010
pelodiscus_sinensis ENSPSIG00000017993
sphenodon_punctatus ENSSPUG00000000882
latimeria_chalumnae ENSLACG00000012511
xenopus_tropicalis ENSXETG00000022213
latimeria_chalumnae ENSLACG00000006470
eptatretus_burgeri ENSEBUG00000001801
eptatretus_burgeri ENSEBUG00000011698
petromyzon_marinus ENSPMAG00000009780
