equus_caballus ENSECAG00000035993
equus_asinus_asinus ENSEASG00005013427
equus_caballus ENSECAG00000028678
equus_caballus ENSECAG00000038846
equus_asinus_asinus ENSEASG00005020321
ovis_aries ENSOARG00000003307
ursus_maritimus ENSUMAG00000019204
ursus_americanus ENSUAMG00000016118
neovison_vison ENSNVIG00000009083
panthera_pardus ENSPPRG00000003883
panthera_tigris_altaica ENSPTIG00000021102
felis_catus ENSFCAG00000041454
saimiri_boliviensis_boliviensis ENSSBOG00000034446
callithrix_jacchus ENSCJAG00000040070
cebus_capucinus_imitator ENSCCAG00000031495
aotus_nancymaae ENSANAG00000036981
homo_sapiens ENSG00000263201
pan_troglodytes ENSPTRG00000052455
gorilla_gorilla ENSGGOG00000038040
nomascus_leucogenys ENSNLEG00000027964
macaca_nemestrina ENSMNEG00000041078
macaca_fascicularis ENSMFAG00000040471
mandrillus_leucophaeus ENSMLEG00000037229
papio_anubis ENSPANG00000034086
cercocebus_atys ENSCATG00000032757
theropithecus_gelada ENSTGEG00000007882
piliocolobus_tephrosceles ENSPTEG00000013168
colobus_angolensis_palliatus ENSCANG00000002831
rhinopithecus_roxellana ENSRROG00000044801
rhinopithecus_bieti ENSRBIG00000020430
carlito_syrichta ENSTSYG00000035982
microcebus_murinus ENSMICG00000033015
propithecus_coquereli ENSPCOG00000020188
prolemur_simus ENSPSMG00000001972
mus_spicilegus ENSMSIG00000005876
mus_spicilegus ENSMSIG00000007923
mus_musculus_strain_reference_cl57bl6 ENSMUSG00000115768
meriones_unguiculatus ENSMUGG00000017105
peromyscus_maniculatus_bairdii ENSPEMG00000027429
castor_canadensis ENSCCNG00000015243
urocitellus_parryii ENSUPAG00010000220
marmota_marmota_marmota ENSMMMG00000014583
spermophilus_dauricus ENSSDAG00000018246
spermophilus_dauricus ENSSDAG00000018282
marmota_marmota_marmota ENSMMMG00000014572
marmota_marmota_marmota ENSMMMG00000014564
spermophilus_dauricus ENSSDAG00000018288
marmota_marmota_marmota ENSMMMG00000014574
phascolarctos_cinereus ENSPCIG00000028061
sarcophilus_harrisii ENSSHAG00000008984
