poecilia_latipinna ENSPLAG00000000516
poecilia_reticulata ENSPREG00000005527
scophthalmus_maximus ENSSMAG00000009458
amphilophus_citrinellus ENSACIG00000014694
anabas_testudineus ENSATEG00000023432
seriola_lalandi_dorsalis ENSSLDG00000016870
seriola_dumerili ENSSDUG00000014702
monopterus_albus ENSMALG00000000405
amphiprion_percula ENSAPEG00000023502
amphiprion_ocellaris ENSAOCG00000013926
acanthochromis_polyacanthus ENSAPOG00000008649
stegastes_partitus ENSSPAG00000021422
kryptolebias_marmoratus ENSKMAG00000018983
poecilia_formosa ENSPFOG00000012340
poecilia_mexicana ENSPMEG00000022567
xiphophorus_couchianus ENSXCOG00000012938
xiphophorus_maculatus ENSXMAG00000025919
gambusia_affinis ENSGAFG00000001135
cyprinodon_variegatus ENSCVAG00000020547
fundulus_heteroclitus ENSFHEG00000013729
oryzias_latipes_asm223467v1 ENSORLG00000017432
oryzias_latipes_asm223471v1 ENSORLG00020004376
oryzias_latipes_asm223469v1 ENSORLG00015003757
oryzias_melastigma ENSOMEG00000022509
astatotilapia_calliptera ENSACLG00000011253
pundamilia_nyererei ENSPNYG00000011448
maylandia_zebra ENSMZEG00005019138
haplochromis_burtoni ENSHBUG00000003646
neolamprologus_brichardi ENSNBRG00000014441
mastacembelus_armatus ENSMAMG00000018839
hippocampus_comes ENSHCOG00000005037
takifugu_rubripes ENSTRUG00000025192
tetraodon_nigroviridis ENSTNIG00000002864
mola_mola ENSMMOG00000006046
cynoglossus_semilaevis ENSCSEG00000004164
periophthalmus_magnuspinnatus ENSPMGG00000016442
esox_lucius ENSELUG00000010138
astyanax_mexicanus ENSAMXG00000042902
pygocentrus_nattereri ENSPNAG00000010252
ictalurus_punctatus ENSIPUG00000019811
danio_rerio ENSDARG00000091656
scleropages_formosus ENSSFOG00015004412
paramormyrops_kingsleyae ENSPKIG00000006092
lepisosteus_oculatus ENSLOCG00000015580
notechis_scutatus ENSNSUG00000012040
pogona_vitticeps ENSPVIG00000018708
salvator_merianae ENSSMRG00000004921
sphenodon_punctatus ENSSPUG00000017419
gallus_gallus ENSGALG00000009110
coturnix_japonica ENSCJPG00005012150
meleagris_gallopavo ENSMGAG00000008808
numida_meleagris ENSNMEG00000009775
anser_brachyrhynchus ENSABRG00000006189
melopsittacus_undulatus ENSMUNG00000016864
calidris_pugnax ENSCPUG00000009289
lepidothrix_coronata ENSLCOG00000011846
taeniopygia_guttata ENSTGUG00000004730
taeniopygia_guttata ENSTGUG00000016823
lonchura_striata_domestica ENSLSDG00000004366
junco_hyemalis ENSJHYG00000014992
parus_major ENSPMJG00000010122
ficedula_albicollis ENSFALG00000010023
serinus_canaria ENSSCAG00000000112
zonotrichia_albicollis ENSZALG00000007086
cyanistes_caeruleus ENSCCEG00000004972
manacus_vitellinus ENSMVIG00005007375
calidris_pygmaea ENSCPGG00000009072
anas_platyrhynchos_platyrhynchos ENSAPLG00000005115
apteryx_haastii ENSAHAG00000005285
apteryx_rowi ENSARWG00000012027
apteryx_owenii ENSAOWG00000012234
dromaius_novaehollandiae ENSDNVG00000012810
nothoprocta_perdicaria ENSNPEG00000014181
crocodylus_porosus ENSCPRG00005010480
gopherus_agassizii ENSGAGG00000017366
chelonoidis_abingdonii ENSCABG00000002488
chrysemys_picta_bellii ENSCPBG00000008154
pelodiscus_sinensis ENSPSIG00000017054
ornithorhynchus_anatinus ENSOANG00000014536
bos_mutus ENSBMUG00000011907
bos_taurus ENSBTAG00000012649
bison_bison_bison ENSBBBG00000022649
ovis_aries ENSOARG00000017974
sus_scrofa ENSSSCG00000021652
tursiops_truncatus ENSTTRG00000001023
vicugna_pacos ENSVPAG00000001530
mus_musculus_strain_reference_cl57bl6 ENSMUSG00000044155
mus_spicilegus ENSMSIG00000019550
mus_pahari_strain_pahari_eij MGP_PahariEiJ_G0021881
rattus_norvegicus ENSRNOG00000058677
meriones_unguiculatus ENSMUGG00000024815
mesocricetus_auratus ENSMAUG00000015356
mesocricetus_auratus ENSMAUG00000015721
cricetulus_griseus_crigri_1.0 ENSCGRG00000005587
cricetulus_griseus_chok1gs_hdv1 ENSCGRG00001000450
microtus_ochrogaster ENSMOCG00000001688
mus_spretus_strain_spret/eij MGP_SPRETEiJ_G0029125
mus_caroli_strain_caroli_eij MGP_CAROLIEiJ_G0028125
peromyscus_maniculatus_bairdii ENSPEMG00000009153
mesocricetus_auratus ENSMAUG00000020287
ochotona_princeps ENSOPRG00000014809
dasypus_novemcinctus ENSDNOG00000034613
dipodomys_ordii ENSDORG00000027868
echinops_telfairi ENSETEG00000011594
saimiri_boliviensis_boliviensis ENSSBOG00000023223
cebus_capucinus_imitator ENSCCAG00000021329
callithrix_jacchus ENSCJAG00000046406
aotus_nancymaae ENSANAG00000027771
homo_sapiens ENSG00000128534
gorilla_gorilla ENSGGOG00000041883
pan_troglodytes ENSPTRG00000046596
pan_paniscus ENSPPAG00000043228
pongo_abelii ENSPPYG00000017942
nomascus_leucogenys ENSNLEG00000011768
cercocebus_atys ENSCATG00000045302
mandrillus_leucophaeus ENSMLEG00000035828
theropithecus_gelada ENSTGEG00000017851
chlorocebus_sabaeus ENSCSAG00000010802
macaca_mulatta ENSMMUG00000046401
macaca_nemestrina ENSMNEG00000036764
macaca_fascicularis ENSMFAG00000035798
papio_anubis ENSPANG00000035470
rhinopithecus_roxellana ENSRROG00000039618
rhinopithecus_bieti ENSRBIG00000032851
colobus_angolensis_palliatus ENSCANG00000040728
piliocolobus_tephrosceles ENSPTEG00000024440
macaca_nemestrina ENSMNEG00000011141
macaca_fascicularis ENSMFAG00000013044
papio_anubis ENSPANG00000019395
theropithecus_gelada ENSTGEG00000016734
mandrillus_leucophaeus ENSMLEG00000039324
chlorocebus_sabaeus ENSCSAG00000019007
piliocolobus_tephrosceles ENSPTEG00000013719
carlito_syrichta ENSTSYG00000032434
microcebus_murinus ENSMICG00000042730
propithecus_coquereli ENSPCOG00000003309
propithecus_coquereli ENSPCOG00000017982
prolemur_simus ENSPSMG00000014842
otolemur_garnettii ENSOGAG00000013377
jaculus_jaculus ENSJJAG00000009031
nannospalax_galili ENSNGAG00000016554
marmota_marmota_marmota ENSMMMG00000014734
urocitellus_parryii ENSUPAG00010012020
spermophilus_dauricus ENSSDAG00000003183
ictidomys_tridecemlineatus ENSSTOG00000009039
myotis_lucifugus ENSMLUG00000006837
myotis_lucifugus ENSMLUG00000027762
equus_asinus_asinus ENSEASG00005008932
spermophilus_dauricus ENSSDAG00000024790
urocitellus_parryii ENSUPAG00010015457
ictidomys_tridecemlineatus ENSSTOG00000034801
marmota_marmota_marmota ENSMMMG00000024340
panthera_pardus ENSPPRG00000006444
panthera_tigris_altaica ENSPTIG00000004722
felis_catus ENSFCAG00000036620
mustela_putorius_furo ENSMPUG00000007100
neovison_vison ENSNVIG00000001976
ailuropoda_melanoleuca ENSAMEG00000001162
canis_lupus_dingo ENSCAFG00020007643
canis_lupus_dingo ENSCAFG00020012800
canis_lupus_familiaris ENSCAFG00000016459
cavia_porcellus ENSCPOG00000035673
cavia_aperea ENSCAPG00000008253
heterocephalus_glaber_hetgla_female_1.0 ENSHGLG00000000059
oryctolagus_cuniculus ENSOCUG00000017359
octodon_degus ENSODEG00000000418
octodon_degus ENSODEG00000000882
octodon_degus ENSODEG00000020290
chinchilla_lanigera ENSCLAG00000003726
heterocephalus_glaber_hetgla_1.0 ENSHGLG00100012166
heterocephalus_glaber_hetgla_1.0 ENSHGLG00100003934
heterocephalus_glaber_hetgla_female_1.0 ENSHGLG00000019782
fukomys_damarensis ENSFDAG00000019530
heterocephalus_glaber_hetgla_female_1.0 ENSHGLG00000001988
cricetulus_griseus_crigri-picr ENSCGRG00015026686
prolemur_simus ENSPSMG00000017824
equus_caballus ENSECAG00000024025
ursus_americanus ENSUAMG00000006942
capra_hircus ENSCHIG00000014201
sorex_araneus ENSSARG00000009628
ursus_maritimus ENSUMAG00000003073
ursus_americanus ENSUAMG00000006943
vulpes_vulpes ENSVVUG00000013248
loxodonta_africana ENSLAFG00000011242
phascolarctos_cinereus ENSPCIG00000021467
notamacropus_eugenii ENSMEUG00000007801
sarcophilus_harrisii ENSSHAG00000018435
pteropus_vampyrus ENSPVAG00000000990
felis_catus ENSFCAG00000044794
monodelphis_domestica ENSMODG00000015729
xenopus_tropicalis ENSXETG00000021829
latimeria_chalumnae ENSLACG00000010231
eptatretus_burgeri ENSEBUG00000012017
ciona_intestinalis ENSCING00000024877
piliocolobus_tephrosceles ENSPTEG00000013448
drosophila_melanogaster FBgn0035271
caenorhabditis_elegans_strain_n2 WBGene00003082
