eptatretus_burgeri ENSEBUG00000012651
eptatretus_burgeri ENSEBUG00000013431
eptatretus_burgeri ENSEBUG00000009858
petromyzon_marinus ENSPMAG00000007331
periophthalmus_magnuspinnatus ENSPMGG00000000186
periophthalmus_magnuspinnatus ENSPMGG00000000242
oryzias_latipes_asm223467v1 ENSORLG00000014798
oryzias_latipes_asm223471v1 ENSORLG00020015595
oryzias_latipes_asm223469v1 ENSORLG00015013420
oryzias_melastigma ENSOMEG00000002421
gasterosteus_aculeatus ENSGACG00000002325
seriola_dumerili ENSSDUG00000021424
seriola_lalandi_dorsalis ENSSLDG00000016762
scophthalmus_maximus ENSSMAG00000017682
mastacembelus_armatus ENSMAMG00000009356
monopterus_albus ENSMALG00000010119
mola_mola ENSMMOG00000007981
anabas_testudineus ENSATEG00000004080
takifugu_rubripes ENSTRUG00000003896
tetraodon_nigroviridis ENSTNIG00000005465
cynoglossus_semilaevis ENSCSEG00000016603
hippocampus_comes ENSHCOG00000008947
labrus_bergylta ENSLBEG00000013713
amphiprion_percula ENSAPEG00000003045
amphiprion_ocellaris ENSAOCG00000005373
acanthochromis_polyacanthus ENSAPOG00000000777
stegastes_partitus ENSSPAG00000021991
xiphophorus_maculatus ENSXMAG00000014834
xiphophorus_couchianus ENSXCOG00000014153
gambusia_affinis ENSGAFG00000011472
poecilia_latipinna ENSPLAG00000000377
poecilia_formosa ENSPFOG00000015055
poecilia_mexicana ENSPMEG00000011554
poecilia_reticulata ENSPREG00000007163
fundulus_heteroclitus ENSFHEG00000011874
cyprinodon_variegatus ENSCVAG00000010354
kryptolebias_marmoratus ENSKMAG00000014713
pundamilia_nyererei ENSPNYG00000008392
astatotilapia_calliptera ENSACLG00000007042
maylandia_zebra ENSMZEG00005018464
haplochromis_burtoni ENSHBUG00000009901
neolamprologus_brichardi ENSNBRG00000019285
oreochromis_niloticus ENSONIG00000013155
haplochromis_burtoni ENSHBUG00000014108
amphilophus_citrinellus ENSACIG00000008066
gadus_morhua ENSGMOG00000016562
esox_lucius ENSELUG00000002419
astyanax_mexicanus ENSAMXG00000000612
pygocentrus_nattereri ENSPNAG00000011174
ictalurus_punctatus ENSIPUG00000022040
danio_rerio ENSDARG00000060477
scleropages_formosus ENSSFOG00015013264
paramormyrops_kingsleyae ENSPKIG00000017539
paramormyrops_kingsleyae ENSPKIG00000012798
lepisosteus_oculatus ENSLOCG00000009601
notamacropus_eugenii ENSMEUG00000002616
phascolarctos_cinereus ENSPCIG00000006665
sarcophilus_harrisii ENSSHAG00000010427
monodelphis_domestica ENSMODG00000002654
ornithorhynchus_anatinus ENSOANG00000019874
ursus_maritimus ENSUMAG00000005212
ursus_americanus ENSUAMG00000014507
neovison_vison ENSNVIG00000013522
equus_asinus_asinus ENSEASG00005013558
equus_caballus ENSECAG00000035376
bos_taurus ENSBTAG00000050932
dipodomys_ordii ENSDORG00000025676
dipodomys_ordii ENSDORG00000008079
castor_canadensis ENSCCNG00000024449
spermophilus_dauricus ENSSDAG00000016679
meriones_unguiculatus ENSMUGG00000002040
rhinopithecus_roxellana ENSRROG00000021069
carlito_syrichta ENSTSYG00000032712
ornithorhynchus_anatinus ENSOANG00000028862
procavia_capensis ENSPCAG00000001864
oryctolagus_cuniculus ENSOCUG00000002059
ochotona_princeps ENSOPRG00000005338
otolemur_garnettii ENSOGAG00000000569
ovis_aries ENSOARG00000020572
capra_hircus ENSCHIG00000011920
bos_mutus ENSBMUG00000018336
bos_taurus ENSBTAG00000005209
bison_bison_bison ENSBBBG00000021264
sus_scrofa ENSSSCG00000011788
tursiops_truncatus ENSTTRG00000002242
ornithorhynchus_anatinus ENSOANG00000020742
cricetulus_griseus_chok1gs_hdv1 ENSCGRG00001018671
cricetulus_griseus_crigri-picr ENSCGRG00015026096
cricetulus_griseus_crigri_1.0 ENSCGRG00000007820
mesocricetus_auratus ENSMAUG00000001955
microtus_ochrogaster ENSMOCG00000017404
peromyscus_maniculatus_bairdii ENSPEMG00000003807
mus_spicilegus ENSMSIG00000000968
mus_spretus_strain_spret/eij MGP_SPRETEiJ_G0021490
mus_musculus_strain_reference_cl57bl6 ENSMUSG00000033653
mus_caroli_strain_caroli_eij MGP_CAROLIEiJ_G0020594
mus_pahari_strain_pahari_eij MGP_PahariEiJ_G0016298
rattus_norvegicus ENSRNOG00000001764
nannospalax_galili ENSNGAG00000010229
jaculus_jaculus ENSJJAG00000024356
octodon_degus ENSODEG00000013592
cavia_porcellus ENSCPOG00000010486
chinchilla_lanigera ENSCLAG00000013054
heterocephalus_glaber_hetgla_female_1.0 ENSHGLG00000016688
heterocephalus_glaber_hetgla_1.0 ENSHGLG00100007156
fukomys_damarensis ENSFDAG00000009294
ursus_maritimus ENSUMAG00000005106
ursus_americanus ENSUAMG00000013003
ailuropoda_melanoleuca ENSAMEG00000016845
mustela_putorius_furo ENSMPUG00000002875
neovison_vison ENSNVIG00000019255
canis_lupus_familiaris ENSCAFG00000013170
canis_lupus_dingo ENSCAFG00020002732
vulpes_vulpes ENSVVUG00000012306
panthera_tigris_altaica ENSPTIG00000007778
panthera_pardus ENSPPRG00000022300
felis_catus ENSFCAG00000007801
ictidomys_tridecemlineatus ENSSTOG00000022395
urocitellus_parryii ENSUPAG00010002273
marmota_marmota_marmota ENSMMMG00000008041
cavia_aperea ENSCAPG00000011510
tupaia_belangeri ENSTBEG00000009135
carlito_syrichta ENSTSYG00000030425
sorex_araneus ENSSARG00000000811
echinops_telfairi ENSETEG00000001797
dasypus_novemcinctus ENSDNOG00000018760
dasypus_novemcinctus ENSDNOG00000036383
erinaceus_europaeus ENSEEUG00000002810
castor_canadensis ENSCCNG00000024039
meriones_unguiculatus ENSMUGG00000006600
pan_troglodytes ENSPTRG00000015698
pan_paniscus ENSPPAG00000038646
gorilla_gorilla ENSGGOG00000013880
homo_sapiens ENSG00000156931
pongo_abelii ENSPPYG00000014362
theropithecus_gelada ENSTGEG00000022094
papio_anubis ENSPANG00000020170
mandrillus_leucophaeus ENSMLEG00000042688
macaca_fascicularis ENSMFAG00000044357
macaca_mulatta ENSMMUG00000000425
macaca_nemestrina ENSMNEG00000033716
cercocebus_atys ENSCATG00000043704
chlorocebus_sabaeus ENSCSAG00000013962
piliocolobus_tephrosceles ENSPTEG00000025219
rhinopithecus_bieti ENSRBIG00000037729
aotus_nancymaae ENSANAG00000004123
cebus_capucinus_imitator ENSCCAG00000000885
nomascus_leucogenys ENSNLEG00000006431
saimiri_boliviensis_boliviensis ENSSBOG00000035918
colobus_angolensis_palliatus ENSCANG00000035616
callithrix_jacchus ENSCJAG00000014866
propithecus_coquereli ENSPCOG00000018114
choloepus_hoffmanni ENSCHOG00000012428
ornithorhynchus_anatinus ENSOANG00000019896
microcebus_murinus ENSMICG00000048987
prolemur_simus ENSPSMG00000019512
equus_caballus ENSECAG00000023539
equus_asinus_asinus ENSEASG00005013578
vicugna_pacos ENSVPAG00000011984
loxodonta_africana ENSLAFG00000004784
neovison_vison ENSNVIG00000013447
ornithorhynchus_anatinus ENSOANG00000030846
rhinopithecus_roxellana ENSRROG00000038770
myotis_lucifugus ENSMLUG00000007511
pteropus_vampyrus ENSPVAG00000011480
apteryx_haastii ENSAHAG00000015400
apteryx_rowi ENSARWG00000009291
apteryx_owenii ENSAOWG00000000548
apteryx_owenii ENSAOWG00000000564
nothoprocta_perdicaria ENSNPEG00000000612
dromaius_novaehollandiae ENSDNVG00000009443
calidris_pugnax ENSCPUG00000011835
calidris_pygmaea ENSCPGG00000011003
lonchura_striata_domestica ENSLSDG00000012380
taeniopygia_guttata ENSTGUG00000006995
junco_hyemalis ENSJHYG00000016876
zonotrichia_albicollis ENSZALG00000008620
serinus_canaria ENSSCAG00000004909
ficedula_albicollis ENSFALG00000013455
parus_major ENSPMJG00000016581
cyanistes_caeruleus ENSCCEG00000020251
manacus_vitellinus ENSMVIG00005007970
lepidothrix_coronata ENSLCOG00000009013
melopsittacus_undulatus ENSMUNG00000004212
anser_brachyrhynchus ENSABRG00000020600
anas_platyrhynchos_platyrhynchos ENSAPLG00000003634
gallus_gallus ENSGALG00000006704
meleagris_gallopavo ENSMGAG00000002209
coturnix_japonica ENSCJPG00005018764
numida_meleagris ENSNMEG00000014701
crocodylus_porosus ENSCPRG00005009235
pelodiscus_sinensis ENSPSIG00000016974
pelodiscus_sinensis ENSPSIG00000017175
gopherus_agassizii ENSGAGG00000023561
chelonoidis_abingdonii ENSCABG00000015857
chrysemys_picta_bellii ENSCPBG00000007452
pogona_vitticeps ENSPVIG00000021754
anolis_carolinensis ENSACAG00000007715
notechis_scutatus ENSNSUG00000013157
salvator_merianae ENSSMRG00000022087
sphenodon_punctatus ENSSPUG00000016827
xenopus_tropicalis ENSXETG00000018613
latimeria_chalumnae ENSLACG00000009426
latimeria_chalumnae ENSLACG00000000182
latimeria_chalumnae ENSLACG00000000195
ornithorhynchus_anatinus ENSOANG00000030038
lepisosteus_oculatus ENSLOCG00000011461
ciona_savignyi ENSCSAVG00000008950
ciona_intestinalis ENSCING00000006340
drosophila_melanogaster FBgn0035704
caenorhabditis_elegans_strain_n2 WBGene00016582
saccharomyces_cerevisiae_strain_s288c YAL002W
