oryzias_latipes_asm223467v1 ENSORLG00000027033
oryzias_latipes_asm223469v1 ENSORLG00015022361
oryzias_melastigma ENSOMEG00000021671
poecilia_formosa ENSPFOG00000022099
gambusia_affinis ENSGAFG00000018016
xiphophorus_couchianus ENSXCOG00000004063
tetraodon_nigroviridis ENSTNIG00000000420
anabas_testudineus ENSATEG00000020506
cynoglossus_semilaevis ENSCSEG00000009561
amphilophus_citrinellus ENSACIG00000000906
astatotilapia_calliptera ENSACLG00000027534
neolamprologus_brichardi ENSNBRG00000004155
pundamilia_nyererei ENSPNYG00000010699
amphilophus_citrinellus ENSACIG00000001015
astatotilapia_calliptera ENSACLG00000000116
haplochromis_burtoni ENSHBUG00000014904
oryzias_latipes_asm223469v1 ENSORLG00015022275
oryzias_latipes_asm223467v1 ENSORLG00000023549
oryzias_latipes_asm223467v1 ENSORLG00000026817
oryzias_melastigma ENSOMEG00000021606
oryzias_latipes_asm223471v1 ENSORLG00020002342
oryzias_latipes_asm223467v1 ENSORLG00000030267
oryzias_melastigma ENSOMEG00000021648
oryzias_latipes_asm223469v1 ENSORLG00015022286
gambusia_affinis ENSGAFG00000017967
amphiprion_ocellaris ENSAOCG00000020828
amphiprion_ocellaris ENSAOCG00000017350
amphiprion_percula ENSAPEG00000007302
acanthochromis_polyacanthus ENSAPOG00000023123
amphilophus_citrinellus ENSACIG00000019629
seriola_lalandi_dorsalis ENSSLDG00000010621
seriola_dumerili ENSSDUG00000017865
seriola_lalandi_dorsalis ENSSLDG00000010646
seriola_dumerili ENSSDUG00000017820
periophthalmus_magnuspinnatus ENSPMGG00000023600
periophthalmus_magnuspinnatus ENSPMGG00000016822
