lepisosteus_oculatus ENSLOCG00000004243
lepisosteus_oculatus ENSLOCG00000008756
esox_lucius ENSELUG00000015593
esox_lucius ENSELUG00000015573
esox_lucius ENSELUG00000015561
esox_lucius ENSELUG00000015497
esox_lucius ENSELUG00000015637
esox_lucius ENSELUG00000015614
gallus_gallus ENSGALG00000043735
lepidothrix_coronata ENSLCOG00000013838
calidris_pugnax ENSCPUG00000014611
anas_platyrhynchos_platyrhynchos ENSAPLG00000019282
coturnix_japonica ENSCJPG00005004700
manacus_vitellinus ENSMVIG00005006996
dromaius_novaehollandiae ENSDNVG00000000509
pelodiscus_sinensis ENSPSIG00000016590
maylandia_zebra ENSMZEG00005019958
astatotilapia_calliptera ENSACLG00000014251
amphilophus_citrinellus ENSACIG00000008703
poecilia_formosa ENSPFOG00000006240
poecilia_latipinna ENSPLAG00000002760
poecilia_mexicana ENSPMEG00000013745
poecilia_latipinna ENSPLAG00000002768
xiphophorus_maculatus ENSXMAG00000026733
xiphophorus_maculatus ENSXMAG00000004729
xiphophorus_maculatus ENSXMAG00000025195
xiphophorus_maculatus ENSXMAG00000024798
poecilia_mexicana ENSPMEG00000013717
poecilia_reticulata ENSPREG00000022575
poecilia_reticulata ENSPREG00000011684
xiphophorus_maculatus ENSXMAG00000028177
gambusia_affinis ENSGAFG00000016724
fundulus_heteroclitus ENSFHEG00000012348
kryptolebias_marmoratus ENSKMAG00000014178
amphiprion_ocellaris ENSAOCG00000011807
labrus_bergylta ENSLBEG00000013833
poecilia_latipinna ENSPLAG00000009927
poecilia_mexicana ENSPMEG00000008692
poecilia_reticulata ENSPREG00000006575
xiphophorus_maculatus ENSXMAG00000023477
haplochromis_burtoni ENSHBUG00000010265
astatotilapia_calliptera ENSACLG00000012138
haplochromis_burtoni ENSHBUG00000022002
oreochromis_niloticus ENSONIG00000004481
stegastes_partitus ENSSPAG00000018275
acanthochromis_polyacanthus ENSAPOG00000018271
labrus_bergylta ENSLBEG00000024974
anabas_testudineus ENSATEG00000007748
anabas_testudineus ENSATEG00000007773
latimeria_chalumnae ENSLACG00000022343
latimeria_chalumnae ENSLACG00000015211
lepisosteus_oculatus ENSLOCG00000010669
latimeria_chalumnae ENSLACG00000022465
astyanax_mexicanus ENSAMXG00000042210
astyanax_mexicanus ENSAMXG00000039802
astyanax_mexicanus ENSAMXG00000038072
pygocentrus_nattereri ENSPNAG00000010303
ictalurus_punctatus ENSIPUG00000003189
ictalurus_punctatus ENSIPUG00000003178
ictalurus_punctatus ENSIPUG00000003185
danio_rerio ENSDARG00000079155
danio_rerio ENSDARG00000002509
esox_lucius ENSELUG00000001413
scleropages_formosus ENSSFOG00015023544
paramormyrops_kingsleyae ENSPKIG00000011454
lepisosteus_oculatus ENSLOCG00000002148
astyanax_mexicanus ENSAMXG00000032235
astyanax_mexicanus ENSAMXG00000031805
pygocentrus_nattereri ENSPNAG00000002834
ictalurus_punctatus ENSIPUG00000023332
pygocentrus_nattereri ENSPNAG00000015643
astyanax_mexicanus ENSAMXG00000032354
danio_rerio ENSDARG00000076139
danio_rerio ENSDARG00000069199
danio_rerio ENSDARG00000074235
ictalurus_punctatus ENSIPUG00000019743
esox_lucius ENSELUG00000018626
scleropages_formosus ENSSFOG00015007069
paramormyrops_kingsleyae ENSPKIG00000024677
lepisosteus_oculatus ENSLOCG00000002251
xenopus_tropicalis ENSXETG00000010820
chrysemys_picta_bellii ENSCPBG00000024038
pelodiscus_sinensis ENSPSIG00000004810
chrysemys_picta_bellii ENSCPBG00000024044
chrysemys_picta_bellii ENSCPBG00000024033
chelonoidis_abingdonii ENSCABG00000022283
pelodiscus_sinensis ENSPSIG00000004717
chelonoidis_abingdonii ENSCABG00000016019
gopherus_agassizii ENSGAGG00000014839
chrysemys_picta_bellii ENSCPBG00000024035
chrysemys_picta_bellii ENSCPBG00000021475
ornithorhynchus_anatinus ENSOANG00000031512
ornithorhynchus_anatinus ENSOANG00000019848
latimeria_chalumnae ENSLACG00000002006
latimeria_chalumnae ENSLACG00000000639
latimeria_chalumnae ENSLACG00000002391
latimeria_chalumnae ENSLACG00000000595
astyanax_mexicanus ENSAMXG00000038889
astyanax_mexicanus ENSAMXG00000039916
pygocentrus_nattereri ENSPNAG00000009907
pygocentrus_nattereri ENSPNAG00000021006
scleropages_formosus ENSSFOG00015019207
scleropages_formosus ENSSFOG00015005753
paramormyrops_kingsleyae ENSPKIG00000005552
latimeria_chalumnae ENSLACG00000007737
lepisosteus_oculatus ENSLOCG00000012483
apteryx_owenii ENSAOWG00000000056
apteryx_rowi ENSARWG00000014438
apteryx_haastii ENSAHAG00000002113
dromaius_novaehollandiae ENSDNVG00000018046
nothoprocta_perdicaria ENSNPEG00000012542
calidris_pugnax ENSCPUG00000017820
calidris_pugnax ENSCPUG00000017821
calidris_pygmaea ENSCPGG00000019231
manacus_vitellinus ENSMVIG00005000109
lepidothrix_coronata ENSLCOG00000015510
parus_major ENSPMJG00000007557
cyanistes_caeruleus ENSCCEG00000000459
ficedula_albicollis ENSFALG00000009402
serinus_canaria ENSSCAG00000013511
anser_brachyrhynchus ENSABRG00000020565
anas_platyrhynchos_platyrhynchos ENSAPLG00000030629
meleagris_gallopavo ENSMGAG00000002111
coturnix_japonica ENSCJPG00005007518
gallus_gallus ENSGALG00000001729
numida_meleagris ENSNMEG00000011582
melopsittacus_undulatus ENSMUNG00000012687
crocodylus_porosus ENSCPRG00005006424
pogona_vitticeps ENSPVIG00000018858
anolis_carolinensis ENSACAG00000007212
salvator_merianae ENSSMRG00000008431
chrysemys_picta_bellii ENSCPBG00000002269
gopherus_agassizii ENSGAGG00000000685
sphenodon_punctatus ENSSPUG00000018598
taeniopygia_guttata ENSTGUG00000014862
lonchura_striata_domestica ENSLSDG00000001937
junco_hyemalis ENSJHYG00000014400
notechis_scutatus ENSNSUG00000001440
urocitellus_parryii ENSUPAG00010005140
ictidomys_tridecemlineatus ENSSTOG00000021193
spermophilus_dauricus ENSSDAG00000008594
spermophilus_dauricus ENSSDAG00000008588
marmota_marmota_marmota ENSMMMG00000003449
spermophilus_dauricus ENSSDAG00000000083
mus_spretus_strain_spret/eij MGP_SPRETEiJ_G0033435
mus_musculus_strain_reference_cl57bl6 ENSMUSG00000035914
mus_spicilegus ENSMSIG00000007026
mus_caroli_strain_caroli_eij MGP_CAROLIEiJ_G0032295
mus_pahari_strain_pahari_eij MGP_PahariEiJ_G0015161
rattus_norvegicus ENSRNOG00000033608
meriones_unguiculatus ENSMUGG00000018262
cricetulus_griseus_chok1gs_hdv1 ENSCGRG00001024814
cricetulus_griseus_crigri-picr ENSCGRG00015024430
cricetulus_griseus_crigri_1.0 ENSCGRG00000013307
mesocricetus_auratus ENSMAUG00000022045
microtus_ochrogaster ENSMOCG00000014446
peromyscus_maniculatus_bairdii ENSPEMG00000020142
nannospalax_galili ENSNGAG00000022439
procavia_capensis ENSPCAG00000001931
echinops_telfairi ENSETEG00000006274
loxodonta_africana ENSLAFG00000014932
capra_hircus ENSCHIG00000019886
ovis_aries ENSOARG00000019030
bison_bison_bison ENSBBBG00000020972
bos_taurus ENSBTAG00000019734
sus_scrofa ENSSSCG00000001917
tursiops_truncatus ENSTTRG00000015692
vicugna_pacos ENSVPAG00000006495
equus_caballus ENSECAG00000004386
equus_asinus_asinus ENSEASG00005005205
pteropus_vampyrus ENSPVAG00000015344
canis_lupus_familiaris ENSCAFG00000017820
canis_lupus_dingo ENSCAFG00020004271
vulpes_vulpes ENSVVUG00000018466
neovison_vison ENSNVIG00000012336
mustela_putorius_furo ENSMPUG00000017234
ursus_americanus ENSUAMG00000025341
ursus_maritimus ENSUMAG00000005288
ailuropoda_melanoleuca ENSAMEG00000005720
panthera_pardus ENSPPRG00000007120
panthera_tigris_altaica ENSPTIG00000011199
felis_catus ENSFCAG00000006344
heterocephalus_glaber_hetgla_female_1.0 ENSHGLG00000006186
rhinopithecus_bieti ENSRBIG00000029868
prolemur_simus ENSPSMG00000022358
microcebus_murinus ENSMICG00000045792
propithecus_coquereli ENSPCOG00000023712
otolemur_garnettii ENSOGAG00000032906
castor_canadensis ENSCCNG00000027656
jaculus_jaculus ENSJJAG00000008573
cavia_aperea ENSCAPG00000000174
cavia_porcellus ENSCPOG00000007795
octodon_degus ENSODEG00000015467
heterocephalus_glaber_hetgla_1.0 ENSHGLG00100008641
fukomys_damarensis ENSFDAG00000017385
oryctolagus_cuniculus ENSOCUG00000023510
carlito_syrichta ENSTSYG00000031776
tupaia_belangeri ENSTBEG00000014478
dipodomys_ordii ENSDORG00000027191
sorex_araneus ENSSARG00000002975
choloepus_hoffmanni ENSCHOG00000008040
dasypus_novemcinctus ENSDNOG00000016678
saimiri_boliviensis_boliviensis ENSSBOG00000018917
callithrix_jacchus ENSCJAG00000017996
cebus_capucinus_imitator ENSCCAG00000019641
aotus_nancymaae ENSANAG00000035712
pan_troglodytes ENSPTRG00000007261
pan_paniscus ENSPPAG00000027846
homo_sapiens ENSG00000103855
gorilla_gorilla ENSGGOG00000013930
pongo_abelii ENSPPYG00000006626
nomascus_leucogenys ENSNLEG00000008735
nomascus_leucogenys ENSNLEG00000014262
macaca_mulatta ENSMMUG00000005448
macaca_fascicularis ENSMFAG00000040825
macaca_nemestrina ENSMNEG00000036891
cercocebus_atys ENSCATG00000036273
papio_anubis ENSPANG00000016125
chlorocebus_sabaeus ENSCSAG00000014029
mandrillus_leucophaeus ENSMLEG00000033793
theropithecus_gelada ENSTGEG00000027660
rhinopithecus_roxellana ENSRROG00000032301
colobus_angolensis_palliatus ENSCANG00000039098
myotis_lucifugus ENSMLUG00000024637
phascolarctos_cinereus ENSPCIG00000010959
notamacropus_eugenii ENSMEUG00000009815
sarcophilus_harrisii ENSSHAG00000011193
monodelphis_domestica ENSMODG00000028712
ornithorhynchus_anatinus ENSOANG00000020480
latimeria_chalumnae ENSLACG00000015575
takifugu_rubripes ENSTRUG00000002758
tetraodon_nigroviridis ENSTNIG00000011968
mola_mola ENSMMOG00000000010
gasterosteus_aculeatus ENSGACG00000016547
scophthalmus_maximus ENSSMAG00000008126
mastacembelus_armatus ENSMAMG00000002338
monopterus_albus ENSMALG00000012072
anabas_testudineus ENSATEG00000001749
seriola_lalandi_dorsalis ENSSLDG00000001951
seriola_dumerili ENSSDUG00000005019
xiphophorus_maculatus ENSXMAG00000022292
xiphophorus_couchianus ENSXCOG00000018179
gambusia_affinis ENSGAFG00000002889
poecilia_formosa ENSPFOG00000016159
poecilia_mexicana ENSPMEG00000007813
poecilia_latipinna ENSPLAG00000022797
poecilia_reticulata ENSPREG00000005885
fundulus_heteroclitus ENSFHEG00000014574
cyprinodon_variegatus ENSCVAG00000007113
cyprinodon_variegatus ENSCVAG00000007104
kryptolebias_marmoratus ENSKMAG00000017928
oryzias_latipes_asm223467v1 ENSORLG00000023865
oryzias_latipes_asm223471v1 ENSORLG00020000657
oryzias_latipes_asm223469v1 ENSORLG00015020520
oryzias_melastigma ENSOMEG00000014682
haplochromis_burtoni ENSHBUG00000002256
pundamilia_nyererei ENSPNYG00000001741
astatotilapia_calliptera ENSACLG00000015129
maylandia_zebra ENSMZEG00005007694
neolamprologus_brichardi ENSNBRG00000011169
oreochromis_niloticus ENSONIG00000002682
amphilophus_citrinellus ENSACIG00000016266
amphiprion_ocellaris ENSAOCG00000020097
amphiprion_percula ENSAPEG00000008411
acanthochromis_polyacanthus ENSAPOG00000021095
stegastes_partitus ENSSPAG00000001617
labrus_bergylta ENSLBEG00000009756
cynoglossus_semilaevis ENSCSEG00000012334
hippocampus_comes ENSHCOG00000020649
periophthalmus_magnuspinnatus ENSPMGG00000011395
gadus_morhua ENSGMOG00000000987
esox_lucius ENSELUG00000017043
pygocentrus_nattereri ENSPNAG00000030014
astyanax_mexicanus ENSAMXG00000005586
ictalurus_punctatus ENSIPUG00000011183
danio_rerio ENSDARG00000003061
scleropages_formosus ENSSFOG00015003604
paramormyrops_kingsleyae ENSPKIG00000015613
scleropages_formosus ENSSFOG00015006514
paramormyrops_kingsleyae ENSPKIG00000000737
lepisosteus_oculatus ENSLOCG00000014271
xenopus_tropicalis ENSXETG00000005183
lepisosteus_oculatus ENSLOCG00000008475
lepisosteus_oculatus ENSLOCG00000008455
lepisosteus_oculatus ENSLOCG00000008466
latimeria_chalumnae ENSLACG00000018960
latimeria_chalumnae ENSLACG00000009897
lepisosteus_oculatus ENSLOCG00000003579
latimeria_chalumnae ENSLACG00000005016
latimeria_chalumnae ENSLACG00000001882
latimeria_chalumnae ENSLACG00000009942
paramormyrops_kingsleyae ENSPKIG00000020916
scleropages_formosus ENSSFOG00015007425
ictalurus_punctatus ENSIPUG00000014774
tetraodon_nigroviridis ENSTNIG00000004945
