ursus_americanus ENSUAMG00000019223
ursus_maritimus ENSUMAG00000004721
ailuropoda_melanoleuca ENSAMEG00000018999
mustela_putorius_furo ENSMPUG00000019613
neovison_vison ENSNVIG00000011486
canis_lupus_familiaris ENSCAFG00000000020
canis_lupus_dingo ENSCAFG00020015291
vulpes_vulpes ENSVVUG00000018675
felis_catus ENSFCAG00000036924
panthera_pardus ENSPPRG00000011295
myotis_lucifugus ENSMLUG00000000305
pteropus_vampyrus ENSPVAG00000007673
equus_asinus_asinus ENSEASG00005002107
equus_caballus ENSECAG00000002955
capra_hircus ENSCHIG00000016422
ovis_aries ENSOARG00000004555
bos_mutus ENSBMUG00000019900
bos_taurus ENSBTAG00000000422
bison_bison_bison ENSBBBG00000014803
tursiops_truncatus ENSTTRG00000017219
sus_scrofa ENSSSCG00000004861
sorex_araneus ENSSARG00000008947
loxodonta_africana ENSLAFG00000027654
procavia_capensis ENSPCAG00000013873
echinops_telfairi ENSETEG00000004530
dasypus_novemcinctus ENSDNOG00000033317
cricetulus_griseus_chok1gs_hdv1 ENSCGRG00001020488
cricetulus_griseus_crigri-picr ENSCGRG00015015039
cricetulus_griseus_crigri_1.0 ENSCGRG00000000180
mesocricetus_auratus ENSMAUG00000022081
microtus_ochrogaster ENSMOCG00000001476
peromyscus_maniculatus_bairdii ENSPEMG00000022838
mus_spicilegus ENSMSIG00000020808
mus_spretus_strain_spret/eij MGP_SPRETEiJ_G0023362
mus_musculus_strain_reference_cl57bl6 ENSMUSG00000046982
mus_caroli_strain_caroli_eij MGP_CAROLIEiJ_G0022447
mus_pahari_strain_pahari_eij MGP_PahariEiJ_G0019175
rattus_norvegicus ENSRNOG00000016246
meriones_unguiculatus ENSMUGG00000009862
nannospalax_galili ENSNGAG00000021600
castor_canadensis ENSCCNG00000013688
chinchilla_lanigera ENSCLAG00000018002
cavia_porcellus ENSCPOG00000009072
heterocephalus_glaber_hetgla_female_1.0 ENSHGLG00000001424
heterocephalus_glaber_hetgla_1.0 ENSHGLG00100009020
ictidomys_tridecemlineatus ENSSTOG00000019384
urocitellus_parryii ENSUPAG00010015631
marmota_marmota_marmota ENSMMMG00000018783
spermophilus_dauricus ENSSDAG00000019618
oryctolagus_cuniculus ENSOCUG00000008235
prolemur_simus ENSPSMG00000019351
propithecus_coquereli ENSPCOG00000010742
microcebus_murinus ENSMICG00000013601
otolemur_garnettii ENSOGAG00000007341
pan_troglodytes ENSPTRG00000010120
pan_paniscus ENSPPAG00000029386
homo_sapiens ENSG00000179981
gorilla_gorilla ENSGGOG00000005289
pongo_abelii ENSPPYG00000009248
nomascus_leucogenys ENSNLEG00000018459
piliocolobus_tephrosceles ENSPTEG00000029572
colobus_angolensis_palliatus ENSCANG00000007653
rhinopithecus_roxellana ENSRROG00000014497
rhinopithecus_bieti ENSRBIG00000037419
cercocebus_atys ENSCATG00000038888
mandrillus_leucophaeus ENSMLEG00000018472
macaca_fascicularis ENSMFAG00000037350
macaca_mulatta ENSMMUG00000014916
macaca_nemestrina ENSMNEG00000031078
theropithecus_gelada ENSTGEG00000006169
papio_anubis ENSPANG00000000181
chlorocebus_sabaeus ENSCSAG00000019504
callithrix_jacchus ENSCJAG00000046603
saimiri_boliviensis_boliviensis ENSSBOG00000017309
cebus_capucinus_imitator ENSCCAG00000020568
aotus_nancymaae ENSANAG00000016880
carlito_syrichta ENSTSYG00000028132
ornithorhynchus_anatinus ENSOANG00000001135
phascolarctos_cinereus ENSPCIG00000032577
monodelphis_domestica ENSMODG00000012317
sarcophilus_harrisii ENSSHAG00000014804
anolis_carolinensis ENSACAG00000005329
pogona_vitticeps ENSPVIG00000017469
notechis_scutatus ENSNSUG00000013570
salvator_merianae ENSSMRG00000004177
sphenodon_punctatus ENSSPUG00000000680
anser_brachyrhynchus ENSABRG00000018981
anas_platyrhynchos_platyrhynchos ENSAPLG00000015100
gallus_gallus ENSGALG00000013672
coturnix_japonica ENSCJPG00005007261
meleagris_gallopavo ENSMGAG00000008114
numida_meleagris ENSNMEG00000005444
lepidothrix_coronata ENSLCOG00000015801
manacus_vitellinus ENSMVIG00005001645
lonchura_striata_domestica ENSLSDG00000013550
taeniopygia_guttata ENSTGUG00000009111
serinus_canaria ENSSCAG00000007501
junco_hyemalis ENSJHYG00000015040
zonotrichia_albicollis ENSZALG00000001307
ficedula_albicollis ENSFALG00000004672
parus_major ENSPMJG00000014315
cyanistes_caeruleus ENSCCEG00000012781
melopsittacus_undulatus ENSMUNG00000003271
calidris_pygmaea ENSCPGG00000003482
calidris_pugnax ENSCPUG00000006425
apteryx_haastii ENSAHAG00000013890
apteryx_owenii ENSAOWG00000014250
apteryx_rowi ENSARWG00000004220
dromaius_novaehollandiae ENSDNVG00000011017
nothoprocta_perdicaria ENSNPEG00000010449
crocodylus_porosus ENSCPRG00005004790
gopherus_agassizii ENSGAGG00000015685
chelonoidis_abingdonii ENSCABG00000022593
chrysemys_picta_bellii ENSCPBG00000003416
pelodiscus_sinensis ENSPSIG00000002872
jaculus_jaculus ENSJJAG00000017663
dipodomys_ordii ENSDORG00000000351
fukomys_damarensis ENSFDAG00000017541
cavia_aperea ENSCAPG00000013253
octodon_degus ENSODEG00000002943
erinaceus_europaeus ENSEEUG00000001038
latimeria_chalumnae ENSLACG00000012913
paramormyrops_kingsleyae ENSPKIG00000018129
scleropages_formosus ENSSFOG00015008951
scophthalmus_maximus ENSSMAG00000006548
cynoglossus_semilaevis ENSCSEG00000013167
seriola_dumerili ENSSDUG00000012354
seriola_lalandi_dorsalis ENSSLDG00000012345
monopterus_albus ENSMALG00000006407
mastacembelus_armatus ENSMAMG00000014926
anabas_testudineus ENSATEG00000012508
takifugu_rubripes ENSTRUG00000010712
tetraodon_nigroviridis ENSTNIG00000001441
mola_mola ENSMMOG00000018204
labrus_bergylta ENSLBEG00000026670
gasterosteus_aculeatus ENSGACG00000003937
xiphophorus_maculatus ENSXMAG00000023230
xiphophorus_couchianus ENSXCOG00000019886
gambusia_affinis ENSGAFG00000010041
poecilia_formosa ENSPFOG00000004940
poecilia_formosa ENSPFOG00000021989
poecilia_mexicana ENSPMEG00000017684
poecilia_mexicana ENSPMEG00000007610
poecilia_latipinna ENSPLAG00000010333
poecilia_reticulata ENSPREG00000011305
fundulus_heteroclitus ENSFHEG00000008423
cyprinodon_variegatus ENSCVAG00000006346
kryptolebias_marmoratus ENSKMAG00000008580
oryzias_latipes_asm223469v1 ENSORLG00015011366
oryzias_latipes_asm223471v1 ENSORLG00020001735
oryzias_latipes_asm223467v1 ENSORLG00000003228
oryzias_melastigma ENSOMEG00000014146
astatotilapia_calliptera ENSACLG00000013882
maylandia_zebra ENSMZEG00005026725
haplochromis_burtoni ENSHBUG00000023837
pundamilia_nyererei ENSPNYG00000012989
neolamprologus_brichardi ENSNBRG00000014165
oreochromis_niloticus ENSONIG00000002775
amphilophus_citrinellus ENSACIG00000018602
amphiprion_ocellaris ENSAOCG00000014351
amphiprion_percula ENSAPEG00000004494
acanthochromis_polyacanthus ENSAPOG00000017234
stegastes_partitus ENSSPAG00000013148
periophthalmus_magnuspinnatus ENSPMGG00000014622
hippocampus_comes ENSHCOG00000015516
gadus_morhua ENSGMOG00000002763
esox_lucius ENSELUG00000015181
pygocentrus_nattereri ENSPNAG00000017293
astyanax_mexicanus ENSAMXG00000011155
ictalurus_punctatus ENSIPUG00000003059
danio_rerio ENSDARG00000005026
paramormyrops_kingsleyae ENSPKIG00000013544
scleropages_formosus ENSSFOG00015012321
fundulus_heteroclitus ENSFHEG00000008236
cyprinodon_variegatus ENSCVAG00000018205
xiphophorus_maculatus ENSXMAG00000027021
xiphophorus_couchianus ENSXCOG00000016892
gambusia_affinis ENSGAFG00000001942
poecilia_formosa ENSPFOG00000019081
poecilia_mexicana ENSPMEG00000012243
poecilia_latipinna ENSPLAG00000010975
poecilia_reticulata ENSPREG00000014215
kryptolebias_marmoratus ENSKMAG00000021795
oryzias_latipes_asm223471v1 ENSORLG00020001919
oryzias_latipes_asm223467v1 ENSORLG00000020732
oryzias_latipes_asm223469v1 ENSORLG00015018386
oryzias_melastigma ENSOMEG00000010943
cynoglossus_semilaevis ENSCSEG00000011537
seriola_lalandi_dorsalis ENSSLDG00000012961
seriola_dumerili ENSSDUG00000011260
scophthalmus_maximus ENSSMAG00000007487
monopterus_albus ENSMALG00000003679
mastacembelus_armatus ENSMAMG00000001047
anabas_testudineus ENSATEG00000024496
amphiprion_percula ENSAPEG00000018993
amphiprion_ocellaris ENSAOCG00000002522
acanthochromis_polyacanthus ENSAPOG00000004985
stegastes_partitus ENSSPAG00000016227
astatotilapia_calliptera ENSACLG00000022251
maylandia_zebra ENSMZEG00005007316
haplochromis_burtoni ENSHBUG00000009890
pundamilia_nyererei ENSPNYG00000013049
neolamprologus_brichardi ENSNBRG00000009195
oreochromis_niloticus ENSONIG00000007295
amphilophus_citrinellus ENSACIG00000014213
labrus_bergylta ENSLBEG00000005456
mola_mola ENSMMOG00000003280
gasterosteus_aculeatus ENSGACG00000005592
hippocampus_comes ENSHCOG00000010177
tetraodon_nigroviridis ENSTNIG00000019070
takifugu_rubripes ENSTRUG00000017496
periophthalmus_magnuspinnatus ENSPMGG00000016959
gadus_morhua ENSGMOG00000006758
esox_lucius ENSELUG00000020104
pygocentrus_nattereri ENSPNAG00000002688
astyanax_mexicanus ENSAMXG00000032425
ictalurus_punctatus ENSIPUG00000004927
lepisosteus_oculatus ENSLOCG00000004005
apteryx_haastii ENSAHAG00000012354
apteryx_owenii ENSAOWG00000001183
apteryx_rowi ENSARWG00000009426
dromaius_novaehollandiae ENSDNVG00000003454
nothoprocta_perdicaria ENSNPEG00000010907
lepidothrix_coronata ENSLCOG00000007445
manacus_vitellinus ENSMVIG00005003795
zonotrichia_albicollis ENSZALG00000014892
junco_hyemalis ENSJHYG00000008777
serinus_canaria ENSSCAG00000015452
lonchura_striata_domestica ENSLSDG00000002704
taeniopygia_guttata ENSTGUG00000008551
parus_major ENSPMJG00000009122
cyanistes_caeruleus ENSCCEG00000021296
ficedula_albicollis ENSFALG00000013173
melopsittacus_undulatus ENSMUNG00000011306
calidris_pygmaea ENSCPGG00000006361
calidris_pugnax ENSCPUG00000005406
anas_platyrhynchos_platyrhynchos ENSAPLG00000011554
anser_brachyrhynchus ENSABRG00000021972
gallus_gallus ENSGALG00000007809
coturnix_japonica ENSCJPG00005007280
meleagris_gallopavo ENSMGAG00000015562
numida_meleagris ENSNMEG00000000898
crocodylus_porosus ENSCPRG00005004716
gopherus_agassizii ENSGAGG00000002312
chelonoidis_abingdonii ENSCABG00000016115
chrysemys_picta_bellii ENSCPBG00000015002
pelodiscus_sinensis ENSPSIG00000007559
pogona_vitticeps ENSPVIG00000024529
anolis_carolinensis ENSACAG00000012691
notechis_scutatus ENSNSUG00000014310
salvator_merianae ENSSMRG00000005796
sphenodon_punctatus ENSSPUG00000003279
phascolarctos_cinereus ENSPCIG00000011626
notamacropus_eugenii ENSMEUG00000004751
monodelphis_domestica ENSMODG00000016391
sarcophilus_harrisii ENSSHAG00000015362
equus_asinus_asinus ENSEASG00005023286
equus_caballus ENSECAG00000010856
erinaceus_europaeus ENSEEUG00000000596
pteropus_vampyrus ENSPVAG00000001894
myotis_lucifugus ENSMLUG00000013960
ursus_maritimus ENSUMAG00000024266
ursus_americanus ENSUAMG00000026694
ailuropoda_melanoleuca ENSAMEG00000013234
mustela_putorius_furo ENSMPUG00000020171
neovison_vison ENSNVIG00000022622
canis_lupus_dingo ENSCAFG00020021890
canis_lupus_familiaris ENSCAFG00000011808
vulpes_vulpes ENSVVUG00000022715
panthera_pardus ENSPPRG00000013365
panthera_tigris_altaica ENSPTIG00000007834
felis_catus ENSFCAG00000014616
capra_hircus ENSCHIG00000012906
ovis_aries ENSOARG00000014918
bos_mutus ENSBMUG00000001075
bos_taurus ENSBTAG00000007917
bison_bison_bison ENSBBBG00000008221
bison_bison_bison ENSBBBG00000008855
vicugna_pacos ENSVPAG00000009638
tursiops_truncatus ENSTTRG00000005801
chinchilla_lanigera ENSCLAG00000009630
octodon_degus ENSODEG00000019550
cavia_porcellus ENSCPOG00000002986
cavia_aperea ENSCAPG00000013172
heterocephalus_glaber_hetgla_1.0 ENSHGLG00100008282
heterocephalus_glaber_hetgla_female_1.0 ENSHGLG00000015367
fukomys_damarensis ENSFDAG00000014787
dipodomys_ordii ENSDORG00000028111
jaculus_jaculus ENSJJAG00000002372
mus_spicilegus ENSMSIG00000009890
mus_musculus_strain_reference_cl57bl6 ENSMUSG00000047907
mus_spretus_strain_spret/eij MGP_SPRETEiJ_G0025645
mus_caroli_strain_caroli_eij MGP_CAROLIEiJ_G0024725
mus_pahari_strain_pahari_eij MGP_PahariEiJ_G0026166
rattus_norvegicus ENSRNOG00000048433
meriones_unguiculatus ENSMUGG00000011439
peromyscus_maniculatus_bairdii ENSPEMG00000029085
microtus_ochrogaster ENSMOCG00000013704
cricetulus_griseus_crigri-picr ENSCGRG00015017633
cricetulus_griseus_chok1gs_hdv1 ENSCGRG00001000496
cricetulus_griseus_crigri_1.0 ENSCGRG00000000840
mesocricetus_auratus ENSMAUG00000003995
nannospalax_galili ENSNGAG00000016474
castor_canadensis ENSCCNG00000026826
urocitellus_parryii ENSUPAG00010000932
ictidomys_tridecemlineatus ENSSTOG00000008373
spermophilus_dauricus ENSSDAG00000008369
marmota_marmota_marmota ENSMMMG00000008206
ochotona_princeps ENSOPRG00000012800
oryctolagus_cuniculus ENSOCUG00000002587
tupaia_belangeri ENSTBEG00000015472
pan_troglodytes ENSPTRG00000013634
pan_paniscus ENSPPAG00000031686
homo_sapiens ENSG00000182463
gorilla_gorilla ENSGGOG00000005282
pongo_abelii ENSPPYG00000011269
nomascus_leucogenys ENSNLEG00000007016
mandrillus_leucophaeus ENSMLEG00000033081
cercocebus_atys ENSCATG00000039930
papio_anubis ENSPANG00000003945
theropithecus_gelada ENSTGEG00000014288
macaca_mulatta ENSMMUG00000013035
macaca_fascicularis ENSMFAG00000044946
macaca_nemestrina ENSMNEG00000040060
chlorocebus_sabaeus ENSCSAG00000018744
rhinopithecus_roxellana ENSRROG00000036440
rhinopithecus_bieti ENSRBIG00000023205
colobus_angolensis_palliatus ENSCANG00000009524
piliocolobus_tephrosceles ENSPTEG00000011191
callithrix_jacchus ENSCJAG00000000609
cebus_capucinus_imitator ENSCCAG00000021876
saimiri_boliviensis_boliviensis ENSSBOG00000024081
aotus_nancymaae ENSANAG00000038357
carlito_syrichta ENSTSYG00000009303
propithecus_coquereli ENSPCOG00000018914
prolemur_simus ENSPSMG00000020678
microcebus_murinus ENSMICG00000035295
otolemur_garnettii ENSOGAG00000008544
procavia_capensis ENSPCAG00000000181
echinops_telfairi ENSETEG00000011541
loxodonta_africana ENSLAFG00000002942
dasypus_novemcinctus ENSDNOG00000034743
ornithorhynchus_anatinus ENSOANG00000003138
xenopus_tropicalis ENSXETG00000017555
latimeria_chalumnae ENSLACG00000011012
scleropages_formosus ENSSFOG00015021053
paramormyrops_kingsleyae ENSPKIG00000007117
seriola_lalandi_dorsalis ENSSLDG00000005026
seriola_dumerili ENSSDUG00000004636
scophthalmus_maximus ENSSMAG00000019233
mastacembelus_armatus ENSMAMG00000005195
monopterus_albus ENSMALG00000018673
anabas_testudineus ENSATEG00000024474
labrus_bergylta ENSLBEG00000019988
gasterosteus_aculeatus ENSGACG00000011135
amphiprion_ocellaris ENSAOCG00000023687
amphiprion_percula ENSAPEG00000000720
acanthochromis_polyacanthus ENSAPOG00000002486
stegastes_partitus ENSSPAG00000001957
fundulus_heteroclitus ENSFHEG00000014202
cyprinodon_variegatus ENSCVAG00000010918
poecilia_formosa ENSPFOG00000020779
poecilia_mexicana ENSPMEG00000008480
poecilia_latipinna ENSPLAG00000012397
poecilia_reticulata ENSPREG00000021160
xiphophorus_couchianus ENSXCOG00000015459
xiphophorus_maculatus ENSXMAG00000012685
gambusia_affinis ENSGAFG00000019927
kryptolebias_marmoratus ENSKMAG00000002553
oryzias_latipes_asm223469v1 ENSORLG00015002286
oryzias_latipes_asm223471v1 ENSORLG00020007414
oryzias_latipes_asm223467v1 ENSORLG00000016111
oryzias_melastigma ENSOMEG00000017379
pundamilia_nyererei ENSPNYG00000021698
haplochromis_burtoni ENSHBUG00000007293
astatotilapia_calliptera ENSACLG00000017920
maylandia_zebra ENSMZEG00005023416
neolamprologus_brichardi ENSNBRG00000001911
oreochromis_niloticus ENSONIG00000016558
amphilophus_citrinellus ENSACIG00000017256
tetraodon_nigroviridis ENSTNIG00000012458
takifugu_rubripes ENSTRUG00000007670
mola_mola ENSMMOG00000014934
cynoglossus_semilaevis ENSCSEG00000009972
hippocampus_comes ENSHCOG00000008381
periophthalmus_magnuspinnatus ENSPMGG00000019609
esox_lucius ENSELUG00000005624
pygocentrus_nattereri ENSPNAG00000020910
astyanax_mexicanus ENSAMXG00000001175
ictalurus_punctatus ENSIPUG00000019206
danio_rerio ENSDARG00000079201
lepisosteus_oculatus ENSLOCG00000002451
scleropages_formosus ENSSFOG00015018612
paramormyrops_kingsleyae ENSPKIG00000011237
xiphophorus_maculatus ENSXMAG00000019156
xiphophorus_couchianus ENSXCOG00000002299
gambusia_affinis ENSGAFG00000021869
poecilia_formosa ENSPFOG00000003829
poecilia_mexicana ENSPMEG00000013893
poecilia_latipinna ENSPLAG00000014260
poecilia_reticulata ENSPREG00000021274
fundulus_heteroclitus ENSFHEG00000012040
cyprinodon_variegatus ENSCVAG00000000412
kryptolebias_marmoratus ENSKMAG00000022079
oryzias_latipes_asm223467v1 ENSORLG00000016193
oryzias_latipes_asm223471v1 ENSORLG00020000997
oryzias_latipes_asm223469v1 ENSORLG00015022879
oryzias_melastigma ENSOMEG00000022882
cynoglossus_semilaevis ENSCSEG00000009372
gasterosteus_aculeatus ENSGACG00000013377
mastacembelus_armatus ENSMAMG00000001971
monopterus_albus ENSMALG00000022051
anabas_testudineus ENSATEG00000018154
seriola_lalandi_dorsalis ENSSLDG00000010155
seriola_dumerili ENSSDUG00000020692
scophthalmus_maximus ENSSMAG00000010554
tetraodon_nigroviridis ENSTNIG00000008370
takifugu_rubripes ENSTRUG00000006028
mola_mola ENSMMOG00000019208
labrus_bergylta ENSLBEG00000007611
amphiprion_ocellaris ENSAOCG00000016007
amphiprion_percula ENSAPEG00000012210
acanthochromis_polyacanthus ENSAPOG00000006112
stegastes_partitus ENSSPAG00000010498
astatotilapia_calliptera ENSACLG00000004984
maylandia_zebra ENSMZEG00005017123
pundamilia_nyererei ENSPNYG00000021177
haplochromis_burtoni ENSHBUG00000000533
oreochromis_niloticus ENSONIG00000010423
neolamprologus_brichardi ENSNBRG00000015118
amphilophus_citrinellus ENSACIG00000009377
hippocampus_comes ENSHCOG00000007733
periophthalmus_magnuspinnatus ENSPMGG00000002190
gadus_morhua ENSGMOG00000018496
esox_lucius ENSELUG00000019722
pygocentrus_nattereri ENSPNAG00000019608
astyanax_mexicanus ENSAMXG00000043502
ictalurus_punctatus ENSIPUG00000015978
danio_rerio ENSDARG00000087394
paramormyrops_kingsleyae ENSPKIG00000004187
scleropages_formosus ENSSFOG00015014739
monopterus_albus ENSMALG00000014973
mastacembelus_armatus ENSMAMG00000009602
anabas_testudineus ENSATEG00000008675
seriola_dumerili ENSSDUG00000011211
seriola_lalandi_dorsalis ENSSLDG00000013394
scophthalmus_maximus ENSSMAG00000013259
poecilia_formosa ENSPFOG00000005562
poecilia_formosa ENSPFOG00000001207
poecilia_latipinna ENSPLAG00000019542
poecilia_latipinna ENSPLAG00000006265
poecilia_mexicana ENSPMEG00000020672
poecilia_reticulata ENSPREG00000002892
xiphophorus_maculatus ENSXMAG00000026360
xiphophorus_couchianus ENSXCOG00000017798
gambusia_affinis ENSGAFG00000016756
fundulus_heteroclitus ENSFHEG00000018701
cyprinodon_variegatus ENSCVAG00000021302
kryptolebias_marmoratus ENSKMAG00000013627
oryzias_latipes_asm223469v1 ENSORLG00015013978
oryzias_latipes_asm223467v1 ENSORLG00000015489
oryzias_latipes_asm223471v1 ENSORLG00020016268
oryzias_melastigma ENSOMEG00000021471
amphiprion_ocellaris ENSAOCG00000018622
amphiprion_percula ENSAPEG00000006107
acanthochromis_polyacanthus ENSAPOG00000008025
stegastes_partitus ENSSPAG00000002275
haplochromis_burtoni ENSHBUG00000012621
pundamilia_nyererei ENSPNYG00000020351
astatotilapia_calliptera ENSACLG00000000967
maylandia_zebra ENSMZEG00005000045
neolamprologus_brichardi ENSNBRG00000001818
oreochromis_niloticus ENSONIG00000003518
amphilophus_citrinellus ENSACIG00000009014
takifugu_rubripes ENSTRUG00000005330
tetraodon_nigroviridis ENSTNIG00000004737
mola_mola ENSMMOG00000015527
labrus_bergylta ENSLBEG00000002676
gasterosteus_aculeatus ENSGACG00000014236
cynoglossus_semilaevis ENSCSEG00000000344
periophthalmus_magnuspinnatus ENSPMGG00000020636
hippocampus_comes ENSHCOG00000015700
gadus_morhua ENSGMOG00000000298
esox_lucius ENSELUG00000000876
pygocentrus_nattereri ENSPNAG00000003295
astyanax_mexicanus ENSAMXG00000006284
ictalurus_punctatus ENSIPUG00000020845
danio_rerio ENSDARG00000103361
lepisosteus_oculatus ENSLOCG00000005747
pogona_vitticeps ENSPVIG00000015057
anolis_carolinensis ENSACAG00000012280
notechis_scutatus ENSNSUG00000012718
salvator_merianae ENSSMRG00000017169
sphenodon_punctatus ENSSPUG00000018669
manacus_vitellinus ENSMVIG00005003341
lepidothrix_coronata ENSLCOG00000006108
taeniopygia_guttata ENSTGUG00000009016
lonchura_striata_domestica ENSLSDG00000017728
serinus_canaria ENSSCAG00000004094
zonotrichia_albicollis ENSZALG00000000852
junco_hyemalis ENSJHYG00000012644
ficedula_albicollis ENSFALG00000014186
parus_major ENSPMJG00000003314
cyanistes_caeruleus ENSCCEG00000019506
calidris_pugnax ENSCPUG00000011056
calidris_pygmaea ENSCPGG00000008546
melopsittacus_undulatus ENSMUNG00000014804
anser_brachyrhynchus ENSABRG00000001051
anas_platyrhynchos_platyrhynchos ENSAPLG00000011634
gallus_gallus ENSGALG00000004528
meleagris_gallopavo ENSMGAG00000015601
coturnix_japonica ENSCJPG00005014409
numida_meleagris ENSNMEG00000018488
apteryx_owenii ENSAOWG00000015689
apteryx_rowi ENSARWG00000015039
apteryx_haastii ENSAHAG00000015820
dromaius_novaehollandiae ENSDNVG00000000135
nothoprocta_perdicaria ENSNPEG00000012674
crocodylus_porosus ENSCPRG00005004136
chelonoidis_abingdonii ENSCABG00000003309
gopherus_agassizii ENSGAGG00000016264
chrysemys_picta_bellii ENSCPBG00000016175
pelodiscus_sinensis ENSPSIG00000007188
phascolarctos_cinereus ENSPCIG00000014075
notamacropus_eugenii ENSMEUG00000008737
monodelphis_domestica ENSMODG00000012390
sarcophilus_harrisii ENSSHAG00000006124
rhinopithecus_bieti ENSRBIG00000026412
rhinopithecus_roxellana ENSRROG00000030098
colobus_angolensis_palliatus ENSCANG00000028536
piliocolobus_tephrosceles ENSPTEG00000039022
papio_anubis ENSPANG00000001076
cercocebus_atys ENSCATG00000027617
mandrillus_leucophaeus ENSMLEG00000001629
theropithecus_gelada ENSTGEG00000015852
macaca_fascicularis ENSMFAG00000033604
macaca_nemestrina ENSMNEG00000033088
macaca_mulatta ENSMMUG00000014028
chlorocebus_sabaeus ENSCSAG00000018510
pan_troglodytes ENSPTRG00000010788
pan_paniscus ENSPPAG00000036336
homo_sapiens ENSG00000121297
gorilla_gorilla ENSGGOG00000003676
pongo_abelii ENSPPYG00000009813
nomascus_leucogenys ENSNLEG00000007608
saimiri_boliviensis_boliviensis ENSSBOG00000026781
cebus_capucinus_imitator ENSCCAG00000028090
callithrix_jacchus ENSCJAG00000018374
aotus_nancymaae ENSANAG00000003355
carlito_syrichta ENSTSYG00000005762
propithecus_coquereli ENSPCOG00000023437
prolemur_simus ENSPSMG00000015407
otolemur_garnettii ENSOGAG00000032636
mus_spretus_strain_spret/eij MGP_SPRETEiJ_G0030693
mus_spicilegus ENSMSIG00000018467
mus_musculus_strain_reference_cl57bl6 ENSMUSG00000021217
mus_caroli_strain_caroli_eij MGP_CAROLIEiJ_G0029594
mus_pahari_strain_pahari_eij MGP_PahariEiJ_G0012828
rattus_norvegicus ENSRNOG00000013938
meriones_unguiculatus ENSMUGG00000011184
peromyscus_maniculatus_bairdii ENSPEMG00000024219
microtus_ochrogaster ENSMOCG00000012794
cricetulus_griseus_chok1gs_hdv1 ENSCGRG00001015566
cricetulus_griseus_crigri-picr ENSCGRG00015020639
cricetulus_griseus_crigri_1.0 ENSCGRG00000012576
nannospalax_galili ENSNGAG00000011318
jaculus_jaculus ENSJJAG00000018135
ictidomys_tridecemlineatus ENSSTOG00000024242
spermophilus_dauricus ENSSDAG00000023485
urocitellus_parryii ENSUPAG00010010104
marmota_marmota_marmota ENSMMMG00000007335
chinchilla_lanigera ENSCLAG00000012902
octodon_degus ENSODEG00000013840
cavia_aperea ENSCAPG00000002182
cavia_porcellus ENSCPOG00000003591
heterocephalus_glaber_hetgla_1.0 ENSHGLG00100007802
heterocephalus_glaber_hetgla_female_1.0 ENSHGLG00000015820
fukomys_damarensis ENSFDAG00000006135
castor_canadensis ENSCCNG00000000770
dipodomys_ordii ENSDORG00000026232
ursus_americanus ENSUAMG00000019097
ursus_maritimus ENSUMAG00000013540
ailuropoda_melanoleuca ENSAMEG00000009733
mustela_putorius_furo ENSMPUG00000007986
neovison_vison ENSNVIG00000019995
canis_lupus_dingo ENSCAFG00020019912
canis_lupus_familiaris ENSCAFG00000007592
vulpes_vulpes ENSVVUG00000016783
panthera_pardus ENSPPRG00000006783
panthera_tigris_altaica ENSPTIG00000000029
felis_catus ENSFCAG00000004896
erinaceus_europaeus ENSEEUG00000004335
capra_hircus ENSCHIG00000015004
ovis_aries ENSOARG00000004125
bos_mutus ENSBMUG00000008971
bos_taurus ENSBTAG00000002687
bison_bison_bison ENSBBBG00000004412
sus_scrofa ENSSSCG00000025214
tursiops_truncatus ENSTTRG00000007910
vicugna_pacos ENSVPAG00000007970
myotis_lucifugus ENSMLUG00000029075
pteropus_vampyrus ENSPVAG00000003220
microcebus_murinus ENSMICG00000027677
oryctolagus_cuniculus ENSOCUG00000015902
ochotona_princeps ENSOPRG00000010680
dasypus_novemcinctus ENSDNOG00000013222
choloepus_hoffmanni ENSCHOG00000002113
equus_caballus ENSECAG00000016274
equus_asinus_asinus ENSEASG00005020984
loxodonta_africana ENSLAFG00000000905
procavia_capensis ENSPCAG00000011413
ornithorhynchus_anatinus ENSOANG00000002785
xenopus_tropicalis ENSXETG00000016288
latimeria_chalumnae ENSLACG00000015505
eptatretus_burgeri ENSEBUG00000013687
ciona_savignyi ENSCSAVG00000001241
ciona_intestinalis ENSCING00000003615
drosophila_melanogaster FBgn0003866
drosophila_melanogaster FBgn0028979
