maylandia_zebra ENSMZEG00005002507
astatotilapia_calliptera ENSACLG00000009010
haplochromis_burtoni ENSHBUG00000018983
pundamilia_nyererei ENSPNYG00000006541
neolamprologus_brichardi ENSNBRG00000012587
oreochromis_niloticus ENSONIG00000004312
scophthalmus_maximus ENSSMAG00000006603
mola_mola ENSMMOG00000005612
takifugu_rubripes ENSTRUG00000020076
amphiprion_percula ENSAPEG00000010942
amphiprion_ocellaris ENSAOCG00000012333
acanthochromis_polyacanthus ENSAPOG00000024519
stegastes_partitus ENSSPAG00000022794
amphilophus_citrinellus ENSACIG00000014142
monopterus_albus ENSMALG00000018422
mastacembelus_armatus ENSMAMG00000015018
anabas_testudineus ENSATEG00000003766
seriola_dumerili ENSSDUG00000011923
seriola_lalandi_dorsalis ENSSLDG00000022002
labrus_bergylta ENSLBEG00000021136
xiphophorus_maculatus ENSXMAG00000023956
xiphophorus_couchianus ENSXCOG00000014436
gambusia_affinis ENSGAFG00000016183
poecilia_formosa ENSPFOG00000023192
poecilia_latipinna ENSPLAG00000020055
poecilia_mexicana ENSPMEG00000008239
poecilia_reticulata ENSPREG00000014909
fundulus_heteroclitus ENSFHEG00000007235
cyprinodon_variegatus ENSCVAG00000013271
kryptolebias_marmoratus ENSKMAG00000015939
oryzias_latipes_asm223471v1 ENSORLG00020009402
oryzias_latipes_asm223467v1 ENSORLG00000020437
oryzias_latipes_asm223469v1 ENSORLG00015006055
oryzias_melastigma ENSOMEG00000014383
cynoglossus_semilaevis ENSCSEG00000013356
hippocampus_comes ENSHCOG00000009781
periophthalmus_magnuspinnatus ENSPMGG00000017416
esox_lucius ENSELUG00000014510
astyanax_mexicanus ENSAMXG00000014664
pygocentrus_nattereri ENSPNAG00000024981
ictalurus_punctatus ENSIPUG00000023796
danio_rerio ENSDARG00000043566
scleropages_formosus ENSSFOG00015014189
paramormyrops_kingsleyae ENSPKIG00000013402
lepisosteus_oculatus ENSLOCG00000008667
pan_paniscus ENSPPAG00000041302
pan_troglodytes ENSPTRG00000015225
gorilla_gorilla ENSGGOG00000009273
homo_sapiens ENSG00000163608
pongo_abelii ENSPPYG00000013542
nomascus_leucogenys ENSNLEG00000028945
colobus_angolensis_palliatus ENSCANG00000024722
piliocolobus_tephrosceles ENSPTEG00000023463
rhinopithecus_roxellana ENSRROG00000030295
rhinopithecus_bieti ENSRBIG00000044926
theropithecus_gelada ENSTGEG00000002802
papio_anubis ENSPANG00000006295
mandrillus_leucophaeus ENSMLEG00000038254
cercocebus_atys ENSCATG00000033392
chlorocebus_sabaeus ENSCSAG00000006672
macaca_fascicularis ENSMFAG00000000372
macaca_mulatta ENSMMUG00000014876
macaca_nemestrina ENSMNEG00000042019
saimiri_boliviensis_boliviensis ENSSBOG00000026582
cebus_capucinus_imitator ENSCCAG00000001192
callithrix_jacchus ENSCJAG00000020314
aotus_nancymaae ENSANAG00000027768
carlito_syrichta ENSTSYG00000008332
prolemur_simus ENSPSMG00000014508
microcebus_murinus ENSMICG00000048965
otolemur_garnettii ENSOGAG00000003001
tupaia_belangeri ENSTBEG00000006225
mus_spicilegus ENSMSIG00000003236
mus_spretus_strain_spret/eij MGP_SPRETEiJ_G0021668
mus_musculus_strain_reference_cl57bl6 ENSMUSG00000036208
mus_caroli_strain_caroli_eij MGP_CAROLIEiJ_G0020769
mus_pahari_strain_pahari_eij MGP_PahariEiJ_G0016469
rattus_norvegicus ENSRNOG00000013721
meriones_unguiculatus ENSMUGG00000024364
cricetulus_griseus_chok1gs_hdv1 ENSCGRG00001023754
cricetulus_griseus_crigri-picr ENSCGRG00015015043
cricetulus_griseus_crigri_1.0 ENSCGRG00000003418
peromyscus_maniculatus_bairdii ENSPEMG00000028975
microtus_ochrogaster ENSMOCG00000019289
nannospalax_galili ENSNGAG00000023939
jaculus_jaculus ENSJJAG00000011360
castor_canadensis ENSCCNG00000026672
spermophilus_dauricus ENSSDAG00000012523
urocitellus_parryii ENSUPAG00010019488
ictidomys_tridecemlineatus ENSSTOG00000002150
marmota_marmota_marmota ENSMMMG00000011239
cavia_porcellus ENSCPOG00000004465
cavia_aperea ENSCAPG00000007260
chinchilla_lanigera ENSCLAG00000015387
heterocephalus_glaber_hetgla_female_1.0 ENSHGLG00000018829
heterocephalus_glaber_hetgla_1.0 ENSHGLG00100005859
fukomys_damarensis ENSFDAG00000014775
oryctolagus_cuniculus ENSOCUG00000010818
ochotona_princeps ENSOPRG00000008905
bos_mutus ENSBMUG00000009920
bos_taurus ENSBTAG00000005723
bison_bison_bison ENSBBBG00000013755
ovis_aries ENSOARG00000019377
capra_hircus ENSCHIG00000014382
tursiops_truncatus ENSTTRG00000002407
vicugna_pacos ENSVPAG00000011919
sus_scrofa ENSSSCG00000011923
equus_asinus_asinus ENSEASG00005011440
equus_caballus ENSECAG00000009354
pteropus_vampyrus ENSPVAG00000015967
myotis_lucifugus ENSMLUG00000005481
ursus_maritimus ENSUMAG00000004552
ursus_americanus ENSUAMG00000009196
ailuropoda_melanoleuca ENSAMEG00000018085
mustela_putorius_furo ENSMPUG00000000303
neovison_vison ENSNVIG00000014408
canis_lupus_dingo ENSCAFG00020007284
canis_lupus_familiaris ENSCAFG00000010568
vulpes_vulpes ENSVVUG00000022005
panthera_tigris_altaica ENSPTIG00000021619
panthera_pardus ENSPPRG00000019347
felis_catus ENSFCAG00000029033
erinaceus_europaeus ENSEEUG00000011717
erinaceus_europaeus ENSEEUG00000013564
sorex_araneus ENSSARG00000005561
loxodonta_africana ENSLAFG00000018690
procavia_capensis ENSPCAG00000004247
echinops_telfairi ENSETEG00000016755
choloepus_hoffmanni ENSCHOG00000013684
dasypus_novemcinctus ENSDNOG00000002389
notamacropus_eugenii ENSMEUG00000011513
phascolarctos_cinereus ENSPCIG00000019602
sarcophilus_harrisii ENSSHAG00000001161
monodelphis_domestica ENSMODG00000018133
ornithorhynchus_anatinus ENSOANG00000012572
apteryx_owenii ENSAOWG00000001105
dromaius_novaehollandiae ENSDNVG00000008303
serinus_canaria ENSSCAG00000009242
lonchura_striata_domestica ENSLSDG00000005857
zonotrichia_albicollis ENSZALG00000000201
junco_hyemalis ENSJHYG00000018081
parus_major ENSPMJG00000010992
ficedula_albicollis ENSFALG00000005887
lepidothrix_coronata ENSLCOG00000010805
melopsittacus_undulatus ENSMUNG00000005307
calidris_pygmaea ENSCPGG00000009252
calidris_pugnax ENSCPUG00000007179
gallus_gallus ENSGALG00000015182
coturnix_japonica ENSCJPG00005017461
meleagris_gallopavo ENSMGAG00000014335
anser_brachyrhynchus ENSABRG00000009419
anas_platyrhynchos_platyrhynchos ENSAPLG00000024177
crocodylus_porosus ENSCPRG00005004089
gopherus_agassizii ENSGAGG00000025768
chrysemys_picta_bellii ENSCPBG00000003276
chelonoidis_abingdonii ENSCABG00000002559
pelodiscus_sinensis ENSPSIG00000002303
pogona_vitticeps ENSPVIG00000019705
anolis_carolinensis ENSACAG00000010157
salvator_merianae ENSSMRG00000005420
xenopus_tropicalis ENSXETG00000002741
latimeria_chalumnae ENSLACG00000008685
