labrus_bergylta ENSLBEG00000001355
mola_mola ENSMMOG00000015056
mastacembelus_armatus ENSMAMG00000020333
monopterus_albus ENSMALG00000003208
anabas_testudineus ENSATEG00000013725
seriola_dumerili ENSSDUG00000004359
seriola_lalandi_dorsalis ENSSLDG00000013835
scophthalmus_maximus ENSSMAG00000000841
amphiprion_ocellaris ENSAOCG00000005513
amphiprion_percula ENSAPEG00000001608
acanthochromis_polyacanthus ENSAPOG00000007720
stegastes_partitus ENSSPAG00000008027
astatotilapia_calliptera ENSACLG00000001225
maylandia_zebra ENSMZEG00005002544
haplochromis_burtoni ENSHBUG00000001479
pundamilia_nyererei ENSPNYG00000007599
neolamprologus_brichardi ENSNBRG00000010870
oreochromis_niloticus ENSONIG00000015960
amphilophus_citrinellus ENSACIG00000010805
oryzias_latipes_asm223467v1 ENSORLG00000015939
oryzias_latipes_asm223471v1 ENSORLG00020020520
oryzias_latipes_asm223469v1 ENSORLG00015010560
oryzias_melastigma ENSOMEG00000022020
cynoglossus_semilaevis ENSCSEG00000010462
cynoglossus_semilaevis ENSCSEG00000010858
tetraodon_nigroviridis ENSTNIG00000011450
takifugu_rubripes ENSTRUG00000020310
gasterosteus_aculeatus ENSGACG00000013469
poecilia_formosa ENSPFOG00000004803
poecilia_mexicana ENSPMEG00000011664
poecilia_latipinna ENSPLAG00000012600
poecilia_reticulata ENSPREG00000016072
xiphophorus_couchianus ENSXCOG00000008795
xiphophorus_maculatus ENSXMAG00000029877
gambusia_affinis ENSGAFG00000011733
fundulus_heteroclitus ENSFHEG00000005238
cyprinodon_variegatus ENSCVAG00000016908
kryptolebias_marmoratus ENSKMAG00000007280
hippocampus_comes ENSHCOG00000005805
periophthalmus_magnuspinnatus ENSPMGG00000003823
esox_lucius ENSELUG00000024478
amphiprion_ocellaris ENSAOCG00000005783
amphiprion_percula ENSAPEG00000009809
acanthochromis_polyacanthus ENSAPOG00000022791
stegastes_partitus ENSSPAG00000021165
astatotilapia_calliptera ENSACLG00000017763
maylandia_zebra ENSMZEG00005018173
haplochromis_burtoni ENSHBUG00000020970
pundamilia_nyererei ENSPNYG00000010507
neolamprologus_brichardi ENSNBRG00000001865
oreochromis_niloticus ENSONIG00000003528
amphilophus_citrinellus ENSACIG00000018450
xiphophorus_couchianus ENSXCOG00000004584
xiphophorus_maculatus ENSXMAG00000004031
poecilia_formosa ENSPFOG00000019746
poecilia_mexicana ENSPMEG00000013660
poecilia_latipinna ENSPLAG00000010649
poecilia_reticulata ENSPREG00000010882
gambusia_affinis ENSGAFG00000008285
cyprinodon_variegatus ENSCVAG00000006095
fundulus_heteroclitus ENSFHEG00000001614
kryptolebias_marmoratus ENSKMAG00000009050
oryzias_latipes_asm223471v1 ENSORLG00020015432
oryzias_latipes_asm223467v1 ENSORLG00000009060
oryzias_latipes_asm223469v1 ENSORLG00015003098
oryzias_melastigma ENSOMEG00000001946
scophthalmus_maximus ENSSMAG00000020516
cynoglossus_semilaevis ENSCSEG00000001681
seriola_dumerili ENSSDUG00000017509
seriola_lalandi_dorsalis ENSSLDG00000016137
tetraodon_nigroviridis ENSTNIG00000009103
takifugu_rubripes ENSTRUG00000006527
mola_mola ENSMMOG00000008104
labrus_bergylta ENSLBEG00000021664
gasterosteus_aculeatus ENSGACG00000017111
mastacembelus_armatus ENSMAMG00000010512
monopterus_albus ENSMALG00000016566
anabas_testudineus ENSATEG00000016578
periophthalmus_magnuspinnatus ENSPMGG00000021523
hippocampus_comes ENSHCOG00000000327
gadus_morhua ENSGMOG00000010170
esox_lucius ENSELUG00000019892
astyanax_mexicanus ENSAMXG00000018699
pygocentrus_nattereri ENSPNAG00000001240
ictalurus_punctatus ENSIPUG00000023050
danio_rerio ENSDARG00000052658
paramormyrops_kingsleyae ENSPKIG00000015910
scleropages_formosus ENSSFOG00015014429
scleropages_formosus ENSSFOG00015006419
paramormyrops_kingsleyae ENSPKIG00000007042
pygocentrus_nattereri ENSPNAG00000000421
astyanax_mexicanus ENSAMXG00000006109
ictalurus_punctatus ENSIPUG00000024994
danio_rerio ENSDARG00000011122
lepisosteus_oculatus ENSLOCG00000007322
chelonoidis_abingdonii ENSCABG00000013870
gopherus_agassizii ENSGAGG00000007988
chrysemys_picta_bellii ENSCPBG00000003250
pelodiscus_sinensis ENSPSIG00000003237
apteryx_haastii ENSAHAG00000018213
apteryx_rowi ENSARWG00000014008
apteryx_owenii ENSAOWG00000016932
dromaius_novaehollandiae ENSDNVG00000015231
gallus_gallus ENSGALG00000004550
coturnix_japonica ENSCJPG00005020748
numida_meleagris ENSNMEG00000019913
anser_brachyrhynchus ENSABRG00000017427
anas_platyrhynchos_platyrhynchos ENSAPLG00000008481
calidris_pygmaea ENSCPGG00000018682
calidris_pugnax ENSCPUG00000006889
melopsittacus_undulatus ENSMUNG00000015864
taeniopygia_guttata ENSTGUG00000006400
taeniopygia_guttata ENSTGUG00000016177
lonchura_striata_domestica ENSLSDG00000004874
serinus_canaria ENSSCAG00000008820
parus_major ENSPMJG00000004477
cyanistes_caeruleus ENSCCEG00000002477
junco_hyemalis ENSJHYG00000010591
zonotrichia_albicollis ENSZALG00000002763
ficedula_albicollis ENSFALG00000009052
lepidothrix_coronata ENSLCOG00000010619
manacus_vitellinus ENSMVIG00005017416
nothoprocta_perdicaria ENSNPEG00000005318
meleagris_gallopavo ENSMGAG00000005022
crocodylus_porosus ENSCPRG00005012985
sphenodon_punctatus ENSSPUG00000011046
cavia_aperea ENSCAPG00000017033
cavia_porcellus ENSCPOG00000021340
chinchilla_lanigera ENSCLAG00000010971
octodon_degus ENSODEG00000010585
heterocephalus_glaber_hetgla_1.0 ENSHGLG00100018828
heterocephalus_glaber_hetgla_female_1.0 ENSHGLG00000006681
fukomys_damarensis ENSFDAG00000019070
ictidomys_tridecemlineatus ENSSTOG00000012016
spermophilus_dauricus ENSSDAG00000015940
urocitellus_parryii ENSUPAG00010006424
marmota_marmota_marmota ENSMMMG00000002468
tupaia_belangeri ENSTBEG00000013551
propithecus_coquereli ENSPCOG00000018125
microcebus_murinus ENSMICG00000042392
prolemur_simus ENSPSMG00000001126
otolemur_garnettii ENSOGAG00000006994
pteropus_vampyrus ENSPVAG00000003513
myotis_lucifugus ENSMLUG00000015563
ursus_americanus ENSUAMG00000010957
ailuropoda_melanoleuca ENSAMEG00000013905
canis_lupus_familiaris ENSCAFG00000032439
canis_lupus_dingo ENSCAFG00020016965
vulpes_vulpes ENSVVUG00000016283
panthera_pardus ENSPPRG00000001449
panthera_tigris_altaica ENSPTIG00000011799
felis_catus ENSFCAG00000030070
capra_hircus ENSCHIG00000020162
ovis_aries ENSOARG00000017097
bos_taurus ENSBTAG00000018332
bos_mutus ENSBMUG00000020911
bison_bison_bison ENSBBBG00000016462
sus_scrofa ENSSSCG00000009825
tursiops_truncatus ENSTTRG00000015095
equus_asinus_asinus ENSEASG00005012211
equus_caballus ENSECAG00000006568
erinaceus_europaeus ENSEEUG00000015480
sorex_araneus ENSSARG00000000559
neovison_vison ENSNVIG00000017060
mustela_putorius_furo ENSMPUG00000002175
vicugna_pacos ENSVPAG00000008409
carlito_syrichta ENSTSYG00000012874
gorilla_gorilla ENSGGOG00000006419
ursus_maritimus ENSUMAG00000007176
pan_troglodytes ENSPTRG00000022735
pan_paniscus ENSPPAG00000042709
gorilla_gorilla ENSGGOG00000039272
homo_sapiens ENSG00000196850
pongo_abelii ENSPPYG00000004952
nomascus_leucogenys ENSNLEG00000033118
colobus_angolensis_palliatus ENSCANG00000027257
piliocolobus_tephrosceles ENSPTEG00000023543
rhinopithecus_bieti ENSRBIG00000035647
rhinopithecus_roxellana ENSRROG00000037392
macaca_nemestrina ENSMNEG00000039939
macaca_fascicularis ENSMFAG00000045645
mandrillus_leucophaeus ENSMLEG00000028193
cercocebus_atys ENSCATG00000017378
papio_anubis ENSPANG00000012251
theropithecus_gelada ENSTGEG00000016612
chlorocebus_sabaeus ENSCSAG00000002647
cebus_capucinus_imitator ENSCCAG00000030882
saimiri_boliviensis_boliviensis ENSSBOG00000021259
callithrix_jacchus ENSCJAG00000041204
aotus_nancymaae ENSANAG00000021795
dasypus_novemcinctus ENSDNOG00000036965
mus_musculus_strain_reference_cl57bl6 ENSMUSG00000038582
mus_spretus_strain_spret/eij MGP_SPRETEiJ_G0028699
mus_spicilegus ENSMSIG00000012919
mus_caroli_strain_caroli_eij MGP_CAROLIEiJ_G0027701
mus_pahari_strain_pahari_eij MGP_PahariEiJ_G0024281
rattus_norvegicus ENSRNOG00000021440
meriones_unguiculatus ENSMUGG00000014143
peromyscus_maniculatus_bairdii ENSPEMG00000027713
microtus_ochrogaster ENSMOCG00000013509
cricetulus_griseus_chok1gs_hdv1 ENSCGRG00001014591
cricetulus_griseus_crigri_1.0 ENSCGRG00000012723
cricetulus_griseus_crigri-picr ENSCGRG00015026246
mesocricetus_auratus ENSMAUG00000011888
nannospalax_galili ENSNGAG00000021448
dipodomys_ordii ENSDORG00000010344
castor_canadensis ENSCCNG00000027312
jaculus_jaculus ENSJJAG00000013648
oryctolagus_cuniculus ENSOCUG00000011935
ochotona_princeps ENSOPRG00000001055
choloepus_hoffmanni ENSCHOG00000001241
loxodonta_africana ENSLAFG00000006187
procavia_capensis ENSPCAG00000012203
echinops_telfairi ENSETEG00000007013
notamacropus_eugenii ENSMEUG00000003109
phascolarctos_cinereus ENSPCIG00000017666
sarcophilus_harrisii ENSSHAG00000014348
monodelphis_domestica ENSMODG00000011559
ornithorhynchus_anatinus ENSOANG00000004786
anolis_carolinensis ENSACAG00000001914
pogona_vitticeps ENSPVIG00000010753
notechis_scutatus ENSNSUG00000008898
salvator_merianae ENSSMRG00000009105
xenopus_tropicalis ENSXETG00000020935
latimeria_chalumnae ENSLACG00000015725
petromyzon_marinus ENSPMAG00000000680
latimeria_chalumnae ENSLACG00000017371
eptatretus_burgeri ENSEBUG00000004514
ciona_savignyi ENSCSAVG00000004365
ciona_intestinalis ENSCING00000007973
drosophila_melanogaster FBgn0029949
drosophila_melanogaster FBgn0039694
drosophila_melanogaster FBgn0035228
caenorhabditis_elegans_strain_n2 WBGene00012362
saccharomyces_cerevisiae_strain_s288c YHR076W
