anolis_carolinensis ENSACAG00000028172
pogona_vitticeps ENSPVIG00000023934
notechis_scutatus ENSNSUG00000007085
salvator_merianae ENSSMRG00000000349
sphenodon_punctatus ENSSPUG00000008055
chrysemys_picta_bellii ENSCPBG00000018019
xenopus_tropicalis ENSXETG00000006226
latimeria_chalumnae ENSLACG00000018513
scleropages_formosus ENSSFOG00015019929
anser_brachyrhynchus ENSABRG00000023183
anas_platyrhynchos_platyrhynchos ENSAPLG00000018089
gallus_gallus ENSGALG00000034094
coturnix_japonica ENSCJPG00005018086
numida_meleagris ENSNMEG00000022504
calidris_pygmaea ENSCPGG00000000687
calidris_pugnax ENSCPUG00000004417
lonchura_striata_domestica ENSLSDG00000013838
serinus_canaria ENSSCAG00000015848
parus_major ENSPMJG00000018679
taeniopygia_guttata ENSTGUG00000008736
ficedula_albicollis ENSFALG00000001963
junco_hyemalis ENSJHYG00000001043
lepidothrix_coronata ENSLCOG00000016358
apteryx_haastii ENSAHAG00000000202
apteryx_rowi ENSARWG00000008655
dromaius_novaehollandiae ENSDNVG00000018283
nothoprocta_perdicaria ENSNPEG00000000425
crocodylus_porosus ENSCPRG00005015305
chrysemys_picta_bellii ENSCPBG00000005893
chelonoidis_abingdonii ENSCABG00000007626
sphenodon_punctatus ENSSPUG00000011954
cercocebus_atys ENSCATG00000041697
chlorocebus_sabaeus ENSCSAG00000015012
papio_anubis ENSPANG00000015015
theropithecus_gelada ENSTGEG00000017157
macaca_fascicularis ENSMFAG00000000803
macaca_mulatta ENSMMUG00000002690
macaca_nemestrina ENSMNEG00000038850
rhinopithecus_roxellana ENSRROG00000045604
rhinopithecus_bieti ENSRBIG00000027744
piliocolobus_tephrosceles ENSPTEG00000036999
pan_troglodytes ENSPTRG00000029149
pan_paniscus ENSPPAG00000000279
homo_sapiens ENSG00000204335
gorilla_gorilla ENSGGOG00000027746
pongo_abelii ENSPPYG00000012923
nomascus_leucogenys ENSNLEG00000005184
cebus_capucinus_imitator ENSCCAG00000026917
saimiri_boliviensis_boliviensis ENSSBOG00000021173
callithrix_jacchus ENSCJAG00000006965
aotus_nancymaae ENSANAG00000032572
microcebus_murinus ENSMICG00000030992
propithecus_coquereli ENSPCOG00000020629
prolemur_simus ENSPSMG00000023106
cricetulus_griseus_crigri-picr ENSCGRG00015003239
cricetulus_griseus_chok1gs_hdv1 ENSCGRG00001010611
cricetulus_griseus_crigri_1.0 ENSCGRG00000004665
mesocricetus_auratus ENSMAUG00000021736
microtus_ochrogaster ENSMOCG00000021094
peromyscus_maniculatus_bairdii ENSPEMG00000021438
mus_spicilegus ENSMSIG00000005949
mus_spretus_strain_spret/eij MGP_SPRETEiJ_G0024555
mus_musculus_strain_reference_cl57bl6 ENSMUSG00000075304
mus_caroli_strain_caroli_eij MGP_CAROLIEiJ_G0023633
mus_pahari_strain_pahari_eij MGP_PahariEiJ_G0025085
rattus_norvegicus ENSRNOG00000054086
meriones_unguiculatus ENSMUGG00000018419
nannospalax_galili ENSNGAG00000021968
jaculus_jaculus ENSJJAG00000015843
castor_canadensis ENSCCNG00000006764
dipodomys_ordii ENSDORG00000025257
ictidomys_tridecemlineatus ENSSTOG00000008099
ictidomys_tridecemlineatus ENSSTOG00000029574
urocitellus_parryii ENSUPAG00010009921
cavia_porcellus ENSCPOG00000031622
octodon_degus ENSODEG00000011134
chinchilla_lanigera ENSCLAG00000008076
heterocephalus_glaber_hetgla_female_1.0 ENSHGLG00000005173
loxodonta_africana ENSLAFG00000002720
procavia_capensis ENSPCAG00000017098
dasypus_novemcinctus ENSDNOG00000030892
pteropus_vampyrus ENSPVAG00000006625
myotis_lucifugus ENSMLUG00000028807
capra_hircus ENSCHIG00000006719
ovis_aries ENSOARG00000002449
bos_taurus ENSBTAG00000003207
bos_mutus ENSBMUG00000002643
sus_scrofa ENSSSCG00000038355
tursiops_truncatus ENSTTRG00000004531
equus_caballus ENSECAG00000036791
equus_asinus_asinus ENSEASG00005022712
erinaceus_europaeus ENSEEUG00000002614
ursus_americanus ENSUAMG00000002400
ailuropoda_melanoleuca ENSAMEG00000010417
canis_lupus_familiaris ENSCAFG00000012550
canis_lupus_dingo ENSCAFG00020003040
neovison_vison ENSNVIG00000006260
mustela_putorius_furo ENSMPUG00000000796
panthera_pardus ENSPPRG00000002308
felis_catus ENSFCAG00000044347
vicugna_pacos ENSVPAG00000007190
vulpes_vulpes ENSVVUG00000015834
melopsittacus_undulatus ENSMUNG00000008149
carlito_syrichta ENSTSYG00000031750
phascolarctos_cinereus ENSPCIG00000012480
monodelphis_domestica ENSMODG00000008446
ornithorhynchus_anatinus ENSOANG00000008556
notechis_scutatus ENSNSUG00000014418
anolis_carolinensis ENSACAG00000016843
salvator_merianae ENSSMRG00000011412
xenopus_tropicalis ENSXETG00000025407
latimeria_chalumnae ENSLACG00000001435
paramormyrops_kingsleyae ENSPKIG00000019297
paramormyrops_kingsleyae ENSPKIG00000006641
scleropages_formosus ENSSFOG00015000586
poecilia_mexicana ENSPMEG00000010559
poecilia_mexicana ENSPMEG00000004729
poecilia_formosa ENSPFOG00000011175
poecilia_latipinna ENSPLAG00000020176
poecilia_reticulata ENSPREG00000004043
xiphophorus_maculatus ENSXMAG00000027772
fundulus_heteroclitus ENSFHEG00000006507
cyprinodon_variegatus ENSCVAG00000021892
kryptolebias_marmoratus ENSKMAG00000016516
oryzias_latipes_asm223467v1 ENSORLG00000017252
oryzias_latipes_asm223471v1 ENSORLG00020021938
oryzias_melastigma ENSOMEG00000003643
cynoglossus_semilaevis ENSCSEG00000011702
mola_mola ENSMMOG00000002058
takifugu_rubripes ENSTRUG00000017816
gasterosteus_aculeatus ENSGACG00000005058
mastacembelus_armatus ENSMAMG00000005206
monopterus_albus ENSMALG00000008316
anabas_testudineus ENSATEG00000016550
seriola_dumerili ENSSDUG00000020471
seriola_lalandi_dorsalis ENSSLDG00000002175
maylandia_zebra ENSMZEG00005005648
astatotilapia_calliptera ENSACLG00000010442
haplochromis_burtoni ENSHBUG00000007139
pundamilia_nyererei ENSPNYG00000006789
neolamprologus_brichardi ENSNBRG00000012454
oreochromis_niloticus ENSONIG00000008768
amphilophus_citrinellus ENSACIG00000001523
amphiprion_percula ENSAPEG00000020720
amphiprion_ocellaris ENSAOCG00000019899
acanthochromis_polyacanthus ENSAPOG00000005232
stegastes_partitus ENSSPAG00000006088
labrus_bergylta ENSLBEG00000017781
tetraodon_nigroviridis ENSTNIG00000016928
tetraodon_nigroviridis ENSTNIG00000002389
scophthalmus_maximus ENSSMAG00000014063
periophthalmus_magnuspinnatus ENSPMGG00000011416
hippocampus_comes ENSHCOG00000010848
gadus_morhua ENSGMOG00000002497
esox_lucius ENSELUG00000021329
astyanax_mexicanus ENSAMXG00000040352
pygocentrus_nattereri ENSPNAG00000019671
ictalurus_punctatus ENSIPUG00000020855
danio_rerio ENSDARG00000076571
lepisosteus_oculatus ENSLOCG00000007856
bison_bison_bison ENSBBBG00000019662
danio_rerio ENSDARG00000005846
eptatretus_burgeri ENSEBUG00000011983
petromyzon_marinus ENSPMAG00000000389
monodelphis_domestica ENSMODG00000029023
caenorhabditis_elegans_strain_n2 WBGene00011926
