anolis_carolinensis ENSACAG00000011352
anolis_carolinensis ENSACAG00000000513
pogona_vitticeps ENSPVIG00000015069
salvator_merianae ENSSMRG00000009995
chelonoidis_abingdonii ENSCABG00000006246
gopherus_agassizii ENSGAGG00000006623
chrysemys_picta_bellii ENSCPBG00000018875
chrysemys_picta_bellii ENSCPBG00000021437
sphenodon_punctatus ENSSPUG00000017875
eptatretus_burgeri ENSEBUG00000007998
manacus_vitellinus ENSMVIG00005007208
lepidothrix_coronata ENSLCOG00000009560
parus_major ENSPMJG00000004373
cyanistes_caeruleus ENSCCEG00000005180
ficedula_albicollis ENSFALG00000004909
junco_hyemalis ENSJHYG00000001224
zonotrichia_albicollis ENSZALG00000004835
serinus_canaria ENSSCAG00000013651
taeniopygia_guttata ENSTGUG00000005628
lonchura_striata_domestica ENSLSDG00000001803
calidris_pygmaea ENSCPGG00000005643
calidris_pugnax ENSCPUG00000005756
anser_brachyrhynchus ENSABRG00000009613
anas_platyrhynchos_platyrhynchos ENSAPLG00000011206
gallus_gallus ENSGALG00000004859
meleagris_gallopavo ENSMGAG00000005090
coturnix_japonica ENSCJPG00005002920
numida_meleagris ENSNMEG00000015976
apteryx_haastii ENSAHAG00000006732
apteryx_owenii ENSAOWG00000005183
apteryx_rowi ENSARWG00000014065
dromaius_novaehollandiae ENSDNVG00000006729
nothoprocta_perdicaria ENSNPEG00000011914
crocodylus_porosus ENSCPRG00005008593
gopherus_agassizii ENSGAGG00000001217
chelonoidis_abingdonii ENSCABG00000023154
chrysemys_picta_bellii ENSCPBG00000026799
pelodiscus_sinensis ENSPSIG00000015095
sphenodon_punctatus ENSSPUG00000015721
anolis_carolinensis ENSACAG00000001775
anolis_carolinensis ENSACAG00000026031
pogona_vitticeps ENSPVIG00000001578
sphenodon_punctatus ENSSPUG00000015739
ochotona_princeps ENSOPRG00000014619
oryctolagus_cuniculus ENSOCUG00000009811
tupaia_belangeri ENSTBEG00000005829
mus_spretus_strain_spret/eij MGP_SPRETEiJ_G0025621
mus_musculus_strain_reference_cl57bl6 ENSMUSG00000039501
mus_spicilegus ENSMSIG00000031330
mus_caroli_strain_caroli_eij MGP_CAROLIEiJ_G0024701
mus_pahari_strain_pahari_eij MGP_PahariEiJ_G0026143
rattus_norvegicus ENSRNOG00000008194
meriones_unguiculatus ENSMUGG00000005274
peromyscus_maniculatus_bairdii ENSPEMG00000008042
microtus_ochrogaster ENSMOCG00000005411
cricetulus_griseus_chok1gs_hdv1 ENSCGRG00001017355
cricetulus_griseus_crigri-picr ENSCGRG00015019140
cricetulus_griseus_crigri_1.0 ENSCGRG00000006793
mesocricetus_auratus ENSMAUG00000016416
nannospalax_galili ENSNGAG00000023641
jaculus_jaculus ENSJJAG00000019468
castor_canadensis ENSCCNG00000012991
dipodomys_ordii ENSDORG00000014142
heterocephalus_glaber_hetgla_female_1.0 ENSHGLG00000008068
heterocephalus_glaber_hetgla_1.0 ENSHGLG00100000196
fukomys_damarensis ENSFDAG00000012382
chinchilla_lanigera ENSCLAG00000006567
octodon_degus ENSODEG00000006490
cavia_aperea ENSCAPG00000017159
cavia_porcellus ENSCPOG00000010937
urocitellus_parryii ENSUPAG00010022013
marmota_marmota_marmota ENSMMMG00000007354
spermophilus_dauricus ENSSDAG00000007116
ictidomys_tridecemlineatus ENSSTOG00000028176
pan_troglodytes ENSPTRG00000013603
pan_paniscus ENSPPAG00000032191
homo_sapiens ENSG00000124201
gorilla_gorilla ENSGGOG00000008501
pongo_abelii ENSPPYG00000011114
nomascus_leucogenys ENSNLEG00000006965
rhinopithecus_roxellana ENSRROG00000029056
rhinopithecus_bieti ENSRBIG00000041059
piliocolobus_tephrosceles ENSPTEG00000014914
colobus_angolensis_palliatus ENSCANG00000030836
macaca_fascicularis ENSMFAG00000040759
macaca_nemestrina ENSMNEG00000037146
chlorocebus_sabaeus ENSCSAG00000015001
macaca_mulatta ENSMMUG00000023623
papio_anubis ENSPANG00000024121
theropithecus_gelada ENSTGEG00000015934
mandrillus_leucophaeus ENSMLEG00000030217
cercocebus_atys ENSCATG00000005905
callithrix_jacchus ENSCJAG00000016115
saimiri_boliviensis_boliviensis ENSSBOG00000024677
cebus_capucinus_imitator ENSCCAG00000027959
aotus_nancymaae ENSANAG00000034022
carlito_syrichta ENSTSYG00000002159
propithecus_coquereli ENSPCOG00000001474
prolemur_simus ENSPSMG00000012403
microcebus_murinus ENSMICG00000002013
otolemur_garnettii ENSOGAG00000002132
pteropus_vampyrus ENSPVAG00000006310
myotis_lucifugus ENSMLUG00000003202
equus_caballus ENSECAG00000008210
equus_asinus_asinus ENSEASG00005023340
ovis_aries ENSOARG00000012500
capra_hircus ENSCHIG00000018393
bos_mutus ENSBMUG00000011933
bos_taurus ENSBTAG00000020166
bison_bison_bison ENSBBBG00000001981
tursiops_truncatus ENSTTRG00000004290
sus_scrofa ENSSSCG00000030108
vicugna_pacos ENSVPAG00000001318
erinaceus_europaeus ENSEEUG00000012212
sorex_araneus ENSSARG00000011647
ursus_americanus ENSUAMG00000025523
ursus_maritimus ENSUMAG00000024472
ailuropoda_melanoleuca ENSAMEG00000013605
mustela_putorius_furo ENSMPUG00000017571
neovison_vison ENSNVIG00000007977
canis_lupus_familiaris ENSCAFG00000011408
canis_lupus_dingo ENSCAFG00020017272
vulpes_vulpes ENSVVUG00000022344
panthera_tigris_altaica ENSPTIG00000011606
panthera_pardus ENSPPRG00000008291
felis_catus ENSFCAG00000001449
choloepus_hoffmanni ENSCHOG00000008852
dasypus_novemcinctus ENSDNOG00000037538
loxodonta_africana ENSLAFG00000012198
procavia_capensis ENSPCAG00000003456
echinops_telfairi ENSETEG00000018243
phascolarctos_cinereus ENSPCIG00000008051
notamacropus_eugenii ENSMEUG00000014436
sarcophilus_harrisii ENSSHAG00000008813
monodelphis_domestica ENSMODG00000016290
ornithorhynchus_anatinus ENSOANG00000006399
xenopus_tropicalis ENSXETG00000007360
latimeria_chalumnae ENSLACG00000012036
gasterosteus_aculeatus ENSGACG00000006038
cynoglossus_semilaevis ENSCSEG00000019131
takifugu_rubripes ENSTRUG00000014181
tetraodon_nigroviridis ENSTNIG00000007068
mola_mola ENSMMOG00000006054
labrus_bergylta ENSLBEG00000023342
monopterus_albus ENSMALG00000011145
mastacembelus_armatus ENSMAMG00000008423
anabas_testudineus ENSATEG00000025055
seriola_dumerili ENSSDUG00000023633
seriola_lalandi_dorsalis ENSSLDG00000008179
scophthalmus_maximus ENSSMAG00000011154
cyprinodon_variegatus ENSCVAG00000002631
fundulus_heteroclitus ENSFHEG00000016960
xiphophorus_maculatus ENSXMAG00000005859
xiphophorus_couchianus ENSXCOG00000013919
gambusia_affinis ENSGAFG00000014255
poecilia_formosa ENSPFOG00000002172
poecilia_mexicana ENSPMEG00000014118
poecilia_latipinna ENSPLAG00000003505
poecilia_reticulata ENSPREG00000009540
kryptolebias_marmoratus ENSKMAG00000013898
oryzias_latipes_asm223467v1 ENSORLG00000006096
oryzias_latipes_asm223471v1 ENSORLG00020015823
oryzias_latipes_asm223469v1 ENSORLG00015011517
oryzias_melastigma ENSOMEG00000000420
astatotilapia_calliptera ENSACLG00000020441
maylandia_zebra ENSMZEG00005005268
haplochromis_burtoni ENSHBUG00000008159
pundamilia_nyererei ENSPNYG00000012569
neolamprologus_brichardi ENSNBRG00000006236
oreochromis_niloticus ENSONIG00000006808
amphilophus_citrinellus ENSACIG00000015220
amphiprion_percula ENSAPEG00000020946
amphiprion_ocellaris ENSAOCG00000021079
acanthochromis_polyacanthus ENSAPOG00000021578
stegastes_partitus ENSSPAG00000009381
hippocampus_comes ENSHCOG00000013908
periophthalmus_magnuspinnatus ENSPMGG00000017678
periophthalmus_magnuspinnatus ENSPMGG00000017672
gadus_morhua ENSGMOG00000000630
gadus_morhua ENSGMOG00000000625
gadus_morhua ENSGMOG00000000669
esox_lucius ENSELUG00000014505
pygocentrus_nattereri ENSPNAG00000015929
astyanax_mexicanus ENSAMXG00000000907
ictalurus_punctatus ENSIPUG00000024633
danio_rerio ENSDARG00000100280
scleropages_formosus ENSSFOG00015003037
paramormyrops_kingsleyae ENSPKIG00000002763
lepisosteus_oculatus ENSLOCG00000002641
latimeria_chalumnae ENSLACG00000013423
xenopus_tropicalis ENSXETG00000003560
scleropages_formosus ENSSFOG00015021599
paramormyrops_kingsleyae ENSPKIG00000013575
paramormyrops_kingsleyae ENSPKIG00000005163
scleropages_formosus ENSSFOG00015012302
lepisosteus_oculatus ENSLOCG00000013601
petromyzon_marinus ENSPMAG00000000889
petromyzon_marinus ENSPMAG00000000283
petromyzon_marinus ENSPMAG00000005104
eptatretus_burgeri ENSEBUG00000015822
ciona_savignyi ENSCSAVG00000000277
ciona_savignyi ENSCSAVG00000008940
ciona_intestinalis ENSCING00000013341
ciona_intestinalis ENSCING00000019817
ciona_savignyi ENSCSAVG00000001621
ciona_intestinalis ENSCING00000007808
drosophila_melanogaster FBgn0039165
