apteryx_owenii ENSAOWG00000007738
apteryx_haastii ENSAHAG00000012112
nothoprocta_perdicaria ENSNPEG00000006936
apteryx_rowi ENSARWG00000003378
dromaius_novaehollandiae ENSDNVG00000005460
zonotrichia_albicollis ENSZALG00000016302
junco_hyemalis ENSJHYG00000018435
ficedula_albicollis ENSFALG00000003665
parus_major ENSPMJG00000011661
serinus_canaria ENSSCAG00000003084
taeniopygia_guttata ENSTGUG00000009804
lonchura_striata_domestica ENSLSDG00000015464
cyanistes_caeruleus ENSCCEG00000022595
manacus_vitellinus ENSMVIG00005017327
lepidothrix_coronata ENSLCOG00000014216
calidris_pygmaea ENSCPGG00000003405
calidris_pugnax ENSCPUG00000007268
melopsittacus_undulatus ENSMUNG00000012878
coturnix_japonica ENSCJPG00005013213
meleagris_gallopavo ENSMGAG00000014815
gallus_gallus ENSGALG00000038936
numida_meleagris ENSNMEG00000017723
anas_platyrhynchos_platyrhynchos ENSAPLG00000028840
anser_brachyrhynchus ENSABRG00000017401
crocodylus_porosus ENSCPRG00005014426
gopherus_agassizii ENSGAGG00000002365
chelonoidis_abingdonii ENSCABG00000011448
chrysemys_picta_bellii ENSCPBG00000007265
pelodiscus_sinensis ENSPSIG00000008229
pogona_vitticeps ENSPVIG00000022174
anolis_carolinensis ENSACAG00000007270
notechis_scutatus ENSNSUG00000002039
salvator_merianae ENSSMRG00000003872
sphenodon_punctatus ENSSPUG00000005854
dipodomys_ordii ENSDORG00000001502
castor_canadensis ENSCCNG00000025133
cricetulus_griseus_crigri_1.0 ENSCGRG00000002713
cricetulus_griseus_crigri-picr ENSCGRG00015005851
cricetulus_griseus_chok1gs_hdv1 ENSCGRG00001013568
mesocricetus_auratus ENSMAUG00000008293
microtus_ochrogaster ENSMOCG00000013151
peromyscus_maniculatus_bairdii ENSPEMG00000027682
mus_musculus_strain_reference_cl57bl6 ENSMUSG00000079588
mus_spicilegus ENSMSIG00000025450
mus_spretus_strain_spret/eij MGP_SPRETEiJ_G0014890
mus_caroli_strain_caroli_eij MGP_CAROLIEiJ_G0014086
mus_pahari_strain_pahari_eij MGP_PahariEiJ_G0027331
rattus_norvegicus ENSRNOG00000028945
meriones_unguiculatus ENSMUGG00000026375
nannospalax_galili ENSNGAG00000010921
jaculus_jaculus ENSJJAG00000012535
spermophilus_dauricus ENSSDAG00000004035
ictidomys_tridecemlineatus ENSSTOG00000021121
urocitellus_parryii ENSUPAG00010011013
marmota_marmota_marmota ENSMMMG00000018908
cavia_aperea ENSCAPG00000008615
cavia_porcellus ENSCPOG00000007626
octodon_degus ENSODEG00000009218
chinchilla_lanigera ENSCLAG00000004968
heterocephalus_glaber_hetgla_female_1.0 ENSHGLG00000009687
heterocephalus_glaber_hetgla_1.0 ENSHGLG00100013836
fukomys_damarensis ENSFDAG00000015545
oryctolagus_cuniculus ENSOCUG00000017004
ochotona_princeps ENSOPRG00000001322
tupaia_belangeri ENSTBEG00000001032
prolemur_simus ENSPSMG00000021578
microcebus_murinus ENSMICG00000008841
otolemur_garnettii ENSOGAG00000015455
callithrix_jacchus ENSCJAG00000043937
saimiri_boliviensis_boliviensis ENSSBOG00000033723
cebus_capucinus_imitator ENSCCAG00000028079
aotus_nancymaae ENSANAG00000025324
pan_troglodytes ENSPTRG00000012308
pan_paniscus ENSPPAG00000038490
homo_sapiens ENSG00000170417
gorilla_gorilla ENSGGOG00000037042
pongo_abelii ENSPPYG00000012117
nomascus_leucogenys ENSNLEG00000014717
colobus_angolensis_palliatus ENSCANG00000022962
piliocolobus_tephrosceles ENSPTEG00000018944
rhinopithecus_roxellana ENSRROG00000000527
rhinopithecus_bieti ENSRBIG00000010759
papio_anubis ENSPANG00000005754
theropithecus_gelada ENSTGEG00000004622
macaca_mulatta ENSMMUG00000004169
macaca_nemestrina ENSMNEG00000000448
macaca_fascicularis ENSMFAG00000036897
mandrillus_leucophaeus ENSMLEG00000039255
cercocebus_atys ENSCATG00000034912
chlorocebus_sabaeus ENSCSAG00000017082
ursus_maritimus ENSUMAG00000020805
ursus_americanus ENSUAMG00000010304
ailuropoda_melanoleuca ENSAMEG00000013245
neovison_vison ENSNVIG00000016779
mustela_putorius_furo ENSMPUG00000010855
canis_lupus_dingo ENSCAFG00020010526
canis_lupus_familiaris ENSCAFG00000032659
panthera_pardus ENSPPRG00000009285
panthera_tigris_altaica ENSPTIG00000020452
felis_catus ENSFCAG00000029731
pteropus_vampyrus ENSPVAG00000011022
equus_asinus_asinus ENSEASG00005022068
erinaceus_europaeus ENSEEUG00000008557
myotis_lucifugus ENSMLUG00000012672
sorex_araneus ENSSARG00000008363
capra_hircus ENSCHIG00000021627
ovis_aries ENSOARG00000013022
bos_taurus ENSBTAG00000038462
bos_mutus ENSBMUG00000003044
bison_bison_bison ENSBBBG00000021321
tursiops_truncatus ENSTTRG00000011185
vicugna_pacos ENSVPAG00000007853
sus_scrofa ENSSSCG00000008150
propithecus_coquereli ENSPCOG00000025137
carlito_syrichta ENSTSYG00000028533
equus_caballus ENSECAG00000028489
vulpes_vulpes ENSVVUG00000012600
procavia_capensis ENSPCAG00000008652
loxodonta_africana ENSLAFG00000011215
choloepus_hoffmanni ENSCHOG00000004604
dasypus_novemcinctus ENSDNOG00000048037
echinops_telfairi ENSETEG00000017750
phascolarctos_cinereus ENSPCIG00000001521
notamacropus_eugenii ENSMEUG00000016207
monodelphis_domestica ENSMODG00000002447
ornithorhynchus_anatinus ENSOANG00000012245
xenopus_tropicalis ENSXETG00000030826
latimeria_chalumnae ENSLACG00000011051
scleropages_formosus ENSSFOG00015000109
paramormyrops_kingsleyae ENSPKIG00000010605
poecilia_formosa ENSPFOG00000013697
poecilia_latipinna ENSPLAG00000017053
poecilia_mexicana ENSPMEG00000013705
poecilia_reticulata ENSPREG00000016302
xiphophorus_maculatus ENSXMAG00000026038
gambusia_affinis ENSGAFG00000009820
fundulus_heteroclitus ENSFHEG00000008756
haplochromis_burtoni ENSHBUG00000004970
maylandia_zebra ENSMZEG00005015233
pundamilia_nyererei ENSPNYG00000008774
astatotilapia_calliptera ENSACLG00000010396
neolamprologus_brichardi ENSNBRG00000016892
amphilophus_citrinellus ENSACIG00000024086
scophthalmus_maximus ENSSMAG00000010680
hippocampus_comes ENSHCOG00000018520
seriola_lalandi_dorsalis ENSSLDG00000005209
seriola_dumerili ENSSDUG00000011199
labrus_bergylta ENSLBEG00000007033
mastacembelus_armatus ENSMAMG00000022292
monopterus_albus ENSMALG00000019817
anabas_testudineus ENSATEG00000015108
gadus_morhua ENSGMOG00000002038
esox_lucius ENSELUG00000006350
astyanax_mexicanus ENSAMXG00000034000
pygocentrus_nattereri ENSPNAG00000020241
ictalurus_punctatus ENSIPUG00000012557
danio_rerio ENSDARG00000087285
maylandia_zebra ENSMZEG00005022152
astatotilapia_calliptera ENSACLG00000002301
haplochromis_burtoni ENSHBUG00000023599
pundamilia_nyererei ENSPNYG00000014844
neolamprologus_brichardi ENSNBRG00000004727
oreochromis_niloticus ENSONIG00000014225
amphilophus_citrinellus ENSACIG00000022825
labrus_bergylta ENSLBEG00000017855
scophthalmus_maximus ENSSMAG00000019808
takifugu_rubripes ENSTRUG00000013683
tetraodon_nigroviridis ENSTNIG00000013878
mola_mola ENSMMOG00000019845
gasterosteus_aculeatus ENSGACG00000002970
amphiprion_ocellaris ENSAOCG00000020287
amphiprion_percula ENSAPEG00000006910
acanthochromis_polyacanthus ENSAPOG00000000099
stegastes_partitus ENSSPAG00000020381
seriola_lalandi_dorsalis ENSSLDG00000005832
seriola_dumerili ENSSDUG00000006446
mastacembelus_armatus ENSMAMG00000016605
oryzias_latipes_asm223467v1 ENSORLG00000012431
oryzias_latipes_asm223471v1 ENSORLG00020010660
oryzias_latipes_asm223469v1 ENSORLG00015013971
oryzias_melastigma ENSOMEG00000010949
anabas_testudineus ENSATEG00000009324
cynoglossus_semilaevis ENSCSEG00000004342
xiphophorus_maculatus ENSXMAG00000011583
xiphophorus_couchianus ENSXCOG00000018835
gambusia_affinis ENSGAFG00000021245
poecilia_formosa ENSPFOG00000015341
poecilia_mexicana ENSPMEG00000008544
poecilia_latipinna ENSPLAG00000021625
poecilia_reticulata ENSPREG00000009229
fundulus_heteroclitus ENSFHEG00000013024
cyprinodon_variegatus ENSCVAG00000004487
kryptolebias_marmoratus ENSKMAG00000000977
hippocampus_comes ENSHCOG00000003914
monopterus_albus ENSMALG00000005474
periophthalmus_magnuspinnatus ENSPMGG00000010542
gadus_morhua ENSGMOG00000012600
esox_lucius ENSELUG00000001272
pygocentrus_nattereri ENSPNAG00000009451
astyanax_mexicanus ENSAMXG00000030093
ictalurus_punctatus ENSIPUG00000004908
danio_rerio ENSDARG00000040374
lepisosteus_oculatus ENSLOCG00000008692
junco_hyemalis ENSJHYG00000008523
zonotrichia_albicollis ENSZALG00000014925
ficedula_albicollis ENSFALG00000004054
parus_major ENSPMJG00000004715
cyanistes_caeruleus ENSCCEG00000004508
lonchura_striata_domestica ENSLSDG00000018213
lonchura_striata_domestica ENSLSDG00000014162
taeniopygia_guttata ENSTGUG00000002530
serinus_canaria ENSSCAG00000002744
manacus_vitellinus ENSMVIG00005009453
lepidothrix_coronata ENSLCOG00000002717
anser_brachyrhynchus ENSABRG00000007234
anas_platyrhynchos_platyrhynchos ENSAPLG00000008654
coturnix_japonica ENSCJPG00005016484
gallus_gallus ENSGALG00000007110
meleagris_gallopavo ENSMGAG00000004814
numida_meleagris ENSNMEG00000020693
calidris_pugnax ENSCPUG00000002702
calidris_pygmaea ENSCPGG00000018959
melopsittacus_undulatus ENSMUNG00000009145
dromaius_novaehollandiae ENSDNVG00000018200
nothoprocta_perdicaria ENSNPEG00000013924
apteryx_haastii ENSAHAG00000006824
apteryx_owenii ENSAOWG00000013074
apteryx_rowi ENSARWG00000004442
crocodylus_porosus ENSCPRG00005010857
gopherus_agassizii ENSGAGG00000007928
chrysemys_picta_bellii ENSCPBG00000014482
chelonoidis_abingdonii ENSCABG00000005411
pelodiscus_sinensis ENSPSIG00000008219
anolis_carolinensis ENSACAG00000029632
pogona_vitticeps ENSPVIG00000008571
notechis_scutatus ENSNSUG00000020627
salvator_merianae ENSSMRG00000008539
sphenodon_punctatus ENSSPUG00000006455
phascolarctos_cinereus ENSPCIG00000034797
monodelphis_domestica ENSMODG00000014277
urocitellus_parryii ENSUPAG00010007269
cricetulus_griseus_crigri-picr ENSCGRG00015018509
equus_caballus ENSECAG00000038924
oryctolagus_cuniculus ENSOCUG00000029757
loxodonta_africana ENSLAFG00000026530
xenopus_tropicalis ENSXETG00000026233
latimeria_chalumnae ENSLACG00000007754
scleropages_formosus ENSSFOG00015011963
paramormyrops_kingsleyae ENSPKIG00000022407
pygocentrus_nattereri ENSPNAG00000011903
astyanax_mexicanus ENSAMXG00000043922
ictalurus_punctatus ENSIPUG00000014486
takifugu_rubripes ENSTRUG00000022912
tetraodon_nigroviridis ENSTNIG00000006013
cynoglossus_semilaevis ENSCSEG00000018174
fundulus_heteroclitus ENSFHEG00000014917
cyprinodon_variegatus ENSCVAG00000006596
xiphophorus_maculatus ENSXMAG00000011835
xiphophorus_couchianus ENSXCOG00000011651
poecilia_formosa ENSPFOG00000003596
poecilia_latipinna ENSPLAG00000013229
poecilia_mexicana ENSPMEG00000007312
poecilia_reticulata ENSPREG00000021893
gambusia_affinis ENSGAFG00000001987
anabas_testudineus ENSATEG00000019527
monopterus_albus ENSMALG00000010407
seriola_lalandi_dorsalis ENSSLDG00000002648
seriola_lalandi_dorsalis ENSSLDG00000024037
seriola_dumerili ENSSDUG00000011677
amphiprion_percula ENSAPEG00000009751
amphiprion_ocellaris ENSAOCG00000018771
acanthochromis_polyacanthus ENSAPOG00000000213
stegastes_partitus ENSSPAG00000010012
oryzias_latipes_asm223467v1 ENSORLG00000025422
oryzias_latipes_asm223469v1 ENSORLG00015012969
oryzias_latipes_asm223471v1 ENSORLG00020018264
oryzias_melastigma ENSOMEG00000000363
kryptolebias_marmoratus ENSKMAG00000015702
maylandia_zebra ENSMZEG00005006859
pundamilia_nyererei ENSPNYG00000000120
astatotilapia_calliptera ENSACLG00000024028
haplochromis_burtoni ENSHBUG00000002258
neolamprologus_brichardi ENSNBRG00000020035
oreochromis_niloticus ENSONIG00000017653
amphilophus_citrinellus ENSACIG00000013593
mastacembelus_armatus ENSMAMG00000014380
scophthalmus_maximus ENSSMAG00000011587
labrus_bergylta ENSLBEG00000015480
mola_mola ENSMMOG00000009563
gasterosteus_aculeatus ENSGACG00000018548
hippocampus_comes ENSHCOG00000003355
periophthalmus_magnuspinnatus ENSPMGG00000005637
eptatretus_burgeri ENSEBUG00000003109
