paramormyrops_kingsleyae ENSPKIG00000009060
paramormyrops_kingsleyae ENSPKIG00000025570
paramormyrops_kingsleyae ENSPKIG00000023553
paramormyrops_kingsleyae ENSPKIG00000001393
paramormyrops_kingsleyae ENSPKIG00000025568
scleropages_formosus ENSSFOG00015004427
esox_lucius ENSELUG00000015005
lepisosteus_oculatus ENSLOCG00000017768
lepisosteus_oculatus ENSLOCG00000000047
lepisosteus_oculatus ENSLOCG00000007057
calidris_pygmaea ENSCPGG00000014070
apteryx_rowi ENSARWG00000004312
mus_spicilegus ENSMSIG00000028220
meriones_unguiculatus ENSMUGG00000006154
ochotona_princeps ENSOPRG00000017054
vicugna_pacos ENSVPAG00000010594
petromyzon_marinus ENSPMAG00000007103
paramormyrops_kingsleyae ENSPKIG00000020340
seriola_dumerili ENSSDUG00000000254
manacus_vitellinus ENSMVIG00005002414
manacus_vitellinus ENSMVIG00005002400
lepidothrix_coronata ENSLCOG00000005456
ficedula_albicollis ENSFALG00000012537
calidris_pugnax ENSCPUG00000008452
nothoprocta_perdicaria ENSNPEG00000004863
gopherus_agassizii ENSGAGG00000002533
chrysemys_picta_bellii ENSCPBG00000010704
marmota_marmota_marmota ENSMMMG00000015644
marmota_marmota_marmota ENSMMMG00000015617
marmota_marmota_marmota ENSMMMG00000015638
spermophilus_dauricus ENSSDAG00000010990
spermophilus_dauricus ENSSDAG00000020653
urocitellus_parryii ENSUPAG00010007352
marmota_marmota_marmota ENSMMMG00000015601
oryctolagus_cuniculus ENSOCUG00000024184
sorex_araneus ENSSARG00000008704
procavia_capensis ENSPCAG00000011238
petromyzon_marinus ENSPMAG00000005097
petromyzon_marinus ENSPMAG00000009747
petromyzon_marinus ENSPMAG00000008901
monodelphis_domestica ENSMODG00000018264
monodelphis_domestica ENSMODG00000023354
sarcophilus_harrisii ENSSHAG00000003964
notamacropus_eugenii ENSMEUG00000003115
erinaceus_europaeus ENSEEUG00000004776
erinaceus_europaeus ENSEEUG00000005097
erinaceus_europaeus ENSEEUG00000000151
sorex_araneus ENSSARG00000008026
sorex_araneus ENSSARG00000008018
sorex_araneus ENSSARG00000007494
sorex_araneus ENSSARG00000013812
sorex_araneus ENSSARG00000010113
loxodonta_africana ENSLAFG00000027096
loxodonta_africana ENSLAFG00000025835
loxodonta_africana ENSLAFG00000004837
loxodonta_africana ENSLAFG00000028447
loxodonta_africana ENSLAFG00000028675
loxodonta_africana ENSLAFG00000031359
pan_paniscus ENSPPAG00000026745
pan_troglodytes ENSPTRG00000048852
pongo_abelii ENSPPYG00000003532
piliocolobus_tephrosceles ENSPTEG00000000143
prolemur_simus ENSPSMG00000006567
prolemur_simus ENSPSMG00000003325
microcebus_murinus ENSMICG00000043320
castor_canadensis ENSCCNG00000023091
chinchilla_lanigera ENSCLAG00000016844
meriones_unguiculatus ENSMUGG00000005860
mus_spicilegus ENSMSIG00000028217
peromyscus_maniculatus_bairdii ENSPEMG00000014624
heterocephalus_glaber_hetgla_1.0 ENSHGLG00100016101
marmota_marmota_marmota ENSMMMG00000015609
marmota_marmota_marmota ENSMMMG00000015611
urocitellus_parryii ENSUPAG00010007382
urocitellus_parryii ENSUPAG00010010323
urocitellus_parryii ENSUPAG00010007375
ictidomys_tridecemlineatus ENSSTOG00000031404
otolemur_garnettii ENSOGAG00000028235
otolemur_garnettii ENSOGAG00000012320
castor_canadensis ENSCCNG00000030976
dipodomys_ordii ENSDORG00000029838
heterocephalus_glaber_hetgla_female_1.0 ENSHGLG00000020589
cavia_aperea ENSCAPG00000013617
oryctolagus_cuniculus ENSOCUG00000027246
tupaia_belangeri ENSTBEG00000012738
tupaia_belangeri ENSTBEG00000012690
tupaia_belangeri ENSTBEG00000006746
tupaia_belangeri ENSTBEG00000007770
tupaia_belangeri ENSTBEG00000006896
tupaia_belangeri ENSTBEG00000004196
tupaia_belangeri ENSTBEG00000004493
tupaia_belangeri ENSTBEG00000005626
bison_bison_bison ENSBBBG00000015075
bos_taurus ENSBTAG00000052878
bos_taurus ENSBTAG00000037937
capra_hircus ENSCHIG00000001740
ovis_aries ENSOARG00000016510
capra_hircus ENSCHIG00000001685
capra_hircus ENSCHIG00000009663
capra_hircus ENSCHIG00000013289
bison_bison_bison ENSBBBG00000014486
bison_bison_bison ENSBBBG00000003361
bos_mutus ENSBMUG00000004273
sus_scrofa ENSSSCG00000031610
sus_scrofa ENSSSCG00000014618
sus_scrofa ENSSSCG00000033089
myotis_lucifugus ENSMLUG00000026066
myotis_lucifugus ENSMLUG00000027349
myotis_lucifugus ENSMLUG00000024631
myotis_lucifugus ENSMLUG00000026326
myotis_lucifugus ENSMLUG00000026023
myotis_lucifugus ENSMLUG00000026059
felis_catus ENSFCAG00000030203
equus_caballus ENSECAG00000029196
equus_caballus ENSECAG00000030750
equus_caballus ENSECAG00000040532
equus_asinus_asinus ENSEASG00005003111
equus_asinus_asinus ENSEASG00005003113
loxodonta_africana ENSLAFG00000008106
cricetulus_griseus_crigri-picr ENSCGRG00015012923
peromyscus_maniculatus_bairdii ENSPEMG00000029617
peromyscus_maniculatus_bairdii ENSPEMG00000031245
mus_spicilegus ENSMSIG00000005116
mus_spicilegus ENSMSIG00000005078
mus_musculus_strain_reference_cl57bl6 ENSMUSG00000078606
mus_musculus_strain_reference_cl57bl6 ENSMUSG00000045868
mus_spicilegus ENSMSIG00000023114
mus_spicilegus ENSMSIG00000023113
mus_spicilegus ENSMSIG00000009651
rattus_norvegicus ENSRNOG00000045560
nannospalax_galili ENSNGAG00000006736
jaculus_jaculus ENSJJAG00000013205
peromyscus_maniculatus_bairdii ENSPEMG00000026769
echinops_telfairi ENSETEG00000013864
lonchura_striata_domestica ENSLSDG00000011139
ornithorhynchus_anatinus ENSOANG00000014377
ornithorhynchus_anatinus ENSOANG00000015370
oryctolagus_cuniculus ENSOCUG00000016801
ochotona_princeps ENSOPRG00000018553
cricetulus_griseus_crigri-picr ENSCGRG00015012903
myotis_lucifugus ENSMLUG00000025786
ficedula_albicollis ENSFALG00000015332
lepisosteus_oculatus ENSLOCG00000000507
petromyzon_marinus ENSPMAG00000006418
chelonoidis_abingdonii ENSCABG00000021142
gopherus_agassizii ENSGAGG00000008851
chrysemys_picta_bellii ENSCPBG00000009266
chrysemys_picta_bellii ENSCPBG00000009296
chelonoidis_abingdonii ENSCABG00000017503
pelodiscus_sinensis ENSPSIG00000005281
pelodiscus_sinensis ENSPSIG00000015399
erinaceus_europaeus ENSEEUG00000002958
monodelphis_domestica ENSMODG00000023356
cricetulus_griseus_crigri-picr ENSCGRG00015012887
anser_brachyrhynchus ENSABRG00000000643
anser_brachyrhynchus ENSABRG00000000645
anser_brachyrhynchus ENSABRG00000000647
anser_brachyrhynchus ENSABRG00000000651
coturnix_japonica ENSCJPG00005012969
coturnix_japonica ENSCJPG00005012970
gallus_gallus ENSGALG00000016556
meleagris_gallopavo ENSMGAG00000015651
numida_meleagris ENSNMEG00000007324
numida_meleagris ENSNMEG00000007323
numida_meleagris ENSNMEG00000007321
cyanistes_caeruleus ENSCCEG00000020106
cyanistes_caeruleus ENSCCEG00000020207
junco_hyemalis ENSJHYG00000008645
junco_hyemalis ENSJHYG00000008649
junco_hyemalis ENSJHYG00000008664
zonotrichia_albicollis ENSZALG00000010220
zonotrichia_albicollis ENSZALG00000010219
serinus_canaria ENSSCAG00000012592
serinus_canaria ENSSCAG00000012587
serinus_canaria ENSSCAG00000012589
serinus_canaria ENSSCAG00000012577
zonotrichia_albicollis ENSZALG00000010222
taeniopygia_guttata ENSTGUG00000014429
taeniopygia_guttata ENSTGUG00000014425
taeniopygia_guttata ENSTGUG00000015724
lonchura_striata_domestica ENSLSDG00000011140
zonotrichia_albicollis ENSZALG00000011774
ficedula_albicollis ENSFALG00000008910
ficedula_albicollis ENSFALG00000008906
ficedula_albicollis ENSFALG00000008887
ficedula_albicollis ENSFALG00000000794
manacus_vitellinus ENSMVIG00005002019
manacus_vitellinus ENSMVIG00005002429
manacus_vitellinus ENSMVIG00005002412
manacus_vitellinus ENSMVIG00005015110
manacus_vitellinus ENSMVIG00005002426
manacus_vitellinus ENSMVIG00005002299
manacus_vitellinus ENSMVIG00005015119
manacus_vitellinus ENSMVIG00005001376
lepidothrix_coronata ENSLCOG00000002963
calidris_pygmaea ENSCPGG00000009841
calidris_pygmaea ENSCPGG00000003053
calidris_pugnax ENSCPUG00000001296
calidris_pugnax ENSCPUG00000008449
melopsittacus_undulatus ENSMUNG00000010473
anas_platyrhynchos_platyrhynchos ENSAPLG00000016883
apteryx_rowi ENSARWG00000004311
apteryx_haastii ENSAHAG00000005705
dromaius_novaehollandiae ENSDNVG00000018937
nothoprocta_perdicaria ENSNPEG00000004864
chrysemys_picta_bellii ENSCPBG00000002440
cricetulus_griseus_crigri-picr ENSCGRG00015012912
pteropus_vampyrus ENSPVAG00000002130
petromyzon_marinus ENSPMAG00000002479
gopherus_agassizii ENSGAGG00000023257
chelonoidis_abingdonii ENSCABG00000021140
chrysemys_picta_bellii ENSCPBG00000010703
pelodiscus_sinensis ENSPSIG00000015670
apteryx_rowi ENSARWG00000004313
apteryx_haastii ENSAHAG00000005709
nothoprocta_perdicaria ENSNPEG00000004865
crocodylus_porosus ENSCPRG00005003270
chelonoidis_abingdonii ENSCABG00000021145
pelodiscus_sinensis ENSPSIG00000015644
chrysemys_picta_bellii ENSCPBG00000011467
chrysemys_picta_bellii ENSCPBG00000010021
gopherus_agassizii ENSGAGG00000016374
chelonoidis_abingdonii ENSCABG00000021146
pelodiscus_sinensis ENSPSIG00000011215
pelodiscus_sinensis ENSPSIG00000002917
sphenodon_punctatus ENSSPUG00000010088
tursiops_truncatus ENSTTRG00000003232
lepisosteus_oculatus ENSLOCG00000018077
petromyzon_marinus ENSPMAG00000009748
manacus_vitellinus ENSMVIG00005013977
manacus_vitellinus ENSMVIG00005013979
ornithorhynchus_anatinus ENSOANG00000009504
ornithorhynchus_anatinus ENSOANG00000008781
myotis_lucifugus ENSMLUG00000026320
bos_mutus ENSBMUG00000012707
bos_mutus ENSBMUG00000012705
sorex_araneus ENSSARG00000001562
spermophilus_dauricus ENSSDAG00000020616
cyanistes_caeruleus ENSCCEG00000012028
junco_hyemalis ENSJHYG00000008656
calidris_pugnax ENSCPUG00000001893
esox_lucius ENSELUG00000015013
paramormyrops_kingsleyae ENSPKIG00000001323
pygocentrus_nattereri ENSPNAG00000021623
xenopus_tropicalis ENSXETG00000031420
prolemur_simus ENSPSMG00000020928
petromyzon_marinus ENSPMAG00000004343
petromyzon_marinus ENSPMAG00000000787
petromyzon_marinus ENSPMAG00000000784
xenopus_tropicalis ENSXETG00000030166
xenopus_tropicalis ENSXETG00000025918
panthera_pardus ENSPPRG00000021858
cyanistes_caeruleus ENSCCEG00000008116
sorex_araneus ENSSARG00000003649
ornithorhynchus_anatinus ENSOANG00000012159
ochotona_princeps ENSOPRG00000018811
oryctolagus_cuniculus ENSOCUG00000013667
myotis_lucifugus ENSMLUG00000030476
calidris_pygmaea ENSCPGG00000009901
astyanax_mexicanus ENSAMXG00000032086
astyanax_mexicanus ENSAMXG00000041391
astyanax_mexicanus ENSAMXG00000034734
astyanax_mexicanus ENSAMXG00000006199
astyanax_mexicanus ENSAMXG00000042844
astyanax_mexicanus ENSAMXG00000030180
ictalurus_punctatus ENSIPUG00000022161
pundamilia_nyererei ENSPNYG00000023544
maylandia_zebra ENSMZEG00005010478
astatotilapia_calliptera ENSACLG00000012603
maylandia_zebra ENSMZEG00005022200
pundamilia_nyererei ENSPNYG00000007633
oreochromis_niloticus ENSONIG00000021079
acanthochromis_polyacanthus ENSAPOG00000008769
acanthochromis_polyacanthus ENSAPOG00000010509
neolamprologus_brichardi ENSNBRG00000012806
maylandia_zebra ENSMZEG00005024603
amphilophus_citrinellus ENSACIG00000006165
amphilophus_citrinellus ENSACIG00000012656
neolamprologus_brichardi ENSNBRG00000022732
neolamprologus_brichardi ENSNBRG00000014701
amphilophus_citrinellus ENSACIG00000018751
astatotilapia_calliptera ENSACLG00000003988
neolamprologus_brichardi ENSNBRG00000010363
oreochromis_niloticus ENSONIG00000013726
pundamilia_nyererei ENSPNYG00000003673
amphilophus_citrinellus ENSACIG00000021977
stegastes_partitus ENSSPAG00000019285
seriola_lalandi_dorsalis ENSSLDG00000024992
seriola_lalandi_dorsalis ENSSLDG00000024989
seriola_lalandi_dorsalis ENSSLDG00000018457
seriola_dumerili ENSSDUG00000009955
anabas_testudineus ENSATEG00000011473
anabas_testudineus ENSATEG00000010840
anabas_testudineus ENSATEG00000008547
periophthalmus_magnuspinnatus ENSPMGG00000012199
periophthalmus_magnuspinnatus ENSPMGG00000019070
poecilia_formosa ENSPFOG00000023702
poecilia_formosa ENSPFOG00000023220
poecilia_latipinna ENSPLAG00000001019
poecilia_mexicana ENSPMEG00000004135
poecilia_reticulata ENSPREG00000017287
cyprinodon_variegatus ENSCVAG00000020415
takifugu_rubripes ENSTRUG00000002236
takifugu_rubripes ENSTRUG00000002662
ornithorhynchus_anatinus ENSOANG00000001383
ornithorhynchus_anatinus ENSOANG00000001382
tupaia_belangeri ENSTBEG00000011586
cricetulus_griseus_crigri-picr ENSCGRG00015012920
scleropages_formosus ENSSFOG00015004436
notamacropus_eugenii ENSMEUG00000011324
choloepus_hoffmanni ENSCHOG00000009573
urocitellus_parryii ENSUPAG00010020100
pelodiscus_sinensis ENSPSIG00000000272
anolis_carolinensis ENSACAG00000026569
xenopus_tropicalis ENSXETG00000031160
xenopus_tropicalis ENSXETG00000033216
xenopus_tropicalis ENSXETG00000000016
xenopus_tropicalis ENSXETG00000008010
peromyscus_maniculatus_bairdii ENSPEMG00000030684
petromyzon_marinus ENSPMAG00000010405
petromyzon_marinus ENSPMAG00000001613
coturnix_japonica ENSCJPG00005006696
