gopherus_agassizii ENSGAGG00000023791
chrysemys_picta_bellii ENSCPBG00000008082
sphenodon_punctatus ENSSPUG00000016169
spermophilus_dauricus ENSSDAG00000015473
mus_spicilegus ENSMSIG00000002657
canis_lupus_familiaris ENSCAFG00000030567
manacus_vitellinus ENSMVIG00005018702
zonotrichia_albicollis ENSZALG00000005381
ficedula_albicollis ENSFALG00000010588
lonchura_striata_domestica ENSLSDG00000003144
serinus_canaria ENSSCAG00000008620
meleagris_gallopavo ENSMGAG00000001189
parus_major ENSPMJG00000008015
cyanistes_caeruleus ENSCCEG00000004615
manacus_vitellinus ENSMVIG00005002382
lepidothrix_coronata ENSLCOG00000005415
manacus_vitellinus ENSMVIG00005002132
lepidothrix_coronata ENSLCOG00000005411
manacus_vitellinus ENSMVIG00005003250
lepidothrix_coronata ENSLCOG00000005409
lonchura_striata_domestica ENSLSDG00000003227
melopsittacus_undulatus ENSMUNG00000002900
melopsittacus_undulatus ENSMUNG00000010260
numida_meleagris ENSNMEG00000004120
nothoprocta_perdicaria ENSNPEG00000009736
nothoprocta_perdicaria ENSNPEG00000013925
anas_platyrhynchos_platyrhynchos ENSAPLG00000005766
anas_platyrhynchos_platyrhynchos ENSAPLG00000020206
anas_platyrhynchos_platyrhynchos ENSAPLG00000024576
anas_platyrhynchos_platyrhynchos ENSAPLG00000020581
anser_brachyrhynchus ENSABRG00000014149
coturnix_japonica ENSCJPG00005011437
calidris_pygmaea ENSCPGG00000017814
nothoprocta_perdicaria ENSNPEG00000004060
apteryx_haastii ENSAHAG00000016207
calidris_pygmaea ENSCPGG00000010221
calidris_pygmaea ENSCPGG00000016863
calidris_pugnax ENSCPUG00000007656
calidris_pugnax ENSCPUG00000013426
calidris_pugnax ENSCPUG00000013410
calidris_pugnax ENSCPUG00000014476
calidris_pugnax ENSCPUG00000013429
calidris_pugnax ENSCPUG00000014477
calidris_pugnax ENSCPUG00000007923
calidris_pugnax ENSCPUG00000013325
calidris_pygmaea ENSCPGG00000010696
melopsittacus_undulatus ENSMUNG00000010258
melopsittacus_undulatus ENSMUNG00000002440
melopsittacus_undulatus ENSMUNG00000010257
manacus_vitellinus ENSMVIG00005006308
manacus_vitellinus ENSMVIG00005018694
manacus_vitellinus ENSMVIG00005018714
cyanistes_caeruleus ENSCCEG00000005189
serinus_canaria ENSSCAG00000008614
serinus_canaria ENSSCAG00000008643
serinus_canaria ENSSCAG00000008631
ficedula_albicollis ENSFALG00000015088
lonchura_striata_domestica ENSLSDG00000002903
lonchura_striata_domestica ENSLSDG00000000899
serinus_canaria ENSSCAG00000008624
ficedula_albicollis ENSFALG00000015213
ficedula_albicollis ENSFALG00000002835
ficedula_albicollis ENSFALG00000007521
ficedula_albicollis ENSFALG00000008476
ficedula_albicollis ENSFALG00000000983
ficedula_albicollis ENSFALG00000002828
ficedula_albicollis ENSFALG00000002768
ficedula_albicollis ENSFALG00000007142
gallus_gallus ENSGALG00000049413
gallus_gallus ENSGALG00000050020
gallus_gallus ENSGALG00000047543
gallus_gallus ENSGALG00000049478
gallus_gallus ENSGALG00000047231
gallus_gallus ENSGALG00000051761
gallus_gallus ENSGALG00000047437
gallus_gallus ENSGALG00000050686
gallus_gallus ENSGALG00000053483
gallus_gallus ENSGALG00000052985
gallus_gallus ENSGALG00000054763
gallus_gallus ENSGALG00000048318
gallus_gallus ENSGALG00000054183
gallus_gallus ENSGALG00000049363
anas_platyrhynchos_platyrhynchos ENSAPLG00000030205
anas_platyrhynchos_platyrhynchos ENSAPLG00000011975
apteryx_owenii ENSAOWG00000016206
apteryx_haastii ENSAHAG00000017041
calidris_pugnax ENSCPUG00000006206
ornithorhynchus_anatinus ENSOANG00000031137
phascolarctos_cinereus ENSPCIG00000021037
chelonoidis_abingdonii ENSCABG00000021970
latimeria_chalumnae ENSLACG00000003645
latimeria_chalumnae ENSLACG00000006212
notamacropus_eugenii ENSMEUG00000009441
monodelphis_domestica ENSMODG00000023761
phascolarctos_cinereus ENSPCIG00000033515
sarcophilus_harrisii ENSSHAG00000009569
sarcophilus_harrisii ENSSHAG00000009164
sarcophilus_harrisii ENSSHAG00000009301
phascolarctos_cinereus ENSPCIG00000004793
monodelphis_domestica ENSMODG00000023764
monodelphis_domestica ENSMODG00000010729
mus_spicilegus ENSMSIG00000002895
mus_spicilegus ENSMSIG00000006625
cricetulus_griseus_crigri_1.0 ENSCGRG00000004181
jaculus_jaculus ENSJJAG00000009978
cavia_aperea ENSCAPG00000012612
octodon_degus ENSODEG00000012563
rhinopithecus_bieti ENSRBIG00000032314
capra_hircus ENSCHIG00000023838
bos_mutus ENSBMUG00000017435
ursus_americanus ENSUAMG00000028359
myotis_lucifugus ENSMLUG00000028837
myotis_lucifugus ENSMLUG00000023383
monodelphis_domestica ENSMODG00000010970
ursus_americanus ENSUAMG00000000641
ursus_maritimus ENSUMAG00000012707
ailuropoda_melanoleuca ENSAMEG00000010709
canis_lupus_dingo ENSCAFG00020021205
vulpes_vulpes ENSVVUG00000017454
equus_asinus_asinus ENSEASG00005018134
ovis_aries ENSOARG00000014220
bos_mutus ENSBMUG00000017185
sus_scrofa ENSSSCG00000031384
myotis_lucifugus ENSMLUG00000001810
mus_spretus_strain_spret/eij MGP_SPRETEiJ_G0023092
mus_musculus_strain_reference_cl57bl6 ENSMUSG00000103332
mus_caroli_strain_caroli_eij MGP_CAROLIEiJ_G0022182
mus_pahari_strain_pahari_eij MGP_PahariEiJ_G0018916
rattus_norvegicus ENSRNOG00000034126
microtus_ochrogaster ENSMOCG00000015642
nannospalax_galili ENSNGAG00000008996
jaculus_jaculus ENSJJAG00000010127
cavia_aperea ENSCAPG00000014928
octodon_degus ENSODEG00000014760
tupaia_belangeri ENSTBEG00000006038
homo_sapiens ENSG00000081853
dasypus_novemcinctus ENSDNOG00000031483
procavia_capensis ENSPCAG00000010331
ochotona_princeps ENSOPRG00000016905
ornithorhynchus_anatinus ENSOANG00000028553
ornithorhynchus_anatinus ENSOANG00000005807
ornithorhynchus_anatinus ENSOANG00000008948
ornithorhynchus_anatinus ENSOANG00000029181
ornithorhynchus_anatinus ENSOANG00000000507
ornithorhynchus_anatinus ENSOANG00000007223
sphenodon_punctatus ENSSPUG00000016394
sphenodon_punctatus ENSSPUG00000016537
sphenodon_punctatus ENSSPUG00000016327
sphenodon_punctatus ENSSPUG00000016342
sphenodon_punctatus ENSSPUG00000016230
sphenodon_punctatus ENSSPUG00000016152
sphenodon_punctatus ENSSPUG00000015787
sphenodon_punctatus ENSSPUG00000015904
sphenodon_punctatus ENSSPUG00000015168
sphenodon_punctatus ENSSPUG00000015759
sphenodon_punctatus ENSSPUG00000015660
pelodiscus_sinensis ENSPSIG00000000653
pelodiscus_sinensis ENSPSIG00000004834
pelodiscus_sinensis ENSPSIG00000004827
chelonoidis_abingdonii ENSCABG00000021975
gopherus_agassizii ENSGAGG00000005371
chelonoidis_abingdonii ENSCABG00000021977
gopherus_agassizii ENSGAGG00000023788
chelonoidis_abingdonii ENSCABG00000021984
gopherus_agassizii ENSGAGG00000023790
chrysemys_picta_bellii ENSCPBG00000008073
gopherus_agassizii ENSGAGG00000023792
anolis_carolinensis ENSACAG00000024968
anolis_carolinensis ENSACAG00000023556
notechis_scutatus ENSNSUG00000008057
salvator_merianae ENSSMRG00000019051
anolis_carolinensis ENSACAG00000022026
anolis_carolinensis ENSACAG00000028163
anolis_carolinensis ENSACAG00000025849
anolis_carolinensis ENSACAG00000024960
pogona_vitticeps ENSPVIG00000015922
pogona_vitticeps ENSPVIG00000015923
pogona_vitticeps ENSPVIG00000015925
notechis_scutatus ENSNSUG00000008060
notechis_scutatus ENSNSUG00000008058
salvator_merianae ENSSMRG00000019052
anolis_carolinensis ENSACAG00000026692
pogona_vitticeps ENSPVIG00000015920
salvator_merianae ENSSMRG00000019048
anolis_carolinensis ENSACAG00000024949
salvator_merianae ENSSMRG00000019049
salvator_merianae ENSSMRG00000019047
anolis_carolinensis ENSACAG00000012366
pogona_vitticeps ENSPVIG00000015918
pogona_vitticeps ENSPVIG00000015919
anolis_carolinensis ENSACAG00000023024
salvator_merianae ENSSMRG00000019046
cyprinodon_variegatus ENSCVAG00000013202
xiphophorus_couchianus ENSXCOG00000015375
kryptolebias_marmoratus ENSKMAG00000008103
oryzias_latipes_asm223467v1 ENSORLG00000025173
oryzias_latipes_asm223471v1 ENSORLG00020015202
seriola_lalandi_dorsalis ENSSLDG00000000096
seriola_dumerili ENSSDUG00000013141
labrus_bergylta ENSLBEG00000003185
