ciona_intestinalis ENSCING00000011479
ciona_intestinalis ENSCING00000003738
ciona_intestinalis ENSCING00000018757
ciona_intestinalis ENSCING00000023023
ciona_intestinalis ENSCING00000019679
ciona_intestinalis ENSCING00000000378
ciona_savignyi ENSCSAVG00000009578
apteryx_owenii ENSAOWG00000010808
apteryx_haastii ENSAHAG00000008625
apteryx_rowi ENSARWG00000007321
dromaius_novaehollandiae ENSDNVG00000006046
nothoprocta_perdicaria ENSNPEG00000014152
taeniopygia_guttata ENSTGUG00000015745
taeniopygia_guttata ENSTGUG00000002791
lonchura_striata_domestica ENSLSDG00000005421
serinus_canaria ENSSCAG00000000145
parus_major ENSPMJG00000007979
cyanistes_caeruleus ENSCCEG00000011656
junco_hyemalis ENSJHYG00000000221
zonotrichia_albicollis ENSZALG00000014266
ficedula_albicollis ENSFALG00000004238
manacus_vitellinus ENSMVIG00005001242
lepidothrix_coronata ENSLCOG00000004433
meleagris_gallopavo ENSMGAG00000000864
gallus_gallus ENSGALG00000038728
numida_meleagris ENSNMEG00000010973
anas_platyrhynchos_platyrhynchos ENSAPLG00000006354
anser_brachyrhynchus ENSABRG00000001323
calidris_pygmaea ENSCPGG00000007204
calidris_pugnax ENSCPUG00000017853
melopsittacus_undulatus ENSMUNG00000013187
crocodylus_porosus ENSCPRG00005009042
gopherus_agassizii ENSGAGG00000008784
chelonoidis_abingdonii ENSCABG00000012377
chrysemys_picta_bellii ENSCPBG00000007212
pelodiscus_sinensis ENSPSIG00000016312
sphenodon_punctatus ENSSPUG00000007240
xenopus_tropicalis ENSXETG00000005094
latimeria_chalumnae ENSLACG00000015939
loxodonta_africana ENSLAFG00000016367
echinops_telfairi ENSETEG00000019697
procavia_capensis ENSPCAG00000016303
microcebus_murinus ENSMICG00000028902
prolemur_simus ENSPSMG00000021362
propithecus_coquereli ENSPCOG00000022870
otolemur_garnettii ENSOGAG00000002520
cebus_capucinus_imitator ENSCCAG00000028755
saimiri_boliviensis_boliviensis ENSSBOG00000024347
callithrix_jacchus ENSCJAG00000003972
aotus_nancymaae ENSANAG00000021555
homo_sapiens ENSG00000123901
gorilla_gorilla ENSGGOG00000007694
pan_troglodytes ENSPTRG00000004183
pan_paniscus ENSPPAG00000039550
pongo_abelii ENSPPYG00000003781
nomascus_leucogenys ENSNLEG00000007109
theropithecus_gelada ENSTGEG00000010568
papio_anubis ENSPANG00000036190
macaca_nemestrina ENSMNEG00000043160
macaca_fascicularis ENSMFAG00000033905
macaca_mulatta ENSMMUG00000004111
cercocebus_atys ENSCATG00000009776
mandrillus_leucophaeus ENSMLEG00000032323
chlorocebus_sabaeus ENSCSAG00000003397
rhinopithecus_bieti ENSRBIG00000043352
rhinopithecus_roxellana ENSRROG00000032634
colobus_angolensis_palliatus ENSCANG00000039633
piliocolobus_tephrosceles ENSPTEG00000034399
cricetulus_griseus_chok1gs_hdv1 ENSCGRG00001018677
cricetulus_griseus_crigri-picr ENSCGRG00015002681
cricetulus_griseus_crigri_1.0 ENSCGRG00000017908
mesocricetus_auratus ENSMAUG00000017943
microtus_ochrogaster ENSMOCG00000008157
peromyscus_maniculatus_bairdii ENSPEMG00000022377
mus_spicilegus ENSMSIG00000016567
mus_musculus_strain_reference_cl57bl6 ENSMUSG00000031932
mus_caroli_strain_caroli_eij MGP_CAROLIEiJ_G0031789
mus_pahari_strain_pahari_eij MGP_PahariEiJ_G0014665
rattus_norvegicus ENSRNOG00000030318
meriones_unguiculatus ENSMUGG00000026813
nannospalax_galili ENSNGAG00000015036
dipodomys_ordii ENSDORG00000004374
octodon_degus ENSODEG00000000724
chinchilla_lanigera ENSCLAG00000013629
cavia_porcellus ENSCPOG00000039200
cavia_aperea ENSCAPG00000000086
heterocephalus_glaber_hetgla_female_1.0 ENSHGLG00000018711
heterocephalus_glaber_hetgla_1.0 ENSHGLG00100000495
fukomys_damarensis ENSFDAG00000007933
castor_canadensis ENSCCNG00000004051
urocitellus_parryii ENSUPAG00010001763
spermophilus_dauricus ENSSDAG00000010725
ictidomys_tridecemlineatus ENSSTOG00000006859
marmota_marmota_marmota ENSMMMG00000003939
tupaia_belangeri ENSTBEG00000006734
ochotona_princeps ENSOPRG00000004178
carlito_syrichta ENSTSYG00000033623
sorex_araneus ENSSARG00000006354
erinaceus_europaeus ENSEEUG00000001609
oryctolagus_cuniculus ENSOCUG00000015502
bos_mutus ENSBMUG00000004538
bos_taurus ENSBTAG00000008923
bison_bison_bison ENSBBBG00000013852
capra_hircus ENSCHIG00000011152
ovis_aries ENSOARG00000001994
tursiops_truncatus ENSTTRG00000001144
sus_scrofa ENSSSCG00000022490
equus_asinus_asinus ENSEASG00005012119
equus_caballus ENSECAG00000020552
pteropus_vampyrus ENSPVAG00000009126
myotis_lucifugus ENSMLUG00000016975
ursus_maritimus ENSUMAG00000007059
ursus_americanus ENSUAMG00000017065
ailuropoda_melanoleuca ENSAMEG00000007680
neovison_vison ENSNVIG00000005397
mustela_putorius_furo ENSMPUG00000012244
canis_lupus_familiaris ENSCAFG00000031257
canis_lupus_dingo ENSCAFG00020016538
vulpes_vulpes ENSVVUG00000011530
panthera_pardus ENSPPRG00000011279
panthera_tigris_altaica ENSPTIG00000020384
felis_catus ENSFCAG00000010910
choloepus_hoffmanni ENSCHOG00000011073
mus_spretus_strain_spret/eij MGP_SPRETEiJ_G0032909
phascolarctos_cinereus ENSPCIG00000036706
notamacropus_eugenii ENSMEUG00000015639
monodelphis_domestica ENSMODG00000000236
sarcophilus_harrisii ENSSHAG00000017857
ornithorhynchus_anatinus ENSOANG00000010398
apteryx_owenii ENSAOWG00000010771
apteryx_haastii ENSAHAG00000016712
apteryx_rowi ENSARWG00000001055
dromaius_novaehollandiae ENSDNVG00000017020
nothoprocta_perdicaria ENSNPEG00000012350
calidris_pygmaea ENSCPGG00000007168
calidris_pugnax ENSCPUG00000004047
melopsittacus_undulatus ENSMUNG00000003032
zonotrichia_albicollis ENSZALG00000016926
junco_hyemalis ENSJHYG00000017969
serinus_canaria ENSSCAG00000003647
taeniopygia_guttata ENSTGUG00000018363
lonchura_striata_domestica ENSLSDG00000013478
ficedula_albicollis ENSFALG00000000313
cyanistes_caeruleus ENSCCEG00000000250
cyanistes_caeruleus ENSCCEG00000023967
parus_major ENSPMJG00000017868
manacus_vitellinus ENSMVIG00005012619
lepidothrix_coronata ENSLCOG00000014091
gallus_gallus ENSGALG00000017212
meleagris_gallopavo ENSMGAG00000015198
coturnix_japonica ENSCJPG00005003962
numida_meleagris ENSNMEG00000019695
anser_brachyrhynchus ENSABRG00000022752
anas_platyrhynchos_platyrhynchos ENSAPLG00000001123
crocodylus_porosus ENSCPRG00005015271
gopherus_agassizii ENSGAGG00000000431
chelonoidis_abingdonii ENSCABG00000001450
chrysemys_picta_bellii ENSCPBG00000024017
pelodiscus_sinensis ENSPSIG00000005775
salvator_merianae ENSSMRG00000009866
xenopus_tropicalis ENSXETG00000006420
latimeria_chalumnae ENSLACG00000003730
paramormyrops_kingsleyae ENSPKIG00000022322
scleropages_formosus ENSSFOG00015015701
pygocentrus_nattereri ENSPNAG00000018558
astyanax_mexicanus ENSAMXG00000008631
ictalurus_punctatus ENSIPUG00000001217
tetraodon_nigroviridis ENSTNIG00000014180
takifugu_rubripes ENSTRUG00000003044
mola_mola ENSMMOG00000007245
gasterosteus_aculeatus ENSGACG00000018066
labrus_bergylta ENSLBEG00000008254
mastacembelus_armatus ENSMAMG00000019054
monopterus_albus ENSMALG00000005000
anabas_testudineus ENSATEG00000018334
scophthalmus_maximus ENSSMAG00000009656
cynoglossus_semilaevis ENSCSEG00000008789
seriola_dumerili ENSSDUG00000000202
seriola_lalandi_dorsalis ENSSLDG00000003405
amphiprion_percula ENSAPEG00000018197
amphiprion_ocellaris ENSAOCG00000022112
acanthochromis_polyacanthus ENSAPOG00000010941
stegastes_partitus ENSSPAG00000001437
pundamilia_nyererei ENSPNYG00000022812
astatotilapia_calliptera ENSACLG00000017137
maylandia_zebra ENSMZEG00005023651
haplochromis_burtoni ENSHBUG00000003574
neolamprologus_brichardi ENSNBRG00000014989
oreochromis_niloticus ENSONIG00000009066
amphilophus_citrinellus ENSACIG00000011633
poecilia_mexicana ENSPMEG00000017592
poecilia_latipinna ENSPLAG00000002121
poecilia_formosa ENSPFOG00000007868
poecilia_reticulata ENSPREG00000008559
xiphophorus_maculatus ENSXMAG00000028552
xiphophorus_couchianus ENSXCOG00000000808
gambusia_affinis ENSGAFG00000020566
fundulus_heteroclitus ENSFHEG00000007844
cyprinodon_variegatus ENSCVAG00000009640
kryptolebias_marmoratus ENSKMAG00000000089
oryzias_latipes_asm223467v1 ENSORLG00000025759
oryzias_latipes_asm223469v1 ENSORLG00015002532
oryzias_latipes_asm223471v1 ENSORLG00020022059
oryzias_melastigma ENSOMEG00000010580
periophthalmus_magnuspinnatus ENSPMGG00000014798
cyprinodon_variegatus ENSCVAG00000020236
hippocampus_comes ENSHCOG00000002015
gadus_morhua ENSGMOG00000018303
esox_lucius ENSELUG00000022975
lepisosteus_oculatus ENSLOCG00000007502
pygocentrus_nattereri ENSPNAG00000001161
astyanax_mexicanus ENSAMXG00000040888
ictalurus_punctatus ENSIPUG00000016440
danio_rerio ENSDARG00000058120
scleropages_formosus ENSSFOG00015008557
lepisosteus_oculatus ENSLOCG00000014665
pogona_vitticeps ENSPVIG00000006368
notechis_scutatus ENSNSUG00000007892
salvator_merianae ENSSMRG00000006360
anolis_carolinensis ENSACAG00000003351
sphenodon_punctatus ENSSPUG00000007220
apteryx_haastii ENSAHAG00000008636
apteryx_owenii ENSAOWG00000010797
apteryx_rowi ENSARWG00000007322
dromaius_novaehollandiae ENSDNVG00000006053
nothoprocta_perdicaria ENSNPEG00000014155
anas_platyrhynchos_platyrhynchos ENSAPLG00000006248
anser_brachyrhynchus ENSABRG00000001298
meleagris_gallopavo ENSMGAG00000017054
coturnix_japonica ENSCJPG00005002985
gallus_gallus ENSGALG00000037390
numida_meleagris ENSNMEG00000010972
melopsittacus_undulatus ENSMUNG00000013188
calidris_pygmaea ENSCPGG00000007179
calidris_pugnax ENSCPUG00000000016
lepidothrix_coronata ENSLCOG00000004432
manacus_vitellinus ENSMVIG00005001224
parus_major ENSPMJG00000007983
cyanistes_caeruleus ENSCCEG00000011657
junco_hyemalis ENSJHYG00000000202
zonotrichia_albicollis ENSZALG00000014265
ficedula_albicollis ENSFALG00000004244
taeniopygia_guttata ENSTGUG00000016373
taeniopygia_guttata ENSTGUG00000018337
lonchura_striata_domestica ENSLSDG00000005417
serinus_canaria ENSSCAG00000000122
crocodylus_porosus ENSCPRG00005009040
chelonoidis_abingdonii ENSCABG00000012381
gopherus_agassizii ENSGAGG00000020896
chrysemys_picta_bellii ENSCPBG00000007208
pelodiscus_sinensis ENSPSIG00000009529
phascolarctos_cinereus ENSPCIG00000008191
sarcophilus_harrisii ENSSHAG00000005289
monodelphis_domestica ENSMODG00000012445
castor_canadensis ENSCCNG00000008453
dipodomys_ordii ENSDORG00000029067
mus_spretus_strain_spret/eij MGP_SPRETEiJ_G0034419
mus_spicilegus ENSMSIG00000022305
mus_musculus_strain_reference_cl57bl6 ENSMUSG00000031210
mus_caroli_strain_caroli_eij MGP_CAROLIEiJ_G0033254
mus_pahari_strain_pahari_eij MGP_PahariEiJ_G0031793
rattus_norvegicus ENSRNOG00000012995
meriones_unguiculatus ENSMUGG00000010620
peromyscus_maniculatus_bairdii ENSPEMG00000027719
microtus_ochrogaster ENSMOCG00000003694
cricetulus_griseus_crigri-picr ENSCGRG00015015954
cricetulus_griseus_chok1gs_hdv1 ENSCGRG00001000577
cricetulus_griseus_crigri_1.0 ENSCGRG00000005811
mesocricetus_auratus ENSMAUG00000004553
nannospalax_galili ENSNGAG00000013805
urocitellus_parryii ENSUPAG00010006973
spermophilus_dauricus ENSSDAG00000010723
ictidomys_tridecemlineatus ENSSTOG00000028241
marmota_marmota_marmota ENSMMMG00000022208
heterocephalus_glaber_hetgla_1.0 ENSHGLG00100003713
heterocephalus_glaber_hetgla_female_1.0 ENSHGLG00000003998
fukomys_damarensis ENSFDAG00000011483
chinchilla_lanigera ENSCLAG00000005489
octodon_degus ENSODEG00000002660
oryctolagus_cuniculus ENSOCUG00000023386
pongo_abelii ENSPPYG00000020423
theropithecus_gelada ENSTGEG00000008570
myotis_lucifugus ENSMLUG00000030523
xenopus_tropicalis ENSXETG00000031386
latimeria_chalumnae ENSLACG00000016291
petromyzon_marinus ENSPMAG00000005815
castor_canadensis ENSCCNG00000004560
dipodomys_ordii ENSDORG00000026395
cricetulus_griseus_crigri-picr ENSCGRG00015015967
cricetulus_griseus_crigri_1.0 ENSCGRG00000017583
cricetulus_griseus_chok1gs_hdv1 ENSCGRG00001024706
mesocricetus_auratus ENSMAUG00000013181
peromyscus_maniculatus_bairdii ENSPEMG00000011660
microtus_ochrogaster ENSMOCG00000004906
mus_spretus_strain_spret/eij MGP_SPRETEiJ_G0034420
mus_spicilegus ENSMSIG00000001074
mus_musculus_strain_reference_cl57bl6 ENSMUSG00000031212
mus_caroli_strain_caroli_eij MGP_CAROLIEiJ_G0033256
mus_pahari_strain_pahari_eij MGP_PahariEiJ_G0031794
rattus_norvegicus ENSRNOG00000021547
meriones_unguiculatus ENSMUGG00000003860
nannospalax_galili ENSNGAG00000017900
ictidomys_tridecemlineatus ENSSTOG00000022372
marmota_marmota_marmota ENSMMMG00000022207
urocitellus_parryii ENSUPAG00010006986
spermophilus_dauricus ENSSDAG00000010703
oryctolagus_cuniculus ENSOCUG00000022819
caenorhabditis_elegans_strain_n2 WBGene00006428
