petromyzon_marinus ENSPMAG00000000740
eptatretus_burgeri ENSEBUG00000005443
labrus_bergylta ENSLBEG00000026093
gasterosteus_aculeatus ENSGACG00000003823
tetraodon_nigroviridis ENSTNIG00000012769
takifugu_rubripes ENSTRUG00000017819
seriola_dumerili ENSSDUG00000006427
seriola_lalandi_dorsalis ENSSLDG00000022183
scophthalmus_maximus ENSSMAG00000012259
monopterus_albus ENSMALG00000008149
mastacembelus_armatus ENSMAMG00000003466
anabas_testudineus ENSATEG00000006119
amphiprion_percula ENSAPEG00000016371
amphiprion_ocellaris ENSAOCG00000011047
acanthochromis_polyacanthus ENSAPOG00000011604
stegastes_partitus ENSSPAG00000001445
astatotilapia_calliptera ENSACLG00000027568
pundamilia_nyererei ENSPNYG00000006502
haplochromis_burtoni ENSHBUG00000015187
maylandia_zebra ENSMZEG00005022048
neolamprologus_brichardi ENSNBRG00000016979
oreochromis_niloticus ENSONIG00000005921
amphilophus_citrinellus ENSACIG00000018414
xiphophorus_maculatus ENSXMAG00000002552
xiphophorus_couchianus ENSXCOG00000011454
gambusia_affinis ENSGAFG00000003498
poecilia_formosa ENSPFOG00000014991
poecilia_latipinna ENSPLAG00000006511
poecilia_mexicana ENSPMEG00000014219
poecilia_reticulata ENSPREG00000009187
cyprinodon_variegatus ENSCVAG00000002811
fundulus_heteroclitus ENSFHEG00000016846
kryptolebias_marmoratus ENSKMAG00000012309
oryzias_latipes_asm223471v1 ENSORLG00020000936
oryzias_latipes_asm223469v1 ENSORLG00015011238
oryzias_latipes_asm223467v1 ENSORLG00000010314
mola_mola ENSMMOG00000004463
cynoglossus_semilaevis ENSCSEG00000001034
hippocampus_comes ENSHCOG00000010601
gadus_morhua ENSGMOG00000010120
esox_lucius ENSELUG00000005679
pygocentrus_nattereri ENSPNAG00000019014
astyanax_mexicanus ENSAMXG00000015731
ictalurus_punctatus ENSIPUG00000001756
danio_rerio ENSDARG00000078261
scleropages_formosus ENSSFOG00015002629
paramormyrops_kingsleyae ENSPKIG00000017478
lepisosteus_oculatus ENSLOCG00000011613
gallus_gallus ENSGALG00000049587
meleagris_gallopavo ENSMGAG00000011522
coturnix_japonica ENSCJPG00005004239
numida_meleagris ENSNMEG00000010468
anser_brachyrhynchus ENSABRG00000008640
calidris_pugnax ENSCPUG00000004924
calidris_pygmaea ENSCPGG00000014115
melopsittacus_undulatus ENSMUNG00000016312
junco_hyemalis ENSJHYG00000009967
zonotrichia_albicollis ENSZALG00000003958
serinus_canaria ENSSCAG00000001834
lonchura_striata_domestica ENSLSDG00000005907
taeniopygia_guttata ENSTGUG00000004462
cyanistes_caeruleus ENSCCEG00000012531
parus_major ENSPMJG00000010130
ficedula_albicollis ENSFALG00000012429
manacus_vitellinus ENSMVIG00005012963
lepidothrix_coronata ENSLCOG00000001276
apteryx_haastii ENSAHAG00000008077
apteryx_rowi ENSARWG00000014518
dromaius_novaehollandiae ENSDNVG00000001776
crocodylus_porosus ENSCPRG00005007174
chelonoidis_abingdonii ENSCABG00000015320
gopherus_agassizii ENSGAGG00000012646
chrysemys_picta_bellii ENSCPBG00000023048
pogona_vitticeps ENSPVIG00000002130
anolis_carolinensis ENSACAG00000000328
notechis_scutatus ENSNSUG00000006907
salvator_merianae ENSSMRG00000010161
sphenodon_punctatus ENSSPUG00000015628
phascolarctos_cinereus ENSPCIG00000022810
notamacropus_eugenii ENSMEUG00000000801
sarcophilus_harrisii ENSSHAG00000015197
bos_taurus ENSBTAG00000005769
bos_mutus ENSBMUG00000005588
bison_bison_bison ENSBBBG00000022664
ovis_aries ENSOARG00000008813
capra_hircus ENSCHIG00000015782
tursiops_truncatus ENSTTRG00000015497
sus_scrofa ENSSSCG00000011632
vicugna_pacos ENSVPAG00000003659
dasypus_novemcinctus ENSDNOG00000049268
ailuropoda_melanoleuca ENSAMEG00000010832
ursus_maritimus ENSUMAG00000015964
mustela_putorius_furo ENSMPUG00000009818
neovison_vison ENSNVIG00000023019
canis_lupus_dingo ENSCAFG00020027550
canis_lupus_familiaris ENSCAFG00000006362
vulpes_vulpes ENSVVUG00000005145
panthera_tigris_altaica ENSPTIG00000006113
panthera_pardus ENSPPRG00000002115
felis_catus ENSFCAG00000019390
erinaceus_europaeus ENSEEUG00000002655
pteropus_vampyrus ENSPVAG00000012596
myotis_lucifugus ENSMLUG00000000832
equus_asinus_asinus ENSEASG00005004355
equus_caballus ENSECAG00000007467
homo_sapiens ENSG00000113971
pan_troglodytes ENSPTRG00000040799
homo_sapiens ENSG00000274810
gorilla_gorilla ENSGGOG00000010644
nomascus_leucogenys ENSNLEG00000003236
cercocebus_atys ENSCATG00000040846
theropithecus_gelada ENSTGEG00000014042
papio_anubis ENSPANG00000010239
macaca_mulatta ENSMMUG00000021772
macaca_fascicularis ENSMFAG00000045677
macaca_nemestrina ENSMNEG00000044982
mandrillus_leucophaeus ENSMLEG00000043950
chlorocebus_sabaeus ENSCSAG00000010607
rhinopithecus_roxellana ENSRROG00000033549
rhinopithecus_bieti ENSRBIG00000044709
piliocolobus_tephrosceles ENSPTEG00000037886
colobus_angolensis_palliatus ENSCANG00000032884
cebus_capucinus_imitator ENSCCAG00000021931
saimiri_boliviensis_boliviensis ENSSBOG00000034548
callithrix_jacchus ENSCJAG00000013933
aotus_nancymaae ENSANAG00000029613
carlito_syrichta ENSTSYG00000003071
microcebus_murinus ENSMICG00000048905
propithecus_coquereli ENSPCOG00000014131
prolemur_simus ENSPSMG00000025964
otolemur_garnettii ENSOGAG00000007842
tupaia_belangeri ENSTBEG00000016127
cricetulus_griseus_chok1gs_hdv1 ENSCGRG00001018388
cricetulus_griseus_crigri_1.0 ENSCGRG00000015737
cricetulus_griseus_crigri-picr ENSCGRG00015007344
mesocricetus_auratus ENSMAUG00000007379
microtus_ochrogaster ENSMOCG00000018314
peromyscus_maniculatus_bairdii ENSPEMG00000019838
mus_spretus_strain_spret/eij MGP_SPRETEiJ_G0033739
mus_spicilegus ENSMSIG00000012793
mus_caroli_strain_caroli_eij MGP_CAROLIEiJ_G0032593
mus_musculus_strain_reference_cl57bl6 ENSMUSG00000032558
mus_pahari_strain_pahari_eij MGP_PahariEiJ_G0015461
rattus_norvegicus ENSRNOG00000048978
meriones_unguiculatus ENSMUGG00000008488
nannospalax_galili ENSNGAG00000000540
jaculus_jaculus ENSJJAG00000001104
castor_canadensis ENSCCNG00000018372
dipodomys_ordii ENSDORG00000014301
spermophilus_dauricus ENSSDAG00000008960
ictidomys_tridecemlineatus ENSSTOG00000012174
urocitellus_parryii ENSUPAG00010022274
marmota_marmota_marmota ENSMMMG00000019279
heterocephalus_glaber_hetgla_1.0 ENSHGLG00100018477
heterocephalus_glaber_hetgla_female_1.0 ENSHGLG00000014083
fukomys_damarensis ENSFDAG00000014315
chinchilla_lanigera ENSCLAG00000006494
octodon_degus ENSODEG00000018155
cavia_porcellus ENSCPOG00000015737
cavia_aperea ENSCAPG00000000319
oryctolagus_cuniculus ENSOCUG00000014309
ochotona_princeps ENSOPRG00000002374
dasypus_novemcinctus ENSDNOG00000006666
loxodonta_africana ENSLAFG00000014718
procavia_capensis ENSPCAG00000003090
echinops_telfairi ENSETEG00000009826
sorex_araneus ENSSARG00000005782
choloepus_hoffmanni ENSCHOG00000003894
mus_musculus_strain_reference_cl57bl6 ENSMUSG00000101152
mus_spretus_strain_spret/eij MGP_SPRETEiJ_G0033740
mus_caroli_strain_caroli_eij MGP_CAROLIEiJ_G0032594
mus_pahari_strain_pahari_eij MGP_PahariEiJ_G0015462
dasypus_novemcinctus ENSDNOG00000049662
ursus_americanus ENSUAMG00000008990
ornithorhynchus_anatinus ENSOANG00000006780
dipodomys_ordii ENSDORG00000028725
xenopus_tropicalis ENSXETG00000008477
latimeria_chalumnae ENSLACG00000009259
ciona_savignyi ENSCSAVG00000005132
ciona_intestinalis ENSCING00000004752
