scleropages_formosus ENSSFOG00015020202
paramormyrops_kingsleyae ENSPKIG00000009586
lepisosteus_oculatus ENSLOCG00000016894
apteryx_owenii ENSAOWG00000007273
apteryx_rowi ENSARWG00000018250
apteryx_haastii ENSAHAG00000001532
dromaius_novaehollandiae ENSDNVG00000012901
nothoprocta_perdicaria ENSNPEG00000003973
lepidothrix_coronata ENSLCOG00000011937
manacus_vitellinus ENSMVIG00005013326
parus_major ENSPMJG00000010135
cyanistes_caeruleus ENSCCEG00000004854
ficedula_albicollis ENSFALG00000002653
taeniopygia_guttata ENSTGUG00000011766
lonchura_striata_domestica ENSLSDG00000006208
serinus_canaria ENSSCAG00000007666
zonotrichia_albicollis ENSZALG00000010660
melopsittacus_undulatus ENSMUNG00000005689
calidris_pygmaea ENSCPGG00000019476
calidris_pugnax ENSCPUG00000008010
anser_brachyrhynchus ENSABRG00000021386
anas_platyrhynchos_platyrhynchos ENSAPLG00000002815
coturnix_japonica ENSCJPG00005003196
meleagris_gallopavo ENSMGAG00000013649
gallus_gallus ENSGALG00000013210
numida_meleagris ENSNMEG00000011121
crocodylus_porosus ENSCPRG00005011714
chelonoidis_abingdonii ENSCABG00000019686
gopherus_agassizii ENSGAGG00000003631
chrysemys_picta_bellii ENSCPBG00000009193
pelodiscus_sinensis ENSPSIG00000002682
pogona_vitticeps ENSPVIG00000017839
anolis_carolinensis ENSACAG00000017277
notechis_scutatus ENSNSUG00000002348
salvator_merianae ENSSMRG00000006791
sphenodon_punctatus ENSSPUG00000018657
phascolarctos_cinereus ENSPCIG00000012183
monodelphis_domestica ENSMODG00000017718
bos_taurus ENSBTAG00000001673
bos_mutus ENSBMUG00000016160
capra_hircus ENSCHIG00000011005
ovis_aries ENSOARG00000020155
sus_scrofa ENSSSCG00000000570
equus_caballus ENSECAG00000020692
equus_asinus_asinus ENSEASG00005013950
erinaceus_europaeus ENSEEUG00000015043
ursus_maritimus ENSUMAG00000001993
ursus_americanus ENSUAMG00000027645
ailuropoda_melanoleuca ENSAMEG00000007770
mustela_putorius_furo ENSMPUG00000011770
canis_lupus_familiaris ENSCAFG00000011774
canis_lupus_dingo ENSCAFG00020012652
vulpes_vulpes ENSVVUG00000000688
felis_catus ENSFCAG00000025410
myotis_lucifugus ENSMLUG00000011534
urocitellus_parryii ENSUPAG00010016638
ictidomys_tridecemlineatus ENSSTOG00000004906
dipodomys_ordii ENSDORG00000027650
mus_musculus_strain_reference_cl57bl6 ENSMUSG00000030279
rattus_norvegicus ENSRNOG00000014382
microtus_ochrogaster ENSMOCG00000005597
nannospalax_galili ENSNGAG00000015602
heterocephalus_glaber_hetgla_female_1.0 ENSHGLG00000016366
heterocephalus_glaber_hetgla_1.0 ENSHGLG00100016428
oryctolagus_cuniculus ENSOCUG00000017163
tupaia_belangeri ENSTBEG00000004479
pan_paniscus ENSPPAG00000037476
pan_troglodytes ENSPTRG00000004767
gorilla_gorilla ENSGGOG00000013081
rhinopithecus_bieti ENSRBIG00000037557
rhinopithecus_roxellana ENSRROG00000011381
colobus_angolensis_palliatus ENSCANG00000042426
macaca_fascicularis ENSMFAG00000038900
macaca_mulatta ENSMMUG00000006641
macaca_nemestrina ENSMNEG00000027964
chlorocebus_sabaeus ENSCSAG00000007900
mandrillus_leucophaeus ENSMLEG00000040186
papio_anubis ENSPANG00000021904
callithrix_jacchus ENSCJAG00000047559
cebus_capucinus_imitator ENSCCAG00000036282
saimiri_boliviensis_boliviensis ENSSBOG00000030915
aotus_nancymaae ENSANAG00000029541
carlito_syrichta ENSTSYG00000011931
microcebus_murinus ENSMICG00000002294
propithecus_coquereli ENSPCOG00000023472
loxodonta_africana ENSLAFG00000022820
echinops_telfairi ENSETEG00000005471
tursiops_truncatus ENSTTRG00000000264
vicugna_pacos ENSVPAG00000007558
bison_bison_bison ENSBBBG00000011064
neovison_vison ENSNVIG00000000073
pteropus_vampyrus ENSPVAG00000011764
ochotona_princeps ENSOPRG00000015089
jaculus_jaculus ENSJJAG00000022968
procavia_capensis ENSPCAG00000006634
dasypus_novemcinctus ENSDNOG00000012791
prolemur_simus ENSPSMG00000011377
otolemur_garnettii ENSOGAG00000016517
homo_sapiens ENSG00000111731
pongo_abelii ENSPPYG00000004361
nomascus_leucogenys ENSNLEG00000004994
cercocebus_atys ENSCATG00000009084
theropithecus_gelada ENSTGEG00000026203
piliocolobus_tephrosceles ENSPTEG00000022926
marmota_marmota_marmota ENSMMMG00000017591
spermophilus_dauricus ENSSDAG00000005172
castor_canadensis ENSCCNG00000018307
chinchilla_lanigera ENSCLAG00000016952
octodon_degus ENSODEG00000010826
cavia_porcellus ENSCPOG00000002611
cavia_aperea ENSCAPG00000002804
fukomys_damarensis ENSFDAG00000010536
mus_spicilegus ENSMSIG00000020817
mus_spretus_strain_spret/eij MGP_SPRETEiJ_G0030095
mus_caroli_strain_caroli_eij MGP_CAROLIEiJ_G0029040
mus_pahari_strain_pahari_eij MGP_PahariEiJ_G0022801
meriones_unguiculatus ENSMUGG00000003271
cricetulus_griseus_crigri_1.0 ENSCGRG00000016053
cricetulus_griseus_chok1gs_hdv1 ENSCGRG00001021395
cricetulus_griseus_crigri-picr ENSCGRG00015005541
mesocricetus_auratus ENSMAUG00000012466
peromyscus_maniculatus_bairdii ENSPEMG00000007233
panthera_tigris_altaica ENSPTIG00000005651
panthera_pardus ENSPPRG00000003405
choloepus_hoffmanni ENSCHOG00000004463
notamacropus_eugenii ENSMEUG00000007372
ornithorhynchus_anatinus ENSOANG00000031241
latimeria_chalumnae ENSLACG00000000830
mastacembelus_armatus ENSMAMG00000010750
monopterus_albus ENSMALG00000009096
anabas_testudineus ENSATEG00000003112
seriola_lalandi_dorsalis ENSSLDG00000018762
seriola_dumerili ENSSDUG00000013104
scophthalmus_maximus ENSSMAG00000002930
amphiprion_percula ENSAPEG00000014237
amphiprion_ocellaris ENSAOCG00000000527
acanthochromis_polyacanthus ENSAPOG00000014125
stegastes_partitus ENSSPAG00000003969
xiphophorus_maculatus ENSXMAG00000004004
xiphophorus_couchianus ENSXCOG00000020325
gambusia_affinis ENSGAFG00000003732
poecilia_latipinna ENSPLAG00000011839
poecilia_mexicana ENSPMEG00000003916
poecilia_formosa ENSPFOG00000018794
poecilia_reticulata ENSPREG00000005347
fundulus_heteroclitus ENSFHEG00000003861
cyprinodon_variegatus ENSCVAG00000004677
kryptolebias_marmoratus ENSKMAG00000014328
oryzias_latipes_asm223471v1 ENSORLG00020003039
oryzias_latipes_asm223467v1 ENSORLG00000009069
oryzias_latipes_asm223469v1 ENSORLG00015016443
oryzias_melastigma ENSOMEG00000006711
maylandia_zebra ENSMZEG00005020066
haplochromis_burtoni ENSHBUG00000016111
pundamilia_nyererei ENSPNYG00000008167
neolamprologus_brichardi ENSNBRG00000022203
astatotilapia_calliptera ENSACLG00000023330
oreochromis_niloticus ENSONIG00000015029
amphilophus_citrinellus ENSACIG00000022688
takifugu_rubripes ENSTRUG00000014933
tetraodon_nigroviridis ENSTNIG00000019214
mola_mola ENSMMOG00000008295
gasterosteus_aculeatus ENSGACG00000012946
labrus_bergylta ENSLBEG00000019481
cynoglossus_semilaevis ENSCSEG00000004016
hippocampus_comes ENSHCOG00000000462
periophthalmus_magnuspinnatus ENSPMGG00000007426
gadus_morhua ENSGMOG00000002597
esox_lucius ENSELUG00000021652
pygocentrus_nattereri ENSPNAG00000026377
astyanax_mexicanus ENSAMXG00000003912
ictalurus_punctatus ENSIPUG00000005266
danio_rerio ENSDARG00000094590
scleropages_formosus ENSSFOG00015007251
petromyzon_marinus ENSPMAG00000004662
eptatretus_burgeri ENSEBUG00000000792
