poecilia_latipinna ENSPLAG00000012544
poecilia_mexicana ENSPMEG00000003478
poecilia_latipinna ENSPLAG00000008148
takifugu_rubripes ENSTRUG00000021605
maylandia_zebra ENSMZEG00005025129
mola_mola ENSMMOG00000014917
tetraodon_nigroviridis ENSTNIG00000007251
hippocampus_comes ENSHCOG00000019631
gambusia_affinis ENSGAFG00000020801
xiphophorus_couchianus ENSXCOG00000000548
poecilia_reticulata ENSPREG00000001707
poecilia_mexicana ENSPMEG00000007095
xiphophorus_maculatus ENSXMAG00000025190
poecilia_formosa ENSPFOG00000016973
fundulus_heteroclitus ENSFHEG00000006977
cyprinodon_variegatus ENSCVAG00000014629
kryptolebias_marmoratus ENSKMAG00000004306
xiphophorus_couchianus ENSXCOG00000009527
oryzias_latipes_asm223471v1 ENSORLG00020015430
oryzias_latipes_asm223469v1 ENSORLG00015013270
oryzias_latipes_asm223467v1 ENSORLG00000017959
oryzias_melastigma ENSOMEG00000002608
gasterosteus_aculeatus ENSGACG00000006268
periophthalmus_magnuspinnatus ENSPMGG00000013105
amphiprion_ocellaris ENSAOCG00000020382
amphiprion_percula ENSAPEG00000001858
acanthochromis_polyacanthus ENSAPOG00000016604
stegastes_partitus ENSSPAG00000012336
maylandia_zebra ENSMZEG00005015956
astatotilapia_calliptera ENSACLG00000019736
pundamilia_nyererei ENSPNYG00000017251
haplochromis_burtoni ENSHBUG00000010885
neolamprologus_brichardi ENSNBRG00000011772
oreochromis_niloticus ENSONIG00000011317
amphilophus_citrinellus ENSACIG00000023399
mastacembelus_armatus ENSMAMG00000002973
anabas_testudineus ENSATEG00000011223
seriola_lalandi_dorsalis ENSSLDG00000017405
seriola_dumerili ENSSDUG00000009344
scophthalmus_maximus ENSSMAG00000018269
cynoglossus_semilaevis ENSCSEG00000016445
monopterus_albus ENSMALG00000012958
labrus_bergylta ENSLBEG00000009681
esox_lucius ENSELUG00000017596
pygocentrus_nattereri ENSPNAG00000013051
astyanax_mexicanus ENSAMXG00000014388
ictalurus_punctatus ENSIPUG00000010717
danio_rerio ENSDARG00000004635
scleropages_formosus ENSSFOG00015021490
paramormyrops_kingsleyae ENSPKIG00000018679
