petromyzon_marinus ENSPMAG00000009316
eptatretus_burgeri ENSEBUG00000012028
scleropages_formosus ENSSFOG00015014098
paramormyrops_kingsleyae ENSPKIG00000018560
pygocentrus_nattereri ENSPNAG00000011737
astyanax_mexicanus ENSAMXG00000002554
ictalurus_punctatus ENSIPUG00000014143
danio_rerio ENSDARG00000038094
amphiprion_percula ENSAPEG00000013555
amphiprion_ocellaris ENSAOCG00000019903
acanthochromis_polyacanthus ENSAPOG00000004055
stegastes_partitus ENSSPAG00000015379
cyprinodon_variegatus ENSCVAG00000006143
fundulus_heteroclitus ENSFHEG00000004276
poecilia_mexicana ENSPMEG00000002538
poecilia_formosa ENSPFOG00000009709
poecilia_latipinna ENSPLAG00000013521
poecilia_reticulata ENSPREG00000019220
gambusia_affinis ENSGAFG00000009005
xiphophorus_maculatus ENSXMAG00000000213
xiphophorus_couchianus ENSXCOG00000017956
kryptolebias_marmoratus ENSKMAG00000017949
oryzias_latipes_asm223471v1 ENSORLG00020011063
oryzias_latipes_asm223469v1 ENSORLG00015022181
oryzias_latipes_asm223467v1 ENSORLG00000020868
oryzias_melastigma ENSOMEG00000020561
maylandia_zebra ENSMZEG00005007897
pundamilia_nyererei ENSPNYG00000018984
haplochromis_burtoni ENSHBUG00000016218
astatotilapia_calliptera ENSACLG00000010169
oreochromis_niloticus ENSONIG00000015725
pundamilia_nyererei ENSPNYG00000018993
haplochromis_burtoni ENSHBUG00000016201
neolamprologus_brichardi ENSNBRG00000006934
amphilophus_citrinellus ENSACIG00000017306
cynoglossus_semilaevis ENSCSEG00000018748
labrus_bergylta ENSLBEG00000023508
monopterus_albus ENSMALG00000018485
mastacembelus_armatus ENSMAMG00000003956
anabas_testudineus ENSATEG00000003702
seriola_dumerili ENSSDUG00000015339
seriola_lalandi_dorsalis ENSSLDG00000017084
scophthalmus_maximus ENSSMAG00000008376
takifugu_rubripes ENSTRUG00000010563
tetraodon_nigroviridis ENSTNIG00000011611
mola_mola ENSMMOG00000012385
hippocampus_comes ENSHCOG00000015530
gasterosteus_aculeatus ENSGACG00000014365
periophthalmus_magnuspinnatus ENSPMGG00000001127
gadus_morhua ENSGMOG00000012683
esox_lucius ENSELUG00000014033
lepisosteus_oculatus ENSLOCG00000006114
latimeria_chalumnae ENSLACG00000010123
latimeria_chalumnae ENSLACG00000001688
phascolarctos_cinereus ENSPCIG00000010455
notamacropus_eugenii ENSMEUG00000016460
monodelphis_domestica ENSMODG00000005166
sarcophilus_harrisii ENSSHAG00000001870
dipodomys_ordii ENSDORG00000002284
castor_canadensis ENSCCNG00000030182
mus_spicilegus ENSMSIG00000007597
mus_spretus_strain_spret/eij MGP_SPRETEiJ_G0021340
mus_musculus_strain_reference_cl57bl6 ENSMUSG00000068663
mus_caroli_strain_caroli_eij MGP_CAROLIEiJ_G0020446
mus_pahari_strain_pahari_eij MGP_PahariEiJ_G0016153
rattus_norvegicus ENSRNOG00000057378
meriones_unguiculatus ENSMUGG00000024545
peromyscus_maniculatus_bairdii ENSPEMG00000006527
microtus_ochrogaster ENSMOCG00000022920
cricetulus_griseus_crigri_1.0 ENSCGRG00000004462
cricetulus_griseus_chok1gs_hdv1 ENSCGRG00001003785
cricetulus_griseus_crigri-picr ENSCGRG00015008823
mesocricetus_auratus ENSMAUG00000015162
nannospalax_galili ENSNGAG00000021365
jaculus_jaculus ENSJJAG00000021362
chinchilla_lanigera ENSCLAG00000014177
octodon_degus ENSODEG00000011749
cavia_porcellus ENSCPOG00000002517
cavia_aperea ENSCAPG00000015006
heterocephalus_glaber_hetgla_1.0 ENSHGLG00100004470
heterocephalus_glaber_hetgla_female_1.0 ENSHGLG00000017875
fukomys_damarensis ENSFDAG00000010818
urocitellus_parryii ENSUPAG00010010847
ictidomys_tridecemlineatus ENSSTOG00000001389
marmota_marmota_marmota ENSMMMG00000004962
spermophilus_dauricus ENSSDAG00000014607
ochotona_princeps ENSOPRG00000013788
oryctolagus_cuniculus ENSOCUG00000006217
tupaia_belangeri ENSTBEG00000005990
pan_troglodytes ENSPTRG00000007763
pan_paniscus ENSPPAG00000039980
homo_sapiens ENSG00000038532
gorilla_gorilla ENSGGOG00000014059
pongo_abelii ENSPPYG00000007098
nomascus_leucogenys ENSNLEG00000010152
colobus_angolensis_palliatus ENSCANG00000008347
piliocolobus_tephrosceles ENSPTEG00000023861
rhinopithecus_bieti ENSRBIG00000028801
rhinopithecus_roxellana ENSRROG00000044301
cercocebus_atys ENSCATG00000035628
mandrillus_leucophaeus ENSMLEG00000039728
papio_anubis ENSPANG00000000525
theropithecus_gelada ENSTGEG00000025988
macaca_nemestrina ENSMNEG00000038034
macaca_mulatta ENSMMUG00000006515
macaca_fascicularis ENSMFAG00000001961
chlorocebus_sabaeus ENSCSAG00000008414
cebus_capucinus_imitator ENSCCAG00000031303
saimiri_boliviensis_boliviensis ENSSBOG00000032827
callithrix_jacchus ENSCJAG00000016025
aotus_nancymaae ENSANAG00000036023
carlito_syrichta ENSTSYG00000013039
propithecus_coquereli ENSPCOG00000013270
microcebus_murinus ENSMICG00000016678
prolemur_simus ENSPSMG00000004317
otolemur_garnettii ENSOGAG00000012739
pteropus_vampyrus ENSPVAG00000011075
myotis_lucifugus ENSMLUG00000013483
capra_hircus ENSCHIG00000014199
ovis_aries ENSOARG00000006373
bos_taurus ENSBTAG00000005208
bos_mutus ENSBMUG00000015734
bison_bison_bison ENSBBBG00000005846
tursiops_truncatus ENSTTRG00000004743
sus_scrofa ENSSSCG00000026569
vicugna_pacos ENSVPAG00000000171
ursus_maritimus ENSUMAG00000003919
ursus_americanus ENSUAMG00000020851
ailuropoda_melanoleuca ENSAMEG00000014760
neovison_vison ENSNVIG00000021825
mustela_putorius_furo ENSMPUG00000014630
canis_lupus_familiaris ENSCAFG00000018920
canis_lupus_dingo ENSCAFG00020024661
vulpes_vulpes ENSVVUG00000017880
panthera_pardus ENSPPRG00000022837
panthera_tigris_altaica ENSPTIG00000019377
felis_catus ENSFCAG00000011670
equus_asinus_asinus ENSEASG00005011527
equus_caballus ENSECAG00000020814
choloepus_hoffmanni ENSCHOG00000006337
dasypus_novemcinctus ENSDNOG00000002971
procavia_capensis ENSPCAG00000010969
echinops_telfairi ENSETEG00000006042
loxodonta_africana ENSLAFG00000001041
ornithorhynchus_anatinus ENSOANG00000000742
ornithorhynchus_anatinus ENSOANG00000013727
pogona_vitticeps ENSPVIG00000013988
anolis_carolinensis ENSACAG00000000009
notechis_scutatus ENSNSUG00000000193
salvator_merianae ENSSMRG00000007739
sphenodon_punctatus ENSSPUG00000003348
anser_brachyrhynchus ENSABRG00000008006
anas_platyrhynchos_platyrhynchos ENSAPLG00000002585
coturnix_japonica ENSCJPG00005015929
gallus_gallus ENSGALG00000007167
meleagris_gallopavo ENSMGAG00000008324
numida_meleagris ENSNMEG00000021018
taeniopygia_guttata ENSTGUG00000004849
lonchura_striata_domestica ENSLSDG00000001225
serinus_canaria ENSSCAG00000011681
cyanistes_caeruleus ENSCCEG00000008807
parus_major ENSPMJG00000010374
ficedula_albicollis ENSFALG00000003946
junco_hyemalis ENSJHYG00000017329
zonotrichia_albicollis ENSZALG00000015926
manacus_vitellinus ENSMVIG00005005355
lepidothrix_coronata ENSLCOG00000009971
melopsittacus_undulatus ENSMUNG00000005295
calidris_pygmaea ENSCPGG00000002793
calidris_pugnax ENSCPUG00000016867
apteryx_haastii ENSAHAG00000017993
apteryx_owenii ENSAOWG00000002806
apteryx_rowi ENSARWG00000000057
dromaius_novaehollandiae ENSDNVG00000017292
nothoprocta_perdicaria ENSNPEG00000012070
crocodylus_porosus ENSCPRG00005003720
gopherus_agassizii ENSGAGG00000024031
chelonoidis_abingdonii ENSCABG00000021124
chrysemys_picta_bellii ENSCPBG00000006502
pelodiscus_sinensis ENSPSIG00000002602
pelodiscus_sinensis ENSPSIG00000017156
xenopus_tropicalis ENSXETG00000024095
piliocolobus_tephrosceles ENSPTEG00000000254
ciona_intestinalis ENSCING00000005714
ciona_savignyi ENSCSAVG00000001083
drosophila_melanogaster FBgn0038427
caenorhabditis_elegans_strain_n2 WBGene00001660
