pan_paniscus ENSPPAG00000028585
pan_troglodytes ENSPTRG00000006778
homo_sapiens ENSG00000099814
gorilla_gorilla ENSGGOG00000006499
pongo_abelii ENSPPYG00000006195
nomascus_leucogenys ENSNLEG00000016361
rhinopithecus_roxellana ENSRROG00000013222
rhinopithecus_bieti ENSRBIG00000013028
piliocolobus_tephrosceles ENSPTEG00000028922
colobus_angolensis_palliatus ENSCANG00000043447
mandrillus_leucophaeus ENSMLEG00000028088
cercocebus_atys ENSCATG00000013754
theropithecus_gelada ENSTGEG00000011287
papio_anubis ENSPANG00000004875
macaca_fascicularis ENSMFAG00000002494
macaca_mulatta ENSMMUG00000010576
macaca_nemestrina ENSMNEG00000036988
chlorocebus_sabaeus ENSCSAG00000009689
cebus_capucinus_imitator ENSCCAG00000035683
saimiri_boliviensis_boliviensis ENSSBOG00000022866
callithrix_jacchus ENSCJAG00000002052
aotus_nancymaae ENSANAG00000038015
carlito_syrichta ENSTSYG00000027709
microcebus_murinus ENSMICG00000035450
propithecus_coquereli ENSPCOG00000025305
prolemur_simus ENSPSMG00000011605
otolemur_garnettii ENSOGAG00000028214
castor_canadensis ENSCCNG00000019230
dipodomys_ordii ENSDORG00000000834
mus_spicilegus ENSMSIG00000028952
mus_spretus_strain_spret/eij MGP_SPRETEiJ_G0019007
mus_musculus_strain_reference_cl57bl6 ENSMUSG00000072825
mus_caroli_strain_caroli_eij MGP_CAROLIEiJ_G0018158
mus_pahari_strain_pahari_eij MGP_PahariEiJ_G0029915
rattus_norvegicus ENSRNOG00000033688
meriones_unguiculatus ENSMUGG00000022425
cricetulus_griseus_crigri_1.0 ENSCGRG00000010237
cricetulus_griseus_chok1gs_hdv1 ENSCGRG00001018499
cricetulus_griseus_crigri-picr ENSCGRG00015020949
mesocricetus_auratus ENSMAUG00000016685
microtus_ochrogaster ENSMOCG00000008247
peromyscus_maniculatus_bairdii ENSPEMG00000014648
nannospalax_galili ENSNGAG00000011929
jaculus_jaculus ENSJJAG00000016516
urocitellus_parryii ENSUPAG00010018707
ictidomys_tridecemlineatus ENSSTOG00000028623
marmota_marmota_marmota ENSMMMG00000005175
cavia_porcellus ENSCPOG00000011480
cavia_aperea ENSCAPG00000012383
chinchilla_lanigera ENSCLAG00000006617
octodon_degus ENSODEG00000001823
heterocephalus_glaber_hetgla_1.0 ENSHGLG00100018104
heterocephalus_glaber_hetgla_female_1.0 ENSHGLG00000006593
fukomys_damarensis ENSFDAG00000008874
ochotona_princeps ENSOPRG00000014418
equus_asinus_asinus ENSEASG00005004442
equus_caballus ENSECAG00000019152
pteropus_vampyrus ENSPVAG00000001803
ursus_americanus ENSUAMG00000008760
ailuropoda_melanoleuca ENSAMEG00000007686
mustela_putorius_furo ENSMPUG00000002152
neovison_vison ENSNVIG00000007176
canis_lupus_dingo ENSCAFG00020008040
canis_lupus_familiaris ENSCAFG00000018376
vulpes_vulpes ENSVVUG00000003257
felis_catus ENSFCAG00000046110
panthera_pardus ENSPPRG00000008181
bos_taurus ENSBTAG00000004802
bos_mutus ENSBMUG00000003896
capra_hircus ENSCHIG00000022357
ovis_aries ENSOARG00000007893
tursiops_truncatus ENSTTRG00000012808
sus_scrofa ENSSSCG00000002558
erinaceus_europaeus ENSEEUG00000015604
panthera_pardus ENSPPRG00000008250
ursus_maritimus ENSUMAG00000024710
dasypus_novemcinctus ENSDNOG00000037988
procavia_capensis ENSPCAG00000008666
loxodonta_africana ENSLAFG00000014298
ornithorhynchus_anatinus ENSOANG00000029461
ornithorhynchus_anatinus ENSOANG00000005494
phascolarctos_cinereus ENSPCIG00000018097
notamacropus_eugenii ENSMEUG00000010127
sarcophilus_harrisii ENSSHAG00000006663
monodelphis_domestica ENSMODG00000013774
notechis_scutatus ENSNSUG00000018268
anolis_carolinensis ENSACAG00000011394
pogona_vitticeps ENSPVIG00000023711
salvator_merianae ENSSMRG00000001647
sphenodon_punctatus ENSSPUG00000011109
zonotrichia_albicollis ENSZALG00000006150
junco_hyemalis ENSJHYG00000012350
serinus_canaria ENSSCAG00000006374
lonchura_striata_domestica ENSLSDG00000016897
taeniopygia_guttata ENSTGUG00000012907
ficedula_albicollis ENSFALG00000002978
cyanistes_caeruleus ENSCCEG00000014596
parus_major ENSPMJG00000001031
manacus_vitellinus ENSMVIG00005008714
lepidothrix_coronata ENSLCOG00000005761
melopsittacus_undulatus ENSMUNG00000002427
calidris_pygmaea ENSCPGG00000001838
calidris_pugnax ENSCPUG00000004241
anser_brachyrhynchus ENSABRG00000012440
anas_platyrhynchos_platyrhynchos ENSAPLG00000016395
coturnix_japonica ENSCJPG00005003032
meleagris_gallopavo ENSMGAG00000013455
numida_meleagris ENSNMEG00000016299
apteryx_haastii ENSAHAG00000003147
apteryx_owenii ENSAOWG00000008233
apteryx_rowi ENSARWG00000016071
dromaius_novaehollandiae ENSDNVG00000010640
crocodylus_porosus ENSCPRG00005015985
gopherus_agassizii ENSGAGG00000022271
gopherus_agassizii ENSGAGG00000022272
chrysemys_picta_bellii ENSCPBG00000020179
chelonoidis_abingdonii ENSCABG00000006738
chrysemys_picta_bellii ENSCPBG00000020181
pelodiscus_sinensis ENSPSIG00000009304
gallus_gallus ENSGALG00000011639
gallus_gallus ENSGALG00000041565
nothoprocta_perdicaria ENSNPEG00000003903
latimeria_chalumnae ENSLACG00000007433
xenopus_tropicalis ENSXETG00000002232
takifugu_rubripes ENSTRUG00000022030
tetraodon_nigroviridis ENSTNIG00000004797
seriola_lalandi_dorsalis ENSSLDG00000000583
xiphophorus_maculatus ENSXMAG00000009581
xiphophorus_couchianus ENSXCOG00000019784
gambusia_affinis ENSGAFG00000013551
poecilia_latipinna ENSPLAG00000003487
poecilia_mexicana ENSPMEG00000001757
poecilia_formosa ENSPFOG00000016483
poecilia_reticulata ENSPREG00000013399
fundulus_heteroclitus ENSFHEG00000011300
cyprinodon_variegatus ENSCVAG00000015050
kryptolebias_marmoratus ENSKMAG00000014495
oryzias_latipes_asm223471v1 ENSORLG00020014006
oryzias_latipes_asm223467v1 ENSORLG00000018091
oryzias_latipes_asm223469v1 ENSORLG00015011856
oryzias_melastigma ENSOMEG00000001009
amphiprion_ocellaris ENSAOCG00000014540
amphiprion_percula ENSAPEG00000017917
acanthochromis_polyacanthus ENSAPOG00000020369
stegastes_partitus ENSSPAG00000014166
haplochromis_burtoni ENSHBUG00000014838
pundamilia_nyererei ENSPNYG00000014737
astatotilapia_calliptera ENSACLG00000016120
neolamprologus_brichardi ENSNBRG00000003530
oreochromis_niloticus ENSONIG00000018846
amphilophus_citrinellus ENSACIG00000004066
mastacembelus_armatus ENSMAMG00000002207
seriola_lalandi_dorsalis ENSSLDG00000025682
seriola_dumerili ENSSDUG00000016213
scophthalmus_maximus ENSSMAG00000010772
anabas_testudineus ENSATEG00000006034
labrus_bergylta ENSLBEG00000000936
gasterosteus_aculeatus ENSGACG00000013759
cynoglossus_semilaevis ENSCSEG00000006055
labrus_bergylta ENSLBEG00000008222
hippocampus_comes ENSHCOG00000008298
gadus_morhua ENSGMOG00000003022
esox_lucius ENSELUG00000004907
pygocentrus_nattereri ENSPNAG00000024931
astyanax_mexicanus ENSAMXG00000009222
ictalurus_punctatus ENSIPUG00000017793
danio_rerio ENSDARG00000078327
paramormyrops_kingsleyae ENSPKIG00000013859
cyprinodon_variegatus ENSCVAG00000013361
cyprinodon_variegatus ENSCVAG00000013363
fundulus_heteroclitus ENSFHEG00000000697
periophthalmus_magnuspinnatus ENSPMGG00000021773
monopterus_albus ENSMALG00000015660
hippocampus_comes ENSHCOG00000008311
pygocentrus_nattereri ENSPNAG00000020760
astyanax_mexicanus ENSAMXG00000012388
ictalurus_punctatus ENSIPUG00000019558
danio_rerio ENSDARG00000074636
maylandia_zebra ENSMZEG00005002960
maylandia_zebra ENSMZEG00005008442
maylandia_zebra ENSMZEG00005002994
mola_mola ENSMMOG00000017817
hippocampus_comes ENSHCOG00000018283
hippocampus_comes ENSHCOG00000018313
scophthalmus_maximus ENSSMAG00000006756
cynoglossus_semilaevis ENSCSEG00000000151
seriola_dumerili ENSSDUG00000010113
seriola_lalandi_dorsalis ENSSLDG00000003835
mastacembelus_armatus ENSMAMG00000007806
monopterus_albus ENSMALG00000006306
anabas_testudineus ENSATEG00000004548
poecilia_formosa ENSPFOG00000009997
poecilia_latipinna ENSPLAG00000008608
poecilia_mexicana ENSPMEG00000005597
poecilia_reticulata ENSPREG00000021494
xiphophorus_maculatus ENSXMAG00000006644
xiphophorus_couchianus ENSXCOG00000011144
gambusia_affinis ENSGAFG00000017545
fundulus_heteroclitus ENSFHEG00000008504
kryptolebias_marmoratus ENSKMAG00000015472
oryzias_latipes_asm223471v1 ENSORLG00020003605
oryzias_latipes_asm223467v1 ENSORLG00000017042
oryzias_latipes_asm223469v1 ENSORLG00015018296
oryzias_melastigma ENSOMEG00000018359
maylandia_zebra ENSMZEG00005027018
astatotilapia_calliptera ENSACLG00000003220
haplochromis_burtoni ENSHBUG00000016077
oreochromis_niloticus ENSONIG00000012160
neolamprologus_brichardi ENSNBRG00000001257
amphilophus_citrinellus ENSACIG00000014673
amphiprion_percula ENSAPEG00000000478
amphiprion_ocellaris ENSAOCG00000015499
acanthochromis_polyacanthus ENSAPOG00000011805
stegastes_partitus ENSSPAG00000020220
takifugu_rubripes ENSTRUG00000013385
tetraodon_nigroviridis ENSTNIG00000017459
mola_mola ENSMMOG00000002078
labrus_bergylta ENSLBEG00000026085
gasterosteus_aculeatus ENSGACG00000006309
periophthalmus_magnuspinnatus ENSPMGG00000011384
pundamilia_nyererei ENSPNYG00000000857
gadus_morhua ENSGMOG00000011466
esox_lucius ENSELUG00000004497
scleropages_formosus ENSSFOG00015016436
paramormyrops_kingsleyae ENSPKIG00000003685
lepisosteus_oculatus ENSLOCG00000012777
spermophilus_dauricus ENSSDAG00000021561
petromyzon_marinus ENSPMAG00000007243
