pygocentrus_nattereri ENSPNAG00000012709
astyanax_mexicanus ENSAMXG00000031617
ictalurus_punctatus ENSIPUG00000019090
pygocentrus_nattereri ENSPNAG00000020906
astyanax_mexicanus ENSAMXG00000015175
ictalurus_punctatus ENSIPUG00000020061
esox_lucius ENSELUG00000002461
haplochromis_burtoni ENSHBUG00000017937
pundamilia_nyererei ENSPNYG00000007173
astatotilapia_calliptera ENSACLG00000026823
maylandia_zebra ENSMZEG00005027323
neolamprologus_brichardi ENSNBRG00000009564
oreochromis_niloticus ENSONIG00000001313
oryzias_latipes_asm223471v1 ENSORLG00020003169
mastacembelus_armatus ENSMAMG00000022370
oryzias_latipes_asm223471v1 ENSORLG00020003185
oryzias_latipes_asm223467v1 ENSORLG00000022974
oryzias_latipes_asm223469v1 ENSORLG00015009871
amphilophus_citrinellus ENSACIG00000013460
anabas_testudineus ENSATEG00000016223
cynoglossus_semilaevis ENSCSEG00000016723
labrus_bergylta ENSLBEG00000006224
seriola_lalandi_dorsalis ENSSLDG00000007968
seriola_dumerili ENSSDUG00000020688
cynoglossus_semilaevis ENSCSEG00000016716
poecilia_formosa ENSPFOG00000015672
poecilia_latipinna ENSPLAG00000005833
xiphophorus_couchianus ENSXCOG00000014077
xiphophorus_maculatus ENSXMAG00000024536
cyprinodon_variegatus ENSCVAG00000000744
kryptolebias_marmoratus ENSKMAG00000015949
stegastes_partitus ENSSPAG00000013816
monopterus_albus ENSMALG00000021712
mola_mola ENSMMOG00000006895
amphiprion_ocellaris ENSAOCG00000005235
amphiprion_percula ENSAPEG00000009191
acanthochromis_polyacanthus ENSAPOG00000011488
oryzias_melastigma ENSOMEG00000001578
hippocampus_comes ENSHCOG00000015156
gambusia_affinis ENSGAFG00000008972
scophthalmus_maximus ENSSMAG00000002417
gasterosteus_aculeatus ENSGACG00000011946
periophthalmus_magnuspinnatus ENSPMGG00000020227
gadus_morhua ENSGMOG00000008268
danio_rerio ENSDARG00000104300
scleropages_formosus ENSSFOG00015001460
paramormyrops_kingsleyae ENSPKIG00000023181
scleropages_formosus ENSSFOG00015018399
paramormyrops_kingsleyae ENSPKIG00000004428
lepisosteus_oculatus ENSLOCG00000007291
gopherus_agassizii ENSGAGG00000020354
chelonoidis_abingdonii ENSCABG00000005855
chrysemys_picta_bellii ENSCPBG00000003821
pelodiscus_sinensis ENSPSIG00000006271
crocodylus_porosus ENSCPRG00005013893
salvator_merianae ENSSMRG00000018198
anolis_carolinensis ENSACAG00000005402
sphenodon_punctatus ENSSPUG00000002581
apteryx_owenii ENSAOWG00000018778
apteryx_rowi ENSARWG00000004879
apteryx_haastii ENSAHAG00000007689
dromaius_novaehollandiae ENSDNVG00000017528
nothoprocta_perdicaria ENSNPEG00000015074
lepidothrix_coronata ENSLCOG00000016330
manacus_vitellinus ENSMVIG00005001757
lonchura_striata_domestica ENSLSDG00000010949
taeniopygia_guttata ENSTGUG00000008798
cyanistes_caeruleus ENSCCEG00000023554
parus_major ENSPMJG00000018566
junco_hyemalis ENSJHYG00000012751
manacus_vitellinus ENSMVIG00005001753
calidris_pygmaea ENSCPGG00000017262
calidris_pugnax ENSCPUG00000004965
gallus_gallus ENSGALG00000036441
coturnix_japonica ENSCJPG00005017747
meleagris_gallopavo ENSMGAG00000009779
numida_meleagris ENSNMEG00000022244
anser_brachyrhynchus ENSABRG00000002070
junco_hyemalis ENSJHYG00000012746
zonotrichia_albicollis ENSZALG00000017686
serinus_canaria ENSSCAG00000016047
ficedula_albicollis ENSFALG00000003030
calidris_pugnax ENSCPUG00000004966
anas_platyrhynchos_platyrhynchos ENSAPLG00000025159
melopsittacus_undulatus ENSMUNG00000007953
dromaius_novaehollandiae ENSDNVG00000017525
numida_meleagris ENSNMEG00000005185
canis_lupus_dingo ENSCAFG00020006077
phascolarctos_cinereus ENSPCIG00000026292
notamacropus_eugenii ENSMEUG00000001119
sarcophilus_harrisii ENSSHAG00000005304
monodelphis_domestica ENSMODG00000009366
ovis_aries ENSOARG00000000276
bison_bison_bison ENSBBBG00000017196
tursiops_truncatus ENSTTRG00000007218
pteropus_vampyrus ENSPVAG00000017183
ursus_americanus ENSUAMG00000006198
ailuropoda_melanoleuca ENSAMEG00000012269
canis_lupus_dingo ENSCAFG00020006074
canis_lupus_familiaris ENSCAFG00000013271
vulpes_vulpes ENSVVUG00000012885
panthera_tigris_altaica ENSPTIG00000016801
panthera_pardus ENSPPRG00000002779
felis_catus ENSFCAG00000014400
octodon_degus ENSODEG00000008975
octodon_degus ENSODEG00000008878
heterocephalus_glaber_hetgla_female_1.0 ENSHGLG00000014667
heterocephalus_glaber_hetgla_1.0 ENSHGLG00100005301
chinchilla_lanigera ENSCLAG00000002683
cavia_porcellus ENSCPOG00000034131
vicugna_pacos ENSVPAG00000002670
myotis_lucifugus ENSMLUG00000022385
fukomys_damarensis ENSFDAG00000013649
otolemur_garnettii ENSOGAG00000016579
echinops_telfairi ENSETEG00000013126
mus_spretus_strain_spret/eij MGP_SPRETEiJ_G0024583
mus_spicilegus ENSMSIG00000006899
mus_musculus_strain_reference_cl57bl6 ENSMUSG00000075284
mus_caroli_strain_caroli_eij MGP_CAROLIEiJ_G0023660
mus_pahari_strain_pahari_eij MGP_PahariEiJ_G0025112
rattus_norvegicus ENSRNOG00000018406
meriones_unguiculatus ENSMUGG00000023145
meriones_unguiculatus ENSMUGG00000023029
peromyscus_maniculatus_bairdii ENSPEMG00000013848
nannospalax_galili ENSNGAG00000022478
marmota_marmota_marmota ENSMMMG00000023716
spermophilus_dauricus ENSSDAG00000012107
ictidomys_tridecemlineatus ENSSTOG00000004271
urocitellus_parryii ENSUPAG00010020649
dipodomys_ordii ENSDORG00000027952
homo_sapiens ENSG00000115935
pan_paniscus ENSPPAG00000037968
gorilla_gorilla ENSGGOG00000016773
pongo_abelii ENSPPYG00000012948
nomascus_leucogenys ENSNLEG00000005907
colobus_angolensis_palliatus ENSCANG00000035589
piliocolobus_tephrosceles ENSPTEG00000038901
rhinopithecus_roxellana ENSRROG00000034837
rhinopithecus_bieti ENSRBIG00000041160
theropithecus_gelada ENSTGEG00000020448
papio_anubis ENSPANG00000019541
cercocebus_atys ENSCATG00000022645
macaca_mulatta ENSMMUG00000009593
macaca_fascicularis ENSMFAG00000034165
macaca_nemestrina ENSMNEG00000045560
mandrillus_leucophaeus ENSMLEG00000001484
chlorocebus_sabaeus ENSCSAG00000014556
cebus_capucinus_imitator ENSCCAG00000012994
saimiri_boliviensis_boliviensis ENSSBOG00000032169
callithrix_jacchus ENSCJAG00000048519
aotus_nancymaae ENSANAG00000024291
prolemur_simus ENSPSMG00000024219
tupaia_belangeri ENSTBEG00000007763
loxodonta_africana ENSLAFG00000028992
erinaceus_europaeus ENSEEUG00000012618
xenopus_tropicalis ENSXETG00000008476
eptatretus_burgeri ENSEBUG00000013322
