macaca_fascicularis ENSMFAG00000017901
macaca_fascicularis ENSMFAG00000034379
macaca_mulatta ENSMMUG00000018788
theropithecus_gelada ENSTGEG00000026112
mandrillus_leucophaeus ENSMLEG00000035186
macaca_mulatta ENSMMUG00000018838
chlorocebus_sabaeus ENSCSAG00000018914
theropithecus_gelada ENSTGEG00000004942
theropithecus_gelada ENSTGEG00000023336
theropithecus_gelada ENSTGEG00000016249
mandrillus_leucophaeus ENSMLEG00000043215
cercocebus_atys ENSCATG00000044119
papio_anubis ENSPANG00000001341
papio_anubis ENSPANG00000036162
macaca_fascicularis ENSMFAG00000045047
macaca_nemestrina ENSMNEG00000041391
rhinopithecus_bieti ENSRBIG00000018627
rhinopithecus_roxellana ENSRROG00000039546
colobus_angolensis_palliatus ENSCANG00000030226
rhinopithecus_bieti ENSRBIG00000035906
macaca_nemestrina ENSMNEG00000026858
papio_anubis ENSPANG00000003192
pan_paniscus ENSPPAG00000029483
pan_troglodytes ENSPTRG00000017721
homo_sapiens ENSG00000137210
gorilla_gorilla ENSGGOG00000009702
gorilla_gorilla ENSGGOG00000000633
nomascus_leucogenys ENSNLEG00000000600
callithrix_jacchus ENSCJAG00000047324
callithrix_jacchus ENSCJAG00000044447
aotus_nancymaae ENSANAG00000020968
pongo_abelii ENSPPYG00000016225
echinops_telfairi ENSETEG00000004601
