acanthochromis_polyacanthus ENSAPOG00000021376
hippocampus_comes ENSHCOG00000016536
ictalurus_punctatus ENSIPUG00000021912
eptatretus_burgeri ENSEBUG00000008053
ciona_intestinalis ENSCING00000025179
drosophila_melanogaster FBgn0052055
drosophila_melanogaster FBgn0036040
amphiprion_percula ENSAPEG00000006054
acanthochromis_polyacanthus ENSAPOG00000014300
stegastes_partitus ENSSPAG00000000343
neolamprologus_brichardi ENSNBRG00000016885
mastacembelus_armatus ENSMAMG00000006276
gasterosteus_aculeatus ENSGACG00000010035
gadus_morhua ENSGMOG00000002301
latimeria_chalumnae ENSLACG00000011652
dromaius_novaehollandiae ENSDNVG00000016109
latimeria_chalumnae ENSLACG00000014891
poecilia_reticulata ENSPREG00000019192
poecilia_latipinna ENSPLAG00000023488
seriola_dumerili ENSSDUG00000002229
gasterosteus_aculeatus ENSGACG00000012515
amphilophus_citrinellus ENSACIG00000012792
meleagris_gallopavo ENSMGAG00000017145
salvator_merianae ENSSMRG00000016224
petromyzon_marinus ENSPMAG00000005683
petromyzon_marinus ENSPMAG00000005127
eptatretus_burgeri ENSEBUG00000001647
petromyzon_marinus ENSPMAG00000005050
eptatretus_burgeri ENSEBUG00000004201
gambusia_affinis ENSGAFG00000010792
fundulus_heteroclitus ENSFHEG00000020674
cynoglossus_semilaevis ENSCSEG00000006625
pygocentrus_nattereri ENSPNAG00000019301
astyanax_mexicanus ENSAMXG00000029440
danio_rerio ENSDARG00000055160
anas_platyrhynchos_platyrhynchos ENSAPLG00000029393
coturnix_japonica ENSCJPG00005009247
ciona_savignyi ENSCSAVG00000009613
ciona_intestinalis ENSCING00000002918
amphilophus_citrinellus ENSACIG00000021238
neolamprologus_brichardi ENSNBRG00000001501
xiphophorus_couchianus ENSXCOG00000019258
poecilia_reticulata ENSPREG00000016799
gambusia_affinis ENSGAFG00000017528
xiphophorus_maculatus ENSXMAG00000003638
poecilia_mexicana ENSPMEG00000011045
poecilia_formosa ENSPFOG00000004724
poecilia_reticulata ENSPREG00000022953
fundulus_heteroclitus ENSFHEG00000012851
cyprinodon_variegatus ENSCVAG00000011531
fundulus_heteroclitus ENSFHEG00000013272
poecilia_mexicana ENSPMEG00000011037
monopterus_albus ENSMALG00000011504
amphiprion_ocellaris ENSAOCG00000002101
pogona_vitticeps ENSPVIG00000015385
notechis_scutatus ENSNSUG00000003850
chelonoidis_abingdonii ENSCABG00000014193
ciona_savignyi ENSCSAVG00000006178
ciona_intestinalis ENSCING00000011649
junco_hyemalis ENSJHYG00000016620
apteryx_rowi ENSARWG00000002183
taeniopygia_guttata ENSTGUG00000007099
lonchura_striata_domestica ENSLSDG00000011931
serinus_canaria ENSSCAG00000014578
junco_hyemalis ENSJHYG00000004380
parus_major ENSPMJG00000019484
lepidothrix_coronata ENSLCOG00000001085
manacus_vitellinus ENSMVIG00005013141
melopsittacus_undulatus ENSMUNG00000009062
calidris_pugnax ENSCPUG00000003119
coturnix_japonica ENSCJPG00005009049
meleagris_gallopavo ENSMGAG00000009718
dromaius_novaehollandiae ENSDNVG00000001836
chrysemys_picta_bellii ENSCPBG00000002648
poecilia_reticulata ENSPREG00000020120
eptatretus_burgeri ENSEBUG00000012000
eptatretus_burgeri ENSEBUG00000016261
pygocentrus_nattereri ENSPNAG00000009414
ciona_intestinalis ENSCING00000012932
astatotilapia_calliptera ENSACLG00000004433
maylandia_zebra ENSMZEG00005015500
seriola_lalandi_dorsalis ENSSLDG00000006953
esox_lucius ENSELUG00000003193
astyanax_mexicanus ENSAMXG00000030809
oryzias_melastigma ENSOMEG00000009383
ciona_savignyi ENSCSAVG00000006422
ciona_intestinalis ENSCING00000014175
drosophila_melanogaster FBgn0260793
ciona_intestinalis ENSCING00000011967
ciona_savignyi ENSCSAVG00000011326
drosophila_melanogaster FBgn0010452
drosophila_melanogaster FBgn0023095
ciona_savignyi ENSCSAVG00000011497
ciona_intestinalis ENSCING00000022746
astyanax_mexicanus ENSAMXG00000029539
pygocentrus_nattereri ENSPNAG00000028388
esox_lucius ENSELUG00000023039
poecilia_formosa ENSPFOG00000004532
gambusia_affinis ENSGAFG00000006830
oryzias_melastigma ENSOMEG00000016646
amphiprion_ocellaris ENSAOCG00000014565
amphiprion_percula ENSAPEG00000010254
lepisosteus_oculatus ENSLOCG00000003389
ursus_maritimus ENSUMAG00000006528
ursus_americanus ENSUAMG00000010837
ailuropoda_melanoleuca ENSAMEG00000003421
mustela_putorius_furo ENSMPUG00000011037
neovison_vison ENSNVIG00000010656
panthera_pardus ENSPPRG00000014287
panthera_tigris_altaica ENSPTIG00000004740
felis_catus ENSFCAG00000006394
pteropus_vampyrus ENSPVAG00000002348
equus_asinus_asinus ENSEASG00005007815
equus_caballus ENSECAG00000013802
vicugna_pacos ENSVPAG00000006898
sus_scrofa ENSSSCG00000033405
myotis_lucifugus ENSMLUG00000005978
propithecus_coquereli ENSPCOG00000011931
prolemur_simus ENSPSMG00000016565
microcebus_murinus ENSMICG00000044386
otolemur_garnettii ENSOGAG00000032838
pan_troglodytes ENSPTRG00000000862
pan_paniscus ENSPPAG00000031788
gorilla_gorilla ENSGGOG00000011434
homo_sapiens ENSG00000162621
pongo_abelii ENSPPYG00000001238
nomascus_leucogenys ENSNLEG00000009530
macaca_nemestrina ENSMNEG00000029987
macaca_fascicularis ENSMFAG00000038246
macaca_mulatta ENSMMUG00000042455
papio_anubis ENSPANG00000023960
theropithecus_gelada ENSTGEG00000016057
cercocebus_atys ENSCATG00000041739
mandrillus_leucophaeus ENSMLEG00000034956
chlorocebus_sabaeus ENSCSAG00000001383
colobus_angolensis_palliatus ENSCANG00000015719
piliocolobus_tephrosceles ENSPTEG00000035589
rhinopithecus_bieti ENSRBIG00000037027
rhinopithecus_roxellana ENSRROG00000036407
saimiri_boliviensis_boliviensis ENSSBOG00000031388
cebus_capucinus_imitator ENSCCAG00000036749
callithrix_jacchus ENSCJAG00000006486
aotus_nancymaae ENSANAG00000032009
peromyscus_maniculatus_bairdii ENSPEMG00000026430
meriones_unguiculatus ENSMUGG00000009336
chinchilla_lanigera ENSCLAG00000005943
ictidomys_tridecemlineatus ENSSTOG00000031204
spermophilus_dauricus ENSSDAG00000003662
urocitellus_parryii ENSUPAG00010014716
marmota_marmota_marmota ENSMMMG00000000512
echinops_telfairi ENSETEG00000011560
notamacropus_eugenii ENSMEUG00000000374
monodelphis_domestica ENSMODG00000000352
sarcophilus_harrisii ENSSHAG00000006625
latimeria_chalumnae ENSLACG00000011049
monopterus_albus ENSMALG00000006158
monopterus_albus ENSMALG00000011743
ciona_intestinalis ENSCING00000021198
ciona_intestinalis ENSCING00000003484
caenorhabditis_elegans_strain_n2 WBGene00016974
