pygocentrus_nattereri ENSPNAG00000025176
astyanax_mexicanus ENSAMXG00000024953
pygocentrus_nattereri ENSPNAG00000015289
tetraodon_nigroviridis ENSTNIG00000006360
takifugu_rubripes ENSTRUG00000023851
mola_mola ENSMMOG00000004313
periophthalmus_magnuspinnatus ENSPMGG00000018203
astatotilapia_calliptera ENSACLG00000015850
pundamilia_nyererei ENSPNYG00000015779
maylandia_zebra ENSMZEG00005003639
haplochromis_burtoni ENSHBUG00000003982
neolamprologus_brichardi ENSNBRG00000013315
oreochromis_niloticus ENSONIG00000021289
fundulus_heteroclitus ENSFHEG00000006076
cyprinodon_variegatus ENSCVAG00000005319
poecilia_latipinna ENSPLAG00000011963
poecilia_formosa ENSPFOG00000019983
poecilia_mexicana ENSPMEG00000010388
poecilia_reticulata ENSPREG00000011823
xiphophorus_maculatus ENSXMAG00000028096
kryptolebias_marmoratus ENSKMAG00000020563
oryzias_latipes_asm223471v1 ENSORLG00020009390
oryzias_latipes_asm223469v1 ENSORLG00015018590
oryzias_latipes_asm223467v1 ENSORLG00000020531
oryzias_melastigma ENSOMEG00000007293
cynoglossus_semilaevis ENSCSEG00000012706
amphiprion_ocellaris ENSAOCG00000022390
amphiprion_percula ENSAPEG00000003773
acanthochromis_polyacanthus ENSAPOG00000006882
stegastes_partitus ENSSPAG00000009585
mastacembelus_armatus ENSMAMG00000013881
monopterus_albus ENSMALG00000001762
anabas_testudineus ENSATEG00000018598
labrus_bergylta ENSLBEG00000018191
amphilophus_citrinellus ENSACIG00000022431
seriola_dumerili ENSSDUG00000005435
seriola_lalandi_dorsalis ENSSLDG00000005651
gadus_morhua ENSGMOG00000005169
danio_rerio ENSDARG00000056130
ictalurus_punctatus ENSIPUG00000000679
esox_lucius ENSELUG00000021772
