tetraodon_nigroviridis ENSTNIG00000007950
takifugu_rubripes ENSTRUG00000017632
mola_mola ENSMMOG00000012672
cynoglossus_semilaevis ENSCSEG00000018481
monopterus_albus ENSMALG00000010612
monopterus_albus ENSMALG00000010640
anabas_testudineus ENSATEG00000008390
labrus_bergylta ENSLBEG00000022177
mastacembelus_armatus ENSMAMG00000014849
seriola_dumerili ENSSDUG00000011668
seriola_lalandi_dorsalis ENSSLDG00000000549
scophthalmus_maximus ENSSMAG00000014891
xiphophorus_maculatus ENSXMAG00000025427
xiphophorus_couchianus ENSXCOG00000007831
gambusia_affinis ENSGAFG00000014120
poecilia_reticulata ENSPREG00000022127
poecilia_formosa ENSPFOG00000019458
cyprinodon_variegatus ENSCVAG00000006357
kryptolebias_marmoratus ENSKMAG00000020501
oryzias_latipes_asm223467v1 ENSORLG00000012385
oryzias_latipes_asm223471v1 ENSORLG00020007060
oryzias_latipes_asm223469v1 ENSORLG00015001825
oryzias_melastigma ENSOMEG00000013488
astatotilapia_calliptera ENSACLG00000020661
haplochromis_burtoni ENSHBUG00000003454
maylandia_zebra ENSMZEG00005013953
pundamilia_nyererei ENSPNYG00000019326
oreochromis_niloticus ENSONIG00000015521
neolamprologus_brichardi ENSNBRG00000018340
amphilophus_citrinellus ENSACIG00000004696
amphiprion_ocellaris ENSAOCG00000009633
amphiprion_percula ENSAPEG00000019520
acanthochromis_polyacanthus ENSAPOG00000014579
stegastes_partitus ENSSPAG00000008633
gasterosteus_aculeatus ENSGACG00000014245
hippocampus_comes ENSHCOG00000016908
periophthalmus_magnuspinnatus ENSPMGG00000020089
gadus_morhua ENSGMOG00000005600
esox_lucius ENSELUG00000004935
pygocentrus_nattereri ENSPNAG00000001176
astyanax_mexicanus ENSAMXG00000042071
ictalurus_punctatus ENSIPUG00000006975
danio_rerio ENSDARG00000077996
paramormyrops_kingsleyae ENSPKIG00000010089
scleropages_formosus ENSSFOG00015010587
poecilia_mexicana ENSPMEG00000017556
poecilia_latipinna ENSPLAG00000014618
poecilia_formosa ENSPFOG00000018707
poecilia_formosa ENSPFOG00000018696
poecilia_latipinna ENSPLAG00000013838
xiphophorus_couchianus ENSXCOG00000008387
poecilia_reticulata ENSPREG00000018265
xiphophorus_maculatus ENSXMAG00000021496
gambusia_affinis ENSGAFG00000018371
cyprinodon_variegatus ENSCVAG00000013834
fundulus_heteroclitus ENSFHEG00000012814
kryptolebias_marmoratus ENSKMAG00000013853
oryzias_latipes_asm223467v1 ENSORLG00000016305
oryzias_latipes_asm223471v1 ENSORLG00020017961
oryzias_latipes_asm223469v1 ENSORLG00015013569
oryzias_melastigma ENSOMEG00000005315
tetraodon_nigroviridis ENSTNIG00000006994
takifugu_rubripes ENSTRUG00000013111
mola_mola ENSMMOG00000006025
labrus_bergylta ENSLBEG00000023089
seriola_lalandi_dorsalis ENSSLDG00000013227
seriola_dumerili ENSSDUG00000020241
scophthalmus_maximus ENSSMAG00000019027
mastacembelus_armatus ENSMAMG00000013145
monopterus_albus ENSMALG00000014153
anabas_testudineus ENSATEG00000013580
amphiprion_percula ENSAPEG00000017020
amphiprion_ocellaris ENSAOCG00000022705
acanthochromis_polyacanthus ENSAPOG00000001759
stegastes_partitus ENSSPAG00000013642
maylandia_zebra ENSMZEG00005020680
pundamilia_nyererei ENSPNYG00000012401
astatotilapia_calliptera ENSACLG00000018281
haplochromis_burtoni ENSHBUG00000023499
neolamprologus_brichardi ENSNBRG00000005345
oreochromis_niloticus ENSONIG00000003131
amphilophus_citrinellus ENSACIG00000000596
periophthalmus_magnuspinnatus ENSPMGG00000000431
hippocampus_comes ENSHCOG00000012265
gadus_morhua ENSGMOG00000011960
esox_lucius ENSELUG00000006102
astyanax_mexicanus ENSAMXG00000006537
pygocentrus_nattereri ENSPNAG00000025182
ictalurus_punctatus ENSIPUG00000002781
danio_rerio ENSDARG00000075960
paramormyrops_kingsleyae ENSPKIG00000015303
scleropages_formosus ENSSFOG00015020310
fundulus_heteroclitus ENSFHEG00000016888
xiphophorus_couchianus ENSXCOG00000007832
pogona_vitticeps ENSPVIG00000014616
anolis_carolinensis ENSACAG00000006980
notechis_scutatus ENSNSUG00000014849
salvator_merianae ENSSMRG00000004516
chrysemys_picta_bellii ENSCPBG00000026082
chelonoidis_abingdonii ENSCABG00000001592
erinaceus_europaeus ENSEEUG00000009618
sorex_araneus ENSSARG00000008016
mus_spretus_strain_spret/eij MGP_SPRETEiJ_G0020154
mus_musculus_strain_reference_cl57bl6 ENSMUSG00000059674
mus_spicilegus ENSMSIG00000016419
mus_caroli_strain_caroli_eij MGP_CAROLIEiJ_G0019264
mus_pahari_strain_pahari_eij MGP_PahariEiJ_G0030283
rattus_norvegicus ENSRNOG00000013503
meriones_unguiculatus ENSMUGG00000011007
cricetulus_griseus_chok1gs_hdv1 ENSCGRG00001006509
cricetulus_griseus_crigri-picr ENSCGRG00015020054
cricetulus_griseus_crigri_1.0 ENSCGRG00000011673
mesocricetus_auratus ENSMAUG00000021615
microtus_ochrogaster ENSMOCG00000012608
peromyscus_maniculatus_bairdii ENSPEMG00000018892
nannospalax_galili ENSNGAG00000010716
dipodomys_ordii ENSDORG00000010568
castor_canadensis ENSCCNG00000020365
cavia_aperea ENSCAPG00000009942
cavia_porcellus ENSCPOG00000013121
octodon_degus ENSODEG00000001803
chinchilla_lanigera ENSCLAG00000011914
heterocephalus_glaber_hetgla_female_1.0 ENSHGLG00000003051
heterocephalus_glaber_hetgla_1.0 ENSHGLG00100010203
fukomys_damarensis ENSFDAG00000013134
urocitellus_parryii ENSUPAG00010011199
ictidomys_tridecemlineatus ENSSTOG00000007148
marmota_marmota_marmota ENSMMMG00000013665
spermophilus_dauricus ENSSDAG00000007840
pan_troglodytes ENSPTRG00000006158
pan_paniscus ENSPPAG00000035182
homo_sapiens ENSG00000139880
gorilla_gorilla ENSGGOG00000007398
pongo_abelii ENSPPYG00000005656
nomascus_leucogenys ENSNLEG00000014900
rhinopithecus_roxellana ENSRROG00000043868
rhinopithecus_bieti ENSRBIG00000030527
colobus_angolensis_palliatus ENSCANG00000036805
piliocolobus_tephrosceles ENSPTEG00000019318
theropithecus_gelada ENSTGEG00000019239
papio_anubis ENSPANG00000019643
mandrillus_leucophaeus ENSMLEG00000033931
cercocebus_atys ENSCATG00000011377
macaca_fascicularis ENSMFAG00000002248
macaca_nemestrina ENSMNEG00000030948
macaca_mulatta ENSMMUG00000006009
chlorocebus_sabaeus ENSCSAG00000016106
cebus_capucinus_imitator ENSCCAG00000029972
saimiri_boliviensis_boliviensis ENSSBOG00000027998
callithrix_jacchus ENSCJAG00000008170
aotus_nancymaae ENSANAG00000023080
carlito_syrichta ENSTSYG00000026066
propithecus_coquereli ENSPCOG00000003143
microcebus_murinus ENSMICG00000002564
prolemur_simus ENSPSMG00000006370
otolemur_garnettii ENSOGAG00000005114
bos_mutus ENSBMUG00000018198
bos_taurus ENSBTAG00000011349
bison_bison_bison ENSBBBG00000023286
capra_hircus ENSCHIG00000012466
ovis_aries ENSOARG00000019374
tursiops_truncatus ENSTTRG00000001507
sus_scrofa ENSSSCG00000002037
equus_asinus_asinus ENSEASG00005011703
equus_caballus ENSECAG00000019730
ursus_americanus ENSUAMG00000006295
ursus_maritimus ENSUMAG00000014114
ailuropoda_melanoleuca ENSAMEG00000007481
neovison_vison ENSNVIG00000021117
mustela_putorius_furo ENSMPUG00000006830
canis_lupus_dingo ENSCAFG00020007655
canis_lupus_familiaris ENSCAFG00000011398
vulpes_vulpes ENSVVUG00000019873
panthera_pardus ENSPPRG00000000260
panthera_tigris_altaica ENSPTIG00000017572
felis_catus ENSFCAG00000002331
pteropus_vampyrus ENSPVAG00000013803
myotis_lucifugus ENSMLUG00000004874
choloepus_hoffmanni ENSCHOG00000008107
dasypus_novemcinctus ENSDNOG00000030883
loxodonta_africana ENSLAFG00000003672
procavia_capensis ENSPCAG00000006492
oryctolagus_cuniculus ENSOCUG00000013116
ochotona_princeps ENSOPRG00000016393
phascolarctos_cinereus ENSPCIG00000027765
notamacropus_eugenii ENSMEUG00000000839
sarcophilus_harrisii ENSSHAG00000013627
monodelphis_domestica ENSMODG00000005152
ornithorhynchus_anatinus ENSOANG00000015670
ornithorhynchus_anatinus ENSOANG00000013890
xenopus_tropicalis ENSXETG00000022648
latimeria_chalumnae ENSLACG00000014676
