prolemur_simus ENSPSMG00000000179
microcebus_murinus ENSMICG00000046169
callithrix_jacchus ENSCJAG00000048337
saimiri_boliviensis_boliviensis ENSSBOG00000034283
aotus_nancymaae ENSANAG00000006804
homo_sapiens ENSG00000283758
gorilla_gorilla ENSGGOG00000040800
nomascus_leucogenys ENSNLEG00000030568
rhinopithecus_bieti ENSRBIG00000038354
rhinopithecus_roxellana ENSRROG00000035520
piliocolobus_tephrosceles ENSPTEG00000015836
macaca_fascicularis ENSMFAG00000046101
macaca_nemestrina ENSMNEG00000042059
cercocebus_atys ENSCATG00000009797
mandrillus_leucophaeus ENSMLEG00000029551
papio_anubis ENSPANG00000031053
theropithecus_gelada ENSTGEG00000010247
equus_asinus_asinus ENSEASG00005001055
equus_caballus ENSECAG00000029247
bison_bison_bison ENSBBBG00000023385
bos_taurus ENSBTAG00000053018
bos_mutus ENSBMUG00000016814
ovis_aries ENSOARG00000004889
sus_scrofa ENSSSCG00000038292
vulpes_vulpes ENSVVUG00000015130
canis_lupus_familiaris ENSCAFG00000031076
canis_lupus_dingo ENSCAFG00020018759
ursus_americanus ENSUAMG00000020715
ursus_maritimus ENSUMAG00000020204
neovison_vison ENSNVIG00000017854
felis_catus ENSFCAG00000032280
dasypus_novemcinctus ENSDNOG00000046962
cricetulus_griseus_crigri-picr ENSCGRG00015012368
cricetulus_griseus_crigri-picr ENSCGRG00015015616
cricetulus_griseus_chok1gs_hdv1 ENSCGRG00001012280
mesocricetus_auratus ENSMAUG00000021934
peromyscus_maniculatus_bairdii ENSPEMG00000030877
microtus_ochrogaster ENSMOCG00000011910
meriones_unguiculatus ENSMUGG00000013401
mus_spretus_strain_spret/eij MGP_SPRETEiJ_G0030634
mus_spicilegus ENSMSIG00000006779
mus_musculus_strain_reference_cl57bl6 ENSMUSG00000049761
mus_caroli_strain_caroli_eij MGP_CAROLIEiJ_G0029538
mus_pahari_strain_pahari_eij MGP_PahariEiJ_G0012772
rattus_norvegicus ENSRNOG00000046724
nannospalax_galili ENSNGAG00000018203
eptatretus_burgeri ENSEBUG00000001953
tetraodon_nigroviridis ENSTNIG00000017429
takifugu_rubripes ENSTRUG00000015278
mola_mola ENSMMOG00000001542
gasterosteus_aculeatus ENSGACG00000005882
cynoglossus_semilaevis ENSCSEG00000000876
seriola_dumerili ENSSDUG00000004244
seriola_lalandi_dorsalis ENSSLDG00000021763
scophthalmus_maximus ENSSMAG00000005402
monopterus_albus ENSMALG00000015745
mastacembelus_armatus ENSMAMG00000006513
anabas_testudineus ENSATEG00000002539
maylandia_zebra ENSMZEG00005009158
astatotilapia_calliptera ENSACLG00000001275
pundamilia_nyererei ENSPNYG00000021925
haplochromis_burtoni ENSHBUG00000017943
neolamprologus_brichardi ENSNBRG00000003300
oreochromis_niloticus ENSONIG00000012036
amphilophus_citrinellus ENSACIG00000008914
fundulus_heteroclitus ENSFHEG00000018221
cyprinodon_variegatus ENSCVAG00000013669
xiphophorus_couchianus ENSXCOG00000010872
xiphophorus_maculatus ENSXMAG00000014483
gambusia_affinis ENSGAFG00000017151
poecilia_latipinna ENSPLAG00000014219
poecilia_mexicana ENSPMEG00000012005
poecilia_formosa ENSPFOG00000013763
poecilia_reticulata ENSPREG00000019429
kryptolebias_marmoratus ENSKMAG00000001700
oryzias_latipes_asm223467v1 ENSORLG00000016699
oryzias_latipes_asm223469v1 ENSORLG00015004922
oryzias_latipes_asm223471v1 ENSORLG00020005507
oryzias_melastigma ENSOMEG00000019872
amphiprion_percula ENSAPEG00000002223
amphiprion_ocellaris ENSAOCG00000009301
acanthochromis_polyacanthus ENSAPOG00000004368
stegastes_partitus ENSSPAG00000023238
labrus_bergylta ENSLBEG00000000039
periophthalmus_magnuspinnatus ENSPMGG00000015452
hippocampus_comes ENSHCOG00000014826
gadus_morhua ENSGMOG00000015904
acanthochromis_polyacanthus ENSAPOG00000006816
acanthochromis_polyacanthus ENSAPOG00000020397
seriola_lalandi_dorsalis ENSSLDG00000007428
seriola_lalandi_dorsalis ENSSLDG00000007335
esox_lucius ENSELUG00000006373
scleropages_formosus ENSSFOG00015016796
takifugu_rubripes ENSTRUG00000012920
gasterosteus_aculeatus ENSGACG00000012931
mola_mola ENSMMOG00000015027
labrus_bergylta ENSLBEG00000024230
mastacembelus_armatus ENSMAMG00000013681
monopterus_albus ENSMALG00000016630
anabas_testudineus ENSATEG00000001102
fundulus_heteroclitus ENSFHEG00000020232
cyprinodon_variegatus ENSCVAG00000021512
xiphophorus_maculatus ENSXMAG00000013513
xiphophorus_couchianus ENSXCOG00000007561
poecilia_formosa ENSPFOG00000015059
poecilia_latipinna ENSPLAG00000000014
poecilia_mexicana ENSPMEG00000008595
poecilia_reticulata ENSPREG00000013825
gambusia_affinis ENSGAFG00000006459
kryptolebias_marmoratus ENSKMAG00000019363
haplochromis_burtoni ENSHBUG00000022529
pundamilia_nyererei ENSPNYG00000002954
maylandia_zebra ENSMZEG00005012478
astatotilapia_calliptera ENSACLG00000006204
neolamprologus_brichardi ENSNBRG00000022037
oreochromis_niloticus ENSONIG00000000786
amphilophus_citrinellus ENSACIG00000002136
amphiprion_ocellaris ENSAOCG00000005614
amphiprion_percula ENSAPEG00000023081
acanthochromis_polyacanthus ENSAPOG00000019962
stegastes_partitus ENSSPAG00000007683
seriola_dumerili ENSSDUG00000009907
scophthalmus_maximus ENSSMAG00000007145
hippocampus_comes ENSHCOG00000002512
gadus_morhua ENSGMOG00000008795
esox_lucius ENSELUG00000020707
astyanax_mexicanus ENSAMXG00000025936
pygocentrus_nattereri ENSPNAG00000010133
ictalurus_punctatus ENSIPUG00000018832
danio_rerio ENSDARG00000042390
scleropages_formosus ENSSFOG00015008898
paramormyrops_kingsleyae ENSPKIG00000021585
cynoglossus_semilaevis ENSCSEG00000000478
periophthalmus_magnuspinnatus ENSPMGG00000009047
paramormyrops_kingsleyae ENSPKIG00000000536
lepisosteus_oculatus ENSLOCG00000010870
latimeria_chalumnae ENSLACG00000018632
castor_canadensis ENSCCNG00000027496
phascolarctos_cinereus ENSPCIG00000008703
notamacropus_eugenii ENSMEUG00000014869
sarcophilus_harrisii ENSSHAG00000018764
monodelphis_domestica ENSMODG00000024016
cavia_porcellus ENSCPOG00000012367
cavia_aperea ENSCAPG00000017799
fukomys_damarensis ENSFDAG00000007310
jaculus_jaculus ENSJJAG00000012505
carlito_syrichta ENSTSYG00000014525
ursus_americanus ENSUAMG00000002097
ursus_maritimus ENSUMAG00000008850
ailuropoda_melanoleuca ENSAMEG00000018279
vulpes_vulpes ENSVVUG00000005089
canis_lupus_familiaris ENSCAFG00000016931
neovison_vison ENSNVIG00000016048
mustela_putorius_furo ENSMPUG00000009458
panthera_pardus ENSPPRG00000012500
panthera_tigris_altaica ENSPTIG00000016165
felis_catus ENSFCAG00000006364
equus_caballus ENSECAG00000018296
equus_asinus_asinus ENSEASG00005011683
pteropus_vampyrus ENSPVAG00000000650
bison_bison_bison ENSBBBG00000014055
bos_mutus ENSBMUG00000007323
capra_hircus ENSCHIG00000019047
ovis_aries ENSOARG00000001053
sus_scrofa ENSSSCG00000025000
tursiops_truncatus ENSTTRG00000013020
pan_troglodytes ENSPTRG00000006534
pan_paniscus ENSPPAG00000038287
homo_sapiens ENSG00000183379
gorilla_gorilla ENSGGOG00000008787
pongo_abelii ENSPPYG00000005986
nomascus_leucogenys ENSNLEG00000016258
macaca_fascicularis ENSMFAG00000039919
macaca_nemestrina ENSMNEG00000028619
macaca_mulatta ENSMMUG00000038996
mandrillus_leucophaeus ENSMLEG00000034438
papio_anubis ENSPANG00000001022
cercocebus_atys ENSCATG00000034933
theropithecus_gelada ENSTGEG00000024095
chlorocebus_sabaeus ENSCSAG00000012533
rhinopithecus_roxellana ENSRROG00000041128
rhinopithecus_bieti ENSRBIG00000032309
piliocolobus_tephrosceles ENSPTEG00000027508
colobus_angolensis_palliatus ENSCANG00000035015
callithrix_jacchus ENSCJAG00000044054
cebus_capucinus_imitator ENSCCAG00000030697
saimiri_boliviensis_boliviensis ENSSBOG00000034851
aotus_nancymaae ENSANAG00000024522
otolemur_garnettii ENSOGAG00000030617
ictidomys_tridecemlineatus ENSSTOG00000007981
marmota_marmota_marmota ENSMMMG00000016305
urocitellus_parryii ENSUPAG00010014486
spermophilus_dauricus ENSSDAG00000019488
heterocephalus_glaber_hetgla_1.0 ENSHGLG00100016140
heterocephalus_glaber_hetgla_female_1.0 ENSHGLG00000013920
peromyscus_maniculatus_bairdii ENSPEMG00000030499
microtus_ochrogaster ENSMOCG00000013518
cricetulus_griseus_chok1gs_hdv1 ENSCGRG00001013830
cricetulus_griseus_crigri-picr ENSCGRG00015000337
cricetulus_griseus_crigri_1.0 ENSCGRG00000013887
mesocricetus_auratus ENSMAUG00000013945
mus_musculus_strain_reference_cl57bl6 ENSMUSG00000071234
mus_caroli_strain_caroli_eij MGP_CAROLIEiJ_G0017949
mus_spretus_strain_spret/eij MGP_SPRETEiJ_G0018794
mus_pahari_strain_pahari_eij MGP_PahariEiJ_G0029708
rattus_norvegicus ENSRNOG00000027645
meriones_unguiculatus ENSMUGG00000014827
nannospalax_galili ENSNGAG00000013742
dipodomys_ordii ENSDORG00000014474
octodon_degus ENSODEG00000015191
chinchilla_lanigera ENSCLAG00000006492
oryctolagus_cuniculus ENSOCUG00000015989
ochotona_princeps ENSOPRG00000001713
prolemur_simus ENSPSMG00000017823
microcebus_murinus ENSMICG00000027038
propithecus_coquereli ENSPCOG00000019267
loxodonta_africana ENSLAFG00000004416
procavia_capensis ENSPCAG00000008023
myotis_lucifugus ENSMLUG00000004551
bos_taurus ENSBTAG00000052950
mus_spicilegus ENSMSIG00000004137
echinops_telfairi ENSETEG00000013336
choloepus_hoffmanni ENSCHOG00000013114
dasypus_novemcinctus ENSDNOG00000032053
apteryx_owenii ENSAOWG00000017039
apteryx_haastii ENSAHAG00000002679
apteryx_rowi ENSARWG00000010732
dromaius_novaehollandiae ENSDNVG00000001711
nothoprocta_perdicaria ENSNPEG00000007494
calidris_pugnax ENSCPUG00000001926
calidris_pygmaea ENSCPGG00000004980
melopsittacus_undulatus ENSMUNG00000010205
taeniopygia_guttata ENSTGUG00000012127
lonchura_striata_domestica ENSLSDG00000002627
serinus_canaria ENSSCAG00000010118
parus_major ENSPMJG00000016699
cyanistes_caeruleus ENSCCEG00000004892
junco_hyemalis ENSJHYG00000011188
zonotrichia_albicollis ENSZALG00000002493
ficedula_albicollis ENSFALG00000006284
manacus_vitellinus ENSMVIG00005003052
lepidothrix_coronata ENSLCOG00000015997
gallus_gallus ENSGALG00000010233
meleagris_gallopavo ENSMGAG00000012668
coturnix_japonica ENSCJPG00005019220
numida_meleagris ENSNMEG00000022361
anser_brachyrhynchus ENSABRG00000007553
anas_platyrhynchos_platyrhynchos ENSAPLG00000015081
crocodylus_porosus ENSCPRG00005004169
chelonoidis_abingdonii ENSCABG00000022702
gopherus_agassizii ENSGAGG00000012807
chrysemys_picta_bellii ENSCPBG00000026226
pelodiscus_sinensis ENSPSIG00000016403
anolis_carolinensis ENSACAG00000016466
pogona_vitticeps ENSPVIG00000020050
notechis_scutatus ENSNSUG00000003021
salvator_merianae ENSSMRG00000012632
anolis_carolinensis ENSACAG00000003792
pogona_vitticeps ENSPVIG00000023865
notechis_scutatus ENSNSUG00000007118
salvator_merianae ENSSMRG00000007117
chrysemys_picta_bellii ENSCPBG00000009125
cebus_capucinus_imitator ENSCCAG00000030736
callithrix_jacchus ENSCJAG00000022834
aotus_nancymaae ENSANAG00000024959
cercocebus_atys ENSCATG00000039689
mandrillus_leucophaeus ENSMLEG00000041286
papio_anubis ENSPANG00000009466
macaca_nemestrina ENSMNEG00000033232
theropithecus_gelada ENSTGEG00000022727
rhinopithecus_bieti ENSRBIG00000043511
rhinopithecus_roxellana ENSRROG00000042633
colobus_angolensis_palliatus ENSCANG00000041976
chlorocebus_sabaeus ENSCSAG00000003525
piliocolobus_tephrosceles ENSPTEG00000027498
macaca_fascicularis ENSMFAG00000032068
pan_troglodytes ENSPTRG00000040138
pan_paniscus ENSPPAG00000038078
gorilla_gorilla ENSGGOG00000037608
nomascus_leucogenys ENSNLEG00000035342
saimiri_boliviensis_boliviensis ENSSBOG00000025978
homo_sapiens ENSG00000142046
carlito_syrichta ENSTSYG00000032092
propithecus_coquereli ENSPCOG00000023599
microcebus_murinus ENSMICG00000045784
prolemur_simus ENSPSMG00000006112
otolemur_garnettii ENSOGAG00000032735
cricetulus_griseus_crigri-picr ENSCGRG00015023516
cricetulus_griseus_chok1gs_hdv1 ENSCGRG00001014993
cricetulus_griseus_crigri_1.0 ENSCGRG00000002932
mesocricetus_auratus ENSMAUG00000009822
peromyscus_maniculatus_bairdii ENSPEMG00000016115
mus_musculus_strain_reference_cl57bl6 ENSMUSG00000061702
mus_caroli_strain_caroli_eij MGP_CAROLIEiJ_G0029377
mus_spretus_strain_spret/eij MGP_SPRETEiJ_G0030473
mus_pahari_strain_pahari_eij MGP_PahariEiJ_G0021230
rattus_norvegicus ENSRNOG00000021302
mus_spicilegus ENSMSIG00000025163
meriones_unguiculatus ENSMUGG00000021996
microtus_ochrogaster ENSMOCG00000000964
nannospalax_galili ENSNGAG00000005127
jaculus_jaculus ENSJJAG00000013371
castor_canadensis ENSCCNG00000019569
heterocephalus_glaber_hetgla_female_1.0 ENSHGLG00000007971
heterocephalus_glaber_hetgla_1.0 ENSHGLG00100017432
fukomys_damarensis ENSFDAG00000005975
cavia_aperea ENSCAPG00000016748
cavia_porcellus ENSCPOG00000036778
chinchilla_lanigera ENSCLAG00000000996
octodon_degus ENSODEG00000000454
urocitellus_parryii ENSUPAG00010010613
spermophilus_dauricus ENSSDAG00000005513
ictidomys_tridecemlineatus ENSSTOG00000024411
marmota_marmota_marmota ENSMMMG00000019656
capra_hircus ENSCHIG00000013235
ovis_aries ENSOARG00000007421
bos_mutus ENSBMUG00000023374
bos_taurus ENSBTAG00000038711
bison_bison_bison ENSBBBG00000016435
tursiops_truncatus ENSTTRG00000021358
equus_asinus_asinus ENSEASG00005006330
equus_caballus ENSECAG00000024140
pteropus_vampyrus ENSPVAG00000024246
panthera_pardus ENSPPRG00000003672
panthera_tigris_altaica ENSPTIG00000014938
felis_catus ENSFCAG00000025096
ursus_americanus ENSUAMG00000010105
ailuropoda_melanoleuca ENSAMEG00000011640
ursus_maritimus ENSUMAG00000005663
neovison_vison ENSNVIG00000012748
mustela_putorius_furo ENSMPUG00000017650
vulpes_vulpes ENSVVUG00000005363
procavia_capensis ENSPCAG00000018777
notamacropus_eugenii ENSMEUG00000010469
phascolarctos_cinereus ENSPCIG00000031405
latimeria_chalumnae ENSLACG00000018215
mola_mola ENSMMOG00000004801
periophthalmus_magnuspinnatus ENSPMGG00000015316
labrus_bergylta ENSLBEG00000018200
seriola_lalandi_dorsalis ENSSLDG00000005208
seriola_dumerili ENSSDUG00000000359
oreochromis_niloticus ENSONIG00000004015
poecilia_formosa ENSPFOG00000014214
anabas_testudineus ENSATEG00000008873
monopterus_albus ENSMALG00000009466
gasterosteus_aculeatus ENSGACG00000012985
takifugu_rubripes ENSTRUG00000009654
scophthalmus_maximus ENSSMAG00000020246
pundamilia_nyererei ENSPNYG00000007696
maylandia_zebra ENSMZEG00005024198
haplochromis_burtoni ENSHBUG00000010098
astatotilapia_calliptera ENSACLG00000020929
neolamprologus_brichardi ENSNBRG00000004361
amphilophus_citrinellus ENSACIG00000024068
xiphophorus_maculatus ENSXMAG00000004802
xiphophorus_couchianus ENSXCOG00000012488
gambusia_affinis ENSGAFG00000015773
poecilia_mexicana ENSPMEG00000020771
poecilia_reticulata ENSPREG00000017731
poecilia_latipinna ENSPLAG00000005681
fundulus_heteroclitus ENSFHEG00000021890
cyprinodon_variegatus ENSCVAG00000009406
kryptolebias_marmoratus ENSKMAG00000009497
oryzias_latipes_asm223469v1 ENSORLG00015009135
oryzias_latipes_asm223471v1 ENSORLG00020020317
oryzias_latipes_asm223467v1 ENSORLG00000000984
oryzias_melastigma ENSOMEG00000021779
amphiprion_percula ENSAPEG00000014223
amphiprion_ocellaris ENSAOCG00000006610
acanthochromis_polyacanthus ENSAPOG00000012932
stegastes_partitus ENSSPAG00000018333
mastacembelus_armatus ENSMAMG00000014339
hippocampus_comes ENSHCOG00000017828
cynoglossus_semilaevis ENSCSEG00000007198
gadus_morhua ENSGMOG00000015854
esox_lucius ENSELUG00000021703
astyanax_mexicanus ENSAMXG00000004664
ictalurus_punctatus ENSIPUG00000011777
pygocentrus_nattereri ENSPNAG00000030097
danio_rerio ENSDARG00000068456
paramormyrops_kingsleyae ENSPKIG00000013078
scleropages_formosus ENSSFOG00015022989
lepisosteus_oculatus ENSLOCG00000014223
paramormyrops_kingsleyae ENSPKIG00000017019
scleropages_formosus ENSSFOG00015006932
paramormyrops_kingsleyae ENSPKIG00000009263
scleropages_formosus ENSSFOG00015019496
pygocentrus_nattereri ENSPNAG00000012274
astyanax_mexicanus ENSAMXG00000015456
ictalurus_punctatus ENSIPUG00000013034
danio_rerio ENSDARG00000100751
poecilia_latipinna ENSPLAG00000018819
poecilia_reticulata ENSPREG00000013633
poecilia_formosa ENSPFOG00000003479
poecilia_mexicana ENSPMEG00000013539
xiphophorus_maculatus ENSXMAG00000023176
xiphophorus_couchianus ENSXCOG00000003365
takifugu_rubripes ENSTRUG00000003768
scophthalmus_maximus ENSSMAG00000007361
oryzias_latipes_asm223469v1 ENSORLG00015002878
oryzias_latipes_asm223467v1 ENSORLG00000003047
oryzias_latipes_asm223471v1 ENSORLG00020016572
oryzias_melastigma ENSOMEG00000022278
kryptolebias_marmoratus ENSKMAG00000002154
amphiprion_percula ENSAPEG00000016767
amphiprion_ocellaris ENSAOCG00000012602
stegastes_partitus ENSSPAG00000008877
acanthochromis_polyacanthus ENSAPOG00000016849
amphilophus_citrinellus ENSACIG00000003603
labrus_bergylta ENSLBEG00000028204
monopterus_albus ENSMALG00000008893
maylandia_zebra ENSMZEG00005002508
astatotilapia_calliptera ENSACLG00000004089
pundamilia_nyererei ENSPNYG00000012395
haplochromis_burtoni ENSHBUG00000000218
oreochromis_niloticus ENSONIG00000007096
neolamprologus_brichardi ENSNBRG00000009766
mola_mola ENSMMOG00000007874
mastacembelus_armatus ENSMAMG00000022489
anabas_testudineus ENSATEG00000022241
seriola_lalandi_dorsalis ENSSLDG00000017584
seriola_dumerili ENSSDUG00000004206
esox_lucius ENSELUG00000017206
chrysemys_picta_bellii ENSCPBG00000011377
chelonoidis_abingdonii ENSCABG00000021549
anolis_carolinensis ENSACAG00000001510
pogona_vitticeps ENSPVIG00000001409
notechis_scutatus ENSNSUG00000010850
salvator_merianae ENSSMRG00000018148
mustela_putorius_furo ENSMPUG00000001115
neovison_vison ENSNVIG00000007628
canis_lupus_familiaris ENSCAFG00000004315
canis_lupus_dingo ENSCAFG00020006293
vulpes_vulpes ENSVVUG00000022475
ursus_maritimus ENSUMAG00000012097
panthera_tigris_altaica ENSPTIG00000008709
panthera_pardus ENSPPRG00000024465
felis_catus ENSFCAG00000033652
equus_asinus_asinus ENSEASG00005002614
cebus_capucinus_imitator ENSCCAG00000028638
saimiri_boliviensis_boliviensis ENSSBOG00000023812
callithrix_jacchus ENSCJAG00000046278
aotus_nancymaae ENSANAG00000029055
pan_troglodytes ENSPTRG00000013333
pan_paniscus ENSPPAG00000030602
homo_sapiens ENSG00000101463
gorilla_gorilla ENSGGOG00000000617
nomascus_leucogenys ENSNLEG00000015521
piliocolobus_tephrosceles ENSPTEG00000029454
colobus_angolensis_palliatus ENSCANG00000010764
rhinopithecus_bieti ENSRBIG00000040849
rhinopithecus_roxellana ENSRROG00000034113
theropithecus_gelada ENSTGEG00000020420
cercocebus_atys ENSCATG00000034882
mandrillus_leucophaeus ENSMLEG00000030663
macaca_nemestrina ENSMNEG00000029710
macaca_mulatta ENSMMUG00000015852
macaca_fascicularis ENSMFAG00000001861
papio_anubis ENSPANG00000021776
chlorocebus_sabaeus ENSCSAG00000010985
propithecus_coquereli ENSPCOG00000003880
prolemur_simus ENSPSMG00000010370
microcebus_murinus ENSMICG00000027578
otolemur_garnettii ENSOGAG00000008495
castor_canadensis ENSCCNG00000006141
microtus_ochrogaster ENSMOCG00000000664
meriones_unguiculatus ENSMUGG00000016633
cricetulus_griseus_chok1gs_hdv1 ENSCGRG00001019306
cricetulus_griseus_crigri_1.0 ENSCGRG00000012252
cricetulus_griseus_crigri-picr ENSCGRG00015005227
mesocricetus_auratus ENSMAUG00000012485
peromyscus_maniculatus_bairdii ENSPEMG00000002878
mus_caroli_strain_caroli_eij MGP_CAROLIEiJ_G0024421
mus_spretus_strain_spret/eij MGP_SPRETEiJ_G0025340
mus_musculus_strain_reference_cl57bl6 ENSMUSG00000074736
mus_spicilegus ENSMSIG00000024965
mus_pahari_strain_pahari_eij MGP_PahariEiJ_G0025863
rattus_norvegicus ENSRNOG00000031536
nannospalax_galili ENSNGAG00000006291
jaculus_jaculus ENSJJAG00000016150
dipodomys_ordii ENSDORG00000003111
cavia_porcellus ENSCPOG00000004943
cavia_aperea ENSCAPG00000011628
chinchilla_lanigera ENSCLAG00000012586
octodon_degus ENSODEG00000012369
heterocephalus_glaber_hetgla_1.0 ENSHGLG00100015789
heterocephalus_glaber_hetgla_female_1.0 ENSHGLG00000001156
fukomys_damarensis ENSFDAG00000016416
urocitellus_parryii ENSUPAG00010009998
ictidomys_tridecemlineatus ENSSTOG00000021952
oryctolagus_cuniculus ENSOCUG00000025498
ochotona_princeps ENSOPRG00000000471
carlito_syrichta ENSTSYG00000002656
ovis_aries ENSOARG00000006248
capra_hircus ENSCHIG00000020378
bison_bison_bison ENSBBBG00000022490
bos_mutus ENSBMUG00000005390
tursiops_truncatus ENSTTRG00000002192
sus_scrofa ENSSSCG00000007130
pteropus_vampyrus ENSPVAG00000004751
equus_caballus ENSECAG00000006421
bos_taurus ENSBTAG00000040147
ailuropoda_melanoleuca ENSAMEG00000000530
marmota_marmota_marmota ENSMMMG00000004598
spermophilus_dauricus ENSSDAG00000019910
tupaia_belangeri ENSTBEG00000009946
pongo_abelii ENSPPYG00000010778
myotis_lucifugus ENSMLUG00000012716
sorex_araneus ENSSARG00000006718
dasypus_novemcinctus ENSDNOG00000007399
choloepus_hoffmanni ENSCHOG00000012789
echinops_telfairi ENSETEG00000008578
procavia_capensis ENSPCAG00000014581
loxodonta_africana ENSLAFG00000013030
phascolarctos_cinereus ENSPCIG00000008651
notamacropus_eugenii ENSMEUG00000009004
sarcophilus_harrisii ENSSHAG00000008950
crocodylus_porosus ENSCPRG00005010018
anas_platyrhynchos_platyrhynchos ENSAPLG00000002971
anser_brachyrhynchus ENSABRG00000000692
meleagris_gallopavo ENSMGAG00000006942
coturnix_japonica ENSCJPG00005004183
gallus_gallus ENSGALG00000039587
numida_meleagris ENSNMEG00000010523
manacus_vitellinus ENSMVIG00005013929
lepidothrix_coronata ENSLCOG00000014782
parus_major ENSPMJG00000004131
cyanistes_caeruleus ENSCCEG00000000107
ficedula_albicollis ENSFALG00000014326
taeniopygia_guttata ENSTGUG00000006051
lonchura_striata_domestica ENSLSDG00000014021
zonotrichia_albicollis ENSZALG00000006473
junco_hyemalis ENSJHYG00000013853
serinus_canaria ENSSCAG00000012241
melopsittacus_undulatus ENSMUNG00000012126
calidris_pugnax ENSCPUG00000002883
calidris_pygmaea ENSCPGG00000019466
apteryx_owenii ENSAOWG00000011000
apteryx_haastii ENSAHAG00000012610
apteryx_rowi ENSARWG00000007714
dromaius_novaehollandiae ENSDNVG00000001120
nothoprocta_perdicaria ENSNPEG00000003154
gopherus_agassizii ENSGAGG00000017562
sphenodon_punctatus ENSSPUG00000019116
ornithorhynchus_anatinus ENSOANG00000010870
xenopus_tropicalis ENSXETG00000032541
monodelphis_domestica ENSMODG00000006293
erinaceus_europaeus ENSEEUG00000007077
pelodiscus_sinensis ENSPSIG00000008793
latimeria_chalumnae ENSLACG00000010979
lepisosteus_oculatus ENSLOCG00000016803
petromyzon_marinus ENSPMAG00000005534
eptatretus_burgeri ENSEBUG00000007667
