eptatretus_burgeri ENSEBUG00000009169
petromyzon_marinus ENSPMAG00000006240
pan_paniscus ENSPPAG00000029135
pan_troglodytes ENSPTRG00000021506
gorilla_gorilla ENSGGOG00000015837
homo_sapiens ENSG00000148308
pongo_abelii ENSPPYG00000019719
pongo_abelii ENSPPYG00000002760
nomascus_leucogenys ENSNLEG00000012972
theropithecus_gelada ENSTGEG00000012558
papio_anubis ENSPANG00000021827
mandrillus_leucophaeus ENSMLEG00000038455
macaca_fascicularis ENSMFAG00000041901
macaca_nemestrina ENSMNEG00000029898
macaca_mulatta ENSMMUG00000001267
cercocebus_atys ENSCATG00000029873
chlorocebus_sabaeus ENSCSAG00000015015
rhinopithecus_bieti ENSRBIG00000031213
rhinopithecus_roxellana ENSRROG00000038857
colobus_angolensis_palliatus ENSCANG00000025363
piliocolobus_tephrosceles ENSPTEG00000017382
saimiri_boliviensis_boliviensis ENSSBOG00000022976
cebus_capucinus_imitator ENSCCAG00000033556
callithrix_jacchus ENSCJAG00000018039
aotus_nancymaae ENSANAG00000020332
carlito_syrichta ENSTSYG00000001147
prolemur_simus ENSPSMG00000017481
microcebus_murinus ENSMICG00000010660
propithecus_coquereli ENSPCOG00000015281
otolemur_garnettii ENSOGAG00000008881
pteropus_vampyrus ENSPVAG00000001026
myotis_lucifugus ENSMLUG00000006684
equus_caballus ENSECAG00000008807
equus_asinus_asinus ENSEASG00005009855
capra_hircus ENSCHIG00000024162
ovis_aries ENSOARG00000005547
bos_taurus ENSBTAG00000021373
bos_mutus ENSBMUG00000004687
bison_bison_bison ENSBBBG00000009918
tursiops_truncatus ENSTTRG00000014428
ursus_americanus ENSUAMG00000024545
ursus_maritimus ENSUMAG00000015869
ailuropoda_melanoleuca ENSAMEG00000004275
canis_lupus_familiaris ENSCAFG00000019874
canis_lupus_dingo ENSCAFG00020024793
vulpes_vulpes ENSVVUG00000028445
neovison_vison ENSNVIG00000019444
mustela_putorius_furo ENSMPUG00000012459
panthera_pardus ENSPPRG00000010449
panthera_tigris_altaica ENSPTIG00000005918
felis_catus ENSFCAG00000007113
chinchilla_lanigera ENSCLAG00000011273
octodon_degus ENSODEG00000015672
cavia_aperea ENSCAPG00000012825
cavia_porcellus ENSCPOG00000011139
heterocephalus_glaber_hetgla_female_1.0 ENSHGLG00000011110
heterocephalus_glaber_hetgla_1.0 ENSHGLG00100015552
fukomys_damarensis ENSFDAG00000012264
ictidomys_tridecemlineatus ENSSTOG00000023452
urocitellus_parryii ENSUPAG00010011268
marmota_marmota_marmota ENSMMMG00000010805
spermophilus_dauricus ENSSDAG00000018932
castor_canadensis ENSCCNG00000007696
dipodomys_ordii ENSDORG00000011381
mus_spretus_strain_spret/eij MGP_SPRETEiJ_G0024271
mus_musculus_strain_reference_cl57bl6 ENSMUSG00000026816
mus_spicilegus ENSMSIG00000020342
mus_caroli_strain_caroli_eij MGP_CAROLIEiJ_G0023354
mus_pahari_strain_pahari_eij MGP_PahariEiJ_G0024811
rattus_norvegicus ENSRNOG00000010981
meriones_unguiculatus ENSMUGG00000005695
peromyscus_maniculatus_bairdii ENSPEMG00000002651
microtus_ochrogaster ENSMOCG00000019295
cricetulus_griseus_crigri_1.0 ENSCGRG00000001069
cricetulus_griseus_crigri-picr ENSCGRG00015013047
cricetulus_griseus_chok1gs_hdv1 ENSCGRG00001019068
mesocricetus_auratus ENSMAUG00000001687
nannospalax_galili ENSNGAG00000013789
jaculus_jaculus ENSJJAG00000024195
oryctolagus_cuniculus ENSOCUG00000011741
ochotona_princeps ENSOPRG00000000130
tupaia_belangeri ENSTBEG00000014529
erinaceus_europaeus ENSEEUG00000012752
choloepus_hoffmanni ENSCHOG00000011707
dasypus_novemcinctus ENSDNOG00000015105
loxodonta_africana ENSLAFG00000003053
echinops_telfairi ENSETEG00000000902
phascolarctos_cinereus ENSPCIG00000019723
notamacropus_eugenii ENSMEUG00000001527
sarcophilus_harrisii ENSSHAG00000007100
monodelphis_domestica ENSMODG00000012620
ornithorhynchus_anatinus ENSOANG00000014724
salvator_merianae ENSSMRG00000007664
pogona_vitticeps ENSPVIG00000013453
notechis_scutatus ENSNSUG00000020014
sphenodon_punctatus ENSSPUG00000016018
meleagris_gallopavo ENSMGAG00000006216
coturnix_japonica ENSCJPG00005006845
numida_meleagris ENSNMEG00000009210
anser_brachyrhynchus ENSABRG00000021454
anas_platyrhynchos_platyrhynchos ENSAPLG00000003782
melopsittacus_undulatus ENSMUNG00000000486
calidris_pygmaea ENSCPGG00000004953
calidris_pugnax ENSCPUG00000013849
zonotrichia_albicollis ENSZALG00000015645
junco_hyemalis ENSJHYG00000000592
serinus_canaria ENSSCAG00000003831
ficedula_albicollis ENSFALG00000001491
taeniopygia_guttata ENSTGUG00000005329
lonchura_striata_domestica ENSLSDG00000002515
parus_major ENSPMJG00000006692
cyanistes_caeruleus ENSCCEG00000003079
lepidothrix_coronata ENSLCOG00000013513
manacus_vitellinus ENSMVIG00005000263
junco_hyemalis ENSJHYG00000000615
gallus_gallus ENSGALG00000003441
calidris_pugnax ENSCPUG00000013850
nothoprocta_perdicaria ENSNPEG00000013590
apteryx_haastii ENSAHAG00000010422
apteryx_owenii ENSAOWG00000005400
apteryx_rowi ENSARWG00000007500
dromaius_novaehollandiae ENSDNVG00000009660
crocodylus_porosus ENSCPRG00005007006
chrysemys_picta_bellii ENSCPBG00000021184
chelonoidis_abingdonii ENSCABG00000005774
pelodiscus_sinensis ENSPSIG00000012296
xenopus_tropicalis ENSXETG00000006264
anolis_carolinensis ENSACAG00000000004
latimeria_chalumnae ENSLACG00000015421
paramormyrops_kingsleyae ENSPKIG00000007611
scleropages_formosus ENSSFOG00015011578
scophthalmus_maximus ENSSMAG00000015172
cynoglossus_semilaevis ENSCSEG00000001321
seriola_dumerili ENSSDUG00000011581
seriola_lalandi_dorsalis ENSSLDG00000013852
monopterus_albus ENSMALG00000004009
mastacembelus_armatus ENSMAMG00000003020
anabas_testudineus ENSATEG00000002541
amphiprion_percula ENSAPEG00000016239
amphiprion_ocellaris ENSAOCG00000001610
acanthochromis_polyacanthus ENSAPOG00000001300
stegastes_partitus ENSSPAG00000022908
labrus_bergylta ENSLBEG00000020264
gasterosteus_aculeatus ENSGACG00000018132
takifugu_rubripes ENSTRUG00000002681
takifugu_rubripes ENSTRUG00000001527
tetraodon_nigroviridis ENSTNIG00000005630
mola_mola ENSMMOG00000011766
cyprinodon_variegatus ENSCVAG00000017178
fundulus_heteroclitus ENSFHEG00000015176
poecilia_formosa ENSPFOG00000023524
poecilia_mexicana ENSPMEG00000001565
poecilia_latipinna ENSPLAG00000017187
xiphophorus_maculatus ENSXMAG00000013967
xiphophorus_couchianus ENSXCOG00000009177
gambusia_affinis ENSGAFG00000003046
poecilia_reticulata ENSPREG00000021691
kryptolebias_marmoratus ENSKMAG00000016060
oryzias_latipes_asm223469v1 ENSORLG00015017129
oryzias_latipes_asm223467v1 ENSORLG00000014414
oryzias_latipes_asm223471v1 ENSORLG00020003681
oryzias_melastigma ENSOMEG00000015122
astatotilapia_calliptera ENSACLG00000027055
haplochromis_burtoni ENSHBUG00000005463
pundamilia_nyererei ENSPNYG00000018261
maylandia_zebra ENSMZEG00005015577
neolamprologus_brichardi ENSNBRG00000012421
oreochromis_niloticus ENSONIG00000013009
amphilophus_citrinellus ENSACIG00000002202
hippocampus_comes ENSHCOG00000013732
periophthalmus_magnuspinnatus ENSPMGG00000006023
gadus_morhua ENSGMOG00000019112
esox_lucius ENSELUG00000016886
astyanax_mexicanus ENSAMXG00000016255
pygocentrus_nattereri ENSPNAG00000015918
danio_rerio ENSDARG00000067979
lepisosteus_oculatus ENSLOCG00000005767
ciona_savignyi ENSCSAVG00000009556
ciona_intestinalis ENSCING00000014806
drosophila_melanogaster FBgn0086445
caenorhabditis_elegans_strain_n2 WBGene00011368
saccharomyces_cerevisiae_strain_s288c YBR123C
