paramormyrops_kingsleyae ENSPKIG00000016102
scleropages_formosus ENSSFOG00015001762
takifugu_rubripes ENSTRUG00000020569
tetraodon_nigroviridis ENSTNIG00000013077
cynoglossus_semilaevis ENSCSEG00000012329
gasterosteus_aculeatus ENSGACG00000016796
scophthalmus_maximus ENSSMAG00000007389
amphiprion_percula ENSAPEG00000001826
amphiprion_ocellaris ENSAOCG00000012174
acanthochromis_polyacanthus ENSAPOG00000008093
stegastes_partitus ENSSPAG00000022889
haplochromis_burtoni ENSHBUG00000020905
astatotilapia_calliptera ENSACLG00000014977
maylandia_zebra ENSMZEG00005007215
neolamprologus_brichardi ENSNBRG00000014884
seriola_lalandi_dorsalis ENSSLDG00000006672
labrus_bergylta ENSLBEG00000011797
anabas_testudineus ENSATEG00000007050
mastacembelus_armatus ENSMAMG00000009818
pundamilia_nyererei ENSPNYG00000002281
maylandia_zebra ENSMZEG00005024881
oreochromis_niloticus ENSONIG00000001539
amphilophus_citrinellus ENSACIG00000023127
monopterus_albus ENSMALG00000003487
mola_mola ENSMMOG00000002601
seriola_dumerili ENSSDUG00000006922
xiphophorus_maculatus ENSXMAG00000018230
poecilia_reticulata ENSPREG00000005974
xiphophorus_couchianus ENSXCOG00000015513
poecilia_latipinna ENSPLAG00000004960
poecilia_formosa ENSPFOG00000004912
poecilia_mexicana ENSPMEG00000019672
gambusia_affinis ENSGAFG00000017808
fundulus_heteroclitus ENSFHEG00000013548
cyprinodon_variegatus ENSCVAG00000000481
kryptolebias_marmoratus ENSKMAG00000003461
oryzias_latipes_asm223471v1 ENSORLG00020017300
oryzias_latipes_asm223467v1 ENSORLG00000026929
oryzias_latipes_asm223469v1 ENSORLG00015011951
oryzias_melastigma ENSOMEG00000020838
hippocampus_comes ENSHCOG00000006850
esox_lucius ENSELUG00000022582
astyanax_mexicanus ENSAMXG00000034905
pygocentrus_nattereri ENSPNAG00000027538
ictalurus_punctatus ENSIPUG00000007168
lepisosteus_oculatus ENSLOCG00000009620
paramormyrops_kingsleyae ENSPKIG00000018454
scleropages_formosus ENSSFOG00015004105
amphiprion_percula ENSAPEG00000004707
amphiprion_ocellaris ENSAOCG00000020345
stegastes_partitus ENSSPAG00000015191
acanthochromis_polyacanthus ENSAPOG00000010021
kryptolebias_marmoratus ENSKMAG00000020926
scophthalmus_maximus ENSSMAG00000018729
gasterosteus_aculeatus ENSGACG00000018603
labrus_bergylta ENSLBEG00000008230
tetraodon_nigroviridis ENSTNIG00000018067
takifugu_rubripes ENSTRUG00000015618
mola_mola ENSMMOG00000021635
poecilia_formosa ENSPFOG00000007752
gambusia_affinis ENSGAFG00000016599
xiphophorus_maculatus ENSXMAG00000006577
poecilia_latipinna ENSPLAG00000006855
poecilia_reticulata ENSPREG00000000273
poecilia_mexicana ENSPMEG00000019773
xiphophorus_couchianus ENSXCOG00000014812
fundulus_heteroclitus ENSFHEG00000013670
cyprinodon_variegatus ENSCVAG00000020043
oryzias_latipes_asm223469v1 ENSORLG00015017275
oryzias_latipes_asm223467v1 ENSORLG00000022575
oryzias_latipes_asm223471v1 ENSORLG00020000440
oryzias_melastigma ENSOMEG00000007895
hippocampus_comes ENSHCOG00000020593
cynoglossus_semilaevis ENSCSEG00000012903
mastacembelus_armatus ENSMAMG00000015595
seriola_lalandi_dorsalis ENSSLDG00000001707
seriola_dumerili ENSSDUG00000010742
anabas_testudineus ENSATEG00000007848
astatotilapia_calliptera ENSACLG00000000872
haplochromis_burtoni ENSHBUG00000013390
maylandia_zebra ENSMZEG00005002515
neolamprologus_brichardi ENSNBRG00000004556
oreochromis_niloticus ENSONIG00000016225
pundamilia_nyererei ENSPNYG00000019021
amphilophus_citrinellus ENSACIG00000005892
periophthalmus_magnuspinnatus ENSPMGG00000002475
gadus_morhua ENSGMOG00000012810
esox_lucius ENSELUG00000019774
pygocentrus_nattereri ENSPNAG00000021322
ictalurus_punctatus ENSIPUG00000022282
danio_rerio ENSDARG00000018997
ictidomys_tridecemlineatus ENSSTOG00000023284
urocitellus_parryii ENSUPAG00010022961
spermophilus_dauricus ENSSDAG00000017772
marmota_marmota_marmota ENSMMMG00000008671
bos_taurus ENSBTAG00000050808
bos_mutus ENSBMUG00000025590
bison_bison_bison ENSBBBG00000019497
capra_hircus ENSCHIG00000012118
ovis_aries ENSOARG00000016472
ursus_maritimus ENSUMAG00000005790
equus_caballus ENSECAG00000010131
equus_asinus_asinus ENSEASG00005022595
rhinopithecus_roxellana ENSRROG00000024680
rhinopithecus_bieti ENSRBIG00000041533
colobus_angolensis_palliatus ENSCANG00000034665
piliocolobus_tephrosceles ENSPTEG00000020453
macaca_nemestrina ENSMNEG00000040932
macaca_mulatta ENSMMUG00000005016
macaca_fascicularis ENSMFAG00000040997
chlorocebus_sabaeus ENSCSAG00000015343
papio_anubis ENSPANG00000017461
theropithecus_gelada ENSTGEG00000019588
mandrillus_leucophaeus ENSMLEG00000035595
cercocebus_atys ENSCATG00000036140
pan_paniscus ENSPPAG00000034976
pan_troglodytes ENSPTRG00000046897
homo_sapiens ENSG00000168993
gorilla_gorilla ENSGGOG00000002173
saimiri_boliviensis_boliviensis ENSSBOG00000029506
callithrix_jacchus ENSCJAG00000043613
cebus_capucinus_imitator ENSCCAG00000021219
aotus_nancymaae ENSANAG00000028608
nomascus_leucogenys ENSNLEG00000035262
otolemur_garnettii ENSOGAG00000024771
microcebus_murinus ENSMICG00000036308
propithecus_coquereli ENSPCOG00000021294
prolemur_simus ENSPSMG00000003571
carlito_syrichta ENSTSYG00000032505
cavia_aperea ENSCAPG00000016589
cavia_porcellus ENSCPOG00000039819
chinchilla_lanigera ENSCLAG00000008954
octodon_degus ENSODEG00000013845
heterocephalus_glaber_hetgla_1.0 ENSHGLG00100015964
heterocephalus_glaber_hetgla_female_1.0 ENSHGLG00000007259
fukomys_damarensis ENSFDAG00000006906
cricetulus_griseus_chok1gs_hdv1 ENSCGRG00001018247
cricetulus_griseus_crigri-picr ENSCGRG00015015738
cricetulus_griseus_crigri_1.0 ENSCGRG00000013327
mesocricetus_auratus ENSMAUG00000013358
peromyscus_maniculatus_bairdii ENSPEMG00000030316
mus_spretus_strain_spret/eij MGP_SPRETEiJ_G0028521
mus_spicilegus ENSMSIG00000020759
mus_musculus_strain_reference_cl57bl6 ENSMUSG00000033615
mus_caroli_strain_caroli_eij MGP_CAROLIEiJ_G0027522
mus_pahari_strain_pahari_eij MGP_PahariEiJ_G0017295
rattus_norvegicus ENSRNOG00000000060
meriones_unguiculatus ENSMUGG00000019608
microtus_ochrogaster ENSMOCG00000013426
nannospalax_galili ENSNGAG00000021285
jaculus_jaculus ENSJJAG00000017665
castor_canadensis ENSCCNG00000000412
dipodomys_ordii ENSDORG00000029628
ursus_americanus ENSUAMG00000015831
ailuropoda_melanoleuca ENSAMEG00000016756
mustela_putorius_furo ENSMPUG00000011316
neovison_vison ENSNVIG00000022152
canis_lupus_familiaris ENSCAFG00000016757
canis_lupus_dingo ENSCAFG00020027027
vulpes_vulpes ENSVVUG00000012960
felis_catus ENSFCAG00000040659
panthera_pardus ENSPPRG00000013763
sus_scrofa ENSSSCG00000037527
loxodonta_africana ENSLAFG00000025704
dasypus_novemcinctus ENSDNOG00000043344
chrysemys_picta_bellii ENSCPBG00000022673
sarcophilus_harrisii ENSSHAG00000010620
phascolarctos_cinereus ENSPCIG00000012622
monodelphis_domestica ENSMODG00000005672
lepidothrix_coronata ENSLCOG00000005473
manacus_vitellinus ENSMVIG00005019875
cyanistes_caeruleus ENSCCEG00000009689
parus_major ENSPMJG00000003696
serinus_canaria ENSSCAG00000013028
zonotrichia_albicollis ENSZALG00000007848
ficedula_albicollis ENSFALG00000001009
taeniopygia_guttata ENSTGUG00000000131
lonchura_striata_domestica ENSLSDG00000000565
melopsittacus_undulatus ENSMUNG00000002098
calidris_pygmaea ENSCPGG00000015114
calidris_pugnax ENSCPUG00000017808
anser_brachyrhynchus ENSABRG00000001290
anas_platyrhynchos_platyrhynchos ENSAPLG00000020781
gallus_gallus ENSGALG00000015332
meleagris_gallopavo ENSMGAG00000016480
numida_meleagris ENSNMEG00000002560
apteryx_owenii ENSAOWG00000005423
apteryx_haastii ENSAHAG00000000029
apteryx_rowi ENSARWG00000000533
nothoprocta_perdicaria ENSNPEG00000006601
dromaius_novaehollandiae ENSDNVG00000018045
sphenodon_punctatus ENSSPUG00000004283
gopherus_agassizii ENSGAGG00000013892
chelonoidis_abingdonii ENSCABG00000016114
chrysemys_picta_bellii ENSCPBG00000024198
pelodiscus_sinensis ENSPSIG00000006451
crocodylus_porosus ENSCPRG00005012356
ornithorhynchus_anatinus ENSOANG00000006513
pogona_vitticeps ENSPVIG00000001948
anolis_carolinensis ENSACAG00000001829
notechis_scutatus ENSNSUG00000015448
salvator_merianae ENSSMRG00000019427
coturnix_japonica ENSCJPG00005012056
xenopus_tropicalis ENSXETG00000007163
danio_rerio ENSDARG00000111920
notechis_scutatus ENSNSUG00000014775
pogona_vitticeps ENSPVIG00000025024
salvator_merianae ENSSMRG00000006487
sphenodon_punctatus ENSSPUG00000006665
phascolarctos_cinereus ENSPCIG00000002995
notamacropus_eugenii ENSMEUG00000007698
sarcophilus_harrisii ENSSHAG00000010222
monodelphis_domestica ENSMODG00000005351
xenopus_tropicalis ENSXETG00000022315
latimeria_chalumnae ENSLACG00000012949
amphiprion_ocellaris ENSAOCG00000013570
amphiprion_percula ENSAPEG00000003197
acanthochromis_polyacanthus ENSAPOG00000010567
tetraodon_nigroviridis ENSTNIG00000005587
tetraodon_nigroviridis ENSTNIG00000012957
takifugu_rubripes ENSTRUG00000003142
mola_mola ENSMMOG00000000375
seriola_dumerili ENSSDUG00000008912
seriola_lalandi_dorsalis ENSSLDG00000019148
scophthalmus_maximus ENSSMAG00000006775
mastacembelus_armatus ENSMAMG00000013160
monopterus_albus ENSMALG00000002658
haplochromis_burtoni ENSHBUG00000023787
maylandia_zebra ENSMZEG00005020328
astatotilapia_calliptera ENSACLG00000017269
pundamilia_nyererei ENSPNYG00000016640
neolamprologus_brichardi ENSNBRG00000013942
oreochromis_niloticus ENSONIG00000004287
amphilophus_citrinellus ENSACIG00000010376
stegastes_partitus ENSSPAG00000014202
poecilia_latipinna ENSPLAG00000003546
poecilia_reticulata ENSPREG00000014931
poecilia_mexicana ENSPMEG00000005545
poecilia_formosa ENSPFOG00000007799
xiphophorus_maculatus ENSXMAG00000028508
xiphophorus_couchianus ENSXCOG00000001388
gambusia_affinis ENSGAFG00000016537
cyprinodon_variegatus ENSCVAG00000006927
fundulus_heteroclitus ENSFHEG00000019937
kryptolebias_marmoratus ENSKMAG00000014727
oryzias_latipes_asm223467v1 ENSORLG00000011505
oryzias_latipes_asm223471v1 ENSORLG00020016396
oryzias_latipes_asm223469v1 ENSORLG00015011039
oryzias_melastigma ENSOMEG00000021947
labrus_bergylta ENSLBEG00000006535
cynoglossus_semilaevis ENSCSEG00000012830
hippocampus_comes ENSHCOG00000003503
periophthalmus_magnuspinnatus ENSPMGG00000013513
anabas_testudineus ENSATEG00000017934
gasterosteus_aculeatus ENSGACG00000016352
gadus_morhua ENSGMOG00000019154
gadus_morhua ENSGMOG00000012690
scleropages_formosus ENSSFOG00015001898
astyanax_mexicanus ENSAMXG00000010761
pygocentrus_nattereri ENSPNAG00000024357
ictalurus_punctatus ENSIPUG00000001281
danio_rerio ENSDARG00000061918
esox_lucius ENSELUG00000022073
paramormyrops_kingsleyae ENSPKIG00000000187
lepisosteus_oculatus ENSLOCG00000011618
propithecus_coquereli ENSPCOG00000010619
prolemur_simus ENSPSMG00000013680
carlito_syrichta ENSTSYG00000029254
equus_asinus_asinus ENSEASG00005011968
equus_caballus ENSECAG00000014632
sus_scrofa ENSSSCG00000033682
heterocephalus_glaber_hetgla_female_1.0 ENSHGLG00000010284
heterocephalus_glaber_hetgla_1.0 ENSHGLG00100011487
fukomys_damarensis ENSFDAG00000011594
octodon_degus ENSODEG00000010545
cavia_aperea ENSCAPG00000010724
cavia_porcellus ENSCPOG00000033149
chinchilla_lanigera ENSCLAG00000013505
ovis_aries ENSOARG00000016616
capra_hircus ENSCHIG00000026084
bos_mutus ENSBMUG00000014968
bos_taurus ENSBTAG00000054924
tursiops_truncatus ENSTTRG00000000457
mus_spretus_strain_spret/eij MGP_SPRETEiJ_G0019413
mus_spicilegus ENSMSIG00000007612
mus_caroli_strain_caroli_eij MGP_CAROLIEiJ_G0018533
mus_musculus_strain_reference_cl57bl6 ENSMUSG00000025867
mus_pahari_strain_pahari_eij MGP_PahariEiJ_G0019598
rattus_norvegicus ENSRNOG00000000105
meriones_unguiculatus ENSMUGG00000017146
cricetulus_griseus_crigri-picr ENSCGRG00015018948
cricetulus_griseus_chok1gs_hdv1 ENSCGRG00001001516
cricetulus_griseus_crigri_1.0 ENSCGRG00000006665
peromyscus_maniculatus_bairdii ENSPEMG00000026608
microtus_ochrogaster ENSMOCG00000013635
nannospalax_galili ENSNGAG00000012588
mesocricetus_auratus ENSMAUG00000019665
jaculus_jaculus ENSJJAG00000010083
dipodomys_ordii ENSDORG00000007090
spermophilus_dauricus ENSSDAG00000004232
ictidomys_tridecemlineatus ENSSTOG00000027160
urocitellus_parryii ENSUPAG00010012899
marmota_marmota_marmota ENSMMMG00000001570
ochotona_princeps ENSOPRG00000019011
myotis_lucifugus ENSMLUG00000025060
canis_lupus_dingo ENSCAFG00020011467
canis_lupus_familiaris ENSCAFG00000016716
vulpes_vulpes ENSVVUG00000001853
mustela_putorius_furo ENSMPUG00000012600
neovison_vison ENSNVIG00000021719
ursus_maritimus ENSUMAG00000024512
panthera_pardus ENSPPRG00000024229
panthera_tigris_altaica ENSPTIG00000011261
felis_catus ENSFCAG00000036578
ailuropoda_melanoleuca ENSAMEG00000006927
oryctolagus_cuniculus ENSOCUG00000025615
procavia_capensis ENSPCAG00000004875
loxodonta_africana ENSLAFG00000020627
dasypus_novemcinctus ENSDNOG00000023888
castor_canadensis ENSCCNG00000014284
otolemur_garnettii ENSOGAG00000029483
pteropus_vampyrus ENSPVAG00000014805
homo_sapiens ENSG00000145920
gorilla_gorilla ENSGGOG00000039211
pan_troglodytes ENSPTRG00000048326
pan_paniscus ENSPPAG00000038071
pongo_abelii ENSPPYG00000016064
nomascus_leucogenys ENSNLEG00000000585
chlorocebus_sabaeus ENSCSAG00000009460
mandrillus_leucophaeus ENSMLEG00000037334
theropithecus_gelada ENSTGEG00000013756
rhinopithecus_roxellana ENSRROG00000027801
rhinopithecus_bieti ENSRBIG00000037925
colobus_angolensis_palliatus ENSCANG00000039492
piliocolobus_tephrosceles ENSPTEG00000030772
cercocebus_atys ENSCATG00000044259
macaca_nemestrina ENSMNEG00000017663
macaca_fascicularis ENSMFAG00000037899
papio_anubis ENSPANG00000023733
saimiri_boliviensis_boliviensis ENSSBOG00000031125
cebus_capucinus_imitator ENSCCAG00000021396
callithrix_jacchus ENSCJAG00000042465
aotus_nancymaae ENSANAG00000035119
ursus_americanus ENSUAMG00000012117
chrysemys_picta_bellii ENSCPBG00000003572
zonotrichia_albicollis ENSZALG00000010531
bison_bison_bison ENSBBBG00000005575
macaca_mulatta ENSMMUG00000018502
fundulus_heteroclitus ENSFHEG00000000222
cyprinodon_variegatus ENSCVAG00000018063
xiphophorus_couchianus ENSXCOG00000018742
xiphophorus_maculatus ENSXMAG00000020858
gambusia_affinis ENSGAFG00000020077
poecilia_formosa ENSPFOG00000002659
poecilia_latipinna ENSPLAG00000004397
poecilia_mexicana ENSPMEG00000018645
poecilia_reticulata ENSPREG00000013180
kryptolebias_marmoratus ENSKMAG00000021571
oryzias_latipes_asm223467v1 ENSORLG00000018003
oryzias_latipes_asm223471v1 ENSORLG00020003710
oryzias_latipes_asm223469v1 ENSORLG00015003482
oryzias_melastigma ENSOMEG00000012566
neolamprologus_brichardi ENSNBRG00000011980
oreochromis_niloticus ENSONIG00000018593
pundamilia_nyererei ENSPNYG00000007709
haplochromis_burtoni ENSHBUG00000013260
maylandia_zebra ENSMZEG00005024427
astatotilapia_calliptera ENSACLG00000010955
amphilophus_citrinellus ENSACIG00000008021
anabas_testudineus ENSATEG00000021592
mastacembelus_armatus ENSMAMG00000004404
scophthalmus_maximus ENSSMAG00000014957
esox_lucius ENSELUG00000014015
astyanax_mexicanus ENSAMXG00000041674
pygocentrus_nattereri ENSPNAG00000025384
ictalurus_punctatus ENSIPUG00000005311
danio_rerio ENSDARG00000094889
paramormyrops_kingsleyae ENSPKIG00000000506
scleropages_formosus ENSSFOG00015008134
lepisosteus_oculatus ENSLOCG00000003907
ficedula_albicollis ENSFALG00000011714
serinus_canaria ENSSCAG00000000989
melopsittacus_undulatus ENSMUNG00000005750
calidris_pugnax ENSCPUG00000012831
calidris_pygmaea ENSCPGG00000000335
gallus_gallus ENSGALG00000031520
numida_meleagris ENSNMEG00000007843
apteryx_haastii ENSAHAG00000008728
apteryx_owenii ENSAOWG00000014396
apteryx_rowi ENSARWG00000015772
dromaius_novaehollandiae ENSDNVG00000005538
nothoprocta_perdicaria ENSNPEG00000013413
crocodylus_porosus ENSCPRG00005012745
xenopus_tropicalis ENSXETG00000006405
cavia_aperea ENSCAPG00000015170
cricetulus_griseus_crigri_1.0 ENSCGRG00000017724
saimiri_boliviensis_boliviensis ENSSBOG00000006854
callithrix_jacchus ENSCJAG00000038431
cebus_capucinus_imitator ENSCCAG00000036168
aotus_nancymaae ENSANAG00000028631
pan_paniscus ENSPPAG00000029872
pan_troglodytes ENSPTRG00000010059
homo_sapiens ENSG00000166569
gorilla_gorilla ENSGGOG00000006750
pongo_abelii ENSPPYG00000009193
nomascus_leucogenys ENSNLEG00000008370
rhinopithecus_roxellana ENSRROG00000033035
rhinopithecus_bieti ENSRBIG00000039168
colobus_angolensis_palliatus ENSCANG00000040606
macaca_nemestrina ENSMNEG00000030063
macaca_fascicularis ENSMFAG00000039514
theropithecus_gelada ENSTGEG00000000639
mandrillus_leucophaeus ENSMLEG00000031250
papio_anubis ENSPANG00000002795
cercocebus_atys ENSCATG00000043681
chlorocebus_sabaeus ENSCSAG00000018170
piliocolobus_tephrosceles ENSPTEG00000018116
vulpes_vulpes ENSVVUG00000015964
canis_lupus_dingo ENSCAFG00020020089
prolemur_simus ENSPSMG00000023600
microcebus_murinus ENSMICG00000001934
propithecus_coquereli ENSPCOG00000021387
carlito_syrichta ENSTSYG00000028715
cavia_porcellus ENSCPOG00000014552
octodon_degus ENSODEG00000001616
chinchilla_lanigera ENSCLAG00000008273
heterocephalus_glaber_hetgla_female_1.0 ENSHGLG00000003220
fukomys_damarensis ENSFDAG00000021303
castor_canadensis ENSCCNG00000004821
dipodomys_ordii ENSDORG00000011953
nannospalax_galili ENSNGAG00000004679
ictidomys_tridecemlineatus ENSSTOG00000026773
spermophilus_dauricus ENSSDAG00000022194
marmota_marmota_marmota ENSMMMG00000003808
urocitellus_parryii ENSUPAG00010012215
tupaia_belangeri ENSTBEG00000011144
ursus_maritimus ENSUMAG00000004951
ailuropoda_melanoleuca ENSAMEG00000006622
tursiops_truncatus ENSTTRG00000006705
neovison_vison ENSNVIG00000016189
mustela_putorius_furo ENSMPUG00000016482
canis_lupus_familiaris ENSCAFG00000000096
panthera_tigris_altaica ENSPTIG00000011458
panthera_pardus ENSPPRG00000010034
felis_catus ENSFCAG00000006504
ovis_aries ENSOARG00000005701
capra_hircus ENSCHIG00000021586
bos_mutus ENSBMUG00000018478
bos_taurus ENSBTAG00000038739
bison_bison_bison ENSBBBG00000019998
erinaceus_europaeus ENSEEUG00000006060
ochotona_princeps ENSOPRG00000000331
oryctolagus_cuniculus ENSOCUG00000003194
mus_musculus_strain_reference_cl57bl6 ENSMUSG00000024519
mus_spretus_strain_spret/eij MGP_SPRETEiJ_G0023269
mus_caroli_strain_caroli_eij MGP_CAROLIEiJ_G0022358
mus_pahari_strain_pahari_eij MGP_PahariEiJ_G0019087
rattus_norvegicus ENSRNOG00000016928
meriones_unguiculatus ENSMUGG00000024279
cricetulus_griseus_chok1gs_hdv1 ENSCGRG00001005213
cricetulus_griseus_crigri-picr ENSCGRG00015018329
mesocricetus_auratus ENSMAUG00000014766
microtus_ochrogaster ENSMOCG00000015101
peromyscus_maniculatus_bairdii ENSPEMG00000024248
jaculus_jaculus ENSJJAG00000015877
loxodonta_africana ENSLAFG00000017935
procavia_capensis ENSPCAG00000001178
otolemur_garnettii ENSOGAG00000002575
echinops_telfairi ENSETEG00000004297
equus_asinus_asinus ENSEASG00005002694
myotis_lucifugus ENSMLUG00000005818
vicugna_pacos ENSVPAG00000008671
sus_scrofa ENSSSCG00000004909
ursus_americanus ENSUAMG00000027342
dasypus_novemcinctus ENSDNOG00000036563
choloepus_hoffmanni ENSCHOG00000012124
gallus_gallus ENSGALG00000038426
anser_brachyrhynchus ENSABRG00000021441
heterocephalus_glaber_hetgla_1.0 ENSHGLG00100003605
macaca_mulatta ENSMMUG00000041950
monodelphis_domestica ENSMODG00000020426
phascolarctos_cinereus ENSPCIG00000011013
sarcophilus_harrisii ENSSHAG00000012297
ornithorhynchus_anatinus ENSOANG00000003435
anolis_carolinensis ENSACAG00000007605
pogona_vitticeps ENSPVIG00000009633
notechis_scutatus ENSNSUG00000014412
salvator_merianae ENSSMRG00000016439
sphenodon_punctatus ENSSPUG00000016668
dromaius_novaehollandiae ENSDNVG00000009964
nothoprocta_perdicaria ENSNPEG00000003789
apteryx_haastii ENSAHAG00000019345
apteryx_owenii ENSAOWG00000008674
apteryx_rowi ENSARWG00000003488
numida_meleagris ENSNMEG00000015163
coturnix_japonica ENSCJPG00005004910
anas_platyrhynchos_platyrhynchos ENSAPLG00000010654
lepidothrix_coronata ENSLCOG00000008454
manacus_vitellinus ENSMVIG00005008768
parus_major ENSPMJG00000006641
cyanistes_caeruleus ENSCCEG00000017296
ficedula_albicollis ENSFALG00000009751
lonchura_striata_domestica ENSLSDG00000016121
taeniopygia_guttata ENSTGUG00000017479
junco_hyemalis ENSJHYG00000000880
zonotrichia_albicollis ENSZALG00000005917
serinus_canaria ENSSCAG00000003004
calidris_pygmaea ENSCPGG00000004158
calidris_pugnax ENSCPUG00000006124
melopsittacus_undulatus ENSMUNG00000010797
crocodylus_porosus ENSCPRG00005013040
gopherus_agassizii ENSGAGG00000001301
chelonoidis_abingdonii ENSCABG00000007664
chrysemys_picta_bellii ENSCPBG00000024178
pelodiscus_sinensis ENSPSIG00000008036
xenopus_tropicalis ENSXETG00000021157
latimeria_chalumnae ENSLACG00000022230
pygocentrus_nattereri ENSPNAG00000023570
astyanax_mexicanus ENSAMXG00000008342
danio_rerio ENSDARG00000059978
ictalurus_punctatus ENSIPUG00000016489
takifugu_rubripes ENSTRUG00000025664
cynoglossus_semilaevis ENSCSEG00000019682
gambusia_affinis ENSGAFG00000012068
poecilia_latipinna ENSPLAG00000007187
pundamilia_nyererei ENSPNYG00000007245
mola_mola ENSMMOG00000001530
gasterosteus_aculeatus ENSGACG00000016445
labrus_bergylta ENSLBEG00000017489
amphiprion_ocellaris ENSAOCG00000012069
amphiprion_percula ENSAPEG00000017497
acanthochromis_polyacanthus ENSAPOG00000018598
stegastes_partitus ENSSPAG00000015138
fundulus_heteroclitus ENSFHEG00000004713
cyprinodon_variegatus ENSCVAG00000016437
xiphophorus_couchianus ENSXCOG00000002415
xiphophorus_maculatus ENSXMAG00000029481
poecilia_formosa ENSPFOG00000007526
poecilia_mexicana ENSPMEG00000020628
poecilia_reticulata ENSPREG00000018029
maylandia_zebra ENSMZEG00005019987
astatotilapia_calliptera ENSACLG00000004608
haplochromis_burtoni ENSHBUG00000011398
neolamprologus_brichardi ENSNBRG00000009405
oreochromis_niloticus ENSONIG00000007687
amphilophus_citrinellus ENSACIG00000020297
mastacembelus_armatus ENSMAMG00000015349
monopterus_albus ENSMALG00000020068
anabas_testudineus ENSATEG00000016364
seriola_dumerili ENSSDUG00000016619
seriola_lalandi_dorsalis ENSSLDG00000006459
scophthalmus_maximus ENSSMAG00000006319
oryzias_latipes_asm223467v1 ENSORLG00000021868
oryzias_latipes_asm223471v1 ENSORLG00020004712
oryzias_latipes_asm223469v1 ENSORLG00015011092
oryzias_melastigma ENSOMEG00000007085
kryptolebias_marmoratus ENSKMAG00000014150
hippocampus_comes ENSHCOG00000011309
periophthalmus_magnuspinnatus ENSPMGG00000023212
gadus_morhua ENSGMOG00000002996
esox_lucius ENSELUG00000009876
esox_lucius ENSELUG00000014691
scleropages_formosus ENSSFOG00015001837
paramormyrops_kingsleyae ENSPKIG00000023970
pygocentrus_nattereri ENSPNAG00000004681
astyanax_mexicanus ENSAMXG00000031385
danio_rerio ENSDARG00000059486
scleropages_formosus ENSSFOG00015022164
lepisosteus_oculatus ENSLOCG00000011926
gopherus_agassizii ENSGAGG00000023492
chelonoidis_abingdonii ENSCABG00000018105
chrysemys_picta_bellii ENSCPBG00000024248
pelodiscus_sinensis ENSPSIG00000017829
gallus_gallus ENSGALG00000026446
meleagris_gallopavo ENSMGAG00000002391
coturnix_japonica ENSCJPG00005007539
numida_meleagris ENSNMEG00000011595
anser_brachyrhynchus ENSABRG00000020638
parus_major ENSPMJG00000008030
cyanistes_caeruleus ENSCCEG00000018081
lepidothrix_coronata ENSLCOG00000015562
manacus_vitellinus ENSMVIG00005013698
lonchura_striata_domestica ENSLSDG00000009061
taeniopygia_guttata ENSTGUG00000003973
serinus_canaria ENSSCAG00000013349
junco_hyemalis ENSJHYG00000014717
ficedula_albicollis ENSFALG00000010930
calidris_pygmaea ENSCPGG00000000554
anas_platyrhynchos_platyrhynchos ENSAPLG00000025344
zonotrichia_albicollis ENSZALG00000016181
apteryx_rowi ENSARWG00000014463
apteryx_owenii ENSAOWG00000017240
apteryx_haastii ENSAHAG00000015643
dromaius_novaehollandiae ENSDNVG00000000477
nothoprocta_perdicaria ENSNPEG00000006355
pogona_vitticeps ENSPVIG00000009226
anolis_carolinensis ENSACAG00000022454
notechis_scutatus ENSNSUG00000002612
salvator_merianae ENSSMRG00000000178
sphenodon_punctatus ENSSPUG00000012412
notamacropus_eugenii ENSMEUG00000007502
phascolarctos_cinereus ENSPCIG00000034245
sarcophilus_harrisii ENSSHAG00000000976
monodelphis_domestica ENSMODG00000009288
vicugna_pacos ENSVPAG00000001116
myotis_lucifugus ENSMLUG00000022853
mus_spretus_strain_spret/eij MGP_SPRETEiJ_G0033415
mus_spicilegus ENSMSIG00000008337
mus_musculus_strain_reference_cl57bl6 ENSMUSG00000039714
mus_caroli_strain_caroli_eij MGP_CAROLIEiJ_G0032275
mus_pahari_strain_pahari_eij MGP_PahariEiJ_G0015141
meriones_unguiculatus ENSMUGG00000006574
cricetulus_griseus_chok1gs_hdv1 ENSCGRG00001017638
cricetulus_griseus_crigri_1.0 ENSCGRG00000009539
cricetulus_griseus_crigri-picr ENSCGRG00015024948
mesocricetus_auratus ENSMAUG00000020242
peromyscus_maniculatus_bairdii ENSPEMG00000031354
microtus_ochrogaster ENSMOCG00000020046
rattus_norvegicus ENSRNOG00000019317
nannospalax_galili ENSNGAG00000010723
jaculus_jaculus ENSJJAG00000005413
microcebus_murinus ENSMICG00000041612
chinchilla_lanigera ENSCLAG00000007623
octodon_degus ENSODEG00000015578
heterocephalus_glaber_hetgla_1.0 ENSHGLG00100013444
heterocephalus_glaber_hetgla_female_1.0 ENSHGLG00000000444
fukomys_damarensis ENSFDAG00000019700
cavia_aperea ENSCAPG00000015569
cavia_porcellus ENSCPOG00000037262
castor_canadensis ENSCCNG00000006186
marmota_marmota_marmota ENSMMMG00000002789
spermophilus_dauricus ENSSDAG00000016350
urocitellus_parryii ENSUPAG00010005476
ictidomys_tridecemlineatus ENSSTOG00000029239
carlito_syrichta ENSTSYG00000027311
pan_paniscus ENSPPAG00000043214
pan_troglodytes ENSPTRG00000045746
gorilla_gorilla ENSGGOG00000002687
homo_sapiens ENSG00000213578
pongo_abelii ENSPPYG00000029825
nomascus_leucogenys ENSNLEG00000028536
macaca_mulatta ENSMMUG00000043994
macaca_fascicularis ENSMFAG00000045538
macaca_nemestrina ENSMNEG00000035613
mandrillus_leucophaeus ENSMLEG00000034994
chlorocebus_sabaeus ENSCSAG00000014306
theropithecus_gelada ENSTGEG00000028374
papio_anubis ENSPANG00000016002
cercocebus_atys ENSCATG00000008318
colobus_angolensis_palliatus ENSCANG00000036585
piliocolobus_tephrosceles ENSPTEG00000024117
rhinopithecus_roxellana ENSRROG00000036428
rhinopithecus_bieti ENSRBIG00000018785
cebus_capucinus_imitator ENSCCAG00000026425
callithrix_jacchus ENSCJAG00000038349
saimiri_boliviensis_boliviensis ENSSBOG00000029073
aotus_nancymaae ENSANAG00000030018
dipodomys_ordii ENSDORG00000023433
prolemur_simus ENSPSMG00000007398
canis_lupus_familiaris ENSCAFG00000017956
canis_lupus_dingo ENSCAFG00020003861
vulpes_vulpes ENSVVUG00000018645
neovison_vison ENSNVIG00000013078
ursus_americanus ENSUAMG00000026716
ursus_maritimus ENSUMAG00000004949
ailuropoda_melanoleuca ENSAMEG00000008793
panthera_pardus ENSPPRG00000013632
panthera_tigris_altaica ENSPTIG00000018362
felis_catus ENSFCAG00000027395
capra_hircus ENSCHIG00000000468
ovis_aries ENSOARG00000003119
bos_mutus ENSBMUG00000014699
bos_taurus ENSBTAG00000021426
bison_bison_bison ENSBBBG00000010052
tursiops_truncatus ENSTTRG00000007999
equus_asinus_asinus ENSEASG00005015767
equus_caballus ENSECAG00000005775
sus_scrofa ENSSSCG00000001895
pteropus_vampyrus ENSPVAG00000012948
otolemur_garnettii ENSOGAG00000030542
ochotona_princeps ENSOPRG00000018585
oryctolagus_cuniculus ENSOCUG00000026844
propithecus_coquereli ENSPCOG00000016349
dasypus_novemcinctus ENSDNOG00000037637
loxodonta_africana ENSLAFG00000022739
procavia_capensis ENSPCAG00000002470
xenopus_tropicalis ENSXETG00000021134
latimeria_chalumnae ENSLACG00000005852
calidris_pugnax ENSCPUG00000015911
gasterosteus_aculeatus ENSGACG00000014657
labrus_bergylta ENSLBEG00000018064
seriola_lalandi_dorsalis ENSSLDG00000016499
seriola_dumerili ENSSDUG00000007578
scophthalmus_maximus ENSSMAG00000010091
mastacembelus_armatus ENSMAMG00000005359
monopterus_albus ENSMALG00000014555
oryzias_latipes_asm223469v1 ENSORLG00015017741
oryzias_latipes_asm223467v1 ENSORLG00000027457
oryzias_latipes_asm223471v1 ENSORLG00020019510
oryzias_melastigma ENSOMEG00000017251
periophthalmus_magnuspinnatus ENSPMGG00000006943
haplochromis_burtoni ENSHBUG00000020901
pundamilia_nyererei ENSPNYG00000009724
maylandia_zebra ENSMZEG00005005699
astatotilapia_calliptera ENSACLG00000018695
oreochromis_niloticus ENSONIG00000002919
neolamprologus_brichardi ENSNBRG00000007964
amphilophus_citrinellus ENSACIG00000005284
amphiprion_percula ENSAPEG00000007902
amphiprion_ocellaris ENSAOCG00000009164
acanthochromis_polyacanthus ENSAPOG00000004415
cyprinodon_variegatus ENSCVAG00000009521
fundulus_heteroclitus ENSFHEG00000010469
poecilia_formosa ENSPFOG00000013787
poecilia_mexicana ENSPMEG00000011261
poecilia_reticulata ENSPREG00000008261
xiphophorus_maculatus ENSXMAG00000026598
kryptolebias_marmoratus ENSKMAG00000001870
cynoglossus_semilaevis ENSCSEG00000011098
hippocampus_comes ENSHCOG00000001280
tetraodon_nigroviridis ENSTNIG00000011930
gadus_morhua ENSGMOG00000014450
esox_lucius ENSELUG00000007512
astyanax_mexicanus ENSAMXG00000038304
pygocentrus_nattereri ENSPNAG00000017962
ictalurus_punctatus ENSIPUG00000010412
danio_rerio ENSDARG00000089486
pygocentrus_nattereri ENSPNAG00000003608
astyanax_mexicanus ENSAMXG00000040195
ictalurus_punctatus ENSIPUG00000005778
danio_rerio ENSDARG00000099196
danio_rerio ENSDARG00000062508
scleropages_formosus ENSSFOG00015016994
paramormyrops_kingsleyae ENSPKIG00000019916
paramormyrops_kingsleyae ENSPKIG00000004458
scleropages_formosus ENSSFOG00015002342
lepisosteus_oculatus ENSLOCG00000014618
eptatretus_burgeri ENSEBUG00000013563
ciona_intestinalis ENSCING00000020046
microcebus_murinus ENSMICG00000047802
apteryx_haastii ENSAHAG00000019704
apteryx_rowi ENSARWG00000005044
apteryx_owenii ENSAOWG00000010519
dromaius_novaehollandiae ENSDNVG00000015137
nothoprocta_perdicaria ENSNPEG00000004897
anser_brachyrhynchus ENSABRG00000016760
anas_platyrhynchos_platyrhynchos ENSAPLG00000019232
gallus_gallus ENSGALG00000027920
meleagris_gallopavo ENSMGAG00000004776
coturnix_japonica ENSCJPG00005011226
numida_meleagris ENSNMEG00000018016
serinus_canaria ENSSCAG00000013221
junco_hyemalis ENSJHYG00000002727
lonchura_striata_domestica ENSLSDG00000016357
parus_major ENSPMJG00000007601
cyanistes_caeruleus ENSCCEG00000018866
manacus_vitellinus ENSMVIG00005016794
lepidothrix_coronata ENSLCOG00000007960
ficedula_albicollis ENSFALG00000008531
calidris_pugnax ENSCPUG00000009443
calidris_pygmaea ENSCPGG00000015399
melopsittacus_undulatus ENSMUNG00000005728
crocodylus_porosus ENSCPRG00005013536
chelonoidis_abingdonii ENSCABG00000018236
gopherus_agassizii ENSGAGG00000013231
periophthalmus_magnuspinnatus ENSPMGG00000015734
eptatretus_burgeri ENSEBUG00000002984
caenorhabditis_elegans_strain_n2 WBGene00022271
caenorhabditis_elegans_strain_n2 WBGene00010520
drosophila_melanogaster FBgn0041605
