paramormyrops_kingsleyae ENSPKIG00000004544
paramormyrops_kingsleyae ENSPKIG00000004528
paramormyrops_kingsleyae ENSPKIG00000006037
paramormyrops_kingsleyae ENSPKIG00000025461
paramormyrops_kingsleyae ENSPKIG00000008087
paramormyrops_kingsleyae ENSPKIG00000003640
scleropages_formosus ENSSFOG00015002473
paramormyrops_kingsleyae ENSPKIG00000012887
scleropages_formosus ENSSFOG00015024078
poecilia_latipinna ENSPLAG00000018121
poecilia_mexicana ENSPMEG00000008912
poecilia_formosa ENSPFOG00000020048
poecilia_reticulata ENSPREG00000002319
xiphophorus_maculatus ENSXMAG00000019482
gambusia_affinis ENSGAFG00000009061
cyprinodon_variegatus ENSCVAG00000011866
fundulus_heteroclitus ENSFHEG00000022303
kryptolebias_marmoratus ENSKMAG00000010010
oryzias_latipes_asm223469v1 ENSORLG00015021998
oryzias_latipes_asm223467v1 ENSORLG00000026957
oryzias_latipes_asm223471v1 ENSORLG00020013880
oryzias_melastigma ENSOMEG00000004207
seriola_dumerili ENSSDUG00000003141
seriola_lalandi_dorsalis ENSSLDG00000002534
scophthalmus_maximus ENSSMAG00000002113
mastacembelus_armatus ENSMAMG00000006703
monopterus_albus ENSMALG00000011220
anabas_testudineus ENSATEG00000009077
labrus_bergylta ENSLBEG00000000374
mola_mola ENSMMOG00000003064
takifugu_rubripes ENSTRUG00000020993
cynoglossus_semilaevis ENSCSEG00000010118
amphiprion_ocellaris ENSAOCG00000020597
amphiprion_percula ENSAPEG00000015834
acanthochromis_polyacanthus ENSAPOG00000017544
stegastes_partitus ENSSPAG00000008396
maylandia_zebra ENSMZEG00005013486
astatotilapia_calliptera ENSACLG00000009619
pundamilia_nyererei ENSPNYG00000001071
haplochromis_burtoni ENSHBUG00000008648
neolamprologus_brichardi ENSNBRG00000009722
oreochromis_niloticus ENSONIG00000021368
amphilophus_citrinellus ENSACIG00000015496
periophthalmus_magnuspinnatus ENSPMGG00000017482
hippocampus_comes ENSHCOG00000016851
gadus_morhua ENSGMOG00000014467
esox_lucius ENSELUG00000019017
astyanax_mexicanus ENSAMXG00000025950
astyanax_mexicanus ENSAMXG00000043856
pygocentrus_nattereri ENSPNAG00000024932
ictalurus_punctatus ENSIPUG00000020496
danio_rerio ENSDARG00000040463
danio_rerio ENSDARG00000056163
lepisosteus_oculatus ENSLOCG00000017922
chelonoidis_abingdonii ENSCABG00000002951
gopherus_agassizii ENSGAGG00000017379
chrysemys_picta_bellii ENSCPBG00000006949
pelodiscus_sinensis ENSPSIG00000001854
crocodylus_porosus ENSCPRG00005012147
calidris_pygmaea ENSCPGG00000004069
calidris_pugnax ENSCPUG00000005681
melopsittacus_undulatus ENSMUNG00000003703
anser_brachyrhynchus ENSABRG00000004111
anas_platyrhynchos_platyrhynchos ENSAPLG00000018153
gallus_gallus ENSGALG00000028340
coturnix_japonica ENSCJPG00005006223
meleagris_gallopavo ENSMGAG00000003194
numida_meleagris ENSNMEG00000005041
calidris_pygmaea ENSCPGG00000013953
serinus_canaria ENSSCAG00000003880
apteryx_haastii ENSAHAG00000000291
apteryx_owenii ENSAOWG00000005293
apteryx_rowi ENSARWG00000006703
dromaius_novaehollandiae ENSDNVG00000017928
nothoprocta_perdicaria ENSNPEG00000006068
manacus_vitellinus ENSMVIG00005020057
lepidothrix_coronata ENSLCOG00000004574
parus_major ENSPMJG00000001564
cyanistes_caeruleus ENSCCEG00000002400
taeniopygia_guttata ENSTGUG00000007164
lonchura_striata_domestica ENSLSDG00000009325
ficedula_albicollis ENSFALG00000014649
anolis_carolinensis ENSACAG00000012131
pogona_vitticeps ENSPVIG00000017715
notechis_scutatus ENSNSUG00000015407
salvator_merianae ENSSMRG00000013385
sphenodon_punctatus ENSSPUG00000009460
monodelphis_domestica ENSMODG00000025202
xenopus_tropicalis ENSXETG00000033651
latimeria_chalumnae ENSLACG00000010629
eptatretus_burgeri ENSEBUG00000006599
