notechis_scutatus ENSNSUG00000004028
notechis_scutatus ENSNSUG00000004024
pogona_vitticeps ENSPVIG00000000223
anolis_carolinensis ENSACAG00000005527
salvator_merianae ENSSMRG00000005318
sphenodon_punctatus ENSSPUG00000006952
chrysemys_picta_bellii ENSCPBG00000000458
chelonoidis_abingdonii ENSCABG00000018029
gopherus_agassizii ENSGAGG00000001747
rhinopithecus_bieti ENSRBIG00000040371
rhinopithecus_roxellana ENSRROG00000043355
colobus_angolensis_palliatus ENSCANG00000000359
macaca_nemestrina ENSMNEG00000038904
macaca_fascicularis ENSMFAG00000032405
chlorocebus_sabaeus ENSCSAG00000013744
cercocebus_atys ENSCATG00000018553
theropithecus_gelada ENSTGEG00000005983
mandrillus_leucophaeus ENSMLEG00000042685
papio_anubis ENSPANG00000013608
macaca_mulatta ENSMMUG00000017423
pan_troglodytes ENSPTRG00000021837
pan_paniscus ENSPPAG00000040583
gorilla_gorilla ENSGGOG00000007869
homo_sapiens ENSG00000182872
pongo_abelii ENSPPYG00000020285
nomascus_leucogenys ENSNLEG00000003018
piliocolobus_tephrosceles ENSPTEG00000013762
cebus_capucinus_imitator ENSCCAG00000025788
saimiri_boliviensis_boliviensis ENSSBOG00000022873
aotus_nancymaae ENSANAG00000026392
aotus_nancymaae ENSANAG00000033026
callithrix_jacchus ENSCJAG00000012101
carlito_syrichta ENSTSYG00000030341
microcebus_murinus ENSMICG00000016937
propithecus_coquereli ENSPCOG00000023562
prolemur_simus ENSPSMG00000015702
otolemur_garnettii ENSOGAG00000008550
dipodomys_ordii ENSDORG00000015022
castor_canadensis ENSCCNG00000025668
mus_musculus_strain_reference_cl57bl6 ENSMUSG00000031060
mus_spretus_strain_spret/eij MGP_SPRETEiJ_G0034113
mus_spicilegus ENSMSIG00000001993
mus_caroli_strain_caroli_eij MGP_CAROLIEiJ_G0032963
mus_pahari_strain_pahari_eij MGP_PahariEiJ_G0031506
rattus_norvegicus ENSRNOG00000008472
meriones_unguiculatus ENSMUGG00000019924
cricetulus_griseus_crigri-picr ENSCGRG00015002438
cricetulus_griseus_crigri_1.0 ENSCGRG00000011339
cricetulus_griseus_chok1gs_hdv1 ENSCGRG00001017158
mesocricetus_auratus ENSMAUG00000011595
microtus_ochrogaster ENSMOCG00000022485
peromyscus_maniculatus_bairdii ENSPEMG00000012165
nannospalax_galili ENSNGAG00000019664
jaculus_jaculus ENSJJAG00000014158
ictidomys_tridecemlineatus ENSSTOG00000014369
spermophilus_dauricus ENSSDAG00000013316
urocitellus_parryii ENSUPAG00010010167
marmota_marmota_marmota ENSMMMG00000011861
heterocephalus_glaber_hetgla_female_1.0 ENSHGLG00000000890
heterocephalus_glaber_hetgla_1.0 ENSHGLG00100001369
fukomys_damarensis ENSFDAG00000002328
cavia_porcellus ENSCPOG00000002939
cavia_aperea ENSCAPG00000013182
chinchilla_lanigera ENSCLAG00000001238
octodon_degus ENSODEG00000008955
ochotona_princeps ENSOPRG00000005550
oryctolagus_cuniculus ENSOCUG00000006454
tupaia_belangeri ENSTBEG00000005519
pteropus_vampyrus ENSPVAG00000006787
myotis_lucifugus ENSMLUG00000013095
capra_hircus ENSCHIG00000000855
ovis_aries ENSOARG00000013674
bos_mutus ENSBMUG00000025840
bos_taurus ENSBTAG00000002890
tursiops_truncatus ENSTTRG00000013653
sus_scrofa ENSSSCG00000012271
mustela_putorius_furo ENSMPUG00000013129
neovison_vison ENSNVIG00000017086
canis_lupus_dingo ENSCAFG00020021417
canis_lupus_familiaris ENSCAFG00000014863
vulpes_vulpes ENSVVUG00000014315
ailuropoda_melanoleuca ENSAMEG00000012961
ursus_americanus ENSUAMG00000026047
panthera_pardus ENSPPRG00000023784
panthera_tigris_altaica ENSPTIG00000017219
felis_catus ENSFCAG00000001395
sorex_araneus ENSSARG00000014122
equus_caballus ENSECAG00000000287
equus_asinus_asinus ENSEASG00005014310
choloepus_hoffmanni ENSCHOG00000011959
dasypus_novemcinctus ENSDNOG00000031259
loxodonta_africana ENSLAFG00000002900
procavia_capensis ENSPCAG00000000239
echinops_telfairi ENSETEG00000003131
erinaceus_europaeus ENSEEUG00000008271
phascolarctos_cinereus ENSPCIG00000027962
notamacropus_eugenii ENSMEUG00000009028
monodelphis_domestica ENSMODG00000010640
sarcophilus_harrisii ENSSHAG00000007724
ornithorhynchus_anatinus ENSOANG00000004552
gallus_gallus ENSGALG00000049096
latimeria_chalumnae ENSLACG00000005251
pygocentrus_nattereri ENSPNAG00000011074
ictalurus_punctatus ENSIPUG00000014280
danio_rerio ENSDARG00000077400
takifugu_rubripes ENSTRUG00000010215
tetraodon_nigroviridis ENSTNIG00000015014
mola_mola ENSMMOG00000012725
labrus_bergylta ENSLBEG00000007620
gasterosteus_aculeatus ENSGACG00000009953
monopterus_albus ENSMALG00000011917
mastacembelus_armatus ENSMAMG00000008925
anabas_testudineus ENSATEG00000023522
maylandia_zebra ENSMZEG00005027122
astatotilapia_calliptera ENSACLG00000008773
pundamilia_nyererei ENSPNYG00000015230
haplochromis_burtoni ENSHBUG00000000175
oreochromis_niloticus ENSONIG00000012370
amphilophus_citrinellus ENSACIG00000013859
stegastes_partitus ENSSPAG00000004647
fundulus_heteroclitus ENSFHEG00000021050
cyprinodon_variegatus ENSCVAG00000009548
poecilia_latipinna ENSPLAG00000013887
poecilia_mexicana ENSPMEG00000005032
poecilia_reticulata ENSPREG00000019319
poecilia_formosa ENSPFOG00000005428
kryptolebias_marmoratus ENSKMAG00000019926
oryzias_latipes_asm223471v1 ENSORLG00020004636
oryzias_latipes_asm223467v1 ENSORLG00000008657
oryzias_latipes_asm223469v1 ENSORLG00015021021
oryzias_melastigma ENSOMEG00000014309
amphiprion_percula ENSAPEG00000005675
amphiprion_ocellaris ENSAOCG00000022677
acanthochromis_polyacanthus ENSAPOG00000018220
seriola_lalandi_dorsalis ENSSLDG00000001390
scophthalmus_maximus ENSSMAG00000006556
hippocampus_comes ENSHCOG00000002211
gadus_morhua ENSGMOG00000011093
esox_lucius ENSELUG00000019845
paramormyrops_kingsleyae ENSPKIG00000007372
scleropages_formosus ENSSFOG00015010701
lepisosteus_oculatus ENSLOCG00000014313
lepisosteus_oculatus ENSLOCG00000014304
