scleropages_formosus ENSSFOG00015005299
paramormyrops_kingsleyae ENSPKIG00000006842
pygocentrus_nattereri ENSPNAG00000016924
astyanax_mexicanus ENSAMXG00000029397
ictalurus_punctatus ENSIPUG00000023924
danio_rerio ENSDARG00000017634
pundamilia_nyererei ENSPNYG00000015645
haplochromis_burtoni ENSHBUG00000013753
maylandia_zebra ENSMZEG00005019097
astatotilapia_calliptera ENSACLG00000023353
neolamprologus_brichardi ENSNBRG00000010475
oreochromis_niloticus ENSONIG00000010974
amphilophus_citrinellus ENSACIG00000000781
xiphophorus_maculatus ENSXMAG00000018762
xiphophorus_couchianus ENSXCOG00000008041
gambusia_affinis ENSGAFG00000007050
poecilia_formosa ENSPFOG00000003868
poecilia_latipinna ENSPLAG00000016820
poecilia_mexicana ENSPMEG00000012627
poecilia_reticulata ENSPREG00000014388
fundulus_heteroclitus ENSFHEG00000001461
cyprinodon_variegatus ENSCVAG00000017136
kryptolebias_marmoratus ENSKMAG00000009178
oryzias_latipes_asm223467v1 ENSORLG00000013896
oryzias_latipes_asm223471v1 ENSORLG00020019506
oryzias_latipes_asm223469v1 ENSORLG00015020257
oryzias_melastigma ENSOMEG00000017603
seriola_dumerili ENSSDUG00000013654
seriola_lalandi_dorsalis ENSSLDG00000022509
gasterosteus_aculeatus ENSGACG00000014695
amphiprion_percula ENSAPEG00000010872
acanthochromis_polyacanthus ENSAPOG00000008123
stegastes_partitus ENSSPAG00000018229
monopterus_albus ENSMALG00000005625
mastacembelus_armatus ENSMAMG00000012124
anabas_testudineus ENSATEG00000003309
scophthalmus_maximus ENSSMAG00000001596
labrus_bergylta ENSLBEG00000024098
periophthalmus_magnuspinnatus ENSPMGG00000014356
gadus_morhua ENSGMOG00000018518
labrus_bergylta ENSLBEG00000026303
gasterosteus_aculeatus ENSGACG00000007435
takifugu_rubripes ENSTRUG00000004109
tetraodon_nigroviridis ENSTNIG00000018123
mola_mola ENSMMOG00000006675
poecilia_latipinna ENSPLAG00000000561
poecilia_formosa ENSPFOG00000013870
poecilia_mexicana ENSPMEG00000006527
poecilia_reticulata ENSPREG00000009031
xiphophorus_maculatus ENSXMAG00000002444
xiphophorus_couchianus ENSXCOG00000008768
gambusia_affinis ENSGAFG00000007646
fundulus_heteroclitus ENSFHEG00000014231
cyprinodon_variegatus ENSCVAG00000000284
kryptolebias_marmoratus ENSKMAG00000013034
oryzias_latipes_asm223467v1 ENSORLG00000009441
oryzias_latipes_asm223469v1 ENSORLG00015008099
oryzias_latipes_asm223471v1 ENSORLG00020012250
oryzias_melastigma ENSOMEG00000006198
amphiprion_percula ENSAPEG00000008842
amphiprion_ocellaris ENSAOCG00000019264
acanthochromis_polyacanthus ENSAPOG00000017847
stegastes_partitus ENSSPAG00000015540
astatotilapia_calliptera ENSACLG00000009989
maylandia_zebra ENSMZEG00005018588
haplochromis_burtoni ENSHBUG00000005616
pundamilia_nyererei ENSPNYG00000013331
neolamprologus_brichardi ENSNBRG00000020850
oreochromis_niloticus ENSONIG00000010023
amphilophus_citrinellus ENSACIG00000013188
scophthalmus_maximus ENSSMAG00000020791
cynoglossus_semilaevis ENSCSEG00000017159
seriola_dumerili ENSSDUG00000011874
seriola_lalandi_dorsalis ENSSLDG00000004588
mastacembelus_armatus ENSMAMG00000008199
monopterus_albus ENSMALG00000019722
anabas_testudineus ENSATEG00000018481
hippocampus_comes ENSHCOG00000006701
periophthalmus_magnuspinnatus ENSPMGG00000003562
gadus_morhua ENSGMOG00000010894
esox_lucius ENSELUG00000020131
amphilophus_citrinellus ENSACIG00000013198
periophthalmus_magnuspinnatus ENSPMGG00000003561
scleropages_formosus ENSSFOG00015005426
paramormyrops_kingsleyae ENSPKIG00000016703
pygocentrus_nattereri ENSPNAG00000019167
astyanax_mexicanus ENSAMXG00000035849
ictalurus_punctatus ENSIPUG00000001218
danio_rerio ENSDARG00000011886
lepisosteus_oculatus ENSLOCG00000001585
phascolarctos_cinereus ENSPCIG00000008954
notamacropus_eugenii ENSMEUG00000010427
sarcophilus_harrisii ENSSHAG00000015671
monodelphis_domestica ENSMODG00000011668
pteropus_vampyrus ENSPVAG00000005210
myotis_lucifugus ENSMLUG00000013147
bos_mutus ENSBMUG00000023036
bos_taurus ENSBTAG00000004176
bison_bison_bison ENSBBBG00000023637
capra_hircus ENSCHIG00000009984
ovis_aries ENSOARG00000007457
tursiops_truncatus ENSTTRG00000012214
vicugna_pacos ENSVPAG00000005813
sus_scrofa ENSSSCG00000015578
ursus_maritimus ENSUMAG00000020675
ursus_americanus ENSUAMG00000015283
ailuropoda_melanoleuca ENSAMEG00000015527
neovison_vison ENSNVIG00000009303
mustela_putorius_furo ENSMPUG00000012077
canis_lupus_dingo ENSCAFG00020016540
canis_lupus_familiaris ENSCAFG00000013751
vulpes_vulpes ENSVVUG00000011893
panthera_tigris_altaica ENSPTIG00000017732
panthera_pardus ENSPPRG00000011108
felis_catus ENSFCAG00000045009
equus_asinus_asinus ENSEASG00005005464
equus_caballus ENSECAG00000015729
castor_canadensis ENSCCNG00000014611
dipodomys_ordii ENSDORG00000002197
mus_musculus_strain_reference_cl57bl6 ENSMUSG00000006007
mus_spicilegus ENSMSIG00000011159
mus_spretus_strain_spret/eij MGP_SPRETEiJ_G0015494
mus_caroli_strain_caroli_eij MGP_CAROLIEiJ_G0014686
mus_pahari_strain_pahari_eij MGP_PahariEiJ_G0027922
rattus_norvegicus ENSRNOG00000002517
meriones_unguiculatus ENSMUGG00000015146
cricetulus_griseus_chok1gs_hdv1 ENSCGRG00001018609
cricetulus_griseus_crigri_1.0 ENSCGRG00000004224
cricetulus_griseus_crigri-picr ENSCGRG00015020204
mesocricetus_auratus ENSMAUG00000014913
microtus_ochrogaster ENSMOCG00000019983
microtus_ochrogaster ENSMOCG00000001097
peromyscus_maniculatus_bairdii ENSPEMG00000009431
nannospalax_galili ENSNGAG00000012617
jaculus_jaculus ENSJJAG00000017261
heterocephalus_glaber_hetgla_1.0 ENSHGLG00100001165
heterocephalus_glaber_hetgla_female_1.0 ENSHGLG00000007016
fukomys_damarensis ENSFDAG00000018573
octodon_degus ENSODEG00000000764
chinchilla_lanigera ENSCLAG00000009883
cavia_porcellus ENSCPOG00000000039
cavia_aperea ENSCAPG00000000190
spermophilus_dauricus ENSSDAG00000001798
ictidomys_tridecemlineatus ENSSTOG00000023754
marmota_marmota_marmota ENSMMMG00000013377
urocitellus_parryii ENSUPAG00010003196
oryctolagus_cuniculus ENSOCUG00000006782
ochotona_princeps ENSOPRG00000017229
pan_paniscus ENSPPAG00000043149
pan_troglodytes ENSPTRG00000001785
homo_sapiens ENSG00000116703
gorilla_gorilla ENSGGOG00000024688
gorilla_gorilla ENSGGOG00000002257
nomascus_leucogenys ENSNLEG00000018038
mandrillus_leucophaeus ENSMLEG00000038152
chlorocebus_sabaeus ENSCSAG00000013308
cercocebus_atys ENSCATG00000036908
papio_anubis ENSPANG00000007957
theropithecus_gelada ENSTGEG00000024882
macaca_mulatta ENSMMUG00000045004
macaca_nemestrina ENSMNEG00000013912
macaca_fascicularis ENSMFAG00000001382
piliocolobus_tephrosceles ENSPTEG00000039557
colobus_angolensis_palliatus ENSCANG00000030254
rhinopithecus_roxellana ENSRROG00000032148
rhinopithecus_bieti ENSRBIG00000035113
colobus_angolensis_palliatus ENSCANG00000036355
cebus_capucinus_imitator ENSCCAG00000009891
saimiri_boliviensis_boliviensis ENSSBOG00000021801
callithrix_jacchus ENSCJAG00000006043
aotus_nancymaae ENSANAG00000021895
carlito_syrichta ENSTSYG00000003238
propithecus_coquereli ENSPCOG00000012168
microcebus_murinus ENSMICG00000038158
prolemur_simus ENSPSMG00000014124
otolemur_garnettii ENSOGAG00000001615
dasypus_novemcinctus ENSDNOG00000007875
choloepus_hoffmanni ENSCHOG00000011448
procavia_capensis ENSPCAG00000009767
procavia_capensis ENSPCAG00000004657
echinops_telfairi ENSETEG00000007598
loxodonta_africana ENSLAFG00000014440
erinaceus_europaeus ENSEEUG00000005318
ornithorhynchus_anatinus ENSOANG00000001025
gallus_gallus ENSGALG00000030417
coturnix_japonica ENSCJPG00005021493
meleagris_gallopavo ENSMGAG00000001161
numida_meleagris ENSNMEG00000017321
anser_brachyrhynchus ENSABRG00000010294
anas_platyrhynchos_platyrhynchos ENSAPLG00000014804
lepidothrix_coronata ENSLCOG00000005046
manacus_vitellinus ENSMVIG00005005205
taeniopygia_guttata ENSTGUG00000003487
taeniopygia_guttata ENSTGUG00000017429
lonchura_striata_domestica ENSLSDG00000011714
serinus_canaria ENSSCAG00000010396
junco_hyemalis ENSJHYG00000015582
zonotrichia_albicollis ENSZALG00000014671
cyanistes_caeruleus ENSCCEG00000020488
parus_major ENSPMJG00000018735
parus_major ENSPMJG00000018734
ficedula_albicollis ENSFALG00000003331
melopsittacus_undulatus ENSMUNG00000000879
calidris_pygmaea ENSCPGG00000002652
calidris_pugnax ENSCPUG00000010347
apteryx_owenii ENSAOWG00000017402
apteryx_haastii ENSAHAG00000003774
apteryx_rowi ENSARWG00000002024
dromaius_novaehollandiae ENSDNVG00000013988
nothoprocta_perdicaria ENSNPEG00000000175
crocodylus_porosus ENSCPRG00005014040
gopherus_agassizii ENSGAGG00000024024
chelonoidis_abingdonii ENSCABG00000002306
chrysemys_picta_bellii ENSCPBG00000014817
pelodiscus_sinensis ENSPSIG00000012247
anolis_carolinensis ENSACAG00000001373
pogona_vitticeps ENSPVIG00000020650
notechis_scutatus ENSNSUG00000015881
notechis_scutatus ENSNSUG00000000705
notechis_scutatus ENSNSUG00000000248
salvator_merianae ENSSMRG00000014297
sphenodon_punctatus ENSSPUG00000003589
xenopus_tropicalis ENSXETG00000017387
latimeria_chalumnae ENSLACG00000016009
