pogona_vitticeps ENSPVIG00000012524
anolis_carolinensis ENSACAG00000007060
salvator_merianae ENSSMRG00000017964
sphenodon_punctatus ENSSPUG00000007988
xenopus_tropicalis ENSXETG00000033023
pogona_vitticeps ENSPVIG00000012525
anolis_carolinensis ENSACAG00000029006
notechis_scutatus ENSNSUG00000018375
sphenodon_punctatus ENSSPUG00000007962
chelonoidis_abingdonii ENSCABG00000019596
gopherus_agassizii ENSGAGG00000001633
chrysemys_picta_bellii ENSCPBG00000011893
pelodiscus_sinensis ENSPSIG00000012200
choloepus_hoffmanni ENSCHOG00000007075
dasypus_novemcinctus ENSDNOG00000025855
loxodonta_africana ENSLAFG00000004858
procavia_capensis ENSPCAG00000010878
echinops_telfairi ENSETEG00000009597
bos_taurus ENSBTAG00000015008
bos_mutus ENSBMUG00000022187
bison_bison_bison ENSBBBG00000017648
capra_hircus ENSCHIG00000011174
ovis_aries ENSOARG00000005274
tursiops_truncatus ENSTTRG00000003553
vicugna_pacos ENSVPAG00000008998
sus_scrofa ENSSSCG00000035354
ursus_maritimus ENSUMAG00000012432
ursus_americanus ENSUAMG00000012037
ailuropoda_melanoleuca ENSAMEG00000010873
canis_lupus_dingo ENSCAFG00020018916
canis_lupus_familiaris ENSCAFG00000008235
vulpes_vulpes ENSVVUG00000012233
mustela_putorius_furo ENSMPUG00000002411
neovison_vison ENSNVIG00000014040
panthera_pardus ENSPPRG00000007497
panthera_tigris_altaica ENSPTIG00000010908
felis_catus ENSFCAG00000022469
myotis_lucifugus ENSMLUG00000007858
pteropus_vampyrus ENSPVAG00000013000
equus_asinus_asinus ENSEASG00005021848
equus_caballus ENSECAG00000033607
erinaceus_europaeus ENSEEUG00000013003
sorex_araneus ENSSARG00000012192
mus_spretus_strain_spret/eij MGP_SPRETEiJ_G0025812
mus_musculus_strain_reference_cl57bl6 ENSMUSG00000001865
mus_spicilegus ENSMSIG00000025292
mus_spicilegus ENSMSIG00000007730
mus_caroli_strain_caroli_eij MGP_CAROLIEiJ_G0024880
mus_pahari_strain_pahari_eij MGP_PahariEiJ_G0026325
rattus_norvegicus ENSRNOG00000011181
meriones_unguiculatus ENSMUGG00000011828
cricetulus_griseus_chok1gs_hdv1 ENSCGRG00001015838
cricetulus_griseus_crigri-picr ENSCGRG00015027998
cricetulus_griseus_crigri_1.0 ENSCGRG00000012287
peromyscus_maniculatus_bairdii ENSPEMG00000000978
microtus_ochrogaster ENSMOCG00000020637
nannospalax_galili ENSNGAG00000007285
jaculus_jaculus ENSJJAG00000010020
castor_canadensis ENSCCNG00000025554
dipodomys_ordii ENSDORG00000001789
urocitellus_parryii ENSUPAG00010001046
ictidomys_tridecemlineatus ENSSTOG00000008364
marmota_marmota_marmota ENSMMMG00000016829
spermophilus_dauricus ENSSDAG00000003435
heterocephalus_glaber_hetgla_female_1.0 ENSHGLG00000012134
heterocephalus_glaber_hetgla_1.0 ENSHGLG00100008500
fukomys_damarensis ENSFDAG00000013560
octodon_degus ENSODEG00000008292
chinchilla_lanigera ENSCLAG00000004064
cavia_porcellus ENSCPOG00000001479
cavia_aperea ENSCAPG00000017831
ochotona_princeps ENSOPRG00000004729
pan_troglodytes ENSPTRG00000015507
pan_paniscus ENSPPAG00000042270
gorilla_gorilla ENSGGOG00000026314
homo_sapiens ENSG00000163751
pongo_abelii ENSPPYG00000014192
nomascus_leucogenys ENSNLEG00000002507
piliocolobus_tephrosceles ENSPTEG00000007673
colobus_angolensis_palliatus ENSCANG00000037391
rhinopithecus_roxellana ENSRROG00000031917
rhinopithecus_bieti ENSRBIG00000031558
cercocebus_atys ENSCATG00000033057
mandrillus_leucophaeus ENSMLEG00000037447
papio_anubis ENSPANG00000023231
theropithecus_gelada ENSTGEG00000007548
macaca_nemestrina ENSMNEG00000033180
macaca_mulatta ENSMMUG00000005519
macaca_fascicularis ENSMFAG00000003955
chlorocebus_sabaeus ENSCSAG00000011433
cebus_capucinus_imitator ENSCCAG00000020019
saimiri_boliviensis_boliviensis ENSSBOG00000035859
callithrix_jacchus ENSCJAG00000001501
aotus_nancymaae ENSANAG00000035981
carlito_syrichta ENSTSYG00000008726
prolemur_simus ENSPSMG00000007756
propithecus_coquereli ENSPCOG00000017041
microcebus_murinus ENSMICG00000049222
otolemur_garnettii ENSOGAG00000008318
tupaia_belangeri ENSTBEG00000010297
notamacropus_eugenii ENSMEUG00000015831
phascolarctos_cinereus ENSPCIG00000005490
sarcophilus_harrisii ENSSHAG00000005508
monodelphis_domestica ENSMODG00000021256
xenopus_tropicalis ENSXETG00000016076
