oryzias_latipes_asm223471v1 ENSORLG00020006319
oryzias_latipes_asm223469v1 ENSORLG00015020669
oryzias_latipes_asm223467v1 ENSORLG00000026058
oryzias_melastigma ENSOMEG00000017862
kryptolebias_marmoratus ENSKMAG00000012568
labrus_bergylta ENSLBEG00000023424
gasterosteus_aculeatus ENSGACG00000018323
mola_mola ENSMMOG00000018871
monopterus_albus ENSMALG00000014067
mastacembelus_armatus ENSMAMG00000022708
anabas_testudineus ENSATEG00000007999
scophthalmus_maximus ENSSMAG00000007976
cynoglossus_semilaevis ENSCSEG00000007387
seriola_lalandi_dorsalis ENSSLDG00000021678
seriola_dumerili ENSSDUG00000019211
acanthochromis_polyacanthus ENSAPOG00000011258
acanthochromis_polyacanthus ENSAPOG00000017569
amphiprion_ocellaris ENSAOCG00000008679
amphiprion_percula ENSAPEG00000015086
stegastes_partitus ENSSPAG00000014840
maylandia_zebra ENSMZEG00005026099
pundamilia_nyererei ENSPNYG00000023527
astatotilapia_calliptera ENSACLG00000010749
haplochromis_burtoni ENSHBUG00000007069
oreochromis_niloticus ENSONIG00000011305
neolamprologus_brichardi ENSNBRG00000005716
amphilophus_citrinellus ENSACIG00000014153
xiphophorus_maculatus ENSXMAG00000007520
xiphophorus_couchianus ENSXCOG00000016347
poecilia_latipinna ENSPLAG00000007696
poecilia_formosa ENSPFOG00000000923
poecilia_reticulata ENSPREG00000011744
gambusia_affinis ENSGAFG00000008388
poecilia_mexicana ENSPMEG00000001882
cyprinodon_variegatus ENSCVAG00000021211
periophthalmus_magnuspinnatus ENSPMGG00000005749
gadus_morhua ENSGMOG00000008005
esox_lucius ENSELUG00000015994
pygocentrus_nattereri ENSPNAG00000021782
astyanax_mexicanus ENSAMXG00000009021
danio_rerio ENSDARG00000104815
takifugu_rubripes ENSTRUG00000009042
tetraodon_nigroviridis ENSTNIG00000018979
cynoglossus_semilaevis ENSCSEG00000018321
poecilia_formosa ENSPFOG00000017394
poecilia_mexicana ENSPMEG00000011546
poecilia_latipinna ENSPLAG00000000982
xiphophorus_couchianus ENSXCOG00000015493
xiphophorus_maculatus ENSXMAG00000000206
gambusia_affinis ENSGAFG00000008139
poecilia_reticulata ENSPREG00000011452
xiphophorus_couchianus ENSXCOG00000012097
fundulus_heteroclitus ENSFHEG00000001597
cyprinodon_variegatus ENSCVAG00000018128
kryptolebias_marmoratus ENSKMAG00000001862
oryzias_latipes_asm223469v1 ENSORLG00015016682
oryzias_latipes_asm223471v1 ENSORLG00020002783
oryzias_latipes_asm223467v1 ENSORLG00000013303
oryzias_melastigma ENSOMEG00000014619
cynoglossus_semilaevis ENSCSEG00000017848
gasterosteus_aculeatus ENSGACG00000012015
mola_mola ENSMMOG00000001987
labrus_bergylta ENSLBEG00000023568
mastacembelus_armatus ENSMAMG00000005797
monopterus_albus ENSMALG00000019965
anabas_testudineus ENSATEG00000020573
seriola_lalandi_dorsalis ENSSLDG00000013267
seriola_dumerili ENSSDUG00000022405
amphiprion_percula ENSAPEG00000010074
amphiprion_ocellaris ENSAOCG00000020145
acanthochromis_polyacanthus ENSAPOG00000018080
stegastes_partitus ENSSPAG00000012764
maylandia_zebra ENSMZEG00005009184
astatotilapia_calliptera ENSACLG00000013653
haplochromis_burtoni ENSHBUG00000014936
pundamilia_nyererei ENSPNYG00000019128
neolamprologus_brichardi ENSNBRG00000008090
oreochromis_niloticus ENSONIG00000010904
amphilophus_citrinellus ENSACIG00000020990
scophthalmus_maximus ENSSMAG00000003879
hippocampus_comes ENSHCOG00000014902
periophthalmus_magnuspinnatus ENSPMGG00000023136
gadus_morhua ENSGMOG00000006452
esox_lucius ENSELUG00000019374
pygocentrus_nattereri ENSPNAG00000028634
astyanax_mexicanus ENSAMXG00000041930
ictalurus_punctatus ENSIPUG00000024750
danio_rerio ENSDARG00000068365
scleropages_formosus ENSSFOG00015017159
paramormyrops_kingsleyae ENSPKIG00000024701
paramormyrops_kingsleyae ENSPKIG00000015362
scleropages_formosus ENSSFOG00015013658
lepisosteus_oculatus ENSLOCG00000001247
prolemur_simus ENSPSMG00000024151
microcebus_murinus ENSMICG00000010287
propithecus_coquereli ENSPCOG00000016360
otolemur_garnettii ENSOGAG00000001158
cricetulus_griseus_crigri-picr ENSCGRG00015004085
cricetulus_griseus_chok1gs_hdv1 ENSCGRG00001003246
mesocricetus_auratus ENSMAUG00000021164
microtus_ochrogaster ENSMOCG00000017503
peromyscus_maniculatus_bairdii ENSPEMG00000029828
mus_musculus_strain_reference_cl57bl6 ENSMUSG00000038765
mus_spicilegus ENSMSIG00000012998
mus_spretus_strain_spret/eij MGP_SPRETEiJ_G0024379
mus_caroli_strain_caroli_eij MGP_CAROLIEiJ_G0023462
mus_pahari_strain_pahari_eij MGP_PahariEiJ_G0024919
rattus_norvegicus ENSRNOG00000017019
meriones_unguiculatus ENSMUGG00000018417
nannospalax_galili ENSNGAG00000013286
jaculus_jaculus ENSJJAG00000017521
urocitellus_parryii ENSUPAG00010013815
ictidomys_tridecemlineatus ENSSTOG00000026973
marmota_marmota_marmota ENSMMMG00000017718
octodon_degus ENSODEG00000004681
cavia_porcellus ENSCPOG00000023429
chinchilla_lanigera ENSCLAG00000012490
heterocephalus_glaber_hetgla_female_1.0 ENSHGLG00000013067
heterocephalus_glaber_hetgla_1.0 ENSHGLG00100003664
fukomys_damarensis ENSFDAG00000009068
dipodomys_ordii ENSDORG00000002371
capra_hircus ENSCHIG00000019164
ovis_aries ENSOARG00000012619
bos_mutus ENSBMUG00000022997
bison_bison_bison ENSBBBG00000014694
bos_taurus ENSBTAG00000049695
sus_scrofa ENSSSCG00000035968
ursus_americanus ENSUAMG00000015281
ailuropoda_melanoleuca ENSAMEG00000016643
neovison_vison ENSNVIG00000007213
mustela_putorius_furo ENSMPUG00000013868
canis_lupus_familiaris ENSCAFG00000030076
canis_lupus_dingo ENSCAFG00020015686
vulpes_vulpes ENSVVUG00000010228
felis_catus ENSFCAG00000046069
panthera_pardus ENSPPRG00000010155
myotis_lucifugus ENSMLUG00000001146
equus_caballus ENSECAG00000029610
equus_asinus_asinus ENSEASG00005020607
pteropus_vampyrus ENSPVAG00000004265
panthera_tigris_altaica ENSPTIG00000015206
tursiops_truncatus ENSTTRG00000013199
erinaceus_europaeus ENSEEUG00000007978
pan_troglodytes ENSPTRG00000021377
pan_paniscus ENSPPAG00000041838
homo_sapiens ENSG00000136944
pongo_abelii ENSPPYG00000019614
nomascus_leucogenys ENSNLEG00000017412
cebus_capucinus_imitator ENSCCAG00000035283
callithrix_jacchus ENSCJAG00000007071
saimiri_boliviensis_boliviensis ENSSBOG00000029735
aotus_nancymaae ENSANAG00000037425
rhinopithecus_roxellana ENSRROG00000035482
rhinopithecus_bieti ENSRBIG00000023660
colobus_angolensis_palliatus ENSCANG00000039948
theropithecus_gelada ENSTGEG00000023130
papio_anubis ENSPANG00000024818
chlorocebus_sabaeus ENSCSAG00000013678
macaca_mulatta ENSMMUG00000002236
macaca_fascicularis ENSMFAG00000045773
macaca_nemestrina ENSMNEG00000033189
mandrillus_leucophaeus ENSMLEG00000025123
spermophilus_dauricus ENSSDAG00000000983
oryctolagus_cuniculus ENSOCUG00000023786
gorilla_gorilla ENSGGOG00000003629
cercocebus_atys ENSCATG00000026158
loxodonta_africana ENSLAFG00000015481
procavia_capensis ENSPCAG00000013608
dasypus_novemcinctus ENSDNOG00000048995
castor_canadensis ENSCCNG00000010805
cavia_aperea ENSCAPG00000016778
carlito_syrichta ENSTSYG00000028964
echinops_telfairi ENSETEG00000019757
ochotona_princeps ENSOPRG00000015599
phascolarctos_cinereus ENSPCIG00000001280
notamacropus_eugenii ENSMEUG00000012451
monodelphis_domestica ENSMODG00000019789
sarcophilus_harrisii ENSSHAG00000009990
ornithorhynchus_anatinus ENSOANG00000008581
notechis_scutatus ENSNSUG00000018950
pogona_vitticeps ENSPVIG00000021227
salvator_merianae ENSSMRG00000008025
anolis_carolinensis ENSACAG00000001879
coturnix_japonica ENSCJPG00005011083
meleagris_gallopavo ENSMGAG00000008601
gallus_gallus ENSGALG00000040582
numida_meleagris ENSNMEG00000013217
anser_brachyrhynchus ENSABRG00000022430
calidris_pygmaea ENSCPGG00000012918
calidris_pugnax ENSCPUG00000016124
junco_hyemalis ENSJHYG00000002831
lonchura_striata_domestica ENSLSDG00000004308
ficedula_albicollis ENSFALG00000002218
parus_major ENSPMJG00000019151
lepidothrix_coronata ENSLCOG00000005111
serinus_canaria ENSSCAG00000015960
zonotrichia_albicollis ENSZALG00000010976
taeniopygia_guttata ENSTGUG00000007409
cyanistes_caeruleus ENSCCEG00000010583
manacus_vitellinus ENSMVIG00005009630
anas_platyrhynchos_platyrhynchos ENSAPLG00000011082
melopsittacus_undulatus ENSMUNG00000009598
apteryx_haastii ENSAHAG00000004867
apteryx_owenii ENSAOWG00000001889
apteryx_rowi ENSARWG00000005630
dromaius_novaehollandiae ENSDNVG00000000700
nothoprocta_perdicaria ENSNPEG00000012894
chelonoidis_abingdonii ENSCABG00000012246
gopherus_agassizii ENSGAGG00000008608
chrysemys_picta_bellii ENSCPBG00000028196
pelodiscus_sinensis ENSPSIG00000005200
crocodylus_porosus ENSCPRG00005010898
sphenodon_punctatus ENSSPUG00000000105
latimeria_chalumnae ENSLACG00000016220
xenopus_tropicalis ENSXETG00000000742
