petromyzon_marinus ENSPMAG00000009018
eptatretus_burgeri ENSEBUG00000011600
cynoglossus_semilaevis ENSCSEG00000018206
monopterus_albus ENSMALG00000011454
oryzias_latipes_asm223469v1 ENSORLG00015000480
oryzias_latipes_asm223471v1 ENSORLG00020010098
oryzias_latipes_asm223467v1 ENSORLG00000001708
oryzias_melastigma ENSOMEG00000009112
fundulus_heteroclitus ENSFHEG00000008269
cyprinodon_variegatus ENSCVAG00000011507
poecilia_mexicana ENSPMEG00000010901
poecilia_formosa ENSPFOG00000003283
poecilia_latipinna ENSPLAG00000002295
poecilia_reticulata ENSPREG00000012978
xiphophorus_maculatus ENSXMAG00000021564
xiphophorus_couchianus ENSXCOG00000010593
gambusia_affinis ENSGAFG00000014852
kryptolebias_marmoratus ENSKMAG00000001934
anabas_testudineus ENSATEG00000010242
tetraodon_nigroviridis ENSTNIG00000018158
takifugu_rubripes ENSTRUG00000000217
mola_mola ENSMMOG00000017536
amphiprion_percula ENSAPEG00000003378
amphiprion_ocellaris ENSAOCG00000017046
acanthochromis_polyacanthus ENSAPOG00000015373
stegastes_partitus ENSSPAG00000010250
astatotilapia_calliptera ENSACLG00000006536
astatotilapia_calliptera ENSACLG00000006103
haplochromis_burtoni ENSHBUG00000013251
pundamilia_nyererei ENSPNYG00000010841
maylandia_zebra ENSMZEG00005012046
neolamprologus_brichardi ENSNBRG00000021102
oreochromis_niloticus ENSONIG00000015321
amphilophus_citrinellus ENSACIG00000007246
labrus_bergylta ENSLBEG00000023699
labrus_bergylta ENSLBEG00000011737
scophthalmus_maximus ENSSMAG00000014552
mastacembelus_armatus ENSMAMG00000022178
seriola_dumerili ENSSDUG00000021026
seriola_lalandi_dorsalis ENSSLDG00000001330
scophthalmus_maximus ENSSMAG00000014530
gasterosteus_aculeatus ENSGACG00000017603
hippocampus_comes ENSHCOG00000014959
periophthalmus_magnuspinnatus ENSPMGG00000023990
gadus_morhua ENSGMOG00000005329
esox_lucius ENSELUG00000000539
pygocentrus_nattereri ENSPNAG00000025746
astyanax_mexicanus ENSAMXG00000040785
ictalurus_punctatus ENSIPUG00000010491
danio_rerio ENSDARG00000070553
paramormyrops_kingsleyae ENSPKIG00000000087
scleropages_formosus ENSSFOG00015019605
lepisosteus_oculatus ENSLOCG00000009540
notamacropus_eugenii ENSMEUG00000005362
phascolarctos_cinereus ENSPCIG00000012221
sarcophilus_harrisii ENSSHAG00000015457
monodelphis_domestica ENSMODG00000021415
castor_canadensis ENSCCNG00000024070
dipodomys_ordii ENSDORG00000016722
mus_musculus_strain_reference_cl57bl6 ENSMUSG00000009535
mus_spretus_strain_spret/eij MGP_SPRETEiJ_G0023290
mus_spicilegus ENSMSIG00000019780
mus_caroli_strain_caroli_eij MGP_CAROLIEiJ_G0022378
mus_pahari_strain_pahari_eij MGP_PahariEiJ_G0019107
rattus_norvegicus ENSRNOG00000016698
meriones_unguiculatus ENSMUGG00000015365
peromyscus_maniculatus_bairdii ENSPEMG00000022773
microtus_ochrogaster ENSMOCG00000011156
cricetulus_griseus_chok1gs_hdv1 ENSCGRG00001024115
cricetulus_griseus_crigri-picr ENSCGRG00015017108
cricetulus_griseus_crigri_1.0 ENSCGRG00000002625
mesocricetus_auratus ENSMAUG00000000955
nannospalax_galili ENSNGAG00000014958
jaculus_jaculus ENSJJAG00000024212
ictidomys_tridecemlineatus ENSSTOG00000005341
urocitellus_parryii ENSUPAG00010017265
spermophilus_dauricus ENSSDAG00000017949
marmota_marmota_marmota ENSMMMG00000019677
marmota_marmota_marmota ENSMMMG00000012290
heterocephalus_glaber_hetgla_female_1.0 ENSHGLG00000012521
heterocephalus_glaber_hetgla_1.0 ENSHGLG00100010872
heterocephalus_glaber_hetgla_female_1.0 ENSHGLG00000000688
heterocephalus_glaber_hetgla_1.0 ENSHGLG00100000497
fukomys_damarensis ENSFDAG00000009165
octodon_degus ENSODEG00000000884
cavia_porcellus ENSCPOG00000034466
cavia_aperea ENSCAPG00000005746
chinchilla_lanigera ENSCLAG00000000563
chinchilla_lanigera ENSCLAG00000000043
oryctolagus_cuniculus ENSOCUG00000005610
ochotona_princeps ENSOPRG00000015458
procavia_capensis ENSPCAG00000001488
microcebus_murinus ENSMICG00000001422
propithecus_coquereli ENSPCOG00000021970
prolemur_simus ENSPSMG00000022476
otolemur_garnettii ENSOGAG00000001325
pan_paniscus ENSPPAG00000024176
pan_troglodytes ENSPTRG00000009890
homo_sapiens ENSG00000101654
gorilla_gorilla ENSGGOG00000005524
pongo_abelii ENSPPYG00000008979
nomascus_leucogenys ENSNLEG00000009222
rhinopithecus_roxellana ENSRROG00000040339
piliocolobus_tephrosceles ENSPTEG00000027903
theropithecus_gelada ENSTGEG00000008355
cercocebus_atys ENSCATG00000031622
macaca_mulatta ENSMMUG00000003485
chlorocebus_sabaeus ENSCSAG00000017487
macaca_fascicularis ENSMFAG00000042388
macaca_nemestrina ENSMNEG00000039385
papio_anubis ENSPANG00000010248
mandrillus_leucophaeus ENSMLEG00000035261
rhinopithecus_bieti ENSRBIG00000042520
colobus_angolensis_palliatus ENSCANG00000033574
saimiri_boliviensis_boliviensis ENSSBOG00000028188
callithrix_jacchus ENSCJAG00000041136
aotus_nancymaae ENSANAG00000031680
cebus_capucinus_imitator ENSCCAG00000027896
carlito_syrichta ENSTSYG00000008413
tupaia_belangeri ENSTBEG00000005594
tursiops_truncatus ENSTTRG00000016364
vicugna_pacos ENSVPAG00000008012
capra_hircus ENSCHIG00000000428
ovis_aries ENSOARG00000002195
bos_mutus ENSBMUG00000009611
bison_bison_bison ENSBBBG00000002980
bos_taurus ENSBTAG00000009142
sus_scrofa ENSSSCG00000025855
sorex_araneus ENSSARG00000007255
erinaceus_europaeus ENSEEUG00000007657
equus_caballus ENSECAG00000018523
equus_asinus_asinus ENSEASG00005001980
mustela_putorius_furo ENSMPUG00000004312
neovison_vison ENSNVIG00000007487
ursus_maritimus ENSUMAG00000024862
ursus_americanus ENSUAMG00000002542
ailuropoda_melanoleuca ENSAMEG00000017718
canis_lupus_dingo ENSCAFG00020022597
canis_lupus_familiaris ENSCAFG00000014973
canis_lupus_familiaris ENSCAFG00000000172
canis_lupus_dingo ENSCAFG00020021706
vulpes_vulpes ENSVVUG00000014550
panthera_tigris_altaica ENSPTIG00000006070
panthera_pardus ENSPPRG00000009157
felis_catus ENSFCAG00000018237
pteropus_vampyrus ENSPVAG00000006213
myotis_lucifugus ENSMLUG00000013513
loxodonta_africana ENSLAFG00000006349
echinops_telfairi ENSETEG00000015343
choloepus_hoffmanni ENSCHOG00000005313
dasypus_novemcinctus ENSDNOG00000007547
ornithorhynchus_anatinus ENSOANG00000008302
ornithorhynchus_anatinus ENSOANG00000028368
pogona_vitticeps ENSPVIG00000020380
anolis_carolinensis ENSACAG00000028611
notechis_scutatus ENSNSUG00000009403
salvator_merianae ENSSMRG00000003568
sphenodon_punctatus ENSSPUG00000012731
apteryx_haastii ENSAHAG00000014870
apteryx_owenii ENSAOWG00000011945
apteryx_rowi ENSARWG00000016691
dromaius_novaehollandiae ENSDNVG00000010067
nothoprocta_perdicaria ENSNPEG00000006927
taeniopygia_guttata ENSTGUG00000009450
taeniopygia_guttata ENSTGUG00000013961
lonchura_striata_domestica ENSLSDG00000013951
serinus_canaria ENSSCAG00000007883
junco_hyemalis ENSJHYG00000015660
zonotrichia_albicollis ENSZALG00000017239
ficedula_albicollis ENSFALG00000006486
cyanistes_caeruleus ENSCCEG00000003210
parus_major ENSPMJG00000014354
manacus_vitellinus ENSMVIG00005009037
manacus_vitellinus ENSMVIG00005008628
lepidothrix_coronata ENSLCOG00000015826
melopsittacus_undulatus ENSMUNG00000003534
calidris_pugnax ENSCPUG00000006623
calidris_pygmaea ENSCPGG00000003446
meleagris_gallopavo ENSMGAG00000008595
coturnix_japonica ENSCJPG00005007597
gallus_gallus ENSGALG00000013889
numida_meleagris ENSNMEG00000005696
anser_brachyrhynchus ENSABRG00000008000
anas_platyrhynchos_platyrhynchos ENSAPLG00000006690
crocodylus_porosus ENSCPRG00005007613
gopherus_agassizii ENSGAGG00000023821
chelonoidis_abingdonii ENSCABG00000016734
chrysemys_picta_bellii ENSCPBG00000028408
pelodiscus_sinensis ENSPSIG00000007297
xenopus_tropicalis ENSXETG00000014707
latimeria_chalumnae ENSLACG00000014527
ciona_intestinalis ENSCING00000000315
ciona_savignyi ENSCSAVG00000003633
caenorhabditis_elegans_strain_n2 WBGene00006447
bos_taurus ENSBTAG00000053069
drosophila_melanogaster FBgn0286027
saccharomyces_cerevisiae_strain_s288c YBR236C
