phascolarctos_cinereus ENSPCIG00000009700
notamacropus_eugenii ENSMEUG00000016646
sarcophilus_harrisii ENSSHAG00000004059
monodelphis_domestica ENSMODG00000025322
monodelphis_domestica ENSMODG00000022848
canis_lupus_familiaris ENSCAFG00000019185
canis_lupus_dingo ENSCAFG00020023190
vulpes_vulpes ENSVVUG00000029714
mustela_putorius_furo ENSMPUG00000019552
ailuropoda_melanoleuca ENSAMEG00000008933
ursus_americanus ENSUAMG00000027544
panthera_pardus ENSPPRG00000017457
panthera_tigris_altaica ENSPTIG00000009039
felis_catus ENSFCAG00000018938
tursiops_truncatus ENSTTRG00000004030
ovis_aries ENSOARG00000007734
pteropus_vampyrus ENSPVAG00000001122
myotis_lucifugus ENSMLUG00000027143
equus_caballus ENSECAG00000016012
equus_asinus_asinus ENSEASG00005019558
prolemur_simus ENSPSMG00000010030
propithecus_coquereli ENSPCOG00000022646
microcebus_murinus ENSMICG00000038278
otolemur_garnettii ENSOGAG00000033175
homo_sapiens ENSG00000183479
gorilla_gorilla ENSGGOG00000036312
pongo_abelii ENSPPYG00000020842
nomascus_leucogenys ENSNLEG00000013237
macaca_fascicularis ENSMFAG00000017594
callithrix_jacchus ENSCJAG00000011515
dipodomys_ordii ENSDORG00000023727
castor_canadensis ENSCCNG00000027197
cricetulus_griseus_crigri-picr ENSCGRG00015004114
cricetulus_griseus_chok1gs_hdv1 ENSCGRG00001012110
mesocricetus_auratus ENSMAUG00000006617
peromyscus_maniculatus_bairdii ENSPEMG00000004918
microtus_ochrogaster ENSMOCG00000001305
mus_spretus_strain_spret/eij MGP_SPRETEiJ_G0034304
mus_caroli_strain_caroli_eij MGP_CAROLIEiJ_G0033149
mus_musculus_strain_reference_cl57bl6 ENSMUSG00000031372
mus_spicilegus ENSMSIG00000019738
mus_pahari_strain_pahari_eij MGP_PahariEiJ_G0031692
rattus_norvegicus ENSRNOG00000056983
meriones_unguiculatus ENSMUGG00000008811
nannospalax_galili ENSNGAG00000022556
jaculus_jaculus ENSJJAG00000012484
urocitellus_parryii ENSUPAG00010012721
ictidomys_tridecemlineatus ENSSTOG00000027213
spermophilus_dauricus ENSSDAG00000001027
marmota_marmota_marmota ENSMMMG00000007872
heterocephalus_glaber_hetgla_female_1.0 ENSHGLG00000008010
heterocephalus_glaber_hetgla_1.0 ENSHGLG00100011918
fukomys_damarensis ENSFDAG00000014463
octodon_degus ENSODEG00000019142
chinchilla_lanigera ENSCLAG00000002698
cavia_aperea ENSCAPG00000004768
cavia_porcellus ENSCPOG00000025702
loxodonta_africana ENSLAFG00000025805
procavia_capensis ENSPCAG00000005411
dasypus_novemcinctus ENSDNOG00000030710
ornithorhynchus_anatinus ENSOANG00000000686
sphenodon_punctatus ENSSPUG00000012477
sphenodon_punctatus ENSSPUG00000012485
sphenodon_punctatus ENSSPUG00000012467
sphenodon_punctatus ENSSPUG00000012496
sphenodon_punctatus ENSSPUG00000015575
sphenodon_punctatus ENSSPUG00000012508
anolis_carolinensis ENSACAG00000012912
pogona_vitticeps ENSPVIG00000018304
notechis_scutatus ENSNSUG00000014889
salvator_merianae ENSSMRG00000015645
chrysemys_picta_bellii ENSCPBG00000008273
chelonoidis_abingdonii ENSCABG00000020699
pelodiscus_sinensis ENSPSIG00000006116
phascolarctos_cinereus ENSPCIG00000031790
notamacropus_eugenii ENSMEUG00000008203
monodelphis_domestica ENSMODG00000014359
ailuropoda_melanoleuca ENSAMEG00000018902
ursus_maritimus ENSUMAG00000000635
mustela_putorius_furo ENSMPUG00000019650
neovison_vison ENSNVIG00000023286
canis_lupus_dingo ENSCAFG00020020594
vulpes_vulpes ENSVVUG00000029738
panthera_pardus ENSPPRG00000014884
panthera_tigris_altaica ENSPTIG00000006601
felis_catus ENSFCAG00000018562
sus_scrofa ENSSSCG00000011358
equus_asinus_asinus ENSEASG00005009122
pan_troglodytes ENSPTRG00000033737
pan_paniscus ENSPPAG00000022909
homo_sapiens ENSG00000213689
gorilla_gorilla ENSGGOG00000006277
pongo_abelii ENSPPYG00000013903
macaca_mulatta ENSMMUG00000043955
theropithecus_gelada ENSTGEG00000008905
piliocolobus_tephrosceles ENSPTEG00000002923
callithrix_jacchus ENSCJAG00000037061
carlito_syrichta ENSTSYG00000007709
microcebus_murinus ENSMICG00000026587
otolemur_garnettii ENSOGAG00000032725
castor_canadensis ENSCCNG00000020312
dipodomys_ordii ENSDORG00000016464
cricetulus_griseus_crigri-picr ENSCGRG00015014742
cricetulus_griseus_crigri_1.0 ENSCGRG00000005660
cricetulus_griseus_chok1gs_hdv1 ENSCGRG00001009455
mesocricetus_auratus ENSMAUG00000014095
microtus_ochrogaster ENSMOCG00000011329
peromyscus_maniculatus_bairdii ENSPEMG00000012006
mus_caroli_strain_caroli_eij MGP_CAROLIEiJ_G0032713
mus_caroli_strain_caroli_eij MGP_CAROLIEiJ_G0032714
mus_spicilegus ENSMSIG00000002779
mus_musculus_strain_reference_cl57bl6 ENSMUSG00000049734
mus_spretus_strain_spret/eij MGP_SPRETEiJ_G0033858
mus_spretus_strain_spret/eij MGP_SPRETEiJ_G0033859
mus_pahari_strain_pahari_eij MGP_PahariEiJ_G0015581
mus_pahari_strain_pahari_eij MGP_PahariEiJ_G0015582
rattus_norvegicus ENSRNOG00000022540
meriones_unguiculatus ENSMUGG00000019013
nannospalax_galili ENSNGAG00000013292
chinchilla_lanigera ENSCLAG00000008862
cavia_porcellus ENSCPOG00000022306
fukomys_damarensis ENSFDAG00000009647
heterocephalus_glaber_hetgla_female_1.0 ENSHGLG00000012431
marmota_marmota_marmota ENSMMMG00000006436
spermophilus_dauricus ENSSDAG00000017327
ictidomys_tridecemlineatus ENSSTOG00000025551
dasypus_novemcinctus ENSDNOG00000024273
oryctolagus_cuniculus ENSOCUG00000024763
capra_hircus ENSCHIG00000008274
ovis_aries ENSOARG00000000153
bos_mutus ENSBMUG00000011950
bos_taurus ENSBTAG00000008406
bison_bison_bison ENSBBBG00000012921
ornithorhynchus_anatinus ENSOANG00000004301
pogona_vitticeps ENSPVIG00000019679
anolis_carolinensis ENSACAG00000008936
salvator_merianae ENSSMRG00000014842
latimeria_chalumnae ENSLACG00000000797
mola_mola ENSMMOG00000018979
tetraodon_nigroviridis ENSTNIG00000010399
gasterosteus_aculeatus ENSGACG00000007185
labrus_bergylta ENSLBEG00000019623
scophthalmus_maximus ENSSMAG00000004874
cynoglossus_semilaevis ENSCSEG00000001884
anabas_testudineus ENSATEG00000021547
mastacembelus_armatus ENSMAMG00000023073
xiphophorus_couchianus ENSXCOG00000000324
xiphophorus_maculatus ENSXMAG00000012944
gambusia_affinis ENSGAFG00000005467
poecilia_latipinna ENSPLAG00000006851
poecilia_reticulata ENSPREG00000013548
poecilia_mexicana ENSPMEG00000013108
poecilia_formosa ENSPFOG00000005517
fundulus_heteroclitus ENSFHEG00000018188
kryptolebias_marmoratus ENSKMAG00000015660
oryzias_latipes_asm223467v1 ENSORLG00000023958
oryzias_latipes_asm223471v1 ENSORLG00020021912
oryzias_latipes_asm223469v1 ENSORLG00015015303
amphiprion_ocellaris ENSAOCG00000011593
amphiprion_percula ENSAPEG00000012492
stegastes_partitus ENSSPAG00000012797
hippocampus_comes ENSHCOG00000008574
gadus_morhua ENSGMOG00000019335
danio_rerio ENSDARG00000093773
lepisosteus_oculatus ENSLOCG00000014934
poecilia_mexicana ENSPMEG00000013087
poecilia_formosa ENSPFOG00000021742
poecilia_reticulata ENSPREG00000013537
poecilia_mexicana ENSPMEG00000013096
poecilia_formosa ENSPFOG00000005521
xiphophorus_maculatus ENSXMAG00000021869
fundulus_heteroclitus ENSFHEG00000018181
cyprinodon_variegatus ENSCVAG00000001533
kryptolebias_marmoratus ENSKMAG00000015669
oryzias_latipes_asm223471v1 ENSORLG00020021903
oryzias_latipes_asm223467v1 ENSORLG00000030645
haplochromis_burtoni ENSHBUG00000007541
astatotilapia_calliptera ENSACLG00000023991
oreochromis_niloticus ENSONIG00000012794
monopterus_albus ENSMALG00000015952
mastacembelus_armatus ENSMAMG00000023075
anabas_testudineus ENSATEG00000021542
seriola_lalandi_dorsalis ENSSLDG00000002379
gadus_morhua ENSGMOG00000019565
paramormyrops_kingsleyae ENSPKIG00000011157
paramormyrops_kingsleyae ENSPKIG00000023552
lepisosteus_oculatus ENSLOCG00000014933
pygocentrus_nattereri ENSPNAG00000018956
danio_rerio ENSDARG00000092584
eptatretus_burgeri ENSEBUG00000006412
ciona_intestinalis ENSCING00000024367
drosophila_melanogaster FBgn0031484
caenorhabditis_elegans_strain_n2 WBGene00020949
