tetraodon_nigroviridis ENSTNIG00000003340
takifugu_rubripes ENSTRUG00000006589
cynoglossus_semilaevis ENSCSEG00000001836
seriola_dumerili ENSSDUG00000012007
seriola_lalandi_dorsalis ENSSLDG00000017315
scophthalmus_maximus ENSSMAG00000020488
anabas_testudineus ENSATEG00000002487
monopterus_albus ENSMALG00000009406
labrus_bergylta ENSLBEG00000011623
mola_mola ENSMMOG00000003808
cyprinodon_variegatus ENSCVAG00000013745
fundulus_heteroclitus ENSFHEG00000023083
poecilia_mexicana ENSPMEG00000013649
poecilia_latipinna ENSPLAG00000015967
poecilia_formosa ENSPFOG00000004893
poecilia_reticulata ENSPREG00000016759
gambusia_affinis ENSGAFG00000002592
xiphophorus_maculatus ENSXMAG00000017051
kryptolebias_marmoratus ENSKMAG00000020819
oryzias_latipes_asm223471v1 ENSORLG00020012417
oryzias_latipes_asm223469v1 ENSORLG00015020628
oryzias_latipes_asm223467v1 ENSORLG00000012554
oryzias_melastigma ENSOMEG00000004875
haplochromis_burtoni ENSHBUG00000006145
pundamilia_nyererei ENSPNYG00000010752
astatotilapia_calliptera ENSACLG00000003138
maylandia_zebra ENSMZEG00005012186
neolamprologus_brichardi ENSNBRG00000001977
oreochromis_niloticus ENSONIG00000005521
amphilophus_citrinellus ENSACIG00000012494
amphiprion_percula ENSAPEG00000020169
amphiprion_ocellaris ENSAOCG00000003302
acanthochromis_polyacanthus ENSAPOG00000010792
stegastes_partitus ENSSPAG00000017345
hippocampus_comes ENSHCOG00000011815
gasterosteus_aculeatus ENSGACG00000007060
gadus_morhua ENSGMOG00000009045
esox_lucius ENSELUG00000008754
pygocentrus_nattereri ENSPNAG00000014211
astyanax_mexicanus ENSAMXG00000030419
ictalurus_punctatus ENSIPUG00000015178
danio_rerio ENSDARG00000005942
scleropages_formosus ENSSFOG00015001602
paramormyrops_kingsleyae ENSPKIG00000024685
lepisosteus_oculatus ENSLOCG00000003230
latimeria_chalumnae ENSLACG00000008495
pogona_vitticeps ENSPVIG00000015537
anolis_carolinensis ENSACAG00000000779
notechis_scutatus ENSNSUG00000018586
salvator_merianae ENSSMRG00000002028
sphenodon_punctatus ENSSPUG00000015567
chrysemys_picta_bellii ENSCPBG00000018435
chrysemys_picta_bellii ENSCPBG00000018447
gopherus_agassizii ENSGAGG00000019279
chelonoidis_abingdonii ENSCABG00000002066
pelodiscus_sinensis ENSPSIG00000007102
phascolarctos_cinereus ENSPCIG00000000035
notamacropus_eugenii ENSMEUG00000004874
sarcophilus_harrisii ENSSHAG00000009677
monodelphis_domestica ENSMODG00000015766
ornithorhynchus_anatinus ENSOANG00000010029
ornithorhynchus_anatinus ENSOANG00000020845
mustela_putorius_furo ENSMPUG00000002788
ailuropoda_melanoleuca ENSAMEG00000002544
sus_scrofa ENSSSCG00000011724
equus_asinus_asinus ENSEASG00005022521
equus_caballus ENSECAG00000024575
prolemur_simus ENSPSMG00000002894
otolemur_garnettii ENSOGAG00000028827
carlito_syrichta ENSTSYG00000002100
mus_spicilegus ENSMSIG00000029810
mus_spretus_strain_spret/eij MGP_SPRETEiJ_G0025981
mus_musculus_strain_reference_cl57bl6 ENSMUSG00000027824
mus_caroli_strain_caroli_eij MGP_CAROLIEiJ_G0025040
mus_pahari_strain_pahari_eij MGP_PahariEiJ_G0026483
rattus_norvegicus ENSRNOG00000010268
meriones_unguiculatus ENSMUGG00000022633
cricetulus_griseus_chok1gs_hdv1 ENSCGRG00001023200
cricetulus_griseus_crigri-picr ENSCGRG00015022677
cricetulus_griseus_crigri_1.0 ENSCGRG00000002445
microtus_ochrogaster ENSMOCG00000016363
peromyscus_maniculatus_bairdii ENSPEMG00000000138
mus_spretus_strain_spret/eij MGP_SPRETEiJ_G0025982
mus_spretus_strain_spret/eij MGP_SPRETEiJ_G0025983
mus_caroli_strain_caroli_eij MGP_CAROLIEiJ_G0025039
mus_caroli_strain_caroli_eij MGP_CAROLIEiJ_G0025041
mus_spicilegus ENSMSIG00000029806
mus_musculus_strain_reference_cl57bl6 ENSMUSG00000043897
mus_pahari_strain_pahari_eij MGP_PahariEiJ_G0026484
mus_musculus_strain_reference_cl57bl6 ENSMUSG00000091967
mus_musculus_strain_reference_cl57bl6 ENSMUSG00000068999
mus_spicilegus ENSMSIG00000002950
rattus_norvegicus ENSRNOG00000028345
mus_musculus_strain_reference_cl57bl6 ENSMUSG00000092049
mus_spicilegus ENSMSIG00000031553
mus_musculus_strain_reference_cl57bl6 ENSMUSG00000062200
mus_musculus_strain_reference_cl57bl6 ENSMUSG00000090581
mus_spicilegus ENSMSIG00000031554
mus_spicilegus ENSMSIG00000029815
mus_musculus_strain_reference_cl57bl6 ENSMUSG00000091572
mus_spretus_strain_spret/eij MGP_SPRETEiJ_G0025979
mus_spretus_strain_spret/eij MGP_SPRETEiJ_G0025980
rattus_norvegicus ENSRNOG00000030104
meriones_unguiculatus ENSMUGG00000011148
meriones_unguiculatus ENSMUGG00000011144
cricetulus_griseus_chok1gs_hdv1 ENSCGRG00001017013
cricetulus_griseus_crigri_1.0 ENSCGRG00000001383
cricetulus_griseus_crigri-picr ENSCGRG00015022692
cricetulus_griseus_chok1gs_hdv1 ENSCGRG00001005615
cricetulus_griseus_crigri_1.0 ENSCGRG00000002878
cricetulus_griseus_crigri-picr ENSCGRG00015022722
microtus_ochrogaster ENSMOCG00000018463
peromyscus_maniculatus_bairdii ENSPEMG00000005018
castor_canadensis ENSCCNG00000023358
jaculus_jaculus ENSJJAG00000019470
jaculus_jaculus ENSJJAG00000022420
heterocephalus_glaber_hetgla_female_1.0 ENSHGLG00000019405
heterocephalus_glaber_hetgla_1.0 ENSHGLG00100016725
fukomys_damarensis ENSFDAG00000009868
octodon_degus ENSODEG00000005266
cavia_porcellus ENSCPOG00000011335
cavia_aperea ENSCAPG00000005753
chinchilla_lanigera ENSCLAG00000012602
dasypus_novemcinctus ENSDNOG00000019348
choloepus_hoffmanni ENSCHOG00000004714
loxodonta_africana ENSLAFG00000010095
tursiops_truncatus ENSTTRG00000014797
vicugna_pacos ENSVPAG00000008480
bison_bison_bison ENSBBBG00000001279
ovis_aries ENSOARG00000003089
pongo_abelii ENSPPYG00000014230
procavia_capensis ENSPCAG00000013036
oryctolagus_cuniculus ENSOCUG00000002317
oryctolagus_cuniculus ENSOCUG00000002314
ochotona_princeps ENSOPRG00000014849
erinaceus_europaeus ENSEEUG00000004893
urocitellus_parryii ENSUPAG00010007272
ictidomys_tridecemlineatus ENSSTOG00000011094
marmota_marmota_marmota ENSMMMG00000015856
spermophilus_dauricus ENSSDAG00000019974
dipodomys_ordii ENSDORG00000001855
dipodomys_ordii ENSDORG00000029512
xenopus_tropicalis ENSXETG00000027720
eptatretus_burgeri ENSEBUG00000001078
eptatretus_burgeri ENSEBUG00000015510
eptatretus_burgeri ENSEBUG00000010937
eptatretus_burgeri ENSEBUG00000016103
eptatretus_burgeri ENSEBUG00000011703
