ornithorhynchus_anatinus ENSOANG00000022727
eptatretus_burgeri ENSEBUG00000003669
sarcophilus_harrisii ENSSHAG00000015200
monodelphis_domestica ENSMODG00000000305
phascolarctos_cinereus ENSPCIG00000016448
canis_lupus_familiaris ENSCAFG00000028761
canis_lupus_dingo ENSCAFG00020001319
vulpes_vulpes ENSVVUG00000008189
canis_lupus_familiaris ENSCAFG00000031744
canis_lupus_familiaris ENSCAFG00000010935
vulpes_vulpes ENSVVUG00000008194
canis_lupus_dingo ENSCAFG00020010761
ailuropoda_melanoleuca ENSAMEG00000001925
mustela_putorius_furo ENSMPUG00000001301
sphenodon_punctatus ENSSPUG00000005571
sphenodon_punctatus ENSSPUG00000005553
sphenodon_punctatus ENSSPUG00000005564
sphenodon_punctatus ENSSPUG00000005576
pogona_vitticeps ENSPVIG00000006739
anolis_carolinensis ENSACAG00000011405
notechis_scutatus ENSNSUG00000007283
salvator_merianae ENSSMRG00000022414
manacus_vitellinus ENSMVIG00005018424
lepidothrix_coronata ENSLCOG00000003727
zonotrichia_albicollis ENSZALG00000007949
junco_hyemalis ENSJHYG00000018108
serinus_canaria ENSSCAG00000016341
lonchura_striata_domestica ENSLSDG00000015605
taeniopygia_guttata ENSTGUG00000010652
cyanistes_caeruleus ENSCCEG00000018566
parus_major ENSPMJG00000000140
ficedula_albicollis ENSFALG00000004137
melopsittacus_undulatus ENSMUNG00000002860
calidris_pugnax ENSCPUG00000006437
calidris_pygmaea ENSCPGG00000014598
gallus_gallus ENSGALG00000016716
coturnix_japonica ENSCJPG00005018265
meleagris_gallopavo ENSMGAG00000014750
numida_meleagris ENSNMEG00000015775
anas_platyrhynchos_platyrhynchos ENSAPLG00000005550
anser_brachyrhynchus ENSABRG00000017823
apteryx_owenii ENSAOWG00000009072
apteryx_rowi ENSARWG00000010359
dromaius_novaehollandiae ENSDNVG00000015915
nothoprocta_perdicaria ENSNPEG00000002743
meleagris_gallopavo ENSMGAG00000016807
apteryx_haastii ENSAHAG00000011844
crocodylus_porosus ENSCPRG00005007306
gopherus_agassizii ENSGAGG00000021612
chelonoidis_abingdonii ENSCABG00000000782
chrysemys_picta_bellii ENSCPBG00000007502
pelodiscus_sinensis ENSPSIG00000013311
xenopus_tropicalis ENSXETG00000004123
apteryx_haastii ENSAHAG00000000979
apteryx_haastii ENSAHAG00000000893
ornithorhynchus_anatinus ENSOANG00000012558
latimeria_chalumnae ENSLACG00000013160
scleropages_formosus ENSSFOG00015022107
paramormyrops_kingsleyae ENSPKIG00000004858
mastacembelus_armatus ENSMAMG00000018557
monopterus_albus ENSMALG00000002253
anabas_testudineus ENSATEG00000005688
scophthalmus_maximus ENSSMAG00000004066
cynoglossus_semilaevis ENSCSEG00000005143
seriola_dumerili ENSSDUG00000009995
seriola_lalandi_dorsalis ENSSLDG00000022678
takifugu_rubripes ENSTRUG00000013336
tetraodon_nigroviridis ENSTNIG00000002185
mola_mola ENSMMOG00000019744
labrus_bergylta ENSLBEG00000021331
xiphophorus_maculatus ENSXMAG00000001606
xiphophorus_couchianus ENSXCOG00000018577
gambusia_affinis ENSGAFG00000021165
poecilia_mexicana ENSPMEG00000013015
poecilia_formosa ENSPFOG00000013642
poecilia_latipinna ENSPLAG00000020000
poecilia_latipinna ENSPLAG00000018667
poecilia_reticulata ENSPREG00000005298
fundulus_heteroclitus ENSFHEG00000010131
cyprinodon_variegatus ENSCVAG00000023225
kryptolebias_marmoratus ENSKMAG00000004592
oryzias_latipes_asm223469v1 ENSORLG00015017562
oryzias_latipes_asm223471v1 ENSORLG00020014649
oryzias_melastigma ENSOMEG00000014755
astatotilapia_calliptera ENSACLG00000026079
maylandia_zebra ENSMZEG00005021539
haplochromis_burtoni ENSHBUG00000011157
pundamilia_nyererei ENSPNYG00000011072
neolamprologus_brichardi ENSNBRG00000000515
oreochromis_niloticus ENSONIG00000006835
amphiprion_percula ENSAPEG00000003299
amphiprion_ocellaris ENSAOCG00000018966
acanthochromis_polyacanthus ENSAPOG00000004181
stegastes_partitus ENSSPAG00000008220
amphilophus_citrinellus ENSACIG00000020403
oryzias_latipes_asm223467v1 ENSORLG00000010838
hippocampus_comes ENSHCOG00000014097
esox_lucius ENSELUG00000010838
pygocentrus_nattereri ENSPNAG00000019825
astyanax_mexicanus ENSAMXG00000002587
ictalurus_punctatus ENSIPUG00000023264
danio_rerio ENSDARG00000074225
lepisosteus_oculatus ENSLOCG00000002393
cynoglossus_semilaevis ENSCSEG00000003726
xenopus_tropicalis ENSXETG00000030654
nothoprocta_perdicaria ENSNPEG00000008172
eptatretus_burgeri ENSEBUG00000013701
pygocentrus_nattereri ENSPNAG00000026034
astyanax_mexicanus ENSAMXG00000005653
ictalurus_punctatus ENSIPUG00000000475
danio_rerio ENSDARG00000053668
mola_mola ENSMMOG00000009490
labrus_bergylta ENSLBEG00000014450
seriola_lalandi_dorsalis ENSSLDG00000024340
seriola_dumerili ENSSDUG00000011129
scophthalmus_maximus ENSSMAG00000010444
amphiprion_ocellaris ENSAOCG00000007550
amphiprion_percula ENSAPEG00000010301
acanthochromis_polyacanthus ENSAPOG00000010236
stegastes_partitus ENSSPAG00000015360
monopterus_albus ENSMALG00000009242
mastacembelus_armatus ENSMAMG00000013643
anabas_testudineus ENSATEG00000020143
cyprinodon_variegatus ENSCVAG00000021117
fundulus_heteroclitus ENSFHEG00000002044
poecilia_formosa ENSPFOG00000006751
poecilia_mexicana ENSPMEG00000008652
poecilia_latipinna ENSPLAG00000000029
poecilia_reticulata ENSPREG00000021071
xiphophorus_maculatus ENSXMAG00000006723
gambusia_affinis ENSGAFG00000002596
kryptolebias_marmoratus ENSKMAG00000016457
oryzias_latipes_asm223469v1 ENSORLG00015008368
oryzias_latipes_asm223471v1 ENSORLG00020004572
oryzias_latipes_asm223467v1 ENSORLG00000008178
oryzias_melastigma ENSOMEG00000013684
pundamilia_nyererei ENSPNYG00000000136
maylandia_zebra ENSMZEG00005007410
astatotilapia_calliptera ENSACLG00000024953
haplochromis_burtoni ENSHBUG00000002830
neolamprologus_brichardi ENSNBRG00000019543
oreochromis_niloticus ENSONIG00000017546
amphilophus_citrinellus ENSACIG00000014928
hippocampus_comes ENSHCOG00000003826
cynoglossus_semilaevis ENSCSEG00000019895
takifugu_rubripes ENSTRUG00000004601
tetraodon_nigroviridis ENSTNIG00000015785
gasterosteus_aculeatus ENSGACG00000018514
periophthalmus_magnuspinnatus ENSPMGG00000000318
gadus_morhua ENSGMOG00000003196
esox_lucius ENSELUG00000005041
paramormyrops_kingsleyae ENSPKIG00000021849
scleropages_formosus ENSSFOG00015009962
monopterus_albus ENSMALG00000019958
mastacembelus_armatus ENSMAMG00000012891
anabas_testudineus ENSATEG00000012967
seriola_lalandi_dorsalis ENSSLDG00000015743
seriola_dumerili ENSSDUG00000012920
scophthalmus_maximus ENSSMAG00000016615
gasterosteus_aculeatus ENSGACG00000020366
labrus_bergylta ENSLBEG00000003183
takifugu_rubripes ENSTRUG00000014972
tetraodon_nigroviridis ENSTNIG00000011795
mola_mola ENSMMOG00000016305
amphiprion_ocellaris ENSAOCG00000012888
amphiprion_percula ENSAPEG00000005224
acanthochromis_polyacanthus ENSAPOG00000003575
stegastes_partitus ENSSPAG00000000163
astatotilapia_calliptera ENSACLG00000011838
maylandia_zebra ENSMZEG00005015803
haplochromis_burtoni ENSHBUG00000003607
pundamilia_nyererei ENSPNYG00000020003
neolamprologus_brichardi ENSNBRG00000017994
oreochromis_niloticus ENSONIG00000004356
amphilophus_citrinellus ENSACIG00000014945
poecilia_formosa ENSPFOG00000019554
poecilia_mexicana ENSPMEG00000003039
poecilia_latipinna ENSPLAG00000005842
poecilia_reticulata ENSPREG00000021695
xiphophorus_maculatus ENSXMAG00000011653
xiphophorus_couchianus ENSXCOG00000006294
gambusia_affinis ENSGAFG00000006027
fundulus_heteroclitus ENSFHEG00000001617
cyprinodon_variegatus ENSCVAG00000021614
kryptolebias_marmoratus ENSKMAG00000012485
oryzias_latipes_asm223467v1 ENSORLG00000008799
oryzias_latipes_asm223471v1 ENSORLG00020002053
oryzias_latipes_asm223469v1 ENSORLG00015006539
oryzias_melastigma ENSOMEG00000004103
cynoglossus_semilaevis ENSCSEG00000019962
cynoglossus_semilaevis ENSCSEG00000019978
esox_lucius ENSELUG00000007837
xiphophorus_couchianus ENSXCOG00000011176
seriola_lalandi_dorsalis ENSSLDG00000003769
pygocentrus_nattereri ENSPNAG00000021817
pygocentrus_nattereri ENSPNAG00000021835
astyanax_mexicanus ENSAMXG00000007550
ictalurus_punctatus ENSIPUG00000015704
danio_rerio ENSDARG00000011783
scleropages_formosus ENSSFOG00015004879
lepisosteus_oculatus ENSLOCG00000014565
parus_major ENSPMJG00000011393
cyanistes_caeruleus ENSCCEG00000021044
ficedula_albicollis ENSFALG00000001510
taeniopygia_guttata ENSTGUG00000003722
taeniopygia_guttata ENSTGUG00000013893
lonchura_striata_domestica ENSLSDG00000004044
zonotrichia_albicollis ENSZALG00000018248
junco_hyemalis ENSJHYG00000013457
serinus_canaria ENSSCAG00000016873
lepidothrix_coronata ENSLCOG00000015759
manacus_vitellinus ENSMVIG00005005755
melopsittacus_undulatus ENSMUNG00000013824
calidris_pygmaea ENSCPGG00000007286
calidris_pugnax ENSCPUG00000001967
anser_brachyrhynchus ENSABRG00000006557
anas_platyrhynchos_platyrhynchos ENSAPLG00000011118
gallus_gallus ENSGALG00000008482
coturnix_japonica ENSCJPG00005018779
meleagris_gallopavo ENSMGAG00000007209
numida_meleagris ENSNMEG00000000245
apteryx_owenii ENSAOWG00000009291
apteryx_haastii ENSAHAG00000012146
apteryx_rowi ENSARWG00000007348
dromaius_novaehollandiae ENSDNVG00000010201
nothoprocta_perdicaria ENSNPEG00000006585
crocodylus_porosus ENSCPRG00005004166
chelonoidis_abingdonii ENSCABG00000014299
gopherus_agassizii ENSGAGG00000017606
chrysemys_picta_bellii ENSCPBG00000014354
pelodiscus_sinensis ENSPSIG00000014503
notechis_scutatus ENSNSUG00000003118
anolis_carolinensis ENSACAG00000011541
pogona_vitticeps ENSPVIG00000024564
salvator_merianae ENSSMRG00000013274
sphenodon_punctatus ENSSPUG00000012827
phascolarctos_cinereus ENSPCIG00000004587
notamacropus_eugenii ENSMEUG00000011219
sarcophilus_harrisii ENSSHAG00000016662
monodelphis_domestica ENSMODG00000014957
castor_canadensis ENSCCNG00000027701
dipodomys_ordii ENSDORG00000003109
mus_spicilegus ENSMSIG00000027910
mus_spretus_strain_spret/eij MGP_SPRETEiJ_G0034183
mus_musculus_strain_reference_cl57bl6 ENSMUSG00000025862
mus_caroli_strain_caroli_eij MGP_CAROLIEiJ_G0033025
mus_pahari_strain_pahari_eij MGP_PahariEiJ_G0031571
rattus_norvegicus ENSRNOG00000029885
meriones_unguiculatus ENSMUGG00000004799
peromyscus_maniculatus_bairdii ENSPEMG00000004299
microtus_ochrogaster ENSMOCG00000004951
cricetulus_griseus_crigri-picr ENSCGRG00015014439
cricetulus_griseus_chok1gs_hdv1 ENSCGRG00001008159
cricetulus_griseus_crigri_1.0 ENSCGRG00000005848
mesocricetus_auratus ENSMAUG00000011328
nannospalax_galili ENSNGAG00000002829
jaculus_jaculus ENSJJAG00000020364
chinchilla_lanigera ENSCLAG00000001514
octodon_degus ENSODEG00000002646
cavia_porcellus ENSCPOG00000039493
heterocephalus_glaber_hetgla_1.0 ENSHGLG00100005878
heterocephalus_glaber_hetgla_female_1.0 ENSHGLG00000002804
fukomys_damarensis ENSFDAG00000012275
spermophilus_dauricus ENSSDAG00000013260
marmota_marmota_marmota ENSMMMG00000005858
ictidomys_tridecemlineatus ENSSTOG00000008577
urocitellus_parryii ENSUPAG00010006657
tupaia_belangeri ENSTBEG00000015235
oryctolagus_cuniculus ENSOCUG00000009879
pan_paniscus ENSPPAG00000039185
pan_troglodytes ENSPTRG00000022248
homo_sapiens ENSG00000101972
gorilla_gorilla ENSGGOG00000004109
pongo_abelii ENSPPYG00000020697
nomascus_leucogenys ENSNLEG00000015067
piliocolobus_tephrosceles ENSPTEG00000022966
colobus_angolensis_palliatus ENSCANG00000004918
rhinopithecus_roxellana ENSRROG00000035917
macaca_fascicularis ENSMFAG00000030658
macaca_mulatta ENSMMUG00000043585
macaca_nemestrina ENSMNEG00000033817
cercocebus_atys ENSCATG00000027639
theropithecus_gelada ENSTGEG00000021779
papio_anubis ENSPANG00000013929
mandrillus_leucophaeus ENSMLEG00000035654
chlorocebus_sabaeus ENSCSAG00000018330
saimiri_boliviensis_boliviensis ENSSBOG00000030175
cebus_capucinus_imitator ENSCCAG00000012376
callithrix_jacchus ENSCJAG00000020559
aotus_nancymaae ENSANAG00000031862
carlito_syrichta ENSTSYG00000014770
prolemur_simus ENSPSMG00000010291
microcebus_murinus ENSMICG00000033289
propithecus_coquereli ENSPCOG00000021674
otolemur_garnettii ENSOGAG00000013026
bos_taurus ENSBTAG00000009121
bos_mutus ENSBMUG00000023045
ovis_aries ENSOARG00000013895
capra_hircus ENSCHIG00000025431
tursiops_truncatus ENSTTRG00000001990
sus_scrofa ENSSSCG00000012642
vicugna_pacos ENSVPAG00000009237
equus_caballus ENSECAG00000020917
equus_asinus_asinus ENSEASG00005004031
ursus_americanus ENSUAMG00000026494
ursus_maritimus ENSUMAG00000024496
ailuropoda_melanoleuca ENSAMEG00000015732
neovison_vison ENSNVIG00000023062
mustela_putorius_furo ENSMPUG00000001349
canis_lupus_dingo ENSCAFG00020002176
canis_lupus_familiaris ENSCAFG00000018587
vulpes_vulpes ENSVVUG00000028863
panthera_pardus ENSPPRG00000022944
panthera_tigris_altaica ENSPTIG00000013114
felis_catus ENSFCAG00000027633
myotis_lucifugus ENSMLUG00000009349
pteropus_vampyrus ENSPVAG00000015394
sorex_araneus ENSSARG00000007370
erinaceus_europaeus ENSEEUG00000007418
dasypus_novemcinctus ENSDNOG00000002558
loxodonta_africana ENSLAFG00000006860
procavia_capensis ENSPCAG00000009022
echinops_telfairi ENSETEG00000020072
ornithorhynchus_anatinus ENSOANG00000004050
chrysemys_picta_bellii ENSCPBG00000010072
xenopus_tropicalis ENSXETG00000032924
latimeria_chalumnae ENSLACG00000016023
petromyzon_marinus ENSPMAG00000007572
eptatretus_burgeri ENSEBUG00000012528
danio_rerio ENSDARG00000061205
pygocentrus_nattereri ENSPNAG00000002196
pygocentrus_nattereri ENSPNAG00000028857
astyanax_mexicanus ENSAMXG00000003373
ictalurus_punctatus ENSIPUG00000009484
danio_rerio ENSDARG00000062137
labrus_bergylta ENSLBEG00000028183
gasterosteus_aculeatus ENSGACG00000010839
mola_mola ENSMMOG00000011877
seriola_dumerili ENSSDUG00000011493
seriola_lalandi_dorsalis ENSSLDG00000023877
scophthalmus_maximus ENSSMAG00000015169
mastacembelus_armatus ENSMAMG00000001572
monopterus_albus ENSMALG00000010995
anabas_testudineus ENSATEG00000006688
amphiprion_percula ENSAPEG00000012085
amphiprion_ocellaris ENSAOCG00000019427
acanthochromis_polyacanthus ENSAPOG00000010332
stegastes_partitus ENSSPAG00000002534
xiphophorus_maculatus ENSXMAG00000009241
xiphophorus_couchianus ENSXCOG00000014214
gambusia_affinis ENSGAFG00000018815
poecilia_formosa ENSPFOG00000012776
poecilia_latipinna ENSPLAG00000000181
poecilia_mexicana ENSPMEG00000011816
poecilia_reticulata ENSPREG00000011651
fundulus_heteroclitus ENSFHEG00000017695
cyprinodon_variegatus ENSCVAG00000019455
kryptolebias_marmoratus ENSKMAG00000002658
maylandia_zebra ENSMZEG00005012741
pundamilia_nyererei ENSPNYG00000006642
astatotilapia_calliptera ENSACLG00000005739
haplochromis_burtoni ENSHBUG00000014711
neolamprologus_brichardi ENSNBRG00000009191
oreochromis_niloticus ENSONIG00000000780
amphilophus_citrinellus ENSACIG00000005560
takifugu_rubripes ENSTRUG00000013563
tetraodon_nigroviridis ENSTNIG00000006672
cynoglossus_semilaevis ENSCSEG00000003450
periophthalmus_magnuspinnatus ENSPMGG00000021531
oryzias_latipes_asm223467v1 ENSORLG00000012127
oryzias_latipes_asm223469v1 ENSORLG00015017458
oryzias_latipes_asm223471v1 ENSORLG00020000588
oryzias_melastigma ENSOMEG00000016126
hippocampus_comes ENSHCOG00000015034
gadus_morhua ENSGMOG00000012908
esox_lucius ENSELUG00000007397
scleropages_formosus ENSSFOG00015006832
scleropages_formosus ENSSFOG00015009648
paramormyrops_kingsleyae ENSPKIG00000021392
lepisosteus_oculatus ENSLOCG00000007568
latimeria_chalumnae ENSLACG00000009916
phascolarctos_cinereus ENSPCIG00000031431
phascolarctos_cinereus ENSPCIG00000030426
notamacropus_eugenii ENSMEUG00000001303
sarcophilus_harrisii ENSSHAG00000002121
monodelphis_domestica ENSMODG00000018537
ornithorhynchus_anatinus ENSOANG00000004382
loxodonta_africana ENSLAFG00000018339
procavia_capensis ENSPCAG00000016522
echinops_telfairi ENSETEG00000012948
choloepus_hoffmanni ENSCHOG00000002665
dasypus_novemcinctus ENSDNOG00000005851
rhinopithecus_roxellana ENSRROG00000034282
rhinopithecus_bieti ENSRBIG00000008665
pan_troglodytes ENSPTRG00000015432
callithrix_jacchus ENSCJAG00000002501
carlito_syrichta ENSTSYG00000011741
cricetulus_griseus_chok1gs_hdv1 ENSCGRG00001010804
cricetulus_griseus_crigri-picr ENSCGRG00015005842
cricetulus_griseus_crigri_1.0 ENSCGRG00000001635
mesocricetus_auratus ENSMAUG00000008563
microtus_ochrogaster ENSMOCG00000021573
peromyscus_maniculatus_bairdii ENSPEMG00000000445
mus_spicilegus ENSMSIG00000013975
mus_spretus_strain_spret/eij MGP_SPRETEiJ_G0033717
mus_musculus_strain_reference_cl57bl6 ENSMUSG00000037286
mus_caroli_strain_caroli_eij MGP_CAROLIEiJ_G0032572
mus_pahari_strain_pahari_eij MGP_PahariEiJ_G0015441
rattus_norvegicus ENSRNOG00000015389
octodon_degus ENSODEG00000018169
heterocephalus_glaber_hetgla_1.0 ENSHGLG00100006537
heterocephalus_glaber_hetgla_female_1.0 ENSHGLG00000017288
vicugna_pacos ENSVPAG00000000110
ursus_americanus ENSUAMG00000005753
sus_scrofa ENSSSCG00000011652
bison_bison_bison ENSBBBG00000003488
tursiops_truncatus ENSTTRG00000010430
ailuropoda_melanoleuca ENSAMEG00000006290
marmota_marmota_marmota ENSMMMG00000018238
spermophilus_dauricus ENSSDAG00000023856
oryctolagus_cuniculus ENSOCUG00000012746
prolemur_simus ENSPSMG00000019652
aotus_nancymaae ENSANAG00000026680
pteropus_vampyrus ENSPVAG00000000079
erinaceus_europaeus ENSEEUG00000000610
ursus_maritimus ENSUMAG00000015086
equus_asinus_asinus ENSEASG00005003822
castor_canadensis ENSCCNG00000004858
urocitellus_parryii ENSUPAG00010018669
chinchilla_lanigera ENSCLAG00000003744
fukomys_damarensis ENSFDAG00000003797
dipodomys_ordii ENSDORG00000006591
ochotona_princeps ENSOPRG00000001391
tupaia_belangeri ENSTBEG00000002118
cercocebus_atys ENSCATG00000035972
papio_anubis ENSPANG00000026393
piliocolobus_tephrosceles ENSPTEG00000002264
gorilla_gorilla ENSGGOG00000039787
canis_lupus_familiaris ENSCAFG00000007380
canis_lupus_dingo ENSCAFG00020002071
neovison_vison ENSNVIG00000017090
panthera_pardus ENSPPRG00000000098
panthera_pardus ENSPPRG00000002338
panthera_tigris_altaica ENSPTIG00000009453
panthera_tigris_altaica ENSPTIG00000006554
sorex_araneus ENSSARG00000008886
bos_mutus ENSBMUG00000003853
equus_caballus ENSECAG00000023374
otolemur_garnettii ENSOGAG00000006823
propithecus_coquereli ENSPCOG00000028538
pan_paniscus ENSPPAG00000036185
homo_sapiens ENSG00000118007
nomascus_leucogenys ENSNLEG00000004010
macaca_nemestrina ENSMNEG00000030121
macaca_mulatta ENSMMUG00000003263
macaca_fascicularis ENSMFAG00000033986
chlorocebus_sabaeus ENSCSAG00000010894
cebus_capucinus_imitator ENSCCAG00000037750
cavia_porcellus ENSCPOG00000013210
cavia_aperea ENSCAPG00000001089
ictidomys_tridecemlineatus ENSSTOG00000013942
vulpes_vulpes ENSVVUG00000005951
mandrillus_leucophaeus ENSMLEG00000030494
ovis_aries ENSOARG00000007863
capra_hircus ENSCHIG00000014075
mustela_putorius_furo ENSMPUG00000009337
myotis_lucifugus ENSMLUG00000010466
colobus_angolensis_palliatus ENSCANG00000030982
theropithecus_gelada ENSTGEG00000012260
saimiri_boliviensis_boliviensis ENSSBOG00000025180
nannospalax_galili ENSNGAG00000001207
jaculus_jaculus ENSJJAG00000012222
ornithorhynchus_anatinus ENSOANG00000001677
taeniopygia_guttata ENSTGUG00000016227
melopsittacus_undulatus ENSMUNG00000015588
gallus_gallus ENSGALG00000047235
gallus_gallus ENSGALG00000035116
meleagris_gallopavo ENSMGAG00000001938
coturnix_japonica ENSCJPG00005016872
numida_meleagris ENSNMEG00000018870
anas_platyrhynchos_platyrhynchos ENSAPLG00000016390
manacus_vitellinus ENSMVIG00005007328
lepidothrix_coronata ENSLCOG00000008705
ficedula_albicollis ENSFALG00000013483
cyanistes_caeruleus ENSCCEG00000020244
parus_major ENSPMJG00000017079
zonotrichia_albicollis ENSZALG00000010739
junco_hyemalis ENSJHYG00000016845
serinus_canaria ENSSCAG00000004142
lonchura_striata_domestica ENSLSDG00000011560
taeniopygia_guttata ENSTGUG00000007143
nothoprocta_perdicaria ENSNPEG00000016249
dromaius_novaehollandiae ENSDNVG00000008055
melopsittacus_undulatus ENSMUNG00000003447
apteryx_owenii ENSAOWG00000018002
apteryx_haastii ENSAHAG00000001158
apteryx_rowi ENSARWG00000008491
anser_brachyrhynchus ENSABRG00000021895
calidris_pygmaea ENSCPGG00000009728
calidris_pugnax ENSCPUG00000010469
crocodylus_porosus ENSCPRG00005008460
chelonoidis_abingdonii ENSCABG00000013560
gopherus_agassizii ENSGAGG00000019816
chrysemys_picta_bellii ENSCPBG00000024413
pelodiscus_sinensis ENSPSIG00000011070
pogona_vitticeps ENSPVIG00000021761
anolis_carolinensis ENSACAG00000007355
notechis_scutatus ENSNSUG00000013039
salvator_merianae ENSSMRG00000022083
sphenodon_punctatus ENSSPUG00000016994
microcebus_murinus ENSMICG00000049244
microcebus_murinus ENSMICG00000049098
felis_catus ENSFCAG00000044323
felis_catus ENSFCAG00000023047
bos_taurus ENSBTAG00000035437
bos_taurus ENSBTAG00000054797
microtus_ochrogaster ENSMOCG00000020975
xenopus_tropicalis ENSXETG00000014393
xenopus_tropicalis ENSXETG00000004001
jaculus_jaculus ENSJJAG00000010951
meriones_unguiculatus ENSMUGG00000008476
petromyzon_marinus ENSPMAG00000004576
petromyzon_marinus ENSPMAG00000002199
ornithorhynchus_anatinus ENSOANG00000031553
dromaius_novaehollandiae ENSDNVG00000010528
macaca_mulatta ENSMMUG00000018405
macaca_fascicularis ENSMFAG00000036085
macaca_nemestrina ENSMNEG00000042600
theropithecus_gelada ENSTGEG00000011028
cercocebus_atys ENSCATG00000035847
mandrillus_leucophaeus ENSMLEG00000033224
papio_anubis ENSPANG00000026305
chlorocebus_sabaeus ENSCSAG00000017886
piliocolobus_tephrosceles ENSPTEG00000025460
colobus_angolensis_palliatus ENSCANG00000029414
rhinopithecus_bieti ENSRBIG00000044010
rhinopithecus_roxellana ENSRROG00000042631
pan_troglodytes ENSPTRG00000019480
pan_paniscus ENSPPAG00000017377
homo_sapiens ENSG00000066923
gorilla_gorilla ENSGGOG00000016923
pongo_abelii ENSPPYG00000017407
nomascus_leucogenys ENSNLEG00000011569
cebus_capucinus_imitator ENSCCAG00000020431
saimiri_boliviensis_boliviensis ENSSBOG00000027085
callithrix_jacchus ENSCJAG00000015392
aotus_nancymaae ENSANAG00000027937
carlito_syrichta ENSTSYG00000006171
propithecus_coquereli ENSPCOG00000023625
prolemur_simus ENSPSMG00000001388
microcebus_murinus ENSMICG00000010896
otolemur_garnettii ENSOGAG00000016537
tupaia_belangeri ENSTBEG00000014115
chinchilla_lanigera ENSCLAG00000004018
octodon_degus ENSODEG00000017407
cavia_porcellus ENSCPOG00000013372
heterocephalus_glaber_hetgla_female_1.0 ENSHGLG00000005648
heterocephalus_glaber_hetgla_1.0 ENSHGLG00100014972
fukomys_damarensis ENSFDAG00000006182
urocitellus_parryii ENSUPAG00010018041
ictidomys_tridecemlineatus ENSSTOG00000011571
spermophilus_dauricus ENSSDAG00000021625
marmota_marmota_marmota ENSMMMG00000012432
castor_canadensis ENSCCNG00000008483
dipodomys_ordii ENSDORG00000015349
mus_spretus_strain_spret/eij MGP_SPRETEiJ_G0028918
mus_spicilegus ENSMSIG00000003350
mus_musculus_strain_reference_cl57bl6 ENSMUSG00000036928
mus_caroli_strain_caroli_eij MGP_CAROLIEiJ_G0027914
mus_pahari_strain_pahari_eij MGP_PahariEiJ_G0024489
rattus_norvegicus ENSRNOG00000001360
meriones_unguiculatus ENSMUGG00000015517
peromyscus_maniculatus_bairdii ENSPEMG00000001610
microtus_ochrogaster ENSMOCG00000019563
mesocricetus_auratus ENSMAUG00000001028
mesocricetus_auratus ENSMAUG00000016137
cricetulus_griseus_crigri-picr ENSCGRG00015022546
cricetulus_griseus_crigri_1.0 ENSCGRG00000002753
cricetulus_griseus_chok1gs_hdv1 ENSCGRG00001013285
nannospalax_galili ENSNGAG00000022380
jaculus_jaculus ENSJJAG00000020500
oryctolagus_cuniculus ENSOCUG00000013531
ochotona_princeps ENSOPRG00000003560
pteropus_vampyrus ENSPVAG00000011992
myotis_lucifugus ENSMLUG00000017433
equus_asinus_asinus ENSEASG00005017210
equus_caballus ENSECAG00000012736
capra_hircus ENSCHIG00000022562
ovis_aries ENSOARG00000017216
bos_taurus ENSBTAG00000010496
bos_mutus ENSBMUG00000023966
bison_bison_bison ENSBBBG00000023339
tursiops_truncatus ENSTTRG00000008845
sus_scrofa ENSSSCG00000007650
vicugna_pacos ENSVPAG00000006889
sorex_araneus ENSSARG00000004297
ursus_americanus ENSUAMG00000007776
ursus_maritimus ENSUMAG00000010678
ailuropoda_melanoleuca ENSAMEG00000015079
mustela_putorius_furo ENSMPUG00000015668
neovison_vison ENSNVIG00000000537
canis_lupus_familiaris ENSCAFG00000014526
canis_lupus_dingo ENSCAFG00020014060
vulpes_vulpes ENSVVUG00000023385
panthera_tigris_altaica ENSPTIG00000017542
panthera_pardus ENSPPRG00000011185
felis_catus ENSFCAG00000010798
loxodonta_africana ENSLAFG00000014010
procavia_capensis ENSPCAG00000008216
echinops_telfairi ENSETEG00000017940
dasypus_novemcinctus ENSDNOG00000010564
choloepus_hoffmanni ENSCHOG00000007684
phascolarctos_cinereus ENSPCIG00000031260
notamacropus_eugenii ENSMEUG00000002263
sarcophilus_harrisii ENSSHAG00000010619
monodelphis_domestica ENSMODG00000004440
ornithorhynchus_anatinus ENSOANG00000007542
gopherus_agassizii ENSGAGG00000007059
gopherus_agassizii ENSGAGG00000007048
chelonoidis_abingdonii ENSCABG00000021749
chrysemys_picta_bellii ENSCPBG00000002294
pelodiscus_sinensis ENSPSIG00000011221
apteryx_owenii ENSAOWG00000002495
apteryx_owenii ENSAOWG00000002487
apteryx_rowi ENSARWG00000007328
apteryx_rowi ENSARWG00000007327
pogona_vitticeps ENSPVIG00000001633
anolis_carolinensis ENSACAG00000011906
notechis_scutatus ENSNSUG00000004745
salvator_merianae ENSSMRG00000019829
pan_troglodytes ENSPTRG00000045409
pan_troglodytes ENSPTRG00000050810
pan_paniscus ENSPPAG00000032739
calidris_pygmaea ENSCPGG00000011251
gadus_morhua ENSGMOG00000018792
paramormyrops_kingsleyae ENSPKIG00000008027
gadus_morhua ENSGMOG00000012894
gadus_morhua ENSGMOG00000012900
monopterus_albus ENSMALG00000018398
monopterus_albus ENSMALG00000018413
cyprinodon_variegatus ENSCVAG00000001715
cyprinodon_variegatus ENSCVAG00000001717
kryptolebias_marmoratus ENSKMAG00000018881
kryptolebias_marmoratus ENSKMAG00000018900
oryzias_melastigma ENSOMEG00000016392
pundamilia_nyererei ENSPNYG00000007513
pundamilia_nyererei ENSPNYG00000007495
acanthochromis_polyacanthus ENSAPOG00000009795
scophthalmus_maximus ENSSMAG00000011010
scophthalmus_maximus ENSSMAG00000011000
stegastes_partitus ENSSPAG00000003046
stegastes_partitus ENSSPAG00000003027
amphiprion_ocellaris ENSAOCG00000019337
amphiprion_ocellaris ENSAOCG00000019313
amphiprion_percula ENSAPEG00000003475
neolamprologus_brichardi ENSNBRG00000024381
labrus_bergylta ENSLBEG00000015660
labrus_bergylta ENSLBEG00000014292
poecilia_formosa ENSPFOG00000001981
poecilia_mexicana ENSPMEG00000004253
poecilia_latipinna ENSPLAG00000006201
gambusia_affinis ENSGAFG00000003084
fundulus_heteroclitus ENSFHEG00000015136
oryzias_latipes_asm223469v1 ENSORLG00015015040
oryzias_latipes_asm223467v1 ENSORLG00000000491
oryzias_melastigma ENSOMEG00000012446
maylandia_zebra ENSMZEG00005009357
astatotilapia_calliptera ENSACLG00000003974
haplochromis_burtoni ENSHBUG00000007105
oreochromis_niloticus ENSONIG00000002350
seriola_dumerili ENSSDUG00000003250
takifugu_rubripes ENSTRUG00000014625
xiphophorus_maculatus ENSXMAG00000025123
xiphophorus_couchianus ENSXCOG00000000893
poecilia_reticulata ENSPREG00000014094
amphilophus_citrinellus ENSACIG00000003487
anabas_testudineus ENSATEG00000002040
seriola_lalandi_dorsalis ENSSLDG00000024342
mastacembelus_armatus ENSMAMG00000018779
mola_mola ENSMMOG00000004066
oryzias_melastigma ENSOMEG00000016406
periophthalmus_magnuspinnatus ENSPMGG00000020154
cynoglossus_semilaevis ENSCSEG00000003246
esox_lucius ENSELUG00000024540
astyanax_mexicanus ENSAMXG00000009739
pygocentrus_nattereri ENSPNAG00000012388
ictalurus_punctatus ENSIPUG00000000431
danio_rerio ENSDARG00000104388
scleropages_formosus ENSSFOG00015000645
paramormyrops_kingsleyae ENSPKIG00000002614
lepisosteus_oculatus ENSLOCG00000013098
hippocampus_comes ENSHCOG00000007186
ornithorhynchus_anatinus ENSOANG00000030378
gasterosteus_aculeatus ENSGACG00000002007
gasterosteus_aculeatus ENSGACG00000002009
hippocampus_comes ENSHCOG00000014109
eptatretus_burgeri ENSEBUG00000011733
cyanistes_caeruleus ENSCCEG00000014278
lonchura_striata_domestica ENSLSDG00000012903
pongo_abelii ENSPPYG00000018250
hippocampus_comes ENSHCOG00000007198
ciona_intestinalis ENSCING00000003096
ciona_savignyi ENSCSAVG00000002890
drosophila_melanogaster FBgn0020616
drosophila_melanogaster FBgn0043865
caenorhabditis_elegans_strain_n2 WBGene00004738
saccharomyces_cerevisiae_strain_s288c YIL026C
