equus_asinus_asinus ENSEASG00005001452
octodon_degus ENSODEG00000019237
paramormyrops_kingsleyae ENSPKIG00000005769
scleropages_formosus ENSSFOG00015003963
anabas_testudineus ENSATEG00000005653
mastacembelus_armatus ENSMAMG00000009718
haplochromis_burtoni ENSHBUG00000003391
neolamprologus_brichardi ENSNBRG00000007593
amphilophus_citrinellus ENSACIG00000008878
oryzias_latipes_asm223467v1 ENSORLG00000004236
oryzias_latipes_asm223469v1 ENSORLG00015007375
oryzias_latipes_asm223471v1 ENSORLG00020004341
oryzias_melastigma ENSOMEG00000020351
mola_mola ENSMMOG00000021481
scophthalmus_maximus ENSSMAG00000019399
hippocampus_comes ENSHCOG00000011470
periophthalmus_magnuspinnatus ENSPMGG00000012596
gadus_morhua ENSGMOG00000019656
esox_lucius ENSELUG00000013473
astyanax_mexicanus ENSAMXG00000008377
lepisosteus_oculatus ENSLOCG00000012427
xenopus_tropicalis ENSXETG00000021624
castor_canadensis ENSCCNG00000022847
cavia_porcellus ENSCPOG00000031435
equus_asinus_asinus ENSEASG00005002196
macaca_fascicularis ENSMFAG00000036682
macaca_nemestrina ENSMNEG00000042040
rhinopithecus_roxellana ENSRROG00000030968
rhinopithecus_bieti ENSRBIG00000038676
pan_troglodytes ENSPTRG00000046598
saimiri_boliviensis_boliviensis ENSSBOG00000019223
saimiri_boliviensis_boliviensis ENSSBOG00000020705
callithrix_jacchus ENSCJAG00000005288
aotus_nancymaae ENSANAG00000029187
carlito_syrichta ENSTSYG00000005448
oryctolagus_cuniculus ENSOCUG00000022997
oryctolagus_cuniculus ENSOCUG00000000064
bos_mutus ENSBMUG00000002227
bos_taurus ENSBTAG00000000771
bison_bison_bison ENSBBBG00000003081
ovis_aries ENSOARG00000007460
spermophilus_dauricus ENSSDAG00000020926
spermophilus_dauricus ENSSDAG00000007490
microtus_ochrogaster ENSMOCG00000008286
peromyscus_maniculatus_bairdii ENSPEMG00000029416
mus_spicilegus ENSMSIG00000015300
mus_spicilegus ENSMSIG00000002706
cavia_aperea ENSCAPG00000010859
cavia_porcellus ENSCPOG00000031824
urocitellus_parryii ENSUPAG00010009186
carlito_syrichta ENSTSYG00000031681
prolemur_simus ENSPSMG00000011349
equus_caballus ENSECAG00000035077
canis_lupus_familiaris ENSCAFG00000031446
tupaia_belangeri ENSTBEG00000009586
dasypus_novemcinctus ENSDNOG00000035010
dasypus_novemcinctus ENSDNOG00000006607
sus_scrofa ENSSSCG00000040357
sus_scrofa ENSSSCG00000033911
canis_lupus_dingo ENSCAFG00020006706
saimiri_boliviensis_boliviensis ENSSBOG00000023056
cebus_capucinus_imitator ENSCCAG00000026512
cebus_capucinus_imitator ENSCCAG00000021322
cebus_capucinus_imitator ENSCCAG00000019663
aotus_nancymaae ENSANAG00000036802
piliocolobus_tephrosceles ENSPTEG00000027264
colobus_angolensis_palliatus ENSCANG00000031671
carlito_syrichta ENSTSYG00000026133
nannospalax_galili ENSNGAG00000017993
nannospalax_galili ENSNGAG00000003663
dipodomys_ordii ENSDORG00000000734
chinchilla_lanigera ENSCLAG00000013108
nomascus_leucogenys ENSNLEG00000001785
nomascus_leucogenys ENSNLEG00000030624
macaca_fascicularis ENSMFAG00000003680
macaca_mulatta ENSMMUG00000042456
rhinopithecus_roxellana ENSRROG00000036299
pan_paniscus ENSPPAG00000033224
pan_troglodytes ENSPTRG00000052479
gorilla_gorilla ENSGGOG00000040661
nomascus_leucogenys ENSNLEG00000033620
otolemur_garnettii ENSOGAG00000026816
otolemur_garnettii ENSOGAG00000033567
heterocephalus_glaber_hetgla_female_1.0 ENSHGLG00000014683
heterocephalus_glaber_hetgla_1.0 ENSHGLG00100013324
fukomys_damarensis ENSFDAG00000001052
nannospalax_galili ENSNGAG00000022087
rhinopithecus_bieti ENSRBIG00000031720
rhinopithecus_bieti ENSRBIG00000040301
rhinopithecus_roxellana ENSRROG00000034482
cercocebus_atys ENSCATG00000031536
pan_troglodytes ENSPTRG00000050354
pan_paniscus ENSPPAG00000018218
gorilla_gorilla ENSGGOG00000041169
cebus_capucinus_imitator ENSCCAG00000031024
callithrix_jacchus ENSCJAG00000040606
otolemur_garnettii ENSOGAG00000034113
otolemur_garnettii ENSOGAG00000032625
chinchilla_lanigera ENSCLAG00000002303
octodon_degus ENSODEG00000000490
octodon_degus ENSODEG00000013719
octodon_degus ENSODEG00000011519
cavia_aperea ENSCAPG00000009798
heterocephalus_glaber_hetgla_1.0 ENSHGLG00100014264
heterocephalus_glaber_hetgla_female_1.0 ENSHGLG00000007144
peromyscus_maniculatus_bairdii ENSPEMG00000023097
marmota_marmota_marmota ENSMMMG00000015835
ictidomys_tridecemlineatus ENSSTOG00000034844
jaculus_jaculus ENSJJAG00000024153
oryctolagus_cuniculus ENSOCUG00000026910
cebus_capucinus_imitator ENSCCAG00000023304
cebus_capucinus_imitator ENSCCAG00000034700
notamacropus_eugenii ENSMEUG00000003947
monodelphis_domestica ENSMODG00000023363
prolemur_simus ENSPSMG00000011340
otolemur_garnettii ENSOGAG00000010640
peromyscus_maniculatus_bairdii ENSPEMG00000011036
peromyscus_maniculatus_bairdii ENSPEMG00000009950
phascolarctos_cinereus ENSPCIG00000004785
jaculus_jaculus ENSJJAG00000006701
meriones_unguiculatus ENSMUGG00000026705
heterocephalus_glaber_hetgla_1.0 ENSHGLG00100012205
heterocephalus_glaber_hetgla_female_1.0 ENSHGLG00000012750
callithrix_jacchus ENSCJAG00000010552
urocitellus_parryii ENSUPAG00010021240
heterocephalus_glaber_hetgla_1.0 ENSHGLG00100001114
heterocephalus_glaber_hetgla_female_1.0 ENSHGLG00000019528
ictidomys_tridecemlineatus ENSSTOG00000029217
aotus_nancymaae ENSANAG00000013627
ictidomys_tridecemlineatus ENSSTOG00000032247
rhinopithecus_bieti ENSRBIG00000028064
spermophilus_dauricus ENSSDAG00000002247
urocitellus_parryii ENSUPAG00010023728
marmota_marmota_marmota ENSMMMG00000024387
mesocricetus_auratus ENSMAUG00000007519
microtus_ochrogaster ENSMOCG00000018590
mus_caroli_strain_caroli_eij MGP_CAROLIEiJ_G0027047
mus_spretus_strain_spret/eij MGP_SPRETEiJ_G0028043
mus_pahari_strain_pahari_eij MGP_PahariEiJ_G0021820
meriones_unguiculatus ENSMUGG00000025771
equus_asinus_asinus ENSEASG00005001458
capra_hircus ENSCHIG00000018037
canis_lupus_familiaris ENSCAFG00000015882
loxodonta_africana ENSLAFG00000013384
sarcophilus_harrisii ENSSHAG00000018542
chelonoidis_abingdonii ENSCABG00000015224
chelonoidis_abingdonii ENSCABG00000013332
crocodylus_porosus ENSCPRG00005017121
monodelphis_domestica ENSMODG00000005254
monodelphis_domestica ENSMODG00000002337
phascolarctos_cinereus ENSPCIG00000027925
ornithorhynchus_anatinus ENSOANG00000006132
gallus_gallus ENSGALG00000006477
meleagris_gallopavo ENSMGAG00000005121
numida_meleagris ENSNMEG00000007590
coturnix_japonica ENSCJPG00005003199
anser_brachyrhynchus ENSABRG00000016804
anas_platyrhynchos_platyrhynchos ENSAPLG00000005259
lonchura_striata_domestica ENSLSDG00000011578
taeniopygia_guttata ENSTGUG00000000717
serinus_canaria ENSSCAG00000007709
zonotrichia_albicollis ENSZALG00000000632
junco_hyemalis ENSJHYG00000005872
ficedula_albicollis ENSFALG00000006920
parus_major ENSPMJG00000005329
cyanistes_caeruleus ENSCCEG00000000762
manacus_vitellinus ENSMVIG00005010226
lepidothrix_coronata ENSLCOG00000015252
melopsittacus_undulatus ENSMUNG00000006420
calidris_pygmaea ENSCPGG00000005128
calidris_pugnax ENSCPUG00000019212
dromaius_novaehollandiae ENSDNVG00000007363
nothoprocta_perdicaria ENSNPEG00000012803
apteryx_owenii ENSAOWG00000006080
apteryx_rowi ENSARWG00000016638
apteryx_haastii ENSAHAG00000013043
crocodylus_porosus ENSCPRG00005005480
chrysemys_picta_bellii ENSCPBG00000018170
gopherus_agassizii ENSGAGG00000015616
pelodiscus_sinensis ENSPSIG00000018102
anolis_carolinensis ENSACAG00000011443
notechis_scutatus ENSNSUG00000003889
sphenodon_punctatus ENSSPUG00000014072
homo_sapiens ENSG00000105993
gorilla_gorilla ENSGGOG00000004703
pan_paniscus ENSPPAG00000037151
nomascus_leucogenys ENSNLEG00000001380
mandrillus_leucophaeus ENSMLEG00000032232
papio_anubis ENSPANG00000009775
macaca_mulatta ENSMMUG00000003176
chlorocebus_sabaeus ENSCSAG00000006424
colobus_angolensis_palliatus ENSCANG00000013366
piliocolobus_tephrosceles ENSPTEG00000011015
heterocephalus_glaber_hetgla_1.0 ENSHGLG00100012052
heterocephalus_glaber_hetgla_female_1.0 ENSHGLG00000018860
fukomys_damarensis ENSFDAG00000013673
chinchilla_lanigera ENSCLAG00000001212
procavia_capensis ENSPCAG00000008683
rattus_norvegicus ENSRNOG00000010353
mus_musculus_strain_reference_cl57bl6 ENSMUSG00000029131
meriones_unguiculatus ENSMUGG00000010433
rattus_norvegicus ENSRNOG00000057958
cricetulus_griseus_chok1gs_hdv1 ENSCGRG00001019946
cricetulus_griseus_crigri_1.0 ENSCGRG00000015800
cricetulus_griseus_chok1gs_hdv1 ENSCGRG00001003587
cricetulus_griseus_crigri_1.0 ENSCGRG00000009159
cricetulus_griseus_crigri_1.0 ENSCGRG00000006021
cricetulus_griseus_crigri-picr ENSCGRG00015018978
cricetulus_griseus_chok1gs_hdv1 ENSCGRG00001022947
jaculus_jaculus ENSJJAG00000016951
ictidomys_tridecemlineatus ENSSTOG00000002964
ictidomys_tridecemlineatus ENSSTOG00000025622
ochotona_princeps ENSOPRG00000016775
prolemur_simus ENSPSMG00000010106
prolemur_simus ENSPSMG00000013604
propithecus_coquereli ENSPCOG00000013499
microcebus_murinus ENSMICG00000028496
ursus_maritimus ENSUMAG00000013855
ursus_americanus ENSUAMG00000025029
ailuropoda_melanoleuca ENSAMEG00000001332
mustela_putorius_furo ENSMPUG00000009797
neovison_vison ENSNVIG00000022866
canis_lupus_dingo ENSCAFG00020005045
canis_lupus_dingo ENSCAFG00020018598
canis_lupus_familiaris ENSCAFG00000005174
vulpes_vulpes ENSVVUG00000002461
panthera_pardus ENSPPRG00000014279
panthera_tigris_altaica ENSPTIG00000013481
felis_catus ENSFCAG00000015654
tursiops_truncatus ENSTTRG00000013929
sus_scrofa ENSSSCG00000033272
myotis_lucifugus ENSMLUG00000009123
peromyscus_maniculatus_bairdii ENSPEMG00000021036
mus_spicilegus ENSMSIG00000012364
cavia_aperea ENSCAPG00000009491
theropithecus_gelada ENSTGEG00000007689
cercocebus_atys ENSCATG00000035451
pongo_abelii ENSPPYG00000018228
equus_caballus ENSECAG00000009005
pteropus_vampyrus ENSPVAG00000000155
pogona_vitticeps ENSPVIG00000003161
cricetulus_griseus_chok1gs_hdv1 ENSCGRG00001023105
cricetulus_griseus_crigri_1.0 ENSCGRG00000002178
cricetulus_griseus_crigri-picr ENSCGRG00015026782
echinops_telfairi ENSETEG00000009962
choloepus_hoffmanni ENSCHOG00000006946
latimeria_chalumnae ENSLACG00000008227
salvator_merianae ENSSMRG00000014345
xiphophorus_maculatus ENSXMAG00000015942
eptatretus_burgeri ENSEBUG00000006051
